<?xml version="1.0" encoding="UTF-8"?>
  <testsuites tests="215" disabled="178" errors="1" failures="9" time="7426.207087166">
      <testsuite name="Tests" package="/Users/antont/ansible_deckhouse/virtualization-full/tests/e2e" tests="215" disabled="0" skipped="178" errors="1" failures="9" time="7426.207087166" timestamp="2025-10-12T16:00:10">
          <properties>
              <property name="SuiteSucceeded" value="false"></property>
              <property name="SuiteHasProgrammaticFocus" value="false"></property>
              <property name="SpecialSuiteFailureReason" value="Interrupted by User"></property>
              <property name="SuiteLabels" value="[]"></property>
              <property name="RandomSeed" value="1760274004"></property>
              <property name="RandomizeAllSpecs" value="false"></property>
              <property name="LabelFilter" value=""></property>
              <property name="FocusStrings" value=""></property>
              <property name="SkipStrings" value=""></property>
              <property name="FocusFiles" value=""></property>
              <property name="SkipFiles" value=""></property>
              <property name="FailOnPending" value="false"></property>
              <property name="FailOnEmpty" value="false"></property>
              <property name="FailFast" value="false"></property>
              <property name="FlakeAttempts" value="0"></property>
              <property name="DryRun" value="false"></property>
              <property name="ParallelTotal" value="1"></property>
              <property name="OutputInterceptorMode" value=""></property>
          </properties>
          <testcase name="[SynchronizedBeforeSuite]" classname="Tests" status="passed" time="4.7232052079999995">
              <system-err>&gt; Enter [SynchronizedBeforeSuite] TOP-LEVEL - /Users/antont/ansible_deckhouse/virtualization-full/tests/e2e/e2e_test.go:137 @ 10/12/25 16:00:10.195&#xA;&lt; Exit [SynchronizedBeforeSuite] TOP-LEVEL - /Users/antont/ansible_deckhouse/virtualization-full/tests/e2e/e2e_test.go:137 @ 10/12/25 16:00:14.917 (4.723s)&#xA;&gt; Enter [SynchronizedBeforeSuite] TOP-LEVEL - /Users/antont/ansible_deckhouse/virtualization-full/tests/e2e/e2e_test.go:137 @ 10/12/25 16:00:14.918&#xA;&lt; Exit [SynchronizedBeforeSuite] TOP-LEVEL - /Users/antont/ansible_deckhouse/virtualization-full/tests/e2e/e2e_test.go:137 @ 10/12/25 16:00:14.918 (0s)&#xA;</system-err>
          </testcase>
          <testcase name="[It] VirtualMachineAdditionalNetworkInterfaces When resources are applied result should be succeeded [SIG-Migration]" classname="Tests" status="skipped" time="0.139029709">
              <skipped message="skipped - Module SDN is disabled. Skipping all tests for module SDN."></skipped>
              <system-err>&gt; Enter [BeforeAll] VirtualMachineAdditionalNetworkInterfaces - /Users/antont/ansible_deckhouse/virtualization-full/tests/e2e/vm_vpc_test.go:47 @ 10/12/25 16:00:14.92&#xA;[SKIPPED] Module SDN is disabled. Skipping all tests for module SDN.&#xA;In [BeforeAll] at: /Users/antont/ansible_deckhouse/virtualization-full/tests/e2e/vm_vpc_test.go:50 @ 10/12/25 16:00:15.059&#xA;&lt; Exit [BeforeAll] VirtualMachineAdditionalNetworkInterfaces - /Users/antont/ansible_deckhouse/virtualization-full/tests/e2e/vm_vpc_test.go:47 @ 10/12/25 16:00:15.059 (139ms)&#xA;&gt; Enter [AfterAll] VirtualMachineAdditionalNetworkInterfaces - /Users/antont/ansible_deckhouse/virtualization-full/tests/e2e/vm_vpc_test.go:60 @ 10/12/25 16:00:15.059&#xA;&lt; Exit [AfterAll] VirtualMachineAdditionalNetworkInterfaces - /Users/antont/ansible_deckhouse/virtualization-full/tests/e2e/vm_vpc_test.go:60 @ 10/12/25 16:00:15.059 (0s)&#xA;</system-err>
          </testcase>
          <testcase name="[It] VirtualMachineAdditionalNetworkInterfaces When virtual machines are applied checks VMs phases [SIG-Migration]" classname="Tests" status="skipped" time="0">
              <skipped message="skipped - Spec skipped because Skip() was called in BeforeAll"></skipped>
              <system-err>[SKIPPED] Spec skipped because Skip() was called in BeforeAll&#xA;In [It] at: /Users/antont/ansible_deckhouse/virtualization-full/tests/e2e/vm_vpc_test.go:90 @ 10/12/25 16:00:15.059&#xA;</system-err>
          </testcase>
          <testcase name="[It] VirtualMachineAdditionalNetworkInterfaces When virtual machines are applied checks network availability [SIG-Migration]" classname="Tests" status="skipped" time="0">
              <skipped message="skipped - Spec skipped because Skip() was called in BeforeAll"></skipped>
              <system-err>[SKIPPED] Spec skipped because Skip() was called in BeforeAll&#xA;In [It] at: /Users/antont/ansible_deckhouse/virtualization-full/tests/e2e/vm_vpc_test.go:98 @ 10/12/25 16:00:15.059&#xA;</system-err>
          </testcase>
          <testcase name="[It] VirtualMachineAdditionalNetworkInterfaces When virtual machine agents and network are ready starts migrations [SIG-Migration]" classname="Tests" status="skipped" time="0">
              <skipped message="skipped - Spec skipped because Skip() was called in BeforeAll"></skipped>
              <system-err>[SKIPPED] Spec skipped because Skip() was called in BeforeAll&#xA;In [It] at: /Users/antont/ansible_deckhouse/virtualization-full/tests/e2e/vm_vpc_test.go:111 @ 10/12/25 16:00:15.06&#xA;</system-err>
          </testcase>
          <testcase name="[It] VirtualMachineAdditionalNetworkInterfaces When VMs migrations are applied checks VMs and VMOPs phases [SIG-Migration]" classname="Tests" status="skipped" time="0">
              <skipped message="skipped - Spec skipped because Skip() was called in BeforeAll"></skipped>
              <system-err>[SKIPPED] Spec skipped because Skip() was called in BeforeAll&#xA;In [It] at: /Users/antont/ansible_deckhouse/virtualization-full/tests/e2e/vm_vpc_test.go:125 @ 10/12/25 16:00:15.06&#xA;</system-err>
          </testcase>
          <testcase name="[It] VirtualMachineAdditionalNetworkInterfaces When VMs migrations are applied checks VMs external connection after migrations [SIG-Migration]" classname="Tests" status="skipped" time="0">
              <skipped message="skipped - Spec skipped because Skip() was called in BeforeAll"></skipped>
              <system-err>[SKIPPED] Spec skipped because Skip() was called in BeforeAll&#xA;In [It] at: /Users/antont/ansible_deckhouse/virtualization-full/tests/e2e/vm_vpc_test.go:141 @ 10/12/25 16:00:15.06&#xA;</system-err>
          </testcase>
          <testcase name="[It] VirtualMachineAdditionalNetworkInterfaces When VMs migrations are applied checks network availability after migrations [SIG-Migration]" classname="Tests" status="skipped" time="0">
              <skipped message="skipped - Spec skipped because Skip() was called in BeforeAll"></skipped>
              <system-err>[SKIPPED] Spec skipped because Skip() was called in BeforeAll&#xA;In [It] at: /Users/antont/ansible_deckhouse/virtualization-full/tests/e2e/vm_vpc_test.go:156 @ 10/12/25 16:00:15.06&#xA;</system-err>
          </testcase>
          <testcase name="[It] VirtualMachineAdditionalNetworkInterfaces When test is completed deletes test case resources [SIG-Migration]" classname="Tests" status="skipped" time="0">
              <skipped message="skipped - Spec skipped because Skip() was called in BeforeAll"></skipped>
              <system-err>[SKIPPED] Spec skipped because Skip() was called in BeforeAll&#xA;In [It] at: /Users/antont/ansible_deckhouse/virtualization-full/tests/e2e/vm_vpc_test.go:169 @ 10/12/25 16:00:15.06&#xA;</system-err>
          </testcase>
          <testcase name="[It] VirtualDiskAttachment When resources are applied result should be succeeded" classname="Tests" status="passed" time="6.968029458">
              <system-err>&gt; Enter [BeforeAll] VirtualDiskAttachment - /Users/antont/ansible_deckhouse/virtualization-full/tests/e2e/vm_disk_attachment_test.go:52 @ 10/12/25 16:00:15.06&#xA;&lt; Exit [BeforeAll] VirtualDiskAttachment - /Users/antont/ansible_deckhouse/virtualization-full/tests/e2e/vm_disk_attachment_test.go:52 @ 10/12/25 16:00:17.071 (2.011s)&#xA;&gt; Enter [BeforeEach] VirtualDiskAttachment - /Users/antont/ansible_deckhouse/virtualization-full/tests/e2e/vm_disk_attachment_test.go:64 @ 10/12/25 16:00:17.071&#xA;&lt; Exit [BeforeEach] VirtualDiskAttachment - /Users/antont/ansible_deckhouse/virtualization-full/tests/e2e/vm_disk_attachment_test.go:64 @ 10/12/25 16:00:17.071 (0s)&#xA;&gt; Enter [It] result should be succeeded - /Users/antont/ansible_deckhouse/virtualization-full/tests/e2e/vm_disk_attachment_test.go:77 @ 10/12/25 16:00:17.071&#xA;�[31m�[1m&#xA;this is the `Virtualization-controller` error! not the current `Ginkgo` context error:&#xA;�[0m�[31m{&#xA;  &#34;level&#34;: &#34;error&#34;,&#xA;  &#34;msg&#34;: &#34;Failed to update resource&#34;,&#xA;  &#34;err&#34;: &#34;error updating status subresource: Put \&#34;http://127.0.0.1:23915/apis/virtualization.deckhouse.io/v1alpha2/namespaces/head-5073ae15-end-to-end-vm-disk-attachment/virtualdisks/head-5073ae15-vd-root-automatic-with-hotplug-standalone/status\&#34;: context canceled&#34;,&#xA;  &#34;controller&#34;: &#34;vd-controller&#34;,&#xA;  &#34;handler&#34;: &#34;&#34;,&#xA;  &#34;ds&#34;: &#34;&#34;,&#xA;  &#34;collector&#34;: &#34;&#34;,&#xA;  &#34;name&#34;: &#34;head-5073ae15-vd-root-automatic-with-hotplug-standalone&#34;,&#xA;  &#34;namespace&#34;: &#34;head-5073ae15-end-to-end-vm-disk-attachment&#34;,&#xA;  &#34;reconcileID&#34;: &#34;8820772b-8a8a-470d-8f16-f7fdd52ead1b&#34;,&#xA;  &#34;time&#34;: &#34;2025-10-12T13:00:21Z&#34;&#xA;}�[0m&#xA;�[31m�[1m&#xA;this is the `Virtualization-controller` error! not the current `Ginkgo` context error:&#xA;�[0m�[31m{&#xA;  &#34;level&#34;: &#34;error&#34;,&#xA;  &#34;msg&#34;: &#34;Error occurred during reconciliation&#34;,&#xA;  &#34;err&#34;: &#34;error updating status subresource: Put \&#34;http://127.0.0.1:23915/apis/virtualization.deckhouse.io/v1alpha2/namespaces/head-5073ae15-end-to-end-vm-disk-attachment/virtualdisks/head-5073ae15-vd-root-automatic-with-hotplug-standalone/status\&#34;: context canceled&#34;,&#xA;  &#34;controller&#34;: &#34;vd-controller&#34;,&#xA;  &#34;handler&#34;: &#34;&#34;,&#xA;  &#34;ds&#34;: &#34;&#34;,&#xA;  &#34;collector&#34;: &#34;&#34;,&#xA;  &#34;name&#34;: &#34;head-5073ae15-vd-root-automatic-with-hotplug-standalone&#34;,&#xA;  &#34;namespace&#34;: &#34;head-5073ae15-end-to-end-vm-disk-attachment&#34;,&#xA;  &#34;reconcileID&#34;: &#34;8820772b-8a8a-470d-8f16-f7fdd52ead1b&#34;,&#xA;  &#34;time&#34;: &#34;2025-10-12T13:00:21Z&#34;&#xA;}�[0m&#xA;�[31m�[1m&#xA;this is the `Virtualization-controller` error! not the current `Ginkgo` context error:&#xA;�[0m�[31m{&#xA;  &#34;level&#34;: &#34;error&#34;,&#xA;  &#34;msg&#34;: &#34;Reconciler error&#34;,&#xA;  &#34;err&#34;: &#34;error updating status subresource: Put \&#34;http://127.0.0.1:23915/apis/virtualization.deckhouse.io/v1alpha2/namespaces/head-5073ae15-end-to-end-vm-disk-attachment/virtualdisks/head-5073ae15-vd-root-automatic-with-hotplug-standalone/status\&#34;: context canceled&#34;,&#xA;  &#34;controller&#34;: &#34;vd-controller&#34;,&#xA;  &#34;handler&#34;: &#34;&#34;,&#xA;  &#34;ds&#34;: &#34;&#34;,&#xA;  &#34;collector&#34;: &#34;&#34;,&#xA;  &#34;name&#34;: &#34;head-5073ae15-vd-root-automatic-with-hotplug-standalone&#34;,&#xA;  &#34;namespace&#34;: &#34;head-5073ae15-end-to-end-vm-disk-attachment&#34;,&#xA;  &#34;reconcileID&#34;: &#34;8820772b-8a8a-470d-8f16-f7fdd52ead1b&#34;,&#xA;  &#34;time&#34;: &#34;2025-10-12T13:00:21Z&#34;&#xA;}�[0m&#xA;�[31m�[1m&#xA;this is the `Virtualization-controller` error! not the current `Ginkgo` context error:&#xA;�[0m�[31m{&#xA;  &#34;level&#34;: &#34;error&#34;,&#xA;  &#34;msg&#34;: &#34;Failed to update resource&#34;,&#xA;  &#34;err&#34;: &#34;error updating status subresource: context canceled&#34;,&#xA;  &#34;controller&#34;: &#34;vd-controller&#34;,&#xA;  &#34;handler&#34;: &#34;&#34;,&#xA;  &#34;ds&#34;: &#34;&#34;,&#xA;  &#34;collector&#34;: &#34;&#34;,&#xA;  &#34;name&#34;: &#34;head-5073ae15-vd-attach-automatic-with-hotplug-standalone&#34;,&#xA;  &#34;namespace&#34;: &#34;head-5073ae15-end-to-end-vm-disk-attachment&#34;,&#xA;  &#34;reconcileID&#34;: &#34;9690f7b5-37db-4309-9ff1-03c1efc2ac39&#34;,&#xA;  &#34;time&#34;: &#34;2025-10-12T13:00:21Z&#34;&#xA;}�[0m&#xA;�[31m�[1m&#xA;this is the `Virtualization-controller` error! not the current `Ginkgo` context error:&#xA;�[0m�[31m{&#xA;  &#34;level&#34;: &#34;error&#34;,&#xA;  &#34;msg&#34;: &#34;Error occurred during reconciliation&#34;,&#xA;  &#34;err&#34;: &#34;error updating status subresource: context canceled&#34;,&#xA;  &#34;controller&#34;: &#34;vd-controller&#34;,&#xA;  &#34;handler&#34;: &#34;&#34;,&#xA;  &#34;ds&#34;: &#34;&#34;,&#xA;  &#34;collector&#34;: &#34;&#34;,&#xA;  &#34;name&#34;: &#34;head-5073ae15-vd-attach-automatic-with-hotplug-standalone&#34;,&#xA;  &#34;namespace&#34;: &#34;head-5073ae15-end-to-end-vm-disk-attachment&#34;,&#xA;  &#34;reconcileID&#34;: &#34;9690f7b5-37db-4309-9ff1-03c1efc2ac39&#34;,&#xA;  &#34;time&#34;: &#34;2025-10-12T13:00:21Z&#34;&#xA;}�[0m&#xA;�[31m�[1m&#xA;this is the `Virtualization-controller` error! not the current `Ginkgo` context error:&#xA;�[0m�[31m{&#xA;  &#34;level&#34;: &#34;error&#34;,&#xA;  &#34;msg&#34;: &#34;Reconciler error&#34;,&#xA;  &#34;err&#34;: &#34;error updating status subresource: context canceled&#34;,&#xA;  &#34;controller&#34;: &#34;vd-controller&#34;,&#xA;  &#34;handler&#34;: &#34;&#34;,&#xA;  &#34;ds&#34;: &#34;&#34;,&#xA;  &#34;collector&#34;: &#34;&#34;,&#xA;  &#34;name&#34;: &#34;head-5073ae15-vd-attach-automatic-with-hotplug-standalone&#34;,&#xA;  &#34;namespace&#34;: &#34;head-5073ae15-end-to-end-vm-disk-attachment&#34;,&#xA;  &#34;reconcileID&#34;: &#34;9690f7b5-37db-4309-9ff1-03c1efc2ac39&#34;,&#xA;  &#34;time&#34;: &#34;2025-10-12T13:00:21Z&#34;&#xA;}�[0m&#xA;&lt; Exit [It] result should be succeeded - /Users/antont/ansible_deckhouse/virtualization-full/tests/e2e/vm_disk_attachment_test.go:77 @ 10/12/25 16:00:22.028 (4.957s)&#xA;&gt; Enter [AfterEach] VirtualDiskAttachment - /Users/antont/ansible_deckhouse/virtualization-full/tests/e2e/vm_disk_attachment_test.go:70 @ 10/12/25 16:00:22.028&#xA;&lt; Exit [AfterEach] VirtualDiskAttachment - /Users/antont/ansible_deckhouse/virtualization-full/tests/e2e/vm_disk_attachment_test.go:70 @ 10/12/25 16:00:22.028 (0s)&#xA;</system-err>
          </testcase>
          <testcase name="[It] VirtualDiskAttachment When virtual images are applied checks VIs phases" classname="Tests" status="passed" time="29.957135167">
              <system-err>&gt; Enter [BeforeEach] VirtualDiskAttachment - /Users/antont/ansible_deckhouse/virtualization-full/tests/e2e/vm_disk_attachment_test.go:64 @ 10/12/25 16:00:22.028&#xA;&lt; Exit [BeforeEach] VirtualDiskAttachment - /Users/antont/ansible_deckhouse/virtualization-full/tests/e2e/vm_disk_attachment_test.go:64 @ 10/12/25 16:00:22.028 (0s)&#xA;&gt; Enter [It] checks VIs phases - /Users/antont/ansible_deckhouse/virtualization-full/tests/e2e/vm_disk_attachment_test.go:87 @ 10/12/25 16:00:22.028&#xA;STEP: VIs should be in Ready phases - /Users/antont/ansible_deckhouse/virtualization-full/tests/e2e/vm_disk_attachment_test.go:88 @ 10/12/25 16:00:22.028&#xA;&lt; Exit [It] checks VIs phases - /Users/antont/ansible_deckhouse/virtualization-full/tests/e2e/vm_disk_attachment_test.go:87 @ 10/12/25 16:00:51.985 (29.957s)&#xA;&gt; Enter [AfterEach] VirtualDiskAttachment - /Users/antont/ansible_deckhouse/virtualization-full/tests/e2e/vm_disk_attachment_test.go:70 @ 10/12/25 16:00:51.985&#xA;&lt; Exit [AfterEach] VirtualDiskAttachment - /Users/antont/ansible_deckhouse/virtualization-full/tests/e2e/vm_disk_attachment_test.go:70 @ 10/12/25 16:00:51.985 (0s)&#xA;</system-err>
          </testcase>
          <testcase name="[It] VirtualDiskAttachment When virtual disks are applied checks VDs phases" classname="Tests" status="failed" time="1008.156242417">
              <failure message="should observe resources in &#39;&#39;jsonpath={.status.phase}=Ready&#39;&#39; state before 16m40s timeout&#xA;Expected&#xA;    &lt;[]string | len:1, cap:1&gt;: [&#xA;        &#34;cmd: kubectl wait virtualdisks.virtualization.deckhouse.io head-5073ae15-vd-root-automatic-with-hotplug-standalone --namespace head-5073ae15-end-to-end-vm-disk-attachment --for=&#39;jsonpath={.status.phase}=Ready&#39; --timeout=16m40s\nstderr: error: timed out waiting for the condition on virtualdisks/head-5073ae15-vd-root-automatic-with-hotplug-standalone\n\nwaited for: &#39;jsonpath={.status.phase}=Ready&#39;&#34;,&#xA;    ]&#xA;to be empty" type="failed">[FAILED] should observe resources in &#39;&#39;jsonpath={.status.phase}=Ready&#39;&#39; state before 16m40s timeout&#xA;Expected&#xA;    &lt;[]string | len:1, cap:1&gt;: [&#xA;        &#34;cmd: kubectl wait virtualdisks.virtualization.deckhouse.io head-5073ae15-vd-root-automatic-with-hotplug-standalone --namespace head-5073ae15-end-to-end-vm-disk-attachment --for=&#39;jsonpath={.status.phase}=Ready&#39; --timeout=16m40s\nstderr: error: timed out waiting for the condition on virtualdisks/head-5073ae15-vd-root-automatic-with-hotplug-standalone\n\nwaited for: &#39;jsonpath={.status.phase}=Ready&#39;&#34;,&#xA;    ]&#xA;to be empty&#xA;In [It] at: /Users/antont/ansible_deckhouse/virtualization-full/tests/e2e/vm_disk_attachment_test.go:100 @ 10/12/25 16:17:33.969&#xA;</failure>
              <system-err>&gt; Enter [BeforeEach] VirtualDiskAttachment - /Users/antont/ansible_deckhouse/virtualization-full/tests/e2e/vm_disk_attachment_test.go:64 @ 10/12/25 16:00:51.986&#xA;&lt; Exit [BeforeEach] VirtualDiskAttachment - /Users/antont/ansible_deckhouse/virtualization-full/tests/e2e/vm_disk_attachment_test.go:64 @ 10/12/25 16:00:51.986 (0s)&#xA;&gt; Enter [It] checks VDs phases - /Users/antont/ansible_deckhouse/virtualization-full/tests/e2e/vm_disk_attachment_test.go:98 @ 10/12/25 16:00:51.986&#xA;STEP: VDs with consumers should be in Ready phases - /Users/antont/ansible_deckhouse/virtualization-full/tests/e2e/vm_disk_attachment_test.go:99 @ 10/12/25 16:00:51.986&#xA;[FAILED] should observe resources in &#39;&#39;jsonpath={.status.phase}=Ready&#39;&#39; state before 16m40s timeout&#xA;Expected&#xA;    &lt;[]string | len:1, cap:1&gt;: [&#xA;        &#34;cmd: kubectl wait virtualdisks.virtualization.deckhouse.io head-5073ae15-vd-root-automatic-with-hotplug-standalone --namespace head-5073ae15-end-to-end-vm-disk-attachment --for=&#39;jsonpath={.status.phase}=Ready&#39; --timeout=16m40s\nstderr: error: timed out waiting for the condition on virtualdisks/head-5073ae15-vd-root-automatic-with-hotplug-standalone\n\nwaited for: &#39;jsonpath={.status.phase}=Ready&#39;&#34;,&#xA;    ]&#xA;to be empty&#xA;In [It] at: /Users/antont/ansible_deckhouse/virtualization-full/tests/e2e/vm_disk_attachment_test.go:100 @ 10/12/25 16:17:33.969&#xA;&lt; Exit [It] checks VDs phases - /Users/antont/ansible_deckhouse/virtualization-full/tests/e2e/vm_disk_attachment_test.go:98 @ 10/12/25 16:17:33.97 (16m41.982s)&#xA;&gt; Enter [AfterEach] VirtualDiskAttachment - /Users/antont/ansible_deckhouse/virtualization-full/tests/e2e/vm_disk_attachment_test.go:70 @ 10/12/25 16:17:33.97&#xA;The list of pods is empty; nothing to dump.&#xA;&lt; Exit [AfterEach] VirtualDiskAttachment - /Users/antont/ansible_deckhouse/virtualization-full/tests/e2e/vm_disk_attachment_test.go:70 @ 10/12/25 16:17:40.144 (6.174s)&#xA;</system-err>
          </testcase>
          <testcase name="[It] VirtualDiskAttachment When virtual machines are applied checks VMs phases" classname="Tests" status="skipped" time="0">
              <skipped message="skipped - Spec skipped because an earlier spec in an ordered container failed"></skipped>
              <system-err>[SKIPPED] Spec skipped because an earlier spec in an ordered container failed&#xA;In [It] at: /Users/antont/ansible_deckhouse/virtualization-full/tests/e2e/vm_disk_attachment_test.go:116 @ 10/12/25 16:17:40.144&#xA;</system-err>
          </testcase>
          <testcase name="[It] VirtualDiskAttachment Attachment When virtual machine agents are ready get disk count before attachment" classname="Tests" status="skipped" time="0">
              <skipped message="skipped - Spec skipped because an earlier spec in an ordered container failed"></skipped>
              <system-err>[SKIPPED] Spec skipped because an earlier spec in an ordered container failed&#xA;In [It] at: /Users/antont/ansible_deckhouse/virtualization-full/tests/e2e/vm_disk_attachment_test.go:128 @ 10/12/25 16:17:40.145&#xA;</system-err>
          </testcase>
          <testcase name="[It] VirtualDiskAttachment Attachment When virtual machine agents are ready attaches virtual disk" classname="Tests" status="skipped" time="0">
              <skipped message="skipped - Spec skipped because an earlier spec in an ordered container failed"></skipped>
              <system-err>[SKIPPED] Spec skipped because an earlier spec in an ordered container failed&#xA;In [It] at: /Users/antont/ansible_deckhouse/virtualization-full/tests/e2e/vm_disk_attachment_test.go:133 @ 10/12/25 16:17:40.145&#xA;</system-err>
          </testcase>
          <testcase name="[It] VirtualDiskAttachment Attachment When virtual machine agents are ready checks VM and VMBDA phases" classname="Tests" status="skipped" time="0">
              <skipped message="skipped - Spec skipped because an earlier spec in an ordered container failed"></skipped>
              <system-err>[SKIPPED] Spec skipped because an earlier spec in an ordered container failed&#xA;In [It] at: /Users/antont/ansible_deckhouse/virtualization-full/tests/e2e/vm_disk_attachment_test.go:136 @ 10/12/25 16:17:40.145&#xA;</system-err>
          </testcase>
          <testcase name="[It] VirtualDiskAttachment Attachment When virtual machine agents are ready compares disk count before and after attachment" classname="Tests" status="skipped" time="0">
              <skipped message="skipped - Spec skipped because an earlier spec in an ordered container failed"></skipped>
              <system-err>[SKIPPED] Spec skipped because an earlier spec in an ordered container failed&#xA;In [It] at: /Users/antont/ansible_deckhouse/virtualization-full/tests/e2e/vm_disk_attachment_test.go:150 @ 10/12/25 16:17:40.145&#xA;</system-err>
          </testcase>
          <testcase name="[It] VirtualDiskAttachment Detachment When virtual machines are in Running phases get disk count before detachment" classname="Tests" status="skipped" time="0">
              <skipped message="skipped - Spec skipped because an earlier spec in an ordered container failed"></skipped>
              <system-err>[SKIPPED] Spec skipped because an earlier spec in an ordered container failed&#xA;In [It] at: /Users/antont/ansible_deckhouse/virtualization-full/tests/e2e/vm_disk_attachment_test.go:166 @ 10/12/25 16:17:40.145&#xA;</system-err>
          </testcase>
          <testcase name="[It] VirtualDiskAttachment Detachment When virtual machines are in Running phases detaches virtual disk" classname="Tests" status="skipped" time="0">
              <skipped message="skipped - Spec skipped because an earlier spec in an ordered container failed"></skipped>
              <system-err>[SKIPPED] Spec skipped because an earlier spec in an ordered container failed&#xA;In [It] at: /Users/antont/ansible_deckhouse/virtualization-full/tests/e2e/vm_disk_attachment_test.go:171 @ 10/12/25 16:17:40.145&#xA;</system-err>
          </testcase>
          <testcase name="[It] VirtualDiskAttachment Detachment When virtual machines are in Running phases checks VM phase" classname="Tests" status="skipped" time="0">
              <skipped message="skipped - Spec skipped because an earlier spec in an ordered container failed"></skipped>
              <system-err>[SKIPPED] Spec skipped because an earlier spec in an ordered container failed&#xA;In [It] at: /Users/antont/ansible_deckhouse/virtualization-full/tests/e2e/vm_disk_attachment_test.go:179 @ 10/12/25 16:17:40.145&#xA;</system-err>
          </testcase>
          <testcase name="[It] VirtualDiskAttachment Detachment When virtual machines are in Running phases compares disk count before and after detachment" classname="Tests" status="skipped" time="0">
              <skipped message="skipped - Spec skipped because an earlier spec in an ordered container failed"></skipped>
              <system-err>[SKIPPED] Spec skipped because an earlier spec in an ordered container failed&#xA;In [It] at: /Users/antont/ansible_deckhouse/virtualization-full/tests/e2e/vm_disk_attachment_test.go:187 @ 10/12/25 16:17:40.145&#xA;</system-err>
          </testcase>
          <testcase name="[It] VirtualDiskAttachment When test is completed deletes test case resources" classname="Tests" status="skipped" time="0">
              <skipped message="skipped - Spec skipped because an earlier spec in an ordered container failed"></skipped>
              <system-err>[SKIPPED] Spec skipped because an earlier spec in an ordered container failed&#xA;In [It] at: /Users/antont/ansible_deckhouse/virtualization-full/tests/e2e/vm_disk_attachment_test.go:201 @ 10/12/25 16:17:40.145&#xA;</system-err>
          </testcase>
          <testcase name="[It] VirtualMachineAffinityAndToleration When the virtualization resources are applied: result should be succeeded" classname="Tests" status="passed" time="10.995672875">
              <system-err>&gt; Enter [BeforeAll] VirtualMachineAffinityAndToleration - /Users/antont/ansible_deckhouse/virtualization-full/tests/e2e/affinity_toleration_test.go:59 @ 10/12/25 16:17:40.145&#xA;&lt; Exit [BeforeAll] VirtualMachineAffinityAndToleration - /Users/antont/ansible_deckhouse/virtualization-full/tests/e2e/affinity_toleration_test.go:59 @ 10/12/25 16:17:42.105 (1.959s)&#xA;&gt; Enter [It] result should be succeeded - /Users/antont/ansible_deckhouse/virtualization-full/tests/e2e/affinity_toleration_test.go:79 @ 10/12/25 16:17:42.105&#xA;&lt; Exit [It] result should be succeeded - /Users/antont/ansible_deckhouse/virtualization-full/tests/e2e/affinity_toleration_test.go:79 @ 10/12/25 16:17:51.141 (9.036s)&#xA;&gt; Enter [AfterEach] VirtualMachineAffinityAndToleration - /Users/antont/ansible_deckhouse/virtualization-full/tests/e2e/affinity_toleration_test.go:72 @ 10/12/25 16:17:51.141&#xA;&lt; Exit [AfterEach] VirtualMachineAffinityAndToleration - /Users/antont/ansible_deckhouse/virtualization-full/tests/e2e/affinity_toleration_test.go:72 @ 10/12/25 16:17:51.141 (0s)&#xA;</system-err>
          </testcase>
          <testcase name="[It] VirtualMachineAffinityAndToleration When the virtualization resources are applied: checks the resources phase" classname="Tests" status="failed" time="1021.885037042">
              <failure message="should observe resources in &#39;&#39;jsonpath={.status.phase}=Ready&#39;&#39; state before 16m40s timeout&#xA;Expected&#xA;    &lt;[]string | len:6, cap:6&gt;: [&#xA;        &#34;cmd: kubectl wait virtualdisks.virtualization.deckhouse.io head-5073ae15-vd-root-a-not-b --namespace head-5073ae15-end-to-end-affinity-toleration --for=&#39;jsonpath={.status.phase}=Ready&#39; --timeout=16m40s\nstderr: error: timed out waiting for the condition on virtualdisks/head-5073ae15-vd-root-a-not-b\n\nwaited for: &#39;jsonpath={.status.phase}=Ready&#39;&#34;,&#xA;        &#34;cmd: kubectl wait virtualdisks.virtualization.deckhouse.io head-5073ae15-vd-root-d --namespace head-5073ae15-end-to-end-affinity-toleration --for=&#39;jsonpath={.status.phase}=Ready&#39; --timeout=16m40s\nstderr: error: timed out waiting for the condition on virtualdisks/head-5073ae15-vd-root-d\n\nwaited for: &#39;jsonpath={.status.phase}=Ready&#39;&#34;,&#xA;        &#34;cmd: kubectl wait virtualdisks.virtualization.deckhouse.io head-5073ae15-vd-root-node-affinity --namespace head-5073ae15-end-to-end-affinity-toleration --for=&#39;jsonpath={.status.phase}=Ready&#39; --timeout=16m40s\nstderr: error: timed out waiting for the condition on virtualdisks/head-5073ae15-vd-root-node-affinity\n\nwaited for: &#39;jsonpath={.status.phase}=Ready&#39;&#34;,&#xA;        &#34;cmd: kubectl wait virtualdisks.virtualization.deckhouse.io head-5073ae15-vd-root-node-selector --namespace head-5073ae15-end-to-end-affinity-toleration --for=&#39;jsonpath={.status.phase}=Ready&#39; --timeout=16m40s\nstderr: error: timed out waiting for the condition on virtualdisks/head-5073ae15-vd-root-node-selector\n\nwaited for: &#39;jsonpath={.status.phase}=Ready&#39;&#34;,&#xA;        &#34;cmd: kubectl wait virtualdisks.virtualization.deckhouse.io head-5073ae15-vd-root-b-not-a --namespace head-5073ae15-end-to-end-affinity-toleration --for=&#39;jsonpath={.status.phase}=Ready&#39; --timeout=16m40s\nstderr: error: timed out waiting for the condition on virtualdisks/head-5073ae15-vd-root-b-not-a\n\nwaited for: &#39;jsonpath={.status.phase}=Ready&#39;&#34;,&#xA;        &#34;cmd: kubectl wait virtualdisks.virtualization.deckhouse.io head-5073ae15-vd-root-c-and-a --namespace head-5073ae15-end-to-end-affinity-toleration --for=&#39;jsonpath={.status.phase}=Ready&#39; --timeout=16m40s\nstderr: error: timed out waiting for the condition on virtualdisks/head-5073ae15-vd-root-c-and-a\n\nwaited for: &#39;jsonpath={.status.phase}=Ready&#39;&#34;,&#xA;    ]&#xA;to be empty" type="failed">[FAILED] should observe resources in &#39;&#39;jsonpath={.status.phase}=Ready&#39;&#39; state before 16m40s timeout&#xA;Expected&#xA;    &lt;[]string | len:6, cap:6&gt;: [&#xA;        &#34;cmd: kubectl wait virtualdisks.virtualization.deckhouse.io head-5073ae15-vd-root-a-not-b --namespace head-5073ae15-end-to-end-affinity-toleration --for=&#39;jsonpath={.status.phase}=Ready&#39; --timeout=16m40s\nstderr: error: timed out waiting for the condition on virtualdisks/head-5073ae15-vd-root-a-not-b\n\nwaited for: &#39;jsonpath={.status.phase}=Ready&#39;&#34;,&#xA;        &#34;cmd: kubectl wait virtualdisks.virtualization.deckhouse.io head-5073ae15-vd-root-d --namespace head-5073ae15-end-to-end-affinity-toleration --for=&#39;jsonpath={.status.phase}=Ready&#39; --timeout=16m40s\nstderr: error: timed out waiting for the condition on virtualdisks/head-5073ae15-vd-root-d\n\nwaited for: &#39;jsonpath={.status.phase}=Ready&#39;&#34;,&#xA;        &#34;cmd: kubectl wait virtualdisks.virtualization.deckhouse.io head-5073ae15-vd-root-node-affinity --namespace head-5073ae15-end-to-end-affinity-toleration --for=&#39;jsonpath={.status.phase}=Ready&#39; --timeout=16m40s\nstderr: error: timed out waiting for the condition on virtualdisks/head-5073ae15-vd-root-node-affinity\n\nwaited for: &#39;jsonpath={.status.phase}=Ready&#39;&#34;,&#xA;        &#34;cmd: kubectl wait virtualdisks.virtualization.deckhouse.io head-5073ae15-vd-root-node-selector --namespace head-5073ae15-end-to-end-affinity-toleration --for=&#39;jsonpath={.status.phase}=Ready&#39; --timeout=16m40s\nstderr: error: timed out waiting for the condition on virtualdisks/head-5073ae15-vd-root-node-selector\n\nwaited for: &#39;jsonpath={.status.phase}=Ready&#39;&#34;,&#xA;        &#34;cmd: kubectl wait virtualdisks.virtualization.deckhouse.io head-5073ae15-vd-root-b-not-a --namespace head-5073ae15-end-to-end-affinity-toleration --for=&#39;jsonpath={.status.phase}=Ready&#39; --timeout=16m40s\nstderr: error: timed out waiting for the condition on virtualdisks/head-5073ae15-vd-root-b-not-a\n\nwaited for: &#39;jsonpath={.status.phase}=Ready&#39;&#34;,&#xA;        &#34;cmd: kubectl wait virtualdisks.virtualization.deckhouse.io head-5073ae15-vd-root-c-and-a --namespace head-5073ae15-end-to-end-affinity-toleration --for=&#39;jsonpath={.status.phase}=Ready&#39; --timeout=16m40s\nstderr: error: timed out waiting for the condition on virtualdisks/head-5073ae15-vd-root-c-and-a\n\nwaited for: &#39;jsonpath={.status.phase}=Ready&#39;&#34;,&#xA;    ]&#xA;to be empty&#xA;In [It] at: /Users/antont/ansible_deckhouse/virtualization-full/tests/e2e/affinity_toleration_test.go:103 @ 10/12/25 16:34:46.904&#xA;</failure>
              <system-err>&gt; Enter [It] checks the resources phase - /Users/antont/ansible_deckhouse/virtualization-full/tests/e2e/affinity_toleration_test.go:87 @ 10/12/25 16:17:51.142&#xA;STEP: `VirtualImages` should be in the &#34;Ready&#34; phase - /Users/antont/ansible_deckhouse/virtualization-full/tests/e2e/affinity_toleration_test.go:88 @ 10/12/25 16:17:51.142&#xA;END STEP: `VirtualImages` should be in the &#34;Ready&#34; phase - /Users/antont/ansible_deckhouse/virtualization-full/tests/e2e/affinity_toleration_test.go:88 @ 10/12/25 16:18:02.11 (10.968s)&#xA;STEP: `VirtualMachineClasses` should be in Ready phases - /Users/antont/ansible_deckhouse/virtualization-full/tests/e2e/affinity_toleration_test.go:95 @ 10/12/25 16:18:02.11&#xA;END STEP: `VirtualMachineClasses` should be in Ready phases - /Users/antont/ansible_deckhouse/virtualization-full/tests/e2e/affinity_toleration_test.go:95 @ 10/12/25 16:18:04.816 (2.706s)&#xA;STEP: `VirtualDisks` should be in the &#34;Ready&#34; phase - /Users/antont/ansible_deckhouse/virtualization-full/tests/e2e/affinity_toleration_test.go:102 @ 10/12/25 16:18:04.816&#xA;END STEP: `VirtualDisks` should be in the &#34;Ready&#34; phase - /Users/antont/ansible_deckhouse/virtualization-full/tests/e2e/affinity_toleration_test.go:102 @ 10/12/25 16:34:46.904 (16m42.086s)&#xA;[FAILED] should observe resources in &#39;&#39;jsonpath={.status.phase}=Ready&#39;&#39; state before 16m40s timeout&#xA;Expected&#xA;    &lt;[]string | len:6, cap:6&gt;: [&#xA;        &#34;cmd: kubectl wait virtualdisks.virtualization.deckhouse.io head-5073ae15-vd-root-a-not-b --namespace head-5073ae15-end-to-end-affinity-toleration --for=&#39;jsonpath={.status.phase}=Ready&#39; --timeout=16m40s\nstderr: error: timed out waiting for the condition on virtualdisks/head-5073ae15-vd-root-a-not-b\n\nwaited for: &#39;jsonpath={.status.phase}=Ready&#39;&#34;,&#xA;        &#34;cmd: kubectl wait virtualdisks.virtualization.deckhouse.io head-5073ae15-vd-root-d --namespace head-5073ae15-end-to-end-affinity-toleration --for=&#39;jsonpath={.status.phase}=Ready&#39; --timeout=16m40s\nstderr: error: timed out waiting for the condition on virtualdisks/head-5073ae15-vd-root-d\n\nwaited for: &#39;jsonpath={.status.phase}=Ready&#39;&#34;,&#xA;        &#34;cmd: kubectl wait virtualdisks.virtualization.deckhouse.io head-5073ae15-vd-root-node-affinity --namespace head-5073ae15-end-to-end-affinity-toleration --for=&#39;jsonpath={.status.phase}=Ready&#39; --timeout=16m40s\nstderr: error: timed out waiting for the condition on virtualdisks/head-5073ae15-vd-root-node-affinity\n\nwaited for: &#39;jsonpath={.status.phase}=Ready&#39;&#34;,&#xA;        &#34;cmd: kubectl wait virtualdisks.virtualization.deckhouse.io head-5073ae15-vd-root-node-selector --namespace head-5073ae15-end-to-end-affinity-toleration --for=&#39;jsonpath={.status.phase}=Ready&#39; --timeout=16m40s\nstderr: error: timed out waiting for the condition on virtualdisks/head-5073ae15-vd-root-node-selector\n\nwaited for: &#39;jsonpath={.status.phase}=Ready&#39;&#34;,&#xA;        &#34;cmd: kubectl wait virtualdisks.virtualization.deckhouse.io head-5073ae15-vd-root-b-not-a --namespace head-5073ae15-end-to-end-affinity-toleration --for=&#39;jsonpath={.status.phase}=Ready&#39; --timeout=16m40s\nstderr: error: timed out waiting for the condition on virtualdisks/head-5073ae15-vd-root-b-not-a\n\nwaited for: &#39;jsonpath={.status.phase}=Ready&#39;&#34;,&#xA;        &#34;cmd: kubectl wait virtualdisks.virtualization.deckhouse.io head-5073ae15-vd-root-c-and-a --namespace head-5073ae15-end-to-end-affinity-toleration --for=&#39;jsonpath={.status.phase}=Ready&#39; --timeout=16m40s\nstderr: error: timed out waiting for the condition on virtualdisks/head-5073ae15-vd-root-c-and-a\n\nwaited for: &#39;jsonpath={.status.phase}=Ready&#39;&#34;,&#xA;    ]&#xA;to be empty&#xA;In [It] at: /Users/antont/ansible_deckhouse/virtualization-full/tests/e2e/affinity_toleration_test.go:103 @ 10/12/25 16:34:46.904&#xA;&lt; Exit [It] checks the resources phase - /Users/antont/ansible_deckhouse/virtualization-full/tests/e2e/affinity_toleration_test.go:87 @ 10/12/25 16:34:46.904 (16m55.761s)&#xA;&gt; Enter [AfterEach] VirtualMachineAffinityAndToleration - /Users/antont/ansible_deckhouse/virtualization-full/tests/e2e/affinity_toleration_test.go:72 @ 10/12/25 16:34:46.904&#xA;The list of pods is empty; nothing to dump.&#xA;&lt; Exit [AfterEach] VirtualMachineAffinityAndToleration - /Users/antont/ansible_deckhouse/virtualization-full/tests/e2e/affinity_toleration_test.go:72 @ 10/12/25 16:34:53.028 (6.124s)&#xA;</system-err>
          </testcase>
          <testcase name="[It] VirtualMachineAffinityAndToleration When the virtual machines agents are ready checks the `status.nodeName` field of the `VirtualMachines`" classname="Tests" status="skipped" time="0">
              <skipped message="skipped - Spec skipped because an earlier spec in an ordered container failed"></skipped>
              <system-err>[SKIPPED] Spec skipped because an earlier spec in an ordered container failed&#xA;In [It] at: /Users/antont/ansible_deckhouse/virtualization-full/tests/e2e/affinity_toleration_test.go:120 @ 10/12/25 16:34:53.028&#xA;</system-err>
          </testcase>
          <testcase name="[It] VirtualMachineAffinityAndToleration When the virtual machine `node-selector` agent is ready sets the `spec.nodeSelector` field" classname="Tests" status="skipped" time="0">
              <skipped message="skipped - Spec skipped because an earlier spec in an ordered container failed"></skipped>
              <system-err>[SKIPPED] Spec skipped because an earlier spec in an ordered container failed&#xA;In [It] at: /Users/antont/ansible_deckhouse/virtualization-full/tests/e2e/affinity_toleration_test.go:283 @ 10/12/25 16:34:53.028&#xA;</system-err>
          </testcase>
          <testcase name="[It] VirtualMachineAffinityAndToleration When the virtual machine `node-affinity` agent is ready sets the `spec.affinity.nodeAffinity` field" classname="Tests" status="skipped" time="0">
              <skipped message="skipped - Spec skipped because an earlier spec in an ordered container failed"></skipped>
              <system-err>[SKIPPED] Spec skipped because an earlier spec in an ordered container failed&#xA;In [It] at: /Users/antont/ansible_deckhouse/virtualization-full/tests/e2e/affinity_toleration_test.go:372 @ 10/12/25 16:34:53.028&#xA;</system-err>
          </testcase>
          <testcase name="[It] VirtualMachineAffinityAndToleration When test is completed deletes test case resources" classname="Tests" status="skipped" time="0">
              <skipped message="skipped - Spec skipped because an earlier spec in an ordered container failed"></skipped>
              <system-err>[SKIPPED] Spec skipped because an earlier spec in an ordered container failed&#xA;In [It] at: /Users/antont/ansible_deckhouse/virtualization-full/tests/e2e/affinity_toleration_test.go:467 @ 10/12/25 16:34:53.029&#xA;</system-err>
          </testcase>
          <testcase name="[It] VirtualMachineVersions When virtualization resources are applied: result should be succeeded" classname="Tests" status="passed" time="3.986901958">
              <system-err>&gt; Enter [BeforeAll] VirtualMachineVersions - /Users/antont/ansible_deckhouse/virtualization-full/tests/e2e/vm_version_test.go:35 @ 10/12/25 16:34:53.029&#xA;&lt; Exit [BeforeAll] VirtualMachineVersions - /Users/antont/ansible_deckhouse/virtualization-full/tests/e2e/vm_version_test.go:35 @ 10/12/25 16:34:54.992 (1.964s)&#xA;&gt; Enter [BeforeEach] VirtualMachineVersions - /Users/antont/ansible_deckhouse/virtualization-full/tests/e2e/vm_version_test.go:44 @ 10/12/25 16:34:54.992&#xA;&lt; Exit [BeforeEach] VirtualMachineVersions - /Users/antont/ansible_deckhouse/virtualization-full/tests/e2e/vm_version_test.go:44 @ 10/12/25 16:34:54.992 (0s)&#xA;&gt; Enter [It] result should be succeeded - /Users/antont/ansible_deckhouse/virtualization-full/tests/e2e/vm_version_test.go:57 @ 10/12/25 16:34:54.992&#xA;&lt; Exit [It] result should be succeeded - /Users/antont/ansible_deckhouse/virtualization-full/tests/e2e/vm_version_test.go:57 @ 10/12/25 16:34:57.015 (2.023s)&#xA;&gt; Enter [AfterEach] VirtualMachineVersions - /Users/antont/ansible_deckhouse/virtualization-full/tests/e2e/vm_version_test.go:50 @ 10/12/25 16:34:57.016&#xA;&lt; Exit [AfterEach] VirtualMachineVersions - /Users/antont/ansible_deckhouse/virtualization-full/tests/e2e/vm_version_test.go:50 @ 10/12/25 16:34:57.016 (0s)&#xA;</system-err>
          </testcase>
          <testcase name="[It] VirtualMachineVersions When virtual disks are applied: checks VDs phases" classname="Tests" status="passed" time="19.651517708">
              <system-err>&gt; Enter [BeforeEach] VirtualMachineVersions - /Users/antont/ansible_deckhouse/virtualization-full/tests/e2e/vm_version_test.go:44 @ 10/12/25 16:34:57.016&#xA;&lt; Exit [BeforeEach] VirtualMachineVersions - /Users/antont/ansible_deckhouse/virtualization-full/tests/e2e/vm_version_test.go:44 @ 10/12/25 16:34:57.016 (0s)&#xA;&gt; Enter [It] checks VDs phases - /Users/antont/ansible_deckhouse/virtualization-full/tests/e2e/vm_version_test.go:67 @ 10/12/25 16:34:57.016&#xA;STEP: VDs should be in Ready phase - /Users/antont/ansible_deckhouse/virtualization-full/tests/e2e/vm_version_test.go:68 @ 10/12/25 16:34:57.016&#xA;&lt; Exit [It] checks VDs phases - /Users/antont/ansible_deckhouse/virtualization-full/tests/e2e/vm_version_test.go:67 @ 10/12/25 16:35:16.667 (19.651s)&#xA;&gt; Enter [AfterEach] VirtualMachineVersions - /Users/antont/ansible_deckhouse/virtualization-full/tests/e2e/vm_version_test.go:50 @ 10/12/25 16:35:16.667&#xA;&lt; Exit [AfterEach] VirtualMachineVersions - /Users/antont/ansible_deckhouse/virtualization-full/tests/e2e/vm_version_test.go:50 @ 10/12/25 16:35:16.667 (0s)&#xA;</system-err>
          </testcase>
          <testcase name="[It] VirtualMachineVersions When virtual machines are applied: checks VMs phases" classname="Tests" status="passed" time="2.945867666">
              <system-err>&gt; Enter [BeforeEach] VirtualMachineVersions - /Users/antont/ansible_deckhouse/virtualization-full/tests/e2e/vm_version_test.go:44 @ 10/12/25 16:35:16.668&#xA;&lt; Exit [BeforeEach] VirtualMachineVersions - /Users/antont/ansible_deckhouse/virtualization-full/tests/e2e/vm_version_test.go:44 @ 10/12/25 16:35:16.668 (0s)&#xA;&gt; Enter [It] checks VMs phases - /Users/antont/ansible_deckhouse/virtualization-full/tests/e2e/vm_version_test.go:78 @ 10/12/25 16:35:16.668&#xA;STEP: VM should be in Running phase - /Users/antont/ansible_deckhouse/virtualization-full/tests/e2e/vm_version_test.go:79 @ 10/12/25 16:35:16.668&#xA;&lt; Exit [It] checks VMs phases - /Users/antont/ansible_deckhouse/virtualization-full/tests/e2e/vm_version_test.go:78 @ 10/12/25 16:35:19.613 (2.946s)&#xA;&gt; Enter [AfterEach] VirtualMachineVersions - /Users/antont/ansible_deckhouse/virtualization-full/tests/e2e/vm_version_test.go:50 @ 10/12/25 16:35:19.613&#xA;&lt; Exit [AfterEach] VirtualMachineVersions - /Users/antont/ansible_deckhouse/virtualization-full/tests/e2e/vm_version_test.go:50 @ 10/12/25 16:35:19.614 (0s)&#xA;</system-err>
          </testcase>
          <testcase name="[It] VirtualMachineVersions When virtual machines are ready: has qemu version in the status" classname="Tests" status="passed" time="0.000106959">
              <system-err>&gt; Enter [BeforeEach] VirtualMachineVersions - /Users/antont/ansible_deckhouse/virtualization-full/tests/e2e/vm_version_test.go:44 @ 10/12/25 16:35:19.614&#xA;&lt; Exit [BeforeEach] VirtualMachineVersions - /Users/antont/ansible_deckhouse/virtualization-full/tests/e2e/vm_version_test.go:44 @ 10/12/25 16:35:19.614 (0s)&#xA;&gt; Enter [It] has qemu version in the status - /Users/antont/ansible_deckhouse/virtualization-full/tests/e2e/vm_version_test.go:97 @ 10/12/25 16:35:19.614&#xA;&lt; Exit [It] has qemu version in the status - /Users/antont/ansible_deckhouse/virtualization-full/tests/e2e/vm_version_test.go:97 @ 10/12/25 16:35:19.614 (0s)&#xA;&gt; Enter [AfterEach] VirtualMachineVersions - /Users/antont/ansible_deckhouse/virtualization-full/tests/e2e/vm_version_test.go:50 @ 10/12/25 16:35:19.614&#xA;&lt; Exit [AfterEach] VirtualMachineVersions - /Users/antont/ansible_deckhouse/virtualization-full/tests/e2e/vm_version_test.go:50 @ 10/12/25 16:35:19.614 (0s)&#xA;</system-err>
          </testcase>
          <testcase name="[It] VirtualMachineVersions When virtual machines are ready: has libvirt version in the status" classname="Tests" status="passed" time="4.5e-05">
              <system-err>&gt; Enter [BeforeEach] VirtualMachineVersions - /Users/antont/ansible_deckhouse/virtualization-full/tests/e2e/vm_version_test.go:44 @ 10/12/25 16:35:19.614&#xA;&lt; Exit [BeforeEach] VirtualMachineVersions - /Users/antont/ansible_deckhouse/virtualization-full/tests/e2e/vm_version_test.go:44 @ 10/12/25 16:35:19.614 (0s)&#xA;&gt; Enter [It] has libvirt version in the status - /Users/antont/ansible_deckhouse/virtualization-full/tests/e2e/vm_version_test.go:103 @ 10/12/25 16:35:19.614&#xA;&lt; Exit [It] has libvirt version in the status - /Users/antont/ansible_deckhouse/virtualization-full/tests/e2e/vm_version_test.go:103 @ 10/12/25 16:35:19.614 (0s)&#xA;&gt; Enter [AfterEach] VirtualMachineVersions - /Users/antont/ansible_deckhouse/virtualization-full/tests/e2e/vm_version_test.go:50 @ 10/12/25 16:35:19.614&#xA;&lt; Exit [AfterEach] VirtualMachineVersions - /Users/antont/ansible_deckhouse/virtualization-full/tests/e2e/vm_version_test.go:50 @ 10/12/25 16:35:19.614 (0s)&#xA;</system-err>
          </testcase>
          <testcase name="[It] VirtualMachineVersions When test is completed deletes test case resources" classname="Tests" status="passed" time="70.335968834">
              <system-err>&gt; Enter [BeforeEach] VirtualMachineVersions - /Users/antont/ansible_deckhouse/virtualization-full/tests/e2e/vm_version_test.go:44 @ 10/12/25 16:35:19.614&#xA;&lt; Exit [BeforeEach] VirtualMachineVersions - /Users/antont/ansible_deckhouse/virtualization-full/tests/e2e/vm_version_test.go:44 @ 10/12/25 16:35:19.614 (0s)&#xA;&gt; Enter [It] deletes test case resources - /Users/antont/ansible_deckhouse/virtualization-full/tests/e2e/vm_version_test.go:114 @ 10/12/25 16:35:19.614&#xA;STEP: Response on deletion request should be successful - /Users/antont/ansible_deckhouse/virtualization-full/tests/e2e/util_test.go:604 @ 10/12/25 16:35:19.614&#xA;END STEP: Response on deletion request should be successful - /Users/antont/ansible_deckhouse/virtualization-full/tests/e2e/util_test.go:604 @ 10/12/25 16:36:29.95 (1m10.336s)&#xA;&lt; Exit [It] deletes test case resources - /Users/antont/ansible_deckhouse/virtualization-full/tests/e2e/vm_version_test.go:114 @ 10/12/25 16:36:29.95 (1m10.336s)&#xA;&gt; Enter [AfterEach] VirtualMachineVersions - /Users/antont/ansible_deckhouse/virtualization-full/tests/e2e/vm_version_test.go:50 @ 10/12/25 16:36:29.95&#xA;&lt; Exit [AfterEach] VirtualMachineVersions - /Users/antont/ansible_deckhouse/virtualization-full/tests/e2e/vm_version_test.go:50 @ 10/12/25 16:36:29.95 (0s)&#xA;</system-err>
          </testcase>
          <testcase name="[It] VirtualMachineLabelAndAnnotation When resources are applied result should be succeeded" classname="Tests" status="passed" time="5.045602916">
              <system-err>&gt; Enter [BeforeAll] VirtualMachineLabelAndAnnotation - /Users/antont/ansible_deckhouse/virtualization-full/tests/e2e/vm_label_annotation_test.go:42 @ 10/12/25 16:36:29.951&#xA;&lt; Exit [BeforeAll] VirtualMachineLabelAndAnnotation - /Users/antont/ansible_deckhouse/virtualization-full/tests/e2e/vm_label_annotation_test.go:42 @ 10/12/25 16:36:32.133 (2.183s)&#xA;&gt; Enter [BeforeEach] VirtualMachineLabelAndAnnotation - /Users/antont/ansible_deckhouse/virtualization-full/tests/e2e/vm_label_annotation_test.go:51 @ 10/12/25 16:36:32.133&#xA;&lt; Exit [BeforeEach] VirtualMachineLabelAndAnnotation - /Users/antont/ansible_deckhouse/virtualization-full/tests/e2e/vm_label_annotation_test.go:51 @ 10/12/25 16:36:32.133 (0s)&#xA;&gt; Enter [It] result should be succeeded - /Users/antont/ansible_deckhouse/virtualization-full/tests/e2e/vm_label_annotation_test.go:64 @ 10/12/25 16:36:32.133&#xA;&lt; Exit [It] result should be succeeded - /Users/antont/ansible_deckhouse/virtualization-full/tests/e2e/vm_label_annotation_test.go:64 @ 10/12/25 16:36:34.996 (2.863s)&#xA;&gt; Enter [AfterEach] VirtualMachineLabelAndAnnotation - /Users/antont/ansible_deckhouse/virtualization-full/tests/e2e/vm_label_annotation_test.go:57 @ 10/12/25 16:36:34.996&#xA;&lt; Exit [AfterEach] VirtualMachineLabelAndAnnotation - /Users/antont/ansible_deckhouse/virtualization-full/tests/e2e/vm_label_annotation_test.go:57 @ 10/12/25 16:36:34.996 (0s)&#xA;</system-err>
          </testcase>
          <testcase name="[It] VirtualMachineLabelAndAnnotation When virtual images are applied checks VIs phases" classname="Tests" status="passed" time="5.789244083">
              <system-err>&gt; Enter [BeforeEach] VirtualMachineLabelAndAnnotation - /Users/antont/ansible_deckhouse/virtualization-full/tests/e2e/vm_label_annotation_test.go:51 @ 10/12/25 16:36:34.996&#xA;&lt; Exit [BeforeEach] VirtualMachineLabelAndAnnotation - /Users/antont/ansible_deckhouse/virtualization-full/tests/e2e/vm_label_annotation_test.go:51 @ 10/12/25 16:36:34.996 (0s)&#xA;&gt; Enter [It] checks VIs phases - /Users/antont/ansible_deckhouse/virtualization-full/tests/e2e/vm_label_annotation_test.go:74 @ 10/12/25 16:36:34.996&#xA;STEP: VIs should be in Ready phases - /Users/antont/ansible_deckhouse/virtualization-full/tests/e2e/vm_label_annotation_test.go:75 @ 10/12/25 16:36:34.996&#xA;&lt; Exit [It] checks VIs phases - /Users/antont/ansible_deckhouse/virtualization-full/tests/e2e/vm_label_annotation_test.go:74 @ 10/12/25 16:36:40.785 (5.789s)&#xA;&gt; Enter [AfterEach] VirtualMachineLabelAndAnnotation - /Users/antont/ansible_deckhouse/virtualization-full/tests/e2e/vm_label_annotation_test.go:57 @ 10/12/25 16:36:40.785&#xA;&lt; Exit [AfterEach] VirtualMachineLabelAndAnnotation - /Users/antont/ansible_deckhouse/virtualization-full/tests/e2e/vm_label_annotation_test.go:57 @ 10/12/25 16:36:40.786 (0s)&#xA;</system-err>
          </testcase>
          <testcase name="[It] VirtualMachineLabelAndAnnotation When virtual disks are applied checks VDs phases" classname="Tests" status="failed" time="1008.160625042">
              <failure message="should observe resources in &#39;&#39;jsonpath={.status.phase}=Ready&#39;&#39; state before 16m40s timeout&#xA;Expected&#xA;    &lt;[]string | len:1, cap:1&gt;: [&#xA;        &#34;cmd: kubectl wait virtualdisks.virtualization.deckhouse.io head-5073ae15-vd-root-label-annotation --namespace head-5073ae15-end-to-end-vm-label-annotation --for=&#39;jsonpath={.status.phase}=Ready&#39; --timeout=16m40s\nstderr: W1012 17:07:31.096100   80804 reflector.go:492] k8s.io/client-go/tools/watch/informerwatcher.go:146: watch of *unstructured.Unstructured ended with: an error on the server (\&#34;unable to decode an event from the watch stream: http2: client connection lost\&#34;) has prevented the request from succeeding\nerror: timed out waiting for the condition on virtualdisks/head-5073ae15-vd-root-label-annotation\n\nwaited for: &#39;jsonpath={.status.phase}=Ready&#39;&#34;,&#xA;    ]&#xA;to be empty" type="failed">[FAILED] should observe resources in &#39;&#39;jsonpath={.status.phase}=Ready&#39;&#39; state before 16m40s timeout&#xA;Expected&#xA;    &lt;[]string | len:1, cap:1&gt;: [&#xA;        &#34;cmd: kubectl wait virtualdisks.virtualization.deckhouse.io head-5073ae15-vd-root-label-annotation --namespace head-5073ae15-end-to-end-vm-label-annotation --for=&#39;jsonpath={.status.phase}=Ready&#39; --timeout=16m40s\nstderr: W1012 17:07:31.096100   80804 reflector.go:492] k8s.io/client-go/tools/watch/informerwatcher.go:146: watch of *unstructured.Unstructured ended with: an error on the server (\&#34;unable to decode an event from the watch stream: http2: client connection lost\&#34;) has prevented the request from succeeding\nerror: timed out waiting for the condition on virtualdisks/head-5073ae15-vd-root-label-annotation\n\nwaited for: &#39;jsonpath={.status.phase}=Ready&#39;&#34;,&#xA;    ]&#xA;to be empty&#xA;In [It] at: /Users/antont/ansible_deckhouse/virtualization-full/tests/e2e/vm_label_annotation_test.go:87 @ 10/12/25 17:16:53.565&#xA;</failure>
              <system-err>&gt; Enter [BeforeEach] VirtualMachineLabelAndAnnotation - /Users/antont/ansible_deckhouse/virtualization-full/tests/e2e/vm_label_annotation_test.go:51 @ 10/12/25 16:36:40.786&#xA;&lt; Exit [BeforeEach] VirtualMachineLabelAndAnnotation - /Users/antont/ansible_deckhouse/virtualization-full/tests/e2e/vm_label_annotation_test.go:51 @ 10/12/25 16:36:40.786 (0s)&#xA;&gt; Enter [It] checks VDs phases - /Users/antont/ansible_deckhouse/virtualization-full/tests/e2e/vm_label_annotation_test.go:85 @ 10/12/25 16:36:40.786&#xA;STEP: VDs should be in Ready phases - /Users/antont/ansible_deckhouse/virtualization-full/tests/e2e/vm_label_annotation_test.go:86 @ 10/12/25 16:36:40.786&#xA;[FAILED] should observe resources in &#39;&#39;jsonpath={.status.phase}=Ready&#39;&#39; state before 16m40s timeout&#xA;Expected&#xA;    &lt;[]string | len:1, cap:1&gt;: [&#xA;        &#34;cmd: kubectl wait virtualdisks.virtualization.deckhouse.io head-5073ae15-vd-root-label-annotation --namespace head-5073ae15-end-to-end-vm-label-annotation --for=&#39;jsonpath={.status.phase}=Ready&#39; --timeout=16m40s\nstderr: W1012 17:07:31.096100   80804 reflector.go:492] k8s.io/client-go/tools/watch/informerwatcher.go:146: watch of *unstructured.Unstructured ended with: an error on the server (\&#34;unable to decode an event from the watch stream: http2: client connection lost\&#34;) has prevented the request from succeeding\nerror: timed out waiting for the condition on virtualdisks/head-5073ae15-vd-root-label-annotation\n\nwaited for: &#39;jsonpath={.status.phase}=Ready&#39;&#34;,&#xA;    ]&#xA;to be empty&#xA;In [It] at: /Users/antont/ansible_deckhouse/virtualization-full/tests/e2e/vm_label_annotation_test.go:87 @ 10/12/25 17:16:53.565&#xA;&lt; Exit [It] checks VDs phases - /Users/antont/ansible_deckhouse/virtualization-full/tests/e2e/vm_label_annotation_test.go:85 @ 10/12/25 17:16:53.565 (16m42.124s)&#xA;&gt; Enter [AfterEach] VirtualMachineLabelAndAnnotation - /Users/antont/ansible_deckhouse/virtualization-full/tests/e2e/vm_label_annotation_test.go:57 @ 10/12/25 17:16:53.565&#xA;The list of pods is empty; nothing to dump.&#xA;&lt; Exit [AfterEach] VirtualMachineLabelAndAnnotation - /Users/antont/ansible_deckhouse/virtualization-full/tests/e2e/vm_label_annotation_test.go:57 @ 10/12/25 17:16:59.602 (6.037s)&#xA;</system-err>
          </testcase>
          <testcase name="[It] VirtualMachineLabelAndAnnotation When virtual machines are applied checks VMs phases" classname="Tests" status="skipped" time="0">
              <skipped message="skipped - Spec skipped because an earlier spec in an ordered container failed"></skipped>
              <system-err>[SKIPPED] Spec skipped because an earlier spec in an ordered container failed&#xA;In [It] at: /Users/antont/ansible_deckhouse/virtualization-full/tests/e2e/vm_label_annotation_test.go:96 @ 10/12/25 17:16:59.602&#xA;</system-err>
          </testcase>
          <testcase name="[It] VirtualMachineLabelAndAnnotation When virtual machine is running marks VMs with label map[&#34;specialKey&#34;:&#34;specialValue&#34;]" classname="Tests" status="skipped" time="0">
              <skipped message="skipped - Spec skipped because an earlier spec in an ordered container failed"></skipped>
              <system-err>[SKIPPED] Spec skipped because an earlier spec in an ordered container failed&#xA;In [It] at: /Users/antont/ansible_deckhouse/virtualization-full/tests/e2e/vm_label_annotation_test.go:107 @ 10/12/25 17:16:59.602&#xA;</system-err>
          </testcase>
          <testcase name="[It] VirtualMachineLabelAndAnnotation When virtual machine is running checks VMs and pods labels after VMs labeling" classname="Tests" status="skipped" time="0">
              <skipped message="skipped - Spec skipped because an earlier spec in an ordered container failed"></skipped>
              <system-err>[SKIPPED] Spec skipped because an earlier spec in an ordered container failed&#xA;In [It] at: /Users/antont/ansible_deckhouse/virtualization-full/tests/e2e/vm_label_annotation_test.go:120 @ 10/12/25 17:16:59.602&#xA;</system-err>
          </testcase>
          <testcase name="[It] VirtualMachineLabelAndAnnotation When virtual machine is running removes label map[specialKey:specialValue] from VMs" classname="Tests" status="skipped" time="0">
              <skipped message="skipped - Spec skipped because an earlier spec in an ordered container failed"></skipped>
              <system-err>[SKIPPED] Spec skipped because an earlier spec in an ordered container failed&#xA;In [It] at: /Users/antont/ansible_deckhouse/virtualization-full/tests/e2e/vm_label_annotation_test.go:152 @ 10/12/25 17:16:59.602&#xA;</system-err>
          </testcase>
          <testcase name="[It] VirtualMachineLabelAndAnnotation When virtual machine is running checks VMs and pods labels after VMs unlabeling" classname="Tests" status="skipped" time="0">
              <skipped message="skipped - Spec skipped because an earlier spec in an ordered container failed"></skipped>
              <system-err>[SKIPPED] Spec skipped because an earlier spec in an ordered container failed&#xA;In [It] at: /Users/antont/ansible_deckhouse/virtualization-full/tests/e2e/vm_label_annotation_test.go:165 @ 10/12/25 17:16:59.602&#xA;</system-err>
          </testcase>
          <testcase name="[It] VirtualMachineLabelAndAnnotation Annotate `VirtualMachines` in Running phase marks VMs with annotation map[&#34;specialKey&#34;:&#34;specialValue&#34;]" classname="Tests" status="skipped" time="0">
              <skipped message="skipped - Spec skipped because an earlier spec in an ordered container failed"></skipped>
              <system-err>[SKIPPED] Spec skipped because an earlier spec in an ordered container failed&#xA;In [It] at: /Users/antont/ansible_deckhouse/virtualization-full/tests/e2e/vm_label_annotation_test.go:199 @ 10/12/25 17:16:59.603&#xA;</system-err>
          </testcase>
          <testcase name="[It] VirtualMachineLabelAndAnnotation Annotate `VirtualMachines` in Running phase checks VMs and pods annotations after VMs annotating" classname="Tests" status="skipped" time="0">
              <skipped message="skipped - Spec skipped because an earlier spec in an ordered container failed"></skipped>
              <system-err>[SKIPPED] Spec skipped because an earlier spec in an ordered container failed&#xA;In [It] at: /Users/antont/ansible_deckhouse/virtualization-full/tests/e2e/vm_label_annotation_test.go:212 @ 10/12/25 17:16:59.603&#xA;</system-err>
          </testcase>
          <testcase name="[It] VirtualMachineLabelAndAnnotation Annotate `VirtualMachines` in Running phase removes annotation map[specialKey:specialValue] from VMs" classname="Tests" status="skipped" time="0">
              <skipped message="skipped - Spec skipped because an earlier spec in an ordered container failed"></skipped>
              <system-err>[SKIPPED] Spec skipped because an earlier spec in an ordered container failed&#xA;In [It] at: /Users/antont/ansible_deckhouse/virtualization-full/tests/e2e/vm_label_annotation_test.go:244 @ 10/12/25 17:16:59.603&#xA;</system-err>
          </testcase>
          <testcase name="[It] VirtualMachineLabelAndAnnotation Annotate `VirtualMachines` in Running phase checks VMs and pods annotations after VMs unannotating" classname="Tests" status="skipped" time="0">
              <skipped message="skipped - Spec skipped because an earlier spec in an ordered container failed"></skipped>
              <system-err>[SKIPPED] Spec skipped because an earlier spec in an ordered container failed&#xA;In [It] at: /Users/antont/ansible_deckhouse/virtualization-full/tests/e2e/vm_label_annotation_test.go:257 @ 10/12/25 17:16:59.603&#xA;</system-err>
          </testcase>
          <testcase name="[It] VirtualMachineLabelAndAnnotation When test is completed deletes test case resources" classname="Tests" status="skipped" time="0">
              <skipped message="skipped - Spec skipped because an earlier spec in an ordered container failed"></skipped>
              <system-err>[SKIPPED] Spec skipped because an earlier spec in an ordered container failed&#xA;In [It] at: /Users/antont/ansible_deckhouse/virtualization-full/tests/e2e/vm_label_annotation_test.go:291 @ 10/12/25 17:16:59.603&#xA;</system-err>
          </testcase>
          <testcase name="[It] VirtualDiskSnapshots When virtualization resources are applied: result should be succeeded" classname="Tests" status="failed" time="7.958817417">
              <failure message="immediate storage class cannot be nil; please set up the immediate storage class in the cluster&#xA;Expected&#xA;    &lt;*v1.StorageClass | 0x0&gt;: nil&#xA;not to be nil" type="failed">[FAILED] immediate storage class cannot be nil; please set up the immediate storage class in the cluster&#xA;Expected&#xA;    &lt;*v1.StorageClass | 0x0&gt;: nil&#xA;not to be nil&#xA;In [BeforeAll] at: /Users/antont/ansible_deckhouse/virtualization-full/tests/e2e/vd_snapshots_test.go:71 @ 10/12/25 17:17:01.573&#xA;</failure>
              <system-err>&gt; Enter [BeforeAll] VirtualDiskSnapshots - /Users/antont/ansible_deckhouse/virtualization-full/tests/e2e/vd_snapshots_test.go:55 @ 10/12/25 17:16:59.603&#xA;[FAILED] immediate storage class cannot be nil; please set up the immediate storage class in the cluster&#xA;Expected&#xA;    &lt;*v1.StorageClass | 0x0&gt;: nil&#xA;not to be nil&#xA;In [BeforeAll] at: /Users/antont/ansible_deckhouse/virtualization-full/tests/e2e/vd_snapshots_test.go:71 @ 10/12/25 17:17:01.573&#xA;&lt; Exit [BeforeAll] VirtualDiskSnapshots - /Users/antont/ansible_deckhouse/virtualization-full/tests/e2e/vd_snapshots_test.go:55 @ 10/12/25 17:17:01.573 (1.97s)&#xA;&gt; Enter [AfterEach] VirtualDiskSnapshots - /Users/antont/ansible_deckhouse/virtualization-full/tests/e2e/vd_snapshots_test.go:83 @ 10/12/25 17:17:01.573&#xA;The list of pods is empty; nothing to dump.&#xA;&lt; Exit [AfterEach] VirtualDiskSnapshots - /Users/antont/ansible_deckhouse/virtualization-full/tests/e2e/vd_snapshots_test.go:83 @ 10/12/25 17:17:07.562 (5.989s)&#xA;</system-err>
          </testcase>
          <testcase name="[It] VirtualDiskSnapshots When virtual images are applied: checks VIs phases" classname="Tests" status="skipped" time="0">
              <skipped message="skipped - Spec skipped because an earlier spec in an ordered container failed"></skipped>
              <system-err>[SKIPPED] Spec skipped because an earlier spec in an ordered container failed&#xA;In [It] at: /Users/antont/ansible_deckhouse/virtualization-full/tests/e2e/vd_snapshots_test.go:100 @ 10/12/25 17:17:07.562&#xA;</system-err>
          </testcase>
          <testcase name="[It] VirtualDiskSnapshots When virtual disks are applied: checks VDs phases" classname="Tests" status="skipped" time="0">
              <skipped message="skipped - Spec skipped because an earlier spec in an ordered container failed"></skipped>
              <system-err>[SKIPPED] Spec skipped because an earlier spec in an ordered container failed&#xA;In [It] at: /Users/antont/ansible_deckhouse/virtualization-full/tests/e2e/vd_snapshots_test.go:111 @ 10/12/25 17:17:07.562&#xA;</system-err>
          </testcase>
          <testcase name="[It] VirtualDiskSnapshots When virtual machines are applied: checks VMs phases" classname="Tests" status="skipped" time="0">
              <skipped message="skipped - Spec skipped because an earlier spec in an ordered container failed"></skipped>
              <system-err>[SKIPPED] Spec skipped because an earlier spec in an ordered container failed&#xA;In [It] at: /Users/antont/ansible_deckhouse/virtualization-full/tests/e2e/vd_snapshots_test.go:122 @ 10/12/25 17:17:07.562&#xA;</system-err>
          </testcase>
          <testcase name="[It] VirtualDiskSnapshots When virtual machine block device attachments are applied: checks VMBDAs phases" classname="Tests" status="skipped" time="0">
              <skipped message="skipped - Spec skipped because an earlier spec in an ordered container failed"></skipped>
              <system-err>[SKIPPED] Spec skipped because an earlier spec in an ordered container failed&#xA;In [It] at: /Users/antont/ansible_deckhouse/virtualization-full/tests/e2e/vd_snapshots_test.go:133 @ 10/12/25 17:17:07.562&#xA;</system-err>
          </testcase>
          <testcase name="[It] VirtualDiskSnapshots When unattached VDs in phase Ready: creates VDs snapshots with `requiredConsistency`" classname="Tests" status="skipped" time="0">
              <skipped message="skipped - Spec skipped because an earlier spec in an ordered container failed"></skipped>
              <system-err>[SKIPPED] Spec skipped because an earlier spec in an ordered container failed&#xA;In [It] at: /Users/antont/ansible_deckhouse/virtualization-full/tests/e2e/vd_snapshots_test.go:144 @ 10/12/25 17:17:07.563&#xA;</system-err>
          </testcase>
          <testcase name="[It] VirtualDiskSnapshots When unattached VDs in phase Ready: checks snapshots of unattached VDs" classname="Tests" status="skipped" time="0">
              <skipped message="skipped - Spec skipped because an earlier spec in an ordered container failed"></skipped>
              <system-err>[SKIPPED] Spec skipped because an earlier spec in an ordered container failed&#xA;In [It] at: /Users/antont/ansible_deckhouse/virtualization-full/tests/e2e/vd_snapshots_test.go:164 @ 10/12/25 17:17:07.563&#xA;</system-err>
          </testcase>
          <testcase name="[It] VirtualDiskSnapshots When virtual machines in Running phase creates snapshots with `requiredConsistency` of attached VDs" classname="Tests" status="skipped" time="0">
              <skipped message="skipped - Spec skipped because an earlier spec in an ordered container failed"></skipped>
              <system-err>[SKIPPED] Spec skipped because an earlier spec in an ordered container failed&#xA;In [It] at: /Users/antont/ansible_deckhouse/virtualization-full/tests/e2e/vd_snapshots_test.go:185 @ 10/12/25 17:17:07.563&#xA;</system-err>
          </testcase>
          <testcase name="[It] VirtualDiskSnapshots When virtual machines in Running phase creates `vdSnapshots` concurrently" classname="Tests" status="skipped" time="0">
              <skipped message="skipped - Spec skipped because an earlier spec in an ordered container failed"></skipped>
              <system-err>[SKIPPED] Spec skipped because an earlier spec in an ordered container failed&#xA;In [It] at: /Users/antont/ansible_deckhouse/virtualization-full/tests/e2e/vd_snapshots_test.go:229 @ 10/12/25 17:17:07.563&#xA;</system-err>
          </testcase>
          <testcase name="[It] VirtualDiskSnapshots When virtual machines in Running phase checks snapshots" classname="Tests" status="skipped" time="0">
              <skipped message="skipped - Spec skipped because an earlier spec in an ordered container failed"></skipped>
              <system-err>[SKIPPED] Spec skipped because an earlier spec in an ordered container failed&#xA;In [It] at: /Users/antont/ansible_deckhouse/virtualization-full/tests/e2e/vd_snapshots_test.go:290 @ 10/12/25 17:17:07.563&#xA;</system-err>
          </testcase>
          <testcase name="[It] VirtualDiskSnapshots When virtual machines in Running phase checks `FileSystemFrozen` status of VMs" classname="Tests" status="skipped" time="0">
              <skipped message="skipped - Spec skipped because an earlier spec in an ordered container failed"></skipped>
              <system-err>[SKIPPED] Spec skipped because an earlier spec in an ordered container failed&#xA;In [It] at: /Users/antont/ansible_deckhouse/virtualization-full/tests/e2e/vd_snapshots_test.go:341 @ 10/12/25 17:17:07.563&#xA;</system-err>
          </testcase>
          <testcase name="[It] VirtualDiskSnapshots When test is completed deletes test case resources" classname="Tests" status="skipped" time="0">
              <skipped message="skipped - Spec skipped because an earlier spec in an ordered container failed"></skipped>
              <system-err>[SKIPPED] Spec skipped because an earlier spec in an ordered container failed&#xA;In [It] at: /Users/antont/ansible_deckhouse/virtualization-full/tests/e2e/vd_snapshots_test.go:367 @ 10/12/25 17:17:07.563&#xA;</system-err>
          </testcase>
          <testcase name="[It] ImageHotplug When the virtualization resources are applied result should be succeeded" classname="Tests" status="failed" time="13.035502333">
              <failure message="Warning: resource namespaces/head-5073ae15-end-to-end-image-hotplug is missing the kubectl.kubernetes.io/last-applied-configuration annotation which is required by kubectl apply. kubectl apply should only be used on resources created declaratively by either kubectl create --save-config or kubectl apply. The missing annotation will be patched automatically.&#xA;Error from server (Forbidden): error when creating &#34;/tmp/testdata/image-hotplug&#34;: admission webhook &#34;vi.virtualization-controller.validate.d8-virtualization&#34; denied the request: the storage class &#34;ceph-pool-r2-csi-rbd&#34; lacks of capabilities to support &#39;Virtual Images on PVC&#39; function; use StorageClass that supports volume mode &#39;Block&#39; and access mode &#39;ReadWriteMany&#39;&#xA;&#xA;Unexpected error:&#xA;    &lt;*exec.ExitError | 0x14000131840&gt;: &#xA;    exit status 1&#xA;    {&#xA;        ProcessState: {&#xA;            pid: 82071,&#xA;            status: 256,&#xA;            rusage: {&#xA;                Utime: {&#xA;                    Sec: 0,&#xA;                    Usec: 293824,&#xA;                    Pad_cgo_0: [0, 0, 0, 0],&#xA;                },&#xA;                Stime: {&#xA;                    Sec: 0,&#xA;                    Usec: 63338,&#xA;                    Pad_cgo_0: [0, 0, 0, 0],&#xA;                },&#xA;                Maxrss: 70664192,&#xA;                Ixrss: 0,&#xA;                Idrss: 0,&#xA;                Isrss: 0,&#xA;                Minflt: 5122,&#xA;                Majflt: 5,&#xA;                Nswap: 0,&#xA;                Inblock: 0,&#xA;                Oublock: 0,&#xA;                Msgsnd: 48,&#xA;                Msgrcv: 56,&#xA;                Nsignals: 361,&#xA;                Nvcsw: 342,&#xA;                Nivcsw: 2752,&#xA;            },&#xA;        },&#xA;        Stderr: nil,&#xA;    }&#xA;occurred" type="failed">[FAILED] Warning: resource namespaces/head-5073ae15-end-to-end-image-hotplug is missing the kubectl.kubernetes.io/last-applied-configuration annotation which is required by kubectl apply. kubectl apply should only be used on resources created declaratively by either kubectl create --save-config or kubectl apply. The missing annotation will be patched automatically.&#xA;Error from server (Forbidden): error when creating &#34;/tmp/testdata/image-hotplug&#34;: admission webhook &#34;vi.virtualization-controller.validate.d8-virtualization&#34; denied the request: the storage class &#34;ceph-pool-r2-csi-rbd&#34; lacks of capabilities to support &#39;Virtual Images on PVC&#39; function; use StorageClass that supports volume mode &#39;Block&#39; and access mode &#39;ReadWriteMany&#39;&#xA;&#xA;Unexpected error:&#xA;    &lt;*exec.ExitError | 0x14000131840&gt;: &#xA;    exit status 1&#xA;    {&#xA;        ProcessState: {&#xA;            pid: 82071,&#xA;            status: 256,&#xA;            rusage: {&#xA;                Utime: {&#xA;                    Sec: 0,&#xA;                    Usec: 293824,&#xA;                    Pad_cgo_0: [0, 0, 0, 0],&#xA;                },&#xA;                Stime: {&#xA;                    Sec: 0,&#xA;                    Usec: 63338,&#xA;                    Pad_cgo_0: [0, 0, 0, 0],&#xA;                },&#xA;                Maxrss: 70664192,&#xA;                Ixrss: 0,&#xA;                Idrss: 0,&#xA;                Isrss: 0,&#xA;                Minflt: 5122,&#xA;                Majflt: 5,&#xA;                Nswap: 0,&#xA;                Inblock: 0,&#xA;                Oublock: 0,&#xA;                Msgsnd: 48,&#xA;                Msgrcv: 56,&#xA;                Nsignals: 361,&#xA;                Nvcsw: 342,&#xA;                Nivcsw: 2752,&#xA;            },&#xA;        },&#xA;        Stderr: nil,&#xA;    }&#xA;occurred&#xA;In [It] at: /Users/antont/ansible_deckhouse/virtualization-full/tests/e2e/image_hotplug_test.go:109 @ 10/12/25 17:17:14.758&#xA;</failure>
              <system-err>&gt; Enter [BeforeAll] ImageHotplug - /Users/antont/ansible_deckhouse/virtualization-full/tests/e2e/image_hotplug_test.go:54 @ 10/12/25 17:17:07.563&#xA;&lt; Exit [BeforeAll] ImageHotplug - /Users/antont/ansible_deckhouse/virtualization-full/tests/e2e/image_hotplug_test.go:54 @ 10/12/25 17:17:10.574 (3.011s)&#xA;&gt; Enter [It] result should be succeeded - /Users/antont/ansible_deckhouse/virtualization-full/tests/e2e/image_hotplug_test.go:77 @ 10/12/25 17:17:10.574&#xA;[FAILED] Warning: resource namespaces/head-5073ae15-end-to-end-image-hotplug is missing the kubectl.kubernetes.io/last-applied-configuration annotation which is required by kubectl apply. kubectl apply should only be used on resources created declaratively by either kubectl create --save-config or kubectl apply. The missing annotation will be patched automatically.&#xA;Error from server (Forbidden): error when creating &#34;/tmp/testdata/image-hotplug&#34;: admission webhook &#34;vi.virtualization-controller.validate.d8-virtualization&#34; denied the request: the storage class &#34;ceph-pool-r2-csi-rbd&#34; lacks of capabilities to support &#39;Virtual Images on PVC&#39; function; use StorageClass that supports volume mode &#39;Block&#39; and access mode &#39;ReadWriteMany&#39;&#xA;&#xA;Unexpected error:&#xA;    &lt;*exec.ExitError | 0x14000131840&gt;: &#xA;    exit status 1&#xA;    {&#xA;        ProcessState: {&#xA;            pid: 82071,&#xA;            status: 256,&#xA;            rusage: {&#xA;                Utime: {&#xA;                    Sec: 0,&#xA;                    Usec: 293824,&#xA;                    Pad_cgo_0: [0, 0, 0, 0],&#xA;                },&#xA;                Stime: {&#xA;                    Sec: 0,&#xA;                    Usec: 63338,&#xA;                    Pad_cgo_0: [0, 0, 0, 0],&#xA;                },&#xA;                Maxrss: 70664192,&#xA;                Ixrss: 0,&#xA;                Idrss: 0,&#xA;                Isrss: 0,&#xA;                Minflt: 5122,&#xA;                Majflt: 5,&#xA;                Nswap: 0,&#xA;                Inblock: 0,&#xA;                Oublock: 0,&#xA;                Msgsnd: 48,&#xA;                Msgrcv: 56,&#xA;                Nsignals: 361,&#xA;                Nvcsw: 342,&#xA;                Nivcsw: 2752,&#xA;            },&#xA;        },&#xA;        Stderr: nil,&#xA;    }&#xA;occurred&#xA;In [It] at: /Users/antont/ansible_deckhouse/virtualization-full/tests/e2e/image_hotplug_test.go:109 @ 10/12/25 17:17:14.758&#xA;&lt; Exit [It] result should be succeeded - /Users/antont/ansible_deckhouse/virtualization-full/tests/e2e/image_hotplug_test.go:77 @ 10/12/25 17:17:14.758 (4.184s)&#xA;&gt; Enter [AfterEach] ImageHotplug - /Users/antont/ansible_deckhouse/virtualization-full/tests/e2e/image_hotplug_test.go:70 @ 10/12/25 17:17:14.758&#xA;The list of pods is empty; nothing to dump.&#xA;&lt; Exit [AfterEach] ImageHotplug - /Users/antont/ansible_deckhouse/virtualization-full/tests/e2e/image_hotplug_test.go:70 @ 10/12/25 17:17:20.599 (5.841s)&#xA;</system-err>
          </testcase>
          <testcase name="[It] ImageHotplug When the virtualization resources are applied checks the resources phase" classname="Tests" status="skipped" time="0">
              <skipped message="skipped - Spec skipped because an earlier spec in an ordered container failed"></skipped>
              <system-err>[SKIPPED] Spec skipped because an earlier spec in an ordered container failed&#xA;In [It] at: /Users/antont/ansible_deckhouse/virtualization-full/tests/e2e/image_hotplug_test.go:112 @ 10/12/25 17:17:20.599&#xA;</system-err>
          </testcase>
          <testcase name="[It] ImageHotplug When the resources are ready to use retrieves the test objects" classname="Tests" status="skipped" time="0">
              <skipped message="skipped - Spec skipped because an earlier spec in an ordered container failed"></skipped>
              <system-err>[SKIPPED] Spec skipped because an earlier spec in an ordered container failed&#xA;In [It] at: /Users/antont/ansible_deckhouse/virtualization-full/tests/e2e/image_hotplug_test.go:147 @ 10/12/25 17:17:20.599&#xA;</system-err>
          </testcase>
          <testcase name="[It] ImageHotplug When the resources are ready to use retrieves the disk count before the images attachment" classname="Tests" status="skipped" time="0">
              <skipped message="skipped - Spec skipped because an earlier spec in an ordered container failed"></skipped>
              <system-err>[SKIPPED] Spec skipped because an earlier spec in an ordered container failed&#xA;In [It] at: /Users/antont/ansible_deckhouse/virtualization-full/tests/e2e/image_hotplug_test.go:190 @ 10/12/25 17:17:20.599&#xA;</system-err>
          </testcase>
          <testcase name="[It] ImageHotplug When the resources are ready to use attaches the images into the `VirtualMachine`" classname="Tests" status="skipped" time="0">
              <skipped message="skipped - Spec skipped because an earlier spec in an ordered container failed"></skipped>
              <system-err>[SKIPPED] Spec skipped because an earlier spec in an ordered container failed&#xA;In [It] at: /Users/antont/ansible_deckhouse/virtualization-full/tests/e2e/image_hotplug_test.go:196 @ 10/12/25 17:17:20.599&#xA;</system-err>
          </testcase>
          <testcase name="[It] ImageHotplug When the resources are ready to use checks the `VirtualMachine` and the `VirtualMachineBlockDeviceAttachments` phases" classname="Tests" status="skipped" time="0">
              <skipped message="skipped - Spec skipped because an earlier spec in an ordered container failed"></skipped>
              <system-err>[SKIPPED] Spec skipped because an earlier spec in an ordered container failed&#xA;In [It] at: /Users/antont/ansible_deckhouse/virtualization-full/tests/e2e/image_hotplug_test.go:204 @ 10/12/25 17:17:20.599&#xA;</system-err>
          </testcase>
          <testcase name="[It] ImageHotplug When the resources are ready to use compares the disk count before and after attachment" classname="Tests" status="skipped" time="0">
              <skipped message="skipped - Spec skipped because an earlier spec in an ordered container failed"></skipped>
              <system-err>[SKIPPED] Spec skipped because an earlier spec in an ordered container failed&#xA;In [It] at: /Users/antont/ansible_deckhouse/virtualization-full/tests/e2e/image_hotplug_test.go:224 @ 10/12/25 17:17:20.599&#xA;</system-err>
          </testcase>
          <testcase name="[It] ImageHotplug When the resources are ready to use checks that the `ISO` image is attached as `CD-ROM`" classname="Tests" status="skipped" time="0">
              <skipped message="skipped - Spec skipped because an earlier spec in an ordered container failed"></skipped>
              <system-err>[SKIPPED] Spec skipped because an earlier spec in an ordered container failed&#xA;In [It] at: /Users/antont/ansible_deckhouse/virtualization-full/tests/e2e/image_hotplug_test.go:236 @ 10/12/25 17:17:20.599&#xA;</system-err>
          </testcase>
          <testcase name="[It] ImageHotplug When the resources are ready to use check that the images are attached as the `ReadOnly` devices" classname="Tests" status="skipped" time="0">
              <skipped message="skipped - Spec skipped because an earlier spec in an ordered container failed"></skipped>
              <system-err>[SKIPPED] Spec skipped because an earlier spec in an ordered container failed&#xA;In [It] at: /Users/antont/ansible_deckhouse/virtualization-full/tests/e2e/image_hotplug_test.go:258 @ 10/12/25 17:17:20.599&#xA;</system-err>
          </testcase>
          <testcase name="[It] ImageHotplug When the resources are ready to use detaches the images" classname="Tests" status="skipped" time="0">
              <skipped message="skipped - Spec skipped because an earlier spec in an ordered container failed"></skipped>
              <system-err>[SKIPPED] Spec skipped because an earlier spec in an ordered container failed&#xA;In [It] at: /Users/antont/ansible_deckhouse/virtualization-full/tests/e2e/image_hotplug_test.go:284 @ 10/12/25 17:17:20.599&#xA;</system-err>
          </testcase>
          <testcase name="[It] ImageHotplug When the resources are ready to use compares the disk count after detachment" classname="Tests" status="skipped" time="0">
              <skipped message="skipped - Spec skipped because an earlier spec in an ordered container failed"></skipped>
              <system-err>[SKIPPED] Spec skipped because an earlier spec in an ordered container failed&#xA;In [It] at: /Users/antont/ansible_deckhouse/virtualization-full/tests/e2e/image_hotplug_test.go:294 @ 10/12/25 17:17:20.599&#xA;</system-err>
          </testcase>
          <testcase name="[It] ImageHotplug When test is completed deletes test case resources" classname="Tests" status="skipped" time="0">
              <skipped message="skipped - Spec skipped because an earlier spec in an ordered container failed"></skipped>
              <system-err>[SKIPPED] Spec skipped because an earlier spec in an ordered container failed&#xA;In [It] at: /Users/antont/ansible_deckhouse/virtualization-full/tests/e2e/image_hotplug_test.go:309 @ 10/12/25 17:17:20.6&#xA;</system-err>
          </testcase>
          <testcase name="[It] ComplexTest When virtualization resources are applied result should be succeeded [Serial]" classname="Tests" status="passed" time="30.966739459">
              <system-err>&gt; Enter [BeforeAll] ComplexTest - /Users/antont/ansible_deckhouse/virtualization-full/tests/e2e/complex_test.go:52 @ 10/12/25 17:17:20.6&#xA;&lt; Exit [BeforeAll] ComplexTest - /Users/antont/ansible_deckhouse/virtualization-full/tests/e2e/complex_test.go:52 @ 10/12/25 17:17:22.554 (1.954s)&#xA;&gt; Enter [It] result should be succeeded - /Users/antont/ansible_deckhouse/virtualization-full/tests/e2e/complex_test.go:62 @ 10/12/25 17:17:22.554&#xA;&lt; Exit [It] result should be succeeded - /Users/antont/ansible_deckhouse/virtualization-full/tests/e2e/complex_test.go:62 @ 10/12/25 17:17:51.566 (29.012s)&#xA;&gt; Enter [AfterEach] ComplexTest - /Users/antont/ansible_deckhouse/virtualization-full/tests/e2e/complex_test.go:46 @ 10/12/25 17:17:51.566&#xA;&lt; Exit [AfterEach] ComplexTest - /Users/antont/ansible_deckhouse/virtualization-full/tests/e2e/complex_test.go:46 @ 10/12/25 17:17:51.566 (0s)&#xA;</system-err>
          </testcase>
          <testcase name="[It] ComplexTest When virtualization resources are applied should fill empty virtualMachineClassName with the default class name [Serial]" classname="Tests" status="passed" time="1.445903875">
              <system-err>&gt; Enter [It] should fill empty virtualMachineClassName with the default class name - /Users/antont/ansible_deckhouse/virtualization-full/tests/e2e/complex_test.go:83 @ 10/12/25 17:17:51.566&#xA;&lt; Exit [It] should fill empty virtualMachineClassName with the default class name - /Users/antont/ansible_deckhouse/virtualization-full/tests/e2e/complex_test.go:83 @ 10/12/25 17:17:53.012 (1.446s)&#xA;&gt; Enter [AfterEach] ComplexTest - /Users/antont/ansible_deckhouse/virtualization-full/tests/e2e/complex_test.go:46 @ 10/12/25 17:17:53.012&#xA;&lt; Exit [AfterEach] ComplexTest - /Users/antont/ansible_deckhouse/virtualization-full/tests/e2e/complex_test.go:46 @ 10/12/25 17:17:53.012 (0s)&#xA;</system-err>
          </testcase>
          <testcase name="[It] ComplexTest When virtual images are applied checks VIs phases [Serial]" classname="Tests" status="passed" time="7.441435792">
              <system-err>&gt; Enter [It] checks VIs phases - /Users/antont/ansible_deckhouse/virtualization-full/tests/e2e/complex_test.go:101 @ 10/12/25 17:17:53.012&#xA;STEP: VIs should be in Ready phases - /Users/antont/ansible_deckhouse/virtualization-full/tests/e2e/complex_test.go:102 @ 10/12/25 17:17:53.012&#xA;&lt; Exit [It] checks VIs phases - /Users/antont/ansible_deckhouse/virtualization-full/tests/e2e/complex_test.go:101 @ 10/12/25 17:18:00.454 (7.441s)&#xA;&gt; Enter [AfterEach] ComplexTest - /Users/antont/ansible_deckhouse/virtualization-full/tests/e2e/complex_test.go:46 @ 10/12/25 17:18:00.454&#xA;&lt; Exit [AfterEach] ComplexTest - /Users/antont/ansible_deckhouse/virtualization-full/tests/e2e/complex_test.go:46 @ 10/12/25 17:18:00.454 (0s)&#xA;</system-err>
          </testcase>
          <testcase name="[It] ComplexTest When cluster virtual images are applied checks CVIs phases [Serial]" classname="Tests" status="passed" time="2.938382291">
              <system-err>&gt; Enter [It] checks CVIs phases - /Users/antont/ansible_deckhouse/virtualization-full/tests/e2e/complex_test.go:112 @ 10/12/25 17:18:00.454&#xA;STEP: CVIs should be in Ready phases - /Users/antont/ansible_deckhouse/virtualization-full/tests/e2e/complex_test.go:113 @ 10/12/25 17:18:00.454&#xA;&lt; Exit [It] checks CVIs phases - /Users/antont/ansible_deckhouse/virtualization-full/tests/e2e/complex_test.go:112 @ 10/12/25 17:18:03.392 (2.938s)&#xA;&gt; Enter [AfterEach] ComplexTest - /Users/antont/ansible_deckhouse/virtualization-full/tests/e2e/complex_test.go:46 @ 10/12/25 17:18:03.392&#xA;&lt; Exit [AfterEach] ComplexTest - /Users/antont/ansible_deckhouse/virtualization-full/tests/e2e/complex_test.go:46 @ 10/12/25 17:18:03.392 (0s)&#xA;</system-err>
          </testcase>
          <testcase name="[It] ComplexTest When virtual machine classes are applied checks VMClasses phases [Serial]" classname="Tests" status="passed" time="2.748212875">
              <system-err>&gt; Enter [It] checks VMClasses phases - /Users/antont/ansible_deckhouse/virtualization-full/tests/e2e/complex_test.go:123 @ 10/12/25 17:18:03.393&#xA;STEP: VMClasses should be in Ready phases - /Users/antont/ansible_deckhouse/virtualization-full/tests/e2e/complex_test.go:124 @ 10/12/25 17:18:03.393&#xA;&lt; Exit [It] checks VMClasses phases - /Users/antont/ansible_deckhouse/virtualization-full/tests/e2e/complex_test.go:123 @ 10/12/25 17:18:06.141 (2.748s)&#xA;&gt; Enter [AfterEach] ComplexTest - /Users/antont/ansible_deckhouse/virtualization-full/tests/e2e/complex_test.go:46 @ 10/12/25 17:18:06.141&#xA;&lt; Exit [AfterEach] ComplexTest - /Users/antont/ansible_deckhouse/virtualization-full/tests/e2e/complex_test.go:46 @ 10/12/25 17:18:06.141 (0s)&#xA;</system-err>
          </testcase>
          <testcase name="[It] ComplexTest When virtual machines IP addresses are applied patches custom VMIP with unassigned address [Serial]" classname="Tests" status="failed" time="351.642834375">
              <failure message="Timed out after 344.295s.&#xA;Expected success, but got an error:&#xA;    &lt;*errors.errorString | 0x140007fe050&gt;: &#xA;    cannot patch VMIP &#34;head-5073ae15-vm-custom-ip&#34; with unnassigned IP address&#xA;    error: timed out waiting for the condition on virtualmachineipaddresses/head-5073ae15-vm-custom-ip&#xA;    &#xA;    {&#xA;        s: &#34;cannot patch VMIP \&#34;head-5073ae15-vm-custom-ip\&#34; with unnassigned IP address\nerror: timed out waiting for the condition on virtualmachineipaddresses/head-5073ae15-vm-custom-ip\n&#34;,&#xA;    }" type="failed">[FAILED] Timed out after 344.295s.&#xA;Expected success, but got an error:&#xA;    &lt;*errors.errorString | 0x140007fe050&gt;: &#xA;    cannot patch VMIP &#34;head-5073ae15-vm-custom-ip&#34; with unnassigned IP address&#xA;    error: timed out waiting for the condition on virtualmachineipaddresses/head-5073ae15-vm-custom-ip&#xA;    &#xA;    {&#xA;        s: &#34;cannot patch VMIP \&#34;head-5073ae15-vm-custom-ip\&#34; with unnassigned IP address\nerror: timed out waiting for the condition on virtualmachineipaddresses/head-5073ae15-vm-custom-ip\n&#34;,&#xA;    }&#xA;In [It] at: /Users/antont/ansible_deckhouse/virtualization-full/tests/e2e/complex_test.go:138 @ 10/12/25 17:23:50.433&#xA;</failure>
              <system-err>&gt; Enter [It] patches custom VMIP with unassigned address - /Users/antont/ansible_deckhouse/virtualization-full/tests/e2e/complex_test.go:134 @ 10/12/25 17:18:06.141&#xA;[FAILED] Timed out after 344.295s.&#xA;Expected success, but got an error:&#xA;    &lt;*errors.errorString | 0x140007fe050&gt;: &#xA;    cannot patch VMIP &#34;head-5073ae15-vm-custom-ip&#34; with unnassigned IP address&#xA;    error: timed out waiting for the condition on virtualmachineipaddresses/head-5073ae15-vm-custom-ip&#xA;    &#xA;    {&#xA;        s: &#34;cannot patch VMIP \&#34;head-5073ae15-vm-custom-ip\&#34; with unnassigned IP address\nerror: timed out waiting for the condition on virtualmachineipaddresses/head-5073ae15-vm-custom-ip\n&#34;,&#xA;    }&#xA;In [It] at: /Users/antont/ansible_deckhouse/virtualization-full/tests/e2e/complex_test.go:138 @ 10/12/25 17:23:50.433&#xA;&lt; Exit [It] patches custom VMIP with unassigned address - /Users/antont/ansible_deckhouse/virtualization-full/tests/e2e/complex_test.go:134 @ 10/12/25 17:23:50.434 (5m44.296s)&#xA;&gt; Enter [AfterEach] ComplexTest - /Users/antont/ansible_deckhouse/virtualization-full/tests/e2e/complex_test.go:46 @ 10/12/25 17:23:50.434&#xA;The list of pods is empty; nothing to dump.&#xA;&lt; Exit [AfterEach] ComplexTest - /Users/antont/ansible_deckhouse/virtualization-full/tests/e2e/complex_test.go:46 @ 10/12/25 17:23:57.781 (7.346s)&#xA;</system-err>
          </testcase>
          <testcase name="[It] ComplexTest When virtual machines IP addresses are applied checks VMIPs phases [Serial]" classname="Tests" status="skipped" time="0">
              <skipped message="skipped - Spec skipped because an earlier spec in an ordered container failed"></skipped>
              <system-err>[SKIPPED] Spec skipped because an earlier spec in an ordered container failed&#xA;In [It] at: /Users/antont/ansible_deckhouse/virtualization-full/tests/e2e/complex_test.go:141 @ 10/12/25 17:23:57.781&#xA;</system-err>
          </testcase>
          <testcase name="[It] ComplexTest When virtual disks are applied checks VDs phases with consumers [Serial]" classname="Tests" status="skipped" time="0">
              <skipped message="skipped - Spec skipped because an earlier spec in an ordered container failed"></skipped>
              <system-err>[SKIPPED] Spec skipped because an earlier spec in an ordered container failed&#xA;In [It] at: /Users/antont/ansible_deckhouse/virtualization-full/tests/e2e/complex_test.go:152 @ 10/12/25 17:23:57.781&#xA;</system-err>
          </testcase>
          <testcase name="[It] ComplexTest When virtual disks are applied checks VDs phases with no consumers [Serial]" classname="Tests" status="skipped" time="0">
              <skipped message="skipped - Spec skipped because an earlier spec in an ordered container failed"></skipped>
              <system-err>[SKIPPED] Spec skipped because an earlier spec in an ordered container failed&#xA;In [It] at: /Users/antont/ansible_deckhouse/virtualization-full/tests/e2e/complex_test.go:162 @ 10/12/25 17:23:57.781&#xA;</system-err>
          </testcase>
          <testcase name="[It] ComplexTest When virtual machines are applied checks VMs phases [Serial]" classname="Tests" status="skipped" time="0">
              <skipped message="skipped - Spec skipped because an earlier spec in an ordered container failed"></skipped>
              <system-err>[SKIPPED] Spec skipped because an earlier spec in an ordered container failed&#xA;In [It] at: /Users/antont/ansible_deckhouse/virtualization-full/tests/e2e/complex_test.go:173 @ 10/12/25 17:23:57.781&#xA;</system-err>
          </testcase>
          <testcase name="[It] ComplexTest When virtual machine block device attachments are applied checks VMBDAs phases [Serial]" classname="Tests" status="skipped" time="0">
              <skipped message="skipped - Spec skipped because an earlier spec in an ordered container failed"></skipped>
              <system-err>[SKIPPED] Spec skipped because an earlier spec in an ordered container failed&#xA;In [It] at: /Users/antont/ansible_deckhouse/virtualization-full/tests/e2e/complex_test.go:184 @ 10/12/25 17:23:57.781&#xA;</system-err>
          </testcase>
          <testcase name="[It] ComplexTest External connection When Virtual machine agents are ready checks VMs external connectivity [Serial]" classname="Tests" status="skipped" time="0">
              <skipped message="skipped - Spec skipped because an earlier spec in an ordered container failed"></skipped>
              <system-err>[SKIPPED] Spec skipped because an earlier spec in an ordered container failed&#xA;In [It] at: /Users/antont/ansible_deckhouse/virtualization-full/tests/e2e/complex_test.go:196 @ 10/12/25 17:23:57.781&#xA;</system-err>
          </testcase>
          <testcase name="[It] ComplexTest Power state checks Verify that the virtual machines are stopping by VMOPs stops VMs by VMOPs [Serial]" classname="Tests" status="skipped" time="0">
              <skipped message="skipped - Spec skipped because an earlier spec in an ordered container failed"></skipped>
              <system-err>[SKIPPED] Spec skipped because an earlier spec in an ordered container failed&#xA;In [It] at: /Users/antont/ansible_deckhouse/virtualization-full/tests/e2e/complex_test.go:220 @ 10/12/25 17:23:57.781&#xA;</system-err>
          </testcase>
          <testcase name="[It] ComplexTest Power state checks Verify that the virtual machines are stopping by VMOPs checks VMOPs and VMs phases [Serial]" classname="Tests" status="skipped" time="0">
              <skipped message="skipped - Spec skipped because an earlier spec in an ordered container failed"></skipped>
              <system-err>[SKIPPED] Spec skipped because an earlier spec in an ordered container failed&#xA;In [It] at: /Users/antont/ansible_deckhouse/virtualization-full/tests/e2e/complex_test.go:245 @ 10/12/25 17:23:57.781&#xA;</system-err>
          </testcase>
          <testcase name="[It] ComplexTest Power state checks Verify that the virtual machines are stopping by VMOPs cleanup AlwaysOn VM VMOPs [Serial]" classname="Tests" status="skipped" time="0">
              <skipped message="skipped - Spec skipped because an earlier spec in an ordered container failed"></skipped>
              <system-err>[SKIPPED] Spec skipped because an earlier spec in an ordered container failed&#xA;In [It] at: /Users/antont/ansible_deckhouse/virtualization-full/tests/e2e/complex_test.go:268 @ 10/12/25 17:23:57.781&#xA;</system-err>
          </testcase>
          <testcase name="[It] ComplexTest Power state checks Verify that the virtual machines are starting starts VMs by VMOP [Serial]" classname="Tests" status="skipped" time="0">
              <skipped message="skipped - Spec skipped because an earlier spec in an ordered container failed"></skipped>
              <system-err>[SKIPPED] Spec skipped because an earlier spec in an ordered container failed&#xA;In [It] at: /Users/antont/ansible_deckhouse/virtualization-full/tests/e2e/complex_test.go:280 @ 10/12/25 17:23:57.781&#xA;</system-err>
          </testcase>
          <testcase name="[It] ComplexTest Power state checks Verify that the virtual machines are starting checks VMs and VMOPs phases [Serial]" classname="Tests" status="skipped" time="0">
              <skipped message="skipped - Spec skipped because an earlier spec in an ordered container failed"></skipped>
              <system-err>[SKIPPED] Spec skipped because an earlier spec in an ordered container failed&#xA;In [It] at: /Users/antont/ansible_deckhouse/virtualization-full/tests/e2e/complex_test.go:299 @ 10/12/25 17:23:57.781&#xA;</system-err>
          </testcase>
          <testcase name="[It] ComplexTest Power state checks Verify that the virtual machines are stopping by ssh stops VMs by ssh [Serial]" classname="Tests" status="skipped" time="0">
              <skipped message="skipped - Spec skipped because an earlier spec in an ordered container failed"></skipped>
              <system-err>[SKIPPED] Spec skipped because an earlier spec in an ordered container failed&#xA;In [It] at: /Users/antont/ansible_deckhouse/virtualization-full/tests/e2e/complex_test.go:316 @ 10/12/25 17:23:57.781&#xA;</system-err>
          </testcase>
          <testcase name="[It] ComplexTest Power state checks Verify that the virtual machines are stopping by ssh checks VMs phases [Serial]" classname="Tests" status="skipped" time="0">
              <skipped message="skipped - Spec skipped because an earlier spec in an ordered container failed"></skipped>
              <system-err>[SKIPPED] Spec skipped because an earlier spec in an ordered container failed&#xA;In [It] at: /Users/antont/ansible_deckhouse/virtualization-full/tests/e2e/complex_test.go:341 @ 10/12/25 17:23:57.781&#xA;</system-err>
          </testcase>
          <testcase name="[It] ComplexTest Power state checks Verify that the virtual machines are stopping by ssh start not AlwaysOn VMs [Serial]" classname="Tests" status="skipped" time="0">
              <skipped message="skipped - Spec skipped because an earlier spec in an ordered container failed"></skipped>
              <system-err>[SKIPPED] Spec skipped because an earlier spec in an ordered container failed&#xA;In [It] at: /Users/antont/ansible_deckhouse/virtualization-full/tests/e2e/complex_test.go:354 @ 10/12/25 17:23:57.781&#xA;</system-err>
          </testcase>
          <testcase name="[It] ComplexTest Power state checks Verify that the virtual machines are stopping by ssh checks VMs and VMOPs phases [Serial]" classname="Tests" status="skipped" time="0">
              <skipped message="skipped - Spec skipped because an earlier spec in an ordered container failed"></skipped>
              <system-err>[SKIPPED] Spec skipped because an earlier spec in an ordered container failed&#xA;In [It] at: /Users/antont/ansible_deckhouse/virtualization-full/tests/e2e/complex_test.go:358 @ 10/12/25 17:23:57.781&#xA;</system-err>
          </testcase>
          <testcase name="[It] ComplexTest Power state checks Verify that the virtual machines are restarting by VMOP reboot VMs by VMOP [Serial]" classname="Tests" status="skipped" time="0">
              <skipped message="skipped - Spec skipped because an earlier spec in an ordered container failed"></skipped>
              <system-err>[SKIPPED] Spec skipped because an earlier spec in an ordered container failed&#xA;In [It] at: /Users/antont/ansible_deckhouse/virtualization-full/tests/e2e/complex_test.go:375 @ 10/12/25 17:23:57.781&#xA;</system-err>
          </testcase>
          <testcase name="[It] ComplexTest Power state checks Verify that the virtual machines are restarting by VMOP checks VMs and VMOPs phases [Serial]" classname="Tests" status="skipped" time="0">
              <skipped message="skipped - Spec skipped because an earlier spec in an ordered container failed"></skipped>
              <system-err>[SKIPPED] Spec skipped because an earlier spec in an ordered container failed&#xA;In [It] at: /Users/antont/ansible_deckhouse/virtualization-full/tests/e2e/complex_test.go:388 @ 10/12/25 17:23:57.781&#xA;</system-err>
          </testcase>
          <testcase name="[It] ComplexTest Power state checks Verify that the virtual machines are restarting by ssh reboot VMs by ssh [Serial]" classname="Tests" status="skipped" time="0">
              <skipped message="skipped - Spec skipped because an earlier spec in an ordered container failed"></skipped>
              <system-err>[SKIPPED] Spec skipped because an earlier spec in an ordered container failed&#xA;In [It] at: /Users/antont/ansible_deckhouse/virtualization-full/tests/e2e/complex_test.go:405 @ 10/12/25 17:23:57.781&#xA;</system-err>
          </testcase>
          <testcase name="[It] ComplexTest Power state checks Verify that the virtual machines are restarting after deleting their pods reboots the VMs by deleting their pods [Serial]" classname="Tests" status="skipped" time="0">
              <skipped message="skipped - Spec skipped because an earlier spec in an ordered container failed"></skipped>
              <system-err>[SKIPPED] Spec skipped because an earlier spec in an ordered container failed&#xA;In [It] at: /Users/antont/ansible_deckhouse/virtualization-full/tests/e2e/complex_test.go:444 @ 10/12/25 17:23:57.781&#xA;</system-err>
          </testcase>
          <testcase name="[It] ComplexTest Power state checks Verify that the virtual machines are restarting after deleting their pods checks VMs external connection after reboot [Serial]" classname="Tests" status="skipped" time="0">
              <skipped message="skipped - Spec skipped because an earlier spec in an ordered container failed"></skipped>
              <system-err>[SKIPPED] Spec skipped because an earlier spec in an ordered container failed&#xA;In [It] at: /Users/antont/ansible_deckhouse/virtualization-full/tests/e2e/complex_test.go:479 @ 10/12/25 17:23:57.781&#xA;</system-err>
          </testcase>
          <testcase name="[It] ComplexTest Migrations When Virtual machine agents are ready starts migrations [Serial]" classname="Tests" status="skipped" time="0">
              <skipped message="skipped - Spec skipped because an earlier spec in an ordered container failed"></skipped>
              <system-err>[SKIPPED] Spec skipped because an earlier spec in an ordered container failed&#xA;In [It] at: /Users/antont/ansible_deckhouse/virtualization-full/tests/e2e/complex_test.go:497 @ 10/12/25 17:23:57.782&#xA;</system-err>
          </testcase>
          <testcase name="[It] ComplexTest Migrations When VMs migrations are applied checks VMs and VMOPs phases [Serial]" classname="Tests" status="skipped" time="0">
              <skipped message="skipped - Spec skipped because an earlier spec in an ordered container failed"></skipped>
              <system-err>[SKIPPED] Spec skipped because an earlier spec in an ordered container failed&#xA;In [It] at: /Users/antont/ansible_deckhouse/virtualization-full/tests/e2e/complex_test.go:512 @ 10/12/25 17:23:57.782&#xA;</system-err>
          </testcase>
          <testcase name="[It] ComplexTest Migrations When VMs migrations are applied checks VMs external connection after migrations [Serial]" classname="Tests" status="skipped" time="0">
              <skipped message="skipped - Spec skipped because an earlier spec in an ordered container failed"></skipped>
              <system-err>[SKIPPED] Spec skipped because an earlier spec in an ordered container failed&#xA;In [It] at: /Users/antont/ansible_deckhouse/virtualization-full/tests/e2e/complex_test.go:528 @ 10/12/25 17:23:57.782&#xA;</system-err>
          </testcase>
          <testcase name="[It] ComplexTest When test is completed deletes test case resources [Serial]" classname="Tests" status="skipped" time="0">
              <skipped message="skipped - Spec skipped because an earlier spec in an ordered container failed"></skipped>
              <system-err>[SKIPPED] Spec skipped because an earlier spec in an ordered container failed&#xA;In [It] at: /Users/antont/ansible_deckhouse/virtualization-full/tests/e2e/complex_test.go:545 @ 10/12/25 17:23:57.782&#xA;</system-err>
          </testcase>
          <testcase name="[It] [sig-storage] StorageClassMigration should be successful when only root disk changed storage class [SIG-Storage]" classname="Tests" status="skipped" time="0.000131708">
              <skipped message="skipped - This test case is not working everytime. Should be fixed."></skipped>
              <system-err>&gt; Enter [BeforeEach] [sig-storage] StorageClassMigration - /Users/antont/ansible_deckhouse/virtualization-full/tests/e2e/storage/volume_migration_storage_class_changed.go:48 @ 10/12/25 17:23:57.782&#xA;[SKIPPED] This test case is not working everytime. Should be fixed.&#xA;In [BeforeEach] at: /Users/antont/ansible_deckhouse/virtualization-full/tests/e2e/storage/volume_migration_storage_class_changed.go:50 @ 10/12/25 17:23:57.782&#xA;&lt; Exit [BeforeEach] [sig-storage] StorageClassMigration - /Users/antont/ansible_deckhouse/virtualization-full/tests/e2e/storage/volume_migration_storage_class_changed.go:48 @ 10/12/25 17:23:57.782 (0s)&#xA;</system-err>
          </testcase>
          <testcase name="[It] [sig-storage] StorageClassMigration should be successful when root disk changed storage class and one local additional disk [SIG-Storage]" classname="Tests" status="skipped" time="6.4208e-05">
              <skipped message="skipped - This test case is not working everytime. Should be fixed."></skipped>
              <system-err>&gt; Enter [BeforeEach] [sig-storage] StorageClassMigration - /Users/antont/ansible_deckhouse/virtualization-full/tests/e2e/storage/volume_migration_storage_class_changed.go:48 @ 10/12/25 17:23:57.782&#xA;[SKIPPED] This test case is not working everytime. Should be fixed.&#xA;In [BeforeEach] at: /Users/antont/ansible_deckhouse/virtualization-full/tests/e2e/storage/volume_migration_storage_class_changed.go:50 @ 10/12/25 17:23:57.782&#xA;&lt; Exit [BeforeEach] [sig-storage] StorageClassMigration - /Users/antont/ansible_deckhouse/virtualization-full/tests/e2e/storage/volume_migration_storage_class_changed.go:48 @ 10/12/25 17:23:57.782 (0s)&#xA;</system-err>
          </testcase>
          <testcase name="[It] [sig-storage] StorageClassMigration should be successful when root disk changed storage class and one additional disk [SIG-Storage]" classname="Tests" status="skipped" time="7.0333e-05">
              <skipped message="skipped - This test case is not working everytime. Should be fixed."></skipped>
              <system-err>&gt; Enter [BeforeEach] [sig-storage] StorageClassMigration - /Users/antont/ansible_deckhouse/virtualization-full/tests/e2e/storage/volume_migration_storage_class_changed.go:48 @ 10/12/25 17:23:57.782&#xA;[SKIPPED] This test case is not working everytime. Should be fixed.&#xA;In [BeforeEach] at: /Users/antont/ansible_deckhouse/virtualization-full/tests/e2e/storage/volume_migration_storage_class_changed.go:50 @ 10/12/25 17:23:57.782&#xA;&lt; Exit [BeforeEach] [sig-storage] StorageClassMigration - /Users/antont/ansible_deckhouse/virtualization-full/tests/e2e/storage/volume_migration_storage_class_changed.go:48 @ 10/12/25 17:23:57.782 (0s)&#xA;</system-err>
          </testcase>
          <testcase name="[It] [sig-storage] StorageClassMigration should be successful when only additional disk changed storage class [SIG-Storage]" classname="Tests" status="skipped" time="7e-05">
              <skipped message="skipped - This test case is not working everytime. Should be fixed."></skipped>
              <system-err>&gt; Enter [BeforeEach] [sig-storage] StorageClassMigration - /Users/antont/ansible_deckhouse/virtualization-full/tests/e2e/storage/volume_migration_storage_class_changed.go:48 @ 10/12/25 17:23:57.782&#xA;[SKIPPED] This test case is not working everytime. Should be fixed.&#xA;In [BeforeEach] at: /Users/antont/ansible_deckhouse/virtualization-full/tests/e2e/storage/volume_migration_storage_class_changed.go:50 @ 10/12/25 17:23:57.782&#xA;&lt; Exit [BeforeEach] [sig-storage] StorageClassMigration - /Users/antont/ansible_deckhouse/virtualization-full/tests/e2e/storage/volume_migration_storage_class_changed.go:48 @ 10/12/25 17:23:57.782 (0s)&#xA;</system-err>
          </testcase>
          <testcase name="[It] [sig-storage] StorageClassMigration should be reverted when only root disk changed storage class [SIG-Storage]" classname="Tests" status="skipped" time="0.000268833">
              <skipped message="skipped - This test case is not working everytime. Should be fixed."></skipped>
              <system-err>&gt; Enter [BeforeEach] [sig-storage] StorageClassMigration - /Users/antont/ansible_deckhouse/virtualization-full/tests/e2e/storage/volume_migration_storage_class_changed.go:48 @ 10/12/25 17:23:57.782&#xA;[SKIPPED] This test case is not working everytime. Should be fixed.&#xA;In [BeforeEach] at: /Users/antont/ansible_deckhouse/virtualization-full/tests/e2e/storage/volume_migration_storage_class_changed.go:50 @ 10/12/25 17:23:57.783&#xA;&lt; Exit [BeforeEach] [sig-storage] StorageClassMigration - /Users/antont/ansible_deckhouse/virtualization-full/tests/e2e/storage/volume_migration_storage_class_changed.go:48 @ 10/12/25 17:23:57.783 (0s)&#xA;</system-err>
          </testcase>
          <testcase name="[It] [sig-storage] StorageClassMigration should be reverted when root disk changed storage class and one local additional disk [SIG-Storage]" classname="Tests" status="skipped" time="0.000112834">
              <skipped message="skipped - This test case is not working everytime. Should be fixed."></skipped>
              <system-err>&gt; Enter [BeforeEach] [sig-storage] StorageClassMigration - /Users/antont/ansible_deckhouse/virtualization-full/tests/e2e/storage/volume_migration_storage_class_changed.go:48 @ 10/12/25 17:23:57.783&#xA;[SKIPPED] This test case is not working everytime. Should be fixed.&#xA;In [BeforeEach] at: /Users/antont/ansible_deckhouse/virtualization-full/tests/e2e/storage/volume_migration_storage_class_changed.go:50 @ 10/12/25 17:23:57.783&#xA;&lt; Exit [BeforeEach] [sig-storage] StorageClassMigration - /Users/antont/ansible_deckhouse/virtualization-full/tests/e2e/storage/volume_migration_storage_class_changed.go:48 @ 10/12/25 17:23:57.783 (0s)&#xA;</system-err>
          </testcase>
          <testcase name="[It] [sig-storage] StorageClassMigration should be reverted when root disk changed storage class and one additional disk [SIG-Storage]" classname="Tests" status="skipped" time="7.2166e-05">
              <skipped message="skipped - This test case is not working everytime. Should be fixed."></skipped>
              <system-err>&gt; Enter [BeforeEach] [sig-storage] StorageClassMigration - /Users/antont/ansible_deckhouse/virtualization-full/tests/e2e/storage/volume_migration_storage_class_changed.go:48 @ 10/12/25 17:23:57.783&#xA;[SKIPPED] This test case is not working everytime. Should be fixed.&#xA;In [BeforeEach] at: /Users/antont/ansible_deckhouse/virtualization-full/tests/e2e/storage/volume_migration_storage_class_changed.go:50 @ 10/12/25 17:23:57.783&#xA;&lt; Exit [BeforeEach] [sig-storage] StorageClassMigration - /Users/antont/ansible_deckhouse/virtualization-full/tests/e2e/storage/volume_migration_storage_class_changed.go:48 @ 10/12/25 17:23:57.783 (0s)&#xA;</system-err>
          </testcase>
          <testcase name="[It] [sig-storage] StorageClassMigration should be reverted when only additional disk changed storage class [SIG-Storage]" classname="Tests" status="skipped" time="6.2083e-05">
              <skipped message="skipped - This test case is not working everytime. Should be fixed."></skipped>
              <system-err>&gt; Enter [BeforeEach] [sig-storage] StorageClassMigration - /Users/antont/ansible_deckhouse/virtualization-full/tests/e2e/storage/volume_migration_storage_class_changed.go:48 @ 10/12/25 17:23:57.783&#xA;[SKIPPED] This test case is not working everytime. Should be fixed.&#xA;In [BeforeEach] at: /Users/antont/ansible_deckhouse/virtualization-full/tests/e2e/storage/volume_migration_storage_class_changed.go:50 @ 10/12/25 17:23:57.783&#xA;&lt; Exit [BeforeEach] [sig-storage] StorageClassMigration - /Users/antont/ansible_deckhouse/virtualization-full/tests/e2e/storage/volume_migration_storage_class_changed.go:48 @ 10/12/25 17:23:57.783 (0s)&#xA;</system-err>
          </testcase>
          <testcase name="[It] [sig-storage] StorageClassMigration should be successful two migrations in a row [SIG-Storage]" classname="Tests" status="skipped" time="5.5875e-05">
              <skipped message="skipped - This test case is not working everytime. Should be fixed."></skipped>
              <system-err>&gt; Enter [BeforeEach] [sig-storage] StorageClassMigration - /Users/antont/ansible_deckhouse/virtualization-full/tests/e2e/storage/volume_migration_storage_class_changed.go:48 @ 10/12/25 17:23:57.783&#xA;[SKIPPED] This test case is not working everytime. Should be fixed.&#xA;In [BeforeEach] at: /Users/antont/ansible_deckhouse/virtualization-full/tests/e2e/storage/volume_migration_storage_class_changed.go:50 @ 10/12/25 17:23:57.783&#xA;&lt; Exit [BeforeEach] [sig-storage] StorageClassMigration - /Users/antont/ansible_deckhouse/virtualization-full/tests/e2e/storage/volume_migration_storage_class_changed.go:48 @ 10/12/25 17:23:57.783 (0s)&#xA;</system-err>
          </testcase>
          <testcase name="[It] SizingPolicy When resources are applied result should be succeeded" classname="Tests" status="passed" time="8.977357709">
              <system-err>&gt; Enter [BeforeAll] SizingPolicy - /Users/antont/ansible_deckhouse/virtualization-full/tests/e2e/sizing_policy_test.go:52 @ 10/12/25 17:23:57.783&#xA;&lt; Exit [BeforeAll] SizingPolicy - /Users/antont/ansible_deckhouse/virtualization-full/tests/e2e/sizing_policy_test.go:52 @ 10/12/25 17:23:59.729 (1.946s)&#xA;&gt; Enter [BeforeEach] SizingPolicy - /Users/antont/ansible_deckhouse/virtualization-full/tests/e2e/sizing_policy_test.go:67 @ 10/12/25 17:23:59.729&#xA;&lt; Exit [BeforeEach] SizingPolicy - /Users/antont/ansible_deckhouse/virtualization-full/tests/e2e/sizing_policy_test.go:67 @ 10/12/25 17:23:59.729 (0s)&#xA;&gt; Enter [It] result should be succeeded - /Users/antont/ansible_deckhouse/virtualization-full/tests/e2e/sizing_policy_test.go:80 @ 10/12/25 17:23:59.729&#xA;&lt; Exit [It] result should be succeeded - /Users/antont/ansible_deckhouse/virtualization-full/tests/e2e/sizing_policy_test.go:80 @ 10/12/25 17:24:06.761 (7.032s)&#xA;&gt; Enter [AfterEach] SizingPolicy - /Users/antont/ansible_deckhouse/virtualization-full/tests/e2e/sizing_policy_test.go:73 @ 10/12/25 17:24:06.761&#xA;&lt; Exit [AfterEach] SizingPolicy - /Users/antont/ansible_deckhouse/virtualization-full/tests/e2e/sizing_policy_test.go:73 @ 10/12/25 17:24:06.761 (0s)&#xA;</system-err>
          </testcase>
          <testcase name="[It] SizingPolicy When virtual images are applied checks VIs phases" classname="Tests" status="passed" time="4.863903875">
              <system-err>&gt; Enter [BeforeEach] SizingPolicy - /Users/antont/ansible_deckhouse/virtualization-full/tests/e2e/sizing_policy_test.go:67 @ 10/12/25 17:24:06.761&#xA;&lt; Exit [BeforeEach] SizingPolicy - /Users/antont/ansible_deckhouse/virtualization-full/tests/e2e/sizing_policy_test.go:67 @ 10/12/25 17:24:06.761 (0s)&#xA;&gt; Enter [It] checks VIs phases - /Users/antont/ansible_deckhouse/virtualization-full/tests/e2e/sizing_policy_test.go:90 @ 10/12/25 17:24:06.761&#xA;STEP: VIs should be in Ready phases - /Users/antont/ansible_deckhouse/virtualization-full/tests/e2e/sizing_policy_test.go:91 @ 10/12/25 17:24:06.761&#xA;&lt; Exit [It] checks VIs phases - /Users/antont/ansible_deckhouse/virtualization-full/tests/e2e/sizing_policy_test.go:90 @ 10/12/25 17:24:11.625 (4.864s)&#xA;&gt; Enter [AfterEach] SizingPolicy - /Users/antont/ansible_deckhouse/virtualization-full/tests/e2e/sizing_policy_test.go:73 @ 10/12/25 17:24:11.625&#xA;&lt; Exit [AfterEach] SizingPolicy - /Users/antont/ansible_deckhouse/virtualization-full/tests/e2e/sizing_policy_test.go:73 @ 10/12/25 17:24:11.625 (0s)&#xA;</system-err>
          </testcase>
          <testcase name="[It] SizingPolicy When virtual disks are applied checks VDs phases with map[vm:not-existing-vmclass-with-changing] and map[vm:not-existing-vmclass-with-creating] label" classname="Tests" status="failed" time="1008.547644042">
              <failure message="should observe resources in &#39;&#39;jsonpath={.status.phase}=Ready&#39;&#39; state before 16m40s timeout&#xA;Expected&#xA;    &lt;[]string | len:1, cap:2&gt;: [&#xA;        &#34;cmd: kubectl wait virtualdisks.virtualization.deckhouse.io head-5073ae15-vd-root-not-existing-vmclass-with-changing --namespace head-5073ae15-end-to-end-sizing-policy --for=&#39;jsonpath={.status.phase}=Ready&#39; --timeout=16m40s\nstderr: error: timed out waiting for the condition on virtualdisks/head-5073ae15-vd-root-not-existing-vmclass-with-changing\n\nwaited for: &#39;jsonpath={.status.phase}=Ready&#39;&#34;,&#xA;    ]&#xA;to be empty" type="failed">[FAILED] should observe resources in &#39;&#39;jsonpath={.status.phase}=Ready&#39;&#39; state before 16m40s timeout&#xA;Expected&#xA;    &lt;[]string | len:1, cap:2&gt;: [&#xA;        &#34;cmd: kubectl wait virtualdisks.virtualization.deckhouse.io head-5073ae15-vd-root-not-existing-vmclass-with-changing --namespace head-5073ae15-end-to-end-sizing-policy --for=&#39;jsonpath={.status.phase}=Ready&#39; --timeout=16m40s\nstderr: error: timed out waiting for the condition on virtualdisks/head-5073ae15-vd-root-not-existing-vmclass-with-changing\n\nwaited for: &#39;jsonpath={.status.phase}=Ready&#39;&#34;,&#xA;    ]&#xA;to be empty&#xA;In [It] at: /Users/antont/ansible_deckhouse/virtualization-full/tests/e2e/sizing_policy_test.go:103 @ 10/12/25 17:40:53.774&#xA;</failure>
              <system-err>&gt; Enter [BeforeEach] SizingPolicy - /Users/antont/ansible_deckhouse/virtualization-full/tests/e2e/sizing_policy_test.go:67 @ 10/12/25 17:24:11.625&#xA;&lt; Exit [BeforeEach] SizingPolicy - /Users/antont/ansible_deckhouse/virtualization-full/tests/e2e/sizing_policy_test.go:67 @ 10/12/25 17:24:11.625 (0s)&#xA;&gt; Enter [It] checks VDs phases with map[vm:not-existing-vmclass-with-changing] and map[vm:not-existing-vmclass-with-creating] label - /Users/antont/ansible_deckhouse/virtualization-full/tests/e2e/sizing_policy_test.go:101 @ 10/12/25 17:24:11.625&#xA;STEP: VDs should be in Ready phases - /Users/antont/ansible_deckhouse/virtualization-full/tests/e2e/sizing_policy_test.go:102 @ 10/12/25 17:24:11.625&#xA;[FAILED] should observe resources in &#39;&#39;jsonpath={.status.phase}=Ready&#39;&#39; state before 16m40s timeout&#xA;Expected&#xA;    &lt;[]string | len:1, cap:2&gt;: [&#xA;        &#34;cmd: kubectl wait virtualdisks.virtualization.deckhouse.io head-5073ae15-vd-root-not-existing-vmclass-with-changing --namespace head-5073ae15-end-to-end-sizing-policy --for=&#39;jsonpath={.status.phase}=Ready&#39; --timeout=16m40s\nstderr: error: timed out waiting for the condition on virtualdisks/head-5073ae15-vd-root-not-existing-vmclass-with-changing\n\nwaited for: &#39;jsonpath={.status.phase}=Ready&#39;&#34;,&#xA;    ]&#xA;to be empty&#xA;In [It] at: /Users/antont/ansible_deckhouse/virtualization-full/tests/e2e/sizing_policy_test.go:103 @ 10/12/25 17:40:53.774&#xA;&lt; Exit [It] checks VDs phases with map[vm:not-existing-vmclass-with-changing] and map[vm:not-existing-vmclass-with-creating] label - /Users/antont/ansible_deckhouse/virtualization-full/tests/e2e/sizing_policy_test.go:101 @ 10/12/25 17:40:53.775 (16m42.158s)&#xA;&gt; Enter [AfterEach] SizingPolicy - /Users/antont/ansible_deckhouse/virtualization-full/tests/e2e/sizing_policy_test.go:73 @ 10/12/25 17:40:53.775&#xA;The list of pods is empty; nothing to dump.&#xA;&lt; Exit [AfterEach] SizingPolicy - /Users/antont/ansible_deckhouse/virtualization-full/tests/e2e/sizing_policy_test.go:73 @ 10/12/25 17:41:00.164 (6.389s)&#xA;</system-err>
          </testcase>
          <testcase name="[It] SizingPolicy When virtual disks are applied checks VDs phases with map[vm:existing-vmclass] label" classname="Tests" status="skipped" time="0">
              <skipped message="skipped - Spec skipped because an earlier spec in an ordered container failed"></skipped>
              <system-err>[SKIPPED] Spec skipped because an earlier spec in an ordered container failed&#xA;In [It] at: /Users/antont/ansible_deckhouse/virtualization-full/tests/e2e/sizing_policy_test.go:115 @ 10/12/25 17:41:00.164&#xA;</system-err>
          </testcase>
          <testcase name="[It] SizingPolicy When virtual machines are applied checks VMs phases with map[vm:not-existing-vmclass-with-changing] and map[vm:not-existing-vmclass-with-creating] label" classname="Tests" status="skipped" time="0">
              <skipped message="skipped - Spec skipped because an earlier spec in an ordered container failed"></skipped>
              <system-err>[SKIPPED] Spec skipped because an earlier spec in an ordered container failed&#xA;In [It] at: /Users/antont/ansible_deckhouse/virtualization-full/tests/e2e/sizing_policy_test.go:126 @ 10/12/25 17:41:00.164&#xA;</system-err>
          </testcase>
          <testcase name="[It] SizingPolicy When virtual machines are applied checks VMs phases with map[vm:existing-vmclass] label" classname="Tests" status="skipped" time="0">
              <skipped message="skipped - Spec skipped because an earlier spec in an ordered container failed"></skipped>
              <system-err>[SKIPPED] Spec skipped because an earlier spec in an ordered container failed&#xA;In [It] at: /Users/antont/ansible_deckhouse/virtualization-full/tests/e2e/sizing_policy_test.go:140 @ 10/12/25 17:41:00.164&#xA;</system-err>
          </testcase>
          <testcase name="[It] SizingPolicy Not existing virtual machine class When virtual machine with label map[vm:not-existing-vmclass-with-changing] in phase Pending checks condition status before changing &#39;virtulaMachineCLass` field with existing class" classname="Tests" status="skipped" time="0">
              <skipped message="skipped - Spec skipped because an earlier spec in an ordered container failed"></skipped>
              <system-err>[SKIPPED] Spec skipped because an earlier spec in an ordered container failed&#xA;In [It] at: /Users/antont/ansible_deckhouse/virtualization-full/tests/e2e/sizing_policy_test.go:152 @ 10/12/25 17:41:00.164&#xA;</system-err>
          </testcase>
          <testcase name="[It] SizingPolicy Not existing virtual machine class When virtual machine with label map[vm:not-existing-vmclass-with-changing] in phase Pending changes VMClassName in VM specification with existing VMClass" classname="Tests" status="skipped" time="0">
              <skipped message="skipped - Spec skipped because an earlier spec in an ordered container failed"></skipped>
              <system-err>[SKIPPED] Spec skipped because an earlier spec in an ordered container failed&#xA;In [It] at: /Users/antont/ansible_deckhouse/virtualization-full/tests/e2e/sizing_policy_test.go:157 @ 10/12/25 17:41:00.164&#xA;</system-err>
          </testcase>
          <testcase name="[It] SizingPolicy Not existing virtual machine class When virtual machine with label map[vm:not-existing-vmclass-with-changing] in phase Pending checks VM phase and condition status after changing" classname="Tests" status="skipped" time="0">
              <skipped message="skipped - Spec skipped because an earlier spec in an ordered container failed"></skipped>
              <system-err>[SKIPPED] Spec skipped because an earlier spec in an ordered container failed&#xA;In [It] at: /Users/antont/ansible_deckhouse/virtualization-full/tests/e2e/sizing_policy_test.go:163 @ 10/12/25 17:41:00.165&#xA;</system-err>
          </testcase>
          <testcase name="[It] SizingPolicy Not existing virtual machine class When virtual machine with label map[vm:not-existing-vmclass-with-creating] in phase Pending checks condition status before creating `VirtualMachineClass`" classname="Tests" status="skipped" time="0">
              <skipped message="skipped - Spec skipped because an earlier spec in an ordered container failed"></skipped>
              <system-err>[SKIPPED] Spec skipped because an earlier spec in an ordered container failed&#xA;In [It] at: /Users/antont/ansible_deckhouse/virtualization-full/tests/e2e/sizing_policy_test.go:176 @ 10/12/25 17:41:00.165&#xA;</system-err>
          </testcase>
          <testcase name="[It] SizingPolicy Not existing virtual machine class When virtual machine with label map[vm:not-existing-vmclass-with-creating] in phase Pending changes VMClassName in VM specification with not existing VMClass which have correct prefix for creating" classname="Tests" status="skipped" time="0">
              <skipped message="skipped - Spec skipped because an earlier spec in an ordered container failed"></skipped>
              <system-err>[SKIPPED] Spec skipped because an earlier spec in an ordered container failed&#xA;In [It] at: /Users/antont/ansible_deckhouse/virtualization-full/tests/e2e/sizing_policy_test.go:181 @ 10/12/25 17:41:00.165&#xA;</system-err>
          </testcase>
          <testcase name="[It] SizingPolicy Not existing virtual machine class When virtual machine with label map[vm:not-existing-vmclass-with-creating] in phase Pending creates new `VirtualMachineClass`" classname="Tests" status="skipped" time="0">
              <skipped message="skipped - Spec skipped because an earlier spec in an ordered container failed"></skipped>
              <system-err>[SKIPPED] Spec skipped because an earlier spec in an ordered container failed&#xA;In [It] at: /Users/antont/ansible_deckhouse/virtualization-full/tests/e2e/sizing_policy_test.go:187 @ 10/12/25 17:41:00.165&#xA;</system-err>
          </testcase>
          <testcase name="[It] SizingPolicy Not existing virtual machine class When virtual machine with label map[vm:not-existing-vmclass-with-creating] in phase Pending checks VM phase and condition after creating" classname="Tests" status="skipped" time="0">
              <skipped message="skipped - Spec skipped because an earlier spec in an ordered container failed"></skipped>
              <system-err>[SKIPPED] Spec skipped because an earlier spec in an ordered container failed&#xA;In [It] at: /Users/antont/ansible_deckhouse/virtualization-full/tests/e2e/sizing_policy_test.go:202 @ 10/12/25 17:41:00.165&#xA;</system-err>
          </testcase>
          <testcase name="[It] SizingPolicy When virtual machines in phase Running checks sizing policy match" classname="Tests" status="skipped" time="0">
              <skipped message="skipped - Spec skipped because an earlier spec in an ordered container failed"></skipped>
              <system-err>[SKIPPED] Spec skipped because an earlier spec in an ordered container failed&#xA;In [It] at: /Users/antont/ansible_deckhouse/virtualization-full/tests/e2e/sizing_policy_test.go:216 @ 10/12/25 17:41:00.165&#xA;</system-err>
          </testcase>
          <testcase name="[It] SizingPolicy When test is completed deletes test case resources" classname="Tests" status="skipped" time="0">
              <skipped message="skipped - Spec skipped because an earlier spec in an ordered container failed"></skipped>
              <system-err>[SKIPPED] Spec skipped because an earlier spec in an ordered container failed&#xA;In [It] at: /Users/antont/ansible_deckhouse/virtualization-full/tests/e2e/sizing_policy_test.go:240 @ 10/12/25 17:41:00.165&#xA;</system-err>
          </testcase>
          <testcase name="[It] VirtualMachineEvacuation Evacuation [SIG-Migration]" classname="Tests" status="failed" time="1020.469697292">
              <failure message="should observe resources in &#39;&#39;jsonpath={.status.phase}=Running&#39;&#39; state before 16m40s timeout&#xA;Expected&#xA;    &lt;[]string | len:2, cap:2&gt;: [&#xA;        &#34;cmd: kubectl wait virtualmachine.virtualization.deckhouse.io head-5073ae15-vm-migration-bios --namespace head-5073ae15-end-to-end-vm-evacuation --for=&#39;jsonpath={.status.phase}=Running&#39; --timeout=16m40s\nstderr: W1012 18:25:50.079961   84017 reflector.go:492] k8s.io/client-go/tools/watch/informerwatcher.go:146: watch of *unstructured.Unstructured ended with: an error on the server (\&#34;unable to decode an event from the watch stream: http2: client connection lost\&#34;) has prevented the request from succeeding\nW1012 19:14:48.506065   84017 reflector.go:492] k8s.io/client-go/tools/watch/informerwatcher.go:146: watch of *unstructured.Unstructured ended with: an error on the server (\&#34;unable to decode an event from the watch stream: http2: client connection lost\&#34;) has prevented the request from succeeding\nW1012 19:46:49.136743   84017 reflector.go:492] k8s.io/client-go/tools/watch/informerwatcher.go:146: watch of *unstructured.Unstructured ended with: an error on the server (\&#34;unable to decode an event from the watch stream: http2: client connection lost\&#34;) has prevented the request from succeeding\nerror: timed out waiting for the condition on virtualmachines/head-5073ae15-vm-migration-bios\n\nwaited for: &#39;jsonpath={.status.phase}=Running&#39;&#34;,&#xA;        &#34;cmd: kubectl wait virtualmachine.virtualization.deckhouse.io head-5073ae15-vm-migration-uefi --namespace head-5073ae15-end-to-end-vm-evacuation --for=&#39;jsonpath={.status.phase}=Running&#39; --timeout=16m40s\nstderr: W1012 18:25:56.831828   84018 reflector.go:492] k8s.io/client-go/tools/watch/informerwatcher.go:146: watch of *unstructured.Unstructured ended with: an error on the server (\&#34;unable to decode an event from the watch stream: http2: client connection lost\&#34;) has prevented the request from succeeding\nW1012 19:32:35.365049   84018 reflector.go:492] k8s.io/client-go/tools/watch/informerwatcher.go:146: watch of *unstructured.Unstructured ended with: an error on the server (\&#34;unable to decode an event from the watch stream: http2: client connection lost\&#34;) has prevented the request from succeeding\nerror: timed out waiting for the condition on virtualmachines/head-5073ae15-vm-migration-uefi\n\nwaited for: &#39;jsonpath={.status.phase}=Running&#39;&#34;,&#xA;    ]&#xA;to be empty" type="failed">[FAILED] should observe resources in &#39;&#39;jsonpath={.status.phase}=Running&#39;&#39; state before 16m40s timeout&#xA;Expected&#xA;    &lt;[]string | len:2, cap:2&gt;: [&#xA;        &#34;cmd: kubectl wait virtualmachine.virtualization.deckhouse.io head-5073ae15-vm-migration-bios --namespace head-5073ae15-end-to-end-vm-evacuation --for=&#39;jsonpath={.status.phase}=Running&#39; --timeout=16m40s\nstderr: W1012 18:25:50.079961   84017 reflector.go:492] k8s.io/client-go/tools/watch/informerwatcher.go:146: watch of *unstructured.Unstructured ended with: an error on the server (\&#34;unable to decode an event from the watch stream: http2: client connection lost\&#34;) has prevented the request from succeeding\nW1012 19:14:48.506065   84017 reflector.go:492] k8s.io/client-go/tools/watch/informerwatcher.go:146: watch of *unstructured.Unstructured ended with: an error on the server (\&#34;unable to decode an event from the watch stream: http2: client connection lost\&#34;) has prevented the request from succeeding\nW1012 19:46:49.136743   84017 reflector.go:492] k8s.io/client-go/tools/watch/informerwatcher.go:146: watch of *unstructured.Unstructured ended with: an error on the server (\&#34;unable to decode an event from the watch stream: http2: client connection lost\&#34;) has prevented the request from succeeding\nerror: timed out waiting for the condition on virtualmachines/head-5073ae15-vm-migration-bios\n\nwaited for: &#39;jsonpath={.status.phase}=Running&#39;&#34;,&#xA;        &#34;cmd: kubectl wait virtualmachine.virtualization.deckhouse.io head-5073ae15-vm-migration-uefi --namespace head-5073ae15-end-to-end-vm-evacuation --for=&#39;jsonpath={.status.phase}=Running&#39; --timeout=16m40s\nstderr: W1012 18:25:56.831828   84018 reflector.go:492] k8s.io/client-go/tools/watch/informerwatcher.go:146: watch of *unstructured.Unstructured ended with: an error on the server (\&#34;unable to decode an event from the watch stream: http2: client connection lost\&#34;) has prevented the request from succeeding\nW1012 19:32:35.365049   84018 reflector.go:492] k8s.io/client-go/tools/watch/informerwatcher.go:146: watch of *unstructured.Unstructured ended with: an error on the server (\&#34;unable to decode an event from the watch stream: http2: client connection lost\&#34;) has prevented the request from succeeding\nerror: timed out waiting for the condition on virtualmachines/head-5073ae15-vm-migration-uefi\n\nwaited for: &#39;jsonpath={.status.phase}=Running&#39;&#34;,&#xA;    ]&#xA;to be empty&#xA;In [It] at: /Users/antont/ansible_deckhouse/virtualization-full/tests/e2e/vm_evacuation_test.go:98 @ 10/12/25 19:47:49.186&#xA;</failure>
              <system-err>&gt; Enter [BeforeAll] VirtualMachineEvacuation - /Users/antont/ansible_deckhouse/virtualization-full/tests/e2e/vm_evacuation_test.go:42 @ 10/12/25 17:41:00.165&#xA;&lt; Exit [BeforeAll] VirtualMachineEvacuation - /Users/antont/ansible_deckhouse/virtualization-full/tests/e2e/vm_evacuation_test.go:42 @ 10/12/25 17:41:02.137 (1.972s)&#xA;&gt; Enter [BeforeEach] VirtualMachineEvacuation - /Users/antont/ansible_deckhouse/virtualization-full/tests/e2e/vm_evacuation_test.go:51 @ 10/12/25 17:41:02.137&#xA;&lt; Exit [BeforeEach] VirtualMachineEvacuation - /Users/antont/ansible_deckhouse/virtualization-full/tests/e2e/vm_evacuation_test.go:51 @ 10/12/25 17:41:07.038 (4.901s)&#xA;&gt; Enter [It] Evacuation - /Users/antont/ansible_deckhouse/virtualization-full/tests/e2e/vm_evacuation_test.go:96 @ 10/12/25 17:41:07.038&#xA;STEP: Virtual machine agents should be ready - /Users/antont/ansible_deckhouse/virtualization-full/tests/e2e/vm_evacuation_test.go:97 @ 10/12/25 17:41:07.038&#xA;[FAILED] should observe resources in &#39;&#39;jsonpath={.status.phase}=Running&#39;&#39; state before 16m40s timeout&#xA;Expected&#xA;    &lt;[]string | len:2, cap:2&gt;: [&#xA;        &#34;cmd: kubectl wait virtualmachine.virtualization.deckhouse.io head-5073ae15-vm-migration-bios --namespace head-5073ae15-end-to-end-vm-evacuation --for=&#39;jsonpath={.status.phase}=Running&#39; --timeout=16m40s\nstderr: W1012 18:25:50.079961   84017 reflector.go:492] k8s.io/client-go/tools/watch/informerwatcher.go:146: watch of *unstructured.Unstructured ended with: an error on the server (\&#34;unable to decode an event from the watch stream: http2: client connection lost\&#34;) has prevented the request from succeeding\nW1012 19:14:48.506065   84017 reflector.go:492] k8s.io/client-go/tools/watch/informerwatcher.go:146: watch of *unstructured.Unstructured ended with: an error on the server (\&#34;unable to decode an event from the watch stream: http2: client connection lost\&#34;) has prevented the request from succeeding\nW1012 19:46:49.136743   84017 reflector.go:492] k8s.io/client-go/tools/watch/informerwatcher.go:146: watch of *unstructured.Unstructured ended with: an error on the server (\&#34;unable to decode an event from the watch stream: http2: client connection lost\&#34;) has prevented the request from succeeding\nerror: timed out waiting for the condition on virtualmachines/head-5073ae15-vm-migration-bios\n\nwaited for: &#39;jsonpath={.status.phase}=Running&#39;&#34;,&#xA;        &#34;cmd: kubectl wait virtualmachine.virtualization.deckhouse.io head-5073ae15-vm-migration-uefi --namespace head-5073ae15-end-to-end-vm-evacuation --for=&#39;jsonpath={.status.phase}=Running&#39; --timeout=16m40s\nstderr: W1012 18:25:56.831828   84018 reflector.go:492] k8s.io/client-go/tools/watch/informerwatcher.go:146: watch of *unstructured.Unstructured ended with: an error on the server (\&#34;unable to decode an event from the watch stream: http2: client connection lost\&#34;) has prevented the request from succeeding\nW1012 19:32:35.365049   84018 reflector.go:492] k8s.io/client-go/tools/watch/informerwatcher.go:146: watch of *unstructured.Unstructured ended with: an error on the server (\&#34;unable to decode an event from the watch stream: http2: client connection lost\&#34;) has prevented the request from succeeding\nerror: timed out waiting for the condition on virtualmachines/head-5073ae15-vm-migration-uefi\n\nwaited for: &#39;jsonpath={.status.phase}=Running&#39;&#34;,&#xA;    ]&#xA;to be empty&#xA;In [It] at: /Users/antont/ansible_deckhouse/virtualization-full/tests/e2e/vm_evacuation_test.go:98 @ 10/12/25 19:47:49.186&#xA;&lt; Exit [It] Evacuation - /Users/antont/ansible_deckhouse/virtualization-full/tests/e2e/vm_evacuation_test.go:96 @ 10/12/25 19:47:49.186 (16m42.102s)&#xA;&gt; Enter [AfterEach] VirtualMachineEvacuation - /Users/antont/ansible_deckhouse/virtualization-full/tests/e2e/vm_evacuation_test.go:59 @ 10/12/25 19:47:49.186&#xA;The list of pods is empty; nothing to dump.&#xA;STEP: Response on deletion request should be successful - /Users/antont/ansible_deckhouse/virtualization-full/tests/e2e/util_test.go:604 @ 10/12/25 19:47:55.404&#xA;END STEP: Response on deletion request should be successful - /Users/antont/ansible_deckhouse/virtualization-full/tests/e2e/util_test.go:604 @ 10/12/25 19:48:00.681 (5.277s)&#xA;&lt; Exit [AfterEach] VirtualMachineEvacuation - /Users/antont/ansible_deckhouse/virtualization-full/tests/e2e/vm_evacuation_test.go:59 @ 10/12/25 19:48:00.681 (11.495s)&#xA;</system-err>
          </testcase>
          <testcase name="[It] VirtualMachineCancelMigration Cancel migrate [SIG-Migration]" classname="Tests" status="skipped" time="4.978149917">
              <skipped message="skipped - This test case is not working everytime. Should be fixed."></skipped>
              <system-err>&gt; Enter [BeforeAll] VirtualMachineCancelMigration - /Users/antont/ansible_deckhouse/virtualization-full/tests/e2e/vm_migration_cancel_test.go:39 @ 10/12/25 19:48:00.682&#xA;[SKIPPED] This test case is not working everytime. Should be fixed.&#xA;In [BeforeAll] at: /Users/antont/ansible_deckhouse/virtualization-full/tests/e2e/vm_migration_cancel_test.go:41 @ 10/12/25 19:48:00.682&#xA;&lt; Exit [BeforeAll] VirtualMachineCancelMigration - /Users/antont/ansible_deckhouse/virtualization-full/tests/e2e/vm_migration_cancel_test.go:39 @ 10/12/25 19:48:00.682 (0s)&#xA;&gt; Enter [AfterEach] VirtualMachineCancelMigration - /Users/antont/ansible_deckhouse/virtualization-full/tests/e2e/vm_migration_cancel_test.go:59 @ 10/12/25 19:48:00.682&#xA;STEP: Response on deletion request should be successful - /Users/antont/ansible_deckhouse/virtualization-full/tests/e2e/util_test.go:604 @ 10/12/25 19:48:00.682&#xA;END STEP: Response on deletion request should be successful - /Users/antont/ansible_deckhouse/virtualization-full/tests/e2e/util_test.go:604 @ 10/12/25 19:48:05.66 (4.978s)&#xA;&lt; Exit [AfterEach] VirtualMachineCancelMigration - /Users/antont/ansible_deckhouse/virtualization-full/tests/e2e/vm_migration_cancel_test.go:59 @ 10/12/25 19:48:05.66 (4.978s)&#xA;</system-err>
          </testcase>
          <testcase name="[It] VirtualMachineLiveMigrationTCPSession checks TCP connection [SIG-Migration]" classname="Tests" status="skipped" time="0.000349917">
              <skipped message="skipped - This test case is not working everytime. Should be fixed."></skipped>
              <system-err>&gt; Enter [BeforeAll] VirtualMachineLiveMigrationTCPSession - /Users/antont/ansible_deckhouse/virtualization-full/tests/e2e/vm_live_migration_tcp_session_test.go:69 @ 10/12/25 19:48:05.66&#xA;[SKIPPED] This test case is not working everytime. Should be fixed.&#xA;In [BeforeAll] at: /Users/antont/ansible_deckhouse/virtualization-full/tests/e2e/vm_live_migration_tcp_session_test.go:73 @ 10/12/25 19:48:05.66&#xA;&lt; Exit [BeforeAll] VirtualMachineLiveMigrationTCPSession - /Users/antont/ansible_deckhouse/virtualization-full/tests/e2e/vm_live_migration_tcp_session_test.go:69 @ 10/12/25 19:48:05.66 (0s)&#xA;&gt; Enter [AfterEach] VirtualMachineLiveMigrationTCPSession - /Users/antont/ansible_deckhouse/virtualization-full/tests/e2e/vm_live_migration_tcp_session_test.go:79 @ 10/12/25 19:48:05.66&#xA;&lt; Exit [AfterEach] VirtualMachineLiveMigrationTCPSession - /Users/antont/ansible_deckhouse/virtualization-full/tests/e2e/vm_live_migration_tcp_session_test.go:79 @ 10/12/25 19:48:05.66 (0s)&#xA;&gt; Enter [AfterAll] VirtualMachineLiveMigrationTCPSession - /Users/antont/ansible_deckhouse/virtualization-full/tests/e2e/framework/framework.go:76 @ 10/12/25 19:48:05.66&#xA;&lt; Exit [AfterAll] VirtualMachineLiveMigrationTCPSession - /Users/antont/ansible_deckhouse/virtualization-full/tests/e2e/framework/framework.go:76 @ 10/12/25 19:48:05.66 (0s)&#xA;</system-err>
          </testcase>
          <testcase name="[It] ImporterNetworkPolicy Project creates project" classname="Tests" status="passed" time="1.6368882500000002">
              <system-err>&gt; Enter [BeforeAll] ImporterNetworkPolicy - /Users/antont/ansible_deckhouse/virtualization-full/tests/e2e/importer_network_policy_test.go:36 @ 10/12/25 19:48:05.661&#xA;&lt; Exit [BeforeAll] ImporterNetworkPolicy - /Users/antont/ansible_deckhouse/virtualization-full/tests/e2e/importer_network_policy_test.go:36 @ 10/12/25 19:48:05.662 (2ms)&#xA;&gt; Enter [BeforeEach] ImporterNetworkPolicy - /Users/antont/ansible_deckhouse/virtualization-full/tests/e2e/importer_network_policy_test.go:43 @ 10/12/25 19:48:05.662&#xA;&lt; Exit [BeforeEach] ImporterNetworkPolicy - /Users/antont/ansible_deckhouse/virtualization-full/tests/e2e/importer_network_policy_test.go:43 @ 10/12/25 19:48:05.662 (0s)&#xA;&gt; Enter [It] creates project - /Users/antont/ansible_deckhouse/virtualization-full/tests/e2e/importer_network_policy_test.go:61 @ 10/12/25 19:48:05.662&#xA;&lt; Exit [It] creates project - /Users/antont/ansible_deckhouse/virtualization-full/tests/e2e/importer_network_policy_test.go:61 @ 10/12/25 19:48:07.297 (1.635s)&#xA;&gt; Enter [AfterEach] ImporterNetworkPolicy - /Users/antont/ansible_deckhouse/virtualization-full/tests/e2e/importer_network_policy_test.go:54 @ 10/12/25 19:48:07.297&#xA;&lt; Exit [AfterEach] ImporterNetworkPolicy - /Users/antont/ansible_deckhouse/virtualization-full/tests/e2e/importer_network_policy_test.go:54 @ 10/12/25 19:48:07.297 (0s)&#xA;</system-err>
          </testcase>
          <testcase name="[It] ImporterNetworkPolicy Project checks project readiness" classname="Tests" status="passed" time="2.746303583">
              <system-err>&gt; Enter [BeforeEach] ImporterNetworkPolicy - /Users/antont/ansible_deckhouse/virtualization-full/tests/e2e/importer_network_policy_test.go:43 @ 10/12/25 19:48:07.298&#xA;&lt; Exit [BeforeEach] ImporterNetworkPolicy - /Users/antont/ansible_deckhouse/virtualization-full/tests/e2e/importer_network_policy_test.go:43 @ 10/12/25 19:48:07.298 (0s)&#xA;&gt; Enter [It] checks project readiness - /Users/antont/ansible_deckhouse/virtualization-full/tests/e2e/importer_network_policy_test.go:72 @ 10/12/25 19:48:07.298&#xA;STEP: Project should be deployed - /Users/antont/ansible_deckhouse/virtualization-full/tests/e2e/importer_network_policy_test.go:73 @ 10/12/25 19:48:07.298&#xA;&lt; Exit [It] checks project readiness - /Users/antont/ansible_deckhouse/virtualization-full/tests/e2e/importer_network_policy_test.go:72 @ 10/12/25 19:48:10.044 (2.746s)&#xA;&gt; Enter [AfterEach] ImporterNetworkPolicy - /Users/antont/ansible_deckhouse/virtualization-full/tests/e2e/importer_network_policy_test.go:54 @ 10/12/25 19:48:10.044&#xA;&lt; Exit [AfterEach] ImporterNetworkPolicy - /Users/antont/ansible_deckhouse/virtualization-full/tests/e2e/importer_network_policy_test.go:54 @ 10/12/25 19:48:10.044 (0s)&#xA;</system-err>
          </testcase>
          <testcase name="[It] ImporterNetworkPolicy When resources are applied result should be succeeded" classname="Tests" status="passed" time="3.082660875">
              <system-err>&gt; Enter [BeforeEach] ImporterNetworkPolicy - /Users/antont/ansible_deckhouse/virtualization-full/tests/e2e/importer_network_policy_test.go:43 @ 10/12/25 19:48:10.044&#xA;&lt; Exit [BeforeEach] ImporterNetworkPolicy - /Users/antont/ansible_deckhouse/virtualization-full/tests/e2e/importer_network_policy_test.go:43 @ 10/12/25 19:48:10.044 (0s)&#xA;&gt; Enter [It] result should be succeeded - /Users/antont/ansible_deckhouse/virtualization-full/tests/e2e/importer_network_policy_test.go:83 @ 10/12/25 19:48:10.044&#xA;&lt; Exit [It] result should be succeeded - /Users/antont/ansible_deckhouse/virtualization-full/tests/e2e/importer_network_policy_test.go:83 @ 10/12/25 19:48:13.127 (3.082s)&#xA;&gt; Enter [AfterEach] ImporterNetworkPolicy - /Users/antont/ansible_deckhouse/virtualization-full/tests/e2e/importer_network_policy_test.go:54 @ 10/12/25 19:48:13.127&#xA;&lt; Exit [AfterEach] ImporterNetworkPolicy - /Users/antont/ansible_deckhouse/virtualization-full/tests/e2e/importer_network_policy_test.go:54 @ 10/12/25 19:48:13.127 (0s)&#xA;</system-err>
          </testcase>
          <testcase name="[It] ImporterNetworkPolicy When resources are applied When virtual images are applied" classname="Tests" status="passed" time="6.665824333">
              <system-err>&gt; Enter [BeforeEach] ImporterNetworkPolicy - /Users/antont/ansible_deckhouse/virtualization-full/tests/e2e/importer_network_policy_test.go:43 @ 10/12/25 19:48:13.127&#xA;&lt; Exit [BeforeEach] ImporterNetworkPolicy - /Users/antont/ansible_deckhouse/virtualization-full/tests/e2e/importer_network_policy_test.go:43 @ 10/12/25 19:48:13.127 (0s)&#xA;&gt; Enter [It] When virtual images are applied - /Users/antont/ansible_deckhouse/virtualization-full/tests/e2e/importer_network_policy_test.go:101 @ 10/12/25 19:48:13.127&#xA;STEP: VIs should be in Ready phases - /Users/antont/ansible_deckhouse/virtualization-full/tests/e2e/importer_network_policy_test.go:94 @ 10/12/25 19:48:13.127&#xA;&lt; Exit [It] When virtual images are applied - /Users/antont/ansible_deckhouse/virtualization-full/tests/e2e/importer_network_policy_test.go:101 @ 10/12/25 19:48:19.793 (6.666s)&#xA;&gt; Enter [AfterEach] ImporterNetworkPolicy - /Users/antont/ansible_deckhouse/virtualization-full/tests/e2e/importer_network_policy_test.go:54 @ 10/12/25 19:48:19.793&#xA;&lt; Exit [AfterEach] ImporterNetworkPolicy - /Users/antont/ansible_deckhouse/virtualization-full/tests/e2e/importer_network_policy_test.go:54 @ 10/12/25 19:48:19.793 (0s)&#xA;</system-err>
          </testcase>
          <testcase name="[It] ImporterNetworkPolicy When resources are applied When virtual disks are applied" classname="Tests" status="failed" time="1011.620341292">
              <failure message="should observe resources in &#39;&#39;jsonpath={.status.phase}=Ready&#39;&#39; state before 16m40s timeout&#xA;Expected&#xA;    &lt;[]string | len:2, cap:2&gt;: [&#xA;        &#34;cmd: kubectl wait virtualdisks.virtualization.deckhouse.io head-5073ae15-vd --namespace head-5073ae15-end-to-end-importer-network-policy --for=&#39;jsonpath={.status.phase}=Ready&#39; --timeout=16m40s\nstderr: error: timed out waiting for the condition on virtualdisks/head-5073ae15-vd\n\nwaited for: &#39;jsonpath={.status.phase}=Ready&#39;&#34;,&#xA;        &#34;cmd: kubectl wait virtualdisks.virtualization.deckhouse.io head-5073ae15-vd-cvi --namespace head-5073ae15-end-to-end-importer-network-policy --for=&#39;jsonpath={.status.phase}=Ready&#39; --timeout=16m40s\nstderr: error: timed out waiting for the condition on virtualdisks/head-5073ae15-vd-cvi\n\nwaited for: &#39;jsonpath={.status.phase}=Ready&#39;&#34;,&#xA;    ]&#xA;to be empty" type="failed">[FAILED] should observe resources in &#39;&#39;jsonpath={.status.phase}=Ready&#39;&#39; state before 16m40s timeout&#xA;Expected&#xA;    &lt;[]string | len:2, cap:2&gt;: [&#xA;        &#34;cmd: kubectl wait virtualdisks.virtualization.deckhouse.io head-5073ae15-vd --namespace head-5073ae15-end-to-end-importer-network-policy --for=&#39;jsonpath={.status.phase}=Ready&#39; --timeout=16m40s\nstderr: error: timed out waiting for the condition on virtualdisks/head-5073ae15-vd\n\nwaited for: &#39;jsonpath={.status.phase}=Ready&#39;&#34;,&#xA;        &#34;cmd: kubectl wait virtualdisks.virtualization.deckhouse.io head-5073ae15-vd-cvi --namespace head-5073ae15-end-to-end-importer-network-policy --for=&#39;jsonpath={.status.phase}=Ready&#39; --timeout=16m40s\nstderr: error: timed out waiting for the condition on virtualdisks/head-5073ae15-vd-cvi\n\nwaited for: &#39;jsonpath={.status.phase}=Ready&#39;&#34;,&#xA;    ]&#xA;to be empty&#xA;In [It] at: /Users/antont/ansible_deckhouse/virtualization-full/tests/e2e/importer_network_policy_test.go:95 @ 10/12/25 20:05:02.281&#xA;</failure>
              <system-err>&gt; Enter [BeforeEach] ImporterNetworkPolicy - /Users/antont/ansible_deckhouse/virtualization-full/tests/e2e/importer_network_policy_test.go:43 @ 10/12/25 19:48:19.793&#xA;&lt; Exit [BeforeEach] ImporterNetworkPolicy - /Users/antont/ansible_deckhouse/virtualization-full/tests/e2e/importer_network_policy_test.go:43 @ 10/12/25 19:48:19.793 (0s)&#xA;&gt; Enter [It] When virtual disks are applied - /Users/antont/ansible_deckhouse/virtualization-full/tests/e2e/importer_network_policy_test.go:102 @ 10/12/25 19:48:19.793&#xA;STEP: VDs should be in Ready phases - /Users/antont/ansible_deckhouse/virtualization-full/tests/e2e/importer_network_policy_test.go:94 @ 10/12/25 19:48:19.793&#xA;[FAILED] should observe resources in &#39;&#39;jsonpath={.status.phase}=Ready&#39;&#39; state before 16m40s timeout&#xA;Expected&#xA;    &lt;[]string | len:2, cap:2&gt;: [&#xA;        &#34;cmd: kubectl wait virtualdisks.virtualization.deckhouse.io head-5073ae15-vd --namespace head-5073ae15-end-to-end-importer-network-policy --for=&#39;jsonpath={.status.phase}=Ready&#39; --timeout=16m40s\nstderr: error: timed out waiting for the condition on virtualdisks/head-5073ae15-vd\n\nwaited for: &#39;jsonpath={.status.phase}=Ready&#39;&#34;,&#xA;        &#34;cmd: kubectl wait virtualdisks.virtualization.deckhouse.io head-5073ae15-vd-cvi --namespace head-5073ae15-end-to-end-importer-network-policy --for=&#39;jsonpath={.status.phase}=Ready&#39; --timeout=16m40s\nstderr: error: timed out waiting for the condition on virtualdisks/head-5073ae15-vd-cvi\n\nwaited for: &#39;jsonpath={.status.phase}=Ready&#39;&#34;,&#xA;    ]&#xA;to be empty&#xA;In [It] at: /Users/antont/ansible_deckhouse/virtualization-full/tests/e2e/importer_network_policy_test.go:95 @ 10/12/25 20:05:02.281&#xA;&lt; Exit [It] When virtual disks are applied - /Users/antont/ansible_deckhouse/virtualization-full/tests/e2e/importer_network_policy_test.go:102 @ 10/12/25 20:05:02.281 (16m42.487s)&#xA;&gt; Enter [AfterEach] ImporterNetworkPolicy - /Users/antont/ansible_deckhouse/virtualization-full/tests/e2e/importer_network_policy_test.go:54 @ 10/12/25 20:05:02.281&#xA;The list of pods is empty; nothing to dump.&#xA;&lt; Exit [AfterEach] ImporterNetworkPolicy - /Users/antont/ansible_deckhouse/virtualization-full/tests/e2e/importer_network_policy_test.go:54 @ 10/12/25 20:05:09.44 (7.159s)&#xA;&gt; Enter [AfterAll] ImporterNetworkPolicy - /Users/antont/ansible_deckhouse/virtualization-full/tests/e2e/importer_network_policy_test.go:49 @ 10/12/25 20:05:09.44&#xA;STEP: Delete manifests - /Users/antont/ansible_deckhouse/virtualization-full/tests/e2e/importer_network_policy_test.go:50 @ 10/12/25 20:05:09.44&#xA;STEP: Response on deletion request should be successful - /Users/antont/ansible_deckhouse/virtualization-full/tests/e2e/util_test.go:604 @ 10/12/25 20:05:09.44&#xA;END STEP: Response on deletion request should be successful - /Users/antont/ansible_deckhouse/virtualization-full/tests/e2e/util_test.go:604 @ 10/12/25 20:05:11.414 (1.974s)&#xA;&lt; Exit [AfterAll] ImporterNetworkPolicy - /Users/antont/ansible_deckhouse/virtualization-full/tests/e2e/importer_network_policy_test.go:49 @ 10/12/25 20:05:11.414 (1.975s)&#xA;</system-err>
          </testcase>
          <testcase name="[It] ImporterNetworkPolicy When resources are applied When virtual machines are applied" classname="Tests" status="skipped" time="0">
              <skipped message="skipped - Spec skipped because an earlier spec in an ordered container failed"></skipped>
              <system-err>[SKIPPED] Spec skipped because an earlier spec in an ordered container failed&#xA;In [It] at: /Users/antont/ansible_deckhouse/virtualization-full/tests/e2e/importer_network_policy_test.go:103 @ 10/12/25 20:05:11.415&#xA;</system-err>
          </testcase>
          <testcase name="[It] IPAM vmip with type Auto Creates vmip with type Auto" classname="Tests" status="passed" time="4.576516">
              <system-err>&gt; Enter [BeforeAll] IPAM - /Users/antont/ansible_deckhouse/virtualization-full/tests/e2e/ipam_test.go:50 @ 10/12/25 20:05:11.415&#xA;&lt; Exit [BeforeAll] IPAM - /Users/antont/ansible_deckhouse/virtualization-full/tests/e2e/ipam_test.go:50 @ 10/12/25 20:05:14.598 (3.183s)&#xA;&gt; Enter [BeforeEach] IPAM - /Users/antont/ansible_deckhouse/virtualization-full/tests/e2e/ipam_test.go:65 @ 10/12/25 20:05:14.598&#xA;&lt; Exit [BeforeEach] IPAM - /Users/antont/ansible_deckhouse/virtualization-full/tests/e2e/ipam_test.go:65 @ 10/12/25 20:05:14.598 (0s)&#xA;&gt; Enter [It] Creates vmip with type Auto - /Users/antont/ansible_deckhouse/virtualization-full/tests/e2e/ipam_test.go:80 @ 10/12/25 20:05:14.598&#xA;STEP: Create a vmip automatically and check its binding with a lease - /Users/antont/ansible_deckhouse/virtualization-full/tests/e2e/ipam_test.go:81 @ 10/12/25 20:05:14.598&#xA;STEP: Remove label from the lease - /Users/antont/ansible_deckhouse/virtualization-full/tests/e2e/ipam_test.go:87 @ 10/12/25 20:05:15.63&#xA;STEP: Wait for the label to be restored by the controller - /Users/antont/ansible_deckhouse/virtualization-full/tests/e2e/ipam_test.go:96 @ 10/12/25 20:05:15.75&#xA;&lt; Exit [It] Creates vmip with type Auto - /Users/antont/ansible_deckhouse/virtualization-full/tests/e2e/ipam_test.go:80 @ 10/12/25 20:05:15.992 (1.393s)&#xA;&gt; Enter [AfterEach] IPAM - /Users/antont/ansible_deckhouse/virtualization-full/tests/e2e/ipam_test.go:157 @ 10/12/25 20:05:15.992&#xA;&lt; Exit [AfterEach] IPAM - /Users/antont/ansible_deckhouse/virtualization-full/tests/e2e/ipam_test.go:157 @ 10/12/25 20:05:15.992 (0s)&#xA;</system-err>
          </testcase>
          <testcase name="[It] IPAM vmip with type Static Creates vmip with type Static" classname="Tests" status="passed" time="1.702200542">
              <system-err>&gt; Enter [BeforeEach] IPAM - /Users/antont/ansible_deckhouse/virtualization-full/tests/e2e/ipam_test.go:65 @ 10/12/25 20:05:15.993&#xA;&lt; Exit [BeforeEach] IPAM - /Users/antont/ansible_deckhouse/virtualization-full/tests/e2e/ipam_test.go:65 @ 10/12/25 20:05:15.993 (0s)&#xA;&gt; Enter [It] Creates vmip with type Static - /Users/antont/ansible_deckhouse/virtualization-full/tests/e2e/ipam_test.go:108 @ 10/12/25 20:05:15.993&#xA;STEP: Create an intermediate vmip automatically to allocate a new ip address - /Users/antont/ansible_deckhouse/virtualization-full/tests/e2e/ipam_test.go:109 @ 10/12/25 20:05:15.993&#xA;STEP: Delete the intermediate vmip automatically and check that the lease is released - /Users/antont/ansible_deckhouse/virtualization-full/tests/e2e/ipam_test.go:115 @ 10/12/25 20:05:16.351&#xA;STEP: Reuse the released lease with a static vmip - /Users/antont/ansible_deckhouse/virtualization-full/tests/e2e/ipam_test.go:124 @ 10/12/25 20:05:16.592&#xA;STEP: Delete the static vmip and lease, then create another static vmip with this ip address - /Users/antont/ansible_deckhouse/virtualization-full/tests/e2e/ipam_test.go:132 @ 10/12/25 20:05:17.066&#xA;&lt; Exit [It] Creates vmip with type Static - /Users/antont/ansible_deckhouse/virtualization-full/tests/e2e/ipam_test.go:108 @ 10/12/25 20:05:17.695 (1.702s)&#xA;&gt; Enter [AfterEach] IPAM - /Users/antont/ansible_deckhouse/virtualization-full/tests/e2e/ipam_test.go:157 @ 10/12/25 20:05:17.695&#xA;&lt; Exit [AfterEach] IPAM - /Users/antont/ansible_deckhouse/virtualization-full/tests/e2e/ipam_test.go:157 @ 10/12/25 20:05:17.695 (0s)&#xA;</system-err>
          </testcase>
          <testcase name="[It] VirtualMachineConnectivity When resources are applied result should be succeeded" classname="Tests" status="passed" time="6.109613042">
              <system-err>&gt; Enter [BeforeAll] VirtualMachineConnectivity - /Users/antont/ansible_deckhouse/virtualization-full/tests/e2e/vm_connectivity_test.go:57 @ 10/12/25 20:05:17.695&#xA;&lt; Exit [BeforeAll] VirtualMachineConnectivity - /Users/antont/ansible_deckhouse/virtualization-full/tests/e2e/vm_connectivity_test.go:57 @ 10/12/25 20:05:19.694 (1.999s)&#xA;&gt; Enter [It] result should be succeeded - /Users/antont/ansible_deckhouse/virtualization-full/tests/e2e/vm_connectivity_test.go:73 @ 10/12/25 20:05:19.694&#xA;&lt; Exit [It] result should be succeeded - /Users/antont/ansible_deckhouse/virtualization-full/tests/e2e/vm_connectivity_test.go:73 @ 10/12/25 20:05:23.805 (4.111s)&#xA;&gt; Enter [AfterEach] VirtualMachineConnectivity - /Users/antont/ansible_deckhouse/virtualization-full/tests/e2e/vm_connectivity_test.go:66 @ 10/12/25 20:05:23.805&#xA;&lt; Exit [AfterEach] VirtualMachineConnectivity - /Users/antont/ansible_deckhouse/virtualization-full/tests/e2e/vm_connectivity_test.go:66 @ 10/12/25 20:05:23.805 (0s)&#xA;</system-err>
          </testcase>
          <testcase name="[It] VirtualMachineConnectivity When virtual images are applied checks VIs phases" classname="Tests" status="passed" time="15.408037833">
              <system-err>&gt; Enter [It] checks VIs phases - /Users/antont/ansible_deckhouse/virtualization-full/tests/e2e/vm_connectivity_test.go:96 @ 10/12/25 20:05:23.805&#xA;STEP: VIs should be in Ready phases - /Users/antont/ansible_deckhouse/virtualization-full/tests/e2e/vm_connectivity_test.go:97 @ 10/12/25 20:05:23.805&#xA;&lt; Exit [It] checks VIs phases - /Users/antont/ansible_deckhouse/virtualization-full/tests/e2e/vm_connectivity_test.go:96 @ 10/12/25 20:05:39.213 (15.408s)&#xA;&gt; Enter [AfterEach] VirtualMachineConnectivity - /Users/antont/ansible_deckhouse/virtualization-full/tests/e2e/vm_connectivity_test.go:66 @ 10/12/25 20:05:39.213&#xA;&lt; Exit [AfterEach] VirtualMachineConnectivity - /Users/antont/ansible_deckhouse/virtualization-full/tests/e2e/vm_connectivity_test.go:66 @ 10/12/25 20:05:39.213 (0s)&#xA;</system-err>
          </testcase>
          <testcase name="[It] VirtualMachineConnectivity When virtual disks are applied checks VDs phases" classname="Tests" status="interrupted" time="707.879663334">
              <error message="Interrupted by User" type="interrupted">[INTERRUPTED] Interrupted by User&#xA;In [It] at: /Users/antont/ansible_deckhouse/virtualization-full/tests/e2e/vm_connectivity_test.go:107 @ 10/12/25 20:17:24.214&#xA;&#xA;This is the Progress Report generated when the interrupt was received:&#xA;  VirtualMachineConnectivity When virtual disks are applied checks VDs phases (Spec Runtime: 11m45s)&#xA;    /Users/antont/ansible_deckhouse/virtualization-full/tests/e2e/vm_connectivity_test.go:107&#xA;    In [It] (Node Runtime: 11m45s)&#xA;      /Users/antont/ansible_deckhouse/virtualization-full/tests/e2e/vm_connectivity_test.go:107&#xA;      At [By Step] VDs should be in Ready phase (Step Runtime: 11m45s)&#xA;        /Users/antont/ansible_deckhouse/virtualization-full/tests/e2e/vm_connectivity_test.go:108&#xA;&#xA;      Spec Goroutine&#xA;      goroutine 805 [sync.WaitGroup.Wait, 12 minutes]&#xA;        sync.runtime_SemacquireWaitGroup(0x100504b30?, 0xa0?)&#xA;          /opt/homebrew/Cellar/go/1.25.1/libexec/src/runtime/sema.go:114&#xA;        sync.(*WaitGroup).Wait(0x14000bfa010)&#xA;          /opt/homebrew/Cellar/go/1.25.1/libexec/src/sync/waitgroup.go:206&#xA;      &gt; github.com/deckhouse/virtualization/tests/e2e.WaitResources({0x14000be2000, 0x2, 0x101f7de58?}, {0x101c96204, 0x28}, {{0x0, 0x0, 0x0}, 0x140006cd710, {0x140009ed110, ...}, ...})&#xA;          /Users/antont/ansible_deckhouse/virtualization-full/tests/e2e/util_test.go:349&#xA;            | &#x9;&#x9;}()&#xA;            | &#x9;}&#xA;            &gt; &#x9;wg.Wait()&#xA;            | &#x9;Expect(waitErr).To(BeEmpty(), &#34;should observe resources in &#39;%s&#39; state before %s timeout&#34;, opts.For, opts.Timeout.String())&#xA;            | }&#xA;      &gt; github.com/deckhouse/virtualization/tests/e2e.WaitByLabel({0x101c96204, 0x28}, {{0x0, 0x0, 0x0}, 0x140006cd710, {0x140009ed110, 0x25}, {0x140009eea80, 0x20}, ...})&#xA;          /Users/antont/ansible_deckhouse/virtualization-full/tests/e2e/util_test.go:308&#xA;            | &#x9;&#x9;resources = strings.Split(res.StdOut(), &#34; &#34;)&#xA;            | &#x9;}&#xA;            &gt; &#x9;WaitResources(resources, resource, opts)&#xA;            | }&#xA;            | &#xA;      &gt; github.com/deckhouse/virtualization/tests/e2e.WaitPhaseByLabel({0x101c96204, 0x28}, {0x101c54eef, 0x5}, {{0x0, 0x0, 0x0}, 0x140006cd710, {0x140009ed110, 0x25}, ...})&#xA;          /Users/antont/ansible_deckhouse/virtualization-full/tests/e2e/util_test.go:290&#xA;            | &#x9;GinkgoHelper()&#xA;            | &#x9;opts.For = fmt.Sprintf(&#34;&#39;jsonpath={.status.phase}=%s&#39;&#34;, phase)&#xA;            &gt; &#x9;WaitByLabel(resource, opts)&#xA;            | }&#xA;            | &#xA;      &gt; github.com/deckhouse/virtualization/tests/e2e.init.func12.5.1()&#xA;          /Users/antont/ansible_deckhouse/virtualization-full/tests/e2e/vm_connectivity_test.go:109&#xA;            | It(&#34;checks VDs phases&#34;, func() {&#xA;            | &#x9;By(fmt.Sprintf(&#34;VDs should be in %s phase&#34;, PhaseReady))&#xA;            &gt; &#x9;WaitPhaseByLabel(kc.ResourceVD, PhaseReady, kc.WaitOptions{&#xA;            | &#x9;&#x9;Labels:    testCaseLabel,&#xA;            | &#x9;&#x9;Namespace: ns,&#xA;        github.com/onsi/ginkgo/v2/internal.extractBodyFunction.func3({0x0?, 0x0?})&#xA;          /Users/antont/go/pkg/mod/github.com/onsi/ginkgo/v2@v2.22.0/internal/node.go:475&#xA;        github.com/onsi/ginkgo/v2/internal.(*Suite).runNode.func3()&#xA;          /Users/antont/go/pkg/mod/github.com/onsi/ginkgo/v2@v2.22.0/internal/suite.go:894&#xA;        github.com/onsi/ginkgo/v2/internal.(*Suite).runNode in goroutine 11&#xA;          /Users/antont/go/pkg/mod/github.com/onsi/ginkgo/v2@v2.22.0/internal/suite.go:881&#xA;&#xA;      Goroutines of Interest&#xA;      goroutine 761 [syscall, 12 minutes]&#xA;        syscall.syscall6(0x100da6a10?, 0x104bd2228?, 0x1048745c0?, 0x90?, 0x14000580808?, 0x14000a8e360?, 0x14000b33a58?)&#xA;          /opt/homebrew/Cellar/go/1.25.1/libexec/src/runtime/sys_darwin.go:60&#xA;        syscall.wait4(0x14000b33a88?, 0x1005866fc?, 0x90?, 0x102582120?)&#xA;          /opt/homebrew/Cellar/go/1.25.1/libexec/src/syscall/zsyscall_darwin_arm64.go:44&#xA;        syscall.Wait4(0x1400029b110?, 0x14000b33ac4, 0x14000da6a10?, 0x1400029b0a0?)&#xA;          /opt/homebrew/Cellar/go/1.25.1/libexec/src/syscall/syscall_bsd.go:144&#xA;        os.(*Process).pidWait.func1(...)&#xA;          /opt/homebrew/Cellar/go/1.25.1/libexec/src/os/exec_unix.go:64&#xA;        os.ignoringEINTR2[...](...)&#xA;          /opt/homebrew/Cellar/go/1.25.1/libexec/src/os/file_posix.go:266&#xA;        os.(*Process).pidWait(0x140002413c0)&#xA;          /opt/homebrew/Cellar/go/1.25.1/libexec/src/os/exec_unix.go:63&#xA;        os.(*Process).wait(0x14000db6408?)&#xA;          /opt/homebrew/Cellar/go/1.25.1/libexec/src/os/exec_unix.go:28&#xA;        os.(*Process).Wait(...)&#xA;          /opt/homebrew/Cellar/go/1.25.1/libexec/src/os/exec.go:340&#xA;        os/exec.(*Cmd).Wait(0x140005b4300)&#xA;          /opt/homebrew/Cellar/go/1.25.1/libexec/src/os/exec/exec.go:922&#xA;        os/exec.(*Cmd).Run(0x140005b4300)&#xA;          /opt/homebrew/Cellar/go/1.25.1/libexec/src/os/exec/exec.go:626&#xA;      &gt; github.com/deckhouse/virtualization/tests/e2e/executor.CMDExecutor.ExecuteContext({{0x1400017f9e0?, 0x102619e88?, 0x1400029afc0?}}, {0x10263a488?, 0x1400029afc0?}, {0x14000028780?, 0xc23316d81b4235e0?}, {0x102612d80, 0x14000241300}, {0x102612d80, ...})&#xA;          /Users/antont/ansible_deckhouse/virtualization-full/tests/e2e/executor/executor.go:76&#xA;            | &#x9;cmd.Stderr = stderr&#xA;            | &#x9;cmd.Stdout = stdout&#xA;            &gt; &#x9;return cmd.Run()&#xA;            | }&#xA;            | &#xA;      &gt; github.com/deckhouse/virtualization/tests/e2e/executor.CMDExecutor.ExecContext({{0x1400017f9e0?, 0x103b27728?, 0x103afdfa0?}}, {0x10263a488, 0x1400029afc0}, {0x14000028780, 0xbf})&#xA;          /Users/antont/ansible_deckhouse/virtualization-full/tests/e2e/executor/executor.go:49&#xA;            | stdout := new(Buffer)&#xA;            | stderr := new(Buffer)&#xA;            &gt; err := e.ExecuteContext(ctx, command, stdout, stderr)&#xA;            | cmdResult := &amp;CMDResult{&#xA;            | &#x9;stdOut:  stdout,&#xA;      &gt; github.com/deckhouse/virtualization/tests/e2e/kubectl.KubectlCMD.WaitResource({{0x10263ea38?, 0x14000496a38?}, {0x101c57fba?, 0x14000fb4e88?}}, {0x101c96204, 0x28}, {0x140009fc1c0, 0x1f}, {{0x0, 0x0, ...}, ...})&#xA;          /Users/antont/ansible_deckhouse/virtualization-full/tests/e2e/kubectl/kubectl.go:260&#xA;            | &#x9;ctx, cancel := context.WithTimeout(context.Background(), timeout)&#xA;            | &#x9;defer cancel()&#xA;            &gt; &#x9;return k.ExecContext(ctx, cmd)&#xA;            | }&#xA;            | &#xA;      &gt; github.com/deckhouse/virtualization/tests/e2e.WaitResources.func1()&#xA;          /Users/antont/ansible_deckhouse/virtualization-full/tests/e2e/util_test.go:341&#xA;            | go func() {&#xA;            | &#x9;defer wg.Done()&#xA;            &gt; &#x9;res := kubectl.WaitResource(resource, name, waitOpts)&#xA;            | &#x9;if res.Error() != nil {&#xA;            | &#x9;&#x9;mu.Lock()&#xA;      &gt; github.com/deckhouse/virtualization/tests/e2e.WaitResources in goroutine 805&#xA;          /Users/antont/ansible_deckhouse/virtualization-full/tests/e2e/util_test.go:339&#xA;            | for _, name := range resources {&#xA;            | &#x9;wg.Add(1)&#xA;            &gt; &#x9;go func() {&#xA;            | &#x9;&#x9;defer wg.Done()&#xA;            | &#x9;&#x9;res := kubectl.WaitResource(resource, name, waitOpts)&#xA;&#xA;      goroutine 762 [syscall, 12 minutes]&#xA;        syscall.syscall6(0x100bfa050?, 0x10fe07680?, 0x104874f30?, 0x90?, 0x14000980008?, 0x14000662120?, 0x14000b35a58?)&#xA;          /opt/homebrew/Cellar/go/1.25.1/libexec/src/runtime/sys_darwin.go:60&#xA;        syscall.wait4(0x14000b35a88?, 0x1005866fc?, 0x90?, 0x102582120?)&#xA;          /opt/homebrew/Cellar/go/1.25.1/libexec/src/syscall/zsyscall_darwin_arm64.go:44&#xA;        syscall.Wait4(0x1400027e930?, 0x14000b35ac4, 0x14000bfa050?, 0x1400027e850?)&#xA;          /opt/homebrew/Cellar/go/1.25.1/libexec/src/syscall/syscall_bsd.go:144&#xA;        os.(*Process).pidWait.func1(...)&#xA;          /opt/homebrew/Cellar/go/1.25.1/libexec/src/os/exec_unix.go:64&#xA;        os.ignoringEINTR2[...](...)&#xA;          /opt/homebrew/Cellar/go/1.25.1/libexec/src/os/file_posix.go:266&#xA;        os.(*Process).pidWait(0x14000674300)&#xA;          /opt/homebrew/Cellar/go/1.25.1/libexec/src/os/exec_unix.go:63&#xA;        os.(*Process).wait(0x140005ca408?)&#xA;          /opt/homebrew/Cellar/go/1.25.1/libexec/src/os/exec_unix.go:28&#xA;        os.(*Process).Wait(...)&#xA;          /opt/homebrew/Cellar/go/1.25.1/libexec/src/os/exec.go:340&#xA;        os/exec.(*Cmd).Wait(0x140002cc000)&#xA;          /opt/homebrew/Cellar/go/1.25.1/libexec/src/os/exec/exec.go:922&#xA;        os/exec.(*Cmd).Run(0x140002cc000)&#xA;          /opt/homebrew/Cellar/go/1.25.1/libexec/src/os/exec/exec.go:626&#xA;      &gt; github.com/deckhouse/virtualization/tests/e2e/executor.CMDExecutor.ExecuteContext({{0x1400017f9e0?, 0x102619e88?, 0x140002c0000?}}, {0x10263a488?, 0x140002c0000?}, {0x140006fe000?, 0xc23316d81b4264c0?}, {0x102612d80, 0x14000bc8080}, {0x102612d80, ...})&#xA;          /Users/antont/ansible_deckhouse/virtualization-full/tests/e2e/executor/executor.go:76&#xA;            | &#x9;cmd.Stderr = stderr&#xA;            | &#x9;cmd.Stdout = stdout&#xA;            &gt; &#x9;return cmd.Run()&#xA;            | }&#xA;            | &#xA;      &gt; github.com/deckhouse/virtualization/tests/e2e/executor.CMDExecutor.ExecContext({{0x1400017f9e0?, 0x103b27728?, 0x103afdfa0?}}, {0x10263a488, 0x140002c0000}, {0x140006fe000, 0xbf})&#xA;          /Users/antont/ansible_deckhouse/virtualization-full/tests/e2e/executor/executor.go:49&#xA;            | stdout := new(Buffer)&#xA;            | stderr := new(Buffer)&#xA;            &gt; err := e.ExecuteContext(ctx, command, stdout, stderr)&#xA;            | cmdResult := &amp;CMDResult{&#xA;            | &#x9;stdOut:  stdout,&#xA;      &gt; github.com/deckhouse/virtualization/tests/e2e/kubectl.KubectlCMD.WaitResource({{0x10263ea38?, 0x14000496a38?}, {0x101c57fba?, 0x140009dd688?}}, {0x101c96204, 0x28}, {0x140009fc1e0, 0x1f}, {{0x0, 0x0, ...}, ...})&#xA;          /Users/antont/ansible_deckhouse/virtualization-full/tests/e2e/kubectl/kubectl.go:260&#xA;            | &#x9;ctx, cancel := context.WithTimeout(context.Background(), timeout)&#xA;            | &#x9;defer cancel()&#xA;            &gt; &#x9;return k.ExecContext(ctx, cmd)&#xA;            | }&#xA;            | &#xA;      &gt; github.com/deckhouse/virtualization/tests/e2e.WaitResources.func1()&#xA;          /Users/antont/ansible_deckhouse/virtualization-full/tests/e2e/util_test.go:341&#xA;            | go func() {&#xA;            | &#x9;defer wg.Done()&#xA;            &gt; &#x9;res := kubectl.WaitResource(resource, name, waitOpts)&#xA;            | &#x9;if res.Error() != nil {&#xA;            | &#x9;&#x9;mu.Lock()&#xA;      &gt; github.com/deckhouse/virtualization/tests/e2e.WaitResources in goroutine 805&#xA;          /Users/antont/ansible_deckhouse/virtualization-full/tests/e2e/util_test.go:339&#xA;            | for _, name := range resources {&#xA;            | &#x9;wg.Add(1)&#xA;            &gt; &#x9;go func() {&#xA;            | &#x9;&#x9;defer wg.Done()&#xA;            | &#x9;&#x9;res := kubectl.WaitResource(resource, name, waitOpts)&#xA;&#xA;      Other Goroutines&#xA;      goroutine 11 [running]&#xA;        github.com/onsi/ginkgo/v2/internal.extractRunningGoroutines()&#xA;          /Users/antont/go/pkg/mod/github.com/onsi/ginkgo/v2@v2.22.0/internal/progress_report.go:181&#xA;        github.com/onsi/ginkgo/v2/internal.NewProgressReport(_, {{0x140005b2500, 0x2, 0x2}, {0x1400029abd0, 0x2, 0x2}, {0x14000893410, 0x2, 0x2}, ...}, ...)&#xA;          /Users/antont/go/pkg/mod/github.com/onsi/ginkgo/v2@v2.22.0/internal/progress_report.go:75&#xA;        github.com/onsi/ginkgo/v2/internal.(*Suite).generateProgressReport(_, _)&#xA;          /Users/antont/go/pkg/mod/github.com/onsi/ginkgo/v2@v2.22.0/internal/suite.go:381&#xA;        github.com/onsi/ginkgo/v2/internal.(*Suite).runNode(_, {0xdc, 0x4, {0x101c68e1e, 0x11}, 0x1400017e850, {{0x102d418e1, 0x55}, 0x6b, {0x0, ...}, ...}, ...}, ...)&#xA;          /Users/antont/go/pkg/mod/github.com/onsi/ginkgo/v2@v2.22.0/internal/suite.go:980&#xA;        github.com/onsi/ginkgo/v2/internal.(*group).attemptSpec(0x14000dd57f0, 0x1, {{0x14000677208?, 0x1400029abd0?, 0x2?}, 0x0?})&#xA;          /Users/antont/go/pkg/mod/github.com/onsi/ginkgo/v2@v2.22.0/internal/group.go:199&#xA;        github.com/onsi/ginkgo/v2/internal.(*group).run(0x14000dd57f0, {0x14000d32008?, 0x0?, 0x0?})&#xA;          /Users/antont/go/pkg/mod/github.com/onsi/ginkgo/v2@v2.22.0/internal/group.go:349&#xA;        github.com/onsi/ginkgo/v2/internal.(*Suite).runSpecs(0x140004b3508, {0x101c54f2b, 0x5}, {0x103b27728, 0x0, 0x0}, {0x1400005a0f4, 0x3d}, 0x0, {0x14000092c08, ...})&#xA;          /Users/antont/go/pkg/mod/github.com/onsi/ginkgo/v2@v2.22.0/internal/suite.go:489&#xA;        github.com/onsi/ginkgo/v2/internal.(*Suite).Run(_, {_, _}, {_, _, _}, {_, _}, _, {_, ...}, ...)&#xA;          /Users/antont/go/pkg/mod/github.com/onsi/ginkgo/v2@v2.22.0/internal/suite.go:130&#xA;        github.com/onsi/ginkgo/v2.RunSpecs({0x1026120a0, 0x140005836c0}, {0x101c54f2b, 0x5}, {0x0, 0x0, 0x0})&#xA;          /Users/antont/go/pkg/mod/github.com/onsi/ginkgo/v2@v2.22.0/core_dsl.go:300&#xA;        github.com/deckhouse/virtualization/tests/e2e.TestE2E(0x140005836c0)&#xA;          /Users/antont/ansible_deckhouse/virtualization-full/tests/e2e/e2e_test.go:76&#xA;        testing.tRunner(0x140005836c0, 0x102601c50)&#xA;          /opt/homebrew/Cellar/go/1.25.1/libexec/src/testing/testing.go:1934&#xA;        testing.(*T).Run in goroutine 1&#xA;          /opt/homebrew/Cellar/go/1.25.1/libexec/src/testing/testing.go:1997&#xA;&#xA;      goroutine 1 [chan receive, 123 minutes]&#xA;        testing.(*T).Run(0x14000583500, {0x101c5799a?, 0x14000379b38?}, 0x102601c50)&#xA;          /opt/homebrew/Cellar/go/1.25.1/libexec/src/testing/testing.go:2005&#xA;        testing.runTests.func1(0x14000583500)&#xA;          /opt/homebrew/Cellar/go/1.25.1/libexec/src/testing/testing.go:2477&#xA;        testing.tRunner(0x14000583500, 0x14000379c68)&#xA;          /opt/homebrew/Cellar/go/1.25.1/libexec/src/testing/testing.go:1934&#xA;        testing.runTests(0x140004966f0, {0x103aacfd0, 0x1, 0x1}, {0x140005b3100?, 0xf?, 0x0?})&#xA;          /opt/homebrew/Cellar/go/1.25.1/libexec/src/testing/testing.go:2475&#xA;        testing.(*M).Run(0x1400025cc80)&#xA;          /opt/homebrew/Cellar/go/1.25.1/libexec/src/testing/testing.go:2337&#xA;        main.main()&#xA;          _testmain.go:45&#xA;&#xA;      goroutine 41 [syscall]&#xA;        os/signal.signal_recv()&#xA;          /opt/homebrew/Cellar/go/1.25.1/libexec/src/runtime/sigqueue.go:149&#xA;        os/signal.loop()&#xA;          /opt/homebrew/Cellar/go/1.25.1/libexec/src/os/signal/signal_unix.go:23&#xA;        os/signal.Notify.func1.1 in goroutine 11&#xA;          /opt/homebrew/Cellar/go/1.25.1/libexec/src/os/signal/signal.go:152&#xA;&#xA;      goroutine 66 [select]&#xA;        github.com/onsi/ginkgo/v2/internal/interrupt_handler.(*InterruptHandler).registerForInterrupts.func2(0x140006e8000?)&#xA;          /Users/antont/go/pkg/mod/github.com/onsi/ginkgo/v2@v2.22.0/internal/interrupt_handler/interrupt_handler.go:131&#xA;        github.com/onsi/ginkgo/v2/internal/interrupt_handler.(*InterruptHandler).registerForInterrupts in goroutine 11&#xA;          /Users/antont/go/pkg/mod/github.com/onsi/ginkgo/v2@v2.22.0/internal/interrupt_handler/interrupt_handler.go:128&#xA;&#xA;      goroutine 82 [select, 123 minutes]&#xA;        github.com/onsi/ginkgo/v2/internal.RegisterForProgressSignal.func1()&#xA;          /Users/antont/go/pkg/mod/github.com/onsi/ginkgo/v2@v2.22.0/internal/progress_report.go:32&#xA;        github.com/onsi/ginkgo/v2/internal.RegisterForProgressSignal in goroutine 11&#xA;          /Users/antont/go/pkg/mod/github.com/onsi/ginkgo/v2@v2.22.0/internal/progress_report.go:30&#xA;&#xA;      goroutine 811 [select, 12 minutes]&#xA;        os/exec.(*Cmd).watchCtx(0x140005b4300, 0x1400070cee0)&#xA;          /opt/homebrew/Cellar/go/1.25.1/libexec/src/os/exec/exec.go:789&#xA;        os/exec.(*Cmd).Start in goroutine 761&#xA;          /opt/homebrew/Cellar/go/1.25.1/libexec/src/os/exec/exec.go:775&#xA;&#xA;      goroutine 800 [IO wait, 12 minutes]&#xA;        internal/poll.runtime_pollWait(0x104b73a00, 0x72)&#xA;          /opt/homebrew/Cellar/go/1.25.1/libexec/src/runtime/netpoll.go:351&#xA;        internal/poll.(*pollDesc).wait(0x14000caa3c0?, 0x1400094a000?, 0x1)&#xA;          /opt/homebrew/Cellar/go/1.25.1/libexec/src/internal/poll/fd_poll_runtime.go:84&#xA;        internal/poll.(*pollDesc).waitRead(...)&#xA;          /opt/homebrew/Cellar/go/1.25.1/libexec/src/internal/poll/fd_poll_runtime.go:89&#xA;        internal/poll.(*FD).Read(0x14000caa3c0, {0x1400094a000, 0x8000, 0x8000})&#xA;          /opt/homebrew/Cellar/go/1.25.1/libexec/src/internal/poll/fd_unix.go:165&#xA;        os.(*File).read(...)&#xA;          /opt/homebrew/Cellar/go/1.25.1/libexec/src/os/file_posix.go:29&#xA;        os.(*File).Read(0x140005a6040, {0x1400094a000?, 0x14000fba5a8?, 0x1004c7a18?})&#xA;          /opt/homebrew/Cellar/go/1.25.1/libexec/src/os/file.go:144&#xA;        io.copyBuffer({0x102612d80, 0x14000bc80c0}, {0x102611ec8, 0x140005a6068}, {0x0, 0x0, 0x0})&#xA;          /opt/homebrew/Cellar/go/1.25.1/libexec/src/io/io.go:429&#xA;        io.Copy(...)&#xA;          /opt/homebrew/Cellar/go/1.25.1/libexec/src/io/io.go:388&#xA;        os.genericWriteTo(0x14000496a01?, {0x102612d80, 0x14000bc80c0})&#xA;          /opt/homebrew/Cellar/go/1.25.1/libexec/src/os/file.go:295&#xA;        os.(*File).WriteTo(0x103aad230?, {0x102612d80?, 0x14000bc80c0?})&#xA;          /opt/homebrew/Cellar/go/1.25.1/libexec/src/os/file.go:273&#xA;        io.copyBuffer({0x102612d80, 0x14000bc80c0}, {0x102611fc0, 0x140005a6040}, {0x0, 0x0, 0x0})&#xA;          /opt/homebrew/Cellar/go/1.25.1/libexec/src/io/io.go:411&#xA;        io.Copy(...)&#xA;          /opt/homebrew/Cellar/go/1.25.1/libexec/src/io/io.go:388&#xA;        os/exec.(*Cmd).writerDescriptor.func1()&#xA;          /opt/homebrew/Cellar/go/1.25.1/libexec/src/os/exec/exec.go:596&#xA;        os/exec.(*Cmd).Start.func2(0x140008e8008?)&#xA;          /opt/homebrew/Cellar/go/1.25.1/libexec/src/os/exec/exec.go:749&#xA;        os/exec.(*Cmd).Start in goroutine 762&#xA;          /opt/homebrew/Cellar/go/1.25.1/libexec/src/os/exec/exec.go:748&#xA;&#xA;      goroutine 801 [select, 12 minutes]&#xA;        os/exec.(*Cmd).watchCtx(0x140002cc000, 0x140001180e0)&#xA;          /opt/homebrew/Cellar/go/1.25.1/libexec/src/os/exec/exec.go:789&#xA;        os/exec.(*Cmd).Start in goroutine 762&#xA;          /opt/homebrew/Cellar/go/1.25.1/libexec/src/os/exec/exec.go:775&#xA;&#xA;      goroutine 809 [IO wait, 12 minutes]&#xA;        internal/poll.runtime_pollWait(0x104b74400, 0x72)&#xA;          /opt/homebrew/Cellar/go/1.25.1/libexec/src/runtime/netpoll.go:351&#xA;        internal/poll.(*pollDesc).wait(0x14000694ba0?, 0x14000940000?, 0x1)&#xA;          /opt/homebrew/Cellar/go/1.25.1/libexec/src/internal/poll/fd_poll_runtime.go:84&#xA;        internal/poll.(*pollDesc).waitRead(...)&#xA;          /opt/homebrew/Cellar/go/1.25.1/libexec/src/internal/poll/fd_poll_runtime.go:89&#xA;        internal/poll.(*FD).Read(0x14000694ba0, {0x14000940000, 0x8000, 0x8000})&#xA;          /opt/homebrew/Cellar/go/1.25.1/libexec/src/internal/poll/fd_unix.go:165&#xA;        os.(*File).read(...)&#xA;          /opt/homebrew/Cellar/go/1.25.1/libexec/src/os/file_posix.go:29&#xA;        os.(*File).Read(0x140000a2288, {0x14000940000?, 0x14000fb5da8?, 0x1004c7a18?})&#xA;          /opt/homebrew/Cellar/go/1.25.1/libexec/src/os/file.go:144&#xA;        io.copyBuffer({0x102612d80, 0x14000241300}, {0x102611ec8, 0x140005a6060}, {0x0, 0x0, 0x0})&#xA;          /opt/homebrew/Cellar/go/1.25.1/libexec/src/io/io.go:429&#xA;        io.Copy(...)&#xA;          /opt/homebrew/Cellar/go/1.25.1/libexec/src/io/io.go:388&#xA;        os.genericWriteTo(0x14000fb5e01?, {0x102612d80, 0x14000241300})&#xA;          /opt/homebrew/Cellar/go/1.25.1/libexec/src/os/file.go:295&#xA;        os.(*File).WriteTo(0x103aad230?, {0x102612d80?, 0x14000241300?})&#xA;          /opt/homebrew/Cellar/go/1.25.1/libexec/src/os/file.go:273&#xA;        io.copyBuffer({0x102612d80, 0x14000241300}, {0x102611fc0, 0x140000a2288}, {0x0, 0x0, 0x0})&#xA;          /opt/homebrew/Cellar/go/1.25.1/libexec/src/io/io.go:411&#xA;        io.Copy(...)&#xA;          /opt/homebrew/Cellar/go/1.25.1/libexec/src/io/io.go:388&#xA;        os/exec.(*Cmd).writerDescriptor.func1()&#xA;          /opt/homebrew/Cellar/go/1.25.1/libexec/src/os/exec/exec.go:596&#xA;        os/exec.(*Cmd).Start.func2(0x1400070c620?)&#xA;          /opt/homebrew/Cellar/go/1.25.1/libexec/src/os/exec/exec.go:749&#xA;        os/exec.(*Cmd).Start in goroutine 761&#xA;          /opt/homebrew/Cellar/go/1.25.1/libexec/src/os/exec/exec.go:748&#xA;&#xA;      goroutine 799 [IO wait, 12 minutes]&#xA;        internal/poll.runtime_pollWait(0x104b73e00, 0x72)&#xA;          /opt/homebrew/Cellar/go/1.25.1/libexec/src/runtime/netpoll.go:351&#xA;        internal/poll.(*pollDesc).wait(0x14000caa300?, 0x140009f0000?, 0x1)&#xA;          /opt/homebrew/Cellar/go/1.25.1/libexec/src/internal/poll/fd_poll_runtime.go:84&#xA;        internal/poll.(*pollDesc).waitRead(...)&#xA;          /opt/homebrew/Cellar/go/1.25.1/libexec/src/internal/poll/fd_poll_runtime.go:89&#xA;        internal/poll.(*FD).Read(0x14000caa300, {0x140009f0000, 0x8000, 0x8000})&#xA;          /opt/homebrew/Cellar/go/1.25.1/libexec/src/internal/poll/fd_unix.go:165&#xA;        os.(*File).read(...)&#xA;          /opt/homebrew/Cellar/go/1.25.1/libexec/src/os/file_posix.go:29&#xA;        os.(*File).Read(0x140005a6028, {0x140009f0000?, 0x14000fb55a8?, 0x1004c7a18?})&#xA;          /opt/homebrew/Cellar/go/1.25.1/libexec/src/os/file.go:144&#xA;        io.copyBuffer({0x102612d80, 0x14000bc8080}, {0x102611ec8, 0x14000702058}, {0x0, 0x0, 0x0})&#xA;          /opt/homebrew/Cellar/go/1.25.1/libexec/src/io/io.go:429&#xA;        io.Copy(...)&#xA;          /opt/homebrew/Cellar/go/1.25.1/libexec/src/io/io.go:388&#xA;        os.genericWriteTo(0x1400070cd01?, {0x102612d80, 0x14000bc8080})&#xA;          /opt/homebrew/Cellar/go/1.25.1/libexec/src/os/file.go:295&#xA;        os.(*File).WriteTo(0x103aad230?, {0x102612d80?, 0x14000bc8080?})&#xA;          /opt/homebrew/Cellar/go/1.25.1/libexec/src/os/file.go:273&#xA;        io.copyBuffer({0x102612d80, 0x14000bc8080}, {0x102611fc0, 0x140005a6028}, {0x0, 0x0, 0x0})&#xA;          /opt/homebrew/Cellar/go/1.25.1/libexec/src/io/io.go:411&#xA;        io.Copy(...)&#xA;          /opt/homebrew/Cellar/go/1.25.1/libexec/src/io/io.go:388&#xA;        os/exec.(*Cmd).writerDescriptor.func1()&#xA;          /opt/homebrew/Cellar/go/1.25.1/libexec/src/os/exec/exec.go:596&#xA;        os/exec.(*Cmd).Start.func2(0x140005b4180?)&#xA;          /opt/homebrew/Cellar/go/1.25.1/libexec/src/os/exec/exec.go:749&#xA;        os/exec.(*Cmd).Start in goroutine 762&#xA;          /opt/homebrew/Cellar/go/1.25.1/libexec/src/os/exec/exec.go:748&#xA;&#xA;      goroutine 810 [IO wait, 12 minutes]&#xA;        internal/poll.runtime_pollWait(0x104b74e00, 0x72)&#xA;          /opt/homebrew/Cellar/go/1.25.1/libexec/src/runtime/netpoll.go:351&#xA;        internal/poll.(*pollDesc).wait(0x14000694d20?, 0x140009aa000?, 0x1)&#xA;          /opt/homebrew/Cellar/go/1.25.1/libexec/src/internal/poll/fd_poll_runtime.go:84&#xA;        internal/poll.(*pollDesc).waitRead(...)&#xA;          /opt/homebrew/Cellar/go/1.25.1/libexec/src/internal/poll/fd_poll_runtime.go:89&#xA;        internal/poll.(*FD).Read(0x14000694d20, {0x140009aa000, 0x8000, 0x8000})&#xA;          /opt/homebrew/Cellar/go/1.25.1/libexec/src/internal/poll/fd_unix.go:165&#xA;        os.(*File).read(...)&#xA;          /opt/homebrew/Cellar/go/1.25.1/libexec/src/os/file_posix.go:29&#xA;        os.(*File).Read(0x140000a22b8, {0x140009aa000?, 0x14000fb4da8?, 0x1004c7a18?})&#xA;          /opt/homebrew/Cellar/go/1.25.1/libexec/src/os/file.go:144&#xA;        io.copyBuffer({0x102612d80, 0x14000241380}, {0x102611ec8, 0x14000702050}, {0x0, 0x0, 0x0})&#xA;          /opt/homebrew/Cellar/go/1.25.1/libexec/src/io/io.go:429&#xA;        io.Copy(...)&#xA;          /opt/homebrew/Cellar/go/1.25.1/libexec/src/io/io.go:388&#xA;        os.genericWriteTo(0x14000496a01?, {0x102612d80, 0x14000241380})&#xA;          /opt/homebrew/Cellar/go/1.25.1/libexec/src/os/file.go:295&#xA;        os.(*File).WriteTo(0x103aad230?, {0x102612d80?, 0x14000241380?})&#xA;          /opt/homebrew/Cellar/go/1.25.1/libexec/src/os/file.go:273&#xA;        io.copyBuffer({0x102612d80, 0x14000241380}, {0x102611fc0, 0x140000a22b8}, {0x0, 0x0, 0x0})&#xA;          /opt/homebrew/Cellar/go/1.25.1/libexec/src/io/io.go:411&#xA;        io.Copy(...)&#xA;          /opt/homebrew/Cellar/go/1.25.1/libexec/src/io/io.go:388&#xA;        os/exec.(*Cmd).writerDescriptor.func1()&#xA;          /opt/homebrew/Cellar/go/1.25.1/libexec/src/os/exec/exec.go:596&#xA;        os/exec.(*Cmd).Start.func2(0x14000bfa008?)&#xA;          /opt/homebrew/Cellar/go/1.25.1/libexec/src/os/exec/exec.go:749&#xA;        os/exec.(*Cmd).Start in goroutine 761&#xA;          /opt/homebrew/Cellar/go/1.25.1/libexec/src/os/exec/exec.go:748&#xA;&#xA;There were additional failures detected after the initial failure. These are visible in the timeline&#xA;</error>
              <system-err>&gt; Enter [It] checks VDs phases - /Users/antont/ansible_deckhouse/virtualization-full/tests/e2e/vm_connectivity_test.go:107 @ 10/12/25 20:05:39.213&#xA;STEP: VDs should be in Ready phase - /Users/antont/ansible_deckhouse/virtualization-full/tests/e2e/vm_connectivity_test.go:108 @ 10/12/25 20:05:39.213&#xA;[INTERRUPTED] Interrupted by User&#xA;In [It] at: /Users/antont/ansible_deckhouse/virtualization-full/tests/e2e/vm_connectivity_test.go:107 @ 10/12/25 20:17:24.214&#xA;&#xA;This is the Progress Report generated when the interrupt was received:&#xA;  VirtualMachineConnectivity When virtual disks are applied checks VDs phases (Spec Runtime: 11m45s)&#xA;    /Users/antont/ansible_deckhouse/virtualization-full/tests/e2e/vm_connectivity_test.go:107&#xA;    In [It] (Node Runtime: 11m45s)&#xA;      /Users/antont/ansible_deckhouse/virtualization-full/tests/e2e/vm_connectivity_test.go:107&#xA;      At [By Step] VDs should be in Ready phase (Step Runtime: 11m45s)&#xA;        /Users/antont/ansible_deckhouse/virtualization-full/tests/e2e/vm_connectivity_test.go:108&#xA;&#xA;      Spec Goroutine&#xA;      goroutine 805 [sync.WaitGroup.Wait, 12 minutes]&#xA;        sync.runtime_SemacquireWaitGroup(0x100504b30?, 0xa0?)&#xA;          /opt/homebrew/Cellar/go/1.25.1/libexec/src/runtime/sema.go:114&#xA;        sync.(*WaitGroup).Wait(0x14000bfa010)&#xA;          /opt/homebrew/Cellar/go/1.25.1/libexec/src/sync/waitgroup.go:206&#xA;      &gt; github.com/deckhouse/virtualization/tests/e2e.WaitResources({0x14000be2000, 0x2, 0x101f7de58?}, {0x101c96204, 0x28}, {{0x0, 0x0, 0x0}, 0x140006cd710, {0x140009ed110, ...}, ...})&#xA;          /Users/antont/ansible_deckhouse/virtualization-full/tests/e2e/util_test.go:349&#xA;            | &#x9;&#x9;}()&#xA;            | &#x9;}&#xA;            &gt; &#x9;wg.Wait()&#xA;            | &#x9;Expect(waitErr).To(BeEmpty(), &#34;should observe resources in &#39;%s&#39; state before %s timeout&#34;, opts.For, opts.Timeout.String())&#xA;            | }&#xA;      &gt; github.com/deckhouse/virtualization/tests/e2e.WaitByLabel({0x101c96204, 0x28}, {{0x0, 0x0, 0x0}, 0x140006cd710, {0x140009ed110, 0x25}, {0x140009eea80, 0x20}, ...})&#xA;          /Users/antont/ansible_deckhouse/virtualization-full/tests/e2e/util_test.go:308&#xA;            | &#x9;&#x9;resources = strings.Split(res.StdOut(), &#34; &#34;)&#xA;            | &#x9;}&#xA;            &gt; &#x9;WaitResources(resources, resource, opts)&#xA;            | }&#xA;            | &#xA;      &gt; github.com/deckhouse/virtualization/tests/e2e.WaitPhaseByLabel({0x101c96204, 0x28}, {0x101c54eef, 0x5}, {{0x0, 0x0, 0x0}, 0x140006cd710, {0x140009ed110, 0x25}, ...})&#xA;          /Users/antont/ansible_deckhouse/virtualization-full/tests/e2e/util_test.go:290&#xA;            | &#x9;GinkgoHelper()&#xA;            | &#x9;opts.For = fmt.Sprintf(&#34;&#39;jsonpath={.status.phase}=%s&#39;&#34;, phase)&#xA;            &gt; &#x9;WaitByLabel(resource, opts)&#xA;            | }&#xA;            | &#xA;      &gt; github.com/deckhouse/virtualization/tests/e2e.init.func12.5.1()&#xA;          /Users/antont/ansible_deckhouse/virtualization-full/tests/e2e/vm_connectivity_test.go:109&#xA;            | It(&#34;checks VDs phases&#34;, func() {&#xA;            | &#x9;By(fmt.Sprintf(&#34;VDs should be in %s phase&#34;, PhaseReady))&#xA;            &gt; &#x9;WaitPhaseByLabel(kc.ResourceVD, PhaseReady, kc.WaitOptions{&#xA;            | &#x9;&#x9;Labels:    testCaseLabel,&#xA;            | &#x9;&#x9;Namespace: ns,&#xA;        github.com/onsi/ginkgo/v2/internal.extractBodyFunction.func3({0x0?, 0x0?})&#xA;          /Users/antont/go/pkg/mod/github.com/onsi/ginkgo/v2@v2.22.0/internal/node.go:475&#xA;        github.com/onsi/ginkgo/v2/internal.(*Suite).runNode.func3()&#xA;          /Users/antont/go/pkg/mod/github.com/onsi/ginkgo/v2@v2.22.0/internal/suite.go:894&#xA;        github.com/onsi/ginkgo/v2/internal.(*Suite).runNode in goroutine 11&#xA;          /Users/antont/go/pkg/mod/github.com/onsi/ginkgo/v2@v2.22.0/internal/suite.go:881&#xA;&#xA;      Goroutines of Interest&#xA;      goroutine 761 [syscall, 12 minutes]&#xA;        syscall.syscall6(0x100da6a10?, 0x104bd2228?, 0x1048745c0?, 0x90?, 0x14000580808?, 0x14000a8e360?, 0x14000b33a58?)&#xA;          /opt/homebrew/Cellar/go/1.25.1/libexec/src/runtime/sys_darwin.go:60&#xA;        syscall.wait4(0x14000b33a88?, 0x1005866fc?, 0x90?, 0x102582120?)&#xA;          /opt/homebrew/Cellar/go/1.25.1/libexec/src/syscall/zsyscall_darwin_arm64.go:44&#xA;        syscall.Wait4(0x1400029b110?, 0x14000b33ac4, 0x14000da6a10?, 0x1400029b0a0?)&#xA;          /opt/homebrew/Cellar/go/1.25.1/libexec/src/syscall/syscall_bsd.go:144&#xA;        os.(*Process).pidWait.func1(...)&#xA;          /opt/homebrew/Cellar/go/1.25.1/libexec/src/os/exec_unix.go:64&#xA;        os.ignoringEINTR2[...](...)&#xA;          /opt/homebrew/Cellar/go/1.25.1/libexec/src/os/file_posix.go:266&#xA;        os.(*Process).pidWait(0x140002413c0)&#xA;          /opt/homebrew/Cellar/go/1.25.1/libexec/src/os/exec_unix.go:63&#xA;        os.(*Process).wait(0x14000db6408?)&#xA;          /opt/homebrew/Cellar/go/1.25.1/libexec/src/os/exec_unix.go:28&#xA;        os.(*Process).Wait(...)&#xA;          /opt/homebrew/Cellar/go/1.25.1/libexec/src/os/exec.go:340&#xA;        os/exec.(*Cmd).Wait(0x140005b4300)&#xA;          /opt/homebrew/Cellar/go/1.25.1/libexec/src/os/exec/exec.go:922&#xA;        os/exec.(*Cmd).Run(0x140005b4300)&#xA;          /opt/homebrew/Cellar/go/1.25.1/libexec/src/os/exec/exec.go:626&#xA;      &gt; github.com/deckhouse/virtualization/tests/e2e/executor.CMDExecutor.ExecuteContext({{0x1400017f9e0?, 0x102619e88?, 0x1400029afc0?}}, {0x10263a488?, 0x1400029afc0?}, {0x14000028780?, 0xc23316d81b4235e0?}, {0x102612d80, 0x14000241300}, {0x102612d80, ...})&#xA;          /Users/antont/ansible_deckhouse/virtualization-full/tests/e2e/executor/executor.go:76&#xA;            | &#x9;cmd.Stderr = stderr&#xA;            | &#x9;cmd.Stdout = stdout&#xA;            &gt; &#x9;return cmd.Run()&#xA;            | }&#xA;            | &#xA;      &gt; github.com/deckhouse/virtualization/tests/e2e/executor.CMDExecutor.ExecContext({{0x1400017f9e0?, 0x103b27728?, 0x103afdfa0?}}, {0x10263a488, 0x1400029afc0}, {0x14000028780, 0xbf})&#xA;          /Users/antont/ansible_deckhouse/virtualization-full/tests/e2e/executor/executor.go:49&#xA;            | stdout := new(Buffer)&#xA;            | stderr := new(Buffer)&#xA;            &gt; err := e.ExecuteContext(ctx, command, stdout, stderr)&#xA;            | cmdResult := &amp;CMDResult{&#xA;            | &#x9;stdOut:  stdout,&#xA;      &gt; github.com/deckhouse/virtualization/tests/e2e/kubectl.KubectlCMD.WaitResource({{0x10263ea38?, 0x14000496a38?}, {0x101c57fba?, 0x14000fb4e88?}}, {0x101c96204, 0x28}, {0x140009fc1c0, 0x1f}, {{0x0, 0x0, ...}, ...})&#xA;          /Users/antont/ansible_deckhouse/virtualization-full/tests/e2e/kubectl/kubectl.go:260&#xA;            | &#x9;ctx, cancel := context.WithTimeout(context.Background(), timeout)&#xA;            | &#x9;defer cancel()&#xA;            &gt; &#x9;return k.ExecContext(ctx, cmd)&#xA;            | }&#xA;            | &#xA;      &gt; github.com/deckhouse/virtualization/tests/e2e.WaitResources.func1()&#xA;          /Users/antont/ansible_deckhouse/virtualization-full/tests/e2e/util_test.go:341&#xA;            | go func() {&#xA;            | &#x9;defer wg.Done()&#xA;            &gt; &#x9;res := kubectl.WaitResource(resource, name, waitOpts)&#xA;            | &#x9;if res.Error() != nil {&#xA;            | &#x9;&#x9;mu.Lock()&#xA;      &gt; github.com/deckhouse/virtualization/tests/e2e.WaitResources in goroutine 805&#xA;          /Users/antont/ansible_deckhouse/virtualization-full/tests/e2e/util_test.go:339&#xA;            | for _, name := range resources {&#xA;            | &#x9;wg.Add(1)&#xA;            &gt; &#x9;go func() {&#xA;            | &#x9;&#x9;defer wg.Done()&#xA;            | &#x9;&#x9;res := kubectl.WaitResource(resource, name, waitOpts)&#xA;&#xA;      goroutine 762 [syscall, 12 minutes]&#xA;        syscall.syscall6(0x100bfa050?, 0x10fe07680?, 0x104874f30?, 0x90?, 0x14000980008?, 0x14000662120?, 0x14000b35a58?)&#xA;          /opt/homebrew/Cellar/go/1.25.1/libexec/src/runtime/sys_darwin.go:60&#xA;        syscall.wait4(0x14000b35a88?, 0x1005866fc?, 0x90?, 0x102582120?)&#xA;          /opt/homebrew/Cellar/go/1.25.1/libexec/src/syscall/zsyscall_darwin_arm64.go:44&#xA;        syscall.Wait4(0x1400027e930?, 0x14000b35ac4, 0x14000bfa050?, 0x1400027e850?)&#xA;          /opt/homebrew/Cellar/go/1.25.1/libexec/src/syscall/syscall_bsd.go:144&#xA;        os.(*Process).pidWait.func1(...)&#xA;          /opt/homebrew/Cellar/go/1.25.1/libexec/src/os/exec_unix.go:64&#xA;        os.ignoringEINTR2[...](...)&#xA;          /opt/homebrew/Cellar/go/1.25.1/libexec/src/os/file_posix.go:266&#xA;        os.(*Process).pidWait(0x14000674300)&#xA;          /opt/homebrew/Cellar/go/1.25.1/libexec/src/os/exec_unix.go:63&#xA;        os.(*Process).wait(0x140005ca408?)&#xA;          /opt/homebrew/Cellar/go/1.25.1/libexec/src/os/exec_unix.go:28&#xA;        os.(*Process).Wait(...)&#xA;          /opt/homebrew/Cellar/go/1.25.1/libexec/src/os/exec.go:340&#xA;        os/exec.(*Cmd).Wait(0x140002cc000)&#xA;          /opt/homebrew/Cellar/go/1.25.1/libexec/src/os/exec/exec.go:922&#xA;        os/exec.(*Cmd).Run(0x140002cc000)&#xA;          /opt/homebrew/Cellar/go/1.25.1/libexec/src/os/exec/exec.go:626&#xA;      &gt; github.com/deckhouse/virtualization/tests/e2e/executor.CMDExecutor.ExecuteContext({{0x1400017f9e0?, 0x102619e88?, 0x140002c0000?}}, {0x10263a488?, 0x140002c0000?}, {0x140006fe000?, 0xc23316d81b4264c0?}, {0x102612d80, 0x14000bc8080}, {0x102612d80, ...})&#xA;          /Users/antont/ansible_deckhouse/virtualization-full/tests/e2e/executor/executor.go:76&#xA;            | &#x9;cmd.Stderr = stderr&#xA;            | &#x9;cmd.Stdout = stdout&#xA;            &gt; &#x9;return cmd.Run()&#xA;            | }&#xA;            | &#xA;      &gt; github.com/deckhouse/virtualization/tests/e2e/executor.CMDExecutor.ExecContext({{0x1400017f9e0?, 0x103b27728?, 0x103afdfa0?}}, {0x10263a488, 0x140002c0000}, {0x140006fe000, 0xbf})&#xA;          /Users/antont/ansible_deckhouse/virtualization-full/tests/e2e/executor/executor.go:49&#xA;            | stdout := new(Buffer)&#xA;            | stderr := new(Buffer)&#xA;            &gt; err := e.ExecuteContext(ctx, command, stdout, stderr)&#xA;            | cmdResult := &amp;CMDResult{&#xA;            | &#x9;stdOut:  stdout,&#xA;      &gt; github.com/deckhouse/virtualization/tests/e2e/kubectl.KubectlCMD.WaitResource({{0x10263ea38?, 0x14000496a38?}, {0x101c57fba?, 0x140009dd688?}}, {0x101c96204, 0x28}, {0x140009fc1e0, 0x1f}, {{0x0, 0x0, ...}, ...})&#xA;          /Users/antont/ansible_deckhouse/virtualization-full/tests/e2e/kubectl/kubectl.go:260&#xA;            | &#x9;ctx, cancel := context.WithTimeout(context.Background(), timeout)&#xA;            | &#x9;defer cancel()&#xA;            &gt; &#x9;return k.ExecContext(ctx, cmd)&#xA;            | }&#xA;            | &#xA;      &gt; github.com/deckhouse/virtualization/tests/e2e.WaitResources.func1()&#xA;          /Users/antont/ansible_deckhouse/virtualization-full/tests/e2e/util_test.go:341&#xA;            | go func() {&#xA;            | &#x9;defer wg.Done()&#xA;            &gt; &#x9;res := kubectl.WaitResource(resource, name, waitOpts)&#xA;            | &#x9;if res.Error() != nil {&#xA;            | &#x9;&#x9;mu.Lock()&#xA;      &gt; github.com/deckhouse/virtualization/tests/e2e.WaitResources in goroutine 805&#xA;          /Users/antont/ansible_deckhouse/virtualization-full/tests/e2e/util_test.go:339&#xA;            | for _, name := range resources {&#xA;            | &#x9;wg.Add(1)&#xA;            &gt; &#x9;go func() {&#xA;            | &#x9;&#x9;defer wg.Done()&#xA;            | &#x9;&#x9;res := kubectl.WaitResource(resource, name, waitOpts)&#xA;&#xA;      Other Goroutines&#xA;      goroutine 11 [running]&#xA;        github.com/onsi/ginkgo/v2/internal.extractRunningGoroutines()&#xA;          /Users/antont/go/pkg/mod/github.com/onsi/ginkgo/v2@v2.22.0/internal/progress_report.go:181&#xA;        github.com/onsi/ginkgo/v2/internal.NewProgressReport(_, {{0x140005b2500, 0x2, 0x2}, {0x1400029abd0, 0x2, 0x2}, {0x14000893410, 0x2, 0x2}, ...}, ...)&#xA;          /Users/antont/go/pkg/mod/github.com/onsi/ginkgo/v2@v2.22.0/internal/progress_report.go:75&#xA;        github.com/onsi/ginkgo/v2/internal.(*Suite).generateProgressReport(_, _)&#xA;          /Users/antont/go/pkg/mod/github.com/onsi/ginkgo/v2@v2.22.0/internal/suite.go:381&#xA;        github.com/onsi/ginkgo/v2/internal.(*Suite).runNode(_, {0xdc, 0x4, {0x101c68e1e, 0x11}, 0x1400017e850, {{0x102d418e1, 0x55}, 0x6b, {0x0, ...}, ...}, ...}, ...)&#xA;          /Users/antont/go/pkg/mod/github.com/onsi/ginkgo/v2@v2.22.0/internal/suite.go:980&#xA;        github.com/onsi/ginkgo/v2/internal.(*group).attemptSpec(0x14000dd57f0, 0x1, {{0x14000677208?, 0x1400029abd0?, 0x2?}, 0x0?})&#xA;          /Users/antont/go/pkg/mod/github.com/onsi/ginkgo/v2@v2.22.0/internal/group.go:199&#xA;        github.com/onsi/ginkgo/v2/internal.(*group).run(0x14000dd57f0, {0x14000d32008?, 0x0?, 0x0?})&#xA;          /Users/antont/go/pkg/mod/github.com/onsi/ginkgo/v2@v2.22.0/internal/group.go:349&#xA;        github.com/onsi/ginkgo/v2/internal.(*Suite).runSpecs(0x140004b3508, {0x101c54f2b, 0x5}, {0x103b27728, 0x0, 0x0}, {0x1400005a0f4, 0x3d}, 0x0, {0x14000092c08, ...})&#xA;          /Users/antont/go/pkg/mod/github.com/onsi/ginkgo/v2@v2.22.0/internal/suite.go:489&#xA;        github.com/onsi/ginkgo/v2/internal.(*Suite).Run(_, {_, _}, {_, _, _}, {_, _}, _, {_, ...}, ...)&#xA;          /Users/antont/go/pkg/mod/github.com/onsi/ginkgo/v2@v2.22.0/internal/suite.go:130&#xA;        github.com/onsi/ginkgo/v2.RunSpecs({0x1026120a0, 0x140005836c0}, {0x101c54f2b, 0x5}, {0x0, 0x0, 0x0})&#xA;          /Users/antont/go/pkg/mod/github.com/onsi/ginkgo/v2@v2.22.0/core_dsl.go:300&#xA;        github.com/deckhouse/virtualization/tests/e2e.TestE2E(0x140005836c0)&#xA;          /Users/antont/ansible_deckhouse/virtualization-full/tests/e2e/e2e_test.go:76&#xA;        testing.tRunner(0x140005836c0, 0x102601c50)&#xA;          /opt/homebrew/Cellar/go/1.25.1/libexec/src/testing/testing.go:1934&#xA;        testing.(*T).Run in goroutine 1&#xA;          /opt/homebrew/Cellar/go/1.25.1/libexec/src/testing/testing.go:1997&#xA;&#xA;      goroutine 1 [chan receive, 123 minutes]&#xA;        testing.(*T).Run(0x14000583500, {0x101c5799a?, 0x14000379b38?}, 0x102601c50)&#xA;          /opt/homebrew/Cellar/go/1.25.1/libexec/src/testing/testing.go:2005&#xA;        testing.runTests.func1(0x14000583500)&#xA;          /opt/homebrew/Cellar/go/1.25.1/libexec/src/testing/testing.go:2477&#xA;        testing.tRunner(0x14000583500, 0x14000379c68)&#xA;          /opt/homebrew/Cellar/go/1.25.1/libexec/src/testing/testing.go:1934&#xA;        testing.runTests(0x140004966f0, {0x103aacfd0, 0x1, 0x1}, {0x140005b3100?, 0xf?, 0x0?})&#xA;          /opt/homebrew/Cellar/go/1.25.1/libexec/src/testing/testing.go:2475&#xA;        testing.(*M).Run(0x1400025cc80)&#xA;          /opt/homebrew/Cellar/go/1.25.1/libexec/src/testing/testing.go:2337&#xA;        main.main()&#xA;          _testmain.go:45&#xA;&#xA;      goroutine 41 [syscall]&#xA;        os/signal.signal_recv()&#xA;          /opt/homebrew/Cellar/go/1.25.1/libexec/src/runtime/sigqueue.go:149&#xA;        os/signal.loop()&#xA;          /opt/homebrew/Cellar/go/1.25.1/libexec/src/os/signal/signal_unix.go:23&#xA;        os/signal.Notify.func1.1 in goroutine 11&#xA;          /opt/homebrew/Cellar/go/1.25.1/libexec/src/os/signal/signal.go:152&#xA;&#xA;      goroutine 66 [select]&#xA;        github.com/onsi/ginkgo/v2/internal/interrupt_handler.(*InterruptHandler).registerForInterrupts.func2(0x140006e8000?)&#xA;          /Users/antont/go/pkg/mod/github.com/onsi/ginkgo/v2@v2.22.0/internal/interrupt_handler/interrupt_handler.go:131&#xA;        github.com/onsi/ginkgo/v2/internal/interrupt_handler.(*InterruptHandler).registerForInterrupts in goroutine 11&#xA;          /Users/antont/go/pkg/mod/github.com/onsi/ginkgo/v2@v2.22.0/internal/interrupt_handler/interrupt_handler.go:128&#xA;&#xA;      goroutine 82 [select, 123 minutes]&#xA;        github.com/onsi/ginkgo/v2/internal.RegisterForProgressSignal.func1()&#xA;          /Users/antont/go/pkg/mod/github.com/onsi/ginkgo/v2@v2.22.0/internal/progress_report.go:32&#xA;        github.com/onsi/ginkgo/v2/internal.RegisterForProgressSignal in goroutine 11&#xA;          /Users/antont/go/pkg/mod/github.com/onsi/ginkgo/v2@v2.22.0/internal/progress_report.go:30&#xA;&#xA;      goroutine 811 [select, 12 minutes]&#xA;        os/exec.(*Cmd).watchCtx(0x140005b4300, 0x1400070cee0)&#xA;          /opt/homebrew/Cellar/go/1.25.1/libexec/src/os/exec/exec.go:789&#xA;        os/exec.(*Cmd).Start in goroutine 761&#xA;          /opt/homebrew/Cellar/go/1.25.1/libexec/src/os/exec/exec.go:775&#xA;&#xA;      goroutine 800 [IO wait, 12 minutes]&#xA;        internal/poll.runtime_pollWait(0x104b73a00, 0x72)&#xA;          /opt/homebrew/Cellar/go/1.25.1/libexec/src/runtime/netpoll.go:351&#xA;        internal/poll.(*pollDesc).wait(0x14000caa3c0?, 0x1400094a000?, 0x1)&#xA;          /opt/homebrew/Cellar/go/1.25.1/libexec/src/internal/poll/fd_poll_runtime.go:84&#xA;        internal/poll.(*pollDesc).waitRead(...)&#xA;          /opt/homebrew/Cellar/go/1.25.1/libexec/src/internal/poll/fd_poll_runtime.go:89&#xA;        internal/poll.(*FD).Read(0x14000caa3c0, {0x1400094a000, 0x8000, 0x8000})&#xA;          /opt/homebrew/Cellar/go/1.25.1/libexec/src/internal/poll/fd_unix.go:165&#xA;        os.(*File).read(...)&#xA;          /opt/homebrew/Cellar/go/1.25.1/libexec/src/os/file_posix.go:29&#xA;        os.(*File).Read(0x140005a6040, {0x1400094a000?, 0x14000fba5a8?, 0x1004c7a18?})&#xA;          /opt/homebrew/Cellar/go/1.25.1/libexec/src/os/file.go:144&#xA;        io.copyBuffer({0x102612d80, 0x14000bc80c0}, {0x102611ec8, 0x140005a6068}, {0x0, 0x0, 0x0})&#xA;          /opt/homebrew/Cellar/go/1.25.1/libexec/src/io/io.go:429&#xA;        io.Copy(...)&#xA;          /opt/homebrew/Cellar/go/1.25.1/libexec/src/io/io.go:388&#xA;        os.genericWriteTo(0x14000496a01?, {0x102612d80, 0x14000bc80c0})&#xA;          /opt/homebrew/Cellar/go/1.25.1/libexec/src/os/file.go:295&#xA;        os.(*File).WriteTo(0x103aad230?, {0x102612d80?, 0x14000bc80c0?})&#xA;          /opt/homebrew/Cellar/go/1.25.1/libexec/src/os/file.go:273&#xA;        io.copyBuffer({0x102612d80, 0x14000bc80c0}, {0x102611fc0, 0x140005a6040}, {0x0, 0x0, 0x0})&#xA;          /opt/homebrew/Cellar/go/1.25.1/libexec/src/io/io.go:411&#xA;        io.Copy(...)&#xA;          /opt/homebrew/Cellar/go/1.25.1/libexec/src/io/io.go:388&#xA;        os/exec.(*Cmd).writerDescriptor.func1()&#xA;          /opt/homebrew/Cellar/go/1.25.1/libexec/src/os/exec/exec.go:596&#xA;        os/exec.(*Cmd).Start.func2(0x140008e8008?)&#xA;          /opt/homebrew/Cellar/go/1.25.1/libexec/src/os/exec/exec.go:749&#xA;        os/exec.(*Cmd).Start in goroutine 762&#xA;          /opt/homebrew/Cellar/go/1.25.1/libexec/src/os/exec/exec.go:748&#xA;&#xA;      goroutine 801 [select, 12 minutes]&#xA;        os/exec.(*Cmd).watchCtx(0x140002cc000, 0x140001180e0)&#xA;          /opt/homebrew/Cellar/go/1.25.1/libexec/src/os/exec/exec.go:789&#xA;        os/exec.(*Cmd).Start in goroutine 762&#xA;          /opt/homebrew/Cellar/go/1.25.1/libexec/src/os/exec/exec.go:775&#xA;&#xA;      goroutine 809 [IO wait, 12 minutes]&#xA;        internal/poll.runtime_pollWait(0x104b74400, 0x72)&#xA;          /opt/homebrew/Cellar/go/1.25.1/libexec/src/runtime/netpoll.go:351&#xA;        internal/poll.(*pollDesc).wait(0x14000694ba0?, 0x14000940000?, 0x1)&#xA;          /opt/homebrew/Cellar/go/1.25.1/libexec/src/internal/poll/fd_poll_runtime.go:84&#xA;        internal/poll.(*pollDesc).waitRead(...)&#xA;          /opt/homebrew/Cellar/go/1.25.1/libexec/src/internal/poll/fd_poll_runtime.go:89&#xA;        internal/poll.(*FD).Read(0x14000694ba0, {0x14000940000, 0x8000, 0x8000})&#xA;          /opt/homebrew/Cellar/go/1.25.1/libexec/src/internal/poll/fd_unix.go:165&#xA;        os.(*File).read(...)&#xA;          /opt/homebrew/Cellar/go/1.25.1/libexec/src/os/file_posix.go:29&#xA;        os.(*File).Read(0x140000a2288, {0x14000940000?, 0x14000fb5da8?, 0x1004c7a18?})&#xA;          /opt/homebrew/Cellar/go/1.25.1/libexec/src/os/file.go:144&#xA;        io.copyBuffer({0x102612d80, 0x14000241300}, {0x102611ec8, 0x140005a6060}, {0x0, 0x0, 0x0})&#xA;          /opt/homebrew/Cellar/go/1.25.1/libexec/src/io/io.go:429&#xA;        io.Copy(...)&#xA;          /opt/homebrew/Cellar/go/1.25.1/libexec/src/io/io.go:388&#xA;        os.genericWriteTo(0x14000fb5e01?, {0x102612d80, 0x14000241300})&#xA;          /opt/homebrew/Cellar/go/1.25.1/libexec/src/os/file.go:295&#xA;        os.(*File).WriteTo(0x103aad230?, {0x102612d80?, 0x14000241300?})&#xA;          /opt/homebrew/Cellar/go/1.25.1/libexec/src/os/file.go:273&#xA;        io.copyBuffer({0x102612d80, 0x14000241300}, {0x102611fc0, 0x140000a2288}, {0x0, 0x0, 0x0})&#xA;          /opt/homebrew/Cellar/go/1.25.1/libexec/src/io/io.go:411&#xA;        io.Copy(...)&#xA;          /opt/homebrew/Cellar/go/1.25.1/libexec/src/io/io.go:388&#xA;        os/exec.(*Cmd).writerDescriptor.func1()&#xA;          /opt/homebrew/Cellar/go/1.25.1/libexec/src/os/exec/exec.go:596&#xA;        os/exec.(*Cmd).Start.func2(0x1400070c620?)&#xA;          /opt/homebrew/Cellar/go/1.25.1/libexec/src/os/exec/exec.go:749&#xA;        os/exec.(*Cmd).Start in goroutine 761&#xA;          /opt/homebrew/Cellar/go/1.25.1/libexec/src/os/exec/exec.go:748&#xA;&#xA;      goroutine 799 [IO wait, 12 minutes]&#xA;        internal/poll.runtime_pollWait(0x104b73e00, 0x72)&#xA;          /opt/homebrew/Cellar/go/1.25.1/libexec/src/runtime/netpoll.go:351&#xA;        internal/poll.(*pollDesc).wait(0x14000caa300?, 0x140009f0000?, 0x1)&#xA;          /opt/homebrew/Cellar/go/1.25.1/libexec/src/internal/poll/fd_poll_runtime.go:84&#xA;        internal/poll.(*pollDesc).waitRead(...)&#xA;          /opt/homebrew/Cellar/go/1.25.1/libexec/src/internal/poll/fd_poll_runtime.go:89&#xA;        internal/poll.(*FD).Read(0x14000caa300, {0x140009f0000, 0x8000, 0x8000})&#xA;          /opt/homebrew/Cellar/go/1.25.1/libexec/src/internal/poll/fd_unix.go:165&#xA;        os.(*File).read(...)&#xA;          /opt/homebrew/Cellar/go/1.25.1/libexec/src/os/file_posix.go:29&#xA;        os.(*File).Read(0x140005a6028, {0x140009f0000?, 0x14000fb55a8?, 0x1004c7a18?})&#xA;          /opt/homebrew/Cellar/go/1.25.1/libexec/src/os/file.go:144&#xA;        io.copyBuffer({0x102612d80, 0x14000bc8080}, {0x102611ec8, 0x14000702058}, {0x0, 0x0, 0x0})&#xA;          /opt/homebrew/Cellar/go/1.25.1/libexec/src/io/io.go:429&#xA;        io.Copy(...)&#xA;          /opt/homebrew/Cellar/go/1.25.1/libexec/src/io/io.go:388&#xA;        os.genericWriteTo(0x1400070cd01?, {0x102612d80, 0x14000bc8080})&#xA;          /opt/homebrew/Cellar/go/1.25.1/libexec/src/os/file.go:295&#xA;        os.(*File).WriteTo(0x103aad230?, {0x102612d80?, 0x14000bc8080?})&#xA;          /opt/homebrew/Cellar/go/1.25.1/libexec/src/os/file.go:273&#xA;        io.copyBuffer({0x102612d80, 0x14000bc8080}, {0x102611fc0, 0x140005a6028}, {0x0, 0x0, 0x0})&#xA;          /opt/homebrew/Cellar/go/1.25.1/libexec/src/io/io.go:411&#xA;        io.Copy(...)&#xA;          /opt/homebrew/Cellar/go/1.25.1/libexec/src/io/io.go:388&#xA;        os/exec.(*Cmd).writerDescriptor.func1()&#xA;          /opt/homebrew/Cellar/go/1.25.1/libexec/src/os/exec/exec.go:596&#xA;        os/exec.(*Cmd).Start.func2(0x140005b4180?)&#xA;          /opt/homebrew/Cellar/go/1.25.1/libexec/src/os/exec/exec.go:749&#xA;        os/exec.(*Cmd).Start in goroutine 762&#xA;          /opt/homebrew/Cellar/go/1.25.1/libexec/src/os/exec/exec.go:748&#xA;&#xA;      goroutine 810 [IO wait, 12 minutes]&#xA;        internal/poll.runtime_pollWait(0x104b74e00, 0x72)&#xA;          /opt/homebrew/Cellar/go/1.25.1/libexec/src/runtime/netpoll.go:351&#xA;        internal/poll.(*pollDesc).wait(0x14000694d20?, 0x140009aa000?, 0x1)&#xA;          /opt/homebrew/Cellar/go/1.25.1/libexec/src/internal/poll/fd_poll_runtime.go:84&#xA;        internal/poll.(*pollDesc).waitRead(...)&#xA;          /opt/homebrew/Cellar/go/1.25.1/libexec/src/internal/poll/fd_poll_runtime.go:89&#xA;        internal/poll.(*FD).Read(0x14000694d20, {0x140009aa000, 0x8000, 0x8000})&#xA;          /opt/homebrew/Cellar/go/1.25.1/libexec/src/internal/poll/fd_unix.go:165&#xA;        os.(*File).read(...)&#xA;          /opt/homebrew/Cellar/go/1.25.1/libexec/src/os/file_posix.go:29&#xA;        os.(*File).Read(0x140000a22b8, {0x140009aa000?, 0x14000fb4da8?, 0x1004c7a18?})&#xA;          /opt/homebrew/Cellar/go/1.25.1/libexec/src/os/file.go:144&#xA;        io.copyBuffer({0x102612d80, 0x14000241380}, {0x102611ec8, 0x14000702050}, {0x0, 0x0, 0x0})&#xA;          /opt/homebrew/Cellar/go/1.25.1/libexec/src/io/io.go:429&#xA;        io.Copy(...)&#xA;          /opt/homebrew/Cellar/go/1.25.1/libexec/src/io/io.go:388&#xA;        os.genericWriteTo(0x14000496a01?, {0x102612d80, 0x14000241380})&#xA;          /opt/homebrew/Cellar/go/1.25.1/libexec/src/os/file.go:295&#xA;        os.(*File).WriteTo(0x103aad230?, {0x102612d80?, 0x14000241380?})&#xA;          /opt/homebrew/Cellar/go/1.25.1/libexec/src/os/file.go:273&#xA;        io.copyBuffer({0x102612d80, 0x14000241380}, {0x102611fc0, 0x140000a22b8}, {0x0, 0x0, 0x0})&#xA;          /opt/homebrew/Cellar/go/1.25.1/libexec/src/io/io.go:411&#xA;        io.Copy(...)&#xA;          /opt/homebrew/Cellar/go/1.25.1/libexec/src/io/io.go:388&#xA;        os/exec.(*Cmd).writerDescriptor.func1()&#xA;          /opt/homebrew/Cellar/go/1.25.1/libexec/src/os/exec/exec.go:596&#xA;        os/exec.(*Cmd).Start.func2(0x14000bfa008?)&#xA;          /opt/homebrew/Cellar/go/1.25.1/libexec/src/os/exec/exec.go:749&#xA;        os/exec.(*Cmd).Start in goroutine 761&#xA;          /opt/homebrew/Cellar/go/1.25.1/libexec/src/os/exec/exec.go:748&#xA;Interrupted by User&#xA;First interrupt received; Ginkgo will run any cleanup and reporting nodes but will skip all remaining specs.  Interrupt again to skip cleanup.&#xA;Here&#39;s a current progress report:&#xA;  VirtualMachineConnectivity When virtual disks are applied checks VDs phases (Spec Runtime: 11m45s)&#xA;    /Users/antont/ansible_deckhouse/virtualization-full/tests/e2e/vm_connectivity_test.go:107&#xA;    In [It] (Node Runtime: 11m45s)&#xA;      /Users/antont/ansible_deckhouse/virtualization-full/tests/e2e/vm_connectivity_test.go:107&#xA;      At [By Step] VDs should be in Ready phase (Step Runtime: 11m45s)&#xA;        /Users/antont/ansible_deckhouse/virtualization-full/tests/e2e/vm_connectivity_test.go:108&#xA;&#xA;      Spec Goroutine&#xA;      goroutine 805 [sync.WaitGroup.Wait, 12 minutes]&#xA;        sync.runtime_SemacquireWaitGroup(0x100504b30?, 0xa0?)&#xA;          /opt/homebrew/Cellar/go/1.25.1/libexec/src/runtime/sema.go:114&#xA;        sync.(*WaitGroup).Wait(0x14000bfa010)&#xA;          /opt/homebrew/Cellar/go/1.25.1/libexec/src/sync/waitgroup.go:206&#xA;      &gt; github.com/deckhouse/virtualization/tests/e2e.WaitResources({0x14000be2000, 0x2, 0x101f7de58?}, {0x101c96204, 0x28}, {{0x0, 0x0, 0x0}, 0x140006cd710, {0x140009ed110, ...}, ...})&#xA;          /Users/antont/ansible_deckhouse/virtualization-full/tests/e2e/util_test.go:349&#xA;            | &#x9;&#x9;}()&#xA;            | &#x9;}&#xA;            &gt; &#x9;wg.Wait()&#xA;            | &#x9;Expect(waitErr).To(BeEmpty(), &#34;should observe resources in &#39;%s&#39; state before %s timeout&#34;, opts.For, opts.Timeout.String())&#xA;            | }&#xA;      &gt; github.com/deckhouse/virtualization/tests/e2e.WaitByLabel({0x101c96204, 0x28}, {{0x0, 0x0, 0x0}, 0x140006cd710, {0x140009ed110, 0x25}, {0x140009eea80, 0x20}, ...})&#xA;          /Users/antont/ansible_deckhouse/virtualization-full/tests/e2e/util_test.go:308&#xA;            | &#x9;&#x9;resources = strings.Split(res.StdOut(), &#34; &#34;)&#xA;            | &#x9;}&#xA;            &gt; &#x9;WaitResources(resources, resource, opts)&#xA;            | }&#xA;            | &#xA;      &gt; github.com/deckhouse/virtualization/tests/e2e.WaitPhaseByLabel({0x101c96204, 0x28}, {0x101c54eef, 0x5}, {{0x0, 0x0, 0x0}, 0x140006cd710, {0x140009ed110, 0x25}, ...})&#xA;          /Users/antont/ansible_deckhouse/virtualization-full/tests/e2e/util_test.go:290&#xA;            | &#x9;GinkgoHelper()&#xA;            | &#x9;opts.For = fmt.Sprintf(&#34;&#39;jsonpath={.status.phase}=%s&#39;&#34;, phase)&#xA;            &gt; &#x9;WaitByLabel(resource, opts)&#xA;            | }&#xA;            | &#xA;      &gt; github.com/deckhouse/virtualization/tests/e2e.init.func12.5.1()&#xA;          /Users/antont/ansible_deckhouse/virtualization-full/tests/e2e/vm_connectivity_test.go:109&#xA;            | It(&#34;checks VDs phases&#34;, func() {&#xA;            | &#x9;By(fmt.Sprintf(&#34;VDs should be in %s phase&#34;, PhaseReady))&#xA;            &gt; &#x9;WaitPhaseByLabel(kc.ResourceVD, PhaseReady, kc.WaitOptions{&#xA;            | &#x9;&#x9;Labels:    testCaseLabel,&#xA;            | &#x9;&#x9;Namespace: ns,&#xA;        github.com/onsi/ginkgo/v2/internal.extractBodyFunction.func3({0x0?, 0x0?})&#xA;          /Users/antont/go/pkg/mod/github.com/onsi/ginkgo/v2@v2.22.0/internal/node.go:475&#xA;        github.com/onsi/ginkgo/v2/internal.(*Suite).runNode.func3()&#xA;          /Users/antont/go/pkg/mod/github.com/onsi/ginkgo/v2@v2.22.0/internal/suite.go:894&#xA;        github.com/onsi/ginkgo/v2/internal.(*Suite).runNode in goroutine 11&#xA;          /Users/antont/go/pkg/mod/github.com/onsi/ginkgo/v2@v2.22.0/internal/suite.go:881&#xA;&#xA;      Goroutines of Interest&#xA;      goroutine 761 [syscall, 12 minutes]&#xA;        syscall.syscall6(0x100da6a10?, 0x104bd2228?, 0x1048745c0?, 0x90?, 0x14000580808?, 0x14000a8e360?, 0x14000b33a58?)&#xA;          /opt/homebrew/Cellar/go/1.25.1/libexec/src/runtime/sys_darwin.go:60&#xA;        syscall.wait4(0x14000b33a88?, 0x1005866fc?, 0x90?, 0x102582120?)&#xA;          /opt/homebrew/Cellar/go/1.25.1/libexec/src/syscall/zsyscall_darwin_arm64.go:44&#xA;        syscall.Wait4(0x1400029b110?, 0x14000b33ac4, 0x14000da6a10?, 0x1400029b0a0?)&#xA;          /opt/homebrew/Cellar/go/1.25.1/libexec/src/syscall/syscall_bsd.go:144&#xA;        os.(*Process).pidWait.func1(...)&#xA;          /opt/homebrew/Cellar/go/1.25.1/libexec/src/os/exec_unix.go:64&#xA;        os.ignoringEINTR2[...](...)&#xA;          /opt/homebrew/Cellar/go/1.25.1/libexec/src/os/file_posix.go:266&#xA;        os.(*Process).pidWait(0x140002413c0)&#xA;          /opt/homebrew/Cellar/go/1.25.1/libexec/src/os/exec_unix.go:63&#xA;        os.(*Process).wait(0x14000db6408?)&#xA;          /opt/homebrew/Cellar/go/1.25.1/libexec/src/os/exec_unix.go:28&#xA;        os.(*Process).Wait(...)&#xA;          /opt/homebrew/Cellar/go/1.25.1/libexec/src/os/exec.go:340&#xA;        os/exec.(*Cmd).Wait(0x140005b4300)&#xA;          /opt/homebrew/Cellar/go/1.25.1/libexec/src/os/exec/exec.go:922&#xA;        os/exec.(*Cmd).Run(0x140005b4300)&#xA;          /opt/homebrew/Cellar/go/1.25.1/libexec/src/os/exec/exec.go:626&#xA;      &gt; github.com/deckhouse/virtualization/tests/e2e/executor.CMDExecutor.ExecuteContext({{0x1400017f9e0?, 0x102619e88?, 0x1400029afc0?}}, {0x10263a488?, 0x1400029afc0?}, {0x14000028780?, 0xc23316d81b4235e0?}, {0x102612d80, 0x14000241300}, {0x102612d80, ...})&#xA;          /Users/antont/ansible_deckhouse/virtualization-full/tests/e2e/executor/executor.go:76&#xA;            | &#x9;cmd.Stderr = stderr&#xA;            | &#x9;cmd.Stdout = stdout&#xA;            &gt; &#x9;return cmd.Run()&#xA;            | }&#xA;            | &#xA;      &gt; github.com/deckhouse/virtualization/tests/e2e/executor.CMDExecutor.ExecContext({{0x1400017f9e0?, 0x103b27728?, 0x103afdfa0?}}, {0x10263a488, 0x1400029afc0}, {0x14000028780, 0xbf})&#xA;          /Users/antont/ansible_deckhouse/virtualization-full/tests/e2e/executor/executor.go:49&#xA;            | stdout := new(Buffer)&#xA;            | stderr := new(Buffer)&#xA;            &gt; err := e.ExecuteContext(ctx, command, stdout, stderr)&#xA;            | cmdResult := &amp;CMDResult{&#xA;            | &#x9;stdOut:  stdout,&#xA;      &gt; github.com/deckhouse/virtualization/tests/e2e/kubectl.KubectlCMD.WaitResource({{0x10263ea38?, 0x14000496a38?}, {0x101c57fba?, 0x14000fb4e88?}}, {0x101c96204, 0x28}, {0x140009fc1c0, 0x1f}, {{0x0, 0x0, ...}, ...})&#xA;          /Users/antont/ansible_deckhouse/virtualization-full/tests/e2e/kubectl/kubectl.go:260&#xA;            | &#x9;ctx, cancel := context.WithTimeout(context.Background(), timeout)&#xA;            | &#x9;defer cancel()&#xA;            &gt; &#x9;return k.ExecContext(ctx, cmd)&#xA;            | }&#xA;            | &#xA;      &gt; github.com/deckhouse/virtualization/tests/e2e.WaitResources.func1()&#xA;          /Users/antont/ansible_deckhouse/virtualization-full/tests/e2e/util_test.go:341&#xA;            | go func() {&#xA;            | &#x9;defer wg.Done()&#xA;            &gt; &#x9;res := kubectl.WaitResource(resource, name, waitOpts)&#xA;            | &#x9;if res.Error() != nil {&#xA;            | &#x9;&#x9;mu.Lock()&#xA;      &gt; github.com/deckhouse/virtualization/tests/e2e.WaitResources in goroutine 805&#xA;          /Users/antont/ansible_deckhouse/virtualization-full/tests/e2e/util_test.go:339&#xA;            | for _, name := range resources {&#xA;            | &#x9;wg.Add(1)&#xA;            &gt; &#x9;go func() {&#xA;            | &#x9;&#x9;defer wg.Done()&#xA;            | &#x9;&#x9;res := kubectl.WaitResource(resource, name, waitOpts)&#xA;&#xA;      goroutine 762 [syscall, 12 minutes]&#xA;        syscall.syscall6(0x100bfa050?, 0x10fe07680?, 0x104874f30?, 0x90?, 0x14000980008?, 0x14000662120?, 0x14000b35a58?)&#xA;          /opt/homebrew/Cellar/go/1.25.1/libexec/src/runtime/sys_darwin.go:60&#xA;        syscall.wait4(0x14000b35a88?, 0x1005866fc?, 0x90?, 0x102582120?)&#xA;          /opt/homebrew/Cellar/go/1.25.1/libexec/src/syscall/zsyscall_darwin_arm64.go:44&#xA;        syscall.Wait4(0x1400027e930?, 0x14000b35ac4, 0x14000bfa050?, 0x1400027e850?)&#xA;          /opt/homebrew/Cellar/go/1.25.1/libexec/src/syscall/syscall_bsd.go:144&#xA;        os.(*Process).pidWait.func1(...)&#xA;          /opt/homebrew/Cellar/go/1.25.1/libexec/src/os/exec_unix.go:64&#xA;        os.ignoringEINTR2[...](...)&#xA;          /opt/homebrew/Cellar/go/1.25.1/libexec/src/os/file_posix.go:266&#xA;        os.(*Process).pidWait(0x14000674300)&#xA;          /opt/homebrew/Cellar/go/1.25.1/libexec/src/os/exec_unix.go:63&#xA;        os.(*Process).wait(0x140005ca408?)&#xA;          /opt/homebrew/Cellar/go/1.25.1/libexec/src/os/exec_unix.go:28&#xA;        os.(*Process).Wait(...)&#xA;          /opt/homebrew/Cellar/go/1.25.1/libexec/src/os/exec.go:340&#xA;        os/exec.(*Cmd).Wait(0x140002cc000)&#xA;          /opt/homebrew/Cellar/go/1.25.1/libexec/src/os/exec/exec.go:922&#xA;        os/exec.(*Cmd).Run(0x140002cc000)&#xA;          /opt/homebrew/Cellar/go/1.25.1/libexec/src/os/exec/exec.go:626&#xA;      &gt; github.com/deckhouse/virtualization/tests/e2e/executor.CMDExecutor.ExecuteContext({{0x1400017f9e0?, 0x102619e88?, 0x140002c0000?}}, {0x10263a488?, 0x140002c0000?}, {0x140006fe000?, 0xc23316d81b4264c0?}, {0x102612d80, 0x14000bc8080}, {0x102612d80, ...})&#xA;          /Users/antont/ansible_deckhouse/virtualization-full/tests/e2e/executor/executor.go:76&#xA;            | &#x9;cmd.Stderr = stderr&#xA;            | &#x9;cmd.Stdout = stdout&#xA;            &gt; &#x9;return cmd.Run()&#xA;            | }&#xA;            | &#xA;      &gt; github.com/deckhouse/virtualization/tests/e2e/executor.CMDExecutor.ExecContext({{0x1400017f9e0?, 0x103b27728?, 0x103afdfa0?}}, {0x10263a488, 0x140002c0000}, {0x140006fe000, 0xbf})&#xA;          /Users/antont/ansible_deckhouse/virtualization-full/tests/e2e/executor/executor.go:49&#xA;            | stdout := new(Buffer)&#xA;            | stderr := new(Buffer)&#xA;            &gt; err := e.ExecuteContext(ctx, command, stdout, stderr)&#xA;            | cmdResult := &amp;CMDResult{&#xA;            | &#x9;stdOut:  stdout,&#xA;      &gt; github.com/deckhouse/virtualization/tests/e2e/kubectl.KubectlCMD.WaitResource({{0x10263ea38?, 0x14000496a38?}, {0x101c57fba?, 0x140009dd688?}}, {0x101c96204, 0x28}, {0x140009fc1e0, 0x1f}, {{0x0, 0x0, ...}, ...})&#xA;          /Users/antont/ansible_deckhouse/virtualization-full/tests/e2e/kubectl/kubectl.go:260&#xA;            | &#x9;ctx, cancel := context.WithTimeout(context.Background(), timeout)&#xA;            | &#x9;defer cancel()&#xA;            &gt; &#x9;return k.ExecContext(ctx, cmd)&#xA;            | }&#xA;            | &#xA;      &gt; github.com/deckhouse/virtualization/tests/e2e.WaitResources.func1()&#xA;          /Users/antont/ansible_deckhouse/virtualization-full/tests/e2e/util_test.go:341&#xA;            | go func() {&#xA;            | &#x9;defer wg.Done()&#xA;            &gt; &#x9;res := kubectl.WaitResource(resource, name, waitOpts)&#xA;            | &#x9;if res.Error() != nil {&#xA;            | &#x9;&#x9;mu.Lock()&#xA;      &gt; github.com/deckhouse/virtualization/tests/e2e.WaitResources in goroutine 805&#xA;          /Users/antont/ansible_deckhouse/virtualization-full/tests/e2e/util_test.go:339&#xA;            | for _, name := range resources {&#xA;            | &#x9;wg.Add(1)&#xA;            &gt; &#x9;go func() {&#xA;            | &#x9;&#x9;defer wg.Done()&#xA;            | &#x9;&#x9;res := kubectl.WaitResource(resource, name, waitOpts)&#xA;&lt; Exit [It] checks VDs phases - /Users/antont/ansible_deckhouse/virtualization-full/tests/e2e/vm_connectivity_test.go:107 @ 10/12/25 20:17:24.216 (11m45.002s)&#xA;&gt; Enter [AfterEach] VirtualMachineConnectivity - /Users/antont/ansible_deckhouse/virtualization-full/tests/e2e/vm_connectivity_test.go:66 @ 10/12/25 20:17:24.216&#xA;[INTERRUPTED] Interrupted by User&#xA;In [AfterEach] at: /Users/antont/ansible_deckhouse/virtualization-full/tests/e2e/vm_connectivity_test.go:66 @ 10/12/25 20:17:27.092&#xA;&#xA;This is the Progress Report generated when the interrupt was received:&#xA;  VirtualMachineConnectivity When virtual disks are applied checks VDs phases (Spec Runtime: 11m47.878s)&#xA;    /Users/antont/ansible_deckhouse/virtualization-full/tests/e2e/vm_connectivity_test.go:107&#xA;    In [AfterEach] (Node Runtime: 2.876s)&#xA;      /Users/antont/ansible_deckhouse/virtualization-full/tests/e2e/vm_connectivity_test.go:66&#xA;&#xA;    Spec Goroutine&#xA;    goroutine 814 [syscall]&#xA;      syscall.syscall6(0x100da7c00?, 0x104bd2228?, 0x1048745c0?, 0x90?, 0x14000680008?, 0x14000a8e6c0?, 0x1400036cb08?)&#xA;        /opt/homebrew/Cellar/go/1.25.1/libexec/src/runtime/sys_darwin.go:60&#xA;      syscall.wait4(0x1400036cb38?, 0x1005866fc?, 0x90?, 0x102582120?)&#xA;        /opt/homebrew/Cellar/go/1.25.1/libexec/src/syscall/zsyscall_darwin_arm64.go:44&#xA;      syscall.Wait4(0x1400029a850?, 0x1400036cb74, 0x14000da7c00?, 0x1400029a7e0?)&#xA;        /opt/homebrew/Cellar/go/1.25.1/libexec/src/syscall/syscall_bsd.go:144&#xA;      os.(*Process).pidWait.func1(...)&#xA;        /opt/homebrew/Cellar/go/1.25.1/libexec/src/os/exec_unix.go:64&#xA;      os.ignoringEINTR2[...](...)&#xA;        /opt/homebrew/Cellar/go/1.25.1/libexec/src/os/file_posix.go:266&#xA;      os.(*Process).pidWait(0x14000241200)&#xA;        /opt/homebrew/Cellar/go/1.25.1/libexec/src/os/exec_unix.go:63&#xA;      os.(*Process).wait(0x14000db6c08?)&#xA;        /opt/homebrew/Cellar/go/1.25.1/libexec/src/os/exec_unix.go:28&#xA;      os.(*Process).Wait(...)&#xA;        /opt/homebrew/Cellar/go/1.25.1/libexec/src/os/exec.go:340&#xA;      os/exec.(*Cmd).Wait(0x140005b4000)&#xA;        /opt/homebrew/Cellar/go/1.25.1/libexec/src/os/exec/exec.go:922&#xA;      os/exec.(*Cmd).Run(0x140005b4000)&#xA;        /opt/homebrew/Cellar/go/1.25.1/libexec/src/os/exec/exec.go:626&#xA;    &gt; github.com/deckhouse/virtualization/tests/e2e/executor.CMDExecutor.ExecuteContext({{0x1400017f9e0?, 0x102619e88?, 0x1400029a690?}}, {0x10263a488?, 0x1400029a690?}, {0x14000aca4d0?, 0xc23316908cec3e28?}, {0x102612d80, 0x14000241100}, {0x102612d80, ...})&#xA;        /Users/antont/ansible_deckhouse/virtualization-full/tests/e2e/executor/executor.go:76&#xA;          | &#x9;cmd.Stderr = stderr&#xA;          | &#x9;cmd.Stdout = stdout&#xA;          &gt; &#x9;return cmd.Run()&#xA;          | }&#xA;          | &#xA;    &gt; github.com/deckhouse/virtualization/tests/e2e/executor.CMDExecutor.ExecContext({{0x1400017f9e0?, 0x103b27728?, 0x103afdfa0?}}, {0x10263a488, 0x1400029a690}, {0x14000aca4d0, 0xb0})&#xA;        /Users/antont/ansible_deckhouse/virtualization-full/tests/e2e/executor/executor.go:49&#xA;          | stdout := new(Buffer)&#xA;          | stderr := new(Buffer)&#xA;          &gt; err := e.ExecuteContext(ctx, command, stdout, stderr)&#xA;          | cmdResult := &amp;CMDResult{&#xA;          | &#x9;stdOut:  stdout,&#xA;    &gt; github.com/deckhouse/virtualization/tests/e2e/kubectl.KubectlCMD.Get({{0x10263ea38?, 0x14000496a38?}, {0x101c57fba?, 0x140009fc9c0?}}, {0x101caf2e2, 0x31}, {{0x0, 0x0, 0x0}, 0x0, ...})&#xA;        /Users/antont/ansible_deckhouse/virtualization-full/tests/e2e/kubectl/kubectl.go:208&#xA;          | &#x9;ctx, cancel := context.WithTimeout(context.Background(), MediumTimeout)&#xA;          | &#x9;defer cancel()&#xA;          &gt; &#x9;return k.ExecContext(ctx, cmd)&#xA;          | }&#xA;          | &#xA;    &gt; github.com/deckhouse/virtualization/tests/e2e.SaveTestCaseResources(0x140006cd710, {0x140008997e8, 0x11}, {0x140009ed110, 0x25}, {0x101c54370, 0x4})&#xA;        /Users/antont/ansible_deckhouse/virtualization-full/tests/e2e/util_test.go:765&#xA;          | errorFileName := fmt.Sprintf(&#34;%s/e2e_failed__%s__%s_error.txt&#34;, dumpPath, labels[&#34;testcase&#34;], additional)&#xA;          | &#xA;          &gt; cmdr := kubectl.Get(&#xA;          | &#x9;&#34;virtualization,cvi,vmc,intvirt,pod,volumesnapshot&#34;,&#xA;          | &#x9;kc.GetOptions{&#xA;    &gt; github.com/deckhouse/virtualization/tests/e2e.SaveTestCaseDump(0x140006cd710, {0x101c68e1e, 0x11}, {0x140009ed110, 0x25})&#xA;        /Users/antont/ansible_deckhouse/virtualization-full/tests/e2e/util_test.go:757&#xA;          | &#x9;}&#xA;          | &#xA;          &gt; &#x9;SaveTestCaseResources(labels, additional, namespace, tmpDir)&#xA;          | &#x9;SavePodLogsAndDescriptions(labels, additional, namespace, tmpDir)&#xA;          | }&#xA;    &gt; github.com/deckhouse/virtualization/tests/e2e.init.func12.2()&#xA;        /Users/antont/ansible_deckhouse/virtualization-full/tests/e2e/vm_connectivity_test.go:68&#xA;          | AfterEach(func() {&#xA;          | &#x9;if CurrentSpecReport().Failed() {&#xA;          &gt; &#x9;&#x9;SaveTestCaseDump(testCaseLabel, CurrentSpecReport().LeafNodeText, ns)&#xA;          | &#x9;}&#xA;          | })&#xA;      github.com/onsi/ginkgo/v2/internal.extractBodyFunction.func3({0x0?, 0x0?})&#xA;        /Users/antont/go/pkg/mod/github.com/onsi/ginkgo/v2@v2.22.0/internal/node.go:475&#xA;      github.com/onsi/ginkgo/v2/internal.(*Suite).runNode.func3()&#xA;        /Users/antont/go/pkg/mod/github.com/onsi/ginkgo/v2@v2.22.0/internal/suite.go:894&#xA;      github.com/onsi/ginkgo/v2/internal.(*Suite).runNode in goroutine 11&#xA;        /Users/antont/go/pkg/mod/github.com/onsi/ginkgo/v2@v2.22.0/internal/suite.go:881&#xA;&#xA;    Goroutines of Interest&#xA;    goroutine 761 [syscall, 12 minutes]&#xA;      syscall.syscall6(0x100da6a10?, 0x104bd2228?, 0x1048745c0?, 0x90?, 0x14000580808?, 0x14000a8e360?, 0x14000b33a58?)&#xA;        /opt/homebrew/Cellar/go/1.25.1/libexec/src/runtime/sys_darwin.go:60&#xA;      syscall.wait4(0x14000b33a88?, 0x1005866fc?, 0x90?, 0x102582120?)&#xA;        /opt/homebrew/Cellar/go/1.25.1/libexec/src/syscall/zsyscall_darwin_arm64.go:44&#xA;      syscall.Wait4(0x1400029b110?, 0x14000b33ac4, 0x14000da6a10?, 0x1400029b0a0?)&#xA;        /opt/homebrew/Cellar/go/1.25.1/libexec/src/syscall/syscall_bsd.go:144&#xA;      os.(*Process).pidWait.func1(...)&#xA;        /opt/homebrew/Cellar/go/1.25.1/libexec/src/os/exec_unix.go:64&#xA;      os.ignoringEINTR2[...](...)&#xA;        /opt/homebrew/Cellar/go/1.25.1/libexec/src/os/file_posix.go:266&#xA;      os.(*Process).pidWait(0x140002413c0)&#xA;        /opt/homebrew/Cellar/go/1.25.1/libexec/src/os/exec_unix.go:63&#xA;      os.(*Process).wait(0x14000db6408?)&#xA;        /opt/homebrew/Cellar/go/1.25.1/libexec/src/os/exec_unix.go:28&#xA;      os.(*Process).Wait(...)&#xA;        /opt/homebrew/Cellar/go/1.25.1/libexec/src/os/exec.go:340&#xA;      os/exec.(*Cmd).Wait(0x140005b4300)&#xA;        /opt/homebrew/Cellar/go/1.25.1/libexec/src/os/exec/exec.go:922&#xA;      os/exec.(*Cmd).Run(0x140005b4300)&#xA;        /opt/homebrew/Cellar/go/1.25.1/libexec/src/os/exec/exec.go:626&#xA;    &gt; github.com/deckhouse/virtualization/tests/e2e/executor.CMDExecutor.ExecuteContext({{0x1400017f9e0?, 0x102619e88?, 0x1400029afc0?}}, {0x10263a488?, 0x1400029afc0?}, {0x14000028780?, 0xc23316d81b4235e0?}, {0x102612d80, 0x14000241300}, {0x102612d80, ...})&#xA;        /Users/antont/ansible_deckhouse/virtualization-full/tests/e2e/executor/executor.go:76&#xA;          | &#x9;cmd.Stderr = stderr&#xA;          | &#x9;cmd.Stdout = stdout&#xA;          &gt; &#x9;return cmd.Run()&#xA;          | }&#xA;          | &#xA;    &gt; github.com/deckhouse/virtualization/tests/e2e/executor.CMDExecutor.ExecContext({{0x1400017f9e0?, 0x103b27728?, 0x103afdfa0?}}, {0x10263a488, 0x1400029afc0}, {0x14000028780, 0xbf})&#xA;        /Users/antont/ansible_deckhouse/virtualization-full/tests/e2e/executor/executor.go:49&#xA;          | stdout := new(Buffer)&#xA;          | stderr := new(Buffer)&#xA;          &gt; err := e.ExecuteContext(ctx, command, stdout, stderr)&#xA;          | cmdResult := &amp;CMDResult{&#xA;          | &#x9;stdOut:  stdout,&#xA;    &gt; github.com/deckhouse/virtualization/tests/e2e/kubectl.KubectlCMD.WaitResource({{0x10263ea38?, 0x14000496a38?}, {0x101c57fba?, 0x14000fb4e88?}}, {0x101c96204, 0x28}, {0x140009fc1c0, 0x1f}, {{0x0, 0x0, ...}, ...})&#xA;        /Users/antont/ansible_deckhouse/virtualization-full/tests/e2e/kubectl/kubectl.go:260&#xA;          | &#x9;ctx, cancel := context.WithTimeout(context.Background(), timeout)&#xA;          | &#x9;defer cancel()&#xA;          &gt; &#x9;return k.ExecContext(ctx, cmd)&#xA;          | }&#xA;          | &#xA;    &gt; github.com/deckhouse/virtualization/tests/e2e.WaitResources.func1()&#xA;        /Users/antont/ansible_deckhouse/virtualization-full/tests/e2e/util_test.go:341&#xA;          | go func() {&#xA;          | &#x9;defer wg.Done()&#xA;          &gt; &#x9;res := kubectl.WaitResource(resource, name, waitOpts)&#xA;          | &#x9;if res.Error() != nil {&#xA;          | &#x9;&#x9;mu.Lock()&#xA;    &gt; github.com/deckhouse/virtualization/tests/e2e.WaitResources in goroutine 805&#xA;        /Users/antont/ansible_deckhouse/virtualization-full/tests/e2e/util_test.go:339&#xA;          | for _, name := range resources {&#xA;          | &#x9;wg.Add(1)&#xA;          &gt; &#x9;go func() {&#xA;          | &#x9;&#x9;defer wg.Done()&#xA;          | &#x9;&#x9;res := kubectl.WaitResource(resource, name, waitOpts)&#xA;&#xA;    goroutine 805 [sync.WaitGroup.Wait, 12 minutes]&#xA;      sync.runtime_SemacquireWaitGroup(0x100504b30?, 0xa0?)&#xA;        /opt/homebrew/Cellar/go/1.25.1/libexec/src/runtime/sema.go:114&#xA;      sync.(*WaitGroup).Wait(0x14000bfa010)&#xA;        /opt/homebrew/Cellar/go/1.25.1/libexec/src/sync/waitgroup.go:206&#xA;    &gt; github.com/deckhouse/virtualization/tests/e2e.WaitResources({0x14000be2000, 0x2, 0x101f7de58?}, {0x101c96204, 0x28}, {{0x0, 0x0, 0x0}, 0x140006cd710, {0x140009ed110, ...}, ...})&#xA;        /Users/antont/ansible_deckhouse/virtualization-full/tests/e2e/util_test.go:349&#xA;          | &#x9;&#x9;}()&#xA;          | &#x9;}&#xA;          &gt; &#x9;wg.Wait()&#xA;          | &#x9;Expect(waitErr).To(BeEmpty(), &#34;should observe resources in &#39;%s&#39; state before %s timeout&#34;, opts.For, opts.Timeout.String())&#xA;          | }&#xA;    &gt; github.com/deckhouse/virtualization/tests/e2e.WaitByLabel({0x101c96204, 0x28}, {{0x0, 0x0, 0x0}, 0x140006cd710, {0x140009ed110, 0x25}, {0x140009eea80, 0x20}, ...})&#xA;        /Users/antont/ansible_deckhouse/virtualization-full/tests/e2e/util_test.go:308&#xA;          | &#x9;&#x9;resources = strings.Split(res.StdOut(), &#34; &#34;)&#xA;          | &#x9;}&#xA;          &gt; &#x9;WaitResources(resources, resource, opts)&#xA;          | }&#xA;          | &#xA;    &gt; github.com/deckhouse/virtualization/tests/e2e.WaitPhaseByLabel({0x101c96204, 0x28}, {0x101c54eef, 0x5}, {{0x0, 0x0, 0x0}, 0x140006cd710, {0x140009ed110, 0x25}, ...})&#xA;        /Users/antont/ansible_deckhouse/virtualization-full/tests/e2e/util_test.go:290&#xA;          | &#x9;GinkgoHelper()&#xA;          | &#x9;opts.For = fmt.Sprintf(&#34;&#39;jsonpath={.status.phase}=%s&#39;&#34;, phase)&#xA;          &gt; &#x9;WaitByLabel(resource, opts)&#xA;          | }&#xA;          | &#xA;    &gt; github.com/deckhouse/virtualization/tests/e2e.init.func12.5.1()&#xA;        /Users/antont/ansible_deckhouse/virtualization-full/tests/e2e/vm_connectivity_test.go:109&#xA;          | It(&#34;checks VDs phases&#34;, func() {&#xA;          | &#x9;By(fmt.Sprintf(&#34;VDs should be in %s phase&#34;, PhaseReady))&#xA;          &gt; &#x9;WaitPhaseByLabel(kc.ResourceVD, PhaseReady, kc.WaitOptions{&#xA;          | &#x9;&#x9;Labels:    testCaseLabel,&#xA;          | &#x9;&#x9;Namespace: ns,&#xA;      github.com/onsi/ginkgo/v2/internal.extractBodyFunction.func3({0x0?, 0x0?})&#xA;        /Users/antont/go/pkg/mod/github.com/onsi/ginkgo/v2@v2.22.0/internal/node.go:475&#xA;      github.com/onsi/ginkgo/v2/internal.(*Suite).runNode.func3()&#xA;        /Users/antont/go/pkg/mod/github.com/onsi/ginkgo/v2@v2.22.0/internal/suite.go:894&#xA;      github.com/onsi/ginkgo/v2/internal.(*Suite).runNode in goroutine 11&#xA;        /Users/antont/go/pkg/mod/github.com/onsi/ginkgo/v2@v2.22.0/internal/suite.go:881&#xA;&#xA;    goroutine 762 [syscall, 12 minutes]&#xA;      syscall.syscall6(0x100bfa050?, 0x10fe07680?, 0x104874f30?, 0x90?, 0x14000980008?, 0x14000662120?, 0x14000b35a58?)&#xA;        /opt/homebrew/Cellar/go/1.25.1/libexec/src/runtime/sys_darwin.go:60&#xA;      syscall.wait4(0x14000b35a88?, 0x1005866fc?, 0x90?, 0x102582120?)&#xA;        /opt/homebrew/Cellar/go/1.25.1/libexec/src/syscall/zsyscall_darwin_arm64.go:44&#xA;      syscall.Wait4(0x1400027e930?, 0x14000b35ac4, 0x14000bfa050?, 0x1400027e850?)&#xA;        /opt/homebrew/Cellar/go/1.25.1/libexec/src/syscall/syscall_bsd.go:144&#xA;      os.(*Process).pidWait.func1(...)&#xA;        /opt/homebrew/Cellar/go/1.25.1/libexec/src/os/exec_unix.go:64&#xA;      os.ignoringEINTR2[...](...)&#xA;        /opt/homebrew/Cellar/go/1.25.1/libexec/src/os/file_posix.go:266&#xA;      os.(*Process).pidWait(0x14000674300)&#xA;        /opt/homebrew/Cellar/go/1.25.1/libexec/src/os/exec_unix.go:63&#xA;      os.(*Process).wait(0x140005ca408?)&#xA;        /opt/homebrew/Cellar/go/1.25.1/libexec/src/os/exec_unix.go:28&#xA;      os.(*Process).Wait(...)&#xA;        /opt/homebrew/Cellar/go/1.25.1/libexec/src/os/exec.go:340&#xA;      os/exec.(*Cmd).Wait(0x140002cc000)&#xA;        /opt/homebrew/Cellar/go/1.25.1/libexec/src/os/exec/exec.go:922&#xA;      os/exec.(*Cmd).Run(0x140002cc000)&#xA;        /opt/homebrew/Cellar/go/1.25.1/libexec/src/os/exec/exec.go:626&#xA;    &gt; github.com/deckhouse/virtualization/tests/e2e/executor.CMDExecutor.ExecuteContext({{0x1400017f9e0?, 0x102619e88?, 0x140002c0000?}}, {0x10263a488?, 0x140002c0000?}, {0x140006fe000?, 0xc23316d81b4264c0?}, {0x102612d80, 0x14000bc8080}, {0x102612d80, ...})&#xA;        /Users/antont/ansible_deckhouse/virtualization-full/tests/e2e/executor/executor.go:76&#xA;          | &#x9;cmd.Stderr = stderr&#xA;          | &#x9;cmd.Stdout = stdout&#xA;          &gt; &#x9;return cmd.Run()&#xA;          | }&#xA;          | &#xA;    &gt; github.com/deckhouse/virtualization/tests/e2e/executor.CMDExecutor.ExecContext({{0x1400017f9e0?, 0x103b27728?, 0x103afdfa0?}}, {0x10263a488, 0x140002c0000}, {0x140006fe000, 0xbf})&#xA;        /Users/antont/ansible_deckhouse/virtualization-full/tests/e2e/executor/executor.go:49&#xA;          | stdout := new(Buffer)&#xA;          | stderr := new(Buffer)&#xA;          &gt; err := e.ExecuteContext(ctx, command, stdout, stderr)&#xA;          | cmdResult := &amp;CMDResult{&#xA;          | &#x9;stdOut:  stdout,&#xA;    &gt; github.com/deckhouse/virtualization/tests/e2e/kubectl.KubectlCMD.WaitResource({{0x10263ea38?, 0x14000496a38?}, {0x101c57fba?, 0x140009dd688?}}, {0x101c96204, 0x28}, {0x140009fc1e0, 0x1f}, {{0x0, 0x0, ...}, ...})&#xA;        /Users/antont/ansible_deckhouse/virtualization-full/tests/e2e/kubectl/kubectl.go:260&#xA;          | &#x9;ctx, cancel := context.WithTimeout(context.Background(), timeout)&#xA;          | &#x9;defer cancel()&#xA;          &gt; &#x9;return k.ExecContext(ctx, cmd)&#xA;          | }&#xA;          | &#xA;    &gt; github.com/deckhouse/virtualization/tests/e2e.WaitResources.func1()&#xA;        /Users/antont/ansible_deckhouse/virtualization-full/tests/e2e/util_test.go:341&#xA;          | go func() {&#xA;          | &#x9;defer wg.Done()&#xA;          &gt; &#x9;res := kubectl.WaitResource(resource, name, waitOpts)&#xA;          | &#x9;if res.Error() != nil {&#xA;          | &#x9;&#x9;mu.Lock()&#xA;    &gt; github.com/deckhouse/virtualization/tests/e2e.WaitResources in goroutine 805&#xA;        /Users/antont/ansible_deckhouse/virtualization-full/tests/e2e/util_test.go:339&#xA;          | for _, name := range resources {&#xA;          | &#x9;wg.Add(1)&#xA;          &gt; &#x9;go func() {&#xA;          | &#x9;&#x9;defer wg.Done()&#xA;          | &#x9;&#x9;res := kubectl.WaitResource(resource, name, waitOpts)&#xA;&#xA;    Other Goroutines&#xA;    goroutine 11 [running]&#xA;      github.com/onsi/ginkgo/v2/internal.extractRunningGoroutines()&#xA;        /Users/antont/go/pkg/mod/github.com/onsi/ginkgo/v2@v2.22.0/internal/progress_report.go:181&#xA;      github.com/onsi/ginkgo/v2/internal.NewProgressReport(_, {{0x140005b2500, 0x2, 0x2}, {0x1400029abd0, 0x2, 0x2}, {0x14000893410, 0x2, 0x2}, ...}, ...)&#xA;        /Users/antont/go/pkg/mod/github.com/onsi/ginkgo/v2@v2.22.0/internal/progress_report.go:75&#xA;      github.com/onsi/ginkgo/v2/internal.(*Suite).generateProgressReport(_, _)&#xA;        /Users/antont/go/pkg/mod/github.com/onsi/ginkgo/v2@v2.22.0/internal/suite.go:381&#xA;      github.com/onsi/ginkgo/v2/internal.(*Suite).runNode(_, {0xd6, 0x20, {0x0, 0x0}, 0x1400017e650, {{0x102d418e1, 0x55}, 0x42, {0x0, ...}, ...}, ...}, ...)&#xA;        /Users/antont/go/pkg/mod/github.com/onsi/ginkgo/v2@v2.22.0/internal/suite.go:980&#xA;      github.com/onsi/ginkgo/v2/internal.(*group).attemptSpec(0x14000dd57f0, 0x1, {{0x14000677208?, 0x1400029abd0?, 0x2?}, 0x0?})&#xA;        /Users/antont/go/pkg/mod/github.com/onsi/ginkgo/v2@v2.22.0/internal/group.go:286&#xA;      github.com/onsi/ginkgo/v2/internal.(*group).run(0x14000dd57f0, {0x14000d32008?, 0x0?, 0x0?})&#xA;        /Users/antont/go/pkg/mod/github.com/onsi/ginkgo/v2@v2.22.0/internal/group.go:349&#xA;      github.com/onsi/ginkgo/v2/internal.(*Suite).runSpecs(0x140004b3508, {0x101c54f2b, 0x5}, {0x103b27728, 0x0, 0x0}, {0x1400005a0f4, 0x3d}, 0x0, {0x14000092c08, ...})&#xA;        /Users/antont/go/pkg/mod/github.com/onsi/ginkgo/v2@v2.22.0/internal/suite.go:489&#xA;      github.com/onsi/ginkgo/v2/internal.(*Suite).Run(_, {_, _}, {_, _, _}, {_, _}, _, {_, ...}, ...)&#xA;        /Users/antont/go/pkg/mod/github.com/onsi/ginkgo/v2@v2.22.0/internal/suite.go:130&#xA;      github.com/onsi/ginkgo/v2.RunSpecs({0x1026120a0, 0x140005836c0}, {0x101c54f2b, 0x5}, {0x0, 0x0, 0x0})&#xA;        /Users/antont/go/pkg/mod/github.com/onsi/ginkgo/v2@v2.22.0/core_dsl.go:300&#xA;      github.com/deckhouse/virtualization/tests/e2e.TestE2E(0x140005836c0)&#xA;        /Users/antont/ansible_deckhouse/virtualization-full/tests/e2e/e2e_test.go:76&#xA;      testing.tRunner(0x140005836c0, 0x102601c50)&#xA;        /opt/homebrew/Cellar/go/1.25.1/libexec/src/testing/testing.go:1934&#xA;      testing.(*T).Run in goroutine 1&#xA;        /opt/homebrew/Cellar/go/1.25.1/libexec/src/testing/testing.go:1997&#xA;&#xA;    goroutine 1 [chan receive, 123 minutes]&#xA;      testing.(*T).Run(0x14000583500, {0x101c5799a?, 0x14000379b38?}, 0x102601c50)&#xA;        /opt/homebrew/Cellar/go/1.25.1/libexec/src/testing/testing.go:2005&#xA;      testing.runTests.func1(0x14000583500)&#xA;        /opt/homebrew/Cellar/go/1.25.1/libexec/src/testing/testing.go:2477&#xA;      testing.tRunner(0x14000583500, 0x14000379c68)&#xA;        /opt/homebrew/Cellar/go/1.25.1/libexec/src/testing/testing.go:1934&#xA;      testing.runTests(0x140004966f0, {0x103aacfd0, 0x1, 0x1}, {0x140005b3100?, 0xf?, 0x0?})&#xA;        /opt/homebrew/Cellar/go/1.25.1/libexec/src/testing/testing.go:2475&#xA;      testing.(*M).Run(0x1400025cc80)&#xA;        /opt/homebrew/Cellar/go/1.25.1/libexec/src/testing/testing.go:2337&#xA;      main.main()&#xA;        _testmain.go:45&#xA;&#xA;    goroutine 41 [syscall]&#xA;      os/signal.signal_recv()&#xA;        /opt/homebrew/Cellar/go/1.25.1/libexec/src/runtime/sigqueue.go:149&#xA;      os/signal.loop()&#xA;        /opt/homebrew/Cellar/go/1.25.1/libexec/src/os/signal/signal_unix.go:23&#xA;      os/signal.Notify.func1.1 in goroutine 11&#xA;        /opt/homebrew/Cellar/go/1.25.1/libexec/src/os/signal/signal.go:152&#xA;&#xA;    goroutine 816 [IO wait]&#xA;      internal/poll.runtime_pollWait(0x104b75000, 0x72)&#xA;        /opt/homebrew/Cellar/go/1.25.1/libexec/src/runtime/netpoll.go:351&#xA;      internal/poll.(*pollDesc).wait(0x14000694a20?, 0x1400095c000?, 0x1)&#xA;        /opt/homebrew/Cellar/go/1.25.1/libexec/src/internal/poll/fd_poll_runtime.go:84&#xA;      internal/poll.(*pollDesc).waitRead(...)&#xA;        /opt/homebrew/Cellar/go/1.25.1/libexec/src/internal/poll/fd_poll_runtime.go:89&#xA;      internal/poll.(*FD).Read(0x14000694a20, {0x1400095c000, 0x8000, 0x8000})&#xA;        /opt/homebrew/Cellar/go/1.25.1/libexec/src/internal/poll/fd_unix.go:165&#xA;      os.(*File).read(...)&#xA;        /opt/homebrew/Cellar/go/1.25.1/libexec/src/os/file_posix.go:29&#xA;      os.(*File).Read(0x14000702a70, {0x1400095c000?, 0x14000fb6da8?, 0x1004c7a18?})&#xA;        /opt/homebrew/Cellar/go/1.25.1/libexec/src/os/file.go:144&#xA;      io.copyBuffer({0x102612d80, 0x14000241180}, {0x102611ec8, 0x140000a2000}, {0x0, 0x0, 0x0})&#xA;        /opt/homebrew/Cellar/go/1.25.1/libexec/src/io/io.go:429&#xA;      io.Copy(...)&#xA;        /opt/homebrew/Cellar/go/1.25.1/libexec/src/io/io.go:388&#xA;      os.genericWriteTo(0x14000fb6e01?, {0x102612d80, 0x14000241180})&#xA;        /opt/homebrew/Cellar/go/1.25.1/libexec/src/os/file.go:295&#xA;      os.(*File).WriteTo(0x103aad230?, {0x102612d80?, 0x14000241180?})&#xA;        /opt/homebrew/Cellar/go/1.25.1/libexec/src/os/file.go:273&#xA;      io.copyBuffer({0x102612d80, 0x14000241180}, {0x102611fc0, 0x14000702a70}, {0x0, 0x0, 0x0})&#xA;        /opt/homebrew/Cellar/go/1.25.1/libexec/src/io/io.go:411&#xA;      io.Copy(...)&#xA;        /opt/homebrew/Cellar/go/1.25.1/libexec/src/io/io.go:388&#xA;      os/exec.(*Cmd).writerDescriptor.func1()&#xA;        /opt/homebrew/Cellar/go/1.25.1/libexec/src/os/exec/exec.go:596&#xA;      os/exec.(*Cmd).Start.func2(0x140005b4000?)&#xA;        /opt/homebrew/Cellar/go/1.25.1/libexec/src/os/exec/exec.go:749&#xA;      os/exec.(*Cmd).Start in goroutine 814&#xA;        /opt/homebrew/Cellar/go/1.25.1/libexec/src/os/exec/exec.go:748&#xA;&#xA;    goroutine 66 [select]&#xA;      github.com/onsi/ginkgo/v2/internal/interrupt_handler.(*InterruptHandler).registerForInterrupts.func2(0x140006e8000?)&#xA;        /Users/antont/go/pkg/mod/github.com/onsi/ginkgo/v2@v2.22.0/internal/interrupt_handler/interrupt_handler.go:131&#xA;      github.com/onsi/ginkgo/v2/internal/interrupt_handler.(*InterruptHandler).registerForInterrupts in goroutine 11&#xA;        /Users/antont/go/pkg/mod/github.com/onsi/ginkgo/v2@v2.22.0/internal/interrupt_handler/interrupt_handler.go:128&#xA;&#xA;    goroutine 82 [select, 123 minutes]&#xA;      github.com/onsi/ginkgo/v2/internal.RegisterForProgressSignal.func1()&#xA;        /Users/antont/go/pkg/mod/github.com/onsi/ginkgo/v2@v2.22.0/internal/progress_report.go:32&#xA;      github.com/onsi/ginkgo/v2/internal.RegisterForProgressSignal in goroutine 11&#xA;        /Users/antont/go/pkg/mod/github.com/onsi/ginkgo/v2@v2.22.0/internal/progress_report.go:30&#xA;&#xA;    goroutine 811 [select, 12 minutes]&#xA;      os/exec.(*Cmd).watchCtx(0x140005b4300, 0x1400070cee0)&#xA;        /opt/homebrew/Cellar/go/1.25.1/libexec/src/os/exec/exec.go:789&#xA;      os/exec.(*Cmd).Start in goroutine 761&#xA;        /opt/homebrew/Cellar/go/1.25.1/libexec/src/os/exec/exec.go:775&#xA;&#xA;    goroutine 800 [IO wait, 12 minutes]&#xA;      internal/poll.runtime_pollWait(0x104b73a00, 0x72)&#xA;        /opt/homebrew/Cellar/go/1.25.1/libexec/src/runtime/netpoll.go:351&#xA;      internal/poll.(*pollDesc).wait(0x14000caa3c0?, 0x1400094a000?, 0x1)&#xA;        /opt/homebrew/Cellar/go/1.25.1/libexec/src/internal/poll/fd_poll_runtime.go:84&#xA;      internal/poll.(*pollDesc).waitRead(...)&#xA;        /opt/homebrew/Cellar/go/1.25.1/libexec/src/internal/poll/fd_poll_runtime.go:89&#xA;      internal/poll.(*FD).Read(0x14000caa3c0, {0x1400094a000, 0x8000, 0x8000})&#xA;        /opt/homebrew/Cellar/go/1.25.1/libexec/src/internal/poll/fd_unix.go:165&#xA;      os.(*File).read(...)&#xA;        /opt/homebrew/Cellar/go/1.25.1/libexec/src/os/file_posix.go:29&#xA;      os.(*File).Read(0x140005a6040, {0x1400094a000?, 0x14000fba5a8?, 0x1004c7a18?})&#xA;        /opt/homebrew/Cellar/go/1.25.1/libexec/src/os/file.go:144&#xA;      io.copyBuffer({0x102612d80, 0x14000bc80c0}, {0x102611ec8, 0x140005a6068}, {0x0, 0x0, 0x0})&#xA;        /opt/homebrew/Cellar/go/1.25.1/libexec/src/io/io.go:429&#xA;      io.Copy(...)&#xA;        /opt/homebrew/Cellar/go/1.25.1/libexec/src/io/io.go:388&#xA;      os.genericWriteTo(0x14000496a01?, {0x102612d80, 0x14000bc80c0})&#xA;        /opt/homebrew/Cellar/go/1.25.1/libexec/src/os/file.go:295&#xA;      os.(*File).WriteTo(0x103aad230?, {0x102612d80?, 0x14000bc80c0?})&#xA;        /opt/homebrew/Cellar/go/1.25.1/libexec/src/os/file.go:273&#xA;      io.copyBuffer({0x102612d80, 0x14000bc80c0}, {0x102611fc0, 0x140005a6040}, {0x0, 0x0, 0x0})&#xA;        /opt/homebrew/Cellar/go/1.25.1/libexec/src/io/io.go:411&#xA;      io.Copy(...)&#xA;        /opt/homebrew/Cellar/go/1.25.1/libexec/src/io/io.go:388&#xA;      os/exec.(*Cmd).writerDescriptor.func1()&#xA;        /opt/homebrew/Cellar/go/1.25.1/libexec/src/os/exec/exec.go:596&#xA;      os/exec.(*Cmd).Start.func2(0x140008e8008?)&#xA;        /opt/homebrew/Cellar/go/1.25.1/libexec/src/os/exec/exec.go:749&#xA;      os/exec.(*Cmd).Start in goroutine 762&#xA;        /opt/homebrew/Cellar/go/1.25.1/libexec/src/os/exec/exec.go:748&#xA;&#xA;    goroutine 815 [IO wait]&#xA;      internal/poll.runtime_pollWait(0x104b73400, 0x72)&#xA;        /opt/homebrew/Cellar/go/1.25.1/libexec/src/runtime/netpoll.go:351&#xA;      internal/poll.(*pollDesc).wait(0x14000694960?, 0x1400092e000?, 0x1)&#xA;        /opt/homebrew/Cellar/go/1.25.1/libexec/src/internal/poll/fd_poll_runtime.go:84&#xA;      internal/poll.(*pollDesc).waitRead(...)&#xA;        /opt/homebrew/Cellar/go/1.25.1/libexec/src/internal/poll/fd_poll_runtime.go:89&#xA;      internal/poll.(*FD).Read(0x14000694960, {0x1400092e000, 0x8000, 0x8000})&#xA;        /opt/homebrew/Cellar/go/1.25.1/libexec/src/internal/poll/fd_unix.go:165&#xA;      os.(*File).read(...)&#xA;        /opt/homebrew/Cellar/go/1.25.1/libexec/src/os/file_posix.go:29&#xA;      os.(*File).Read(0x14000702a58, {0x1400092e000?, 0x140009e05a8?, 0x1004c7a18?})&#xA;        /opt/homebrew/Cellar/go/1.25.1/libexec/src/os/file.go:144&#xA;      io.copyBuffer({0x102612d80, 0x14000241100}, {0x102611ec8, 0x14000124000}, {0x0, 0x0, 0x0})&#xA;        /opt/homebrew/Cellar/go/1.25.1/libexec/src/io/io.go:429&#xA;      io.Copy(...)&#xA;        /opt/homebrew/Cellar/go/1.25.1/libexec/src/io/io.go:388&#xA;      os.genericWriteTo(0x14000118301?, {0x102612d80, 0x14000241100})&#xA;        /opt/homebrew/Cellar/go/1.25.1/libexec/src/os/file.go:295&#xA;      os.(*File).WriteTo(0x103aad230?, {0x102612d80?, 0x14000241100?})&#xA;        /opt/homebrew/Cellar/go/1.25.1/libexec/src/os/file.go:273&#xA;      io.copyBuffer({0x102612d80, 0x14000241100}, {0x102611fc0, 0x14000702a58}, {0x0, 0x0, 0x0})&#xA;        /opt/homebrew/Cellar/go/1.25.1/libexec/src/io/io.go:411&#xA;      io.Copy(...)&#xA;        /opt/homebrew/Cellar/go/1.25.1/libexec/src/io/io.go:388&#xA;      os/exec.(*Cmd).writerDescriptor.func1()&#xA;        /opt/homebrew/Cellar/go/1.25.1/libexec/src/os/exec/exec.go:596&#xA;      os/exec.(*Cmd).Start.func2(0x140001191f0?)&#xA;        /opt/homebrew/Cellar/go/1.25.1/libexec/src/os/exec/exec.go:749&#xA;      os/exec.(*Cmd).Start in goroutine 814&#xA;        /opt/homebrew/Cellar/go/1.25.1/libexec/src/os/exec/exec.go:748&#xA;&#xA;    goroutine 817 [select]&#xA;      os/exec.(*Cmd).watchCtx(0x140005b4000, 0x14000119340)&#xA;        /opt/homebrew/Cellar/go/1.25.1/libexec/src/os/exec/exec.go:789&#xA;      os/exec.(*Cmd).Start in goroutine 814&#xA;        /opt/homebrew/Cellar/go/1.25.1/libexec/src/os/exec/exec.go:775&#xA;&#xA;    goroutine 801 [select, 12 minutes]&#xA;      os/exec.(*Cmd).watchCtx(0x140002cc000, 0x140001180e0)&#xA;        /opt/homebrew/Cellar/go/1.25.1/libexec/src/os/exec/exec.go:789&#xA;      os/exec.(*Cmd).Start in goroutine 762&#xA;        /opt/homebrew/Cellar/go/1.25.1/libexec/src/os/exec/exec.go:775&#xA;&#xA;    goroutine 809 [IO wait, 12 minutes]&#xA;      internal/poll.runtime_pollWait(0x104b74400, 0x72)&#xA;        /opt/homebrew/Cellar/go/1.25.1/libexec/src/runtime/netpoll.go:351&#xA;      internal/poll.(*pollDesc).wait(0x14000694ba0?, 0x14000940000?, 0x1)&#xA;        /opt/homebrew/Cellar/go/1.25.1/libexec/src/internal/poll/fd_poll_runtime.go:84&#xA;      internal/poll.(*pollDesc).waitRead(...)&#xA;        /opt/homebrew/Cellar/go/1.25.1/libexec/src/internal/poll/fd_poll_runtime.go:89&#xA;      internal/poll.(*FD).Read(0x14000694ba0, {0x14000940000, 0x8000, 0x8000})&#xA;        /opt/homebrew/Cellar/go/1.25.1/libexec/src/internal/poll/fd_unix.go:165&#xA;      os.(*File).read(...)&#xA;        /opt/homebrew/Cellar/go/1.25.1/libexec/src/os/file_posix.go:29&#xA;      os.(*File).Read(0x140000a2288, {0x14000940000?, 0x14000fb5da8?, 0x1004c7a18?})&#xA;        /opt/homebrew/Cellar/go/1.25.1/libexec/src/os/file.go:144&#xA;      io.copyBuffer({0x102612d80, 0x14000241300}, {0x102611ec8, 0x140005a6060}, {0x0, 0x0, 0x0})&#xA;        /opt/homebrew/Cellar/go/1.25.1/libexec/src/io/io.go:429&#xA;      io.Copy(...)&#xA;        /opt/homebrew/Cellar/go/1.25.1/libexec/src/io/io.go:388&#xA;      os.genericWriteTo(0x14000fb5e01?, {0x102612d80, 0x14000241300})&#xA;        /opt/homebrew/Cellar/go/1.25.1/libexec/src/os/file.go:295&#xA;      os.(*File).WriteTo(0x103aad230?, {0x102612d80?, 0x14000241300?})&#xA;        /opt/homebrew/Cellar/go/1.25.1/libexec/src/os/file.go:273&#xA;      io.copyBuffer({0x102612d80, 0x14000241300}, {0x102611fc0, 0x140000a2288}, {0x0, 0x0, 0x0})&#xA;        /opt/homebrew/Cellar/go/1.25.1/libexec/src/io/io.go:411&#xA;      io.Copy(...)&#xA;        /opt/homebrew/Cellar/go/1.25.1/libexec/src/io/io.go:388&#xA;      os/exec.(*Cmd).writerDescriptor.func1()&#xA;        /opt/homebrew/Cellar/go/1.25.1/libexec/src/os/exec/exec.go:596&#xA;      os/exec.(*Cmd).Start.func2(0x1400070c620?)&#xA;        /opt/homebrew/Cellar/go/1.25.1/libexec/src/os/exec/exec.go:749&#xA;      os/exec.(*Cmd).Start in goroutine 761&#xA;        /opt/homebrew/Cellar/go/1.25.1/libexec/src/os/exec/exec.go:748&#xA;&#xA;    goroutine 799 [IO wait, 12 minutes]&#xA;      internal/poll.runtime_pollWait(0x104b73e00, 0x72)&#xA;        /opt/homebrew/Cellar/go/1.25.1/libexec/src/runtime/netpoll.go:351&#xA;      internal/poll.(*pollDesc).wait(0x14000caa300?, 0x140009f0000?, 0x1)&#xA;        /opt/homebrew/Cellar/go/1.25.1/libexec/src/internal/poll/fd_poll_runtime.go:84&#xA;      internal/poll.(*pollDesc).waitRead(...)&#xA;        /opt/homebrew/Cellar/go/1.25.1/libexec/src/internal/poll/fd_poll_runtime.go:89&#xA;      internal/poll.(*FD).Read(0x14000caa300, {0x140009f0000, 0x8000, 0x8000})&#xA;        /opt/homebrew/Cellar/go/1.25.1/libexec/src/internal/poll/fd_unix.go:165&#xA;      os.(*File).read(...)&#xA;        /opt/homebrew/Cellar/go/1.25.1/libexec/src/os/file_posix.go:29&#xA;      os.(*File).Read(0x140005a6028, {0x140009f0000?, 0x14000fb55a8?, 0x1004c7a18?})&#xA;        /opt/homebrew/Cellar/go/1.25.1/libexec/src/os/file.go:144&#xA;      io.copyBuffer({0x102612d80, 0x14000bc8080}, {0x102611ec8, 0x14000702058}, {0x0, 0x0, 0x0})&#xA;        /opt/homebrew/Cellar/go/1.25.1/libexec/src/io/io.go:429&#xA;      io.Copy(...)&#xA;        /opt/homebrew/Cellar/go/1.25.1/libexec/src/io/io.go:388&#xA;      os.genericWriteTo(0x1400070cd01?, {0x102612d80, 0x14000bc8080})&#xA;        /opt/homebrew/Cellar/go/1.25.1/libexec/src/os/file.go:295&#xA;      os.(*File).WriteTo(0x103aad230?, {0x102612d80?, 0x14000bc8080?})&#xA;        /opt/homebrew/Cellar/go/1.25.1/libexec/src/os/file.go:273&#xA;      io.copyBuffer({0x102612d80, 0x14000bc8080}, {0x102611fc0, 0x140005a6028}, {0x0, 0x0, 0x0})&#xA;        /opt/homebrew/Cellar/go/1.25.1/libexec/src/io/io.go:411&#xA;      io.Copy(...)&#xA;        /opt/homebrew/Cellar/go/1.25.1/libexec/src/io/io.go:388&#xA;      os/exec.(*Cmd).writerDescriptor.func1()&#xA;        /opt/homebrew/Cellar/go/1.25.1/libexec/src/os/exec/exec.go:596&#xA;      os/exec.(*Cmd).Start.func2(0x140005b4180?)&#xA;        /opt/homebrew/Cellar/go/1.25.1/libexec/src/os/exec/exec.go:749&#xA;      os/exec.(*Cmd).Start in goroutine 762&#xA;        /opt/homebrew/Cellar/go/1.25.1/libexec/src/os/exec/exec.go:748&#xA;&#xA;    goroutine 810 [IO wait, 12 minutes]&#xA;      internal/poll.runtime_pollWait(0x104b74e00, 0x72)&#xA;        /opt/homebrew/Cellar/go/1.25.1/libexec/src/runtime/netpoll.go:351&#xA;      internal/poll.(*pollDesc).wait(0x14000694d20?, 0x140009aa000?, 0x1)&#xA;        /opt/homebrew/Cellar/go/1.25.1/libexec/src/internal/poll/fd_poll_runtime.go:84&#xA;      internal/poll.(*pollDesc).waitRead(...)&#xA;        /opt/homebrew/Cellar/go/1.25.1/libexec/src/internal/poll/fd_poll_runtime.go:89&#xA;      internal/poll.(*FD).Read(0x14000694d20, {0x140009aa000, 0x8000, 0x8000})&#xA;        /opt/homebrew/Cellar/go/1.25.1/libexec/src/internal/poll/fd_unix.go:165&#xA;      os.(*File).read(...)&#xA;        /opt/homebrew/Cellar/go/1.25.1/libexec/src/os/file_posix.go:29&#xA;      os.(*File).Read(0x140000a22b8, {0x140009aa000?, 0x14000fb4da8?, 0x1004c7a18?})&#xA;        /opt/homebrew/Cellar/go/1.25.1/libexec/src/os/file.go:144&#xA;      io.copyBuffer({0x102612d80, 0x14000241380}, {0x102611ec8, 0x14000702050}, {0x0, 0x0, 0x0})&#xA;        /opt/homebrew/Cellar/go/1.25.1/libexec/src/io/io.go:429&#xA;      io.Copy(...)&#xA;        /opt/homebrew/Cellar/go/1.25.1/libexec/src/io/io.go:388&#xA;      os.genericWriteTo(0x14000496a01?, {0x102612d80, 0x14000241380})&#xA;        /opt/homebrew/Cellar/go/1.25.1/libexec/src/os/file.go:295&#xA;      os.(*File).WriteTo(0x103aad230?, {0x102612d80?, 0x14000241380?})&#xA;        /opt/homebrew/Cellar/go/1.25.1/libexec/src/os/file.go:273&#xA;      io.copyBuffer({0x102612d80, 0x14000241380}, {0x102611fc0, 0x140000a22b8}, {0x0, 0x0, 0x0})&#xA;        /opt/homebrew/Cellar/go/1.25.1/libexec/src/io/io.go:411&#xA;      io.Copy(...)&#xA;        /opt/homebrew/Cellar/go/1.25.1/libexec/src/io/io.go:388&#xA;      os/exec.(*Cmd).writerDescriptor.func1()&#xA;        /opt/homebrew/Cellar/go/1.25.1/libexec/src/os/exec/exec.go:596&#xA;      os/exec.(*Cmd).Start.func2(0x14000bfa008?)&#xA;        /opt/homebrew/Cellar/go/1.25.1/libexec/src/os/exec/exec.go:749&#xA;      os/exec.(*Cmd).Start in goroutine 761&#xA;        /opt/homebrew/Cellar/go/1.25.1/libexec/src/os/exec/exec.go:748&#xA;Interrupted by User&#xA;Second interrupt received; Ginkgo will run any reporting nodes but will skip all remaining specs and cleanup nodes.  Interrupt again to bail immediately.&#xA;Here&#39;s a current progress report:&#xA;  VirtualMachineConnectivity When virtual disks are applied checks VDs phases (Spec Runtime: 11m47.878s)&#xA;    /Users/antont/ansible_deckhouse/virtualization-full/tests/e2e/vm_connectivity_test.go:107&#xA;    In [AfterEach] (Node Runtime: 2.876s)&#xA;      /Users/antont/ansible_deckhouse/virtualization-full/tests/e2e/vm_connectivity_test.go:66&#xA;&#xA;    Spec Goroutine&#xA;    goroutine 814 [syscall]&#xA;      syscall.syscall6(0x100da7c00?, 0x104bd2228?, 0x1048745c0?, 0x90?, 0x14000680008?, 0x14000a8e6c0?, 0x1400036cb08?)&#xA;        /opt/homebrew/Cellar/go/1.25.1/libexec/src/runtime/sys_darwin.go:60&#xA;      syscall.wait4(0x1400036cb38?, 0x1005866fc?, 0x90?, 0x102582120?)&#xA;        /opt/homebrew/Cellar/go/1.25.1/libexec/src/syscall/zsyscall_darwin_arm64.go:44&#xA;      syscall.Wait4(0x1400029a850?, 0x1400036cb74, 0x14000da7c00?, 0x1400029a7e0?)&#xA;        /opt/homebrew/Cellar/go/1.25.1/libexec/src/syscall/syscall_bsd.go:144&#xA;      os.(*Process).pidWait.func1(...)&#xA;        /opt/homebrew/Cellar/go/1.25.1/libexec/src/os/exec_unix.go:64&#xA;      os.ignoringEINTR2[...](...)&#xA;        /opt/homebrew/Cellar/go/1.25.1/libexec/src/os/file_posix.go:266&#xA;      os.(*Process).pidWait(0x14000241200)&#xA;        /opt/homebrew/Cellar/go/1.25.1/libexec/src/os/exec_unix.go:63&#xA;      os.(*Process).wait(0x14000db6c08?)&#xA;        /opt/homebrew/Cellar/go/1.25.1/libexec/src/os/exec_unix.go:28&#xA;      os.(*Process).Wait(...)&#xA;        /opt/homebrew/Cellar/go/1.25.1/libexec/src/os/exec.go:340&#xA;      os/exec.(*Cmd).Wait(0x140005b4000)&#xA;        /opt/homebrew/Cellar/go/1.25.1/libexec/src/os/exec/exec.go:922&#xA;      os/exec.(*Cmd).Run(0x140005b4000)&#xA;        /opt/homebrew/Cellar/go/1.25.1/libexec/src/os/exec/exec.go:626&#xA;    &gt; github.com/deckhouse/virtualization/tests/e2e/executor.CMDExecutor.ExecuteContext({{0x1400017f9e0?, 0x102619e88?, 0x1400029a690?}}, {0x10263a488?, 0x1400029a690?}, {0x14000aca4d0?, 0xc23316908cec3e28?}, {0x102612d80, 0x14000241100}, {0x102612d80, ...})&#xA;        /Users/antont/ansible_deckhouse/virtualization-full/tests/e2e/executor/executor.go:76&#xA;          | &#x9;cmd.Stderr = stderr&#xA;          | &#x9;cmd.Stdout = stdout&#xA;          &gt; &#x9;return cmd.Run()&#xA;          | }&#xA;          | &#xA;    &gt; github.com/deckhouse/virtualization/tests/e2e/executor.CMDExecutor.ExecContext({{0x1400017f9e0?, 0x103b27728?, 0x103afdfa0?}}, {0x10263a488, 0x1400029a690}, {0x14000aca4d0, 0xb0})&#xA;        /Users/antont/ansible_deckhouse/virtualization-full/tests/e2e/executor/executor.go:49&#xA;          | stdout := new(Buffer)&#xA;          | stderr := new(Buffer)&#xA;          &gt; err := e.ExecuteContext(ctx, command, stdout, stderr)&#xA;          | cmdResult := &amp;CMDResult{&#xA;          | &#x9;stdOut:  stdout,&#xA;    &gt; github.com/deckhouse/virtualization/tests/e2e/kubectl.KubectlCMD.Get({{0x10263ea38?, 0x14000496a38?}, {0x101c57fba?, 0x140009fc9c0?}}, {0x101caf2e2, 0x31}, {{0x0, 0x0, 0x0}, 0x0, ...})&#xA;        /Users/antont/ansible_deckhouse/virtualization-full/tests/e2e/kubectl/kubectl.go:208&#xA;          | &#x9;ctx, cancel := context.WithTimeout(context.Background(), MediumTimeout)&#xA;          | &#x9;defer cancel()&#xA;          &gt; &#x9;return k.ExecContext(ctx, cmd)&#xA;          | }&#xA;          | &#xA;    &gt; github.com/deckhouse/virtualization/tests/e2e.SaveTestCaseResources(0x140006cd710, {0x140008997e8, 0x11}, {0x140009ed110, 0x25}, {0x101c54370, 0x4})&#xA;        /Users/antont/ansible_deckhouse/virtualization-full/tests/e2e/util_test.go:765&#xA;          | errorFileName := fmt.Sprintf(&#34;%s/e2e_failed__%s__%s_error.txt&#34;, dumpPath, labels[&#34;testcase&#34;], additional)&#xA;          | &#xA;          &gt; cmdr := kubectl.Get(&#xA;          | &#x9;&#34;virtualization,cvi,vmc,intvirt,pod,volumesnapshot&#34;,&#xA;          | &#x9;kc.GetOptions{&#xA;    &gt; github.com/deckhouse/virtualization/tests/e2e.SaveTestCaseDump(0x140006cd710, {0x101c68e1e, 0x11}, {0x140009ed110, 0x25})&#xA;        /Users/antont/ansible_deckhouse/virtualization-full/tests/e2e/util_test.go:757&#xA;          | &#x9;}&#xA;          | &#xA;          &gt; &#x9;SaveTestCaseResources(labels, additional, namespace, tmpDir)&#xA;          | &#x9;SavePodLogsAndDescriptions(labels, additional, namespace, tmpDir)&#xA;          | }&#xA;    &gt; github.com/deckhouse/virtualization/tests/e2e.init.func12.2()&#xA;        /Users/antont/ansible_deckhouse/virtualization-full/tests/e2e/vm_connectivity_test.go:68&#xA;          | AfterEach(func() {&#xA;          | &#x9;if CurrentSpecReport().Failed() {&#xA;          &gt; &#x9;&#x9;SaveTestCaseDump(testCaseLabel, CurrentSpecReport().LeafNodeText, ns)&#xA;          | &#x9;}&#xA;          | })&#xA;      github.com/onsi/ginkgo/v2/internal.extractBodyFunction.func3({0x0?, 0x0?})&#xA;        /Users/antont/go/pkg/mod/github.com/onsi/ginkgo/v2@v2.22.0/internal/node.go:475&#xA;      github.com/onsi/ginkgo/v2/internal.(*Suite).runNode.func3()&#xA;        /Users/antont/go/pkg/mod/github.com/onsi/ginkgo/v2@v2.22.0/internal/suite.go:894&#xA;      github.com/onsi/ginkgo/v2/internal.(*Suite).runNode in goroutine 11&#xA;        /Users/antont/go/pkg/mod/github.com/onsi/ginkgo/v2@v2.22.0/internal/suite.go:881&#xA;&#xA;    Goroutines of Interest&#xA;    goroutine 761 [syscall, 12 minutes]&#xA;      syscall.syscall6(0x100da6a10?, 0x104bd2228?, 0x1048745c0?, 0x90?, 0x14000580808?, 0x14000a8e360?, 0x14000b33a58?)&#xA;        /opt/homebrew/Cellar/go/1.25.1/libexec/src/runtime/sys_darwin.go:60&#xA;      syscall.wait4(0x14000b33a88?, 0x1005866fc?, 0x90?, 0x102582120?)&#xA;        /opt/homebrew/Cellar/go/1.25.1/libexec/src/syscall/zsyscall_darwin_arm64.go:44&#xA;      syscall.Wait4(0x1400029b110?, 0x14000b33ac4, 0x14000da6a10?, 0x1400029b0a0?)&#xA;        /opt/homebrew/Cellar/go/1.25.1/libexec/src/syscall/syscall_bsd.go:144&#xA;      os.(*Process).pidWait.func1(...)&#xA;        /opt/homebrew/Cellar/go/1.25.1/libexec/src/os/exec_unix.go:64&#xA;      os.ignoringEINTR2[...](...)&#xA;        /opt/homebrew/Cellar/go/1.25.1/libexec/src/os/file_posix.go:266&#xA;      os.(*Process).pidWait(0x140002413c0)&#xA;        /opt/homebrew/Cellar/go/1.25.1/libexec/src/os/exec_unix.go:63&#xA;      os.(*Process).wait(0x14000db6408?)&#xA;        /opt/homebrew/Cellar/go/1.25.1/libexec/src/os/exec_unix.go:28&#xA;      os.(*Process).Wait(...)&#xA;        /opt/homebrew/Cellar/go/1.25.1/libexec/src/os/exec.go:340&#xA;      os/exec.(*Cmd).Wait(0x140005b4300)&#xA;        /opt/homebrew/Cellar/go/1.25.1/libexec/src/os/exec/exec.go:922&#xA;      os/exec.(*Cmd).Run(0x140005b4300)&#xA;        /opt/homebrew/Cellar/go/1.25.1/libexec/src/os/exec/exec.go:626&#xA;    &gt; github.com/deckhouse/virtualization/tests/e2e/executor.CMDExecutor.ExecuteContext({{0x1400017f9e0?, 0x102619e88?, 0x1400029afc0?}}, {0x10263a488?, 0x1400029afc0?}, {0x14000028780?, 0xc23316d81b4235e0?}, {0x102612d80, 0x14000241300}, {0x102612d80, ...})&#xA;        /Users/antont/ansible_deckhouse/virtualization-full/tests/e2e/executor/executor.go:76&#xA;          | &#x9;cmd.Stderr = stderr&#xA;          | &#x9;cmd.Stdout = stdout&#xA;          &gt; &#x9;return cmd.Run()&#xA;          | }&#xA;          | &#xA;    &gt; github.com/deckhouse/virtualization/tests/e2e/executor.CMDExecutor.ExecContext({{0x1400017f9e0?, 0x103b27728?, 0x103afdfa0?}}, {0x10263a488, 0x1400029afc0}, {0x14000028780, 0xbf})&#xA;        /Users/antont/ansible_deckhouse/virtualization-full/tests/e2e/executor/executor.go:49&#xA;          | stdout := new(Buffer)&#xA;          | stderr := new(Buffer)&#xA;          &gt; err := e.ExecuteContext(ctx, command, stdout, stderr)&#xA;          | cmdResult := &amp;CMDResult{&#xA;          | &#x9;stdOut:  stdout,&#xA;    &gt; github.com/deckhouse/virtualization/tests/e2e/kubectl.KubectlCMD.WaitResource({{0x10263ea38?, 0x14000496a38?}, {0x101c57fba?, 0x14000fb4e88?}}, {0x101c96204, 0x28}, {0x140009fc1c0, 0x1f}, {{0x0, 0x0, ...}, ...})&#xA;        /Users/antont/ansible_deckhouse/virtualization-full/tests/e2e/kubectl/kubectl.go:260&#xA;          | &#x9;ctx, cancel := context.WithTimeout(context.Background(), timeout)&#xA;          | &#x9;defer cancel()&#xA;          &gt; &#x9;return k.ExecContext(ctx, cmd)&#xA;          | }&#xA;          | &#xA;    &gt; github.com/deckhouse/virtualization/tests/e2e.WaitResources.func1()&#xA;        /Users/antont/ansible_deckhouse/virtualization-full/tests/e2e/util_test.go:341&#xA;          | go func() {&#xA;          | &#x9;defer wg.Done()&#xA;          &gt; &#x9;res := kubectl.WaitResource(resource, name, waitOpts)&#xA;          | &#x9;if res.Error() != nil {&#xA;          | &#x9;&#x9;mu.Lock()&#xA;    &gt; github.com/deckhouse/virtualization/tests/e2e.WaitResources in goroutine 805&#xA;        /Users/antont/ansible_deckhouse/virtualization-full/tests/e2e/util_test.go:339&#xA;          | for _, name := range resources {&#xA;          | &#x9;wg.Add(1)&#xA;          &gt; &#x9;go func() {&#xA;          | &#x9;&#x9;defer wg.Done()&#xA;          | &#x9;&#x9;res := kubectl.WaitResource(resource, name, waitOpts)&#xA;&#xA;    goroutine 805 [sync.WaitGroup.Wait, 12 minutes]&#xA;      sync.runtime_SemacquireWaitGroup(0x100504b30?, 0xa0?)&#xA;        /opt/homebrew/Cellar/go/1.25.1/libexec/src/runtime/sema.go:114&#xA;      sync.(*WaitGroup).Wait(0x14000bfa010)&#xA;        /opt/homebrew/Cellar/go/1.25.1/libexec/src/sync/waitgroup.go:206&#xA;    &gt; github.com/deckhouse/virtualization/tests/e2e.WaitResources({0x14000be2000, 0x2, 0x101f7de58?}, {0x101c96204, 0x28}, {{0x0, 0x0, 0x0}, 0x140006cd710, {0x140009ed110, ...}, ...})&#xA;        /Users/antont/ansible_deckhouse/virtualization-full/tests/e2e/util_test.go:349&#xA;          | &#x9;&#x9;}()&#xA;          | &#x9;}&#xA;          &gt; &#x9;wg.Wait()&#xA;          | &#x9;Expect(waitErr).To(BeEmpty(), &#34;should observe resources in &#39;%s&#39; state before %s timeout&#34;, opts.For, opts.Timeout.String())&#xA;          | }&#xA;    &gt; github.com/deckhouse/virtualization/tests/e2e.WaitByLabel({0x101c96204, 0x28}, {{0x0, 0x0, 0x0}, 0x140006cd710, {0x140009ed110, 0x25}, {0x140009eea80, 0x20}, ...})&#xA;        /Users/antont/ansible_deckhouse/virtualization-full/tests/e2e/util_test.go:308&#xA;          | &#x9;&#x9;resources = strings.Split(res.StdOut(), &#34; &#34;)&#xA;          | &#x9;}&#xA;          &gt; &#x9;WaitResources(resources, resource, opts)&#xA;          | }&#xA;          | &#xA;    &gt; github.com/deckhouse/virtualization/tests/e2e.WaitPhaseByLabel({0x101c96204, 0x28}, {0x101c54eef, 0x5}, {{0x0, 0x0, 0x0}, 0x140006cd710, {0x140009ed110, 0x25}, ...})&#xA;        /Users/antont/ansible_deckhouse/virtualization-full/tests/e2e/util_test.go:290&#xA;          | &#x9;GinkgoHelper()&#xA;          | &#x9;opts.For = fmt.Sprintf(&#34;&#39;jsonpath={.status.phase}=%s&#39;&#34;, phase)&#xA;          &gt; &#x9;WaitByLabel(resource, opts)&#xA;          | }&#xA;          | &#xA;    &gt; github.com/deckhouse/virtualization/tests/e2e.init.func12.5.1()&#xA;        /Users/antont/ansible_deckhouse/virtualization-full/tests/e2e/vm_connectivity_test.go:109&#xA;          | It(&#34;checks VDs phases&#34;, func() {&#xA;          | &#x9;By(fmt.Sprintf(&#34;VDs should be in %s phase&#34;, PhaseReady))&#xA;          &gt; &#x9;WaitPhaseByLabel(kc.ResourceVD, PhaseReady, kc.WaitOptions{&#xA;          | &#x9;&#x9;Labels:    testCaseLabel,&#xA;          | &#x9;&#x9;Namespace: ns,&#xA;      github.com/onsi/ginkgo/v2/internal.extractBodyFunction.func3({0x0?, 0x0?})&#xA;        /Users/antont/go/pkg/mod/github.com/onsi/ginkgo/v2@v2.22.0/internal/node.go:475&#xA;      github.com/onsi/ginkgo/v2/internal.(*Suite).runNode.func3()&#xA;        /Users/antont/go/pkg/mod/github.com/onsi/ginkgo/v2@v2.22.0/internal/suite.go:894&#xA;      github.com/onsi/ginkgo/v2/internal.(*Suite).runNode in goroutine 11&#xA;        /Users/antont/go/pkg/mod/github.com/onsi/ginkgo/v2@v2.22.0/internal/suite.go:881&#xA;&#xA;    goroutine 762 [syscall, 12 minutes]&#xA;      syscall.syscall6(0x100bfa050?, 0x10fe07680?, 0x104874f30?, 0x90?, 0x14000980008?, 0x14000662120?, 0x14000b35a58?)&#xA;        /opt/homebrew/Cellar/go/1.25.1/libexec/src/runtime/sys_darwin.go:60&#xA;      syscall.wait4(0x14000b35a88?, 0x1005866fc?, 0x90?, 0x102582120?)&#xA;        /opt/homebrew/Cellar/go/1.25.1/libexec/src/syscall/zsyscall_darwin_arm64.go:44&#xA;      syscall.Wait4(0x1400027e930?, 0x14000b35ac4, 0x14000bfa050?, 0x1400027e850?)&#xA;        /opt/homebrew/Cellar/go/1.25.1/libexec/src/syscall/syscall_bsd.go:144&#xA;      os.(*Process).pidWait.func1(...)&#xA;        /opt/homebrew/Cellar/go/1.25.1/libexec/src/os/exec_unix.go:64&#xA;      os.ignoringEINTR2[...](...)&#xA;        /opt/homebrew/Cellar/go/1.25.1/libexec/src/os/file_posix.go:266&#xA;      os.(*Process).pidWait(0x14000674300)&#xA;        /opt/homebrew/Cellar/go/1.25.1/libexec/src/os/exec_unix.go:63&#xA;      os.(*Process).wait(0x140005ca408?)&#xA;        /opt/homebrew/Cellar/go/1.25.1/libexec/src/os/exec_unix.go:28&#xA;      os.(*Process).Wait(...)&#xA;        /opt/homebrew/Cellar/go/1.25.1/libexec/src/os/exec.go:340&#xA;      os/exec.(*Cmd).Wait(0x140002cc000)&#xA;        /opt/homebrew/Cellar/go/1.25.1/libexec/src/os/exec/exec.go:922&#xA;      os/exec.(*Cmd).Run(0x140002cc000)&#xA;        /opt/homebrew/Cellar/go/1.25.1/libexec/src/os/exec/exec.go:626&#xA;    &gt; github.com/deckhouse/virtualization/tests/e2e/executor.CMDExecutor.ExecuteContext({{0x1400017f9e0?, 0x102619e88?, 0x140002c0000?}}, {0x10263a488?, 0x140002c0000?}, {0x140006fe000?, 0xc23316d81b4264c0?}, {0x102612d80, 0x14000bc8080}, {0x102612d80, ...})&#xA;        /Users/antont/ansible_deckhouse/virtualization-full/tests/e2e/executor/executor.go:76&#xA;          | &#x9;cmd.Stderr = stderr&#xA;          | &#x9;cmd.Stdout = stdout&#xA;          &gt; &#x9;return cmd.Run()&#xA;          | }&#xA;          | &#xA;    &gt; github.com/deckhouse/virtualization/tests/e2e/executor.CMDExecutor.ExecContext({{0x1400017f9e0?, 0x103b27728?, 0x103afdfa0?}}, {0x10263a488, 0x140002c0000}, {0x140006fe000, 0xbf})&#xA;        /Users/antont/ansible_deckhouse/virtualization-full/tests/e2e/executor/executor.go:49&#xA;          | stdout := new(Buffer)&#xA;          | stderr := new(Buffer)&#xA;          &gt; err := e.ExecuteContext(ctx, command, stdout, stderr)&#xA;          | cmdResult := &amp;CMDResult{&#xA;          | &#x9;stdOut:  stdout,&#xA;    &gt; github.com/deckhouse/virtualization/tests/e2e/kubectl.KubectlCMD.WaitResource({{0x10263ea38?, 0x14000496a38?}, {0x101c57fba?, 0x140009dd688?}}, {0x101c96204, 0x28}, {0x140009fc1e0, 0x1f}, {{0x0, 0x0, ...}, ...})&#xA;        /Users/antont/ansible_deckhouse/virtualization-full/tests/e2e/kubectl/kubectl.go:260&#xA;          | &#x9;ctx, cancel := context.WithTimeout(context.Background(), timeout)&#xA;          | &#x9;defer cancel()&#xA;          &gt; &#x9;return k.ExecContext(ctx, cmd)&#xA;          | }&#xA;          | &#xA;    &gt; github.com/deckhouse/virtualization/tests/e2e.WaitResources.func1()&#xA;        /Users/antont/ansible_deckhouse/virtualization-full/tests/e2e/util_test.go:341&#xA;          | go func() {&#xA;          | &#x9;defer wg.Done()&#xA;          &gt; &#x9;res := kubectl.WaitResource(resource, name, waitOpts)&#xA;          | &#x9;if res.Error() != nil {&#xA;          | &#x9;&#x9;mu.Lock()&#xA;    &gt; github.com/deckhouse/virtualization/tests/e2e.WaitResources in goroutine 805&#xA;        /Users/antont/ansible_deckhouse/virtualization-full/tests/e2e/util_test.go:339&#xA;          | for _, name := range resources {&#xA;          | &#x9;wg.Add(1)&#xA;          &gt; &#x9;go func() {&#xA;          | &#x9;&#x9;defer wg.Done()&#xA;          | &#x9;&#x9;res := kubectl.WaitResource(resource, name, waitOpts)&#xA;&lt; Exit [AfterEach] VirtualMachineConnectivity - /Users/antont/ansible_deckhouse/virtualization-full/tests/e2e/vm_connectivity_test.go:66 @ 10/12/25 20:17:27.094 (2.877s)&#xA;</system-err>
          </testcase>
          <testcase name="[It] VirtualMachineConnectivity When virtual machines are applied checks VMs phases" classname="Tests" status="skipped" time="0">
              <skipped message="skipped"></skipped>
          </testcase>
          <testcase name="[It] VirtualMachineConnectivity When run curl-helper status should be in Running phase" classname="Tests" status="skipped" time="0">
              <skipped message="skipped"></skipped>
          </testcase>
          <testcase name="[It] VirtualMachineConnectivity When virtual machine agents are ready gets VMs and SVCs objects" classname="Tests" status="skipped" time="0">
              <skipped message="skipped"></skipped>
          </testcase>
          <testcase name="[It] VirtualMachineConnectivity When virtual machine agents are ready check ssh connection via `d8 v` to VMs" classname="Tests" status="skipped" time="0">
              <skipped message="skipped"></skipped>
          </testcase>
          <testcase name="[It] VirtualMachineConnectivity When virtual machine agents are ready checks VMs connection to external network" classname="Tests" status="skipped" time="0">
              <skipped message="skipped"></skipped>
          </testcase>
          <testcase name="[It] VirtualMachineConnectivity When virtual machine agents are ready check nginx status via `d8 v` on VMs" classname="Tests" status="skipped" time="0">
              <skipped message="skipped"></skipped>
          </testcase>
          <testcase name="[It] VirtualMachineConnectivity When virtual machine agents are ready gets page from service head-5073ae15-vm-connectivity-a" classname="Tests" status="skipped" time="0">
              <skipped message="skipped"></skipped>
          </testcase>
          <testcase name="[It] VirtualMachineConnectivity When virtual machine agents are ready gets page from service head-5073ae15-vm-connectivity-b" classname="Tests" status="skipped" time="0">
              <skipped message="skipped"></skipped>
          </testcase>
          <testcase name="[It] VirtualMachineConnectivity When virtual machine agents are ready changes selector in service head-5073ae15-vm-connectivity-a with selector from service head-5073ae15-vm-connectivity-b" classname="Tests" status="skipped" time="0">
              <skipped message="skipped"></skipped>
          </testcase>
          <testcase name="[It] VirtualMachineConnectivity When virtual machine agents are ready checks selector in service head-5073ae15-vm-connectivity-a" classname="Tests" status="skipped" time="0">
              <skipped message="skipped"></skipped>
          </testcase>
          <testcase name="[It] VirtualMachineConnectivity When virtual machine agents are ready gets page from service head-5073ae15-vm-connectivity-a" classname="Tests" status="skipped" time="0">
              <skipped message="skipped"></skipped>
          </testcase>
          <testcase name="[It] VirtualMachineConnectivity When virtual machine agents are ready changes back selector in service head-5073ae15-vm-connectivity-a" classname="Tests" status="skipped" time="0">
              <skipped message="skipped"></skipped>
          </testcase>
          <testcase name="[It] VirtualMachineConnectivity When virtual machine agents are ready checks selector in service head-5073ae15-vm-connectivity-a" classname="Tests" status="skipped" time="0">
              <skipped message="skipped"></skipped>
          </testcase>
          <testcase name="[It] VirtualMachineConnectivity When test is completed deletes test case resources" classname="Tests" status="skipped" time="0">
              <skipped message="skipped"></skipped>
          </testcase>
          <testcase name="[It] [sig-storage] LocalVirtualDiskMigration should be successful when only root disk on local storage [SIG-Storage]" classname="Tests" status="skipped" time="0">
              <skipped message="skipped"></skipped>
          </testcase>
          <testcase name="[It] [sig-storage] LocalVirtualDiskMigration should be successful when root disk on local storage and one additional disk [SIG-Storage]" classname="Tests" status="skipped" time="0">
              <skipped message="skipped"></skipped>
          </testcase>
          <testcase name="[It] [sig-storage] LocalVirtualDiskMigration should be successful when only additional disk on local storage [SIG-Storage]" classname="Tests" status="skipped" time="0">
              <skipped message="skipped"></skipped>
          </testcase>
          <testcase name="[It] [sig-storage] LocalVirtualDiskMigration should be reverted when only root disk on local storage [SIG-Storage]" classname="Tests" status="skipped" time="0">
              <skipped message="skipped"></skipped>
          </testcase>
          <testcase name="[It] [sig-storage] LocalVirtualDiskMigration should be reverted when root disk on local storage and one additional disk [SIG-Storage]" classname="Tests" status="skipped" time="0">
              <skipped message="skipped"></skipped>
          </testcase>
          <testcase name="[It] [sig-storage] LocalVirtualDiskMigration should be reverted when only additional disk on local storage [SIG-Storage]" classname="Tests" status="skipped" time="0">
              <skipped message="skipped"></skipped>
          </testcase>
          <testcase name="[It] [sig-storage] LocalVirtualDiskMigration should be successful two migrations in a row [SIG-Storage]" classname="Tests" status="skipped" time="0">
              <skipped message="skipped"></skipped>
          </testcase>
          <testcase name="[It] [sig-storage] LocalVirtualDiskMigration should be reverted first and completed second [SIG-Storage]" classname="Tests" status="skipped" time="0">
              <skipped message="skipped"></skipped>
          </testcase>
          <testcase name="[It] [sig-storage] LocalVirtualDiskMigration should be reverted because virtual machine stopped when virtual machine deleting [SIG-Storage]" classname="Tests" status="skipped" time="0">
              <skipped message="skipped"></skipped>
          </testcase>
          <testcase name="[It] [sig-storage] LocalVirtualDiskMigration should be reverted because virtual machine stopped when virtual machine stopped from OS [SIG-Storage]" classname="Tests" status="skipped" time="0">
              <skipped message="skipped"></skipped>
          </testcase>
          <testcase name="[It] [sig-storage] LocalVirtualDiskMigration Migrate to not matched node should reverted because migration canceled when pod pending [SIG-Storage]" classname="Tests" status="skipped" time="0">
              <skipped message="skipped"></skipped>
          </testcase>
          <testcase name="[It] [sig-storage] LocalVirtualDiskMigration should be failed with RWO VMBDA [SIG-Storage]" classname="Tests" status="skipped" time="0">
              <skipped message="skipped"></skipped>
          </testcase>
          <testcase name="[It] VirtualDiskResizing When the resources are applied result should be succeeded" classname="Tests" status="skipped" time="0">
              <skipped message="skipped"></skipped>
          </testcase>
          <testcase name="[It] VirtualDiskResizing When the virtual images are applied checks `VirtualImages` phase" classname="Tests" status="skipped" time="0">
              <skipped message="skipped"></skipped>
          </testcase>
          <testcase name="[It] VirtualDiskResizing When the virtual disks are applied checks `VirtualDisks` phase" classname="Tests" status="skipped" time="0">
              <skipped message="skipped"></skipped>
          </testcase>
          <testcase name="[It] VirtualDiskResizing When the virtual machine are applied checks `VirtualMachine` phase" classname="Tests" status="skipped" time="0">
              <skipped message="skipped"></skipped>
          </testcase>
          <testcase name="[It] VirtualDiskResizing When the virtual machine are applied retrieves the test objects" classname="Tests" status="skipped" time="0">
              <skipped message="skipped"></skipped>
          </testcase>
          <testcase name="[It] VirtualDiskResizing When the virtual machine block device attachment is applied checks `VirtualMachineBlockDeviceAttachment` phase" classname="Tests" status="skipped" time="0">
              <skipped message="skipped"></skipped>
          </testcase>
          <testcase name="[It] VirtualDiskResizing Resizing When the virtual machine is ready obtains the disks metadata before resizing" classname="Tests" status="skipped" time="0">
              <skipped message="skipped"></skipped>
          </testcase>
          <testcase name="[It] VirtualDiskResizing Resizing When the virtual machine is ready resizes the disks" classname="Tests" status="skipped" time="0">
              <skipped message="skipped"></skipped>
          </testcase>
          <testcase name="[It] VirtualDiskResizing Resizing When the virtual machine is ready checks `VirtualDisks`, `VirtualMachine` and `VirtualMachineBlockDeviceAttachment` phases" classname="Tests" status="skipped" time="0">
              <skipped message="skipped"></skipped>
          </testcase>
          <testcase name="[It] VirtualDiskResizing Resizing When the virtual machine is ready obtains and compares the disks metadata after resizing" classname="Tests" status="skipped" time="0">
              <skipped message="skipped"></skipped>
          </testcase>
          <testcase name="[It] VirtualDiskResizing When test is completed deletes test case resources" classname="Tests" status="skipped" time="0">
              <skipped message="skipped"></skipped>
          </testcase>
          <testcase name="[It] VirtualMachineMigration When resources are applied result should be succeeded [SIG-Migration]" classname="Tests" status="skipped" time="0">
              <skipped message="skipped"></skipped>
          </testcase>
          <testcase name="[It] VirtualMachineMigration When virtual machines are applied checks VMs phases [SIG-Migration]" classname="Tests" status="skipped" time="0">
              <skipped message="skipped"></skipped>
          </testcase>
          <testcase name="[It] VirtualMachineMigration When virtual machine agents are ready starts migrations [SIG-Migration]" classname="Tests" status="skipped" time="0">
              <skipped message="skipped"></skipped>
          </testcase>
          <testcase name="[It] VirtualMachineMigration When VMs migrations are applied checks VMs and VMOPs phases [SIG-Migration]" classname="Tests" status="skipped" time="0">
              <skipped message="skipped"></skipped>
          </testcase>
          <testcase name="[It] VirtualMachineMigration When VMs migrations are applied checks VMs external connection after migrations [SIG-Migration]" classname="Tests" status="skipped" time="0">
              <skipped message="skipped"></skipped>
          </testcase>
          <testcase name="[It] VirtualMachineMigration When test is completed deletes test case resources [SIG-Migration]" classname="Tests" status="skipped" time="0">
              <skipped message="skipped"></skipped>
          </testcase>
          <testcase name="[It] VirtualMachineConfiguration 1 When resources are applied result should be succeeded" classname="Tests" status="skipped" time="0">
              <skipped message="skipped"></skipped>
          </testcase>
          <testcase name="[It] VirtualMachineConfiguration 1 When virtual images are applied checks VIs phases" classname="Tests" status="skipped" time="0">
              <skipped message="skipped"></skipped>
          </testcase>
          <testcase name="[It] VirtualMachineConfiguration 1 When virtual disks are applied should be in Ready phase" classname="Tests" status="skipped" time="0">
              <skipped message="skipped"></skipped>
          </testcase>
          <testcase name="[It] VirtualMachineConfiguration 1 When virtual machines are applied should be ready" classname="Tests" status="skipped" time="0">
              <skipped message="skipped"></skipped>
          </testcase>
          <testcase name="[It] VirtualMachineConfiguration 1 Manual restart approval mode 1 When virtual machine agents are ready changes the number of processor cores" classname="Tests" status="skipped" time="0">
              <skipped message="skipped"></skipped>
          </testcase>
          <testcase name="[It] VirtualMachineConfiguration 1 Manual restart approval mode 1 When virtual machine is patched checks the number of processor cores in specification" classname="Tests" status="skipped" time="0">
              <skipped message="skipped"></skipped>
          </testcase>
          <testcase name="[It] VirtualMachineConfiguration 1 Manual restart approval mode 1 When virtual machine is restarted should be ready" classname="Tests" status="skipped" time="0">
              <skipped message="skipped"></skipped>
          </testcase>
          <testcase name="[It] VirtualMachineConfiguration 1 Manual restart approval mode 1 When virtual machine agents are ready checks that the number of processor cores was changed" classname="Tests" status="skipped" time="0">
              <skipped message="skipped"></skipped>
          </testcase>
          <testcase name="[It] VirtualMachineConfiguration 1 Automatic restart approval mode 1 When virtual machine is in Running phase changes the number of processor cores" classname="Tests" status="skipped" time="0">
              <skipped message="skipped"></skipped>
          </testcase>
          <testcase name="[It] VirtualMachineConfiguration 1 Automatic restart approval mode 1 When virtual machine is patched checks the number of processor cores in specification" classname="Tests" status="skipped" time="0">
              <skipped message="skipped"></skipped>
          </testcase>
          <testcase name="[It] VirtualMachineConfiguration 1 Automatic restart approval mode 1 When virtual machine is restarted should be ready" classname="Tests" status="skipped" time="0">
              <skipped message="skipped"></skipped>
          </testcase>
          <testcase name="[It] VirtualMachineConfiguration 1 Automatic restart approval mode 1 When virtual machine agents are ready checks that the number of processor cores was changed" classname="Tests" status="skipped" time="0">
              <skipped message="skipped"></skipped>
          </testcase>
          <testcase name="[It] VirtualMachineConfiguration 1 When test is completed deletes test case resources" classname="Tests" status="skipped" time="0">
              <skipped message="skipped"></skipped>
          </testcase>
          <testcase name="[It] VirtualMachineRestoreSafe When the virtualization resources are applied result should be succeeded [SIG-Restoration]" classname="Tests" status="skipped" time="0">
              <skipped message="skipped"></skipped>
          </testcase>
          <testcase name="[It] VirtualMachineRestoreSafe When the virtualization resources are applied checks the resources phase [SIG-Restoration]" classname="Tests" status="skipped" time="0">
              <skipped message="skipped"></skipped>
          </testcase>
          <testcase name="[It] VirtualMachineRestoreSafe When the virtualization resources are applied add additional interface to virtual machines [SIG-Restoration]" classname="Tests" status="skipped" time="0">
              <skipped message="skipped"></skipped>
          </testcase>
          <testcase name="[It] VirtualMachineRestoreSafe When the resources are ready to use restore the `VirtualMachines` with `Safe` mode [SIG-Restoration]" classname="Tests" status="skipped" time="0">
              <skipped message="skipped"></skipped>
          </testcase>
          <testcase name="[It] VirtualMachineRestoreSafe When the resources are ready to use check the .status.networks of each VM after restore [SIG-Restoration]" classname="Tests" status="skipped" time="0">
              <skipped message="skipped"></skipped>
          </testcase>
          <testcase name="[It] VirtualMachineRestoreSafe When test is completed deletes test case resources [SIG-Restoration]" classname="Tests" status="skipped" time="0">
              <skipped message="skipped"></skipped>
          </testcase>
          <testcase name="[It] VirtualMachineRestoreForce When the virtualization resources are applied result should be succeeded [SIG-Restoration]" classname="Tests" status="skipped" time="0">
              <skipped message="skipped"></skipped>
          </testcase>
          <testcase name="[It] VirtualMachineRestoreForce When the virtualization resources are applied checks the resources phase [SIG-Restoration]" classname="Tests" status="skipped" time="0">
              <skipped message="skipped"></skipped>
          </testcase>
          <testcase name="[It] VirtualMachineRestoreForce When the virtualization resources are applied add additional interface to virtual machines [SIG-Restoration]" classname="Tests" status="skipped" time="0">
              <skipped message="skipped"></skipped>
          </testcase>
          <testcase name="[It] VirtualMachineRestoreForce When the resources are ready to use restore the `VirtualMachines` with `forced` mode [SIG-Restoration]" classname="Tests" status="skipped" time="0">
              <skipped message="skipped"></skipped>
          </testcase>
          <testcase name="[It] VirtualMachineRestoreForce When the resources are ready to use check the .status.networks of each VM after restore [SIG-Restoration]" classname="Tests" status="skipped" time="0">
              <skipped message="skipped"></skipped>
          </testcase>
          <testcase name="[It] VirtualMachineRestoreForce When test is completed deletes test case resources [SIG-Restoration]" classname="Tests" status="skipped" time="0">
              <skipped message="skipped"></skipped>
          </testcase>
          <testcase name="[It] VirtualImageCreation When resources are applied result should be succeeded" classname="Tests" status="skipped" time="0">
              <skipped message="skipped"></skipped>
          </testcase>
          <testcase name="[It] VirtualImageCreation When base virtual resources are ready checks VD phase" classname="Tests" status="skipped" time="0">
              <skipped message="skipped"></skipped>
          </testcase>
          <testcase name="[It] VirtualImageCreation When base virtual resources are ready checks VDSnapshot phase" classname="Tests" status="skipped" time="0">
              <skipped message="skipped"></skipped>
          </testcase>
          <testcase name="[It] VirtualImageCreation When virtual images are applied checks VIs phases" classname="Tests" status="skipped" time="0">
              <skipped message="skipped"></skipped>
          </testcase>
          <testcase name="[It] VirtualImageCreation When virtual images are applied checks CVIs phases" classname="Tests" status="skipped" time="0">
              <skipped message="skipped"></skipped>
          </testcase>
          <testcase name="[It] VirtualImageCreation When test is completed deletes test case resources" classname="Tests" status="skipped" time="0">
              <skipped message="skipped"></skipped>
          </testcase>
          <testcase name="[SynchronizedAfterSuite]" classname="Tests" status="skipped" time="2.92e-07">
              <skipped message="skipped"></skipped>
          </testcase>
          <testcase name="[DeferCleanup (Suite)]" classname="Tests" status="skipped" time="2.08e-07">
              <skipped message="skipped"></skipped>
          </testcase>
      </testsuite>
  </testsuites>