<?xml version="1.0" encoding="UTF-8"?>
  <testsuites tests="214" disabled="186" errors="0" failures="18" time="1417.0543915">
      <testsuite name="Tests" package="/Users/antont/ansible_deckhouse/virtualization-full/tests/e2e" tests="214" disabled="0" skipped="186" errors="0" failures="18" time="1417.0543915" timestamp="2025-10-08T22:02:38">
          <properties>
              <property name="SuiteSucceeded" value="false"></property>
              <property name="SuiteHasProgrammaticFocus" value="false"></property>
              <property name="SpecialSuiteFailureReason" value=""></property>
              <property name="SuiteLabels" value="[]"></property>
              <property name="RandomSeed" value="1759950144"></property>
              <property name="RandomizeAllSpecs" value="false"></property>
              <property name="LabelFilter" value=""></property>
              <property name="FocusStrings" value=""></property>
              <property name="SkipStrings" value=""></property>
              <property name="FocusFiles" value=""></property>
              <property name="SkipFiles" value=""></property>
              <property name="FailOnPending" value="false"></property>
              <property name="FailOnEmpty" value="false"></property>
              <property name="FailFast" value="false"></property>
              <property name="FlakeAttempts" value="0"></property>
              <property name="DryRun" value="false"></property>
              <property name="ParallelTotal" value="1"></property>
              <property name="OutputInterceptorMode" value=""></property>
          </properties>
          <testcase name="[SynchronizedBeforeSuite]" classname="Tests" status="passed" time="4.62495925">
              <system-err>&gt; Enter [SynchronizedBeforeSuite] TOP-LEVEL - /Users/antont/ansible_deckhouse/virtualization-full/tests/e2e/e2e_test.go:137 @ 10/08/25 22:02:38.254&#xA;&lt; Exit [SynchronizedBeforeSuite] TOP-LEVEL - /Users/antont/ansible_deckhouse/virtualization-full/tests/e2e/e2e_test.go:137 @ 10/08/25 22:02:42.879 (4.625s)&#xA;&gt; Enter [SynchronizedBeforeSuite] TOP-LEVEL - /Users/antont/ansible_deckhouse/virtualization-full/tests/e2e/e2e_test.go:137 @ 10/08/25 22:02:42.879&#xA;&lt; Exit [SynchronizedBeforeSuite] TOP-LEVEL - /Users/antont/ansible_deckhouse/virtualization-full/tests/e2e/e2e_test.go:137 @ 10/08/25 22:02:42.879 (0s)&#xA;</system-err>
          </testcase>
          <testcase name="[It] ComplexTest When virtualization resources are applied result should be succeeded [Serial]" classname="Tests" status="passed" time="30.452257958">
              <system-err>&gt; Enter [BeforeAll] ComplexTest - /Users/antont/ansible_deckhouse/virtualization-full/tests/e2e/complex_test.go:51 @ 10/08/25 22:02:42.881&#xA;&lt; Exit [BeforeAll] ComplexTest - /Users/antont/ansible_deckhouse/virtualization-full/tests/e2e/complex_test.go:51 @ 10/08/25 22:02:44.833 (1.953s)&#xA;&gt; Enter [It] result should be succeeded - /Users/antont/ansible_deckhouse/virtualization-full/tests/e2e/complex_test.go:61 @ 10/08/25 22:02:44.834&#xA;�[31m�[1m&#xA;this is the `Virtualization-controller` error! not the current `Ginkgo` context error:&#xA;�[0m�[31m{&#xA;  &#34;level&#34;: &#34;error&#34;,&#xA;  &#34;msg&#34;: &#34;Failed to update resource&#34;,&#xA;  &#34;err&#34;: &#34;error updating status subresource: Put \&#34;http://127.0.0.1:23915/apis/virtualization.deckhouse.io/v1alpha2/clustervirtualimages/head-45bdb83d-cvi-from-cvi-ubu-http/status\&#34;: context canceled&#34;,&#xA;  &#34;controller&#34;: &#34;cvi-controller&#34;,&#xA;  &#34;handler&#34;: &#34;&#34;,&#xA;  &#34;ds&#34;: &#34;&#34;,&#xA;  &#34;collector&#34;: &#34;&#34;,&#xA;  &#34;name&#34;: &#34;head-45bdb83d-cvi-from-cvi-ubu-http&#34;,&#xA;  &#34;namespace&#34;: &#34;&#34;,&#xA;  &#34;reconcileID&#34;: &#34;d768e99d-88b1-4646-ad8d-bdcac2dd909b&#34;,&#xA;  &#34;time&#34;: &#34;2025-10-08T19:03:06Z&#34;&#xA;}�[0m&#xA;�[31m�[1m&#xA;this is the `Virtualization-controller` error! not the current `Ginkgo` context error:&#xA;�[0m�[31m{&#xA;  &#34;level&#34;: &#34;error&#34;,&#xA;  &#34;msg&#34;: &#34;Error occurred during reconciliation&#34;,&#xA;  &#34;err&#34;: &#34;error updating status subresource: Put \&#34;http://127.0.0.1:23915/apis/virtualization.deckhouse.io/v1alpha2/clustervirtualimages/head-45bdb83d-cvi-from-cvi-ubu-http/status\&#34;: context canceled&#34;,&#xA;  &#34;controller&#34;: &#34;cvi-controller&#34;,&#xA;  &#34;handler&#34;: &#34;&#34;,&#xA;  &#34;ds&#34;: &#34;&#34;,&#xA;  &#34;collector&#34;: &#34;&#34;,&#xA;  &#34;name&#34;: &#34;head-45bdb83d-cvi-from-cvi-ubu-http&#34;,&#xA;  &#34;namespace&#34;: &#34;&#34;,&#xA;  &#34;reconcileID&#34;: &#34;d768e99d-88b1-4646-ad8d-bdcac2dd909b&#34;,&#xA;  &#34;time&#34;: &#34;2025-10-08T19:03:06Z&#34;&#xA;}�[0m&#xA;�[31m�[1m&#xA;this is the `Virtualization-controller` error! not the current `Ginkgo` context error:&#xA;�[0m�[31m{&#xA;  &#34;level&#34;: &#34;error&#34;,&#xA;  &#34;msg&#34;: &#34;Reconciler error&#34;,&#xA;  &#34;err&#34;: &#34;error updating status subresource: Put \&#34;http://127.0.0.1:23915/apis/virtualization.deckhouse.io/v1alpha2/clustervirtualimages/head-45bdb83d-cvi-from-cvi-ubu-http/status\&#34;: context canceled&#34;,&#xA;  &#34;controller&#34;: &#34;cvi-controller&#34;,&#xA;  &#34;handler&#34;: &#34;&#34;,&#xA;  &#34;ds&#34;: &#34;&#34;,&#xA;  &#34;collector&#34;: &#34;&#34;,&#xA;  &#34;name&#34;: &#34;head-45bdb83d-cvi-from-cvi-ubu-http&#34;,&#xA;  &#34;namespace&#34;: &#34;&#34;,&#xA;  &#34;reconcileID&#34;: &#34;d768e99d-88b1-4646-ad8d-bdcac2dd909b&#34;,&#xA;  &#34;time&#34;: &#34;2025-10-08T19:03:06Z&#34;&#xA;}�[0m&#xA;&lt; Exit [It] result should be succeeded - /Users/antont/ansible_deckhouse/virtualization-full/tests/e2e/complex_test.go:61 @ 10/08/25 22:03:13.333 (28.499s)&#xA;&gt; Enter [AfterEach] ComplexTest - /Users/antont/ansible_deckhouse/virtualization-full/tests/e2e/complex_test.go:45 @ 10/08/25 22:03:13.333&#xA;&lt; Exit [AfterEach] ComplexTest - /Users/antont/ansible_deckhouse/virtualization-full/tests/e2e/complex_test.go:45 @ 10/08/25 22:03:13.333 (0s)&#xA;</system-err>
          </testcase>
          <testcase name="[It] ComplexTest When virtualization resources are applied should fill empty virtualMachineClassName with the default class name [Serial]" classname="Tests" status="passed" time="1.218240417">
              <system-err>&gt; Enter [It] should fill empty virtualMachineClassName with the default class name - /Users/antont/ansible_deckhouse/virtualization-full/tests/e2e/complex_test.go:82 @ 10/08/25 22:03:13.334&#xA;&lt; Exit [It] should fill empty virtualMachineClassName with the default class name - /Users/antont/ansible_deckhouse/virtualization-full/tests/e2e/complex_test.go:82 @ 10/08/25 22:03:14.552 (1.218s)&#xA;&gt; Enter [AfterEach] ComplexTest - /Users/antont/ansible_deckhouse/virtualization-full/tests/e2e/complex_test.go:45 @ 10/08/25 22:03:14.552&#xA;&lt; Exit [AfterEach] ComplexTest - /Users/antont/ansible_deckhouse/virtualization-full/tests/e2e/complex_test.go:45 @ 10/08/25 22:03:14.552 (0s)&#xA;</system-err>
          </testcase>
          <testcase name="[It] ComplexTest When virtual images are applied checks VIs phases [Serial]" classname="Tests" status="passed" time="1.333699542">
              <system-err>&gt; Enter [It] checks VIs phases - /Users/antont/ansible_deckhouse/virtualization-full/tests/e2e/complex_test.go:97 @ 10/08/25 22:03:14.553&#xA;STEP: VIs should be in Ready phases - /Users/antont/ansible_deckhouse/virtualization-full/tests/e2e/complex_test.go:98 @ 10/08/25 22:03:14.554&#xA;&lt; Exit [It] checks VIs phases - /Users/antont/ansible_deckhouse/virtualization-full/tests/e2e/complex_test.go:97 @ 10/08/25 22:03:15.887 (1.334s)&#xA;&gt; Enter [AfterEach] ComplexTest - /Users/antont/ansible_deckhouse/virtualization-full/tests/e2e/complex_test.go:45 @ 10/08/25 22:03:15.887&#xA;&lt; Exit [AfterEach] ComplexTest - /Users/antont/ansible_deckhouse/virtualization-full/tests/e2e/complex_test.go:45 @ 10/08/25 22:03:15.887 (0s)&#xA;</system-err>
          </testcase>
          <testcase name="[It] ComplexTest When cluster virtual images are applied checks CVIs phases [Serial]" classname="Tests" status="passed" time="1.0961405">
              <system-err>&gt; Enter [It] checks CVIs phases - /Users/antont/ansible_deckhouse/virtualization-full/tests/e2e/complex_test.go:108 @ 10/08/25 22:03:15.887&#xA;STEP: CVIs should be in Ready phases - /Users/antont/ansible_deckhouse/virtualization-full/tests/e2e/complex_test.go:109 @ 10/08/25 22:03:15.888&#xA;&lt; Exit [It] checks CVIs phases - /Users/antont/ansible_deckhouse/virtualization-full/tests/e2e/complex_test.go:108 @ 10/08/25 22:03:16.983 (1.096s)&#xA;&gt; Enter [AfterEach] ComplexTest - /Users/antont/ansible_deckhouse/virtualization-full/tests/e2e/complex_test.go:45 @ 10/08/25 22:03:16.983&#xA;&lt; Exit [AfterEach] ComplexTest - /Users/antont/ansible_deckhouse/virtualization-full/tests/e2e/complex_test.go:45 @ 10/08/25 22:03:16.984 (0s)&#xA;</system-err>
          </testcase>
          <testcase name="[It] ComplexTest When virtual machine classes are applied checks VMClasses phases [Serial]" classname="Tests" status="passed" time="1.370511875">
              <system-err>&gt; Enter [It] checks VMClasses phases - /Users/antont/ansible_deckhouse/virtualization-full/tests/e2e/complex_test.go:119 @ 10/08/25 22:03:16.984&#xA;STEP: VMClasses should be in Ready phases - /Users/antont/ansible_deckhouse/virtualization-full/tests/e2e/complex_test.go:120 @ 10/08/25 22:03:16.984&#xA;&lt; Exit [It] checks VMClasses phases - /Users/antont/ansible_deckhouse/virtualization-full/tests/e2e/complex_test.go:119 @ 10/08/25 22:03:18.354 (1.37s)&#xA;&gt; Enter [AfterEach] ComplexTest - /Users/antont/ansible_deckhouse/virtualization-full/tests/e2e/complex_test.go:45 @ 10/08/25 22:03:18.354&#xA;&lt; Exit [AfterEach] ComplexTest - /Users/antont/ansible_deckhouse/virtualization-full/tests/e2e/complex_test.go:45 @ 10/08/25 22:03:18.354 (0s)&#xA;</system-err>
          </testcase>
          <testcase name="[It] ComplexTest When virtual machines IP addresses are applied patches custom VMIP with unassigned address [Serial]" classname="Tests" status="failed" time="348.614015958">
              <failure message="Timed out after 343.852s.&#xA;Expected success, but got an error:&#xA;    &lt;*errors.errorString | 0x1400006d7e0&gt;: &#xA;    cannot patch VMIP &#34;head-45bdb83d-vm-custom-ip&#34; with unnassigned IP address&#xA;    error: timed out waiting for the condition on virtualmachineipaddresses/head-45bdb83d-vm-custom-ip&#xA;    &#xA;    {&#xA;        s: &#34;cannot patch VMIP \&#34;head-45bdb83d-vm-custom-ip\&#34; with unnassigned IP address\nerror: timed out waiting for the condition on virtualmachineipaddresses/head-45bdb83d-vm-custom-ip\n&#34;,&#xA;    }" type="failed">[FAILED] Timed out after 343.852s.&#xA;Expected success, but got an error:&#xA;    &lt;*errors.errorString | 0x1400006d7e0&gt;: &#xA;    cannot patch VMIP &#34;head-45bdb83d-vm-custom-ip&#34; with unnassigned IP address&#xA;    error: timed out waiting for the condition on virtualmachineipaddresses/head-45bdb83d-vm-custom-ip&#xA;    &#xA;    {&#xA;        s: &#34;cannot patch VMIP \&#34;head-45bdb83d-vm-custom-ip\&#34; with unnassigned IP address\nerror: timed out waiting for the condition on virtualmachineipaddresses/head-45bdb83d-vm-custom-ip\n&#34;,&#xA;    }&#xA;In [It] at: /Users/antont/ansible_deckhouse/virtualization-full/tests/e2e/complex_test.go:134 @ 10/08/25 22:09:02.209&#xA;</failure>
              <system-err>&gt; Enter [It] patches custom VMIP with unassigned address - /Users/antont/ansible_deckhouse/virtualization-full/tests/e2e/complex_test.go:130 @ 10/08/25 22:03:18.354&#xA;[FAILED] Timed out after 343.852s.&#xA;Expected success, but got an error:&#xA;    &lt;*errors.errorString | 0x1400006d7e0&gt;: &#xA;    cannot patch VMIP &#34;head-45bdb83d-vm-custom-ip&#34; with unnassigned IP address&#xA;    error: timed out waiting for the condition on virtualmachineipaddresses/head-45bdb83d-vm-custom-ip&#xA;    &#xA;    {&#xA;        s: &#34;cannot patch VMIP \&#34;head-45bdb83d-vm-custom-ip\&#34; with unnassigned IP address\nerror: timed out waiting for the condition on virtualmachineipaddresses/head-45bdb83d-vm-custom-ip\n&#34;,&#xA;    }&#xA;In [It] at: /Users/antont/ansible_deckhouse/virtualization-full/tests/e2e/complex_test.go:134 @ 10/08/25 22:09:02.209&#xA;&lt; Exit [It] patches custom VMIP with unassigned address - /Users/antont/ansible_deckhouse/virtualization-full/tests/e2e/complex_test.go:130 @ 10/08/25 22:09:02.209 (5m43.853s)&#xA;&gt; Enter [AfterEach] ComplexTest - /Users/antont/ansible_deckhouse/virtualization-full/tests/e2e/complex_test.go:45 @ 10/08/25 22:09:02.209&#xA;&lt; Exit [AfterEach] ComplexTest - /Users/antont/ansible_deckhouse/virtualization-full/tests/e2e/complex_test.go:45 @ 10/08/25 22:09:06.97 (4.761s)&#xA;</system-err>
          </testcase>
          <testcase name="[It] ComplexTest When virtual machines IP addresses are applied checks VMIPs phases [Serial]" classname="Tests" status="skipped" time="0">
              <skipped message="skipped - Spec skipped because an earlier spec in an ordered container failed"></skipped>
              <system-err>[SKIPPED] Spec skipped because an earlier spec in an ordered container failed&#xA;In [It] at: /Users/antont/ansible_deckhouse/virtualization-full/tests/e2e/complex_test.go:137 @ 10/08/25 22:09:06.97&#xA;</system-err>
          </testcase>
          <testcase name="[It] ComplexTest When virtual disks are applied checks VDs phases with consumers [Serial]" classname="Tests" status="skipped" time="0">
              <skipped message="skipped - Spec skipped because an earlier spec in an ordered container failed"></skipped>
              <system-err>[SKIPPED] Spec skipped because an earlier spec in an ordered container failed&#xA;In [It] at: /Users/antont/ansible_deckhouse/virtualization-full/tests/e2e/complex_test.go:148 @ 10/08/25 22:09:06.971&#xA;</system-err>
          </testcase>
          <testcase name="[It] ComplexTest When virtual disks are applied checks VDs phases with no consumers [Serial]" classname="Tests" status="skipped" time="0">
              <skipped message="skipped - Spec skipped because an earlier spec in an ordered container failed"></skipped>
              <system-err>[SKIPPED] Spec skipped because an earlier spec in an ordered container failed&#xA;In [It] at: /Users/antont/ansible_deckhouse/virtualization-full/tests/e2e/complex_test.go:158 @ 10/08/25 22:09:06.971&#xA;</system-err>
          </testcase>
          <testcase name="[It] ComplexTest When virtual machines are applied checks VMs phases [Serial]" classname="Tests" status="skipped" time="0">
              <skipped message="skipped - Spec skipped because an earlier spec in an ordered container failed"></skipped>
              <system-err>[SKIPPED] Spec skipped because an earlier spec in an ordered container failed&#xA;In [It] at: /Users/antont/ansible_deckhouse/virtualization-full/tests/e2e/complex_test.go:169 @ 10/08/25 22:09:06.971&#xA;</system-err>
          </testcase>
          <testcase name="[It] ComplexTest When virtual machine block device attachments are applied checks VMBDAs phases [Serial]" classname="Tests" status="skipped" time="0">
              <skipped message="skipped - Spec skipped because an earlier spec in an ordered container failed"></skipped>
              <system-err>[SKIPPED] Spec skipped because an earlier spec in an ordered container failed&#xA;In [It] at: /Users/antont/ansible_deckhouse/virtualization-full/tests/e2e/complex_test.go:180 @ 10/08/25 22:09:06.971&#xA;</system-err>
          </testcase>
          <testcase name="[It] ComplexTest External connection When Virtual machine agents are ready checks VMs external connectivity [Serial]" classname="Tests" status="skipped" time="0">
              <skipped message="skipped - Spec skipped because an earlier spec in an ordered container failed"></skipped>
              <system-err>[SKIPPED] Spec skipped because an earlier spec in an ordered container failed&#xA;In [It] at: /Users/antont/ansible_deckhouse/virtualization-full/tests/e2e/complex_test.go:192 @ 10/08/25 22:09:06.971&#xA;</system-err>
          </testcase>
          <testcase name="[It] ComplexTest Power state checks Verify that the virtual machines are stopping by VMOPs stops VMs by VMOPs [Serial]" classname="Tests" status="skipped" time="0">
              <skipped message="skipped - Spec skipped because an earlier spec in an ordered container failed"></skipped>
              <system-err>[SKIPPED] Spec skipped because an earlier spec in an ordered container failed&#xA;In [It] at: /Users/antont/ansible_deckhouse/virtualization-full/tests/e2e/complex_test.go:216 @ 10/08/25 22:09:06.971&#xA;</system-err>
          </testcase>
          <testcase name="[It] ComplexTest Power state checks Verify that the virtual machines are stopping by VMOPs checks VMOPs and VMs phases [Serial]" classname="Tests" status="skipped" time="0">
              <skipped message="skipped - Spec skipped because an earlier spec in an ordered container failed"></skipped>
              <system-err>[SKIPPED] Spec skipped because an earlier spec in an ordered container failed&#xA;In [It] at: /Users/antont/ansible_deckhouse/virtualization-full/tests/e2e/complex_test.go:240 @ 10/08/25 22:09:06.971&#xA;</system-err>
          </testcase>
          <testcase name="[It] ComplexTest Power state checks Verify that the virtual machines are stopping by VMOPs cleanup AlwaysOn VM VMOPs [Serial]" classname="Tests" status="skipped" time="0">
              <skipped message="skipped - Spec skipped because an earlier spec in an ordered container failed"></skipped>
              <system-err>[SKIPPED] Spec skipped because an earlier spec in an ordered container failed&#xA;In [It] at: /Users/antont/ansible_deckhouse/virtualization-full/tests/e2e/complex_test.go:263 @ 10/08/25 22:09:06.971&#xA;</system-err>
          </testcase>
          <testcase name="[It] ComplexTest Power state checks Verify that the virtual machines are starting starts VMs by VMOP [Serial]" classname="Tests" status="skipped" time="0">
              <skipped message="skipped - Spec skipped because an earlier spec in an ordered container failed"></skipped>
              <system-err>[SKIPPED] Spec skipped because an earlier spec in an ordered container failed&#xA;In [It] at: /Users/antont/ansible_deckhouse/virtualization-full/tests/e2e/complex_test.go:275 @ 10/08/25 22:09:06.971&#xA;</system-err>
          </testcase>
          <testcase name="[It] ComplexTest Power state checks Verify that the virtual machines are starting checks VMs and VMOPs phases [Serial]" classname="Tests" status="skipped" time="0">
              <skipped message="skipped - Spec skipped because an earlier spec in an ordered container failed"></skipped>
              <system-err>[SKIPPED] Spec skipped because an earlier spec in an ordered container failed&#xA;In [It] at: /Users/antont/ansible_deckhouse/virtualization-full/tests/e2e/complex_test.go:293 @ 10/08/25 22:09:06.971&#xA;</system-err>
          </testcase>
          <testcase name="[It] ComplexTest Power state checks Verify that the virtual machines are stopping by ssh stops VMs by ssh [Serial]" classname="Tests" status="skipped" time="0">
              <skipped message="skipped - Spec skipped because an earlier spec in an ordered container failed"></skipped>
              <system-err>[SKIPPED] Spec skipped because an earlier spec in an ordered container failed&#xA;In [It] at: /Users/antont/ansible_deckhouse/virtualization-full/tests/e2e/complex_test.go:310 @ 10/08/25 22:09:06.971&#xA;</system-err>
          </testcase>
          <testcase name="[It] ComplexTest Power state checks Verify that the virtual machines are stopping by ssh checks VMs phases [Serial]" classname="Tests" status="skipped" time="0">
              <skipped message="skipped - Spec skipped because an earlier spec in an ordered container failed"></skipped>
              <system-err>[SKIPPED] Spec skipped because an earlier spec in an ordered container failed&#xA;In [It] at: /Users/antont/ansible_deckhouse/virtualization-full/tests/e2e/complex_test.go:334 @ 10/08/25 22:09:06.971&#xA;</system-err>
          </testcase>
          <testcase name="[It] ComplexTest Power state checks Verify that the virtual machines are stopping by ssh start not AlwaysOn VMs [Serial]" classname="Tests" status="skipped" time="0">
              <skipped message="skipped - Spec skipped because an earlier spec in an ordered container failed"></skipped>
              <system-err>[SKIPPED] Spec skipped because an earlier spec in an ordered container failed&#xA;In [It] at: /Users/antont/ansible_deckhouse/virtualization-full/tests/e2e/complex_test.go:347 @ 10/08/25 22:09:06.971&#xA;</system-err>
          </testcase>
          <testcase name="[It] ComplexTest Power state checks Verify that the virtual machines are stopping by ssh checks VMs and VMOPs phases [Serial]" classname="Tests" status="skipped" time="0">
              <skipped message="skipped - Spec skipped because an earlier spec in an ordered container failed"></skipped>
              <system-err>[SKIPPED] Spec skipped because an earlier spec in an ordered container failed&#xA;In [It] at: /Users/antont/ansible_deckhouse/virtualization-full/tests/e2e/complex_test.go:351 @ 10/08/25 22:09:06.971&#xA;</system-err>
          </testcase>
          <testcase name="[It] ComplexTest Power state checks Verify that the virtual machines are restarting by VMOP reboot VMs by VMOP [Serial]" classname="Tests" status="skipped" time="0">
              <skipped message="skipped - Spec skipped because an earlier spec in an ordered container failed"></skipped>
              <system-err>[SKIPPED] Spec skipped because an earlier spec in an ordered container failed&#xA;In [It] at: /Users/antont/ansible_deckhouse/virtualization-full/tests/e2e/complex_test.go:368 @ 10/08/25 22:09:06.971&#xA;</system-err>
          </testcase>
          <testcase name="[It] ComplexTest Power state checks Verify that the virtual machines are restarting by VMOP checks VMs and VMOPs phases [Serial]" classname="Tests" status="skipped" time="0">
              <skipped message="skipped - Spec skipped because an earlier spec in an ordered container failed"></skipped>
              <system-err>[SKIPPED] Spec skipped because an earlier spec in an ordered container failed&#xA;In [It] at: /Users/antont/ansible_deckhouse/virtualization-full/tests/e2e/complex_test.go:381 @ 10/08/25 22:09:06.971&#xA;</system-err>
          </testcase>
          <testcase name="[It] ComplexTest Power state checks Verify that the virtual machines are restarting by ssh reboot VMs by ssh [Serial]" classname="Tests" status="skipped" time="0">
              <skipped message="skipped - Spec skipped because an earlier spec in an ordered container failed"></skipped>
              <system-err>[SKIPPED] Spec skipped because an earlier spec in an ordered container failed&#xA;In [It] at: /Users/antont/ansible_deckhouse/virtualization-full/tests/e2e/complex_test.go:398 @ 10/08/25 22:09:06.971&#xA;</system-err>
          </testcase>
          <testcase name="[It] ComplexTest Power state checks Verify that the virtual machines are restarting after deleting their pods reboots the VMs by deleting their pods [Serial]" classname="Tests" status="skipped" time="0">
              <skipped message="skipped - Spec skipped because an earlier spec in an ordered container failed"></skipped>
              <system-err>[SKIPPED] Spec skipped because an earlier spec in an ordered container failed&#xA;In [It] at: /Users/antont/ansible_deckhouse/virtualization-full/tests/e2e/complex_test.go:437 @ 10/08/25 22:09:06.971&#xA;</system-err>
          </testcase>
          <testcase name="[It] ComplexTest Power state checks Verify that the virtual machines are restarting after deleting their pods checks VMs external connection after reboot [Serial]" classname="Tests" status="skipped" time="0">
              <skipped message="skipped - Spec skipped because an earlier spec in an ordered container failed"></skipped>
              <system-err>[SKIPPED] Spec skipped because an earlier spec in an ordered container failed&#xA;In [It] at: /Users/antont/ansible_deckhouse/virtualization-full/tests/e2e/complex_test.go:472 @ 10/08/25 22:09:06.971&#xA;</system-err>
          </testcase>
          <testcase name="[It] ComplexTest Migrations When Virtual machine agents are ready starts migrations [Serial]" classname="Tests" status="skipped" time="0">
              <skipped message="skipped - Spec skipped because an earlier spec in an ordered container failed"></skipped>
              <system-err>[SKIPPED] Spec skipped because an earlier spec in an ordered container failed&#xA;In [It] at: /Users/antont/ansible_deckhouse/virtualization-full/tests/e2e/complex_test.go:490 @ 10/08/25 22:09:06.971&#xA;</system-err>
          </testcase>
          <testcase name="[It] ComplexTest Migrations When VMs migrations are applied checks VMs and VMOPs phases [Serial]" classname="Tests" status="skipped" time="0">
              <skipped message="skipped - Spec skipped because an earlier spec in an ordered container failed"></skipped>
              <system-err>[SKIPPED] Spec skipped because an earlier spec in an ordered container failed&#xA;In [It] at: /Users/antont/ansible_deckhouse/virtualization-full/tests/e2e/complex_test.go:505 @ 10/08/25 22:09:06.971&#xA;</system-err>
          </testcase>
          <testcase name="[It] ComplexTest Migrations When VMs migrations are applied checks VMs external connection after migrations [Serial]" classname="Tests" status="skipped" time="0">
              <skipped message="skipped - Spec skipped because an earlier spec in an ordered container failed"></skipped>
              <system-err>[SKIPPED] Spec skipped because an earlier spec in an ordered container failed&#xA;In [It] at: /Users/antont/ansible_deckhouse/virtualization-full/tests/e2e/complex_test.go:521 @ 10/08/25 22:09:06.971&#xA;</system-err>
          </testcase>
          <testcase name="[It] ComplexTest When test is completed deletes test case resources [Serial]" classname="Tests" status="skipped" time="0">
              <skipped message="skipped - Spec skipped because an earlier spec in an ordered container failed"></skipped>
              <system-err>[SKIPPED] Spec skipped because an earlier spec in an ordered container failed&#xA;In [It] at: /Users/antont/ansible_deckhouse/virtualization-full/tests/e2e/complex_test.go:538 @ 10/08/25 22:09:06.971&#xA;</system-err>
          </testcase>
          <testcase name="[It] IPAM vmip with type Auto Creates vmip with type Auto" classname="Tests" status="passed" time="3.307448709">
              <system-err>&gt; Enter [BeforeAll] IPAM - /Users/antont/ansible_deckhouse/virtualization-full/tests/e2e/ipam_test.go:50 @ 10/08/25 22:09:06.971&#xA;&lt; Exit [BeforeAll] IPAM - /Users/antont/ansible_deckhouse/virtualization-full/tests/e2e/ipam_test.go:50 @ 10/08/25 22:09:09.587 (2.616s)&#xA;&gt; Enter [BeforeEach] IPAM - /Users/antont/ansible_deckhouse/virtualization-full/tests/e2e/ipam_test.go:65 @ 10/08/25 22:09:09.587&#xA;&lt; Exit [BeforeEach] IPAM - /Users/antont/ansible_deckhouse/virtualization-full/tests/e2e/ipam_test.go:65 @ 10/08/25 22:09:09.587 (0s)&#xA;&gt; Enter [It] Creates vmip with type Auto - /Users/antont/ansible_deckhouse/virtualization-full/tests/e2e/ipam_test.go:80 @ 10/08/25 22:09:09.587&#xA;STEP: Create a vmip automatically and check its binding with a lease - /Users/antont/ansible_deckhouse/virtualization-full/tests/e2e/ipam_test.go:81 @ 10/08/25 22:09:09.587&#xA;STEP: Remove label from the lease - /Users/antont/ansible_deckhouse/virtualization-full/tests/e2e/ipam_test.go:87 @ 10/08/25 22:09:09.936&#xA;STEP: Wait for the label to be restored by the controller - /Users/antont/ansible_deckhouse/virtualization-full/tests/e2e/ipam_test.go:96 @ 10/08/25 22:09:10.051&#xA;&lt; Exit [It] Creates vmip with type Auto - /Users/antont/ansible_deckhouse/virtualization-full/tests/e2e/ipam_test.go:80 @ 10/08/25 22:09:10.279 (692ms)&#xA;&gt; Enter [AfterEach] IPAM - /Users/antont/ansible_deckhouse/virtualization-full/tests/e2e/ipam_test.go:157 @ 10/08/25 22:09:10.279&#xA;&lt; Exit [AfterEach] IPAM - /Users/antont/ansible_deckhouse/virtualization-full/tests/e2e/ipam_test.go:157 @ 10/08/25 22:09:10.279 (0s)&#xA;</system-err>
          </testcase>
          <testcase name="[It] IPAM vmip with type Static Creates vmip with type Static" classname="Tests" status="passed" time="1.7049050000000001">
              <system-err>&gt; Enter [BeforeEach] IPAM - /Users/antont/ansible_deckhouse/virtualization-full/tests/e2e/ipam_test.go:65 @ 10/08/25 22:09:10.279&#xA;&lt; Exit [BeforeEach] IPAM - /Users/antont/ansible_deckhouse/virtualization-full/tests/e2e/ipam_test.go:65 @ 10/08/25 22:09:10.279 (0s)&#xA;&gt; Enter [It] Creates vmip with type Static - /Users/antont/ansible_deckhouse/virtualization-full/tests/e2e/ipam_test.go:108 @ 10/08/25 22:09:10.279&#xA;STEP: Create an intermediate vmip automatically to allocate a new ip address - /Users/antont/ansible_deckhouse/virtualization-full/tests/e2e/ipam_test.go:109 @ 10/08/25 22:09:10.279&#xA;STEP: Delete the intermediate vmip automatically and check that the lease is released - /Users/antont/ansible_deckhouse/virtualization-full/tests/e2e/ipam_test.go:115 @ 10/08/25 22:09:10.638&#xA;STEP: Reuse the released lease with a static vmip - /Users/antont/ansible_deckhouse/virtualization-full/tests/e2e/ipam_test.go:124 @ 10/08/25 22:09:10.871&#xA;STEP: Delete the static vmip and lease, then create another static vmip with this ip address - /Users/antont/ansible_deckhouse/virtualization-full/tests/e2e/ipam_test.go:132 @ 10/08/25 22:09:11.336&#xA;&lt; Exit [It] Creates vmip with type Static - /Users/antont/ansible_deckhouse/virtualization-full/tests/e2e/ipam_test.go:108 @ 10/08/25 22:09:11.984 (1.705s)&#xA;&gt; Enter [AfterEach] IPAM - /Users/antont/ansible_deckhouse/virtualization-full/tests/e2e/ipam_test.go:157 @ 10/08/25 22:09:11.984&#xA;&lt; Exit [AfterEach] IPAM - /Users/antont/ansible_deckhouse/virtualization-full/tests/e2e/ipam_test.go:157 @ 10/08/25 22:09:11.984 (0s)&#xA;</system-err>
          </testcase>
          <testcase name="[It] VirtualDiskSnapshots When virtualization resources are applied: result should be succeeded" classname="Tests" status="failed" time="6.512590083">
              <failure message="immediate storage class cannot be nil; please set up the immediate storage class in the cluster&#xA;Expected&#xA;    &lt;*v1.StorageClass | 0x0&gt;: nil&#xA;not to be nil" type="failed">[FAILED] immediate storage class cannot be nil; please set up the immediate storage class in the cluster&#xA;Expected&#xA;    &lt;*v1.StorageClass | 0x0&gt;: nil&#xA;not to be nil&#xA;In [BeforeAll] at: /Users/antont/ansible_deckhouse/virtualization-full/tests/e2e/vd_snapshots_test.go:66 @ 10/08/25 22:09:13.519&#xA;</failure>
              <system-err>&gt; Enter [BeforeAll] VirtualDiskSnapshots - /Users/antont/ansible_deckhouse/virtualization-full/tests/e2e/vd_snapshots_test.go:54 @ 10/08/25 22:09:11.985&#xA;[FAILED] immediate storage class cannot be nil; please set up the immediate storage class in the cluster&#xA;Expected&#xA;    &lt;*v1.StorageClass | 0x0&gt;: nil&#xA;not to be nil&#xA;In [BeforeAll] at: /Users/antont/ansible_deckhouse/virtualization-full/tests/e2e/vd_snapshots_test.go:66 @ 10/08/25 22:09:13.519&#xA;&lt; Exit [BeforeAll] VirtualDiskSnapshots - /Users/antont/ansible_deckhouse/virtualization-full/tests/e2e/vd_snapshots_test.go:54 @ 10/08/25 22:09:13.519 (1.534s)&#xA;&gt; Enter [AfterEach] VirtualDiskSnapshots - /Users/antont/ansible_deckhouse/virtualization-full/tests/e2e/vd_snapshots_test.go:78 @ 10/08/25 22:09:13.519&#xA;&lt; Exit [AfterEach] VirtualDiskSnapshots - /Users/antont/ansible_deckhouse/virtualization-full/tests/e2e/vd_snapshots_test.go:78 @ 10/08/25 22:09:18.497 (4.978s)&#xA;</system-err>
          </testcase>
          <testcase name="[It] VirtualDiskSnapshots When virtual images are applied: checks VIs phases" classname="Tests" status="skipped" time="0">
              <skipped message="skipped - Spec skipped because an earlier spec in an ordered container failed"></skipped>
              <system-err>[SKIPPED] Spec skipped because an earlier spec in an ordered container failed&#xA;In [It] at: /Users/antont/ansible_deckhouse/virtualization-full/tests/e2e/vd_snapshots_test.go:95 @ 10/08/25 22:09:18.497&#xA;</system-err>
          </testcase>
          <testcase name="[It] VirtualDiskSnapshots When virtual disks are applied: checks VDs phases" classname="Tests" status="skipped" time="0">
              <skipped message="skipped - Spec skipped because an earlier spec in an ordered container failed"></skipped>
              <system-err>[SKIPPED] Spec skipped because an earlier spec in an ordered container failed&#xA;In [It] at: /Users/antont/ansible_deckhouse/virtualization-full/tests/e2e/vd_snapshots_test.go:106 @ 10/08/25 22:09:18.497&#xA;</system-err>
          </testcase>
          <testcase name="[It] VirtualDiskSnapshots When virtual machines are applied: checks VMs phases" classname="Tests" status="skipped" time="0">
              <skipped message="skipped - Spec skipped because an earlier spec in an ordered container failed"></skipped>
              <system-err>[SKIPPED] Spec skipped because an earlier spec in an ordered container failed&#xA;In [It] at: /Users/antont/ansible_deckhouse/virtualization-full/tests/e2e/vd_snapshots_test.go:117 @ 10/08/25 22:09:18.497&#xA;</system-err>
          </testcase>
          <testcase name="[It] VirtualDiskSnapshots When virtual machine block device attachments are applied: checks VMBDAs phases" classname="Tests" status="skipped" time="0">
              <skipped message="skipped - Spec skipped because an earlier spec in an ordered container failed"></skipped>
              <system-err>[SKIPPED] Spec skipped because an earlier spec in an ordered container failed&#xA;In [It] at: /Users/antont/ansible_deckhouse/virtualization-full/tests/e2e/vd_snapshots_test.go:128 @ 10/08/25 22:09:18.498&#xA;</system-err>
          </testcase>
          <testcase name="[It] VirtualDiskSnapshots When unattached VDs in phase Ready: creates VDs snapshots with `requiredConsistency`" classname="Tests" status="skipped" time="0">
              <skipped message="skipped - Spec skipped because an earlier spec in an ordered container failed"></skipped>
              <system-err>[SKIPPED] Spec skipped because an earlier spec in an ordered container failed&#xA;In [It] at: /Users/antont/ansible_deckhouse/virtualization-full/tests/e2e/vd_snapshots_test.go:139 @ 10/08/25 22:09:18.498&#xA;</system-err>
          </testcase>
          <testcase name="[It] VirtualDiskSnapshots When unattached VDs in phase Ready: checks snapshots of unattached VDs" classname="Tests" status="skipped" time="0">
              <skipped message="skipped - Spec skipped because an earlier spec in an ordered container failed"></skipped>
              <system-err>[SKIPPED] Spec skipped because an earlier spec in an ordered container failed&#xA;In [It] at: /Users/antont/ansible_deckhouse/virtualization-full/tests/e2e/vd_snapshots_test.go:159 @ 10/08/25 22:09:18.498&#xA;</system-err>
          </testcase>
          <testcase name="[It] VirtualDiskSnapshots When virtual machines in Running phase creates snapshots with `requiredConsistency` of attached VDs" classname="Tests" status="skipped" time="0">
              <skipped message="skipped - Spec skipped because an earlier spec in an ordered container failed"></skipped>
              <system-err>[SKIPPED] Spec skipped because an earlier spec in an ordered container failed&#xA;In [It] at: /Users/antont/ansible_deckhouse/virtualization-full/tests/e2e/vd_snapshots_test.go:180 @ 10/08/25 22:09:18.498&#xA;</system-err>
          </testcase>
          <testcase name="[It] VirtualDiskSnapshots When virtual machines in Running phase creates `vdSnapshots` concurrently" classname="Tests" status="skipped" time="0">
              <skipped message="skipped - Spec skipped because an earlier spec in an ordered container failed"></skipped>
              <system-err>[SKIPPED] Spec skipped because an earlier spec in an ordered container failed&#xA;In [It] at: /Users/antont/ansible_deckhouse/virtualization-full/tests/e2e/vd_snapshots_test.go:224 @ 10/08/25 22:09:18.498&#xA;</system-err>
          </testcase>
          <testcase name="[It] VirtualDiskSnapshots When virtual machines in Running phase checks snapshots" classname="Tests" status="skipped" time="0">
              <skipped message="skipped - Spec skipped because an earlier spec in an ordered container failed"></skipped>
              <system-err>[SKIPPED] Spec skipped because an earlier spec in an ordered container failed&#xA;In [It] at: /Users/antont/ansible_deckhouse/virtualization-full/tests/e2e/vd_snapshots_test.go:285 @ 10/08/25 22:09:18.498&#xA;</system-err>
          </testcase>
          <testcase name="[It] VirtualDiskSnapshots When virtual machines in Running phase checks `FileSystemFrozen` status of VMs" classname="Tests" status="skipped" time="0">
              <skipped message="skipped - Spec skipped because an earlier spec in an ordered container failed"></skipped>
              <system-err>[SKIPPED] Spec skipped because an earlier spec in an ordered container failed&#xA;In [It] at: /Users/antont/ansible_deckhouse/virtualization-full/tests/e2e/vd_snapshots_test.go:331 @ 10/08/25 22:09:18.498&#xA;</system-err>
          </testcase>
          <testcase name="[It] VirtualDiskSnapshots When test is completed deletes test case resources" classname="Tests" status="skipped" time="0">
              <skipped message="skipped - Spec skipped because an earlier spec in an ordered container failed"></skipped>
              <system-err>[SKIPPED] Spec skipped because an earlier spec in an ordered container failed&#xA;In [It] at: /Users/antont/ansible_deckhouse/virtualization-full/tests/e2e/vd_snapshots_test.go:357 @ 10/08/25 22:09:18.498&#xA;</system-err>
          </testcase>
          <testcase name="[It] VirtualMachineConfiguration 1 When resources are applied result should be succeeded" classname="Tests" status="passed" time="6.159065958">
              <system-err>&gt; Enter [BeforeAll] VirtualMachineConfiguration 1 - /Users/antont/ansible_deckhouse/virtualization-full/tests/e2e/vm_configuration_test.go:49 @ 10/08/25 22:09:18.498&#xA;&lt; Exit [BeforeAll] VirtualMachineConfiguration 1 - /Users/antont/ansible_deckhouse/virtualization-full/tests/e2e/vm_configuration_test.go:49 @ 10/08/25 22:09:20.023 (1.525s)&#xA;&gt; Enter [It] result should be succeeded - /Users/antont/ansible_deckhouse/virtualization-full/tests/e2e/vm_configuration_test.go:65 @ 10/08/25 22:09:20.023&#xA;&lt; Exit [It] result should be succeeded - /Users/antont/ansible_deckhouse/virtualization-full/tests/e2e/vm_configuration_test.go:65 @ 10/08/25 22:09:24.657 (4.634s)&#xA;&gt; Enter [AfterEach] VirtualMachineConfiguration 1 - /Users/antont/ansible_deckhouse/virtualization-full/tests/e2e/vm_configuration_test.go:58 @ 10/08/25 22:09:24.657&#xA;&lt; Exit [AfterEach] VirtualMachineConfiguration 1 - /Users/antont/ansible_deckhouse/virtualization-full/tests/e2e/vm_configuration_test.go:58 @ 10/08/25 22:09:24.657 (0s)&#xA;</system-err>
          </testcase>
          <testcase name="[It] VirtualMachineConfiguration 1 When virtual images are applied checks VIs phases" classname="Tests" status="passed" time="4.150826333">
              <system-err>&gt; Enter [It] checks VIs phases - /Users/antont/ansible_deckhouse/virtualization-full/tests/e2e/vm_configuration_test.go:88 @ 10/08/25 22:09:24.657&#xA;STEP: VIs should be in Ready phases - /Users/antont/ansible_deckhouse/virtualization-full/tests/e2e/vm_configuration_test.go:89 @ 10/08/25 22:09:24.657&#xA;&lt; Exit [It] checks VIs phases - /Users/antont/ansible_deckhouse/virtualization-full/tests/e2e/vm_configuration_test.go:88 @ 10/08/25 22:09:28.808 (4.151s)&#xA;&gt; Enter [AfterEach] VirtualMachineConfiguration 1 - /Users/antont/ansible_deckhouse/virtualization-full/tests/e2e/vm_configuration_test.go:58 @ 10/08/25 22:09:28.808&#xA;&lt; Exit [AfterEach] VirtualMachineConfiguration 1 - /Users/antont/ansible_deckhouse/virtualization-full/tests/e2e/vm_configuration_test.go:58 @ 10/08/25 22:09:28.808 (0s)&#xA;</system-err>
          </testcase>
          <testcase name="[It] VirtualMachineConfiguration 1 When virtual disks are applied should be in Ready phase" classname="Tests" status="failed" time="1001.689512042">
              <failure message="Expected&#xA;    &lt;[]string | len:2, cap:4&gt;: [&#xA;        &#34;cmd: kubectl wait virtualdisks.virtualization.deckhouse.io head-45bdb83d-vd-root-manual-conf --namespace head-45bdb83d-end-to-end-vm-configuration --for=&#39;jsonpath={.status.phase}=Ready&#39; --timeout=16m40s\nstderr: error: timed out waiting for the condition on virtualdisks/head-45bdb83d-vd-root-manual-conf\n&#34;,&#xA;        &#34;cmd: kubectl wait virtualdisks.virtualization.deckhouse.io head-45bdb83d-vd-root-automatic-conf --namespace head-45bdb83d-end-to-end-vm-configuration --for=&#39;jsonpath={.status.phase}=Ready&#39; --timeout=16m40s\nstderr: error: timed out waiting for the condition on virtualdisks/head-45bdb83d-vd-root-automatic-conf\n&#34;,&#xA;    ]&#xA;to be empty" type="failed">[FAILED] Expected&#xA;    &lt;[]string | len:2, cap:4&gt;: [&#xA;        &#34;cmd: kubectl wait virtualdisks.virtualization.deckhouse.io head-45bdb83d-vd-root-manual-conf --namespace head-45bdb83d-end-to-end-vm-configuration --for=&#39;jsonpath={.status.phase}=Ready&#39; --timeout=16m40s\nstderr: error: timed out waiting for the condition on virtualdisks/head-45bdb83d-vd-root-manual-conf\n&#34;,&#xA;        &#34;cmd: kubectl wait virtualdisks.virtualization.deckhouse.io head-45bdb83d-vd-root-automatic-conf --namespace head-45bdb83d-end-to-end-vm-configuration --for=&#39;jsonpath={.status.phase}=Ready&#39; --timeout=16m40s\nstderr: error: timed out waiting for the condition on virtualdisks/head-45bdb83d-vd-root-automatic-conf\n&#34;,&#xA;    ]&#xA;to be empty&#xA;In [It] at: /Users/antont/ansible_deckhouse/virtualization-full/tests/e2e/vm_configuration_test.go:100 @ 10/08/25 22:26:10.456&#xA;</failure>
              <system-err>&gt; Enter [It] should be in Ready phase - /Users/antont/ansible_deckhouse/virtualization-full/tests/e2e/vm_configuration_test.go:99 @ 10/08/25 22:09:28.809&#xA;[FAILED] Expected&#xA;    &lt;[]string | len:2, cap:4&gt;: [&#xA;        &#34;cmd: kubectl wait virtualdisks.virtualization.deckhouse.io head-45bdb83d-vd-root-manual-conf --namespace head-45bdb83d-end-to-end-vm-configuration --for=&#39;jsonpath={.status.phase}=Ready&#39; --timeout=16m40s\nstderr: error: timed out waiting for the condition on virtualdisks/head-45bdb83d-vd-root-manual-conf\n&#34;,&#xA;        &#34;cmd: kubectl wait virtualdisks.virtualization.deckhouse.io head-45bdb83d-vd-root-automatic-conf --namespace head-45bdb83d-end-to-end-vm-configuration --for=&#39;jsonpath={.status.phase}=Ready&#39; --timeout=16m40s\nstderr: error: timed out waiting for the condition on virtualdisks/head-45bdb83d-vd-root-automatic-conf\n&#34;,&#xA;    ]&#xA;to be empty&#xA;In [It] at: /Users/antont/ansible_deckhouse/virtualization-full/tests/e2e/vm_configuration_test.go:100 @ 10/08/25 22:26:10.456&#xA;&lt; Exit [It] should be in Ready phase - /Users/antont/ansible_deckhouse/virtualization-full/tests/e2e/vm_configuration_test.go:99 @ 10/08/25 22:26:10.456 (16m41.64s)&#xA;&gt; Enter [AfterEach] VirtualMachineConfiguration 1 - /Users/antont/ansible_deckhouse/virtualization-full/tests/e2e/vm_configuration_test.go:58 @ 10/08/25 22:26:10.456&#xA;Get resources error:&#xA;cmd: kubectl get virtualization,intvirt,po,volumesnapshot -A -o yaml -l &#39;testcase=vm-configuration&#39;&#xA;error: exit status 1&#xA;stderr: E1008 22:26:10.492406   54913 memcache.go:265] &#34;Unhandled Error&#34; err=&#34;couldn&#39;t get current server API group list: Get \&#34;http://localhost:8080/api?timeout=32s\&#34;: dial tcp [::1]:8080: connect: connection refused&#34;&#xA;E1008 22:26:10.493923   54913 memcache.go:265] &#34;Unhandled Error&#34; err=&#34;couldn&#39;t get current server API group list: Get \&#34;http://localhost:8080/api?timeout=32s\&#34;: dial tcp [::1]:8080: connect: connection refused&#34;&#xA;E1008 22:26:10.495403   54913 memcache.go:265] &#34;Unhandled Error&#34; err=&#34;couldn&#39;t get current server API group list: Get \&#34;http://localhost:8080/api?timeout=32s\&#34;: dial tcp [::1]:8080: connect: connection refused&#34;&#xA;E1008 22:26:10.496903   54913 memcache.go:265] &#34;Unhandled Error&#34; err=&#34;couldn&#39;t get current server API group list: Get \&#34;http://localhost:8080/api?timeout=32s\&#34;: dial tcp [::1]:8080: connect: connection refused&#34;&#xA;E1008 22:26:10.498415   54913 memcache.go:265] &#34;Unhandled Error&#34; err=&#34;couldn&#39;t get current server API group list: Get \&#34;http://localhost:8080/api?timeout=32s\&#34;: dial tcp [::1]:8080: connect: connection refused&#34;&#xA;E1008 22:26:10.499859   54913 memcache.go:265] &#34;Unhandled Error&#34; err=&#34;couldn&#39;t get current server API group list: Get \&#34;http://localhost:8080/api?timeout=32s\&#34;: dial tcp [::1]:8080: connect: connection refused&#34;&#xA;E1008 22:26:10.501282   54913 memcache.go:265] &#34;Unhandled Error&#34; err=&#34;couldn&#39;t get current server API group list: Get \&#34;http://localhost:8080/api?timeout=32s\&#34;: dial tcp [::1]:8080: connect: connection refused&#34;&#xA;E1008 22:26:10.502750   54913 memcache.go:265] &#34;Unhandled Error&#34; err=&#34;couldn&#39;t get current server API group list: Get \&#34;http://localhost:8080/api?timeout=32s\&#34;: dial tcp [::1]:8080: connect: connection refused&#34;&#xA;The connection to the server localhost:8080 was refused - did you specify the right host or port?&#xA;&#xA;&#xA;&lt; Exit [AfterEach] VirtualMachineConfiguration 1 - /Users/antont/ansible_deckhouse/virtualization-full/tests/e2e/vm_configuration_test.go:58 @ 10/08/25 22:26:10.505 (49ms)&#xA;</system-err>
          </testcase>
          <testcase name="[It] VirtualMachineConfiguration 1 When virtual machines are applied should be ready" classname="Tests" status="skipped" time="0">
              <skipped message="skipped - Spec skipped because an earlier spec in an ordered container failed"></skipped>
              <system-err>[SKIPPED] Spec skipped because an earlier spec in an ordered container failed&#xA;In [It] at: /Users/antont/ansible_deckhouse/virtualization-full/tests/e2e/vm_configuration_test.go:109 @ 10/08/25 22:26:10.505&#xA;</system-err>
          </testcase>
          <testcase name="[It] VirtualMachineConfiguration 1 Manual restart approval mode 1 When virtual machine agents are ready changes the number of processor cores" classname="Tests" status="skipped" time="0">
              <skipped message="skipped - Spec skipped because an earlier spec in an ordered container failed"></skipped>
              <system-err>[SKIPPED] Spec skipped because an earlier spec in an ordered container failed&#xA;In [It] at: /Users/antont/ansible_deckhouse/virtualization-full/tests/e2e/vm_configuration_test.go:123 @ 10/08/25 22:26:10.505&#xA;</system-err>
          </testcase>
          <testcase name="[It] VirtualMachineConfiguration 1 Manual restart approval mode 1 When virtual machine is patched checks the number of processor cores in specification" classname="Tests" status="skipped" time="0">
              <skipped message="skipped - Spec skipped because an earlier spec in an ordered container failed"></skipped>
              <system-err>[SKIPPED] Spec skipped because an earlier spec in an ordered container failed&#xA;In [It] at: /Users/antont/ansible_deckhouse/virtualization-full/tests/e2e/vm_configuration_test.go:147 @ 10/08/25 22:26:10.505&#xA;</system-err>
          </testcase>
          <testcase name="[It] VirtualMachineConfiguration 1 Manual restart approval mode 1 When virtual machine is restarted should be ready" classname="Tests" status="skipped" time="0">
              <skipped message="skipped - Spec skipped because an earlier spec in an ordered container failed"></skipped>
              <system-err>[SKIPPED] Spec skipped because an earlier spec in an ordered container failed&#xA;In [It] at: /Users/antont/ansible_deckhouse/virtualization-full/tests/e2e/vm_configuration_test.go:161 @ 10/08/25 22:26:10.505&#xA;</system-err>
          </testcase>
          <testcase name="[It] VirtualMachineConfiguration 1 Manual restart approval mode 1 When virtual machine agents are ready checks that the number of processor cores was changed" classname="Tests" status="skipped" time="0">
              <skipped message="skipped - Spec skipped because an earlier spec in an ordered container failed"></skipped>
              <system-err>[SKIPPED] Spec skipped because an earlier spec in an ordered container failed&#xA;In [It] at: /Users/antont/ansible_deckhouse/virtualization-full/tests/e2e/vm_configuration_test.go:183 @ 10/08/25 22:26:10.505&#xA;</system-err>
          </testcase>
          <testcase name="[It] VirtualMachineConfiguration 1 Automatic restart approval mode 1 When virtual machine is in Running phase changes the number of processor cores" classname="Tests" status="skipped" time="0">
              <skipped message="skipped - Spec skipped because an earlier spec in an ordered container failed"></skipped>
              <system-err>[SKIPPED] Spec skipped because an earlier spec in an ordered container failed&#xA;In [It] at: /Users/antont/ansible_deckhouse/virtualization-full/tests/e2e/vm_configuration_test.go:202 @ 10/08/25 22:26:10.505&#xA;</system-err>
          </testcase>
          <testcase name="[It] VirtualMachineConfiguration 1 Automatic restart approval mode 1 When virtual machine is patched checks the number of processor cores in specification" classname="Tests" status="skipped" time="0">
              <skipped message="skipped - Spec skipped because an earlier spec in an ordered container failed"></skipped>
              <system-err>[SKIPPED] Spec skipped because an earlier spec in an ordered container failed&#xA;In [It] at: /Users/antont/ansible_deckhouse/virtualization-full/tests/e2e/vm_configuration_test.go:226 @ 10/08/25 22:26:10.505&#xA;</system-err>
          </testcase>
          <testcase name="[It] VirtualMachineConfiguration 1 Automatic restart approval mode 1 When virtual machine is restarted should be ready" classname="Tests" status="skipped" time="0">
              <skipped message="skipped - Spec skipped because an earlier spec in an ordered container failed"></skipped>
              <system-err>[SKIPPED] Spec skipped because an earlier spec in an ordered container failed&#xA;In [It] at: /Users/antont/ansible_deckhouse/virtualization-full/tests/e2e/vm_configuration_test.go:240 @ 10/08/25 22:26:10.505&#xA;</system-err>
          </testcase>
          <testcase name="[It] VirtualMachineConfiguration 1 Automatic restart approval mode 1 When virtual machine agents are ready checks that the number of processor cores was changed" classname="Tests" status="skipped" time="0">
              <skipped message="skipped - Spec skipped because an earlier spec in an ordered container failed"></skipped>
              <system-err>[SKIPPED] Spec skipped because an earlier spec in an ordered container failed&#xA;In [It] at: /Users/antont/ansible_deckhouse/virtualization-full/tests/e2e/vm_configuration_test.go:250 @ 10/08/25 22:26:10.505&#xA;</system-err>
          </testcase>
          <testcase name="[It] VirtualMachineConfiguration 1 When test is completed deletes test case resources" classname="Tests" status="skipped" time="0">
              <skipped message="skipped - Spec skipped because an earlier spec in an ordered container failed"></skipped>
              <system-err>[SKIPPED] Spec skipped because an earlier spec in an ordered container failed&#xA;In [It] at: /Users/antont/ansible_deckhouse/virtualization-full/tests/e2e/vm_configuration_test.go:265 @ 10/08/25 22:26:10.505&#xA;</system-err>
          </testcase>
          <testcase name="[It] VirtualMachineRestoreForce When the virtualization resources are applied result should be succeeded [SIG-Restoration]" classname="Tests" status="failed" time="0.072495292">
              <failure message="kubectl create namespace head-45bdb83d-end-to-end-vm-restore-force&#xA;Unexpected error:&#xA;    &lt;*exec.ExitError | 0x140007165e0&gt;: &#xA;    exit status 1&#xA;    {&#xA;        ProcessState: {&#xA;            pid: 54914,&#xA;            status: 256,&#xA;            rusage: {&#xA;                Utime: {&#xA;                    Sec: 0,&#xA;                    Usec: 23659,&#xA;                    Pad_cgo_0: [0, 0, 0, 0],&#xA;                },&#xA;                Stime: {&#xA;                    Sec: 0,&#xA;                    Usec: 8718,&#xA;                    Pad_cgo_0: [0, 0, 0, 0],&#xA;                },&#xA;                Maxrss: 44449792,&#xA;                Ixrss: 0,&#xA;                Idrss: 0,&#xA;                Isrss: 0,&#xA;                Minflt: 3521,&#xA;                Majflt: 3,&#xA;                Nswap: 0,&#xA;                Inblock: 0,&#xA;                Oublock: 0,&#xA;                Msgsnd: 9,&#xA;                Msgrcv: 9,&#xA;                Nsignals: 54,&#xA;                Nvcsw: 48,&#xA;                Nivcsw: 443,&#xA;            },&#xA;        },&#xA;        Stderr: nil,&#xA;    }&#xA;occurred" type="failed">[FAILED] kubectl create namespace head-45bdb83d-end-to-end-vm-restore-force&#xA;Unexpected error:&#xA;    &lt;*exec.ExitError | 0x140007165e0&gt;: &#xA;    exit status 1&#xA;    {&#xA;        ProcessState: {&#xA;            pid: 54914,&#xA;            status: 256,&#xA;            rusage: {&#xA;                Utime: {&#xA;                    Sec: 0,&#xA;                    Usec: 23659,&#xA;                    Pad_cgo_0: [0, 0, 0, 0],&#xA;                },&#xA;                Stime: {&#xA;                    Sec: 0,&#xA;                    Usec: 8718,&#xA;                    Pad_cgo_0: [0, 0, 0, 0],&#xA;                },&#xA;                Maxrss: 44449792,&#xA;                Ixrss: 0,&#xA;                Idrss: 0,&#xA;                Isrss: 0,&#xA;                Minflt: 3521,&#xA;                Majflt: 3,&#xA;                Nswap: 0,&#xA;                Inblock: 0,&#xA;                Oublock: 0,&#xA;                Msgsnd: 9,&#xA;                Msgrcv: 9,&#xA;                Nsignals: 54,&#xA;                Nvcsw: 48,&#xA;                Nivcsw: 443,&#xA;            },&#xA;        },&#xA;        Stderr: nil,&#xA;    }&#xA;occurred&#xA;In [BeforeAll] at: /Users/antont/ansible_deckhouse/virtualization-full/tests/e2e/vm_restore_force_test.go:61 @ 10/08/25 22:26:10.536&#xA;&#xA;There were additional failures detected after the initial failure. These are visible in the timeline&#xA;</failure>
              <system-err>&gt; Enter [BeforeAll] VirtualMachineRestoreForce - /Users/antont/ansible_deckhouse/virtualization-full/tests/e2e/vm_restore_force_test.go:55 @ 10/08/25 22:26:10.505&#xA;[FAILED] kubectl create namespace head-45bdb83d-end-to-end-vm-restore-force&#xA;Unexpected error:&#xA;    &lt;*exec.ExitError | 0x140007165e0&gt;: &#xA;    exit status 1&#xA;    {&#xA;        ProcessState: {&#xA;            pid: 54914,&#xA;            status: 256,&#xA;            rusage: {&#xA;                Utime: {&#xA;                    Sec: 0,&#xA;                    Usec: 23659,&#xA;                    Pad_cgo_0: [0, 0, 0, 0],&#xA;                },&#xA;                Stime: {&#xA;                    Sec: 0,&#xA;                    Usec: 8718,&#xA;                    Pad_cgo_0: [0, 0, 0, 0],&#xA;                },&#xA;                Maxrss: 44449792,&#xA;                Ixrss: 0,&#xA;                Idrss: 0,&#xA;                Isrss: 0,&#xA;                Minflt: 3521,&#xA;                Majflt: 3,&#xA;                Nswap: 0,&#xA;                Inblock: 0,&#xA;                Oublock: 0,&#xA;                Msgsnd: 9,&#xA;                Msgrcv: 9,&#xA;                Nsignals: 54,&#xA;                Nvcsw: 48,&#xA;                Nivcsw: 443,&#xA;            },&#xA;        },&#xA;        Stderr: nil,&#xA;    }&#xA;occurred&#xA;In [BeforeAll] at: /Users/antont/ansible_deckhouse/virtualization-full/tests/e2e/vm_restore_force_test.go:61 @ 10/08/25 22:26:10.536&#xA;&lt; Exit [BeforeAll] VirtualMachineRestoreForce - /Users/antont/ansible_deckhouse/virtualization-full/tests/e2e/vm_restore_force_test.go:55 @ 10/08/25 22:26:10.536 (31ms)&#xA;&gt; Enter [AfterEach] VirtualMachineRestoreForce - /Users/antont/ansible_deckhouse/virtualization-full/tests/e2e/vm_restore_force_test.go:71 @ 10/08/25 22:26:10.536&#xA;Get resources error:&#xA;cmd: kubectl get virtualization,intvirt,po,volumesnapshot -A -o yaml -l &#39;testcase=vm-restore-force&#39;&#xA;error: exit status 1&#xA;stderr: E1008 22:26:10.565025   54915 memcache.go:265] &#34;Unhandled Error&#34; err=&#34;couldn&#39;t get current server API group list: Get \&#34;http://localhost:8080/api?timeout=32s\&#34;: dial tcp [::1]:8080: connect: connection refused&#34;&#xA;E1008 22:26:10.566536   54915 memcache.go:265] &#34;Unhandled Error&#34; err=&#34;couldn&#39;t get current server API group list: Get \&#34;http://localhost:8080/api?timeout=32s\&#34;: dial tcp [::1]:8080: connect: connection refused&#34;&#xA;E1008 22:26:10.568354   54915 memcache.go:265] &#34;Unhandled Error&#34; err=&#34;couldn&#39;t get current server API group list: Get \&#34;http://localhost:8080/api?timeout=32s\&#34;: dial tcp [::1]:8080: connect: connection refused&#34;&#xA;E1008 22:26:10.569832   54915 memcache.go:265] &#34;Unhandled Error&#34; err=&#34;couldn&#39;t get current server API group list: Get \&#34;http://localhost:8080/api?timeout=32s\&#34;: dial tcp [::1]:8080: connect: connection refused&#34;&#xA;E1008 22:26:10.571398   54915 memcache.go:265] &#34;Unhandled Error&#34; err=&#34;couldn&#39;t get current server API group list: Get \&#34;http://localhost:8080/api?timeout=32s\&#34;: dial tcp [::1]:8080: connect: connection refused&#34;&#xA;E1008 22:26:10.572876   54915 memcache.go:265] &#34;Unhandled Error&#34; err=&#34;couldn&#39;t get current server API group list: Get \&#34;http://localhost:8080/api?timeout=32s\&#34;: dial tcp [::1]:8080: connect: connection refused&#34;&#xA;E1008 22:26:10.574387   54915 memcache.go:265] &#34;Unhandled Error&#34; err=&#34;couldn&#39;t get current server API group list: Get \&#34;http://localhost:8080/api?timeout=32s\&#34;: dial tcp [::1]:8080: connect: connection refused&#34;&#xA;E1008 22:26:10.575824   54915 memcache.go:265] &#34;Unhandled Error&#34; err=&#34;couldn&#39;t get current server API group list: Get \&#34;http://localhost:8080/api?timeout=32s\&#34;: dial tcp [::1]:8080: connect: connection refused&#34;&#xA;The connection to the server localhost:8080 was refused - did you specify the right host or port?&#xA;&#xA;&#xA;[PANICKED] Test Panicked&#xA;In [AfterEach] at: /opt/homebrew/Cellar/go/1.25.1/libexec/src/runtime/panic.go:262 @ 10/08/25 22:26:10.578&#xA;&#xA;runtime error: invalid memory address or nil pointer dereference&#xA;&#xA;Full Stack Trace&#xA;  github.com/deckhouse/virtualization/tests/e2e.init.func21.3()&#xA;  &#x9;/Users/antont/ansible_deckhouse/virtualization-full/tests/e2e/vm_restore_force_test.go:76 +0xd4&#xA;&lt; Exit [AfterEach] VirtualMachineRestoreForce - /Users/antont/ansible_deckhouse/virtualization-full/tests/e2e/vm_restore_force_test.go:71 @ 10/08/25 22:26:10.578 (42ms)&#xA;</system-err>
          </testcase>
          <testcase name="[It] VirtualMachineRestoreForce When the virtualization resources are applied checks the resources phase [SIG-Restoration]" classname="Tests" status="skipped" time="0">
              <skipped message="skipped - Spec skipped because an earlier spec in an ordered container failed"></skipped>
              <system-err>[SKIPPED] Spec skipped because an earlier spec in an ordered container failed&#xA;In [It] at: /Users/antont/ansible_deckhouse/virtualization-full/tests/e2e/vm_restore_force_test.go:111 @ 10/08/25 22:26:10.578&#xA;</system-err>
          </testcase>
          <testcase name="[It] VirtualMachineRestoreForce When the virtualization resources are applied add additional interface to virtual machines [SIG-Restoration]" classname="Tests" status="skipped" time="0">
              <skipped message="skipped - Spec skipped because an earlier spec in an ordered container failed"></skipped>
              <system-err>[SKIPPED] Spec skipped because an earlier spec in an ordered container failed&#xA;In [It] at: /Users/antont/ansible_deckhouse/virtualization-full/tests/e2e/vm_restore_force_test.go:131 @ 10/08/25 22:26:10.578&#xA;</system-err>
          </testcase>
          <testcase name="[It] VirtualMachineRestoreForce When the resources are ready to use restore the `VirtualMachines` with `forced` mode [SIG-Restoration]" classname="Tests" status="skipped" time="0">
              <skipped message="skipped - Spec skipped because an earlier spec in an ordered container failed"></skipped>
              <system-err>[SKIPPED] Spec skipped because an earlier spec in an ordered container failed&#xA;In [It] at: /Users/antont/ansible_deckhouse/virtualization-full/tests/e2e/vm_restore_force_test.go:177 @ 10/08/25 22:26:10.578&#xA;</system-err>
          </testcase>
          <testcase name="[It] VirtualMachineRestoreForce When the resources are ready to use check the .status.networks of each VM after restore [SIG-Restoration]" classname="Tests" status="skipped" time="0">
              <skipped message="skipped - Spec skipped because an earlier spec in an ordered container failed"></skipped>
              <system-err>[SKIPPED] Spec skipped because an earlier spec in an ordered container failed&#xA;In [It] at: /Users/antont/ansible_deckhouse/virtualization-full/tests/e2e/vm_restore_force_test.go:341 @ 10/08/25 22:26:10.578&#xA;</system-err>
          </testcase>
          <testcase name="[It] VirtualMachineRestoreForce When test is completed deletes test case resources [SIG-Restoration]" classname="Tests" status="skipped" time="0">
              <skipped message="skipped - Spec skipped because an earlier spec in an ordered container failed"></skipped>
              <system-err>[SKIPPED] Spec skipped because an earlier spec in an ordered container failed&#xA;In [It] at: /Users/antont/ansible_deckhouse/virtualization-full/tests/e2e/vm_restore_force_test.go:367 @ 10/08/25 22:26:10.578&#xA;</system-err>
          </testcase>
          <testcase name="[It] VirtualImageCreation When resources are applied result should be succeeded" classname="Tests" status="failed" time="0.068581875">
              <failure message="kubectl create namespace head-45bdb83d-end-to-end-images-creation&#xA;Unexpected error:&#xA;    &lt;*exec.ExitError | 0x14000110000&gt;: &#xA;    exit status 1&#xA;    {&#xA;        ProcessState: {&#xA;            pid: 54916,&#xA;            status: 256,&#xA;            rusage: {&#xA;                Utime: {&#xA;                    Sec: 0,&#xA;                    Usec: 23248,&#xA;                    Pad_cgo_0: [0, 0, 0, 0],&#xA;                },&#xA;                Stime: {&#xA;                    Sec: 0,&#xA;                    Usec: 8824,&#xA;                    Pad_cgo_0: [0, 0, 0, 0],&#xA;                },&#xA;                Maxrss: 45973504,&#xA;                Ixrss: 0,&#xA;                Idrss: 0,&#xA;                Isrss: 0,&#xA;                Minflt: 3610,&#xA;                Majflt: 4,&#xA;                Nswap: 0,&#xA;                Inblock: 0,&#xA;                Oublock: 0,&#xA;                Msgsnd: 9,&#xA;                Msgrcv: 9,&#xA;                Nsignals: 46,&#xA;                Nvcsw: 22,&#xA;                Nivcsw: 512,&#xA;            },&#xA;        },&#xA;        Stderr: nil,&#xA;    }&#xA;occurred" type="failed">[FAILED] kubectl create namespace head-45bdb83d-end-to-end-images-creation&#xA;Unexpected error:&#xA;    &lt;*exec.ExitError | 0x14000110000&gt;: &#xA;    exit status 1&#xA;    {&#xA;        ProcessState: {&#xA;            pid: 54916,&#xA;            status: 256,&#xA;            rusage: {&#xA;                Utime: {&#xA;                    Sec: 0,&#xA;                    Usec: 23248,&#xA;                    Pad_cgo_0: [0, 0, 0, 0],&#xA;                },&#xA;                Stime: {&#xA;                    Sec: 0,&#xA;                    Usec: 8824,&#xA;                    Pad_cgo_0: [0, 0, 0, 0],&#xA;                },&#xA;                Maxrss: 45973504,&#xA;                Ixrss: 0,&#xA;                Idrss: 0,&#xA;                Isrss: 0,&#xA;                Minflt: 3610,&#xA;                Majflt: 4,&#xA;                Nswap: 0,&#xA;                Inblock: 0,&#xA;                Oublock: 0,&#xA;                Msgsnd: 9,&#xA;                Msgrcv: 9,&#xA;                Nsignals: 46,&#xA;                Nvcsw: 22,&#xA;                Nivcsw: 512,&#xA;            },&#xA;        },&#xA;        Stderr: nil,&#xA;    }&#xA;occurred&#xA;In [BeforeAll] at: /Users/antont/ansible_deckhouse/virtualization-full/tests/e2e/images_creation_test.go:48 @ 10/08/25 22:26:10.607&#xA;</failure>
              <system-err>&gt; Enter [BeforeAll] VirtualImageCreation - /Users/antont/ansible_deckhouse/virtualization-full/tests/e2e/images_creation_test.go:38 @ 10/08/25 22:26:10.578&#xA;[FAILED] kubectl create namespace head-45bdb83d-end-to-end-images-creation&#xA;Unexpected error:&#xA;    &lt;*exec.ExitError | 0x14000110000&gt;: &#xA;    exit status 1&#xA;    {&#xA;        ProcessState: {&#xA;            pid: 54916,&#xA;            status: 256,&#xA;            rusage: {&#xA;                Utime: {&#xA;                    Sec: 0,&#xA;                    Usec: 23248,&#xA;                    Pad_cgo_0: [0, 0, 0, 0],&#xA;                },&#xA;                Stime: {&#xA;                    Sec: 0,&#xA;                    Usec: 8824,&#xA;                    Pad_cgo_0: [0, 0, 0, 0],&#xA;                },&#xA;                Maxrss: 45973504,&#xA;                Ixrss: 0,&#xA;                Idrss: 0,&#xA;                Isrss: 0,&#xA;                Minflt: 3610,&#xA;                Majflt: 4,&#xA;                Nswap: 0,&#xA;                Inblock: 0,&#xA;                Oublock: 0,&#xA;                Msgsnd: 9,&#xA;                Msgrcv: 9,&#xA;                Nsignals: 46,&#xA;                Nvcsw: 22,&#xA;                Nivcsw: 512,&#xA;            },&#xA;        },&#xA;        Stderr: nil,&#xA;    }&#xA;occurred&#xA;In [BeforeAll] at: /Users/antont/ansible_deckhouse/virtualization-full/tests/e2e/images_creation_test.go:48 @ 10/08/25 22:26:10.607&#xA;&lt; Exit [BeforeAll] VirtualImageCreation - /Users/antont/ansible_deckhouse/virtualization-full/tests/e2e/images_creation_test.go:38 @ 10/08/25 22:26:10.607 (29ms)&#xA;&gt; Enter [AfterEach] VirtualImageCreation - /Users/antont/ansible_deckhouse/virtualization-full/tests/e2e/images_creation_test.go:70 @ 10/08/25 22:26:10.607&#xA;Get resources error:&#xA;cmd: kubectl get virtualization,intvirt,po,volumesnapshot -A -o yaml -l &#39;testcase=images-creation&#39;&#xA;error: exit status 1&#xA;stderr: E1008 22:26:10.633780   54917 memcache.go:265] &#34;Unhandled Error&#34; err=&#34;couldn&#39;t get current server API group list: Get \&#34;http://localhost:8080/api?timeout=32s\&#34;: dial tcp [::1]:8080: connect: connection refused&#34;&#xA;E1008 22:26:10.635396   54917 memcache.go:265] &#34;Unhandled Error&#34; err=&#34;couldn&#39;t get current server API group list: Get \&#34;http://localhost:8080/api?timeout=32s\&#34;: dial tcp [::1]:8080: connect: connection refused&#34;&#xA;E1008 22:26:10.636970   54917 memcache.go:265] &#34;Unhandled Error&#34; err=&#34;couldn&#39;t get current server API group list: Get \&#34;http://localhost:8080/api?timeout=32s\&#34;: dial tcp [::1]:8080: connect: connection refused&#34;&#xA;E1008 22:26:10.638507   54917 memcache.go:265] &#34;Unhandled Error&#34; err=&#34;couldn&#39;t get current server API group list: Get \&#34;http://localhost:8080/api?timeout=32s\&#34;: dial tcp [::1]:8080: connect: connection refused&#34;&#xA;E1008 22:26:10.640247   54917 memcache.go:265] &#34;Unhandled Error&#34; err=&#34;couldn&#39;t get current server API group list: Get \&#34;http://localhost:8080/api?timeout=32s\&#34;: dial tcp [::1]:8080: connect: connection refused&#34;&#xA;E1008 22:26:10.641911   54917 memcache.go:265] &#34;Unhandled Error&#34; err=&#34;couldn&#39;t get current server API group list: Get \&#34;http://localhost:8080/api?timeout=32s\&#34;: dial tcp [::1]:8080: connect: connection refused&#34;&#xA;E1008 22:26:10.643331   54917 memcache.go:265] &#34;Unhandled Error&#34; err=&#34;couldn&#39;t get current server API group list: Get \&#34;http://localhost:8080/api?timeout=32s\&#34;: dial tcp [::1]:8080: connect: connection refused&#34;&#xA;E1008 22:26:10.644755   54917 memcache.go:265] &#34;Unhandled Error&#34; err=&#34;couldn&#39;t get current server API group list: Get \&#34;http://localhost:8080/api?timeout=32s\&#34;: dial tcp [::1]:8080: connect: connection refused&#34;&#xA;The connection to the server localhost:8080 was refused - did you specify the right host or port?&#xA;&#xA;&#xA;&lt; Exit [AfterEach] VirtualImageCreation - /Users/antont/ansible_deckhouse/virtualization-full/tests/e2e/images_creation_test.go:70 @ 10/08/25 22:26:10.647 (40ms)&#xA;</system-err>
          </testcase>
          <testcase name="[It] VirtualImageCreation When base virtual resources are ready checks VD phase" classname="Tests" status="skipped" time="0">
              <skipped message="skipped - Spec skipped because an earlier spec in an ordered container failed"></skipped>
              <system-err>[SKIPPED] Spec skipped because an earlier spec in an ordered container failed&#xA;In [It] at: /Users/antont/ansible_deckhouse/virtualization-full/tests/e2e/images_creation_test.go:87 @ 10/08/25 22:26:10.647&#xA;</system-err>
          </testcase>
          <testcase name="[It] VirtualImageCreation When base virtual resources are ready checks VDSnapshot phase" classname="Tests" status="skipped" time="0">
              <skipped message="skipped - Spec skipped because an earlier spec in an ordered container failed"></skipped>
              <system-err>[SKIPPED] Spec skipped because an earlier spec in an ordered container failed&#xA;In [It] at: /Users/antont/ansible_deckhouse/virtualization-full/tests/e2e/images_creation_test.go:96 @ 10/08/25 22:26:10.647&#xA;</system-err>
          </testcase>
          <testcase name="[It] VirtualImageCreation When virtual images are applied checks VIs phases" classname="Tests" status="skipped" time="0">
              <skipped message="skipped - Spec skipped because an earlier spec in an ordered container failed"></skipped>
              <system-err>[SKIPPED] Spec skipped because an earlier spec in an ordered container failed&#xA;In [It] at: /Users/antont/ansible_deckhouse/virtualization-full/tests/e2e/images_creation_test.go:107 @ 10/08/25 22:26:10.647&#xA;</system-err>
          </testcase>
          <testcase name="[It] VirtualImageCreation When virtual images are applied checks CVIs phases" classname="Tests" status="skipped" time="0">
              <skipped message="skipped - Spec skipped because an earlier spec in an ordered container failed"></skipped>
              <system-err>[SKIPPED] Spec skipped because an earlier spec in an ordered container failed&#xA;In [It] at: /Users/antont/ansible_deckhouse/virtualization-full/tests/e2e/images_creation_test.go:116 @ 10/08/25 22:26:10.647&#xA;</system-err>
          </testcase>
          <testcase name="[It] VirtualImageCreation When test is completed deletes test case resources" classname="Tests" status="skipped" time="0">
              <skipped message="skipped - Spec skipped because an earlier spec in an ordered container failed"></skipped>
              <system-err>[SKIPPED] Spec skipped because an earlier spec in an ordered container failed&#xA;In [It] at: /Users/antont/ansible_deckhouse/virtualization-full/tests/e2e/images_creation_test.go:127 @ 10/08/25 22:26:10.647&#xA;</system-err>
          </testcase>
          <testcase name="[It] VirtualDiskResizing When the resources are applied result should be succeeded" classname="Tests" status="skipped" time="0.000109792">
              <skipped message="skipped - This test case is not working everytime. Should be fixed."></skipped>
              <system-err>&gt; Enter [BeforeAll] VirtualDiskResizing - /Users/antont/ansible_deckhouse/virtualization-full/tests/e2e/vm_disk_resizing_test.go:47 @ 10/08/25 22:26:10.647&#xA;[SKIPPED] This test case is not working everytime. Should be fixed.&#xA;In [BeforeAll] at: /Users/antont/ansible_deckhouse/virtualization-full/tests/e2e/vm_disk_resizing_test.go:51 @ 10/08/25 22:26:10.647&#xA;&lt; Exit [BeforeAll] VirtualDiskResizing - /Users/antont/ansible_deckhouse/virtualization-full/tests/e2e/vm_disk_resizing_test.go:47 @ 10/08/25 22:26:10.647 (0s)&#xA;&gt; Enter [AfterEach] VirtualDiskResizing - /Users/antont/ansible_deckhouse/virtualization-full/tests/e2e/vm_disk_resizing_test.go:65 @ 10/08/25 22:26:10.647&#xA;&lt; Exit [AfterEach] VirtualDiskResizing - /Users/antont/ansible_deckhouse/virtualization-full/tests/e2e/vm_disk_resizing_test.go:65 @ 10/08/25 22:26:10.647 (0s)&#xA;</system-err>
          </testcase>
          <testcase name="[It] VirtualDiskResizing When the virtual images are applied checks `VirtualImages` phase" classname="Tests" status="skipped" time="0">
              <skipped message="skipped - Spec skipped because Skip() was called in BeforeAll"></skipped>
              <system-err>[SKIPPED] Spec skipped because Skip() was called in BeforeAll&#xA;In [It] at: /Users/antont/ansible_deckhouse/virtualization-full/tests/e2e/vm_disk_resizing_test.go:82 @ 10/08/25 22:26:10.647&#xA;</system-err>
          </testcase>
          <testcase name="[It] VirtualDiskResizing When the virtual disks are applied checks `VirtualDisks` phase" classname="Tests" status="skipped" time="0">
              <skipped message="skipped - Spec skipped because Skip() was called in BeforeAll"></skipped>
              <system-err>[SKIPPED] Spec skipped because Skip() was called in BeforeAll&#xA;In [It] at: /Users/antont/ansible_deckhouse/virtualization-full/tests/e2e/vm_disk_resizing_test.go:94 @ 10/08/25 22:26:10.647&#xA;</system-err>
          </testcase>
          <testcase name="[It] VirtualDiskResizing When the virtual machine are applied checks `VirtualMachine` phase" classname="Tests" status="skipped" time="0">
              <skipped message="skipped - Spec skipped because Skip() was called in BeforeAll"></skipped>
              <system-err>[SKIPPED] Spec skipped because Skip() was called in BeforeAll&#xA;In [It] at: /Users/antont/ansible_deckhouse/virtualization-full/tests/e2e/vm_disk_resizing_test.go:106 @ 10/08/25 22:26:10.647&#xA;</system-err>
          </testcase>
          <testcase name="[It] VirtualDiskResizing When the virtual machine are applied retrieves the test objects" classname="Tests" status="skipped" time="0">
              <skipped message="skipped - Spec skipped because Skip() was called in BeforeAll"></skipped>
              <system-err>[SKIPPED] Spec skipped because Skip() was called in BeforeAll&#xA;In [It] at: /Users/antont/ansible_deckhouse/virtualization-full/tests/e2e/vm_disk_resizing_test.go:116 @ 10/08/25 22:26:10.647&#xA;</system-err>
          </testcase>
          <testcase name="[It] VirtualDiskResizing When the virtual machine block device attachment is applied checks `VirtualMachineBlockDeviceAttachment` phase" classname="Tests" status="skipped" time="0">
              <skipped message="skipped - Spec skipped because Skip() was called in BeforeAll"></skipped>
              <system-err>[SKIPPED] Spec skipped because Skip() was called in BeforeAll&#xA;In [It] at: /Users/antont/ansible_deckhouse/virtualization-full/tests/e2e/vm_disk_resizing_test.go:132 @ 10/08/25 22:26:10.647&#xA;</system-err>
          </testcase>
          <testcase name="[It] VirtualDiskResizing Resizing When the virtual machine is ready obtains the disks metadata before resizing" classname="Tests" status="skipped" time="0">
              <skipped message="skipped - Spec skipped because Skip() was called in BeforeAll"></skipped>
              <system-err>[SKIPPED] Spec skipped because Skip() was called in BeforeAll&#xA;In [It] at: /Users/antont/ansible_deckhouse/virtualization-full/tests/e2e/vm_disk_resizing_test.go:151 @ 10/08/25 22:26:10.647&#xA;</system-err>
          </testcase>
          <testcase name="[It] VirtualDiskResizing Resizing When the virtual machine is ready resizes the disks" classname="Tests" status="skipped" time="0">
              <skipped message="skipped - Spec skipped because Skip() was called in BeforeAll"></skipped>
              <system-err>[SKIPPED] Spec skipped because Skip() was called in BeforeAll&#xA;In [It] at: /Users/antont/ansible_deckhouse/virtualization-full/tests/e2e/vm_disk_resizing_test.go:157 @ 10/08/25 22:26:10.647&#xA;</system-err>
          </testcase>
          <testcase name="[It] VirtualDiskResizing Resizing When the virtual machine is ready checks `VirtualDisks`, `VirtualMachine` and `VirtualMachineBlockDeviceAttachment` phases" classname="Tests" status="skipped" time="0">
              <skipped message="skipped - Spec skipped because Skip() was called in BeforeAll"></skipped>
              <system-err>[SKIPPED] Spec skipped because Skip() was called in BeforeAll&#xA;In [It] at: /Users/antont/ansible_deckhouse/virtualization-full/tests/e2e/vm_disk_resizing_test.go:189 @ 10/08/25 22:26:10.647&#xA;</system-err>
          </testcase>
          <testcase name="[It] VirtualDiskResizing Resizing When the virtual machine is ready obtains and compares the disks metadata after resizing" classname="Tests" status="skipped" time="0">
              <skipped message="skipped - Spec skipped because Skip() was called in BeforeAll"></skipped>
              <system-err>[SKIPPED] Spec skipped because Skip() was called in BeforeAll&#xA;In [It] at: /Users/antont/ansible_deckhouse/virtualization-full/tests/e2e/vm_disk_resizing_test.go:216 @ 10/08/25 22:26:10.647&#xA;</system-err>
          </testcase>
          <testcase name="[It] VirtualDiskResizing When test is completed deletes test case resources" classname="Tests" status="skipped" time="0">
              <skipped message="skipped - Spec skipped because Skip() was called in BeforeAll"></skipped>
              <system-err>[SKIPPED] Spec skipped because Skip() was called in BeforeAll&#xA;In [It] at: /Users/antont/ansible_deckhouse/virtualization-full/tests/e2e/vm_disk_resizing_test.go:252 @ 10/08/25 22:26:10.647&#xA;</system-err>
          </testcase>
          <testcase name="[It] VirtualMachineMigration When resources are applied result should be succeeded [SIG-Migration]" classname="Tests" status="failed" time="0.068614167">
              <failure message="kubectl create namespace head-45bdb83d-end-to-end-vm-migration&#xA;Unexpected error:&#xA;    &lt;*exec.ExitError | 0x14000478260&gt;: &#xA;    exit status 1&#xA;    {&#xA;        ProcessState: {&#xA;            pid: 54918,&#xA;            status: 256,&#xA;            rusage: {&#xA;                Utime: {&#xA;                    Sec: 0,&#xA;                    Usec: 22006,&#xA;                    Pad_cgo_0: [0, 0, 0, 0],&#xA;                },&#xA;                Stime: {&#xA;                    Sec: 0,&#xA;                    Usec: 9315,&#xA;                    Pad_cgo_0: [0, 0, 0, 0],&#xA;                },&#xA;                Maxrss: 44826624,&#xA;                Ixrss: 0,&#xA;                Idrss: 0,&#xA;                Isrss: 0,&#xA;                Minflt: 3541,&#xA;                Majflt: 3,&#xA;                Nswap: 0,&#xA;                Inblock: 0,&#xA;                Oublock: 0,&#xA;                Msgsnd: 9,&#xA;                Msgrcv: 9,&#xA;                Nsignals: 44,&#xA;                Nvcsw: 25,&#xA;                Nivcsw: 618,&#xA;            },&#xA;        },&#xA;        Stderr: nil,&#xA;    }&#xA;occurred" type="failed">[FAILED] kubectl create namespace head-45bdb83d-end-to-end-vm-migration&#xA;Unexpected error:&#xA;    &lt;*exec.ExitError | 0x14000478260&gt;: &#xA;    exit status 1&#xA;    {&#xA;        ProcessState: {&#xA;            pid: 54918,&#xA;            status: 256,&#xA;            rusage: {&#xA;                Utime: {&#xA;                    Sec: 0,&#xA;                    Usec: 22006,&#xA;                    Pad_cgo_0: [0, 0, 0, 0],&#xA;                },&#xA;                Stime: {&#xA;                    Sec: 0,&#xA;                    Usec: 9315,&#xA;                    Pad_cgo_0: [0, 0, 0, 0],&#xA;                },&#xA;                Maxrss: 44826624,&#xA;                Ixrss: 0,&#xA;                Idrss: 0,&#xA;                Isrss: 0,&#xA;                Minflt: 3541,&#xA;                Majflt: 3,&#xA;                Nswap: 0,&#xA;                Inblock: 0,&#xA;                Oublock: 0,&#xA;                Msgsnd: 9,&#xA;                Msgrcv: 9,&#xA;                Nsignals: 44,&#xA;                Nvcsw: 25,&#xA;                Nivcsw: 618,&#xA;            },&#xA;        },&#xA;        Stderr: nil,&#xA;    }&#xA;occurred&#xA;In [BeforeAll] at: /Users/antont/ansible_deckhouse/virtualization-full/tests/e2e/vm_migration_test.go:42 @ 10/08/25 22:26:10.676&#xA;</failure>
              <system-err>&gt; Enter [BeforeAll] VirtualMachineMigration - /Users/antont/ansible_deckhouse/virtualization-full/tests/e2e/vm_migration_test.go:36 @ 10/08/25 22:26:10.648&#xA;[FAILED] kubectl create namespace head-45bdb83d-end-to-end-vm-migration&#xA;Unexpected error:&#xA;    &lt;*exec.ExitError | 0x14000478260&gt;: &#xA;    exit status 1&#xA;    {&#xA;        ProcessState: {&#xA;            pid: 54918,&#xA;            status: 256,&#xA;            rusage: {&#xA;                Utime: {&#xA;                    Sec: 0,&#xA;                    Usec: 22006,&#xA;                    Pad_cgo_0: [0, 0, 0, 0],&#xA;                },&#xA;                Stime: {&#xA;                    Sec: 0,&#xA;                    Usec: 9315,&#xA;                    Pad_cgo_0: [0, 0, 0, 0],&#xA;                },&#xA;                Maxrss: 44826624,&#xA;                Ixrss: 0,&#xA;                Idrss: 0,&#xA;                Isrss: 0,&#xA;                Minflt: 3541,&#xA;                Majflt: 3,&#xA;                Nswap: 0,&#xA;                Inblock: 0,&#xA;                Oublock: 0,&#xA;                Msgsnd: 9,&#xA;                Msgrcv: 9,&#xA;                Nsignals: 44,&#xA;                Nvcsw: 25,&#xA;                Nivcsw: 618,&#xA;            },&#xA;        },&#xA;        Stderr: nil,&#xA;    }&#xA;occurred&#xA;In [BeforeAll] at: /Users/antont/ansible_deckhouse/virtualization-full/tests/e2e/vm_migration_test.go:42 @ 10/08/25 22:26:10.676&#xA;&lt; Exit [BeforeAll] VirtualMachineMigration - /Users/antont/ansible_deckhouse/virtualization-full/tests/e2e/vm_migration_test.go:36 @ 10/08/25 22:26:10.676 (28ms)&#xA;&gt; Enter [AfterEach] VirtualMachineMigration - /Users/antont/ansible_deckhouse/virtualization-full/tests/e2e/vm_migration_test.go:45 @ 10/08/25 22:26:10.676&#xA;Get resources error:&#xA;cmd: kubectl get virtualization,intvirt,po,volumesnapshot -A -o yaml -l &#39;testcase=vm-migration&#39;&#xA;error: exit status 1&#xA;stderr: E1008 22:26:10.703385   54919 memcache.go:265] &#34;Unhandled Error&#34; err=&#34;couldn&#39;t get current server API group list: Get \&#34;http://localhost:8080/api?timeout=32s\&#34;: dial tcp [::1]:8080: connect: connection refused&#34;&#xA;E1008 22:26:10.705050   54919 memcache.go:265] &#34;Unhandled Error&#34; err=&#34;couldn&#39;t get current server API group list: Get \&#34;http://localhost:8080/api?timeout=32s\&#34;: dial tcp [::1]:8080: connect: connection refused&#34;&#xA;E1008 22:26:10.706652   54919 memcache.go:265] &#34;Unhandled Error&#34; err=&#34;couldn&#39;t get current server API group list: Get \&#34;http://localhost:8080/api?timeout=32s\&#34;: dial tcp [::1]:8080: connect: connection refused&#34;&#xA;E1008 22:26:10.708107   54919 memcache.go:265] &#34;Unhandled Error&#34; err=&#34;couldn&#39;t get current server API group list: Get \&#34;http://localhost:8080/api?timeout=32s\&#34;: dial tcp [::1]:8080: connect: connection refused&#34;&#xA;E1008 22:26:10.709680   54919 memcache.go:265] &#34;Unhandled Error&#34; err=&#34;couldn&#39;t get current server API group list: Get \&#34;http://localhost:8080/api?timeout=32s\&#34;: dial tcp [::1]:8080: connect: connection refused&#34;&#xA;E1008 22:26:10.711101   54919 memcache.go:265] &#34;Unhandled Error&#34; err=&#34;couldn&#39;t get current server API group list: Get \&#34;http://localhost:8080/api?timeout=32s\&#34;: dial tcp [::1]:8080: connect: connection refused&#34;&#xA;E1008 22:26:10.712492   54919 memcache.go:265] &#34;Unhandled Error&#34; err=&#34;couldn&#39;t get current server API group list: Get \&#34;http://localhost:8080/api?timeout=32s\&#34;: dial tcp [::1]:8080: connect: connection refused&#34;&#xA;E1008 22:26:10.713887   54919 memcache.go:265] &#34;Unhandled Error&#34; err=&#34;couldn&#39;t get current server API group list: Get \&#34;http://localhost:8080/api?timeout=32s\&#34;: dial tcp [::1]:8080: connect: connection refused&#34;&#xA;The connection to the server localhost:8080 was refused - did you specify the right host or port?&#xA;&#xA;&#xA;&lt; Exit [AfterEach] VirtualMachineMigration - /Users/antont/ansible_deckhouse/virtualization-full/tests/e2e/vm_migration_test.go:45 @ 10/08/25 22:26:10.716 (40ms)&#xA;</system-err>
          </testcase>
          <testcase name="[It] VirtualMachineMigration When virtual machines are applied checks VMs phases [SIG-Migration]" classname="Tests" status="skipped" time="0">
              <skipped message="skipped - Spec skipped because an earlier spec in an ordered container failed"></skipped>
              <system-err>[SKIPPED] Spec skipped because an earlier spec in an ordered container failed&#xA;In [It] at: /Users/antont/ansible_deckhouse/virtualization-full/tests/e2e/vm_migration_test.go:75 @ 10/08/25 22:26:10.716&#xA;</system-err>
          </testcase>
          <testcase name="[It] VirtualMachineMigration When virtual machine agents are ready starts migrations [SIG-Migration]" classname="Tests" status="skipped" time="0">
              <skipped message="skipped - Spec skipped because an earlier spec in an ordered container failed"></skipped>
              <system-err>[SKIPPED] Spec skipped because an earlier spec in an ordered container failed&#xA;In [It] at: /Users/antont/ansible_deckhouse/virtualization-full/tests/e2e/vm_migration_test.go:86 @ 10/08/25 22:26:10.716&#xA;</system-err>
          </testcase>
          <testcase name="[It] VirtualMachineMigration When VMs migrations are applied checks VMs and VMOPs phases [SIG-Migration]" classname="Tests" status="skipped" time="0">
              <skipped message="skipped - Spec skipped because an earlier spec in an ordered container failed"></skipped>
              <system-err>[SKIPPED] Spec skipped because an earlier spec in an ordered container failed&#xA;In [It] at: /Users/antont/ansible_deckhouse/virtualization-full/tests/e2e/vm_migration_test.go:100 @ 10/08/25 22:26:10.716&#xA;</system-err>
          </testcase>
          <testcase name="[It] VirtualMachineMigration When VMs migrations are applied checks VMs external connection after migrations [SIG-Migration]" classname="Tests" status="skipped" time="0">
              <skipped message="skipped - Spec skipped because an earlier spec in an ordered container failed"></skipped>
              <system-err>[SKIPPED] Spec skipped because an earlier spec in an ordered container failed&#xA;In [It] at: /Users/antont/ansible_deckhouse/virtualization-full/tests/e2e/vm_migration_test.go:116 @ 10/08/25 22:26:10.716&#xA;</system-err>
          </testcase>
          <testcase name="[It] VirtualMachineMigration When test is completed deletes test case resources [SIG-Migration]" classname="Tests" status="skipped" time="0">
              <skipped message="skipped - Spec skipped because an earlier spec in an ordered container failed"></skipped>
              <system-err>[SKIPPED] Spec skipped because an earlier spec in an ordered container failed&#xA;In [It] at: /Users/antont/ansible_deckhouse/virtualization-full/tests/e2e/vm_migration_test.go:131 @ 10/08/25 22:26:10.716&#xA;</system-err>
          </testcase>
          <testcase name="[It] VirtualMachineLabelAndAnnotation When resources are applied result should be succeeded" classname="Tests" status="failed" time="0.06886025">
              <failure message="kubectl create namespace head-45bdb83d-end-to-end-vm-label-annotation&#xA;Unexpected error:&#xA;    &lt;*exec.ExitError | 0x140004784e0&gt;: &#xA;    exit status 1&#xA;    {&#xA;        ProcessState: {&#xA;            pid: 54920,&#xA;            status: 256,&#xA;            rusage: {&#xA;                Utime: {&#xA;                    Sec: 0,&#xA;                    Usec: 22187,&#xA;                    Pad_cgo_0: [0, 0, 0, 0],&#xA;                },&#xA;                Stime: {&#xA;                    Sec: 0,&#xA;                    Usec: 9173,&#xA;                    Pad_cgo_0: [0, 0, 0, 0],&#xA;                },&#xA;                Maxrss: 45056000,&#xA;                Ixrss: 0,&#xA;                Idrss: 0,&#xA;                Isrss: 0,&#xA;                Minflt: 3559,&#xA;                Majflt: 3,&#xA;                Nswap: 0,&#xA;                Inblock: 0,&#xA;                Oublock: 0,&#xA;                Msgsnd: 9,&#xA;                Msgrcv: 9,&#xA;                Nsignals: 66,&#xA;                Nvcsw: 33,&#xA;                Nivcsw: 590,&#xA;            },&#xA;        },&#xA;        Stderr: nil,&#xA;    }&#xA;occurred" type="failed">[FAILED] kubectl create namespace head-45bdb83d-end-to-end-vm-label-annotation&#xA;Unexpected error:&#xA;    &lt;*exec.ExitError | 0x140004784e0&gt;: &#xA;    exit status 1&#xA;    {&#xA;        ProcessState: {&#xA;            pid: 54920,&#xA;            status: 256,&#xA;            rusage: {&#xA;                Utime: {&#xA;                    Sec: 0,&#xA;                    Usec: 22187,&#xA;                    Pad_cgo_0: [0, 0, 0, 0],&#xA;                },&#xA;                Stime: {&#xA;                    Sec: 0,&#xA;                    Usec: 9173,&#xA;                    Pad_cgo_0: [0, 0, 0, 0],&#xA;                },&#xA;                Maxrss: 45056000,&#xA;                Ixrss: 0,&#xA;                Idrss: 0,&#xA;                Isrss: 0,&#xA;                Minflt: 3559,&#xA;                Majflt: 3,&#xA;                Nswap: 0,&#xA;                Inblock: 0,&#xA;                Oublock: 0,&#xA;                Msgsnd: 9,&#xA;                Msgrcv: 9,&#xA;                Nsignals: 66,&#xA;                Nvcsw: 33,&#xA;                Nivcsw: 590,&#xA;            },&#xA;        },&#xA;        Stderr: nil,&#xA;    }&#xA;occurred&#xA;In [BeforeAll] at: /Users/antont/ansible_deckhouse/virtualization-full/tests/e2e/vm_label_annotation_test.go:48 @ 10/08/25 22:26:10.744&#xA;</failure>
              <system-err>&gt; Enter [BeforeAll] VirtualMachineLabelAndAnnotation - /Users/antont/ansible_deckhouse/virtualization-full/tests/e2e/vm_label_annotation_test.go:42 @ 10/08/25 22:26:10.716&#xA;[FAILED] kubectl create namespace head-45bdb83d-end-to-end-vm-label-annotation&#xA;Unexpected error:&#xA;    &lt;*exec.ExitError | 0x140004784e0&gt;: &#xA;    exit status 1&#xA;    {&#xA;        ProcessState: {&#xA;            pid: 54920,&#xA;            status: 256,&#xA;            rusage: {&#xA;                Utime: {&#xA;                    Sec: 0,&#xA;                    Usec: 22187,&#xA;                    Pad_cgo_0: [0, 0, 0, 0],&#xA;                },&#xA;                Stime: {&#xA;                    Sec: 0,&#xA;                    Usec: 9173,&#xA;                    Pad_cgo_0: [0, 0, 0, 0],&#xA;                },&#xA;                Maxrss: 45056000,&#xA;                Ixrss: 0,&#xA;                Idrss: 0,&#xA;                Isrss: 0,&#xA;                Minflt: 3559,&#xA;                Majflt: 3,&#xA;                Nswap: 0,&#xA;                Inblock: 0,&#xA;                Oublock: 0,&#xA;                Msgsnd: 9,&#xA;                Msgrcv: 9,&#xA;                Nsignals: 66,&#xA;                Nvcsw: 33,&#xA;                Nivcsw: 590,&#xA;            },&#xA;        },&#xA;        Stderr: nil,&#xA;    }&#xA;occurred&#xA;In [BeforeAll] at: /Users/antont/ansible_deckhouse/virtualization-full/tests/e2e/vm_label_annotation_test.go:48 @ 10/08/25 22:26:10.744&#xA;&lt; Exit [BeforeAll] VirtualMachineLabelAndAnnotation - /Users/antont/ansible_deckhouse/virtualization-full/tests/e2e/vm_label_annotation_test.go:42 @ 10/08/25 22:26:10.744 (28ms)&#xA;&gt; Enter [AfterEach] VirtualMachineLabelAndAnnotation - /Users/antont/ansible_deckhouse/virtualization-full/tests/e2e/vm_label_annotation_test.go:57 @ 10/08/25 22:26:10.744&#xA;Get resources error:&#xA;cmd: kubectl get virtualization,intvirt,po,volumesnapshot -A -o yaml -l &#39;testcase=vm-label-annotation&#39;&#xA;error: exit status 1&#xA;stderr: E1008 22:26:10.772462   54921 memcache.go:265] &#34;Unhandled Error&#34; err=&#34;couldn&#39;t get current server API group list: Get \&#34;http://localhost:8080/api?timeout=32s\&#34;: dial tcp [::1]:8080: connect: connection refused&#34;&#xA;E1008 22:26:10.774058   54921 memcache.go:265] &#34;Unhandled Error&#34; err=&#34;couldn&#39;t get current server API group list: Get \&#34;http://localhost:8080/api?timeout=32s\&#34;: dial tcp [::1]:8080: connect: connection refused&#34;&#xA;E1008 22:26:10.775727   54921 memcache.go:265] &#34;Unhandled Error&#34; err=&#34;couldn&#39;t get current server API group list: Get \&#34;http://localhost:8080/api?timeout=32s\&#34;: dial tcp [::1]:8080: connect: connection refused&#34;&#xA;E1008 22:26:10.777230   54921 memcache.go:265] &#34;Unhandled Error&#34; err=&#34;couldn&#39;t get current server API group list: Get \&#34;http://localhost:8080/api?timeout=32s\&#34;: dial tcp [::1]:8080: connect: connection refused&#34;&#xA;E1008 22:26:10.778731   54921 memcache.go:265] &#34;Unhandled Error&#34; err=&#34;couldn&#39;t get current server API group list: Get \&#34;http://localhost:8080/api?timeout=32s\&#34;: dial tcp [::1]:8080: connect: connection refused&#34;&#xA;E1008 22:26:10.780262   54921 memcache.go:265] &#34;Unhandled Error&#34; err=&#34;couldn&#39;t get current server API group list: Get \&#34;http://localhost:8080/api?timeout=32s\&#34;: dial tcp [::1]:8080: connect: connection refused&#34;&#xA;E1008 22:26:10.781718   54921 memcache.go:265] &#34;Unhandled Error&#34; err=&#34;couldn&#39;t get current server API group list: Get \&#34;http://localhost:8080/api?timeout=32s\&#34;: dial tcp [::1]:8080: connect: connection refused&#34;&#xA;E1008 22:26:10.783239   54921 memcache.go:265] &#34;Unhandled Error&#34; err=&#34;couldn&#39;t get current server API group list: Get \&#34;http://localhost:8080/api?timeout=32s\&#34;: dial tcp [::1]:8080: connect: connection refused&#34;&#xA;The connection to the server localhost:8080 was refused - did you specify the right host or port?&#xA;&#xA;&#xA;&lt; Exit [AfterEach] VirtualMachineLabelAndAnnotation - /Users/antont/ansible_deckhouse/virtualization-full/tests/e2e/vm_label_annotation_test.go:57 @ 10/08/25 22:26:10.785 (41ms)&#xA;</system-err>
          </testcase>
          <testcase name="[It] VirtualMachineLabelAndAnnotation When virtual images are applied checks VIs phases" classname="Tests" status="skipped" time="0">
              <skipped message="skipped - Spec skipped because an earlier spec in an ordered container failed"></skipped>
              <system-err>[SKIPPED] Spec skipped because an earlier spec in an ordered container failed&#xA;In [It] at: /Users/antont/ansible_deckhouse/virtualization-full/tests/e2e/vm_label_annotation_test.go:74 @ 10/08/25 22:26:10.785&#xA;</system-err>
          </testcase>
          <testcase name="[It] VirtualMachineLabelAndAnnotation When virtual disks are applied checks VDs phases" classname="Tests" status="skipped" time="0">
              <skipped message="skipped - Spec skipped because an earlier spec in an ordered container failed"></skipped>
              <system-err>[SKIPPED] Spec skipped because an earlier spec in an ordered container failed&#xA;In [It] at: /Users/antont/ansible_deckhouse/virtualization-full/tests/e2e/vm_label_annotation_test.go:85 @ 10/08/25 22:26:10.785&#xA;</system-err>
          </testcase>
          <testcase name="[It] VirtualMachineLabelAndAnnotation When virtual machines are applied checks VMs phases" classname="Tests" status="skipped" time="0">
              <skipped message="skipped - Spec skipped because an earlier spec in an ordered container failed"></skipped>
              <system-err>[SKIPPED] Spec skipped because an earlier spec in an ordered container failed&#xA;In [It] at: /Users/antont/ansible_deckhouse/virtualization-full/tests/e2e/vm_label_annotation_test.go:96 @ 10/08/25 22:26:10.786&#xA;</system-err>
          </testcase>
          <testcase name="[It] VirtualMachineLabelAndAnnotation When virtual machine is running marks VMs with label map[&#34;specialKey&#34;:&#34;specialValue&#34;]" classname="Tests" status="skipped" time="0">
              <skipped message="skipped - Spec skipped because an earlier spec in an ordered container failed"></skipped>
              <system-err>[SKIPPED] Spec skipped because an earlier spec in an ordered container failed&#xA;In [It] at: /Users/antont/ansible_deckhouse/virtualization-full/tests/e2e/vm_label_annotation_test.go:107 @ 10/08/25 22:26:10.786&#xA;</system-err>
          </testcase>
          <testcase name="[It] VirtualMachineLabelAndAnnotation When virtual machine is running checks VMs and pods labels after VMs labeling" classname="Tests" status="skipped" time="0">
              <skipped message="skipped - Spec skipped because an earlier spec in an ordered container failed"></skipped>
              <system-err>[SKIPPED] Spec skipped because an earlier spec in an ordered container failed&#xA;In [It] at: /Users/antont/ansible_deckhouse/virtualization-full/tests/e2e/vm_label_annotation_test.go:120 @ 10/08/25 22:26:10.786&#xA;</system-err>
          </testcase>
          <testcase name="[It] VirtualMachineLabelAndAnnotation When virtual machine is running removes label map[specialKey:specialValue] from VMs" classname="Tests" status="skipped" time="0">
              <skipped message="skipped - Spec skipped because an earlier spec in an ordered container failed"></skipped>
              <system-err>[SKIPPED] Spec skipped because an earlier spec in an ordered container failed&#xA;In [It] at: /Users/antont/ansible_deckhouse/virtualization-full/tests/e2e/vm_label_annotation_test.go:152 @ 10/08/25 22:26:10.786&#xA;</system-err>
          </testcase>
          <testcase name="[It] VirtualMachineLabelAndAnnotation When virtual machine is running checks VMs and pods labels after VMs unlabeling" classname="Tests" status="skipped" time="0">
              <skipped message="skipped - Spec skipped because an earlier spec in an ordered container failed"></skipped>
              <system-err>[SKIPPED] Spec skipped because an earlier spec in an ordered container failed&#xA;In [It] at: /Users/antont/ansible_deckhouse/virtualization-full/tests/e2e/vm_label_annotation_test.go:165 @ 10/08/25 22:26:10.786&#xA;</system-err>
          </testcase>
          <testcase name="[It] VirtualMachineLabelAndAnnotation Annotate `VirtualMachines` in Running phase marks VMs with annotation map[&#34;specialKey&#34;:&#34;specialValue&#34;]" classname="Tests" status="skipped" time="0">
              <skipped message="skipped - Spec skipped because an earlier spec in an ordered container failed"></skipped>
              <system-err>[SKIPPED] Spec skipped because an earlier spec in an ordered container failed&#xA;In [It] at: /Users/antont/ansible_deckhouse/virtualization-full/tests/e2e/vm_label_annotation_test.go:199 @ 10/08/25 22:26:10.786&#xA;</system-err>
          </testcase>
          <testcase name="[It] VirtualMachineLabelAndAnnotation Annotate `VirtualMachines` in Running phase checks VMs and pods annotations after VMs annotating" classname="Tests" status="skipped" time="0">
              <skipped message="skipped - Spec skipped because an earlier spec in an ordered container failed"></skipped>
              <system-err>[SKIPPED] Spec skipped because an earlier spec in an ordered container failed&#xA;In [It] at: /Users/antont/ansible_deckhouse/virtualization-full/tests/e2e/vm_label_annotation_test.go:212 @ 10/08/25 22:26:10.786&#xA;</system-err>
          </testcase>
          <testcase name="[It] VirtualMachineLabelAndAnnotation Annotate `VirtualMachines` in Running phase removes annotation map[specialKey:specialValue] from VMs" classname="Tests" status="skipped" time="0">
              <skipped message="skipped - Spec skipped because an earlier spec in an ordered container failed"></skipped>
              <system-err>[SKIPPED] Spec skipped because an earlier spec in an ordered container failed&#xA;In [It] at: /Users/antont/ansible_deckhouse/virtualization-full/tests/e2e/vm_label_annotation_test.go:244 @ 10/08/25 22:26:10.786&#xA;</system-err>
          </testcase>
          <testcase name="[It] VirtualMachineLabelAndAnnotation Annotate `VirtualMachines` in Running phase checks VMs and pods annotations after VMs unannotating" classname="Tests" status="skipped" time="0">
              <skipped message="skipped - Spec skipped because an earlier spec in an ordered container failed"></skipped>
              <system-err>[SKIPPED] Spec skipped because an earlier spec in an ordered container failed&#xA;In [It] at: /Users/antont/ansible_deckhouse/virtualization-full/tests/e2e/vm_label_annotation_test.go:257 @ 10/08/25 22:26:10.786&#xA;</system-err>
          </testcase>
          <testcase name="[It] VirtualMachineLabelAndAnnotation When test is completed deletes test case resources" classname="Tests" status="skipped" time="0">
              <skipped message="skipped - Spec skipped because an earlier spec in an ordered container failed"></skipped>
              <system-err>[SKIPPED] Spec skipped because an earlier spec in an ordered container failed&#xA;In [It] at: /Users/antont/ansible_deckhouse/virtualization-full/tests/e2e/vm_label_annotation_test.go:291 @ 10/08/25 22:26:10.786&#xA;</system-err>
          </testcase>
          <testcase name="[It] SizingPolicy When resources are applied result should be succeeded" classname="Tests" status="failed" time="0.068920833">
              <failure message="kubectl create namespace head-45bdb83d-end-to-end-sizing-policy&#xA;Unexpected error:&#xA;    &lt;*exec.ExitError | 0x14000479040&gt;: &#xA;    exit status 1&#xA;    {&#xA;        ProcessState: {&#xA;            pid: 54922,&#xA;            status: 256,&#xA;            rusage: {&#xA;                Utime: {&#xA;                    Sec: 0,&#xA;                    Usec: 22299,&#xA;                    Pad_cgo_0: [0, 0, 0, 0],&#xA;                },&#xA;                Stime: {&#xA;                    Sec: 0,&#xA;                    Usec: 8753,&#xA;                    Pad_cgo_0: [0, 0, 0, 0],&#xA;                },&#xA;                Maxrss: 44695552,&#xA;                Ixrss: 0,&#xA;                Idrss: 0,&#xA;                Isrss: 0,&#xA;                Minflt: 3537,&#xA;                Majflt: 3,&#xA;                Nswap: 0,&#xA;                Inblock: 0,&#xA;                Oublock: 0,&#xA;                Msgsnd: 9,&#xA;                Msgrcv: 9,&#xA;                Nsignals: 46,&#xA;                Nvcsw: 21,&#xA;                Nivcsw: 507,&#xA;            },&#xA;        },&#xA;        Stderr: nil,&#xA;    }&#xA;occurred" type="failed">[FAILED] kubectl create namespace head-45bdb83d-end-to-end-sizing-policy&#xA;Unexpected error:&#xA;    &lt;*exec.ExitError | 0x14000479040&gt;: &#xA;    exit status 1&#xA;    {&#xA;        ProcessState: {&#xA;            pid: 54922,&#xA;            status: 256,&#xA;            rusage: {&#xA;                Utime: {&#xA;                    Sec: 0,&#xA;                    Usec: 22299,&#xA;                    Pad_cgo_0: [0, 0, 0, 0],&#xA;                },&#xA;                Stime: {&#xA;                    Sec: 0,&#xA;                    Usec: 8753,&#xA;                    Pad_cgo_0: [0, 0, 0, 0],&#xA;                },&#xA;                Maxrss: 44695552,&#xA;                Ixrss: 0,&#xA;                Idrss: 0,&#xA;                Isrss: 0,&#xA;                Minflt: 3537,&#xA;                Majflt: 3,&#xA;                Nswap: 0,&#xA;                Inblock: 0,&#xA;                Oublock: 0,&#xA;                Msgsnd: 9,&#xA;                Msgrcv: 9,&#xA;                Nsignals: 46,&#xA;                Nvcsw: 21,&#xA;                Nivcsw: 507,&#xA;            },&#xA;        },&#xA;        Stderr: nil,&#xA;    }&#xA;occurred&#xA;In [BeforeAll] at: /Users/antont/ansible_deckhouse/virtualization-full/tests/e2e/sizing_policy_test.go:64 @ 10/08/25 22:26:10.814&#xA;</failure>
              <system-err>&gt; Enter [BeforeAll] SizingPolicy - /Users/antont/ansible_deckhouse/virtualization-full/tests/e2e/sizing_policy_test.go:52 @ 10/08/25 22:26:10.786&#xA;[FAILED] kubectl create namespace head-45bdb83d-end-to-end-sizing-policy&#xA;Unexpected error:&#xA;    &lt;*exec.ExitError | 0x14000479040&gt;: &#xA;    exit status 1&#xA;    {&#xA;        ProcessState: {&#xA;            pid: 54922,&#xA;            status: 256,&#xA;            rusage: {&#xA;                Utime: {&#xA;                    Sec: 0,&#xA;                    Usec: 22299,&#xA;                    Pad_cgo_0: [0, 0, 0, 0],&#xA;                },&#xA;                Stime: {&#xA;                    Sec: 0,&#xA;                    Usec: 8753,&#xA;                    Pad_cgo_0: [0, 0, 0, 0],&#xA;                },&#xA;                Maxrss: 44695552,&#xA;                Ixrss: 0,&#xA;                Idrss: 0,&#xA;                Isrss: 0,&#xA;                Minflt: 3537,&#xA;                Majflt: 3,&#xA;                Nswap: 0,&#xA;                Inblock: 0,&#xA;                Oublock: 0,&#xA;                Msgsnd: 9,&#xA;                Msgrcv: 9,&#xA;                Nsignals: 46,&#xA;                Nvcsw: 21,&#xA;                Nivcsw: 507,&#xA;            },&#xA;        },&#xA;        Stderr: nil,&#xA;    }&#xA;occurred&#xA;In [BeforeAll] at: /Users/antont/ansible_deckhouse/virtualization-full/tests/e2e/sizing_policy_test.go:64 @ 10/08/25 22:26:10.814&#xA;&lt; Exit [BeforeAll] SizingPolicy - /Users/antont/ansible_deckhouse/virtualization-full/tests/e2e/sizing_policy_test.go:52 @ 10/08/25 22:26:10.814 (28ms)&#xA;&gt; Enter [AfterEach] SizingPolicy - /Users/antont/ansible_deckhouse/virtualization-full/tests/e2e/sizing_policy_test.go:73 @ 10/08/25 22:26:10.814&#xA;Get resources error:&#xA;cmd: kubectl get virtualization,intvirt,po,volumesnapshot -A -o yaml -l &#39;testcase=sizing-policy&#39;&#xA;error: exit status 1&#xA;stderr: E1008 22:26:10.842134   54923 memcache.go:265] &#34;Unhandled Error&#34; err=&#34;couldn&#39;t get current server API group list: Get \&#34;http://localhost:8080/api?timeout=32s\&#34;: dial tcp [::1]:8080: connect: connection refused&#34;&#xA;E1008 22:26:10.843686   54923 memcache.go:265] &#34;Unhandled Error&#34; err=&#34;couldn&#39;t get current server API group list: Get \&#34;http://localhost:8080/api?timeout=32s\&#34;: dial tcp [::1]:8080: connect: connection refused&#34;&#xA;E1008 22:26:10.845314   54923 memcache.go:265] &#34;Unhandled Error&#34; err=&#34;couldn&#39;t get current server API group list: Get \&#34;http://localhost:8080/api?timeout=32s\&#34;: dial tcp [::1]:8080: connect: connection refused&#34;&#xA;E1008 22:26:10.846851   54923 memcache.go:265] &#34;Unhandled Error&#34; err=&#34;couldn&#39;t get current server API group list: Get \&#34;http://localhost:8080/api?timeout=32s\&#34;: dial tcp [::1]:8080: connect: connection refused&#34;&#xA;E1008 22:26:10.848396   54923 memcache.go:265] &#34;Unhandled Error&#34; err=&#34;couldn&#39;t get current server API group list: Get \&#34;http://localhost:8080/api?timeout=32s\&#34;: dial tcp [::1]:8080: connect: connection refused&#34;&#xA;E1008 22:26:10.849850   54923 memcache.go:265] &#34;Unhandled Error&#34; err=&#34;couldn&#39;t get current server API group list: Get \&#34;http://localhost:8080/api?timeout=32s\&#34;: dial tcp [::1]:8080: connect: connection refused&#34;&#xA;E1008 22:26:10.851377   54923 memcache.go:265] &#34;Unhandled Error&#34; err=&#34;couldn&#39;t get current server API group list: Get \&#34;http://localhost:8080/api?timeout=32s\&#34;: dial tcp [::1]:8080: connect: connection refused&#34;&#xA;E1008 22:26:10.852833   54923 memcache.go:265] &#34;Unhandled Error&#34; err=&#34;couldn&#39;t get current server API group list: Get \&#34;http://localhost:8080/api?timeout=32s\&#34;: dial tcp [::1]:8080: connect: connection refused&#34;&#xA;The connection to the server localhost:8080 was refused - did you specify the right host or port?&#xA;&#xA;&#xA;&lt; Exit [AfterEach] SizingPolicy - /Users/antont/ansible_deckhouse/virtualization-full/tests/e2e/sizing_policy_test.go:73 @ 10/08/25 22:26:10.855 (40ms)&#xA;</system-err>
          </testcase>
          <testcase name="[It] SizingPolicy When virtual images are applied checks VIs phases" classname="Tests" status="skipped" time="0">
              <skipped message="skipped - Spec skipped because an earlier spec in an ordered container failed"></skipped>
              <system-err>[SKIPPED] Spec skipped because an earlier spec in an ordered container failed&#xA;In [It] at: /Users/antont/ansible_deckhouse/virtualization-full/tests/e2e/sizing_policy_test.go:90 @ 10/08/25 22:26:10.855&#xA;</system-err>
          </testcase>
          <testcase name="[It] SizingPolicy When virtual disks are applied checks VDs phases with map[vm:not-existing-vmclass-with-changing] and map[vm:not-existing-vmclass-with-creating] label" classname="Tests" status="skipped" time="0">
              <skipped message="skipped - Spec skipped because an earlier spec in an ordered container failed"></skipped>
              <system-err>[SKIPPED] Spec skipped because an earlier spec in an ordered container failed&#xA;In [It] at: /Users/antont/ansible_deckhouse/virtualization-full/tests/e2e/sizing_policy_test.go:101 @ 10/08/25 22:26:10.855&#xA;</system-err>
          </testcase>
          <testcase name="[It] SizingPolicy When virtual disks are applied checks VDs phases with map[vm:existing-vmclass] label" classname="Tests" status="skipped" time="0">
              <skipped message="skipped - Spec skipped because an earlier spec in an ordered container failed"></skipped>
              <system-err>[SKIPPED] Spec skipped because an earlier spec in an ordered container failed&#xA;In [It] at: /Users/antont/ansible_deckhouse/virtualization-full/tests/e2e/sizing_policy_test.go:115 @ 10/08/25 22:26:10.855&#xA;</system-err>
          </testcase>
          <testcase name="[It] SizingPolicy When virtual machines are applied checks VMs phases with map[vm:not-existing-vmclass-with-changing] and map[vm:not-existing-vmclass-with-creating] label" classname="Tests" status="skipped" time="0">
              <skipped message="skipped - Spec skipped because an earlier spec in an ordered container failed"></skipped>
              <system-err>[SKIPPED] Spec skipped because an earlier spec in an ordered container failed&#xA;In [It] at: /Users/antont/ansible_deckhouse/virtualization-full/tests/e2e/sizing_policy_test.go:126 @ 10/08/25 22:26:10.855&#xA;</system-err>
          </testcase>
          <testcase name="[It] SizingPolicy When virtual machines are applied checks VMs phases with map[vm:existing-vmclass] label" classname="Tests" status="skipped" time="0">
              <skipped message="skipped - Spec skipped because an earlier spec in an ordered container failed"></skipped>
              <system-err>[SKIPPED] Spec skipped because an earlier spec in an ordered container failed&#xA;In [It] at: /Users/antont/ansible_deckhouse/virtualization-full/tests/e2e/sizing_policy_test.go:140 @ 10/08/25 22:26:10.855&#xA;</system-err>
          </testcase>
          <testcase name="[It] SizingPolicy Not existing virtual machine class When virtual machine with label map[vm:not-existing-vmclass-with-changing] in phase Pending checks condition status before changing &#39;virtulaMachineCLass` field with existing class" classname="Tests" status="skipped" time="0">
              <skipped message="skipped - Spec skipped because an earlier spec in an ordered container failed"></skipped>
              <system-err>[SKIPPED] Spec skipped because an earlier spec in an ordered container failed&#xA;In [It] at: /Users/antont/ansible_deckhouse/virtualization-full/tests/e2e/sizing_policy_test.go:152 @ 10/08/25 22:26:10.855&#xA;</system-err>
          </testcase>
          <testcase name="[It] SizingPolicy Not existing virtual machine class When virtual machine with label map[vm:not-existing-vmclass-with-changing] in phase Pending changes VMClassName in VM specification with existing VMClass" classname="Tests" status="skipped" time="0">
              <skipped message="skipped - Spec skipped because an earlier spec in an ordered container failed"></skipped>
              <system-err>[SKIPPED] Spec skipped because an earlier spec in an ordered container failed&#xA;In [It] at: /Users/antont/ansible_deckhouse/virtualization-full/tests/e2e/sizing_policy_test.go:157 @ 10/08/25 22:26:10.855&#xA;</system-err>
          </testcase>
          <testcase name="[It] SizingPolicy Not existing virtual machine class When virtual machine with label map[vm:not-existing-vmclass-with-changing] in phase Pending checks VM phase and condition status after changing" classname="Tests" status="skipped" time="0">
              <skipped message="skipped - Spec skipped because an earlier spec in an ordered container failed"></skipped>
              <system-err>[SKIPPED] Spec skipped because an earlier spec in an ordered container failed&#xA;In [It] at: /Users/antont/ansible_deckhouse/virtualization-full/tests/e2e/sizing_policy_test.go:163 @ 10/08/25 22:26:10.855&#xA;</system-err>
          </testcase>
          <testcase name="[It] SizingPolicy Not existing virtual machine class When virtual machine with label map[vm:not-existing-vmclass-with-creating] in phase Pending checks condition status before creating `VirtualMachineClass`" classname="Tests" status="skipped" time="0">
              <skipped message="skipped - Spec skipped because an earlier spec in an ordered container failed"></skipped>
              <system-err>[SKIPPED] Spec skipped because an earlier spec in an ordered container failed&#xA;In [It] at: /Users/antont/ansible_deckhouse/virtualization-full/tests/e2e/sizing_policy_test.go:176 @ 10/08/25 22:26:10.855&#xA;</system-err>
          </testcase>
          <testcase name="[It] SizingPolicy Not existing virtual machine class When virtual machine with label map[vm:not-existing-vmclass-with-creating] in phase Pending changes VMClassName in VM specification with not existing VMClass which have correct prefix for creating" classname="Tests" status="skipped" time="0">
              <skipped message="skipped - Spec skipped because an earlier spec in an ordered container failed"></skipped>
              <system-err>[SKIPPED] Spec skipped because an earlier spec in an ordered container failed&#xA;In [It] at: /Users/antont/ansible_deckhouse/virtualization-full/tests/e2e/sizing_policy_test.go:181 @ 10/08/25 22:26:10.855&#xA;</system-err>
          </testcase>
          <testcase name="[It] SizingPolicy Not existing virtual machine class When virtual machine with label map[vm:not-existing-vmclass-with-creating] in phase Pending creates new `VirtualMachineClass`" classname="Tests" status="skipped" time="0">
              <skipped message="skipped - Spec skipped because an earlier spec in an ordered container failed"></skipped>
              <system-err>[SKIPPED] Spec skipped because an earlier spec in an ordered container failed&#xA;In [It] at: /Users/antont/ansible_deckhouse/virtualization-full/tests/e2e/sizing_policy_test.go:187 @ 10/08/25 22:26:10.855&#xA;</system-err>
          </testcase>
          <testcase name="[It] SizingPolicy Not existing virtual machine class When virtual machine with label map[vm:not-existing-vmclass-with-creating] in phase Pending checks VM phase and condition after creating" classname="Tests" status="skipped" time="0">
              <skipped message="skipped - Spec skipped because an earlier spec in an ordered container failed"></skipped>
              <system-err>[SKIPPED] Spec skipped because an earlier spec in an ordered container failed&#xA;In [It] at: /Users/antont/ansible_deckhouse/virtualization-full/tests/e2e/sizing_policy_test.go:202 @ 10/08/25 22:26:10.855&#xA;</system-err>
          </testcase>
          <testcase name="[It] SizingPolicy When virtual machines in phase Running checks sizing policy match" classname="Tests" status="skipped" time="0">
              <skipped message="skipped - Spec skipped because an earlier spec in an ordered container failed"></skipped>
              <system-err>[SKIPPED] Spec skipped because an earlier spec in an ordered container failed&#xA;In [It] at: /Users/antont/ansible_deckhouse/virtualization-full/tests/e2e/sizing_policy_test.go:216 @ 10/08/25 22:26:10.855&#xA;</system-err>
          </testcase>
          <testcase name="[It] SizingPolicy When test is completed deletes test case resources" classname="Tests" status="skipped" time="0">
              <skipped message="skipped - Spec skipped because an earlier spec in an ordered container failed"></skipped>
              <system-err>[SKIPPED] Spec skipped because an earlier spec in an ordered container failed&#xA;In [It] at: /Users/antont/ansible_deckhouse/virtualization-full/tests/e2e/sizing_policy_test.go:240 @ 10/08/25 22:26:10.855&#xA;</system-err>
          </testcase>
          <testcase name="[It] VirtualMachineAffinityAndToleration When the virtualization resources are applied: result should be succeeded" classname="Tests" status="failed" time="0.066718334">
              <failure message="kubectl create namespace head-45bdb83d-end-to-end-affinity-toleration&#xA;Unexpected error:&#xA;    &lt;*exec.ExitError | 0x14000502040&gt;: &#xA;    exit status 1&#xA;    {&#xA;        ProcessState: {&#xA;            pid: 54924,&#xA;            status: 256,&#xA;            rusage: {&#xA;                Utime: {&#xA;                    Sec: 0,&#xA;                    Usec: 21780,&#xA;                    Pad_cgo_0: [0, 0, 0, 0],&#xA;                },&#xA;                Stime: {&#xA;                    Sec: 0,&#xA;                    Usec: 8332,&#xA;                    Pad_cgo_0: [0, 0, 0, 0],&#xA;                },&#xA;                Maxrss: 45121536,&#xA;                Ixrss: 0,&#xA;                Idrss: 0,&#xA;                Isrss: 0,&#xA;                Minflt: 3565,&#xA;                Majflt: 3,&#xA;                Nswap: 0,&#xA;                Inblock: 0,&#xA;                Oublock: 0,&#xA;                Msgsnd: 9,&#xA;                Msgrcv: 9,&#xA;                Nsignals: 54,&#xA;                Nvcsw: 23,&#xA;                Nivcsw: 518,&#xA;            },&#xA;        },&#xA;        Stderr: nil,&#xA;    }&#xA;occurred" type="failed">[FAILED] kubectl create namespace head-45bdb83d-end-to-end-affinity-toleration&#xA;Unexpected error:&#xA;    &lt;*exec.ExitError | 0x14000502040&gt;: &#xA;    exit status 1&#xA;    {&#xA;        ProcessState: {&#xA;            pid: 54924,&#xA;            status: 256,&#xA;            rusage: {&#xA;                Utime: {&#xA;                    Sec: 0,&#xA;                    Usec: 21780,&#xA;                    Pad_cgo_0: [0, 0, 0, 0],&#xA;                },&#xA;                Stime: {&#xA;                    Sec: 0,&#xA;                    Usec: 8332,&#xA;                    Pad_cgo_0: [0, 0, 0, 0],&#xA;                },&#xA;                Maxrss: 45121536,&#xA;                Ixrss: 0,&#xA;                Idrss: 0,&#xA;                Isrss: 0,&#xA;                Minflt: 3565,&#xA;                Majflt: 3,&#xA;                Nswap: 0,&#xA;                Inblock: 0,&#xA;                Oublock: 0,&#xA;                Msgsnd: 9,&#xA;                Msgrcv: 9,&#xA;                Nsignals: 54,&#xA;                Nvcsw: 23,&#xA;                Nivcsw: 518,&#xA;            },&#xA;        },&#xA;        Stderr: nil,&#xA;    }&#xA;occurred&#xA;In [BeforeAll] at: /Users/antont/ansible_deckhouse/virtualization-full/tests/e2e/affinity_toleration_test.go:69 @ 10/08/25 22:26:10.884&#xA;</failure>
              <system-err>&gt; Enter [BeforeAll] VirtualMachineAffinityAndToleration - /Users/antont/ansible_deckhouse/virtualization-full/tests/e2e/affinity_toleration_test.go:59 @ 10/08/25 22:26:10.855&#xA;[FAILED] kubectl create namespace head-45bdb83d-end-to-end-affinity-toleration&#xA;Unexpected error:&#xA;    &lt;*exec.ExitError | 0x14000502040&gt;: &#xA;    exit status 1&#xA;    {&#xA;        ProcessState: {&#xA;            pid: 54924,&#xA;            status: 256,&#xA;            rusage: {&#xA;                Utime: {&#xA;                    Sec: 0,&#xA;                    Usec: 21780,&#xA;                    Pad_cgo_0: [0, 0, 0, 0],&#xA;                },&#xA;                Stime: {&#xA;                    Sec: 0,&#xA;                    Usec: 8332,&#xA;                    Pad_cgo_0: [0, 0, 0, 0],&#xA;                },&#xA;                Maxrss: 45121536,&#xA;                Ixrss: 0,&#xA;                Idrss: 0,&#xA;                Isrss: 0,&#xA;                Minflt: 3565,&#xA;                Majflt: 3,&#xA;                Nswap: 0,&#xA;                Inblock: 0,&#xA;                Oublock: 0,&#xA;                Msgsnd: 9,&#xA;                Msgrcv: 9,&#xA;                Nsignals: 54,&#xA;                Nvcsw: 23,&#xA;                Nivcsw: 518,&#xA;            },&#xA;        },&#xA;        Stderr: nil,&#xA;    }&#xA;occurred&#xA;In [BeforeAll] at: /Users/antont/ansible_deckhouse/virtualization-full/tests/e2e/affinity_toleration_test.go:69 @ 10/08/25 22:26:10.884&#xA;&lt; Exit [BeforeAll] VirtualMachineAffinityAndToleration - /Users/antont/ansible_deckhouse/virtualization-full/tests/e2e/affinity_toleration_test.go:59 @ 10/08/25 22:26:10.884 (28ms)&#xA;&gt; Enter [AfterEach] VirtualMachineAffinityAndToleration - /Users/antont/ansible_deckhouse/virtualization-full/tests/e2e/affinity_toleration_test.go:72 @ 10/08/25 22:26:10.884&#xA;Get resources error:&#xA;cmd: kubectl get virtualization,intvirt,po,volumesnapshot -A -o yaml -l &#39;testcase=affinity-toleration&#39;&#xA;error: exit status 1&#xA;stderr: E1008 22:26:10.909598   54925 memcache.go:265] &#34;Unhandled Error&#34; err=&#34;couldn&#39;t get current server API group list: Get \&#34;http://localhost:8080/api?timeout=32s\&#34;: dial tcp [::1]:8080: connect: connection refused&#34;&#xA;E1008 22:26:10.911149   54925 memcache.go:265] &#34;Unhandled Error&#34; err=&#34;couldn&#39;t get current server API group list: Get \&#34;http://localhost:8080/api?timeout=32s\&#34;: dial tcp [::1]:8080: connect: connection refused&#34;&#xA;E1008 22:26:10.912651   54925 memcache.go:265] &#34;Unhandled Error&#34; err=&#34;couldn&#39;t get current server API group list: Get \&#34;http://localhost:8080/api?timeout=32s\&#34;: dial tcp [::1]:8080: connect: connection refused&#34;&#xA;E1008 22:26:10.914142   54925 memcache.go:265] &#34;Unhandled Error&#34; err=&#34;couldn&#39;t get current server API group list: Get \&#34;http://localhost:8080/api?timeout=32s\&#34;: dial tcp [::1]:8080: connect: connection refused&#34;&#xA;E1008 22:26:10.915597   54925 memcache.go:265] &#34;Unhandled Error&#34; err=&#34;couldn&#39;t get current server API group list: Get \&#34;http://localhost:8080/api?timeout=32s\&#34;: dial tcp [::1]:8080: connect: connection refused&#34;&#xA;E1008 22:26:10.917045   54925 memcache.go:265] &#34;Unhandled Error&#34; err=&#34;couldn&#39;t get current server API group list: Get \&#34;http://localhost:8080/api?timeout=32s\&#34;: dial tcp [::1]:8080: connect: connection refused&#34;&#xA;E1008 22:26:10.918541   54925 memcache.go:265] &#34;Unhandled Error&#34; err=&#34;couldn&#39;t get current server API group list: Get \&#34;http://localhost:8080/api?timeout=32s\&#34;: dial tcp [::1]:8080: connect: connection refused&#34;&#xA;E1008 22:26:10.919984   54925 memcache.go:265] &#34;Unhandled Error&#34; err=&#34;couldn&#39;t get current server API group list: Get \&#34;http://localhost:8080/api?timeout=32s\&#34;: dial tcp [::1]:8080: connect: connection refused&#34;&#xA;The connection to the server localhost:8080 was refused - did you specify the right host or port?&#xA;&#xA;&#xA;&lt; Exit [AfterEach] VirtualMachineAffinityAndToleration - /Users/antont/ansible_deckhouse/virtualization-full/tests/e2e/affinity_toleration_test.go:72 @ 10/08/25 22:26:10.922 (38ms)&#xA;</system-err>
          </testcase>
          <testcase name="[It] VirtualMachineAffinityAndToleration When the virtualization resources are applied: checks the resources phase" classname="Tests" status="skipped" time="0">
              <skipped message="skipped - Spec skipped because an earlier spec in an ordered container failed"></skipped>
              <system-err>[SKIPPED] Spec skipped because an earlier spec in an ordered container failed&#xA;In [It] at: /Users/antont/ansible_deckhouse/virtualization-full/tests/e2e/affinity_toleration_test.go:87 @ 10/08/25 22:26:10.922&#xA;</system-err>
          </testcase>
          <testcase name="[It] VirtualMachineAffinityAndToleration When the virtual machines agents are ready checks the `status.nodeName` field of the `VirtualMachines`" classname="Tests" status="skipped" time="0">
              <skipped message="skipped - Spec skipped because an earlier spec in an ordered container failed"></skipped>
              <system-err>[SKIPPED] Spec skipped because an earlier spec in an ordered container failed&#xA;In [It] at: /Users/antont/ansible_deckhouse/virtualization-full/tests/e2e/affinity_toleration_test.go:120 @ 10/08/25 22:26:10.922&#xA;</system-err>
          </testcase>
          <testcase name="[It] VirtualMachineAffinityAndToleration When the virtual machine `node-selector` agent is ready sets the `spec.nodeSelector` field" classname="Tests" status="skipped" time="0">
              <skipped message="skipped - Spec skipped because an earlier spec in an ordered container failed"></skipped>
              <system-err>[SKIPPED] Spec skipped because an earlier spec in an ordered container failed&#xA;In [It] at: /Users/antont/ansible_deckhouse/virtualization-full/tests/e2e/affinity_toleration_test.go:283 @ 10/08/25 22:26:10.922&#xA;</system-err>
          </testcase>
          <testcase name="[It] VirtualMachineAffinityAndToleration When the virtual machine `node-affinity` agent is ready sets the `spec.affinity.nodeAffinity` field" classname="Tests" status="skipped" time="0">
              <skipped message="skipped - Spec skipped because an earlier spec in an ordered container failed"></skipped>
              <system-err>[SKIPPED] Spec skipped because an earlier spec in an ordered container failed&#xA;In [It] at: /Users/antont/ansible_deckhouse/virtualization-full/tests/e2e/affinity_toleration_test.go:372 @ 10/08/25 22:26:10.922&#xA;</system-err>
          </testcase>
          <testcase name="[It] VirtualMachineAffinityAndToleration When test is completed deletes test case resources" classname="Tests" status="skipped" time="0">
              <skipped message="skipped - Spec skipped because an earlier spec in an ordered container failed"></skipped>
              <system-err>[SKIPPED] Spec skipped because an earlier spec in an ordered container failed&#xA;In [It] at: /Users/antont/ansible_deckhouse/virtualization-full/tests/e2e/affinity_toleration_test.go:467 @ 10/08/25 22:26:10.922&#xA;</system-err>
          </testcase>
          <testcase name="[It] ImageHotplug When the virtualization resources are applied result should be succeeded" classname="Tests" status="failed" time="0.077664416">
              <failure message="Unexpected error:&#xA;    &lt;*exec.ExitError | 0x14000502440&gt;: &#xA;    exit status 1&#xA;    {&#xA;        ProcessState: {&#xA;            pid: 54926,&#xA;            status: 256,&#xA;            rusage: {&#xA;                Utime: {&#xA;                    Sec: 0,&#xA;                    Usec: 22319,&#xA;                    Pad_cgo_0: [0, 0, 0, 0],&#xA;                },&#xA;                Stime: {&#xA;                    Sec: 0,&#xA;                    Usec: 9554,&#xA;                    Pad_cgo_0: [0, 0, 0, 0],&#xA;                },&#xA;                Maxrss: 45154304,&#xA;                Ixrss: 0,&#xA;                Idrss: 0,&#xA;                Isrss: 0,&#xA;                Minflt: 3566,&#xA;                Majflt: 3,&#xA;                Nswap: 0,&#xA;                Inblock: 0,&#xA;                Oublock: 0,&#xA;                Msgsnd: 45,&#xA;                Msgrcv: 45,&#xA;                Nsignals: 59,&#xA;                Nvcsw: 51,&#xA;                Nivcsw: 690,&#xA;            },&#xA;        },&#xA;        Stderr: nil,&#xA;    }&#xA;occurred" type="failed">[FAILED] Unexpected error:&#xA;    &lt;*exec.ExitError | 0x14000502440&gt;: &#xA;    exit status 1&#xA;    {&#xA;        ProcessState: {&#xA;            pid: 54926,&#xA;            status: 256,&#xA;            rusage: {&#xA;                Utime: {&#xA;                    Sec: 0,&#xA;                    Usec: 22319,&#xA;                    Pad_cgo_0: [0, 0, 0, 0],&#xA;                },&#xA;                Stime: {&#xA;                    Sec: 0,&#xA;                    Usec: 9554,&#xA;                    Pad_cgo_0: [0, 0, 0, 0],&#xA;                },&#xA;                Maxrss: 45154304,&#xA;                Ixrss: 0,&#xA;                Idrss: 0,&#xA;                Isrss: 0,&#xA;                Minflt: 3566,&#xA;                Majflt: 3,&#xA;                Nswap: 0,&#xA;                Inblock: 0,&#xA;                Oublock: 0,&#xA;                Msgsnd: 45,&#xA;                Msgrcv: 45,&#xA;                Nsignals: 59,&#xA;                Nvcsw: 51,&#xA;                Nivcsw: 690,&#xA;            },&#xA;        },&#xA;        Stderr: nil,&#xA;    }&#xA;occurred&#xA;In [BeforeAll] at: /Users/antont/ansible_deckhouse/virtualization-full/tests/e2e/image_hotplug_test.go:65 @ 10/08/25 22:26:10.959&#xA;</failure>
              <system-err>&gt; Enter [BeforeAll] ImageHotplug - /Users/antont/ansible_deckhouse/virtualization-full/tests/e2e/image_hotplug_test.go:54 @ 10/08/25 22:26:10.922&#xA;[FAILED] Unexpected error:&#xA;    &lt;*exec.ExitError | 0x14000502440&gt;: &#xA;    exit status 1&#xA;    {&#xA;        ProcessState: {&#xA;            pid: 54926,&#xA;            status: 256,&#xA;            rusage: {&#xA;                Utime: {&#xA;                    Sec: 0,&#xA;                    Usec: 22319,&#xA;                    Pad_cgo_0: [0, 0, 0, 0],&#xA;                },&#xA;                Stime: {&#xA;                    Sec: 0,&#xA;                    Usec: 9554,&#xA;                    Pad_cgo_0: [0, 0, 0, 0],&#xA;                },&#xA;                Maxrss: 45154304,&#xA;                Ixrss: 0,&#xA;                Idrss: 0,&#xA;                Isrss: 0,&#xA;                Minflt: 3566,&#xA;                Majflt: 3,&#xA;                Nswap: 0,&#xA;                Inblock: 0,&#xA;                Oublock: 0,&#xA;                Msgsnd: 45,&#xA;                Msgrcv: 45,&#xA;                Nsignals: 59,&#xA;                Nvcsw: 51,&#xA;                Nivcsw: 690,&#xA;            },&#xA;        },&#xA;        Stderr: nil,&#xA;    }&#xA;occurred&#xA;In [BeforeAll] at: /Users/antont/ansible_deckhouse/virtualization-full/tests/e2e/image_hotplug_test.go:65 @ 10/08/25 22:26:10.959&#xA;&lt; Exit [BeforeAll] ImageHotplug - /Users/antont/ansible_deckhouse/virtualization-full/tests/e2e/image_hotplug_test.go:54 @ 10/08/25 22:26:10.959 (37ms)&#xA;&gt; Enter [AfterEach] ImageHotplug - /Users/antont/ansible_deckhouse/virtualization-full/tests/e2e/image_hotplug_test.go:70 @ 10/08/25 22:26:10.959&#xA;Get resources error:&#xA;cmd: kubectl get virtualization,intvirt,po,volumesnapshot -A -o yaml -l &#39;testcase=image-hotplug&#39;&#xA;error: exit status 1&#xA;stderr: E1008 22:26:10.987502   54927 memcache.go:265] &#34;Unhandled Error&#34; err=&#34;couldn&#39;t get current server API group list: Get \&#34;http://localhost:8080/api?timeout=32s\&#34;: dial tcp [::1]:8080: connect: connection refused&#34;&#xA;E1008 22:26:10.989148   54927 memcache.go:265] &#34;Unhandled Error&#34; err=&#34;couldn&#39;t get current server API group list: Get \&#34;http://localhost:8080/api?timeout=32s\&#34;: dial tcp [::1]:8080: connect: connection refused&#34;&#xA;E1008 22:26:10.990666   54927 memcache.go:265] &#34;Unhandled Error&#34; err=&#34;couldn&#39;t get current server API group list: Get \&#34;http://localhost:8080/api?timeout=32s\&#34;: dial tcp [::1]:8080: connect: connection refused&#34;&#xA;E1008 22:26:10.992187   54927 memcache.go:265] &#34;Unhandled Error&#34; err=&#34;couldn&#39;t get current server API group list: Get \&#34;http://localhost:8080/api?timeout=32s\&#34;: dial tcp [::1]:8080: connect: connection refused&#34;&#xA;E1008 22:26:10.993636   54927 memcache.go:265] &#34;Unhandled Error&#34; err=&#34;couldn&#39;t get current server API group list: Get \&#34;http://localhost:8080/api?timeout=32s\&#34;: dial tcp [::1]:8080: connect: connection refused&#34;&#xA;E1008 22:26:10.995125   54927 memcache.go:265] &#34;Unhandled Error&#34; err=&#34;couldn&#39;t get current server API group list: Get \&#34;http://localhost:8080/api?timeout=32s\&#34;: dial tcp [::1]:8080: connect: connection refused&#34;&#xA;E1008 22:26:10.996541   54927 memcache.go:265] &#34;Unhandled Error&#34; err=&#34;couldn&#39;t get current server API group list: Get \&#34;http://localhost:8080/api?timeout=32s\&#34;: dial tcp [::1]:8080: connect: connection refused&#34;&#xA;E1008 22:26:10.997949   54927 memcache.go:265] &#34;Unhandled Error&#34; err=&#34;couldn&#39;t get current server API group list: Get \&#34;http://localhost:8080/api?timeout=32s\&#34;: dial tcp [::1]:8080: connect: connection refused&#34;&#xA;The connection to the server localhost:8080 was refused - did you specify the right host or port?&#xA;&#xA;&#xA;&lt; Exit [AfterEach] ImageHotplug - /Users/antont/ansible_deckhouse/virtualization-full/tests/e2e/image_hotplug_test.go:70 @ 10/08/25 22:26:11 (40ms)&#xA;</system-err>
          </testcase>
          <testcase name="[It] ImageHotplug When the virtualization resources are applied checks the resources phase" classname="Tests" status="skipped" time="0">
              <skipped message="skipped - Spec skipped because an earlier spec in an ordered container failed"></skipped>
              <system-err>[SKIPPED] Spec skipped because an earlier spec in an ordered container failed&#xA;In [It] at: /Users/antont/ansible_deckhouse/virtualization-full/tests/e2e/image_hotplug_test.go:112 @ 10/08/25 22:26:11&#xA;</system-err>
          </testcase>
          <testcase name="[It] ImageHotplug When the resources are ready to use retrieves the test objects" classname="Tests" status="skipped" time="0">
              <skipped message="skipped - Spec skipped because an earlier spec in an ordered container failed"></skipped>
              <system-err>[SKIPPED] Spec skipped because an earlier spec in an ordered container failed&#xA;In [It] at: /Users/antont/ansible_deckhouse/virtualization-full/tests/e2e/image_hotplug_test.go:147 @ 10/08/25 22:26:11&#xA;</system-err>
          </testcase>
          <testcase name="[It] ImageHotplug When the resources are ready to use retrieves the disk count before the images attachment" classname="Tests" status="skipped" time="0">
              <skipped message="skipped - Spec skipped because an earlier spec in an ordered container failed"></skipped>
              <system-err>[SKIPPED] Spec skipped because an earlier spec in an ordered container failed&#xA;In [It] at: /Users/antont/ansible_deckhouse/virtualization-full/tests/e2e/image_hotplug_test.go:190 @ 10/08/25 22:26:11&#xA;</system-err>
          </testcase>
          <testcase name="[It] ImageHotplug When the resources are ready to use attaches the images into the `VirtualMachine`" classname="Tests" status="skipped" time="0">
              <skipped message="skipped - Spec skipped because an earlier spec in an ordered container failed"></skipped>
              <system-err>[SKIPPED] Spec skipped because an earlier spec in an ordered container failed&#xA;In [It] at: /Users/antont/ansible_deckhouse/virtualization-full/tests/e2e/image_hotplug_test.go:196 @ 10/08/25 22:26:11&#xA;</system-err>
          </testcase>
          <testcase name="[It] ImageHotplug When the resources are ready to use checks the `VirtualMachine` and the `VirtualMachineBlockDeviceAttachments` phases" classname="Tests" status="skipped" time="0">
              <skipped message="skipped - Spec skipped because an earlier spec in an ordered container failed"></skipped>
              <system-err>[SKIPPED] Spec skipped because an earlier spec in an ordered container failed&#xA;In [It] at: /Users/antont/ansible_deckhouse/virtualization-full/tests/e2e/image_hotplug_test.go:204 @ 10/08/25 22:26:11&#xA;</system-err>
          </testcase>
          <testcase name="[It] ImageHotplug When the resources are ready to use compares the disk count before and after attachment" classname="Tests" status="skipped" time="0">
              <skipped message="skipped - Spec skipped because an earlier spec in an ordered container failed"></skipped>
              <system-err>[SKIPPED] Spec skipped because an earlier spec in an ordered container failed&#xA;In [It] at: /Users/antont/ansible_deckhouse/virtualization-full/tests/e2e/image_hotplug_test.go:224 @ 10/08/25 22:26:11&#xA;</system-err>
          </testcase>
          <testcase name="[It] ImageHotplug When the resources are ready to use checks that the `ISO` image is attached as `CD-ROM`" classname="Tests" status="skipped" time="0">
              <skipped message="skipped - Spec skipped because an earlier spec in an ordered container failed"></skipped>
              <system-err>[SKIPPED] Spec skipped because an earlier spec in an ordered container failed&#xA;In [It] at: /Users/antont/ansible_deckhouse/virtualization-full/tests/e2e/image_hotplug_test.go:236 @ 10/08/25 22:26:11&#xA;</system-err>
          </testcase>
          <testcase name="[It] ImageHotplug When the resources are ready to use check that the images are attached as the `ReadOnly` devices" classname="Tests" status="skipped" time="0">
              <skipped message="skipped - Spec skipped because an earlier spec in an ordered container failed"></skipped>
              <system-err>[SKIPPED] Spec skipped because an earlier spec in an ordered container failed&#xA;In [It] at: /Users/antont/ansible_deckhouse/virtualization-full/tests/e2e/image_hotplug_test.go:258 @ 10/08/25 22:26:11&#xA;</system-err>
          </testcase>
          <testcase name="[It] ImageHotplug When the resources are ready to use detaches the images" classname="Tests" status="skipped" time="0">
              <skipped message="skipped - Spec skipped because an earlier spec in an ordered container failed"></skipped>
              <system-err>[SKIPPED] Spec skipped because an earlier spec in an ordered container failed&#xA;In [It] at: /Users/antont/ansible_deckhouse/virtualization-full/tests/e2e/image_hotplug_test.go:284 @ 10/08/25 22:26:11&#xA;</system-err>
          </testcase>
          <testcase name="[It] ImageHotplug When the resources are ready to use compares the disk count after detachment" classname="Tests" status="skipped" time="0">
              <skipped message="skipped - Spec skipped because an earlier spec in an ordered container failed"></skipped>
              <system-err>[SKIPPED] Spec skipped because an earlier spec in an ordered container failed&#xA;In [It] at: /Users/antont/ansible_deckhouse/virtualization-full/tests/e2e/image_hotplug_test.go:294 @ 10/08/25 22:26:11&#xA;</system-err>
          </testcase>
          <testcase name="[It] ImageHotplug When test is completed deletes test case resources" classname="Tests" status="skipped" time="0">
              <skipped message="skipped - Spec skipped because an earlier spec in an ordered container failed"></skipped>
              <system-err>[SKIPPED] Spec skipped because an earlier spec in an ordered container failed&#xA;In [It] at: /Users/antont/ansible_deckhouse/virtualization-full/tests/e2e/image_hotplug_test.go:309 @ 10/08/25 22:26:11&#xA;</system-err>
          </testcase>
          <testcase name="[It] [sig-storage] Volume migration when storage class changed should be successful when only root disk changed storage class [SIG-Storage]" classname="Tests" status="skipped" time="9.9583e-05">
              <skipped message="skipped - This test case is not working everytime. Should be fixed."></skipped>
              <system-err>&gt; Enter [BeforeEach] [sig-storage] Volume migration when storage class changed - /Users/antont/ansible_deckhouse/virtualization-full/tests/e2e/storage/volume_migration_storage_class_changed.go:50 @ 10/08/25 22:26:11&#xA;[SKIPPED] This test case is not working everytime. Should be fixed.&#xA;In [BeforeEach] at: /Users/antont/ansible_deckhouse/virtualization-full/tests/e2e/storage/volume_migration_storage_class_changed.go:52 @ 10/08/25 22:26:11&#xA;&lt; Exit [BeforeEach] [sig-storage] Volume migration when storage class changed - /Users/antont/ansible_deckhouse/virtualization-full/tests/e2e/storage/volume_migration_storage_class_changed.go:50 @ 10/08/25 22:26:11 (0s)&#xA;</system-err>
          </testcase>
          <testcase name="[It] [sig-storage] Volume migration when storage class changed should be successful when root disk changed storage class and one local additional disk [SIG-Storage]" classname="Tests" status="skipped" time="0.000102875">
              <skipped message="skipped - This test case is not working everytime. Should be fixed."></skipped>
              <system-err>&gt; Enter [BeforeEach] [sig-storage] Volume migration when storage class changed - /Users/antont/ansible_deckhouse/virtualization-full/tests/e2e/storage/volume_migration_storage_class_changed.go:50 @ 10/08/25 22:26:11.001&#xA;[SKIPPED] This test case is not working everytime. Should be fixed.&#xA;In [BeforeEach] at: /Users/antont/ansible_deckhouse/virtualization-full/tests/e2e/storage/volume_migration_storage_class_changed.go:52 @ 10/08/25 22:26:11.001&#xA;&lt; Exit [BeforeEach] [sig-storage] Volume migration when storage class changed - /Users/antont/ansible_deckhouse/virtualization-full/tests/e2e/storage/volume_migration_storage_class_changed.go:50 @ 10/08/25 22:26:11.001 (0s)&#xA;</system-err>
          </testcase>
          <testcase name="[It] [sig-storage] Volume migration when storage class changed should be successful when root disk changed storage class and one additional disk [SIG-Storage]" classname="Tests" status="skipped" time="0.000106333">
              <skipped message="skipped - This test case is not working everytime. Should be fixed."></skipped>
              <system-err>&gt; Enter [BeforeEach] [sig-storage] Volume migration when storage class changed - /Users/antont/ansible_deckhouse/virtualization-full/tests/e2e/storage/volume_migration_storage_class_changed.go:50 @ 10/08/25 22:26:11.001&#xA;[SKIPPED] This test case is not working everytime. Should be fixed.&#xA;In [BeforeEach] at: /Users/antont/ansible_deckhouse/virtualization-full/tests/e2e/storage/volume_migration_storage_class_changed.go:52 @ 10/08/25 22:26:11.001&#xA;&lt; Exit [BeforeEach] [sig-storage] Volume migration when storage class changed - /Users/antont/ansible_deckhouse/virtualization-full/tests/e2e/storage/volume_migration_storage_class_changed.go:50 @ 10/08/25 22:26:11.001 (0s)&#xA;</system-err>
          </testcase>
          <testcase name="[It] [sig-storage] Volume migration when storage class changed should be successful when only additional disk changed storage class [SIG-Storage]" classname="Tests" status="skipped" time="5.6625e-05">
              <skipped message="skipped - This test case is not working everytime. Should be fixed."></skipped>
              <system-err>&gt; Enter [BeforeEach] [sig-storage] Volume migration when storage class changed - /Users/antont/ansible_deckhouse/virtualization-full/tests/e2e/storage/volume_migration_storage_class_changed.go:50 @ 10/08/25 22:26:11.001&#xA;[SKIPPED] This test case is not working everytime. Should be fixed.&#xA;In [BeforeEach] at: /Users/antont/ansible_deckhouse/virtualization-full/tests/e2e/storage/volume_migration_storage_class_changed.go:52 @ 10/08/25 22:26:11.001&#xA;&lt; Exit [BeforeEach] [sig-storage] Volume migration when storage class changed - /Users/antont/ansible_deckhouse/virtualization-full/tests/e2e/storage/volume_migration_storage_class_changed.go:50 @ 10/08/25 22:26:11.001 (0s)&#xA;</system-err>
          </testcase>
          <testcase name="[It] [sig-storage] Volume migration when storage class changed should be reverted when only root disk changed storage class [SIG-Storage]" classname="Tests" status="skipped" time="4.6958e-05">
              <skipped message="skipped - This test case is not working everytime. Should be fixed."></skipped>
              <system-err>&gt; Enter [BeforeEach] [sig-storage] Volume migration when storage class changed - /Users/antont/ansible_deckhouse/virtualization-full/tests/e2e/storage/volume_migration_storage_class_changed.go:50 @ 10/08/25 22:26:11.001&#xA;[SKIPPED] This test case is not working everytime. Should be fixed.&#xA;In [BeforeEach] at: /Users/antont/ansible_deckhouse/virtualization-full/tests/e2e/storage/volume_migration_storage_class_changed.go:52 @ 10/08/25 22:26:11.001&#xA;&lt; Exit [BeforeEach] [sig-storage] Volume migration when storage class changed - /Users/antont/ansible_deckhouse/virtualization-full/tests/e2e/storage/volume_migration_storage_class_changed.go:50 @ 10/08/25 22:26:11.001 (0s)&#xA;</system-err>
          </testcase>
          <testcase name="[It] [sig-storage] Volume migration when storage class changed should be reverted when root disk changed storage class and one local additional disk [SIG-Storage]" classname="Tests" status="skipped" time="5.075e-05">
              <skipped message="skipped - This test case is not working everytime. Should be fixed."></skipped>
              <system-err>&gt; Enter [BeforeEach] [sig-storage] Volume migration when storage class changed - /Users/antont/ansible_deckhouse/virtualization-full/tests/e2e/storage/volume_migration_storage_class_changed.go:50 @ 10/08/25 22:26:11.001&#xA;[SKIPPED] This test case is not working everytime. Should be fixed.&#xA;In [BeforeEach] at: /Users/antont/ansible_deckhouse/virtualization-full/tests/e2e/storage/volume_migration_storage_class_changed.go:52 @ 10/08/25 22:26:11.001&#xA;&lt; Exit [BeforeEach] [sig-storage] Volume migration when storage class changed - /Users/antont/ansible_deckhouse/virtualization-full/tests/e2e/storage/volume_migration_storage_class_changed.go:50 @ 10/08/25 22:26:11.001 (0s)&#xA;</system-err>
          </testcase>
          <testcase name="[It] [sig-storage] Volume migration when storage class changed should be reverted when root disk changed storage class and one additional disk [SIG-Storage]" classname="Tests" status="skipped" time="4.8916e-05">
              <skipped message="skipped - This test case is not working everytime. Should be fixed."></skipped>
              <system-err>&gt; Enter [BeforeEach] [sig-storage] Volume migration when storage class changed - /Users/antont/ansible_deckhouse/virtualization-full/tests/e2e/storage/volume_migration_storage_class_changed.go:50 @ 10/08/25 22:26:11.001&#xA;[SKIPPED] This test case is not working everytime. Should be fixed.&#xA;In [BeforeEach] at: /Users/antont/ansible_deckhouse/virtualization-full/tests/e2e/storage/volume_migration_storage_class_changed.go:52 @ 10/08/25 22:26:11.001&#xA;&lt; Exit [BeforeEach] [sig-storage] Volume migration when storage class changed - /Users/antont/ansible_deckhouse/virtualization-full/tests/e2e/storage/volume_migration_storage_class_changed.go:50 @ 10/08/25 22:26:11.001 (0s)&#xA;</system-err>
          </testcase>
          <testcase name="[It] [sig-storage] Volume migration when storage class changed should be reverted when only additional disk changed storage class [SIG-Storage]" classname="Tests" status="skipped" time="5.0291e-05">
              <skipped message="skipped - This test case is not working everytime. Should be fixed."></skipped>
              <system-err>&gt; Enter [BeforeEach] [sig-storage] Volume migration when storage class changed - /Users/antont/ansible_deckhouse/virtualization-full/tests/e2e/storage/volume_migration_storage_class_changed.go:50 @ 10/08/25 22:26:11.001&#xA;[SKIPPED] This test case is not working everytime. Should be fixed.&#xA;In [BeforeEach] at: /Users/antont/ansible_deckhouse/virtualization-full/tests/e2e/storage/volume_migration_storage_class_changed.go:52 @ 10/08/25 22:26:11.001&#xA;&lt; Exit [BeforeEach] [sig-storage] Volume migration when storage class changed - /Users/antont/ansible_deckhouse/virtualization-full/tests/e2e/storage/volume_migration_storage_class_changed.go:50 @ 10/08/25 22:26:11.001 (0s)&#xA;</system-err>
          </testcase>
          <testcase name="[It] [sig-storage] Volume migration when storage class changed should be successful two migrations in a row [SIG-Storage]" classname="Tests" status="skipped" time="3.5375e-05">
              <skipped message="skipped - This test case is not working everytime. Should be fixed."></skipped>
              <system-err>&gt; Enter [BeforeEach] [sig-storage] Volume migration when storage class changed - /Users/antont/ansible_deckhouse/virtualization-full/tests/e2e/storage/volume_migration_storage_class_changed.go:50 @ 10/08/25 22:26:11.002&#xA;[SKIPPED] This test case is not working everytime. Should be fixed.&#xA;In [BeforeEach] at: /Users/antont/ansible_deckhouse/virtualization-full/tests/e2e/storage/volume_migration_storage_class_changed.go:52 @ 10/08/25 22:26:11.002&#xA;&lt; Exit [BeforeEach] [sig-storage] Volume migration when storage class changed - /Users/antont/ansible_deckhouse/virtualization-full/tests/e2e/storage/volume_migration_storage_class_changed.go:50 @ 10/08/25 22:26:11.002 (0s)&#xA;</system-err>
          </testcase>
          <testcase name="[It] VirtualMachineVersions When virtualization resources are applied: result should be succeeded" classname="Tests" status="failed" time="0.069234375">
              <failure message="kubectl create namespace head-45bdb83d-end-to-end-vm-versions&#xA;Unexpected error:&#xA;    &lt;*exec.ExitError | 0x14000716e40&gt;: &#xA;    exit status 1&#xA;    {&#xA;        ProcessState: {&#xA;            pid: 54928,&#xA;            status: 256,&#xA;            rusage: {&#xA;                Utime: {&#xA;                    Sec: 0,&#xA;                    Usec: 22968,&#xA;                    Pad_cgo_0: [0, 0, 0, 0],&#xA;                },&#xA;                Stime: {&#xA;                    Sec: 0,&#xA;                    Usec: 8432,&#xA;                    Pad_cgo_0: [0, 0, 0, 0],&#xA;                },&#xA;                Maxrss: 45285376,&#xA;                Ixrss: 0,&#xA;                Idrss: 0,&#xA;                Isrss: 0,&#xA;                Minflt: 3573,&#xA;                Majflt: 3,&#xA;                Nswap: 0,&#xA;                Inblock: 0,&#xA;                Oublock: 0,&#xA;                Msgsnd: 9,&#xA;                Msgrcv: 9,&#xA;                Nsignals: 53,&#xA;                Nvcsw: 31,&#xA;                Nivcsw: 530,&#xA;            },&#xA;        },&#xA;        Stderr: nil,&#xA;    }&#xA;occurred" type="failed">[FAILED] kubectl create namespace head-45bdb83d-end-to-end-vm-versions&#xA;Unexpected error:&#xA;    &lt;*exec.ExitError | 0x14000716e40&gt;: &#xA;    exit status 1&#xA;    {&#xA;        ProcessState: {&#xA;            pid: 54928,&#xA;            status: 256,&#xA;            rusage: {&#xA;                Utime: {&#xA;                    Sec: 0,&#xA;                    Usec: 22968,&#xA;                    Pad_cgo_0: [0, 0, 0, 0],&#xA;                },&#xA;                Stime: {&#xA;                    Sec: 0,&#xA;                    Usec: 8432,&#xA;                    Pad_cgo_0: [0, 0, 0, 0],&#xA;                },&#xA;                Maxrss: 45285376,&#xA;                Ixrss: 0,&#xA;                Idrss: 0,&#xA;                Isrss: 0,&#xA;                Minflt: 3573,&#xA;                Majflt: 3,&#xA;                Nswap: 0,&#xA;                Inblock: 0,&#xA;                Oublock: 0,&#xA;                Msgsnd: 9,&#xA;                Msgrcv: 9,&#xA;                Nsignals: 53,&#xA;                Nvcsw: 31,&#xA;                Nivcsw: 530,&#xA;            },&#xA;        },&#xA;        Stderr: nil,&#xA;    }&#xA;occurred&#xA;In [BeforeAll] at: /Users/antont/ansible_deckhouse/virtualization-full/tests/e2e/vm_version_test.go:41 @ 10/08/25 22:26:11.031&#xA;</failure>
              <system-err>&gt; Enter [BeforeAll] VirtualMachineVersions - /Users/antont/ansible_deckhouse/virtualization-full/tests/e2e/vm_version_test.go:35 @ 10/08/25 22:26:11.002&#xA;[FAILED] kubectl create namespace head-45bdb83d-end-to-end-vm-versions&#xA;Unexpected error:&#xA;    &lt;*exec.ExitError | 0x14000716e40&gt;: &#xA;    exit status 1&#xA;    {&#xA;        ProcessState: {&#xA;            pid: 54928,&#xA;            status: 256,&#xA;            rusage: {&#xA;                Utime: {&#xA;                    Sec: 0,&#xA;                    Usec: 22968,&#xA;                    Pad_cgo_0: [0, 0, 0, 0],&#xA;                },&#xA;                Stime: {&#xA;                    Sec: 0,&#xA;                    Usec: 8432,&#xA;                    Pad_cgo_0: [0, 0, 0, 0],&#xA;                },&#xA;                Maxrss: 45285376,&#xA;                Ixrss: 0,&#xA;                Idrss: 0,&#xA;                Isrss: 0,&#xA;                Minflt: 3573,&#xA;                Majflt: 3,&#xA;                Nswap: 0,&#xA;                Inblock: 0,&#xA;                Oublock: 0,&#xA;                Msgsnd: 9,&#xA;                Msgrcv: 9,&#xA;                Nsignals: 53,&#xA;                Nvcsw: 31,&#xA;                Nivcsw: 530,&#xA;            },&#xA;        },&#xA;        Stderr: nil,&#xA;    }&#xA;occurred&#xA;In [BeforeAll] at: /Users/antont/ansible_deckhouse/virtualization-full/tests/e2e/vm_version_test.go:41 @ 10/08/25 22:26:11.031&#xA;&lt; Exit [BeforeAll] VirtualMachineVersions - /Users/antont/ansible_deckhouse/virtualization-full/tests/e2e/vm_version_test.go:35 @ 10/08/25 22:26:11.031 (29ms)&#xA;&gt; Enter [AfterEach] VirtualMachineVersions - /Users/antont/ansible_deckhouse/virtualization-full/tests/e2e/vm_version_test.go:50 @ 10/08/25 22:26:11.031&#xA;Get resources error:&#xA;cmd: kubectl get virtualization,intvirt,po,volumesnapshot -A -o yaml -l &#39;testcase=vm-versions&#39;&#xA;error: exit status 1&#xA;stderr: E1008 22:26:11.058502   54929 memcache.go:265] &#34;Unhandled Error&#34; err=&#34;couldn&#39;t get current server API group list: Get \&#34;http://localhost:8080/api?timeout=32s\&#34;: dial tcp [::1]:8080: connect: connection refused&#34;&#xA;E1008 22:26:11.060115   54929 memcache.go:265] &#34;Unhandled Error&#34; err=&#34;couldn&#39;t get current server API group list: Get \&#34;http://localhost:8080/api?timeout=32s\&#34;: dial tcp [::1]:8080: connect: connection refused&#34;&#xA;E1008 22:26:11.061738   54929 memcache.go:265] &#34;Unhandled Error&#34; err=&#34;couldn&#39;t get current server API group list: Get \&#34;http://localhost:8080/api?timeout=32s\&#34;: dial tcp [::1]:8080: connect: connection refused&#34;&#xA;E1008 22:26:11.063214   54929 memcache.go:265] &#34;Unhandled Error&#34; err=&#34;couldn&#39;t get current server API group list: Get \&#34;http://localhost:8080/api?timeout=32s\&#34;: dial tcp [::1]:8080: connect: connection refused&#34;&#xA;E1008 22:26:11.064756   54929 memcache.go:265] &#34;Unhandled Error&#34; err=&#34;couldn&#39;t get current server API group list: Get \&#34;http://localhost:8080/api?timeout=32s\&#34;: dial tcp [::1]:8080: connect: connection refused&#34;&#xA;E1008 22:26:11.066185   54929 memcache.go:265] &#34;Unhandled Error&#34; err=&#34;couldn&#39;t get current server API group list: Get \&#34;http://localhost:8080/api?timeout=32s\&#34;: dial tcp [::1]:8080: connect: connection refused&#34;&#xA;E1008 22:26:11.067621   54929 memcache.go:265] &#34;Unhandled Error&#34; err=&#34;couldn&#39;t get current server API group list: Get \&#34;http://localhost:8080/api?timeout=32s\&#34;: dial tcp [::1]:8080: connect: connection refused&#34;&#xA;E1008 22:26:11.069038   54929 memcache.go:265] &#34;Unhandled Error&#34; err=&#34;couldn&#39;t get current server API group list: Get \&#34;http://localhost:8080/api?timeout=32s\&#34;: dial tcp [::1]:8080: connect: connection refused&#34;&#xA;The connection to the server localhost:8080 was refused - did you specify the right host or port?&#xA;&#xA;&#xA;&lt; Exit [AfterEach] VirtualMachineVersions - /Users/antont/ansible_deckhouse/virtualization-full/tests/e2e/vm_version_test.go:50 @ 10/08/25 22:26:11.071 (40ms)&#xA;</system-err>
          </testcase>
          <testcase name="[It] VirtualMachineVersions When virtual disks are applied: checks VDs phases" classname="Tests" status="skipped" time="0">
              <skipped message="skipped - Spec skipped because an earlier spec in an ordered container failed"></skipped>
              <system-err>[SKIPPED] Spec skipped because an earlier spec in an ordered container failed&#xA;In [It] at: /Users/antont/ansible_deckhouse/virtualization-full/tests/e2e/vm_version_test.go:67 @ 10/08/25 22:26:11.071&#xA;</system-err>
          </testcase>
          <testcase name="[It] VirtualMachineVersions When virtual machines are applied: checks VMs phases" classname="Tests" status="skipped" time="0">
              <skipped message="skipped - Spec skipped because an earlier spec in an ordered container failed"></skipped>
              <system-err>[SKIPPED] Spec skipped because an earlier spec in an ordered container failed&#xA;In [It] at: /Users/antont/ansible_deckhouse/virtualization-full/tests/e2e/vm_version_test.go:78 @ 10/08/25 22:26:11.071&#xA;</system-err>
          </testcase>
          <testcase name="[It] VirtualMachineVersions When virtual machines are ready: has qemu version in the status" classname="Tests" status="skipped" time="0">
              <skipped message="skipped - Spec skipped because an earlier spec in an ordered container failed"></skipped>
              <system-err>[SKIPPED] Spec skipped because an earlier spec in an ordered container failed&#xA;In [It] at: /Users/antont/ansible_deckhouse/virtualization-full/tests/e2e/vm_version_test.go:97 @ 10/08/25 22:26:11.071&#xA;</system-err>
          </testcase>
          <testcase name="[It] VirtualMachineVersions When virtual machines are ready: has libvirt version in the status" classname="Tests" status="skipped" time="0">
              <skipped message="skipped - Spec skipped because an earlier spec in an ordered container failed"></skipped>
              <system-err>[SKIPPED] Spec skipped because an earlier spec in an ordered container failed&#xA;In [It] at: /Users/antont/ansible_deckhouse/virtualization-full/tests/e2e/vm_version_test.go:103 @ 10/08/25 22:26:11.071&#xA;</system-err>
          </testcase>
          <testcase name="[It] VirtualMachineVersions When test is completed deletes test case resources" classname="Tests" status="skipped" time="0">
              <skipped message="skipped - Spec skipped because an earlier spec in an ordered container failed"></skipped>
              <system-err>[SKIPPED] Spec skipped because an earlier spec in an ordered container failed&#xA;In [It] at: /Users/antont/ansible_deckhouse/virtualization-full/tests/e2e/vm_version_test.go:114 @ 10/08/25 22:26:11.071&#xA;</system-err>
          </testcase>
          <testcase name="[It] [sig-storage] Volume migration with local disks should be successful when only root disk on local storage [SIG-Storage]" classname="Tests" status="skipped" time="0.000152833">
              <skipped message="skipped - This test case is not working everytime. Should be fixed."></skipped>
              <system-err>&gt; Enter [BeforeEach] [sig-storage] Volume migration with local disks - /Users/antont/ansible_deckhouse/virtualization-full/tests/e2e/storage/volume_migration_local_disks.go:53 @ 10/08/25 22:26:11.071&#xA;[SKIPPED] This test case is not working everytime. Should be fixed.&#xA;In [BeforeEach] at: /Users/antont/ansible_deckhouse/virtualization-full/tests/e2e/storage/volume_migration_local_disks.go:55 @ 10/08/25 22:26:11.071&#xA;&lt; Exit [BeforeEach] [sig-storage] Volume migration with local disks - /Users/antont/ansible_deckhouse/virtualization-full/tests/e2e/storage/volume_migration_local_disks.go:53 @ 10/08/25 22:26:11.071 (0s)&#xA;</system-err>
          </testcase>
          <testcase name="[It] [sig-storage] Volume migration with local disks should be successful when root disk on local storage and one additional disk [SIG-Storage]" classname="Tests" status="skipped" time="4.4125e-05">
              <skipped message="skipped - This test case is not working everytime. Should be fixed."></skipped>
              <system-err>&gt; Enter [BeforeEach] [sig-storage] Volume migration with local disks - /Users/antont/ansible_deckhouse/virtualization-full/tests/e2e/storage/volume_migration_local_disks.go:53 @ 10/08/25 22:26:11.071&#xA;[SKIPPED] This test case is not working everytime. Should be fixed.&#xA;In [BeforeEach] at: /Users/antont/ansible_deckhouse/virtualization-full/tests/e2e/storage/volume_migration_local_disks.go:55 @ 10/08/25 22:26:11.071&#xA;&lt; Exit [BeforeEach] [sig-storage] Volume migration with local disks - /Users/antont/ansible_deckhouse/virtualization-full/tests/e2e/storage/volume_migration_local_disks.go:53 @ 10/08/25 22:26:11.071 (0s)&#xA;</system-err>
          </testcase>
          <testcase name="[It] [sig-storage] Volume migration with local disks should be successful when only additional disk on local storage [SIG-Storage]" classname="Tests" status="skipped" time="5.8791e-05">
              <skipped message="skipped - This test case is not working everytime. Should be fixed."></skipped>
              <system-err>&gt; Enter [BeforeEach] [sig-storage] Volume migration with local disks - /Users/antont/ansible_deckhouse/virtualization-full/tests/e2e/storage/volume_migration_local_disks.go:53 @ 10/08/25 22:26:11.071&#xA;[SKIPPED] This test case is not working everytime. Should be fixed.&#xA;In [BeforeEach] at: /Users/antont/ansible_deckhouse/virtualization-full/tests/e2e/storage/volume_migration_local_disks.go:55 @ 10/08/25 22:26:11.071&#xA;&lt; Exit [BeforeEach] [sig-storage] Volume migration with local disks - /Users/antont/ansible_deckhouse/virtualization-full/tests/e2e/storage/volume_migration_local_disks.go:53 @ 10/08/25 22:26:11.071 (0s)&#xA;</system-err>
          </testcase>
          <testcase name="[It] [sig-storage] Volume migration with local disks should be reverted when only root disk on local storage [SIG-Storage]" classname="Tests" status="skipped" time="4.0708e-05">
              <skipped message="skipped - This test case is not working everytime. Should be fixed."></skipped>
              <system-err>&gt; Enter [BeforeEach] [sig-storage] Volume migration with local disks - /Users/antont/ansible_deckhouse/virtualization-full/tests/e2e/storage/volume_migration_local_disks.go:53 @ 10/08/25 22:26:11.072&#xA;[SKIPPED] This test case is not working everytime. Should be fixed.&#xA;In [BeforeEach] at: /Users/antont/ansible_deckhouse/virtualization-full/tests/e2e/storage/volume_migration_local_disks.go:55 @ 10/08/25 22:26:11.072&#xA;&lt; Exit [BeforeEach] [sig-storage] Volume migration with local disks - /Users/antont/ansible_deckhouse/virtualization-full/tests/e2e/storage/volume_migration_local_disks.go:53 @ 10/08/25 22:26:11.072 (0s)&#xA;</system-err>
          </testcase>
          <testcase name="[It] [sig-storage] Volume migration with local disks should be reverted when root disk on local storage and one additional disk [SIG-Storage]" classname="Tests" status="skipped" time="4.1833e-05">
              <skipped message="skipped - This test case is not working everytime. Should be fixed."></skipped>
              <system-err>&gt; Enter [BeforeEach] [sig-storage] Volume migration with local disks - /Users/antont/ansible_deckhouse/virtualization-full/tests/e2e/storage/volume_migration_local_disks.go:53 @ 10/08/25 22:26:11.072&#xA;[SKIPPED] This test case is not working everytime. Should be fixed.&#xA;In [BeforeEach] at: /Users/antont/ansible_deckhouse/virtualization-full/tests/e2e/storage/volume_migration_local_disks.go:55 @ 10/08/25 22:26:11.072&#xA;&lt; Exit [BeforeEach] [sig-storage] Volume migration with local disks - /Users/antont/ansible_deckhouse/virtualization-full/tests/e2e/storage/volume_migration_local_disks.go:53 @ 10/08/25 22:26:11.072 (0s)&#xA;</system-err>
          </testcase>
          <testcase name="[It] [sig-storage] Volume migration with local disks should be reverted when only additional disk on local storage [SIG-Storage]" classname="Tests" status="skipped" time="5.3042e-05">
              <skipped message="skipped - This test case is not working everytime. Should be fixed."></skipped>
              <system-err>&gt; Enter [BeforeEach] [sig-storage] Volume migration with local disks - /Users/antont/ansible_deckhouse/virtualization-full/tests/e2e/storage/volume_migration_local_disks.go:53 @ 10/08/25 22:26:11.072&#xA;[SKIPPED] This test case is not working everytime. Should be fixed.&#xA;In [BeforeEach] at: /Users/antont/ansible_deckhouse/virtualization-full/tests/e2e/storage/volume_migration_local_disks.go:55 @ 10/08/25 22:26:11.072&#xA;&lt; Exit [BeforeEach] [sig-storage] Volume migration with local disks - /Users/antont/ansible_deckhouse/virtualization-full/tests/e2e/storage/volume_migration_local_disks.go:53 @ 10/08/25 22:26:11.072 (0s)&#xA;</system-err>
          </testcase>
          <testcase name="[It] [sig-storage] Volume migration with local disks should be successful two migrations in a row [SIG-Storage]" classname="Tests" status="skipped" time="4.5542e-05">
              <skipped message="skipped - This test case is not working everytime. Should be fixed."></skipped>
              <system-err>&gt; Enter [BeforeEach] [sig-storage] Volume migration with local disks - /Users/antont/ansible_deckhouse/virtualization-full/tests/e2e/storage/volume_migration_local_disks.go:53 @ 10/08/25 22:26:11.072&#xA;[SKIPPED] This test case is not working everytime. Should be fixed.&#xA;In [BeforeEach] at: /Users/antont/ansible_deckhouse/virtualization-full/tests/e2e/storage/volume_migration_local_disks.go:55 @ 10/08/25 22:26:11.072&#xA;&lt; Exit [BeforeEach] [sig-storage] Volume migration with local disks - /Users/antont/ansible_deckhouse/virtualization-full/tests/e2e/storage/volume_migration_local_disks.go:53 @ 10/08/25 22:26:11.072 (0s)&#xA;</system-err>
          </testcase>
          <testcase name="[It] [sig-storage] Volume migration with local disks should be reverted first and completed second [SIG-Storage]" classname="Tests" status="skipped" time="7.4834e-05">
              <skipped message="skipped - This test case is not working everytime. Should be fixed."></skipped>
              <system-err>&gt; Enter [BeforeEach] [sig-storage] Volume migration with local disks - /Users/antont/ansible_deckhouse/virtualization-full/tests/e2e/storage/volume_migration_local_disks.go:53 @ 10/08/25 22:26:11.072&#xA;[SKIPPED] This test case is not working everytime. Should be fixed.&#xA;In [BeforeEach] at: /Users/antont/ansible_deckhouse/virtualization-full/tests/e2e/storage/volume_migration_local_disks.go:55 @ 10/08/25 22:26:11.072&#xA;&lt; Exit [BeforeEach] [sig-storage] Volume migration with local disks - /Users/antont/ansible_deckhouse/virtualization-full/tests/e2e/storage/volume_migration_local_disks.go:53 @ 10/08/25 22:26:11.072 (0s)&#xA;</system-err>
          </testcase>
          <testcase name="[It] [sig-storage] Volume migration with local disks should be reverted because virtual machine stopped when virtual machine deleting [SIG-Storage]" classname="Tests" status="skipped" time="5.5292e-05">
              <skipped message="skipped - This test case is not working everytime. Should be fixed."></skipped>
              <system-err>&gt; Enter [BeforeEach] [sig-storage] Volume migration with local disks - /Users/antont/ansible_deckhouse/virtualization-full/tests/e2e/storage/volume_migration_local_disks.go:53 @ 10/08/25 22:26:11.072&#xA;[SKIPPED] This test case is not working everytime. Should be fixed.&#xA;In [BeforeEach] at: /Users/antont/ansible_deckhouse/virtualization-full/tests/e2e/storage/volume_migration_local_disks.go:55 @ 10/08/25 22:26:11.072&#xA;&lt; Exit [BeforeEach] [sig-storage] Volume migration with local disks - /Users/antont/ansible_deckhouse/virtualization-full/tests/e2e/storage/volume_migration_local_disks.go:53 @ 10/08/25 22:26:11.072 (0s)&#xA;</system-err>
          </testcase>
          <testcase name="[It] [sig-storage] Volume migration with local disks should be reverted because virtual machine stopped when virtual machine stopped from OS [SIG-Storage]" classname="Tests" status="skipped" time="4.9958e-05">
              <skipped message="skipped - This test case is not working everytime. Should be fixed."></skipped>
              <system-err>&gt; Enter [BeforeEach] [sig-storage] Volume migration with local disks - /Users/antont/ansible_deckhouse/virtualization-full/tests/e2e/storage/volume_migration_local_disks.go:53 @ 10/08/25 22:26:11.072&#xA;[SKIPPED] This test case is not working everytime. Should be fixed.&#xA;In [BeforeEach] at: /Users/antont/ansible_deckhouse/virtualization-full/tests/e2e/storage/volume_migration_local_disks.go:55 @ 10/08/25 22:26:11.072&#xA;&lt; Exit [BeforeEach] [sig-storage] Volume migration with local disks - /Users/antont/ansible_deckhouse/virtualization-full/tests/e2e/storage/volume_migration_local_disks.go:53 @ 10/08/25 22:26:11.072 (0s)&#xA;</system-err>
          </testcase>
          <testcase name="[It] [sig-storage] Volume migration with local disks Migrate to not matched node should reverted because migration canceled when pod pending [SIG-Storage]" classname="Tests" status="skipped" time="3.5208e-05">
              <skipped message="skipped - This test case is not working everytime. Should be fixed."></skipped>
              <system-err>&gt; Enter [BeforeEach] [sig-storage] Volume migration with local disks - /Users/antont/ansible_deckhouse/virtualization-full/tests/e2e/storage/volume_migration_local_disks.go:53 @ 10/08/25 22:26:11.072&#xA;[SKIPPED] This test case is not working everytime. Should be fixed.&#xA;In [BeforeEach] at: /Users/antont/ansible_deckhouse/virtualization-full/tests/e2e/storage/volume_migration_local_disks.go:55 @ 10/08/25 22:26:11.072&#xA;&lt; Exit [BeforeEach] [sig-storage] Volume migration with local disks - /Users/antont/ansible_deckhouse/virtualization-full/tests/e2e/storage/volume_migration_local_disks.go:53 @ 10/08/25 22:26:11.072 (0s)&#xA;</system-err>
          </testcase>
          <testcase name="[It] [sig-storage] Volume migration with local disks should be failed with RWO VMBDA [SIG-Storage]" classname="Tests" status="skipped" time="5.3291e-05">
              <skipped message="skipped - This test case is not working everytime. Should be fixed."></skipped>
              <system-err>&gt; Enter [BeforeEach] [sig-storage] Volume migration with local disks - /Users/antont/ansible_deckhouse/virtualization-full/tests/e2e/storage/volume_migration_local_disks.go:53 @ 10/08/25 22:26:11.072&#xA;[SKIPPED] This test case is not working everytime. Should be fixed.&#xA;In [BeforeEach] at: /Users/antont/ansible_deckhouse/virtualization-full/tests/e2e/storage/volume_migration_local_disks.go:55 @ 10/08/25 22:26:11.072&#xA;&lt; Exit [BeforeEach] [sig-storage] Volume migration with local disks - /Users/antont/ansible_deckhouse/virtualization-full/tests/e2e/storage/volume_migration_local_disks.go:53 @ 10/08/25 22:26:11.072 (0s)&#xA;</system-err>
          </testcase>
          <testcase name="[It] VirtualMachineAdditionalNetworkInterfaces When resources are applied result should be succeeded [SIG-Migration]" classname="Tests" status="skipped" time="1.031438667">
              <skipped message="skipped - Module SDN is disabled. Skipping all tests for module SDN."></skipped>
              <system-err>&gt; Enter [BeforeAll] VirtualMachineAdditionalNetworkInterfaces - /Users/antont/ansible_deckhouse/virtualization-full/tests/e2e/vm_vpc_test.go:47 @ 10/08/25 22:26:11.072&#xA;[SKIPPED] Module SDN is disabled. Skipping all tests for module SDN.&#xA;In [BeforeAll] at: /Users/antont/ansible_deckhouse/virtualization-full/tests/e2e/vm_vpc_test.go:50 @ 10/08/25 22:26:12.104&#xA;&lt; Exit [BeforeAll] VirtualMachineAdditionalNetworkInterfaces - /Users/antont/ansible_deckhouse/virtualization-full/tests/e2e/vm_vpc_test.go:47 @ 10/08/25 22:26:12.104 (1.031s)&#xA;&gt; Enter [AfterAll] VirtualMachineAdditionalNetworkInterfaces - /Users/antont/ansible_deckhouse/virtualization-full/tests/e2e/vm_vpc_test.go:60 @ 10/08/25 22:26:12.104&#xA;&lt; Exit [AfterAll] VirtualMachineAdditionalNetworkInterfaces - /Users/antont/ansible_deckhouse/virtualization-full/tests/e2e/vm_vpc_test.go:60 @ 10/08/25 22:26:12.104 (0s)&#xA;</system-err>
          </testcase>
          <testcase name="[It] VirtualMachineAdditionalNetworkInterfaces When virtual machines are applied checks VMs phases [SIG-Migration]" classname="Tests" status="skipped" time="0">
              <skipped message="skipped - Spec skipped because Skip() was called in BeforeAll"></skipped>
              <system-err>[SKIPPED] Spec skipped because Skip() was called in BeforeAll&#xA;In [It] at: /Users/antont/ansible_deckhouse/virtualization-full/tests/e2e/vm_vpc_test.go:90 @ 10/08/25 22:26:12.104&#xA;</system-err>
          </testcase>
          <testcase name="[It] VirtualMachineAdditionalNetworkInterfaces When virtual machines are applied checks network availability [SIG-Migration]" classname="Tests" status="skipped" time="0">
              <skipped message="skipped - Spec skipped because Skip() was called in BeforeAll"></skipped>
              <system-err>[SKIPPED] Spec skipped because Skip() was called in BeforeAll&#xA;In [It] at: /Users/antont/ansible_deckhouse/virtualization-full/tests/e2e/vm_vpc_test.go:98 @ 10/08/25 22:26:12.104&#xA;</system-err>
          </testcase>
          <testcase name="[It] VirtualMachineAdditionalNetworkInterfaces When virtual machine agents and network are ready starts migrations [SIG-Migration]" classname="Tests" status="skipped" time="0">
              <skipped message="skipped - Spec skipped because Skip() was called in BeforeAll"></skipped>
              <system-err>[SKIPPED] Spec skipped because Skip() was called in BeforeAll&#xA;In [It] at: /Users/antont/ansible_deckhouse/virtualization-full/tests/e2e/vm_vpc_test.go:111 @ 10/08/25 22:26:12.104&#xA;</system-err>
          </testcase>
          <testcase name="[It] VirtualMachineAdditionalNetworkInterfaces When VMs migrations are applied checks VMs and VMOPs phases [SIG-Migration]" classname="Tests" status="skipped" time="0">
              <skipped message="skipped - Spec skipped because Skip() was called in BeforeAll"></skipped>
              <system-err>[SKIPPED] Spec skipped because Skip() was called in BeforeAll&#xA;In [It] at: /Users/antont/ansible_deckhouse/virtualization-full/tests/e2e/vm_vpc_test.go:125 @ 10/08/25 22:26:12.104&#xA;</system-err>
          </testcase>
          <testcase name="[It] VirtualMachineAdditionalNetworkInterfaces When VMs migrations are applied checks VMs external connection after migrations [SIG-Migration]" classname="Tests" status="skipped" time="0">
              <skipped message="skipped - Spec skipped because Skip() was called in BeforeAll"></skipped>
              <system-err>[SKIPPED] Spec skipped because Skip() was called in BeforeAll&#xA;In [It] at: /Users/antont/ansible_deckhouse/virtualization-full/tests/e2e/vm_vpc_test.go:141 @ 10/08/25 22:26:12.104&#xA;</system-err>
          </testcase>
          <testcase name="[It] VirtualMachineAdditionalNetworkInterfaces When VMs migrations are applied checks network availability after migrations [SIG-Migration]" classname="Tests" status="skipped" time="0">
              <skipped message="skipped - Spec skipped because Skip() was called in BeforeAll"></skipped>
              <system-err>[SKIPPED] Spec skipped because Skip() was called in BeforeAll&#xA;In [It] at: /Users/antont/ansible_deckhouse/virtualization-full/tests/e2e/vm_vpc_test.go:156 @ 10/08/25 22:26:12.104&#xA;</system-err>
          </testcase>
          <testcase name="[It] VirtualMachineAdditionalNetworkInterfaces When test is completed deletes test case resources [SIG-Migration]" classname="Tests" status="skipped" time="0">
              <skipped message="skipped - Spec skipped because Skip() was called in BeforeAll"></skipped>
              <system-err>[SKIPPED] Spec skipped because Skip() was called in BeforeAll&#xA;In [It] at: /Users/antont/ansible_deckhouse/virtualization-full/tests/e2e/vm_vpc_test.go:169 @ 10/08/25 22:26:12.104&#xA;</system-err>
          </testcase>
          <testcase name="[It] VirtualMachineEvacuation Evacuation [SIG-Migration]" classname="Tests" status="failed" time="0.156758167">
              <failure message="kubectl create namespace head-45bdb83d-end-to-end-vm-evacuation&#xA;Unexpected error:&#xA;    &lt;*exec.ExitError | 0x14000502040&gt;: &#xA;    exit status 1&#xA;    {&#xA;        ProcessState: {&#xA;            pid: 54930,&#xA;            status: 256,&#xA;            rusage: {&#xA;                Utime: {&#xA;                    Sec: 0,&#xA;                    Usec: 27944,&#xA;                    Pad_cgo_0: [0, 0, 0, 0],&#xA;                },&#xA;                Stime: {&#xA;                    Sec: 0,&#xA;                    Usec: 12736,&#xA;                    Pad_cgo_0: [0, 0, 0, 0],&#xA;                },&#xA;                Maxrss: 44728320,&#xA;                Ixrss: 0,&#xA;                Idrss: 0,&#xA;                Isrss: 0,&#xA;                Minflt: 3541,&#xA;                Majflt: 3,&#xA;                Nswap: 0,&#xA;                Inblock: 0,&#xA;                Oublock: 0,&#xA;                Msgsnd: 9,&#xA;                Msgrcv: 9,&#xA;                Nsignals: 52,&#xA;                Nvcsw: 25,&#xA;                Nivcsw: 609,&#xA;            },&#xA;        },&#xA;        Stderr: nil,&#xA;    }&#xA;occurred" type="failed">[FAILED] kubectl create namespace head-45bdb83d-end-to-end-vm-evacuation&#xA;Unexpected error:&#xA;    &lt;*exec.ExitError | 0x14000502040&gt;: &#xA;    exit status 1&#xA;    {&#xA;        ProcessState: {&#xA;            pid: 54930,&#xA;            status: 256,&#xA;            rusage: {&#xA;                Utime: {&#xA;                    Sec: 0,&#xA;                    Usec: 27944,&#xA;                    Pad_cgo_0: [0, 0, 0, 0],&#xA;                },&#xA;                Stime: {&#xA;                    Sec: 0,&#xA;                    Usec: 12736,&#xA;                    Pad_cgo_0: [0, 0, 0, 0],&#xA;                },&#xA;                Maxrss: 44728320,&#xA;                Ixrss: 0,&#xA;                Idrss: 0,&#xA;                Isrss: 0,&#xA;                Minflt: 3541,&#xA;                Majflt: 3,&#xA;                Nswap: 0,&#xA;                Inblock: 0,&#xA;                Oublock: 0,&#xA;                Msgsnd: 9,&#xA;                Msgrcv: 9,&#xA;                Nsignals: 52,&#xA;                Nvcsw: 25,&#xA;                Nivcsw: 609,&#xA;            },&#xA;        },&#xA;        Stderr: nil,&#xA;    }&#xA;occurred&#xA;In [BeforeAll] at: /Users/antont/ansible_deckhouse/virtualization-full/tests/e2e/vm_evacuation_test.go:48 @ 10/08/25 22:26:12.143&#xA;&#xA;There were additional failures detected after the initial failure. These are visible in the timeline&#xA;</failure>
              <system-err>&gt; Enter [BeforeAll] VirtualMachineEvacuation - /Users/antont/ansible_deckhouse/virtualization-full/tests/e2e/vm_evacuation_test.go:42 @ 10/08/25 22:26:12.104&#xA;[FAILED] kubectl create namespace head-45bdb83d-end-to-end-vm-evacuation&#xA;Unexpected error:&#xA;    &lt;*exec.ExitError | 0x14000502040&gt;: &#xA;    exit status 1&#xA;    {&#xA;        ProcessState: {&#xA;            pid: 54930,&#xA;            status: 256,&#xA;            rusage: {&#xA;                Utime: {&#xA;                    Sec: 0,&#xA;                    Usec: 27944,&#xA;                    Pad_cgo_0: [0, 0, 0, 0],&#xA;                },&#xA;                Stime: {&#xA;                    Sec: 0,&#xA;                    Usec: 12736,&#xA;                    Pad_cgo_0: [0, 0, 0, 0],&#xA;                },&#xA;                Maxrss: 44728320,&#xA;                Ixrss: 0,&#xA;                Idrss: 0,&#xA;                Isrss: 0,&#xA;                Minflt: 3541,&#xA;                Majflt: 3,&#xA;                Nswap: 0,&#xA;                Inblock: 0,&#xA;                Oublock: 0,&#xA;                Msgsnd: 9,&#xA;                Msgrcv: 9,&#xA;                Nsignals: 52,&#xA;                Nvcsw: 25,&#xA;                Nivcsw: 609,&#xA;            },&#xA;        },&#xA;        Stderr: nil,&#xA;    }&#xA;occurred&#xA;In [BeforeAll] at: /Users/antont/ansible_deckhouse/virtualization-full/tests/e2e/vm_evacuation_test.go:48 @ 10/08/25 22:26:12.143&#xA;&lt; Exit [BeforeAll] VirtualMachineEvacuation - /Users/antont/ansible_deckhouse/virtualization-full/tests/e2e/vm_evacuation_test.go:42 @ 10/08/25 22:26:12.143 (38ms)&#xA;&gt; Enter [AfterEach] VirtualMachineEvacuation - /Users/antont/ansible_deckhouse/virtualization-full/tests/e2e/vm_evacuation_test.go:59 @ 10/08/25 22:26:12.143&#xA;Get resources error:&#xA;cmd: kubectl get virtualization,intvirt,po,volumesnapshot -A -o yaml -l &#39;testcase=vm-evacuation&#39;&#xA;error: exit status 1&#xA;stderr: E1008 22:26:12.172014   54931 memcache.go:265] &#34;Unhandled Error&#34; err=&#34;couldn&#39;t get current server API group list: Get \&#34;http://localhost:8080/api?timeout=32s\&#34;: dial tcp [::1]:8080: connect: connection refused&#34;&#xA;E1008 22:26:12.173719   54931 memcache.go:265] &#34;Unhandled Error&#34; err=&#34;couldn&#39;t get current server API group list: Get \&#34;http://localhost:8080/api?timeout=32s\&#34;: dial tcp [::1]:8080: connect: connection refused&#34;&#xA;E1008 22:26:12.175239   54931 memcache.go:265] &#34;Unhandled Error&#34; err=&#34;couldn&#39;t get current server API group list: Get \&#34;http://localhost:8080/api?timeout=32s\&#34;: dial tcp [::1]:8080: connect: connection refused&#34;&#xA;E1008 22:26:12.176656   54931 memcache.go:265] &#34;Unhandled Error&#34; err=&#34;couldn&#39;t get current server API group list: Get \&#34;http://localhost:8080/api?timeout=32s\&#34;: dial tcp [::1]:8080: connect: connection refused&#34;&#xA;E1008 22:26:12.178182   54931 memcache.go:265] &#34;Unhandled Error&#34; err=&#34;couldn&#39;t get current server API group list: Get \&#34;http://localhost:8080/api?timeout=32s\&#34;: dial tcp [::1]:8080: connect: connection refused&#34;&#xA;E1008 22:26:12.179613   54931 memcache.go:265] &#34;Unhandled Error&#34; err=&#34;couldn&#39;t get current server API group list: Get \&#34;http://localhost:8080/api?timeout=32s\&#34;: dial tcp [::1]:8080: connect: connection refused&#34;&#xA;E1008 22:26:12.181100   54931 memcache.go:265] &#34;Unhandled Error&#34; err=&#34;couldn&#39;t get current server API group list: Get \&#34;http://localhost:8080/api?timeout=32s\&#34;: dial tcp [::1]:8080: connect: connection refused&#34;&#xA;E1008 22:26:12.182507   54931 memcache.go:265] &#34;Unhandled Error&#34; err=&#34;couldn&#39;t get current server API group list: Get \&#34;http://localhost:8080/api?timeout=32s\&#34;: dial tcp [::1]:8080: connect: connection refused&#34;&#xA;The connection to the server localhost:8080 was refused - did you specify the right host or port?&#xA;&#xA;&#xA;STEP: Response on deletion request should be successful - /Users/antont/ansible_deckhouse/virtualization-full/tests/e2e/util_test.go:604 @ 10/08/25 22:26:12.184&#xA;END STEP: Response on deletion request should be successful - /Users/antont/ansible_deckhouse/virtualization-full/tests/e2e/util_test.go:604 @ 10/08/25 22:26:12.261 (77ms)&#xA;[FAILED] cannot delete test case resources&#xA;kustomizationDir: /tmp/testdata/vm-evacuation&#xA;cmd: kubectl delete --kustomize /tmp/testdata/vm-evacuation --ignore-not-found&#xA;stderr: E1008 22:26:12.245577   54932 memcache.go:265] &#34;Unhandled Error&#34; err=&#34;couldn&#39;t get current server API group list: Get \&#34;http://localhost:8080/api?timeout=32s\&#34;: dial tcp [::1]:8080: connect: connection refused&#34;&#xA;E1008 22:26:12.247171   54932 memcache.go:265] &#34;Unhandled Error&#34; err=&#34;couldn&#39;t get current server API group list: Get \&#34;http://localhost:8080/api?timeout=32s\&#34;: dial tcp [::1]:8080: connect: connection refused&#34;&#xA;E1008 22:26:12.248572   54932 memcache.go:265] &#34;Unhandled Error&#34; err=&#34;couldn&#39;t get current server API group list: Get \&#34;http://localhost:8080/api?timeout=32s\&#34;: dial tcp [::1]:8080: connect: connection refused&#34;&#xA;E1008 22:26:12.250019   54932 memcache.go:265] &#34;Unhandled Error&#34; err=&#34;couldn&#39;t get current server API group list: Get \&#34;http://localhost:8080/api?timeout=32s\&#34;: dial tcp [::1]:8080: connect: connection refused&#34;&#xA;E1008 22:26:12.251484   54932 memcache.go:265] &#34;Unhandled Error&#34; err=&#34;couldn&#39;t get current server API group list: Get \&#34;http://localhost:8080/api?timeout=32s\&#34;: dial tcp [::1]:8080: connect: connection refused&#34;&#xA;E1008 22:26:12.252974   54932 memcache.go:265] &#34;Unhandled Error&#34; err=&#34;couldn&#39;t get current server API group list: Get \&#34;http://localhost:8080/api?timeout=32s\&#34;: dial tcp [::1]:8080: connect: connection refused&#34;&#xA;E1008 22:26:12.254449   54932 memcache.go:265] &#34;Unhandled Error&#34; err=&#34;couldn&#39;t get current server API group list: Get \&#34;http://localhost:8080/api?timeout=32s\&#34;: dial tcp [::1]:8080: connect: connection refused&#34;&#xA;E1008 22:26:12.255917   54932 memcache.go:265] &#34;Unhandled Error&#34; err=&#34;couldn&#39;t get current server API group list: Get \&#34;http://localhost:8080/api?timeout=32s\&#34;: dial tcp [::1]:8080: connect: connection refused&#34;&#xA;E1008 22:26:12.257370   54932 memcache.go:265] &#34;Unhandled Error&#34; err=&#34;couldn&#39;t get current server API group list: Get \&#34;http://localhost:8080/api?timeout=32s\&#34;: dial tcp [::1]:8080: connect: connection refused&#34;&#xA;E1008 22:26:12.258888   54932 memcache.go:265] &#34;Unhandled Error&#34; err=&#34;couldn&#39;t get current server API group list: Get \&#34;http://localhost:8080/api?timeout=32s\&#34;: dial tcp [::1]:8080: connect: connection refused&#34;&#xA;unable to recognize &#34;/tmp/testdata/vm-evacuation&#34;: Get &#34;http://localhost:8080/api?timeout=32s&#34;: dial tcp [::1]:8080: connect: connection refused&#xA;unable to recognize &#34;/tmp/testdata/vm-evacuation&#34;: Get &#34;http://localhost:8080/api?timeout=32s&#34;: dial tcp [::1]:8080: connect: connection refused&#xA;unable to recognize &#34;/tmp/testdata/vm-evacuation&#34;: Get &#34;http://localhost:8080/api?timeout=32s&#34;: dial tcp [::1]:8080: connect: connection refused&#xA;unable to recognize &#34;/tmp/testdata/vm-evacuation&#34;: Get &#34;http://localhost:8080/api?timeout=32s&#34;: dial tcp [::1]:8080: connect: connection refused&#xA;unable to recognize &#34;/tmp/testdata/vm-evacuation&#34;: Get &#34;http://localhost:8080/api?timeout=32s&#34;: dial tcp [::1]:8080: connect: connection refused&#xA;unable to recognize &#34;/tmp/testdata/vm-evacuation&#34;: Get &#34;http://localhost:8080/api?timeout=32s&#34;: dial tcp [::1]:8080: connect: connection refused&#xA;unable to recognize &#34;/tmp/testdata/vm-evacuation&#34;: Get &#34;http://localhost:8080/api?timeout=32s&#34;: dial tcp [::1]:8080: connect: connection refused&#xA;unable to recognize &#34;/tmp/testdata/vm-evacuation&#34;: Get &#34;http://localhost:8080/api?timeout=32s&#34;: dial tcp [::1]:8080: connect: connection refused&#xA;unable to recognize &#34;/tmp/testdata/vm-evacuation&#34;: Get &#34;http://localhost:8080/api?timeout=32s&#34;: dial tcp [::1]:8080: connect: connection refused&#xA;unable to recognize &#34;/tmp/testdata/vm-evacuation&#34;: Get &#34;http://localhost:8080/api?timeout=32s&#34;: dial tcp [::1]:8080: connect: connection refused&#xA;&#xA;Unexpected error:&#xA;    &lt;*exec.ExitError | 0x140006816e0&gt;: &#xA;    exit status 1&#xA;    {&#xA;        ProcessState: {&#xA;            pid: 54932,&#xA;            status: 256,&#xA;            rusage: {&#xA;                Utime: {&#xA;                    Sec: 0,&#xA;                    Usec: 82577,&#xA;                    Pad_cgo_0: [0, 0, 0, 0],&#xA;                },&#xA;                Stime: {&#xA;                    Sec: 0,&#xA;                    Usec: 17914,&#xA;                    Pad_cgo_0: [0, 0, 0, 0],&#xA;                },&#xA;                Maxrss: 77938688,&#xA;                Ixrss: 0,&#xA;                Idrss: 0,&#xA;                Isrss: 0,&#xA;                Minflt: 5572,&#xA;                Majflt: 3,&#xA;                Nswap: 0,&#xA;                Inblock: 0,&#xA;                Oublock: 0,&#xA;                Msgsnd: 63,&#xA;                Msgrcv: 63,&#xA;                Nsignals: 142,&#xA;                Nvcsw: 139,&#xA;                Nivcsw: 1250,&#xA;            },&#xA;        },&#xA;        Stderr: nil,&#xA;    }&#xA;occurred&#xA;In [AfterEach] at: /Users/antont/ansible_deckhouse/virtualization-full/tests/e2e/util_test.go:617 @ 10/08/25 22:26:12.261&#xA;&lt; Exit [AfterEach] VirtualMachineEvacuation - /Users/antont/ansible_deckhouse/virtualization-full/tests/e2e/vm_evacuation_test.go:59 @ 10/08/25 22:26:12.261 (119ms)&#xA;</system-err>
          </testcase>
          <testcase name="[It] VirtualMachineRestoreSafe When the virtualization resources are applied result should be succeeded [SIG-Restoration]" classname="Tests" status="failed" time="0.067774041">
              <failure message="kubectl create namespace head-45bdb83d-end-to-end-vm-restore-safe&#xA;Unexpected error:&#xA;    &lt;*exec.ExitError | 0x140001104a0&gt;: &#xA;    exit status 1&#xA;    {&#xA;        ProcessState: {&#xA;            pid: 54933,&#xA;            status: 256,&#xA;            rusage: {&#xA;                Utime: {&#xA;                    Sec: 0,&#xA;                    Usec: 23015,&#xA;                    Pad_cgo_0: [0, 0, 0, 0],&#xA;                },&#xA;                Stime: {&#xA;                    Sec: 0,&#xA;                    Usec: 8228,&#xA;                    Pad_cgo_0: [0, 0, 0, 0],&#xA;                },&#xA;                Maxrss: 45236224,&#xA;                Ixrss: 0,&#xA;                Idrss: 0,&#xA;                Isrss: 0,&#xA;                Minflt: 3574,&#xA;                Majflt: 3,&#xA;                Nswap: 0,&#xA;                Inblock: 0,&#xA;                Oublock: 0,&#xA;                Msgsnd: 9,&#xA;                Msgrcv: 9,&#xA;                Nsignals: 44,&#xA;                Nvcsw: 21,&#xA;                Nivcsw: 523,&#xA;            },&#xA;        },&#xA;        Stderr: nil,&#xA;    }&#xA;occurred" type="failed">[FAILED] kubectl create namespace head-45bdb83d-end-to-end-vm-restore-safe&#xA;Unexpected error:&#xA;    &lt;*exec.ExitError | 0x140001104a0&gt;: &#xA;    exit status 1&#xA;    {&#xA;        ProcessState: {&#xA;            pid: 54933,&#xA;            status: 256,&#xA;            rusage: {&#xA;                Utime: {&#xA;                    Sec: 0,&#xA;                    Usec: 23015,&#xA;                    Pad_cgo_0: [0, 0, 0, 0],&#xA;                },&#xA;                Stime: {&#xA;                    Sec: 0,&#xA;                    Usec: 8228,&#xA;                    Pad_cgo_0: [0, 0, 0, 0],&#xA;                },&#xA;                Maxrss: 45236224,&#xA;                Ixrss: 0,&#xA;                Idrss: 0,&#xA;                Isrss: 0,&#xA;                Minflt: 3574,&#xA;                Majflt: 3,&#xA;                Nswap: 0,&#xA;                Inblock: 0,&#xA;                Oublock: 0,&#xA;                Msgsnd: 9,&#xA;                Msgrcv: 9,&#xA;                Nsignals: 44,&#xA;                Nvcsw: 21,&#xA;                Nivcsw: 523,&#xA;            },&#xA;        },&#xA;        Stderr: nil,&#xA;    }&#xA;occurred&#xA;In [BeforeAll] at: /Users/antont/ansible_deckhouse/virtualization-full/tests/e2e/vm_restore_safe_test.go:58 @ 10/08/25 22:26:12.289&#xA;&#xA;There were additional failures detected after the initial failure. These are visible in the timeline&#xA;</failure>
              <system-err>&gt; Enter [BeforeAll] VirtualMachineRestoreSafe - /Users/antont/ansible_deckhouse/virtualization-full/tests/e2e/vm_restore_safe_test.go:52 @ 10/08/25 22:26:12.261&#xA;[FAILED] kubectl create namespace head-45bdb83d-end-to-end-vm-restore-safe&#xA;Unexpected error:&#xA;    &lt;*exec.ExitError | 0x140001104a0&gt;: &#xA;    exit status 1&#xA;    {&#xA;        ProcessState: {&#xA;            pid: 54933,&#xA;            status: 256,&#xA;            rusage: {&#xA;                Utime: {&#xA;                    Sec: 0,&#xA;                    Usec: 23015,&#xA;                    Pad_cgo_0: [0, 0, 0, 0],&#xA;                },&#xA;                Stime: {&#xA;                    Sec: 0,&#xA;                    Usec: 8228,&#xA;                    Pad_cgo_0: [0, 0, 0, 0],&#xA;                },&#xA;                Maxrss: 45236224,&#xA;                Ixrss: 0,&#xA;                Idrss: 0,&#xA;                Isrss: 0,&#xA;                Minflt: 3574,&#xA;                Majflt: 3,&#xA;                Nswap: 0,&#xA;                Inblock: 0,&#xA;                Oublock: 0,&#xA;                Msgsnd: 9,&#xA;                Msgrcv: 9,&#xA;                Nsignals: 44,&#xA;                Nvcsw: 21,&#xA;                Nivcsw: 523,&#xA;            },&#xA;        },&#xA;        Stderr: nil,&#xA;    }&#xA;occurred&#xA;In [BeforeAll] at: /Users/antont/ansible_deckhouse/virtualization-full/tests/e2e/vm_restore_safe_test.go:58 @ 10/08/25 22:26:12.289&#xA;&lt; Exit [BeforeAll] VirtualMachineRestoreSafe - /Users/antont/ansible_deckhouse/virtualization-full/tests/e2e/vm_restore_safe_test.go:52 @ 10/08/25 22:26:12.289 (28ms)&#xA;&gt; Enter [AfterEach] VirtualMachineRestoreSafe - /Users/antont/ansible_deckhouse/virtualization-full/tests/e2e/vm_restore_safe_test.go:65 @ 10/08/25 22:26:12.289&#xA;Get resources error:&#xA;cmd: kubectl get virtualization,intvirt,po,volumesnapshot -A -o yaml -l &#39;testcase=vm-restore-safe&#39;&#xA;error: exit status 1&#xA;stderr: E1008 22:26:12.316591   54934 memcache.go:265] &#34;Unhandled Error&#34; err=&#34;couldn&#39;t get current server API group list: Get \&#34;http://localhost:8080/api?timeout=32s\&#34;: dial tcp [::1]:8080: connect: connection refused&#34;&#xA;E1008 22:26:12.318253   54934 memcache.go:265] &#34;Unhandled Error&#34; err=&#34;couldn&#39;t get current server API group list: Get \&#34;http://localhost:8080/api?timeout=32s\&#34;: dial tcp [::1]:8080: connect: connection refused&#34;&#xA;E1008 22:26:12.319808   54934 memcache.go:265] &#34;Unhandled Error&#34; err=&#34;couldn&#39;t get current server API group list: Get \&#34;http://localhost:8080/api?timeout=32s\&#34;: dial tcp [::1]:8080: connect: connection refused&#34;&#xA;E1008 22:26:12.321331   54934 memcache.go:265] &#34;Unhandled Error&#34; err=&#34;couldn&#39;t get current server API group list: Get \&#34;http://localhost:8080/api?timeout=32s\&#34;: dial tcp [::1]:8080: connect: connection refused&#34;&#xA;E1008 22:26:12.322864   54934 memcache.go:265] &#34;Unhandled Error&#34; err=&#34;couldn&#39;t get current server API group list: Get \&#34;http://localhost:8080/api?timeout=32s\&#34;: dial tcp [::1]:8080: connect: connection refused&#34;&#xA;E1008 22:26:12.324392   54934 memcache.go:265] &#34;Unhandled Error&#34; err=&#34;couldn&#39;t get current server API group list: Get \&#34;http://localhost:8080/api?timeout=32s\&#34;: dial tcp [::1]:8080: connect: connection refused&#34;&#xA;E1008 22:26:12.325923   54934 memcache.go:265] &#34;Unhandled Error&#34; err=&#34;couldn&#39;t get current server API group list: Get \&#34;http://localhost:8080/api?timeout=32s\&#34;: dial tcp [::1]:8080: connect: connection refused&#34;&#xA;E1008 22:26:12.327344   54934 memcache.go:265] &#34;Unhandled Error&#34; err=&#34;couldn&#39;t get current server API group list: Get \&#34;http://localhost:8080/api?timeout=32s\&#34;: dial tcp [::1]:8080: connect: connection refused&#34;&#xA;The connection to the server localhost:8080 was refused - did you specify the right host or port?&#xA;&#xA;&#xA;[PANICKED] Test Panicked&#xA;In [AfterEach] at: /opt/homebrew/Cellar/go/1.25.1/libexec/src/runtime/panic.go:262 @ 10/08/25 22:26:12.329&#xA;&#xA;runtime error: invalid memory address or nil pointer dereference&#xA;&#xA;Full Stack Trace&#xA;  github.com/deckhouse/virtualization/tests/e2e.init.func22.3()&#xA;  &#x9;/Users/antont/ansible_deckhouse/virtualization-full/tests/e2e/vm_restore_safe_test.go:70 +0xd4&#xA;&lt; Exit [AfterEach] VirtualMachineRestoreSafe - /Users/antont/ansible_deckhouse/virtualization-full/tests/e2e/vm_restore_safe_test.go:65 @ 10/08/25 22:26:12.329 (40ms)&#xA;</system-err>
          </testcase>
          <testcase name="[It] VirtualMachineRestoreSafe When the virtualization resources are applied checks the resources phase [SIG-Restoration]" classname="Tests" status="skipped" time="0">
              <skipped message="skipped - Spec skipped because an earlier spec in an ordered container failed"></skipped>
              <system-err>[SKIPPED] Spec skipped because an earlier spec in an ordered container failed&#xA;In [It] at: /Users/antont/ansible_deckhouse/virtualization-full/tests/e2e/vm_restore_safe_test.go:105 @ 10/08/25 22:26:12.329&#xA;</system-err>
          </testcase>
          <testcase name="[It] VirtualMachineRestoreSafe When the virtualization resources are applied add additional interface to virtual machines [SIG-Restoration]" classname="Tests" status="skipped" time="0">
              <skipped message="skipped - Spec skipped because an earlier spec in an ordered container failed"></skipped>
              <system-err>[SKIPPED] Spec skipped because an earlier spec in an ordered container failed&#xA;In [It] at: /Users/antont/ansible_deckhouse/virtualization-full/tests/e2e/vm_restore_safe_test.go:115 @ 10/08/25 22:26:12.329&#xA;</system-err>
          </testcase>
          <testcase name="[It] VirtualMachineRestoreSafe When the resources are ready to use restore the `VirtualMachines` with `Safe` mode [SIG-Restoration]" classname="Tests" status="skipped" time="0">
              <skipped message="skipped - Spec skipped because an earlier spec in an ordered container failed"></skipped>
              <system-err>[SKIPPED] Spec skipped because an earlier spec in an ordered container failed&#xA;In [It] at: /Users/antont/ansible_deckhouse/virtualization-full/tests/e2e/vm_restore_safe_test.go:158 @ 10/08/25 22:26:12.329&#xA;</system-err>
          </testcase>
          <testcase name="[It] VirtualMachineRestoreSafe When the resources are ready to use check the .status.networks of each VM after restore [SIG-Restoration]" classname="Tests" status="skipped" time="0">
              <skipped message="skipped - Spec skipped because an earlier spec in an ordered container failed"></skipped>
              <system-err>[SKIPPED] Spec skipped because an earlier spec in an ordered container failed&#xA;In [It] at: /Users/antont/ansible_deckhouse/virtualization-full/tests/e2e/vm_restore_safe_test.go:348 @ 10/08/25 22:26:12.329&#xA;</system-err>
          </testcase>
          <testcase name="[It] VirtualMachineRestoreSafe When test is completed deletes test case resources [SIG-Restoration]" classname="Tests" status="skipped" time="0">
              <skipped message="skipped - Spec skipped because an earlier spec in an ordered container failed"></skipped>
              <system-err>[SKIPPED] Spec skipped because an earlier spec in an ordered container failed&#xA;In [It] at: /Users/antont/ansible_deckhouse/virtualization-full/tests/e2e/vm_restore_safe_test.go:374 @ 10/08/25 22:26:12.329&#xA;</system-err>
          </testcase>
          <testcase name="[It] VirtualMachineCancelMigration Cancel migrate [SIG-Migration]" classname="Tests" status="skipped" time="0.075440458">
              <skipped message="skipped - This test case is not working everytime. Should be fixed."></skipped>
              <system-err>&gt; Enter [BeforeAll] VirtualMachineCancelMigration - /Users/antont/ansible_deckhouse/virtualization-full/tests/e2e/vm_migration_cancel_test.go:39 @ 10/08/25 22:26:12.329&#xA;[SKIPPED] This test case is not working everytime. Should be fixed.&#xA;In [BeforeAll] at: /Users/antont/ansible_deckhouse/virtualization-full/tests/e2e/vm_migration_cancel_test.go:41 @ 10/08/25 22:26:12.329&#xA;&lt; Exit [BeforeAll] VirtualMachineCancelMigration - /Users/antont/ansible_deckhouse/virtualization-full/tests/e2e/vm_migration_cancel_test.go:39 @ 10/08/25 22:26:12.329 (0s)&#xA;&gt; Enter [AfterEach] VirtualMachineCancelMigration - /Users/antont/ansible_deckhouse/virtualization-full/tests/e2e/vm_migration_cancel_test.go:59 @ 10/08/25 22:26:12.329&#xA;STEP: Response on deletion request should be successful - /Users/antont/ansible_deckhouse/virtualization-full/tests/e2e/util_test.go:604 @ 10/08/25 22:26:12.329&#xA;END STEP: Response on deletion request should be successful - /Users/antont/ansible_deckhouse/virtualization-full/tests/e2e/util_test.go:604 @ 10/08/25 22:26:12.405 (75ms)&#xA;[FAILED] cannot delete test case resources&#xA;kustomizationDir: /tmp/testdata/vm-migration-cancel&#xA;cmd: kubectl delete --kustomize /tmp/testdata/vm-migration-cancel --ignore-not-found&#xA;stderr: E1008 22:26:12.388994   54935 memcache.go:265] &#34;Unhandled Error&#34; err=&#34;couldn&#39;t get current server API group list: Get \&#34;http://localhost:8080/api?timeout=32s\&#34;: dial tcp [::1]:8080: connect: connection refused&#34;&#xA;E1008 22:26:12.390604   54935 memcache.go:265] &#34;Unhandled Error&#34; err=&#34;couldn&#39;t get current server API group list: Get \&#34;http://localhost:8080/api?timeout=32s\&#34;: dial tcp [::1]:8080: connect: connection refused&#34;&#xA;E1008 22:26:12.392119   54935 memcache.go:265] &#34;Unhandled Error&#34; err=&#34;couldn&#39;t get current server API group list: Get \&#34;http://localhost:8080/api?timeout=32s\&#34;: dial tcp [::1]:8080: connect: connection refused&#34;&#xA;E1008 22:26:12.393592   54935 memcache.go:265] &#34;Unhandled Error&#34; err=&#34;couldn&#39;t get current server API group list: Get \&#34;http://localhost:8080/api?timeout=32s\&#34;: dial tcp [::1]:8080: connect: connection refused&#34;&#xA;E1008 22:26:12.395054   54935 memcache.go:265] &#34;Unhandled Error&#34; err=&#34;couldn&#39;t get current server API group list: Get \&#34;http://localhost:8080/api?timeout=32s\&#34;: dial tcp [::1]:8080: connect: connection refused&#34;&#xA;E1008 22:26:12.396493   54935 memcache.go:265] &#34;Unhandled Error&#34; err=&#34;couldn&#39;t get current server API group list: Get \&#34;http://localhost:8080/api?timeout=32s\&#34;: dial tcp [::1]:8080: connect: connection refused&#34;&#xA;E1008 22:26:12.397907   54935 memcache.go:265] &#34;Unhandled Error&#34; err=&#34;couldn&#39;t get current server API group list: Get \&#34;http://localhost:8080/api?timeout=32s\&#34;: dial tcp [::1]:8080: connect: connection refused&#34;&#xA;E1008 22:26:12.399375   54935 memcache.go:265] &#34;Unhandled Error&#34; err=&#34;couldn&#39;t get current server API group list: Get \&#34;http://localhost:8080/api?timeout=32s\&#34;: dial tcp [::1]:8080: connect: connection refused&#34;&#xA;E1008 22:26:12.400866   54935 memcache.go:265] &#34;Unhandled Error&#34; err=&#34;couldn&#39;t get current server API group list: Get \&#34;http://localhost:8080/api?timeout=32s\&#34;: dial tcp [::1]:8080: connect: connection refused&#34;&#xA;E1008 22:26:12.402361   54935 memcache.go:265] &#34;Unhandled Error&#34; err=&#34;couldn&#39;t get current server API group list: Get \&#34;http://localhost:8080/api?timeout=32s\&#34;: dial tcp [::1]:8080: connect: connection refused&#34;&#xA;unable to recognize &#34;/tmp/testdata/vm-migration-cancel&#34;: Get &#34;http://localhost:8080/api?timeout=32s&#34;: dial tcp [::1]:8080: connect: connection refused&#xA;unable to recognize &#34;/tmp/testdata/vm-migration-cancel&#34;: Get &#34;http://localhost:8080/api?timeout=32s&#34;: dial tcp [::1]:8080: connect: connection refused&#xA;unable to recognize &#34;/tmp/testdata/vm-migration-cancel&#34;: Get &#34;http://localhost:8080/api?timeout=32s&#34;: dial tcp [::1]:8080: connect: connection refused&#xA;unable to recognize &#34;/tmp/testdata/vm-migration-cancel&#34;: Get &#34;http://localhost:8080/api?timeout=32s&#34;: dial tcp [::1]:8080: connect: connection refused&#xA;unable to recognize &#34;/tmp/testdata/vm-migration-cancel&#34;: Get &#34;http://localhost:8080/api?timeout=32s&#34;: dial tcp [::1]:8080: connect: connection refused&#xA;unable to recognize &#34;/tmp/testdata/vm-migration-cancel&#34;: Get &#34;http://localhost:8080/api?timeout=32s&#34;: dial tcp [::1]:8080: connect: connection refused&#xA;unable to recognize &#34;/tmp/testdata/vm-migration-cancel&#34;: Get &#34;http://localhost:8080/api?timeout=32s&#34;: dial tcp [::1]:8080: connect: connection refused&#xA;unable to recognize &#34;/tmp/testdata/vm-migration-cancel&#34;: Get &#34;http://localhost:8080/api?timeout=32s&#34;: dial tcp [::1]:8080: connect: connection refused&#xA;unable to recognize &#34;/tmp/testdata/vm-migration-cancel&#34;: Get &#34;http://localhost:8080/api?timeout=32s&#34;: dial tcp [::1]:8080: connect: connection refused&#xA;unable to recognize &#34;/tmp/testdata/vm-migration-cancel&#34;: Get &#34;http://localhost:8080/api?timeout=32s&#34;: dial tcp [::1]:8080: connect: connection refused&#xA;&#xA;Unexpected error:&#xA;    &lt;*exec.ExitError | 0x14000503240&gt;: &#xA;    exit status 1&#xA;    {&#xA;        ProcessState: {&#xA;            pid: 54935,&#xA;            status: 256,&#xA;            rusage: {&#xA;                Utime: {&#xA;                    Sec: 0,&#xA;                    Usec: 78147,&#xA;                    Pad_cgo_0: [0, 0, 0, 0],&#xA;                },&#xA;                Stime: {&#xA;                    Sec: 0,&#xA;                    Usec: 17451,&#xA;                    Pad_cgo_0: [0, 0, 0, 0],&#xA;                },&#xA;                Maxrss: 78315520,&#xA;                Ixrss: 0,&#xA;                Idrss: 0,&#xA;                Isrss: 0,&#xA;                Minflt: 5591,&#xA;                Majflt: 3,&#xA;                Nswap: 0,&#xA;                Inblock: 0,&#xA;                Oublock: 0,&#xA;                Msgsnd: 63,&#xA;                Msgrcv: 63,&#xA;                Nsignals: 141,&#xA;                Nvcsw: 157,&#xA;                Nivcsw: 1232,&#xA;            },&#xA;        },&#xA;        Stderr: nil,&#xA;    }&#xA;occurred&#xA;In [AfterEach] at: /Users/antont/ansible_deckhouse/virtualization-full/tests/e2e/util_test.go:617 @ 10/08/25 22:26:12.405&#xA;&lt; Exit [AfterEach] VirtualMachineCancelMigration - /Users/antont/ansible_deckhouse/virtualization-full/tests/e2e/vm_migration_cancel_test.go:59 @ 10/08/25 22:26:12.405 (75ms)&#xA;</system-err>
          </testcase>
          <testcase name="[It] ImporterNetworkPolicy Project creates project" classname="Tests" status="failed" time="0.124199209">
              <failure message="error: error validating &#34;/tmp/testdata/importer-network-policy/project&#34;: error validating data: failed to download openapi: Get &#34;http://localhost:8080/openapi/v2?timeout=32s&#34;: dial tcp [::1]:8080: connect: connection refused; if you choose to ignore these errors, turn validation off with --validate=false&#xA;&#xA;Expected&#xA;    &lt;bool&gt;: false&#xA;to equal&#xA;    &lt;bool&gt;: true" type="failed">[FAILED] error: error validating &#34;/tmp/testdata/importer-network-policy/project&#34;: error validating data: failed to download openapi: Get &#34;http://localhost:8080/openapi/v2?timeout=32s&#34;: dial tcp [::1]:8080: connect: connection refused; if you choose to ignore these errors, turn validation off with --validate=false&#xA;&#xA;Expected&#xA;    &lt;bool&gt;: false&#xA;to equal&#xA;    &lt;bool&gt;: true&#xA;In [It] at: /Users/antont/ansible_deckhouse/virtualization-full/tests/e2e/importer_network_policy_test.go:69 @ 10/08/25 22:26:12.449&#xA;&#xA;There were additional failures detected after the initial failure. These are visible in the timeline&#xA;</failure>
              <system-err>&gt; Enter [BeforeAll] ImporterNetworkPolicy - /Users/antont/ansible_deckhouse/virtualization-full/tests/e2e/importer_network_policy_test.go:36 @ 10/08/25 22:26:12.405&#xA;&lt; Exit [BeforeAll] ImporterNetworkPolicy - /Users/antont/ansible_deckhouse/virtualization-full/tests/e2e/importer_network_policy_test.go:36 @ 10/08/25 22:26:12.405 (0s)&#xA;&gt; Enter [BeforeEach] ImporterNetworkPolicy - /Users/antont/ansible_deckhouse/virtualization-full/tests/e2e/importer_network_policy_test.go:43 @ 10/08/25 22:26:12.405&#xA;&lt; Exit [BeforeEach] ImporterNetworkPolicy - /Users/antont/ansible_deckhouse/virtualization-full/tests/e2e/importer_network_policy_test.go:43 @ 10/08/25 22:26:12.405 (0s)&#xA;&gt; Enter [It] creates project - /Users/antont/ansible_deckhouse/virtualization-full/tests/e2e/importer_network_policy_test.go:61 @ 10/08/25 22:26:12.405&#xA;[FAILED] error: error validating &#34;/tmp/testdata/importer-network-policy/project&#34;: error validating data: failed to download openapi: Get &#34;http://localhost:8080/openapi/v2?timeout=32s&#34;: dial tcp [::1]:8080: connect: connection refused; if you choose to ignore these errors, turn validation off with --validate=false&#xA;&#xA;Expected&#xA;    &lt;bool&gt;: false&#xA;to equal&#xA;    &lt;bool&gt;: true&#xA;In [It] at: /Users/antont/ansible_deckhouse/virtualization-full/tests/e2e/importer_network_policy_test.go:69 @ 10/08/25 22:26:12.449&#xA;&lt; Exit [It] creates project - /Users/antont/ansible_deckhouse/virtualization-full/tests/e2e/importer_network_policy_test.go:61 @ 10/08/25 22:26:12.449 (43ms)&#xA;&gt; Enter [AfterEach] ImporterNetworkPolicy - /Users/antont/ansible_deckhouse/virtualization-full/tests/e2e/importer_network_policy_test.go:54 @ 10/08/25 22:26:12.449&#xA;Get resources error:&#xA;cmd: kubectl get virtualization,intvirt,po,volumesnapshot -A -o yaml -l &#39;testcase=importer-network-policy&#39;&#xA;error: exit status 1&#xA;stderr: E1008 22:26:12.476191   54938 memcache.go:265] &#34;Unhandled Error&#34; err=&#34;couldn&#39;t get current server API group list: Get \&#34;http://localhost:8080/api?timeout=32s\&#34;: dial tcp [::1]:8080: connect: connection refused&#34;&#xA;E1008 22:26:12.477885   54938 memcache.go:265] &#34;Unhandled Error&#34; err=&#34;couldn&#39;t get current server API group list: Get \&#34;http://localhost:8080/api?timeout=32s\&#34;: dial tcp [::1]:8080: connect: connection refused&#34;&#xA;E1008 22:26:12.479270   54938 memcache.go:265] &#34;Unhandled Error&#34; err=&#34;couldn&#39;t get current server API group list: Get \&#34;http://localhost:8080/api?timeout=32s\&#34;: dial tcp [::1]:8080: connect: connection refused&#34;&#xA;E1008 22:26:12.480795   54938 memcache.go:265] &#34;Unhandled Error&#34; err=&#34;couldn&#39;t get current server API group list: Get \&#34;http://localhost:8080/api?timeout=32s\&#34;: dial tcp [::1]:8080: connect: connection refused&#34;&#xA;E1008 22:26:12.482333   54938 memcache.go:265] &#34;Unhandled Error&#34; err=&#34;couldn&#39;t get current server API group list: Get \&#34;http://localhost:8080/api?timeout=32s\&#34;: dial tcp [::1]:8080: connect: connection refused&#34;&#xA;E1008 22:26:12.483752   54938 memcache.go:265] &#34;Unhandled Error&#34; err=&#34;couldn&#39;t get current server API group list: Get \&#34;http://localhost:8080/api?timeout=32s\&#34;: dial tcp [::1]:8080: connect: connection refused&#34;&#xA;E1008 22:26:12.485250   54938 memcache.go:265] &#34;Unhandled Error&#34; err=&#34;couldn&#39;t get current server API group list: Get \&#34;http://localhost:8080/api?timeout=32s\&#34;: dial tcp [::1]:8080: connect: connection refused&#34;&#xA;E1008 22:26:12.486707   54938 memcache.go:265] &#34;Unhandled Error&#34; err=&#34;couldn&#39;t get current server API group list: Get \&#34;http://localhost:8080/api?timeout=32s\&#34;: dial tcp [::1]:8080: connect: connection refused&#34;&#xA;The connection to the server localhost:8080 was refused - did you specify the right host or port?&#xA;&#xA;&#xA;&lt; Exit [AfterEach] ImporterNetworkPolicy - /Users/antont/ansible_deckhouse/virtualization-full/tests/e2e/importer_network_policy_test.go:54 @ 10/08/25 22:26:12.489 (40ms)&#xA;&gt; Enter [AfterAll] ImporterNetworkPolicy - /Users/antont/ansible_deckhouse/virtualization-full/tests/e2e/importer_network_policy_test.go:49 @ 10/08/25 22:26:12.489&#xA;STEP: Delete manifests - /Users/antont/ansible_deckhouse/virtualization-full/tests/e2e/importer_network_policy_test.go:50 @ 10/08/25 22:26:12.489&#xA;STEP: Response on deletion request should be successful - /Users/antont/ansible_deckhouse/virtualization-full/tests/e2e/util_test.go:604 @ 10/08/25 22:26:12.489&#xA;END STEP: Response on deletion request should be successful - /Users/antont/ansible_deckhouse/virtualization-full/tests/e2e/util_test.go:604 @ 10/08/25 22:26:12.529 (40ms)&#xA;[FAILED] cannot delete test case resources&#xA;kustomizationDir: /tmp/testdata/importer-network-policy&#xA;cmd: kubectl delete --kustomize /tmp/testdata/importer-network-policy --ignore-not-found&#xA;stderr: E1008 22:26:12.520974   54939 memcache.go:265] &#34;Unhandled Error&#34; err=&#34;couldn&#39;t get current server API group list: Get \&#34;http://localhost:8080/api?timeout=32s\&#34;: dial tcp [::1]:8080: connect: connection refused&#34;&#xA;E1008 22:26:12.522496   54939 memcache.go:265] &#34;Unhandled Error&#34; err=&#34;couldn&#39;t get current server API group list: Get \&#34;http://localhost:8080/api?timeout=32s\&#34;: dial tcp [::1]:8080: connect: connection refused&#34;&#xA;E1008 22:26:12.524020   54939 memcache.go:265] &#34;Unhandled Error&#34; err=&#34;couldn&#39;t get current server API group list: Get \&#34;http://localhost:8080/api?timeout=32s\&#34;: dial tcp [::1]:8080: connect: connection refused&#34;&#xA;E1008 22:26:12.525456   54939 memcache.go:265] &#34;Unhandled Error&#34; err=&#34;couldn&#39;t get current server API group list: Get \&#34;http://localhost:8080/api?timeout=32s\&#34;: dial tcp [::1]:8080: connect: connection refused&#34;&#xA;E1008 22:26:12.526992   54939 memcache.go:265] &#34;Unhandled Error&#34; err=&#34;couldn&#39;t get current server API group list: Get \&#34;http://localhost:8080/api?timeout=32s\&#34;: dial tcp [::1]:8080: connect: connection refused&#34;&#xA;unable to recognize &#34;/tmp/testdata/importer-network-policy&#34;: Get &#34;http://localhost:8080/api?timeout=32s&#34;: dial tcp [::1]:8080: connect: connection refused&#xA;unable to recognize &#34;/tmp/testdata/importer-network-policy&#34;: Get &#34;http://localhost:8080/api?timeout=32s&#34;: dial tcp [::1]:8080: connect: connection refused&#xA;unable to recognize &#34;/tmp/testdata/importer-network-policy&#34;: Get &#34;http://localhost:8080/api?timeout=32s&#34;: dial tcp [::1]:8080: connect: connection refused&#xA;unable to recognize &#34;/tmp/testdata/importer-network-policy&#34;: Get &#34;http://localhost:8080/api?timeout=32s&#34;: dial tcp [::1]:8080: connect: connection refused&#xA;unable to recognize &#34;/tmp/testdata/importer-network-policy&#34;: Get &#34;http://localhost:8080/api?timeout=32s&#34;: dial tcp [::1]:8080: connect: connection refused&#xA;&#xA;Unexpected error:&#xA;    &lt;*exec.ExitError | 0x140002920e0&gt;: &#xA;    exit status 1&#xA;    {&#xA;        ProcessState: {&#xA;            pid: 54939,&#xA;            status: 256,&#xA;            rusage: {&#xA;                Utime: {&#xA;                    Sec: 0,&#xA;                    Usec: 30486,&#xA;                    Pad_cgo_0: [0, 0, 0, 0],&#xA;                },&#xA;                Stime: {&#xA;                    Sec: 0,&#xA;                    Usec: 10920,&#xA;                    Pad_cgo_0: [0, 0, 0, 0],&#xA;                },&#xA;                Maxrss: 46841856,&#xA;                Ixrss: 0,&#xA;                Idrss: 0,&#xA;                Isrss: 0,&#xA;                Minflt: 3668,&#xA;                Majflt: 3,&#xA;                Nswap: 0,&#xA;                Inblock: 0,&#xA;                Oublock: 0,&#xA;                Msgsnd: 33,&#xA;                Msgrcv: 33,&#xA;                Nsignals: 66,&#xA;                Nvcsw: 53,&#xA;                Nivcsw: 803,&#xA;            },&#xA;        },&#xA;        Stderr: nil,&#xA;    }&#xA;occurred&#xA;In [AfterAll] at: /Users/antont/ansible_deckhouse/virtualization-full/tests/e2e/util_test.go:617 @ 10/08/25 22:26:12.529&#xA;&lt; Exit [AfterAll] ImporterNetworkPolicy - /Users/antont/ansible_deckhouse/virtualization-full/tests/e2e/importer_network_policy_test.go:49 @ 10/08/25 22:26:12.529 (40ms)&#xA;</system-err>
          </testcase>
          <testcase name="[It] ImporterNetworkPolicy Project checks project readiness" classname="Tests" status="skipped" time="0">
              <skipped message="skipped - Spec skipped because an earlier spec in an ordered container failed"></skipped>
              <system-err>[SKIPPED] Spec skipped because an earlier spec in an ordered container failed&#xA;In [It] at: /Users/antont/ansible_deckhouse/virtualization-full/tests/e2e/importer_network_policy_test.go:72 @ 10/08/25 22:26:12.529&#xA;</system-err>
          </testcase>
          <testcase name="[It] ImporterNetworkPolicy When resources are applied result should be succeeded" classname="Tests" status="skipped" time="0">
              <skipped message="skipped - Spec skipped because an earlier spec in an ordered container failed"></skipped>
              <system-err>[SKIPPED] Spec skipped because an earlier spec in an ordered container failed&#xA;In [It] at: /Users/antont/ansible_deckhouse/virtualization-full/tests/e2e/importer_network_policy_test.go:83 @ 10/08/25 22:26:12.529&#xA;</system-err>
          </testcase>
          <testcase name="[It] ImporterNetworkPolicy When resources are applied When virtual images are applied" classname="Tests" status="skipped" time="0">
              <skipped message="skipped - Spec skipped because an earlier spec in an ordered container failed"></skipped>
              <system-err>[SKIPPED] Spec skipped because an earlier spec in an ordered container failed&#xA;In [It] at: /Users/antont/ansible_deckhouse/virtualization-full/tests/e2e/importer_network_policy_test.go:101 @ 10/08/25 22:26:12.529&#xA;</system-err>
          </testcase>
          <testcase name="[It] ImporterNetworkPolicy When resources are applied When virtual disks are applied" classname="Tests" status="skipped" time="0">
              <skipped message="skipped - Spec skipped because an earlier spec in an ordered container failed"></skipped>
              <system-err>[SKIPPED] Spec skipped because an earlier spec in an ordered container failed&#xA;In [It] at: /Users/antont/ansible_deckhouse/virtualization-full/tests/e2e/importer_network_policy_test.go:102 @ 10/08/25 22:26:12.529&#xA;</system-err>
          </testcase>
          <testcase name="[It] ImporterNetworkPolicy When resources are applied When virtual machines are applied" classname="Tests" status="skipped" time="0">
              <skipped message="skipped - Spec skipped because an earlier spec in an ordered container failed"></skipped>
              <system-err>[SKIPPED] Spec skipped because an earlier spec in an ordered container failed&#xA;In [It] at: /Users/antont/ansible_deckhouse/virtualization-full/tests/e2e/importer_network_policy_test.go:103 @ 10/08/25 22:26:12.529&#xA;</system-err>
          </testcase>
          <testcase name="[It] VirtualMachineConnectivity When resources are applied result should be succeeded" classname="Tests" status="failed" time="0.069033042">
              <failure message="kubectl create namespace head-45bdb83d-end-to-end-connectivity&#xA;Unexpected error:&#xA;    &lt;*exec.ExitError | 0x14000717ee0&gt;: &#xA;    exit status 1&#xA;    {&#xA;        ProcessState: {&#xA;            pid: 54940,&#xA;            status: 256,&#xA;            rusage: {&#xA;                Utime: {&#xA;                    Sec: 0,&#xA;                    Usec: 23400,&#xA;                    Pad_cgo_0: [0, 0, 0, 0],&#xA;                },&#xA;                Stime: {&#xA;                    Sec: 0,&#xA;                    Usec: 9970,&#xA;                    Pad_cgo_0: [0, 0, 0, 0],&#xA;                },&#xA;                Maxrss: 45006848,&#xA;                Ixrss: 0,&#xA;                Idrss: 0,&#xA;                Isrss: 0,&#xA;                Minflt: 3556,&#xA;                Majflt: 3,&#xA;                Nswap: 0,&#xA;                Inblock: 0,&#xA;                Oublock: 0,&#xA;                Msgsnd: 9,&#xA;                Msgrcv: 9,&#xA;                Nsignals: 63,&#xA;                Nvcsw: 47,&#xA;                Nivcsw: 532,&#xA;            },&#xA;        },&#xA;        Stderr: nil,&#xA;    }&#xA;occurred" type="failed">[FAILED] kubectl create namespace head-45bdb83d-end-to-end-connectivity&#xA;Unexpected error:&#xA;    &lt;*exec.ExitError | 0x14000717ee0&gt;: &#xA;    exit status 1&#xA;    {&#xA;        ProcessState: {&#xA;            pid: 54940,&#xA;            status: 256,&#xA;            rusage: {&#xA;                Utime: {&#xA;                    Sec: 0,&#xA;                    Usec: 23400,&#xA;                    Pad_cgo_0: [0, 0, 0, 0],&#xA;                },&#xA;                Stime: {&#xA;                    Sec: 0,&#xA;                    Usec: 9970,&#xA;                    Pad_cgo_0: [0, 0, 0, 0],&#xA;                },&#xA;                Maxrss: 45006848,&#xA;                Ixrss: 0,&#xA;                Idrss: 0,&#xA;                Isrss: 0,&#xA;                Minflt: 3556,&#xA;                Majflt: 3,&#xA;                Nswap: 0,&#xA;                Inblock: 0,&#xA;                Oublock: 0,&#xA;                Msgsnd: 9,&#xA;                Msgrcv: 9,&#xA;                Nsignals: 63,&#xA;                Nvcsw: 47,&#xA;                Nivcsw: 532,&#xA;            },&#xA;        },&#xA;        Stderr: nil,&#xA;    }&#xA;occurred&#xA;In [BeforeAll] at: /Users/antont/ansible_deckhouse/virtualization-full/tests/e2e/vm_connectivity_test.go:63 @ 10/08/25 22:26:12.558&#xA;</failure>
              <system-err>&gt; Enter [BeforeAll] VirtualMachineConnectivity - /Users/antont/ansible_deckhouse/virtualization-full/tests/e2e/vm_connectivity_test.go:57 @ 10/08/25 22:26:12.529&#xA;[FAILED] kubectl create namespace head-45bdb83d-end-to-end-connectivity&#xA;Unexpected error:&#xA;    &lt;*exec.ExitError | 0x14000717ee0&gt;: &#xA;    exit status 1&#xA;    {&#xA;        ProcessState: {&#xA;            pid: 54940,&#xA;            status: 256,&#xA;            rusage: {&#xA;                Utime: {&#xA;                    Sec: 0,&#xA;                    Usec: 23400,&#xA;                    Pad_cgo_0: [0, 0, 0, 0],&#xA;                },&#xA;                Stime: {&#xA;                    Sec: 0,&#xA;                    Usec: 9970,&#xA;                    Pad_cgo_0: [0, 0, 0, 0],&#xA;                },&#xA;                Maxrss: 45006848,&#xA;                Ixrss: 0,&#xA;                Idrss: 0,&#xA;                Isrss: 0,&#xA;                Minflt: 3556,&#xA;                Majflt: 3,&#xA;                Nswap: 0,&#xA;                Inblock: 0,&#xA;                Oublock: 0,&#xA;                Msgsnd: 9,&#xA;                Msgrcv: 9,&#xA;                Nsignals: 63,&#xA;                Nvcsw: 47,&#xA;                Nivcsw: 532,&#xA;            },&#xA;        },&#xA;        Stderr: nil,&#xA;    }&#xA;occurred&#xA;In [BeforeAll] at: /Users/antont/ansible_deckhouse/virtualization-full/tests/e2e/vm_connectivity_test.go:63 @ 10/08/25 22:26:12.558&#xA;&lt; Exit [BeforeAll] VirtualMachineConnectivity - /Users/antont/ansible_deckhouse/virtualization-full/tests/e2e/vm_connectivity_test.go:57 @ 10/08/25 22:26:12.558 (29ms)&#xA;&gt; Enter [AfterEach] VirtualMachineConnectivity - /Users/antont/ansible_deckhouse/virtualization-full/tests/e2e/vm_connectivity_test.go:66 @ 10/08/25 22:26:12.558&#xA;Get resources error:&#xA;cmd: kubectl get virtualization,intvirt,po,volumesnapshot -A -o yaml -l &#39;testcase=vm-connectivity&#39;&#xA;error: exit status 1&#xA;stderr: E1008 22:26:12.585630   54941 memcache.go:265] &#34;Unhandled Error&#34; err=&#34;couldn&#39;t get current server API group list: Get \&#34;http://localhost:8080/api?timeout=32s\&#34;: dial tcp [::1]:8080: connect: connection refused&#34;&#xA;E1008 22:26:12.587240   54941 memcache.go:265] &#34;Unhandled Error&#34; err=&#34;couldn&#39;t get current server API group list: Get \&#34;http://localhost:8080/api?timeout=32s\&#34;: dial tcp [::1]:8080: connect: connection refused&#34;&#xA;E1008 22:26:12.588710   54941 memcache.go:265] &#34;Unhandled Error&#34; err=&#34;couldn&#39;t get current server API group list: Get \&#34;http://localhost:8080/api?timeout=32s\&#34;: dial tcp [::1]:8080: connect: connection refused&#34;&#xA;E1008 22:26:12.590121   54941 memcache.go:265] &#34;Unhandled Error&#34; err=&#34;couldn&#39;t get current server API group list: Get \&#34;http://localhost:8080/api?timeout=32s\&#34;: dial tcp [::1]:8080: connect: connection refused&#34;&#xA;E1008 22:26:12.591563   54941 memcache.go:265] &#34;Unhandled Error&#34; err=&#34;couldn&#39;t get current server API group list: Get \&#34;http://localhost:8080/api?timeout=32s\&#34;: dial tcp [::1]:8080: connect: connection refused&#34;&#xA;E1008 22:26:12.593364   54941 memcache.go:265] &#34;Unhandled Error&#34; err=&#34;couldn&#39;t get current server API group list: Get \&#34;http://localhost:8080/api?timeout=32s\&#34;: dial tcp [::1]:8080: connect: connection refused&#34;&#xA;E1008 22:26:12.594894   54941 memcache.go:265] &#34;Unhandled Error&#34; err=&#34;couldn&#39;t get current server API group list: Get \&#34;http://localhost:8080/api?timeout=32s\&#34;: dial tcp [::1]:8080: connect: connection refused&#34;&#xA;E1008 22:26:12.596423   54941 memcache.go:265] &#34;Unhandled Error&#34; err=&#34;couldn&#39;t get current server API group list: Get \&#34;http://localhost:8080/api?timeout=32s\&#34;: dial tcp [::1]:8080: connect: connection refused&#34;&#xA;The connection to the server localhost:8080 was refused - did you specify the right host or port?&#xA;&#xA;&#xA;&lt; Exit [AfterEach] VirtualMachineConnectivity - /Users/antont/ansible_deckhouse/virtualization-full/tests/e2e/vm_connectivity_test.go:66 @ 10/08/25 22:26:12.598 (40ms)&#xA;</system-err>
          </testcase>
          <testcase name="[It] VirtualMachineConnectivity When virtual images are applied checks VIs phases" classname="Tests" status="skipped" time="0">
              <skipped message="skipped - Spec skipped because an earlier spec in an ordered container failed"></skipped>
              <system-err>[SKIPPED] Spec skipped because an earlier spec in an ordered container failed&#xA;In [It] at: /Users/antont/ansible_deckhouse/virtualization-full/tests/e2e/vm_connectivity_test.go:96 @ 10/08/25 22:26:12.598&#xA;</system-err>
          </testcase>
          <testcase name="[It] VirtualMachineConnectivity When virtual disks are applied checks VDs phases" classname="Tests" status="skipped" time="0">
              <skipped message="skipped - Spec skipped because an earlier spec in an ordered container failed"></skipped>
              <system-err>[SKIPPED] Spec skipped because an earlier spec in an ordered container failed&#xA;In [It] at: /Users/antont/ansible_deckhouse/virtualization-full/tests/e2e/vm_connectivity_test.go:107 @ 10/08/25 22:26:12.598&#xA;</system-err>
          </testcase>
          <testcase name="[It] VirtualMachineConnectivity When virtual machines are applied checks VMs phases" classname="Tests" status="skipped" time="0">
              <skipped message="skipped - Spec skipped because an earlier spec in an ordered container failed"></skipped>
              <system-err>[SKIPPED] Spec skipped because an earlier spec in an ordered container failed&#xA;In [It] at: /Users/antont/ansible_deckhouse/virtualization-full/tests/e2e/vm_connectivity_test.go:118 @ 10/08/25 22:26:12.598&#xA;</system-err>
          </testcase>
          <testcase name="[It] VirtualMachineConnectivity When run curl-helper status should be in Running phase" classname="Tests" status="skipped" time="0">
              <skipped message="skipped - Spec skipped because an earlier spec in an ordered container failed"></skipped>
              <system-err>[SKIPPED] Spec skipped because an earlier spec in an ordered container failed&#xA;In [It] at: /Users/antont/ansible_deckhouse/virtualization-full/tests/e2e/vm_connectivity_test.go:129 @ 10/08/25 22:26:12.598&#xA;</system-err>
          </testcase>
          <testcase name="[It] VirtualMachineConnectivity When virtual machine agents are ready gets VMs and SVCs objects" classname="Tests" status="skipped" time="0">
              <skipped message="skipped - Spec skipped because an earlier spec in an ordered container failed"></skipped>
              <system-err>[SKIPPED] Spec skipped because an earlier spec in an ordered container failed&#xA;In [It] at: /Users/antont/ansible_deckhouse/virtualization-full/tests/e2e/vm_connectivity_test.go:142 @ 10/08/25 22:26:12.598&#xA;</system-err>
          </testcase>
          <testcase name="[It] VirtualMachineConnectivity When virtual machine agents are ready check ssh connection via `d8 v` to VMs" classname="Tests" status="skipped" time="0">
              <skipped message="skipped - Spec skipped because an earlier spec in an ordered container failed"></skipped>
              <system-err>[SKIPPED] Spec skipped because an earlier spec in an ordered container failed&#xA;In [It] at: /Users/antont/ansible_deckhouse/virtualization-full/tests/e2e/vm_connectivity_test.go:166 @ 10/08/25 22:26:12.598&#xA;</system-err>
          </testcase>
          <testcase name="[It] VirtualMachineConnectivity When virtual machine agents are ready checks VMs connection to external network" classname="Tests" status="skipped" time="0">
              <skipped message="skipped - Spec skipped because an earlier spec in an ordered container failed"></skipped>
              <system-err>[SKIPPED] Spec skipped because an earlier spec in an ordered container failed&#xA;In [It] at: /Users/antont/ansible_deckhouse/virtualization-full/tests/e2e/vm_connectivity_test.go:174 @ 10/08/25 22:26:12.598&#xA;</system-err>
          </testcase>
          <testcase name="[It] VirtualMachineConnectivity When virtual machine agents are ready check nginx status via `d8 v` on VMs" classname="Tests" status="skipped" time="0">
              <skipped message="skipped - Spec skipped because an earlier spec in an ordered container failed"></skipped>
              <system-err>[SKIPPED] Spec skipped because an earlier spec in an ordered container failed&#xA;In [It] at: /Users/antont/ansible_deckhouse/virtualization-full/tests/e2e/vm_connectivity_test.go:179 @ 10/08/25 22:26:12.598&#xA;</system-err>
          </testcase>
          <testcase name="[It] VirtualMachineConnectivity When virtual machine agents are ready gets page from service head-45bdb83d-vm-connectivity-a" classname="Tests" status="skipped" time="0">
              <skipped message="skipped - Spec skipped because an earlier spec in an ordered container failed"></skipped>
              <system-err>[SKIPPED] Spec skipped because an earlier spec in an ordered container failed&#xA;In [It] at: /Users/antont/ansible_deckhouse/virtualization-full/tests/e2e/vm_connectivity_test.go:187 @ 10/08/25 22:26:12.599&#xA;</system-err>
          </testcase>
          <testcase name="[It] VirtualMachineConnectivity When virtual machine agents are ready gets page from service head-45bdb83d-vm-connectivity-b" classname="Tests" status="skipped" time="0">
              <skipped message="skipped - Spec skipped because an earlier spec in an ordered container failed"></skipped>
              <system-err>[SKIPPED] Spec skipped because an earlier spec in an ordered container failed&#xA;In [It] at: /Users/antont/ansible_deckhouse/virtualization-full/tests/e2e/vm_connectivity_test.go:198 @ 10/08/25 22:26:12.599&#xA;</system-err>
          </testcase>
          <testcase name="[It] VirtualMachineConnectivity When virtual machine agents are ready changes selector in service head-45bdb83d-vm-connectivity-a with selector from service head-45bdb83d-vm-connectivity-b" classname="Tests" status="skipped" time="0">
              <skipped message="skipped - Spec skipped because an earlier spec in an ordered container failed"></skipped>
              <system-err>[SKIPPED] Spec skipped because an earlier spec in an ordered container failed&#xA;In [It] at: /Users/antont/ansible_deckhouse/virtualization-full/tests/e2e/vm_connectivity_test.go:209 @ 10/08/25 22:26:12.599&#xA;</system-err>
          </testcase>
          <testcase name="[It] VirtualMachineConnectivity When virtual machine agents are ready checks selector in service head-45bdb83d-vm-connectivity-a" classname="Tests" status="skipped" time="0">
              <skipped message="skipped - Spec skipped because an earlier spec in an ordered container failed"></skipped>
              <system-err>[SKIPPED] Spec skipped because an earlier spec in an ordered container failed&#xA;In [It] at: /Users/antont/ansible_deckhouse/virtualization-full/tests/e2e/vm_connectivity_test.go:222 @ 10/08/25 22:26:12.599&#xA;</system-err>
          </testcase>
          <testcase name="[It] VirtualMachineConnectivity When virtual machine agents are ready gets page from service head-45bdb83d-vm-connectivity-a" classname="Tests" status="skipped" time="0">
              <skipped message="skipped - Spec skipped because an earlier spec in an ordered container failed"></skipped>
              <system-err>[SKIPPED] Spec skipped because an earlier spec in an ordered container failed&#xA;In [It] at: /Users/antont/ansible_deckhouse/virtualization-full/tests/e2e/vm_connectivity_test.go:228 @ 10/08/25 22:26:12.599&#xA;</system-err>
          </testcase>
          <testcase name="[It] VirtualMachineConnectivity When virtual machine agents are ready changes back selector in service head-45bdb83d-vm-connectivity-a" classname="Tests" status="skipped" time="0">
              <skipped message="skipped - Spec skipped because an earlier spec in an ordered container failed"></skipped>
              <system-err>[SKIPPED] Spec skipped because an earlier spec in an ordered container failed&#xA;In [It] at: /Users/antont/ansible_deckhouse/virtualization-full/tests/e2e/vm_connectivity_test.go:240 @ 10/08/25 22:26:12.599&#xA;</system-err>
          </testcase>
          <testcase name="[It] VirtualMachineConnectivity When virtual machine agents are ready checks selector in service head-45bdb83d-vm-connectivity-a" classname="Tests" status="skipped" time="0">
              <skipped message="skipped - Spec skipped because an earlier spec in an ordered container failed"></skipped>
              <system-err>[SKIPPED] Spec skipped because an earlier spec in an ordered container failed&#xA;In [It] at: /Users/antont/ansible_deckhouse/virtualization-full/tests/e2e/vm_connectivity_test.go:250 @ 10/08/25 22:26:12.599&#xA;</system-err>
          </testcase>
          <testcase name="[It] VirtualMachineConnectivity When test is completed deletes test case resources" classname="Tests" status="skipped" time="0">
              <skipped message="skipped - Spec skipped because an earlier spec in an ordered container failed"></skipped>
              <system-err>[SKIPPED] Spec skipped because an earlier spec in an ordered container failed&#xA;In [It] at: /Users/antont/ansible_deckhouse/virtualization-full/tests/e2e/vm_connectivity_test.go:258 @ 10/08/25 22:26:12.599&#xA;</system-err>
          </testcase>
          <testcase name="[It] VirtualDiskAttachment When resources are applied result should be succeeded" classname="Tests" status="failed" time="0.067849709">
              <failure message="kubectl create namespace head-45bdb83d-end-to-end-vm-disk-attachment&#xA;Unexpected error:&#xA;    &lt;*exec.ExitError | 0x14000d7c920&gt;: &#xA;    exit status 1&#xA;    {&#xA;        ProcessState: {&#xA;            pid: 54942,&#xA;            status: 256,&#xA;            rusage: {&#xA;                Utime: {&#xA;                    Sec: 0,&#xA;                    Usec: 21743,&#xA;                    Pad_cgo_0: [0, 0, 0, 0],&#xA;                },&#xA;                Stime: {&#xA;                    Sec: 0,&#xA;                    Usec: 8048,&#xA;                    Pad_cgo_0: [0, 0, 0, 0],&#xA;                },&#xA;                Maxrss: 44908544,&#xA;                Ixrss: 0,&#xA;                Idrss: 0,&#xA;                Isrss: 0,&#xA;                Minflt: 3546,&#xA;                Majflt: 3,&#xA;                Nswap: 0,&#xA;                Inblock: 0,&#xA;                Oublock: 0,&#xA;                Msgsnd: 9,&#xA;                Msgrcv: 9,&#xA;                Nsignals: 44,&#xA;                Nvcsw: 27,&#xA;                Nivcsw: 480,&#xA;            },&#xA;        },&#xA;        Stderr: nil,&#xA;    }&#xA;occurred" type="failed">[FAILED] kubectl create namespace head-45bdb83d-end-to-end-vm-disk-attachment&#xA;Unexpected error:&#xA;    &lt;*exec.ExitError | 0x14000d7c920&gt;: &#xA;    exit status 1&#xA;    {&#xA;        ProcessState: {&#xA;            pid: 54942,&#xA;            status: 256,&#xA;            rusage: {&#xA;                Utime: {&#xA;                    Sec: 0,&#xA;                    Usec: 21743,&#xA;                    Pad_cgo_0: [0, 0, 0, 0],&#xA;                },&#xA;                Stime: {&#xA;                    Sec: 0,&#xA;                    Usec: 8048,&#xA;                    Pad_cgo_0: [0, 0, 0, 0],&#xA;                },&#xA;                Maxrss: 44908544,&#xA;                Ixrss: 0,&#xA;                Idrss: 0,&#xA;                Isrss: 0,&#xA;                Minflt: 3546,&#xA;                Majflt: 3,&#xA;                Nswap: 0,&#xA;                Inblock: 0,&#xA;                Oublock: 0,&#xA;                Msgsnd: 9,&#xA;                Msgrcv: 9,&#xA;                Nsignals: 44,&#xA;                Nvcsw: 27,&#xA;                Nivcsw: 480,&#xA;            },&#xA;        },&#xA;        Stderr: nil,&#xA;    }&#xA;occurred&#xA;In [BeforeAll] at: /Users/antont/ansible_deckhouse/virtualization-full/tests/e2e/vm_disk_attachment_test.go:61 @ 10/08/25 22:26:12.626&#xA;</failure>
              <system-err>&gt; Enter [BeforeAll] VirtualDiskAttachment - /Users/antont/ansible_deckhouse/virtualization-full/tests/e2e/vm_disk_attachment_test.go:52 @ 10/08/25 22:26:12.599&#xA;[FAILED] kubectl create namespace head-45bdb83d-end-to-end-vm-disk-attachment&#xA;Unexpected error:&#xA;    &lt;*exec.ExitError | 0x14000d7c920&gt;: &#xA;    exit status 1&#xA;    {&#xA;        ProcessState: {&#xA;            pid: 54942,&#xA;            status: 256,&#xA;            rusage: {&#xA;                Utime: {&#xA;                    Sec: 0,&#xA;                    Usec: 21743,&#xA;                    Pad_cgo_0: [0, 0, 0, 0],&#xA;                },&#xA;                Stime: {&#xA;                    Sec: 0,&#xA;                    Usec: 8048,&#xA;                    Pad_cgo_0: [0, 0, 0, 0],&#xA;                },&#xA;                Maxrss: 44908544,&#xA;                Ixrss: 0,&#xA;                Idrss: 0,&#xA;                Isrss: 0,&#xA;                Minflt: 3546,&#xA;                Majflt: 3,&#xA;                Nswap: 0,&#xA;                Inblock: 0,&#xA;                Oublock: 0,&#xA;                Msgsnd: 9,&#xA;                Msgrcv: 9,&#xA;                Nsignals: 44,&#xA;                Nvcsw: 27,&#xA;                Nivcsw: 480,&#xA;            },&#xA;        },&#xA;        Stderr: nil,&#xA;    }&#xA;occurred&#xA;In [BeforeAll] at: /Users/antont/ansible_deckhouse/virtualization-full/tests/e2e/vm_disk_attachment_test.go:61 @ 10/08/25 22:26:12.626&#xA;&lt; Exit [BeforeAll] VirtualDiskAttachment - /Users/antont/ansible_deckhouse/virtualization-full/tests/e2e/vm_disk_attachment_test.go:52 @ 10/08/25 22:26:12.626 (28ms)&#xA;&gt; Enter [AfterEach] VirtualDiskAttachment - /Users/antont/ansible_deckhouse/virtualization-full/tests/e2e/vm_disk_attachment_test.go:70 @ 10/08/25 22:26:12.626&#xA;Get resources error:&#xA;cmd: kubectl get virtualization,intvirt,po,volumesnapshot -A -o yaml -l &#39;testcase=vm-disk-attachment&#39;&#xA;error: exit status 1&#xA;stderr: E1008 22:26:12.653686   54943 memcache.go:265] &#34;Unhandled Error&#34; err=&#34;couldn&#39;t get current server API group list: Get \&#34;http://localhost:8080/api?timeout=32s\&#34;: dial tcp [::1]:8080: connect: connection refused&#34;&#xA;E1008 22:26:12.655405   54943 memcache.go:265] &#34;Unhandled Error&#34; err=&#34;couldn&#39;t get current server API group list: Get \&#34;http://localhost:8080/api?timeout=32s\&#34;: dial tcp [::1]:8080: connect: connection refused&#34;&#xA;E1008 22:26:12.656928   54943 memcache.go:265] &#34;Unhandled Error&#34; err=&#34;couldn&#39;t get current server API group list: Get \&#34;http://localhost:8080/api?timeout=32s\&#34;: dial tcp [::1]:8080: connect: connection refused&#34;&#xA;E1008 22:26:12.658410   54943 memcache.go:265] &#34;Unhandled Error&#34; err=&#34;couldn&#39;t get current server API group list: Get \&#34;http://localhost:8080/api?timeout=32s\&#34;: dial tcp [::1]:8080: connect: connection refused&#34;&#xA;E1008 22:26:12.659881   54943 memcache.go:265] &#34;Unhandled Error&#34; err=&#34;couldn&#39;t get current server API group list: Get \&#34;http://localhost:8080/api?timeout=32s\&#34;: dial tcp [::1]:8080: connect: connection refused&#34;&#xA;E1008 22:26:12.661336   54943 memcache.go:265] &#34;Unhandled Error&#34; err=&#34;couldn&#39;t get current server API group list: Get \&#34;http://localhost:8080/api?timeout=32s\&#34;: dial tcp [::1]:8080: connect: connection refused&#34;&#xA;E1008 22:26:12.662755   54943 memcache.go:265] &#34;Unhandled Error&#34; err=&#34;couldn&#39;t get current server API group list: Get \&#34;http://localhost:8080/api?timeout=32s\&#34;: dial tcp [::1]:8080: connect: connection refused&#34;&#xA;E1008 22:26:12.664223   54943 memcache.go:265] &#34;Unhandled Error&#34; err=&#34;couldn&#39;t get current server API group list: Get \&#34;http://localhost:8080/api?timeout=32s\&#34;: dial tcp [::1]:8080: connect: connection refused&#34;&#xA;The connection to the server localhost:8080 was refused - did you specify the right host or port?&#xA;&#xA;&#xA;&lt; Exit [AfterEach] VirtualDiskAttachment - /Users/antont/ansible_deckhouse/virtualization-full/tests/e2e/vm_disk_attachment_test.go:70 @ 10/08/25 22:26:12.667 (40ms)&#xA;</system-err>
          </testcase>
          <testcase name="[It] VirtualDiskAttachment When virtual images are applied checks VIs phases" classname="Tests" status="skipped" time="0">
              <skipped message="skipped - Spec skipped because an earlier spec in an ordered container failed"></skipped>
              <system-err>[SKIPPED] Spec skipped because an earlier spec in an ordered container failed&#xA;In [It] at: /Users/antont/ansible_deckhouse/virtualization-full/tests/e2e/vm_disk_attachment_test.go:87 @ 10/08/25 22:26:12.667&#xA;</system-err>
          </testcase>
          <testcase name="[It] VirtualDiskAttachment When virtual disks are applied checks VDs phases" classname="Tests" status="skipped" time="0">
              <skipped message="skipped - Spec skipped because an earlier spec in an ordered container failed"></skipped>
              <system-err>[SKIPPED] Spec skipped because an earlier spec in an ordered container failed&#xA;In [It] at: /Users/antont/ansible_deckhouse/virtualization-full/tests/e2e/vm_disk_attachment_test.go:98 @ 10/08/25 22:26:12.667&#xA;</system-err>
          </testcase>
          <testcase name="[It] VirtualDiskAttachment When virtual machines are applied checks VMs phases" classname="Tests" status="skipped" time="0">
              <skipped message="skipped - Spec skipped because an earlier spec in an ordered container failed"></skipped>
              <system-err>[SKIPPED] Spec skipped because an earlier spec in an ordered container failed&#xA;In [It] at: /Users/antont/ansible_deckhouse/virtualization-full/tests/e2e/vm_disk_attachment_test.go:116 @ 10/08/25 22:26:12.667&#xA;</system-err>
          </testcase>
          <testcase name="[It] VirtualDiskAttachment Attachment When virtual machine agents are ready get disk count before attachment" classname="Tests" status="skipped" time="0">
              <skipped message="skipped - Spec skipped because an earlier spec in an ordered container failed"></skipped>
              <system-err>[SKIPPED] Spec skipped because an earlier spec in an ordered container failed&#xA;In [It] at: /Users/antont/ansible_deckhouse/virtualization-full/tests/e2e/vm_disk_attachment_test.go:128 @ 10/08/25 22:26:12.667&#xA;</system-err>
          </testcase>
          <testcase name="[It] VirtualDiskAttachment Attachment When virtual machine agents are ready attaches virtual disk" classname="Tests" status="skipped" time="0">
              <skipped message="skipped - Spec skipped because an earlier spec in an ordered container failed"></skipped>
              <system-err>[SKIPPED] Spec skipped because an earlier spec in an ordered container failed&#xA;In [It] at: /Users/antont/ansible_deckhouse/virtualization-full/tests/e2e/vm_disk_attachment_test.go:133 @ 10/08/25 22:26:12.667&#xA;</system-err>
          </testcase>
          <testcase name="[It] VirtualDiskAttachment Attachment When virtual machine agents are ready checks VM and VMBDA phases" classname="Tests" status="skipped" time="0">
              <skipped message="skipped - Spec skipped because an earlier spec in an ordered container failed"></skipped>
              <system-err>[SKIPPED] Spec skipped because an earlier spec in an ordered container failed&#xA;In [It] at: /Users/antont/ansible_deckhouse/virtualization-full/tests/e2e/vm_disk_attachment_test.go:136 @ 10/08/25 22:26:12.667&#xA;</system-err>
          </testcase>
          <testcase name="[It] VirtualDiskAttachment Attachment When virtual machine agents are ready compares disk count before and after attachment" classname="Tests" status="skipped" time="0">
              <skipped message="skipped - Spec skipped because an earlier spec in an ordered container failed"></skipped>
              <system-err>[SKIPPED] Spec skipped because an earlier spec in an ordered container failed&#xA;In [It] at: /Users/antont/ansible_deckhouse/virtualization-full/tests/e2e/vm_disk_attachment_test.go:150 @ 10/08/25 22:26:12.667&#xA;</system-err>
          </testcase>
          <testcase name="[It] VirtualDiskAttachment Detachment When virtual machines are in Running phases get disk count before detachment" classname="Tests" status="skipped" time="0">
              <skipped message="skipped - Spec skipped because an earlier spec in an ordered container failed"></skipped>
              <system-err>[SKIPPED] Spec skipped because an earlier spec in an ordered container failed&#xA;In [It] at: /Users/antont/ansible_deckhouse/virtualization-full/tests/e2e/vm_disk_attachment_test.go:166 @ 10/08/25 22:26:12.667&#xA;</system-err>
          </testcase>
          <testcase name="[It] VirtualDiskAttachment Detachment When virtual machines are in Running phases detaches virtual disk" classname="Tests" status="skipped" time="0">
              <skipped message="skipped - Spec skipped because an earlier spec in an ordered container failed"></skipped>
              <system-err>[SKIPPED] Spec skipped because an earlier spec in an ordered container failed&#xA;In [It] at: /Users/antont/ansible_deckhouse/virtualization-full/tests/e2e/vm_disk_attachment_test.go:171 @ 10/08/25 22:26:12.667&#xA;</system-err>
          </testcase>
          <testcase name="[It] VirtualDiskAttachment Detachment When virtual machines are in Running phases checks VM phase" classname="Tests" status="skipped" time="0">
              <skipped message="skipped - Spec skipped because an earlier spec in an ordered container failed"></skipped>
              <system-err>[SKIPPED] Spec skipped because an earlier spec in an ordered container failed&#xA;In [It] at: /Users/antont/ansible_deckhouse/virtualization-full/tests/e2e/vm_disk_attachment_test.go:179 @ 10/08/25 22:26:12.667&#xA;</system-err>
          </testcase>
          <testcase name="[It] VirtualDiskAttachment Detachment When virtual machines are in Running phases compares disk count before and after detachment" classname="Tests" status="skipped" time="0">
              <skipped message="skipped - Spec skipped because an earlier spec in an ordered container failed"></skipped>
              <system-err>[SKIPPED] Spec skipped because an earlier spec in an ordered container failed&#xA;In [It] at: /Users/antont/ansible_deckhouse/virtualization-full/tests/e2e/vm_disk_attachment_test.go:187 @ 10/08/25 22:26:12.667&#xA;</system-err>
          </testcase>
          <testcase name="[It] VirtualDiskAttachment When test is completed deletes test case resources" classname="Tests" status="skipped" time="0">
              <skipped message="skipped - Spec skipped because an earlier spec in an ordered container failed"></skipped>
              <system-err>[SKIPPED] Spec skipped because an earlier spec in an ordered container failed&#xA;In [It] at: /Users/antont/ansible_deckhouse/virtualization-full/tests/e2e/vm_disk_attachment_test.go:201 @ 10/08/25 22:26:12.667&#xA;</system-err>
          </testcase>
          <testcase name="[SynchronizedAfterSuite]" classname="Tests" status="failed" time="0.259357417">
              <failure message="Expected success, but got an error:&#xA;    &lt;*errors.joinError | 0x1400074f878&gt;: &#xA;    the container &#34;virtualization-controller&#34; was not found: virtualization-controller-5f4b76784-4bs9l&#xA;    the container &#34;virtualization-controller&#34; was restarted: virtualization-controller-5f4b76784-f8s9l&#xA;    the container &#34;virtualization-controller&#34; was not found: virtualization-controller-68568fc8d-lph4f&#xA;    {&#xA;        errs: [&#xA;            &lt;*errors.joinError | 0x1400074f860&gt;{&#xA;                errs: [&#xA;                    &lt;*errors.joinError | 0x1400074f848&gt;{&#xA;                        errs: [&#xA;                            &lt;*errors.errorString | 0x14000114c70&gt;{&#xA;                                s: &#34;the container \&#34;virtualization-controller\&#34; was not found: virtualization-controller-5f4b76784-4bs9l&#34;,&#xA;                            },&#xA;                        ],&#xA;                    },&#xA;                    &lt;*errors.errorString | 0x14000114cd0&gt;{&#xA;                        s: &#34;the container \&#34;virtualization-controller\&#34; was restarted: virtualization-controller-5f4b76784-f8s9l&#34;,&#xA;                    },&#xA;                ],&#xA;            },&#xA;            &lt;*errors.errorString | 0x14000114d20&gt;{&#xA;                s: &#34;the container \&#34;virtualization-controller\&#34; was not found: virtualization-controller-68568fc8d-lph4f&#34;,&#xA;            },&#xA;        ],&#xA;    }" type="failed">[FAILED] Expected success, but got an error:&#xA;    &lt;*errors.joinError | 0x1400074f878&gt;: &#xA;    the container &#34;virtualization-controller&#34; was not found: virtualization-controller-5f4b76784-4bs9l&#xA;    the container &#34;virtualization-controller&#34; was restarted: virtualization-controller-5f4b76784-f8s9l&#xA;    the container &#34;virtualization-controller&#34; was not found: virtualization-controller-68568fc8d-lph4f&#xA;    {&#xA;        errs: [&#xA;            &lt;*errors.joinError | 0x1400074f860&gt;{&#xA;                errs: [&#xA;                    &lt;*errors.joinError | 0x1400074f848&gt;{&#xA;                        errs: [&#xA;                            &lt;*errors.errorString | 0x14000114c70&gt;{&#xA;                                s: &#34;the container \&#34;virtualization-controller\&#34; was not found: virtualization-controller-5f4b76784-4bs9l&#34;,&#xA;                            },&#xA;                        ],&#xA;                    },&#xA;                    &lt;*errors.errorString | 0x14000114cd0&gt;{&#xA;                        s: &#34;the container \&#34;virtualization-controller\&#34; was restarted: virtualization-controller-5f4b76784-f8s9l&#34;,&#xA;                    },&#xA;                ],&#xA;            },&#xA;            &lt;*errors.errorString | 0x14000114d20&gt;{&#xA;                s: &#34;the container \&#34;virtualization-controller\&#34; was not found: virtualization-controller-68568fc8d-lph4f&#34;,&#xA;            },&#xA;        ],&#xA;    }&#xA;In [SynchronizedAfterSuite] at: /Users/antont/ansible_deckhouse/virtualization-full/tests/e2e/e2e_test.go:183 @ 10/08/25 22:26:12.926&#xA;</failure>
              <system-err>&gt; Enter [SynchronizedAfterSuite] TOP-LEVEL - /Users/antont/ansible_deckhouse/virtualization-full/tests/e2e/e2e_test.go:182 @ 10/08/25 22:26:12.667&#xA;&lt; Exit [SynchronizedAfterSuite] TOP-LEVEL - /Users/antont/ansible_deckhouse/virtualization-full/tests/e2e/e2e_test.go:182 @ 10/08/25 22:26:12.667 (0s)&#xA;&gt; Enter [SynchronizedAfterSuite] TOP-LEVEL - /Users/antont/ansible_deckhouse/virtualization-full/tests/e2e/e2e_test.go:182 @ 10/08/25 22:26:12.667&#xA;[FAILED] Expected success, but got an error:&#xA;    &lt;*errors.joinError | 0x1400074f878&gt;: &#xA;    the container &#34;virtualization-controller&#34; was not found: virtualization-controller-5f4b76784-4bs9l&#xA;    the container &#34;virtualization-controller&#34; was restarted: virtualization-controller-5f4b76784-f8s9l&#xA;    the container &#34;virtualization-controller&#34; was not found: virtualization-controller-68568fc8d-lph4f&#xA;    {&#xA;        errs: [&#xA;            &lt;*errors.joinError | 0x1400074f860&gt;{&#xA;                errs: [&#xA;                    &lt;*errors.joinError | 0x1400074f848&gt;{&#xA;                        errs: [&#xA;                            &lt;*errors.errorString | 0x14000114c70&gt;{&#xA;                                s: &#34;the container \&#34;virtualization-controller\&#34; was not found: virtualization-controller-5f4b76784-4bs9l&#34;,&#xA;                            },&#xA;                        ],&#xA;                    },&#xA;                    &lt;*errors.errorString | 0x14000114cd0&gt;{&#xA;                        s: &#34;the container \&#34;virtualization-controller\&#34; was restarted: virtualization-controller-5f4b76784-f8s9l&#34;,&#xA;                    },&#xA;                ],&#xA;            },&#xA;            &lt;*errors.errorString | 0x14000114d20&gt;{&#xA;                s: &#34;the container \&#34;virtualization-controller\&#34; was not found: virtualization-controller-68568fc8d-lph4f&#34;,&#xA;            },&#xA;        ],&#xA;    }&#xA;In [SynchronizedAfterSuite] at: /Users/antont/ansible_deckhouse/virtualization-full/tests/e2e/e2e_test.go:183 @ 10/08/25 22:26:12.926&#xA;&lt; Exit [SynchronizedAfterSuite] TOP-LEVEL - /Users/antont/ansible_deckhouse/virtualization-full/tests/e2e/e2e_test.go:182 @ 10/08/25 22:26:12.926 (259ms)&#xA;</system-err>
          </testcase>
          <testcase name="[DeferCleanup (Suite)]" classname="Tests" status="failed" time="2.3904402080000002">
              <failure message="Expected success, but got an error:&#xA;    &lt;*errors.joinError | 0x1400057c018&gt;: &#xA;    cmd: kubectl delete clustervirtualimages.virtualization.deckhouse.io -l &#39;id=head-45bdb83d&#39; --ignore-not-found&#xA;    stderr: E1008 22:26:13.073537   54944 memcache.go:265] &#34;Unhandled Error&#34; err=&#34;couldn&#39;t get current server API group list: Get \&#34;http://localhost:8080/api?timeout=32s\&#34;: dial tcp [::1]:8080: connect: connection refused&#34;&#xA;    E1008 22:26:13.075227   54944 memcache.go:265] &#34;Unhandled Error&#34; err=&#34;couldn&#39;t get current server API group list: Get \&#34;http://localhost:8080/api?timeout=32s\&#34;: dial tcp [::1]:8080: connect: connection refused&#34;&#xA;    E1008 22:26:13.076798   54944 memcache.go:265] &#34;Unhandled Error&#34; err=&#34;couldn&#39;t get current server API group list: Get \&#34;http://localhost:8080/api?timeout=32s\&#34;: dial tcp [::1]:8080: connect: connection refused&#34;&#xA;    E1008 22:26:13.078288   54944 memcache.go:265] &#34;Unhandled Error&#34; err=&#34;couldn&#39;t get current server API group list: Get \&#34;http://localhost:8080/api?timeout=32s\&#34;: dial tcp [::1]:8080: connect: connection refused&#34;&#xA;    E1008 22:26:13.079886   54944 memcache.go:265] &#34;Unhandled Error&#34; err=&#34;couldn&#39;t get current server API group list: Get \&#34;http://localhost:8080/api?timeout=32s\&#34;: dial tcp [::1]:8080: connect: connection refused&#34;&#xA;    E1008 22:26:13.081288   54944 memcache.go:265] &#34;Unhandled Error&#34; err=&#34;couldn&#39;t get current server API group list: Get \&#34;http://localhost:8080/api?timeout=32s\&#34;: dial tcp [::1]:8080: connect: connection refused&#34;&#xA;    E1008 22:26:13.082704   54944 memcache.go:265] &#34;Unhandled Error&#34; err=&#34;couldn&#39;t get current server API group list: Get \&#34;http://localhost:8080/api?timeout=32s\&#34;: dial tcp [::1]:8080: connect: connection refused&#34;&#xA;    The connection to the server localhost:8080 was refused - did you specify the right host or port?&#xA;    &#xA;    cmd: kubectl delete virtualmachineclasses.virtualization.deckhouse.io -l &#39;id=head-45bdb83d&#39; --ignore-not-found&#xA;    stderr: E1008 22:26:13.113967   54945 memcache.go:265] &#34;Unhandled Error&#34; err=&#34;couldn&#39;t get current server API group list: Get \&#34;http://localhost:8080/api?timeout=32s\&#34;: dial tcp [::1]:8080: connect: connection refused&#34;&#xA;    E1008 22:26:13.115514   54945 memcache.go:265] &#34;Unhandled Error&#34; err=&#34;couldn&#39;t get current server API group list: Get \&#34;http://localhost:8080/api?timeout=32s\&#34;: dial tcp [::1]:8080: connect: connection refused&#34;&#xA;    E1008 22:26:13.117068   54945 memcache.go:265] &#34;Unhandled Error&#34; err=&#34;couldn&#39;t get current server API group list: Get \&#34;http://localhost:8080/api?timeout=32s\&#34;: dial tcp [::1]:8080: connect: connection refused&#34;&#xA;    E1008 22:26:13.118515   54945 memcache.go:265] &#34;Unhandled Error&#34; err=&#34;couldn&#39;t get current server API group list: Get \&#34;http://localhost:8080/api?timeout=32s\&#34;: dial tcp [::1]:8080: connect: connection refused&#34;&#xA;    E1008 22:26:13.119944   54945 memcache.go:265] &#34;Unhandled Error&#34; err=&#34;couldn&#39;t get current server API group list: Get \&#34;http://localhost:8080/api?timeout=32s\&#34;: dial tcp [::1]:8080: connect: connection refused&#34;&#xA;    E1008 22:26:13.121836   54945 memcache.go:265] &#34;Unhandled Error&#34; err=&#34;couldn&#39;t get current server API group list: Get \&#34;http://localhost:8080/api?timeout=32s\&#34;: dial tcp [::1]:8080: connect: connection refused&#34;&#xA;    E1008 22:26:13.123324   54945 memcache.go:265] &#34;Unhandled Error&#34; err=&#34;couldn&#39;t get current server API group list: Get \&#34;http://localhost:8080/api?timeout=32s\&#34;: dial tcp [::1]:8080: connect: connection refused&#34;&#xA;    The connection to the server localhost:8080 was refused - did you specify the right host or port?&#xA;    &#xA;    cmd: kubectl delete virtualmachineipaddressleases.virtualization.deckhouse.io -l &#39;id=head-45bdb83d&#39; --ignore-not-found&#xA;    stderr: E1008 22:26:13.154184   54946 memcache.go:265] &#34;Unhandled Error&#34; err=&#34;couldn&#39;t get current server API group list: Get \&#34;http://localhost:8080/api?timeout=32s\&#34;: dial tcp [::1]:8080: connect: connection refused&#34;&#xA;    E1008 22:26:13.155687   54946 memcache.go:265] &#34;Unhandled Error&#34; err=&#34;couldn&#39;t get current server API group list: Get \&#34;http://localhost:8080/api?timeout=32s\&#34;: dial tcp [::1]:8080: connect: connection refused&#34;&#xA;    E1008 22:26:13.157264   54946 memcache.go:265] &#34;Unhandled Error&#34; err=&#34;couldn&#39;t get current server API group list: Get \&#34;http://localhost:8080/api?timeout=32s\&#34;: dial tcp [::1]:8080: connect: connection refused&#34;&#xA;    E1008 22:26:13.158751   54946 memcache.go:265] &#34;Unhandled Error&#34; err=&#34;couldn&#39;t get current server API group list: Get \&#34;http://localhost:8080/api?timeout=32s\&#34;: dial tcp [::1]:8080: connect: connection refused&#34;&#xA;    E1008 22:26:13.160227   54946 memcache.go:265] &#34;Unhandled Error&#34; err=&#34;couldn&#39;t get current server API group list: Get \&#34;http://localhost:8080/api?timeout=32s\&#34;: dial tcp [::1]:8080: connect: connection refused&#34;&#xA;    E1008 22:26:13.161803   54946 memcache.go:265] &#34;Unhandled Error&#34; err=&#34;couldn&#39;t get current server API group list: Get \&#34;http://localhost:8080/api?timeout=32s\&#34;: dial tcp [::1]:8080: connect: connection refused&#34;&#xA;    E1008 22:26:13.163423   54946 memcache.go:265] &#34;Unhandled Error&#34; err=&#34;couldn&#39;t get current server API group list: Get \&#34;http://localhost:8080/api?timeout=32s\&#34;: dial tcp [::1]:8080: connect: connection refused&#34;&#xA;    The connection to the server localhost:8080 was refused - did you specify the right host or port?&#xA;    &#xA;    {&#xA;        errs: [&#xA;            &lt;*errors.joinError | 0x1400000e5b8&gt;{&#xA;                errs: [&#xA;                    &lt;*errors.joinError | 0x1400000e408&gt;{&#xA;                        errs: [&#xA;                            &lt;*errors.errorString | 0x1400069c200&gt;{&#xA;                                s: &#34;cmd: kubectl delete clustervirtualimages.virtualization.deckhouse.io -l &#39;id=head-45bdb83d&#39; --ignore-not-found\nstderr: E1008 22:26:13.073537   54944 memcache.go:265] \&#34;Unhandled Error\&#34; err=\&#34;couldn&#39;t get current server API group list: Get \\\&#34;http://localhost:8080/api?timeout=32s\\\&#34;: dial tcp [::1]:8080: connect: connection refused\&#34;\nE1008 22:26:13.075227   54944 memcache.go:265] \&#34;Unhandled Error\&#34; err=\&#34;couldn&#39;t get current server API group list: Get \\\&#34;http://localhost:8080/api?timeout=32s\\\&#34;: dial tcp [::1]:8080: connect: connection refused\&#34;\nE1008 22:26:13.076798   54944 memcache.go:265] \&#34;Unhandled Error\&#34; err=\&#34;couldn&#39;t get current server API group list: Get \\\&#34;http://localhost:8080/api?timeout=32s\\\&#34;: dial tcp [::1]:8080: connect: connection refused\&#34;\nE1008 22:26:13.078288   54944 memcache.go:265] \&#34;Unhandled Error\&#34; err=\&#34;couldn&#39;t get current server API group list: Get \\\&#34;http://localhost:8080/api?timeout=32s\\\&#34;: dial tcp [::1]:8080: connect: connection refused\&#34;\nE1008 22:26:13.079886   54944 memcache.go:265] \&#34;Unhandled Error\&#34; err=\&#34;couldn&#39;t get current server API group list: Get \\\&#34;http://localhost:8080/api?timeout=32s\\\&#34;: dial tcp [::1]:8080: connect: connection refused\&#34;\nE1008 22:26:13.081288   54944 memcache.go:265] \&#34;Unhandled Error\&#34; err=\&#34;couldn&#39;t get current server API group list: Get \\\&#34;http://localhost:8080/api?timeout=32s\\\&#34;: dial tcp [::1]:8080: connect: connection refused\&#34;\nE1008 22:26:13.082704   54944 memcache.go:265] \&#34;Unhandled Error\&#34; err=\&#34;couldn&#39;t get current server API group list: Get \\\&#34;http://localhost:8080/api?timeout=32s\\\&#34;: dial tcp [::1]:8080: connect: connection refused\&#34;\nThe connection to the server localhost:8080 was refused - did you specify the right host or port?\n&#34;,&#xA;                            },&#xA;                        ],&#xA;                    },&#xA;                    &lt;*errors.errorString | 0x1400069ccb0&gt;{&#xA;                        s: &#34;cmd: kubectl delete virtualmachineclasses.virtualization.deckhouse.io -l &#39;id=head-45bdb83d&#39; --ignore-not-found\nstderr: E1008 22:26:13.113967   54945 memcache.go:265] \&#34;Unhandled Error\&#34; err=\&#34;couldn&#39;t get current server API group list: Get \\\&#34;http://localhost:8080/api?timeout=32s\\\&#34;: dial tcp [::1]:8080: connect: connection refused\&#34;\nE1008 22:26:13.115514   54945 memcache.go:265] \&#34;Unhandled Error\&#34; err=\&#34;couldn&#39;t get current server API group list: Get \\\&#34;http://localhost:8080/api?timeout=32s\\\&#34;: dial tcp [::1]:8080: connect: connection refused\&#34;\nE1008 22:26:13.117068   54945 memcache.go:265] \&#34;Unhandled Error\&#34; err=\&#34;couldn&#39;t get current server API group list: Get \\\&#34;http://localhost:8080/api?timeout=32s\\\&#34;: dial tcp [::1]:8080: connect: connection refused\&#34;\nE1008 22:26:13.118515   54945 memcache.go:265] \&#34;Unhandled Error\&#34; err=\&#34;couldn&#39;t get current server API group list: Get \\\&#34;http://localhost:8080/api?timeout=32s\\\&#34;: dial tcp [::1]:8080: connect: connection refused\&#34;\nE1008 22:26:13.119944   54945 memcache.go:265] \&#34;Unhandled Error\&#34; err=\&#34;couldn&#39;t get current server API group list: Get \\\&#34;http://localhost:8080/api?timeout=32s\\\&#34;: dial tcp [::1]:8080: connect: connection refused\&#34;\nE1008 22:26:13.121836   54945 memcache.go:265] \&#34;Unhandled Error\&#34; err=\&#34;couldn&#39;t get current server API group list: Get \\\&#34;http://localhost:8080/api?timeout=32s\\\&#34;: dial tcp [::1]:8080: connect: connection refused\&#34;\nE1008 22:26:13.123324   54945 memcache.go:265] \&#34;Unhandled Error\&#34; err=\&#34;couldn&#39;t get current server API group list: Get \\\&#34;http://localhost:8080/api?timeout=32s\\\&#34;: dial tcp [::1]:8080: connect: connection refused\&#34;\nThe connection to the server localhost:8080 was refused - did you specify the right host or port?\n&#34;,&#xA;                    },&#xA;   ...&#xA;&#xA;Gomega truncated this representation as it exceeds &#39;format.MaxLength&#39;.&#xA;Consider having the object provide a custom &#39;GomegaStringer&#39; representation&#xA;or adjust the parameters in Gomega&#39;s &#39;format&#39; package.&#xA;&#xA;Learn more here: https://onsi.github.io/gomega/#adjusting-output&#xA;" type="failed">[FAILED] Expected success, but got an error:&#xA;    &lt;*errors.joinError | 0x1400057c018&gt;: &#xA;    cmd: kubectl delete clustervirtualimages.virtualization.deckhouse.io -l &#39;id=head-45bdb83d&#39; --ignore-not-found&#xA;    stderr: E1008 22:26:13.073537   54944 memcache.go:265] &#34;Unhandled Error&#34; err=&#34;couldn&#39;t get current server API group list: Get \&#34;http://localhost:8080/api?timeout=32s\&#34;: dial tcp [::1]:8080: connect: connection refused&#34;&#xA;    E1008 22:26:13.075227   54944 memcache.go:265] &#34;Unhandled Error&#34; err=&#34;couldn&#39;t get current server API group list: Get \&#34;http://localhost:8080/api?timeout=32s\&#34;: dial tcp [::1]:8080: connect: connection refused&#34;&#xA;    E1008 22:26:13.076798   54944 memcache.go:265] &#34;Unhandled Error&#34; err=&#34;couldn&#39;t get current server API group list: Get \&#34;http://localhost:8080/api?timeout=32s\&#34;: dial tcp [::1]:8080: connect: connection refused&#34;&#xA;    E1008 22:26:13.078288   54944 memcache.go:265] &#34;Unhandled Error&#34; err=&#34;couldn&#39;t get current server API group list: Get \&#34;http://localhost:8080/api?timeout=32s\&#34;: dial tcp [::1]:8080: connect: connection refused&#34;&#xA;    E1008 22:26:13.079886   54944 memcache.go:265] &#34;Unhandled Error&#34; err=&#34;couldn&#39;t get current server API group list: Get \&#34;http://localhost:8080/api?timeout=32s\&#34;: dial tcp [::1]:8080: connect: connection refused&#34;&#xA;    E1008 22:26:13.081288   54944 memcache.go:265] &#34;Unhandled Error&#34; err=&#34;couldn&#39;t get current server API group list: Get \&#34;http://localhost:8080/api?timeout=32s\&#34;: dial tcp [::1]:8080: connect: connection refused&#34;&#xA;    E1008 22:26:13.082704   54944 memcache.go:265] &#34;Unhandled Error&#34; err=&#34;couldn&#39;t get current server API group list: Get \&#34;http://localhost:8080/api?timeout=32s\&#34;: dial tcp [::1]:8080: connect: connection refused&#34;&#xA;    The connection to the server localhost:8080 was refused - did you specify the right host or port?&#xA;    &#xA;    cmd: kubectl delete virtualmachineclasses.virtualization.deckhouse.io -l &#39;id=head-45bdb83d&#39; --ignore-not-found&#xA;    stderr: E1008 22:26:13.113967   54945 memcache.go:265] &#34;Unhandled Error&#34; err=&#34;couldn&#39;t get current server API group list: Get \&#34;http://localhost:8080/api?timeout=32s\&#34;: dial tcp [::1]:8080: connect: connection refused&#34;&#xA;    E1008 22:26:13.115514   54945 memcache.go:265] &#34;Unhandled Error&#34; err=&#34;couldn&#39;t get current server API group list: Get \&#34;http://localhost:8080/api?timeout=32s\&#34;: dial tcp [::1]:8080: connect: connection refused&#34;&#xA;    E1008 22:26:13.117068   54945 memcache.go:265] &#34;Unhandled Error&#34; err=&#34;couldn&#39;t get current server API group list: Get \&#34;http://localhost:8080/api?timeout=32s\&#34;: dial tcp [::1]:8080: connect: connection refused&#34;&#xA;    E1008 22:26:13.118515   54945 memcache.go:265] &#34;Unhandled Error&#34; err=&#34;couldn&#39;t get current server API group list: Get \&#34;http://localhost:8080/api?timeout=32s\&#34;: dial tcp [::1]:8080: connect: connection refused&#34;&#xA;    E1008 22:26:13.119944   54945 memcache.go:265] &#34;Unhandled Error&#34; err=&#34;couldn&#39;t get current server API group list: Get \&#34;http://localhost:8080/api?timeout=32s\&#34;: dial tcp [::1]:8080: connect: connection refused&#34;&#xA;    E1008 22:26:13.121836   54945 memcache.go:265] &#34;Unhandled Error&#34; err=&#34;couldn&#39;t get current server API group list: Get \&#34;http://localhost:8080/api?timeout=32s\&#34;: dial tcp [::1]:8080: connect: connection refused&#34;&#xA;    E1008 22:26:13.123324   54945 memcache.go:265] &#34;Unhandled Error&#34; err=&#34;couldn&#39;t get current server API group list: Get \&#34;http://localhost:8080/api?timeout=32s\&#34;: dial tcp [::1]:8080: connect: connection refused&#34;&#xA;    The connection to the server localhost:8080 was refused - did you specify the right host or port?&#xA;    &#xA;    cmd: kubectl delete virtualmachineipaddressleases.virtualization.deckhouse.io -l &#39;id=head-45bdb83d&#39; --ignore-not-found&#xA;    stderr: E1008 22:26:13.154184   54946 memcache.go:265] &#34;Unhandled Error&#34; err=&#34;couldn&#39;t get current server API group list: Get \&#34;http://localhost:8080/api?timeout=32s\&#34;: dial tcp [::1]:8080: connect: connection refused&#34;&#xA;    E1008 22:26:13.155687   54946 memcache.go:265] &#34;Unhandled Error&#34; err=&#34;couldn&#39;t get current server API group list: Get \&#34;http://localhost:8080/api?timeout=32s\&#34;: dial tcp [::1]:8080: connect: connection refused&#34;&#xA;    E1008 22:26:13.157264   54946 memcache.go:265] &#34;Unhandled Error&#34; err=&#34;couldn&#39;t get current server API group list: Get \&#34;http://localhost:8080/api?timeout=32s\&#34;: dial tcp [::1]:8080: connect: connection refused&#34;&#xA;    E1008 22:26:13.158751   54946 memcache.go:265] &#34;Unhandled Error&#34; err=&#34;couldn&#39;t get current server API group list: Get \&#34;http://localhost:8080/api?timeout=32s\&#34;: dial tcp [::1]:8080: connect: connection refused&#34;&#xA;    E1008 22:26:13.160227   54946 memcache.go:265] &#34;Unhandled Error&#34; err=&#34;couldn&#39;t get current server API group list: Get \&#34;http://localhost:8080/api?timeout=32s\&#34;: dial tcp [::1]:8080: connect: connection refused&#34;&#xA;    E1008 22:26:13.161803   54946 memcache.go:265] &#34;Unhandled Error&#34; err=&#34;couldn&#39;t get current server API group list: Get \&#34;http://localhost:8080/api?timeout=32s\&#34;: dial tcp [::1]:8080: connect: connection refused&#34;&#xA;    E1008 22:26:13.163423   54946 memcache.go:265] &#34;Unhandled Error&#34; err=&#34;couldn&#39;t get current server API group list: Get \&#34;http://localhost:8080/api?timeout=32s\&#34;: dial tcp [::1]:8080: connect: connection refused&#34;&#xA;    The connection to the server localhost:8080 was refused - did you specify the right host or port?&#xA;    &#xA;    {&#xA;        errs: [&#xA;            &lt;*errors.joinError | 0x1400000e5b8&gt;{&#xA;                errs: [&#xA;                    &lt;*errors.joinError | 0x1400000e408&gt;{&#xA;                        errs: [&#xA;                            &lt;*errors.errorString | 0x1400069c200&gt;{&#xA;                                s: &#34;cmd: kubectl delete clustervirtualimages.virtualization.deckhouse.io -l &#39;id=head-45bdb83d&#39; --ignore-not-found\nstderr: E1008 22:26:13.073537   54944 memcache.go:265] \&#34;Unhandled Error\&#34; err=\&#34;couldn&#39;t get current server API group list: Get \\\&#34;http://localhost:8080/api?timeout=32s\\\&#34;: dial tcp [::1]:8080: connect: connection refused\&#34;\nE1008 22:26:13.075227   54944 memcache.go:265] \&#34;Unhandled Error\&#34; err=\&#34;couldn&#39;t get current server API group list: Get \\\&#34;http://localhost:8080/api?timeout=32s\\\&#34;: dial tcp [::1]:8080: connect: connection refused\&#34;\nE1008 22:26:13.076798   54944 memcache.go:265] \&#34;Unhandled Error\&#34; err=\&#34;couldn&#39;t get current server API group list: Get \\\&#34;http://localhost:8080/api?timeout=32s\\\&#34;: dial tcp [::1]:8080: connect: connection refused\&#34;\nE1008 22:26:13.078288   54944 memcache.go:265] \&#34;Unhandled Error\&#34; err=\&#34;couldn&#39;t get current server API group list: Get \\\&#34;http://localhost:8080/api?timeout=32s\\\&#34;: dial tcp [::1]:8080: connect: connection refused\&#34;\nE1008 22:26:13.079886   54944 memcache.go:265] \&#34;Unhandled Error\&#34; err=\&#34;couldn&#39;t get current server API group list: Get \\\&#34;http://localhost:8080/api?timeout=32s\\\&#34;: dial tcp [::1]:8080: connect: connection refused\&#34;\nE1008 22:26:13.081288   54944 memcache.go:265] \&#34;Unhandled Error\&#34; err=\&#34;couldn&#39;t get current server API group list: Get \\\&#34;http://localhost:8080/api?timeout=32s\\\&#34;: dial tcp [::1]:8080: connect: connection refused\&#34;\nE1008 22:26:13.082704   54944 memcache.go:265] \&#34;Unhandled Error\&#34; err=\&#34;couldn&#39;t get current server API group list: Get \\\&#34;http://localhost:8080/api?timeout=32s\\\&#34;: dial tcp [::1]:8080: connect: connection refused\&#34;\nThe connection to the server localhost:8080 was refused - did you specify the right host or port?\n&#34;,&#xA;                            },&#xA;                        ],&#xA;                    },&#xA;                    &lt;*errors.errorString | 0x1400069ccb0&gt;{&#xA;                        s: &#34;cmd: kubectl delete virtualmachineclasses.virtualization.deckhouse.io -l &#39;id=head-45bdb83d&#39; --ignore-not-found\nstderr: E1008 22:26:13.113967   54945 memcache.go:265] \&#34;Unhandled Error\&#34; err=\&#34;couldn&#39;t get current server API group list: Get \\\&#34;http://localhost:8080/api?timeout=32s\\\&#34;: dial tcp [::1]:8080: connect: connection refused\&#34;\nE1008 22:26:13.115514   54945 memcache.go:265] \&#34;Unhandled Error\&#34; err=\&#34;couldn&#39;t get current server API group list: Get \\\&#34;http://localhost:8080/api?timeout=32s\\\&#34;: dial tcp [::1]:8080: connect: connection refused\&#34;\nE1008 22:26:13.117068   54945 memcache.go:265] \&#34;Unhandled Error\&#34; err=\&#34;couldn&#39;t get current server API group list: Get \\\&#34;http://localhost:8080/api?timeout=32s\\\&#34;: dial tcp [::1]:8080: connect: connection refused\&#34;\nE1008 22:26:13.118515   54945 memcache.go:265] \&#34;Unhandled Error\&#34; err=\&#34;couldn&#39;t get current server API group list: Get \\\&#34;http://localhost:8080/api?timeout=32s\\\&#34;: dial tcp [::1]:8080: connect: connection refused\&#34;\nE1008 22:26:13.119944   54945 memcache.go:265] \&#34;Unhandled Error\&#34; err=\&#34;couldn&#39;t get current server API group list: Get \\\&#34;http://localhost:8080/api?timeout=32s\\\&#34;: dial tcp [::1]:8080: connect: connection refused\&#34;\nE1008 22:26:13.121836   54945 memcache.go:265] \&#34;Unhandled Error\&#34; err=\&#34;couldn&#39;t get current server API group list: Get \\\&#34;http://localhost:8080/api?timeout=32s\\\&#34;: dial tcp [::1]:8080: connect: connection refused\&#34;\nE1008 22:26:13.123324   54945 memcache.go:265] \&#34;Unhandled Error\&#34; err=\&#34;couldn&#39;t get current server API group list: Get \\\&#34;http://localhost:8080/api?timeout=32s\\\&#34;: dial tcp [::1]:8080: connect: connection refused\&#34;\nThe connection to the server localhost:8080 was refused - did you specify the right host or port?\n&#34;,&#xA;                    },&#xA;   ...&#xA;&#xA;Gomega truncated this representation as it exceeds &#39;format.MaxLength&#39;.&#xA;Consider having the object provide a custom &#39;GomegaStringer&#39; representation&#xA;or adjust the parameters in Gomega&#39;s &#39;format&#39; package.&#xA;&#xA;Learn more here: https://onsi.github.io/gomega/#adjusting-output&#xA;In [DeferCleanup (Suite)] at: /Users/antont/ansible_deckhouse/virtualization-full/tests/e2e/e2e_test.go:177 @ 10/08/25 22:26:15.317&#xA;</failure>
              <system-err>&gt; Enter [DeferCleanup (Suite)] TOP-LEVEL - /Users/antont/ansible_deckhouse/virtualization-full/tests/e2e/e2e_test.go:175 @ 10/08/25 22:26:12.926&#xA;[FAILED] Expected success, but got an error:&#xA;    &lt;*errors.joinError | 0x1400057c018&gt;: &#xA;    cmd: kubectl delete clustervirtualimages.virtualization.deckhouse.io -l &#39;id=head-45bdb83d&#39; --ignore-not-found&#xA;    stderr: E1008 22:26:13.073537   54944 memcache.go:265] &#34;Unhandled Error&#34; err=&#34;couldn&#39;t get current server API group list: Get \&#34;http://localhost:8080/api?timeout=32s\&#34;: dial tcp [::1]:8080: connect: connection refused&#34;&#xA;    E1008 22:26:13.075227   54944 memcache.go:265] &#34;Unhandled Error&#34; err=&#34;couldn&#39;t get current server API group list: Get \&#34;http://localhost:8080/api?timeout=32s\&#34;: dial tcp [::1]:8080: connect: connection refused&#34;&#xA;    E1008 22:26:13.076798   54944 memcache.go:265] &#34;Unhandled Error&#34; err=&#34;couldn&#39;t get current server API group list: Get \&#34;http://localhost:8080/api?timeout=32s\&#34;: dial tcp [::1]:8080: connect: connection refused&#34;&#xA;    E1008 22:26:13.078288   54944 memcache.go:265] &#34;Unhandled Error&#34; err=&#34;couldn&#39;t get current server API group list: Get \&#34;http://localhost:8080/api?timeout=32s\&#34;: dial tcp [::1]:8080: connect: connection refused&#34;&#xA;    E1008 22:26:13.079886   54944 memcache.go:265] &#34;Unhandled Error&#34; err=&#34;couldn&#39;t get current server API group list: Get \&#34;http://localhost:8080/api?timeout=32s\&#34;: dial tcp [::1]:8080: connect: connection refused&#34;&#xA;    E1008 22:26:13.081288   54944 memcache.go:265] &#34;Unhandled Error&#34; err=&#34;couldn&#39;t get current server API group list: Get \&#34;http://localhost:8080/api?timeout=32s\&#34;: dial tcp [::1]:8080: connect: connection refused&#34;&#xA;    E1008 22:26:13.082704   54944 memcache.go:265] &#34;Unhandled Error&#34; err=&#34;couldn&#39;t get current server API group list: Get \&#34;http://localhost:8080/api?timeout=32s\&#34;: dial tcp [::1]:8080: connect: connection refused&#34;&#xA;    The connection to the server localhost:8080 was refused - did you specify the right host or port?&#xA;    &#xA;    cmd: kubectl delete virtualmachineclasses.virtualization.deckhouse.io -l &#39;id=head-45bdb83d&#39; --ignore-not-found&#xA;    stderr: E1008 22:26:13.113967   54945 memcache.go:265] &#34;Unhandled Error&#34; err=&#34;couldn&#39;t get current server API group list: Get \&#34;http://localhost:8080/api?timeout=32s\&#34;: dial tcp [::1]:8080: connect: connection refused&#34;&#xA;    E1008 22:26:13.115514   54945 memcache.go:265] &#34;Unhandled Error&#34; err=&#34;couldn&#39;t get current server API group list: Get \&#34;http://localhost:8080/api?timeout=32s\&#34;: dial tcp [::1]:8080: connect: connection refused&#34;&#xA;    E1008 22:26:13.117068   54945 memcache.go:265] &#34;Unhandled Error&#34; err=&#34;couldn&#39;t get current server API group list: Get \&#34;http://localhost:8080/api?timeout=32s\&#34;: dial tcp [::1]:8080: connect: connection refused&#34;&#xA;    E1008 22:26:13.118515   54945 memcache.go:265] &#34;Unhandled Error&#34; err=&#34;couldn&#39;t get current server API group list: Get \&#34;http://localhost:8080/api?timeout=32s\&#34;: dial tcp [::1]:8080: connect: connection refused&#34;&#xA;    E1008 22:26:13.119944   54945 memcache.go:265] &#34;Unhandled Error&#34; err=&#34;couldn&#39;t get current server API group list: Get \&#34;http://localhost:8080/api?timeout=32s\&#34;: dial tcp [::1]:8080: connect: connection refused&#34;&#xA;    E1008 22:26:13.121836   54945 memcache.go:265] &#34;Unhandled Error&#34; err=&#34;couldn&#39;t get current server API group list: Get \&#34;http://localhost:8080/api?timeout=32s\&#34;: dial tcp [::1]:8080: connect: connection refused&#34;&#xA;    E1008 22:26:13.123324   54945 memcache.go:265] &#34;Unhandled Error&#34; err=&#34;couldn&#39;t get current server API group list: Get \&#34;http://localhost:8080/api?timeout=32s\&#34;: dial tcp [::1]:8080: connect: connection refused&#34;&#xA;    The connection to the server localhost:8080 was refused - did you specify the right host or port?&#xA;    &#xA;    cmd: kubectl delete virtualmachineipaddressleases.virtualization.deckhouse.io -l &#39;id=head-45bdb83d&#39; --ignore-not-found&#xA;    stderr: E1008 22:26:13.154184   54946 memcache.go:265] &#34;Unhandled Error&#34; err=&#34;couldn&#39;t get current server API group list: Get \&#34;http://localhost:8080/api?timeout=32s\&#34;: dial tcp [::1]:8080: connect: connection refused&#34;&#xA;    E1008 22:26:13.155687   54946 memcache.go:265] &#34;Unhandled Error&#34; err=&#34;couldn&#39;t get current server API group list: Get \&#34;http://localhost:8080/api?timeout=32s\&#34;: dial tcp [::1]:8080: connect: connection refused&#34;&#xA;    E1008 22:26:13.157264   54946 memcache.go:265] &#34;Unhandled Error&#34; err=&#34;couldn&#39;t get current server API group list: Get \&#34;http://localhost:8080/api?timeout=32s\&#34;: dial tcp [::1]:8080: connect: connection refused&#34;&#xA;    E1008 22:26:13.158751   54946 memcache.go:265] &#34;Unhandled Error&#34; err=&#34;couldn&#39;t get current server API group list: Get \&#34;http://localhost:8080/api?timeout=32s\&#34;: dial tcp [::1]:8080: connect: connection refused&#34;&#xA;    E1008 22:26:13.160227   54946 memcache.go:265] &#34;Unhandled Error&#34; err=&#34;couldn&#39;t get current server API group list: Get \&#34;http://localhost:8080/api?timeout=32s\&#34;: dial tcp [::1]:8080: connect: connection refused&#34;&#xA;    E1008 22:26:13.161803   54946 memcache.go:265] &#34;Unhandled Error&#34; err=&#34;couldn&#39;t get current server API group list: Get \&#34;http://localhost:8080/api?timeout=32s\&#34;: dial tcp [::1]:8080: connect: connection refused&#34;&#xA;    E1008 22:26:13.163423   54946 memcache.go:265] &#34;Unhandled Error&#34; err=&#34;couldn&#39;t get current server API group list: Get \&#34;http://localhost:8080/api?timeout=32s\&#34;: dial tcp [::1]:8080: connect: connection refused&#34;&#xA;    The connection to the server localhost:8080 was refused - did you specify the right host or port?&#xA;    &#xA;    {&#xA;        errs: [&#xA;            &lt;*errors.joinError | 0x1400000e5b8&gt;{&#xA;                errs: [&#xA;                    &lt;*errors.joinError | 0x1400000e408&gt;{&#xA;                        errs: [&#xA;                            &lt;*errors.errorString | 0x1400069c200&gt;{&#xA;                                s: &#34;cmd: kubectl delete clustervirtualimages.virtualization.deckhouse.io -l &#39;id=head-45bdb83d&#39; --ignore-not-found\nstderr: E1008 22:26:13.073537   54944 memcache.go:265] \&#34;Unhandled Error\&#34; err=\&#34;couldn&#39;t get current server API group list: Get \\\&#34;http://localhost:8080/api?timeout=32s\\\&#34;: dial tcp [::1]:8080: connect: connection refused\&#34;\nE1008 22:26:13.075227   54944 memcache.go:265] \&#34;Unhandled Error\&#34; err=\&#34;couldn&#39;t get current server API group list: Get \\\&#34;http://localhost:8080/api?timeout=32s\\\&#34;: dial tcp [::1]:8080: connect: connection refused\&#34;\nE1008 22:26:13.076798   54944 memcache.go:265] \&#34;Unhandled Error\&#34; err=\&#34;couldn&#39;t get current server API group list: Get \\\&#34;http://localhost:8080/api?timeout=32s\\\&#34;: dial tcp [::1]:8080: connect: connection refused\&#34;\nE1008 22:26:13.078288   54944 memcache.go:265] \&#34;Unhandled Error\&#34; err=\&#34;couldn&#39;t get current server API group list: Get \\\&#34;http://localhost:8080/api?timeout=32s\\\&#34;: dial tcp [::1]:8080: connect: connection refused\&#34;\nE1008 22:26:13.079886   54944 memcache.go:265] \&#34;Unhandled Error\&#34; err=\&#34;couldn&#39;t get current server API group list: Get \\\&#34;http://localhost:8080/api?timeout=32s\\\&#34;: dial tcp [::1]:8080: connect: connection refused\&#34;\nE1008 22:26:13.081288   54944 memcache.go:265] \&#34;Unhandled Error\&#34; err=\&#34;couldn&#39;t get current server API group list: Get \\\&#34;http://localhost:8080/api?timeout=32s\\\&#34;: dial tcp [::1]:8080: connect: connection refused\&#34;\nE1008 22:26:13.082704   54944 memcache.go:265] \&#34;Unhandled Error\&#34; err=\&#34;couldn&#39;t get current server API group list: Get \\\&#34;http://localhost:8080/api?timeout=32s\\\&#34;: dial tcp [::1]:8080: connect: connection refused\&#34;\nThe connection to the server localhost:8080 was refused - did you specify the right host or port?\n&#34;,&#xA;                            },&#xA;                        ],&#xA;                    },&#xA;                    &lt;*errors.errorString | 0x1400069ccb0&gt;{&#xA;                        s: &#34;cmd: kubectl delete virtualmachineclasses.virtualization.deckhouse.io -l &#39;id=head-45bdb83d&#39; --ignore-not-found\nstderr: E1008 22:26:13.113967   54945 memcache.go:265] \&#34;Unhandled Error\&#34; err=\&#34;couldn&#39;t get current server API group list: Get \\\&#34;http://localhost:8080/api?timeout=32s\\\&#34;: dial tcp [::1]:8080: connect: connection refused\&#34;\nE1008 22:26:13.115514   54945 memcache.go:265] \&#34;Unhandled Error\&#34; err=\&#34;couldn&#39;t get current server API group list: Get \\\&#34;http://localhost:8080/api?timeout=32s\\\&#34;: dial tcp [::1]:8080: connect: connection refused\&#34;\nE1008 22:26:13.117068   54945 memcache.go:265] \&#34;Unhandled Error\&#34; err=\&#34;couldn&#39;t get current server API group list: Get \\\&#34;http://localhost:8080/api?timeout=32s\\\&#34;: dial tcp [::1]:8080: connect: connection refused\&#34;\nE1008 22:26:13.118515   54945 memcache.go:265] \&#34;Unhandled Error\&#34; err=\&#34;couldn&#39;t get current server API group list: Get \\\&#34;http://localhost:8080/api?timeout=32s\\\&#34;: dial tcp [::1]:8080: connect: connection refused\&#34;\nE1008 22:26:13.119944   54945 memcache.go:265] \&#34;Unhandled Error\&#34; err=\&#34;couldn&#39;t get current server API group list: Get \\\&#34;http://localhost:8080/api?timeout=32s\\\&#34;: dial tcp [::1]:8080: connect: connection refused\&#34;\nE1008 22:26:13.121836   54945 memcache.go:265] \&#34;Unhandled Error\&#34; err=\&#34;couldn&#39;t get current server API group list: Get \\\&#34;http://localhost:8080/api?timeout=32s\\\&#34;: dial tcp [::1]:8080: connect: connection refused\&#34;\nE1008 22:26:13.123324   54945 memcache.go:265] \&#34;Unhandled Error\&#34; err=\&#34;couldn&#39;t get current server API group list: Get \\\&#34;http://localhost:8080/api?timeout=32s\\\&#34;: dial tcp [::1]:8080: connect: connection refused\&#34;\nThe connection to the server localhost:8080 was refused - did you specify the right host or port?\n&#34;,&#xA;                    },&#xA;   ...&#xA;&#xA;Gomega truncated this representation as it exceeds &#39;format.MaxLength&#39;.&#xA;Consider having the object provide a custom &#39;GomegaStringer&#39; representation&#xA;or adjust the parameters in Gomega&#39;s &#39;format&#39; package.&#xA;&#xA;Learn more here: https://onsi.github.io/gomega/#adjusting-output&#xA;In [DeferCleanup (Suite)] at: /Users/antont/ansible_deckhouse/virtualization-full/tests/e2e/e2e_test.go:177 @ 10/08/25 22:26:15.317&#xA;&lt; Exit [DeferCleanup (Suite)] TOP-LEVEL - /Users/antont/ansible_deckhouse/virtualization-full/tests/e2e/e2e_test.go:175 @ 10/08/25 22:26:15.317 (2.39s)&#xA;</system-err>
          </testcase>
      </testsuite>
  </testsuites>