<?xml version="1.0" encoding="UTF-8"?>
  <testsuites tests="215" disabled="184" errors="0" failures="17" time="3259.469318833">
      <testsuite name="Tests" package="/Users/antont/ansible_deckhouse/virtualization-full/tests/e2e" tests="215" disabled="0" skipped="184" errors="0" failures="17" time="3259.469318833" timestamp="2025-10-13T18:00:34">
          <properties>
              <property name="SuiteSucceeded" value="false"></property>
              <property name="SuiteHasProgrammaticFocus" value="false"></property>
              <property name="SpecialSuiteFailureReason" value=""></property>
              <property name="SuiteLabels" value="[]"></property>
              <property name="RandomSeed" value="1760367620"></property>
              <property name="RandomizeAllSpecs" value="false"></property>
              <property name="LabelFilter" value=""></property>
              <property name="FocusStrings" value=""></property>
              <property name="SkipStrings" value=""></property>
              <property name="FocusFiles" value=""></property>
              <property name="SkipFiles" value=""></property>
              <property name="FailOnPending" value="false"></property>
              <property name="FailOnEmpty" value="false"></property>
              <property name="FailFast" value="false"></property>
              <property name="FlakeAttempts" value="0"></property>
              <property name="DryRun" value="false"></property>
              <property name="ParallelTotal" value="1"></property>
              <property name="OutputInterceptorMode" value=""></property>
          </properties>
          <testcase name="[SynchronizedBeforeSuite]" classname="Tests" status="passed" time="4.749723584">
              <system-err>&gt; Enter [SynchronizedBeforeSuite] TOP-LEVEL - /Users/antont/ansible_deckhouse/virtualization-full/tests/e2e/e2e_test.go:137 @ 10/13/25 18:00:34.811&#xA;&lt; Exit [SynchronizedBeforeSuite] TOP-LEVEL - /Users/antont/ansible_deckhouse/virtualization-full/tests/e2e/e2e_test.go:137 @ 10/13/25 18:00:39.558 (4.75s)&#xA;&gt; Enter [SynchronizedBeforeSuite] TOP-LEVEL - /Users/antont/ansible_deckhouse/virtualization-full/tests/e2e/e2e_test.go:137 @ 10/13/25 18:00:39.558&#xA;&lt; Exit [SynchronizedBeforeSuite] TOP-LEVEL - /Users/antont/ansible_deckhouse/virtualization-full/tests/e2e/e2e_test.go:137 @ 10/13/25 18:00:39.558 (0s)&#xA;</system-err>
          </testcase>
          <testcase name="[It] [sig-storage] LocalVirtualDiskMigration should be successful when only root disk on local storage [SIG-Storage]" classname="Tests" status="skipped" time="0.000252375">
              <skipped message="skipped - This test case is not working everytime. Should be fixed."></skipped>
              <system-err>&gt; Enter [BeforeEach] [sig-storage] LocalVirtualDiskMigration - /Users/antont/ansible_deckhouse/virtualization-full/tests/e2e/storage/volume_migration_local_disks.go:53 @ 10/13/25 18:00:39.56&#xA;[SKIPPED] This test case is not working everytime. Should be fixed.&#xA;In [BeforeEach] at: /Users/antont/ansible_deckhouse/virtualization-full/tests/e2e/storage/volume_migration_local_disks.go:55 @ 10/13/25 18:00:39.56&#xA;&lt; Exit [BeforeEach] [sig-storage] LocalVirtualDiskMigration - /Users/antont/ansible_deckhouse/virtualization-full/tests/e2e/storage/volume_migration_local_disks.go:53 @ 10/13/25 18:00:39.56 (0s)&#xA;</system-err>
          </testcase>
          <testcase name="[It] [sig-storage] LocalVirtualDiskMigration should be successful when root disk on local storage and one additional disk [SIG-Storage]" classname="Tests" status="skipped" time="5.475e-05">
              <skipped message="skipped - This test case is not working everytime. Should be fixed."></skipped>
              <system-err>&gt; Enter [BeforeEach] [sig-storage] LocalVirtualDiskMigration - /Users/antont/ansible_deckhouse/virtualization-full/tests/e2e/storage/volume_migration_local_disks.go:53 @ 10/13/25 18:00:39.56&#xA;[SKIPPED] This test case is not working everytime. Should be fixed.&#xA;In [BeforeEach] at: /Users/antont/ansible_deckhouse/virtualization-full/tests/e2e/storage/volume_migration_local_disks.go:55 @ 10/13/25 18:00:39.56&#xA;&lt; Exit [BeforeEach] [sig-storage] LocalVirtualDiskMigration - /Users/antont/ansible_deckhouse/virtualization-full/tests/e2e/storage/volume_migration_local_disks.go:53 @ 10/13/25 18:00:39.56 (0s)&#xA;</system-err>
          </testcase>
          <testcase name="[It] [sig-storage] LocalVirtualDiskMigration should be successful when only additional disk on local storage [SIG-Storage]" classname="Tests" status="skipped" time="4.8042e-05">
              <skipped message="skipped - This test case is not working everytime. Should be fixed."></skipped>
              <system-err>&gt; Enter [BeforeEach] [sig-storage] LocalVirtualDiskMigration - /Users/antont/ansible_deckhouse/virtualization-full/tests/e2e/storage/volume_migration_local_disks.go:53 @ 10/13/25 18:00:39.56&#xA;[SKIPPED] This test case is not working everytime. Should be fixed.&#xA;In [BeforeEach] at: /Users/antont/ansible_deckhouse/virtualization-full/tests/e2e/storage/volume_migration_local_disks.go:55 @ 10/13/25 18:00:39.56&#xA;&lt; Exit [BeforeEach] [sig-storage] LocalVirtualDiskMigration - /Users/antont/ansible_deckhouse/virtualization-full/tests/e2e/storage/volume_migration_local_disks.go:53 @ 10/13/25 18:00:39.56 (0s)&#xA;</system-err>
          </testcase>
          <testcase name="[It] [sig-storage] LocalVirtualDiskMigration should be reverted when only root disk on local storage [SIG-Storage]" classname="Tests" status="skipped" time="4.8084e-05">
              <skipped message="skipped - This test case is not working everytime. Should be fixed."></skipped>
              <system-err>&gt; Enter [BeforeEach] [sig-storage] LocalVirtualDiskMigration - /Users/antont/ansible_deckhouse/virtualization-full/tests/e2e/storage/volume_migration_local_disks.go:53 @ 10/13/25 18:00:39.56&#xA;[SKIPPED] This test case is not working everytime. Should be fixed.&#xA;In [BeforeEach] at: /Users/antont/ansible_deckhouse/virtualization-full/tests/e2e/storage/volume_migration_local_disks.go:55 @ 10/13/25 18:00:39.56&#xA;&lt; Exit [BeforeEach] [sig-storage] LocalVirtualDiskMigration - /Users/antont/ansible_deckhouse/virtualization-full/tests/e2e/storage/volume_migration_local_disks.go:53 @ 10/13/25 18:00:39.56 (0s)&#xA;</system-err>
          </testcase>
          <testcase name="[It] [sig-storage] LocalVirtualDiskMigration should be reverted when root disk on local storage and one additional disk [SIG-Storage]" classname="Tests" status="skipped" time="4.4875e-05">
              <skipped message="skipped - This test case is not working everytime. Should be fixed."></skipped>
              <system-err>&gt; Enter [BeforeEach] [sig-storage] LocalVirtualDiskMigration - /Users/antont/ansible_deckhouse/virtualization-full/tests/e2e/storage/volume_migration_local_disks.go:53 @ 10/13/25 18:00:39.56&#xA;[SKIPPED] This test case is not working everytime. Should be fixed.&#xA;In [BeforeEach] at: /Users/antont/ansible_deckhouse/virtualization-full/tests/e2e/storage/volume_migration_local_disks.go:55 @ 10/13/25 18:00:39.56&#xA;&lt; Exit [BeforeEach] [sig-storage] LocalVirtualDiskMigration - /Users/antont/ansible_deckhouse/virtualization-full/tests/e2e/storage/volume_migration_local_disks.go:53 @ 10/13/25 18:00:39.56 (0s)&#xA;</system-err>
          </testcase>
          <testcase name="[It] [sig-storage] LocalVirtualDiskMigration should be reverted when only additional disk on local storage [SIG-Storage]" classname="Tests" status="skipped" time="4.425e-05">
              <skipped message="skipped - This test case is not working everytime. Should be fixed."></skipped>
              <system-err>&gt; Enter [BeforeEach] [sig-storage] LocalVirtualDiskMigration - /Users/antont/ansible_deckhouse/virtualization-full/tests/e2e/storage/volume_migration_local_disks.go:53 @ 10/13/25 18:00:39.56&#xA;[SKIPPED] This test case is not working everytime. Should be fixed.&#xA;In [BeforeEach] at: /Users/antont/ansible_deckhouse/virtualization-full/tests/e2e/storage/volume_migration_local_disks.go:55 @ 10/13/25 18:00:39.56&#xA;&lt; Exit [BeforeEach] [sig-storage] LocalVirtualDiskMigration - /Users/antont/ansible_deckhouse/virtualization-full/tests/e2e/storage/volume_migration_local_disks.go:53 @ 10/13/25 18:00:39.561 (0s)&#xA;</system-err>
          </testcase>
          <testcase name="[It] [sig-storage] LocalVirtualDiskMigration should be successful two migrations in a row [SIG-Storage]" classname="Tests" status="skipped" time="4.9083e-05">
              <skipped message="skipped - This test case is not working everytime. Should be fixed."></skipped>
              <system-err>&gt; Enter [BeforeEach] [sig-storage] LocalVirtualDiskMigration - /Users/antont/ansible_deckhouse/virtualization-full/tests/e2e/storage/volume_migration_local_disks.go:53 @ 10/13/25 18:00:39.561&#xA;[SKIPPED] This test case is not working everytime. Should be fixed.&#xA;In [BeforeEach] at: /Users/antont/ansible_deckhouse/virtualization-full/tests/e2e/storage/volume_migration_local_disks.go:55 @ 10/13/25 18:00:39.561&#xA;&lt; Exit [BeforeEach] [sig-storage] LocalVirtualDiskMigration - /Users/antont/ansible_deckhouse/virtualization-full/tests/e2e/storage/volume_migration_local_disks.go:53 @ 10/13/25 18:00:39.561 (0s)&#xA;</system-err>
          </testcase>
          <testcase name="[It] [sig-storage] LocalVirtualDiskMigration should be reverted first and completed second [SIG-Storage]" classname="Tests" status="skipped" time="4.7167e-05">
              <skipped message="skipped - This test case is not working everytime. Should be fixed."></skipped>
              <system-err>&gt; Enter [BeforeEach] [sig-storage] LocalVirtualDiskMigration - /Users/antont/ansible_deckhouse/virtualization-full/tests/e2e/storage/volume_migration_local_disks.go:53 @ 10/13/25 18:00:39.561&#xA;[SKIPPED] This test case is not working everytime. Should be fixed.&#xA;In [BeforeEach] at: /Users/antont/ansible_deckhouse/virtualization-full/tests/e2e/storage/volume_migration_local_disks.go:55 @ 10/13/25 18:00:39.561&#xA;&lt; Exit [BeforeEach] [sig-storage] LocalVirtualDiskMigration - /Users/antont/ansible_deckhouse/virtualization-full/tests/e2e/storage/volume_migration_local_disks.go:53 @ 10/13/25 18:00:39.561 (0s)&#xA;</system-err>
          </testcase>
          <testcase name="[It] [sig-storage] LocalVirtualDiskMigration should be reverted because virtual machine stopped when virtual machine deleting [SIG-Storage]" classname="Tests" status="skipped" time="4.95e-05">
              <skipped message="skipped - This test case is not working everytime. Should be fixed."></skipped>
              <system-err>&gt; Enter [BeforeEach] [sig-storage] LocalVirtualDiskMigration - /Users/antont/ansible_deckhouse/virtualization-full/tests/e2e/storage/volume_migration_local_disks.go:53 @ 10/13/25 18:00:39.561&#xA;[SKIPPED] This test case is not working everytime. Should be fixed.&#xA;In [BeforeEach] at: /Users/antont/ansible_deckhouse/virtualization-full/tests/e2e/storage/volume_migration_local_disks.go:55 @ 10/13/25 18:00:39.561&#xA;&lt; Exit [BeforeEach] [sig-storage] LocalVirtualDiskMigration - /Users/antont/ansible_deckhouse/virtualization-full/tests/e2e/storage/volume_migration_local_disks.go:53 @ 10/13/25 18:00:39.561 (0s)&#xA;</system-err>
          </testcase>
          <testcase name="[It] [sig-storage] LocalVirtualDiskMigration should be reverted because virtual machine stopped when virtual machine stopped from OS [SIG-Storage]" classname="Tests" status="skipped" time="4.2417e-05">
              <skipped message="skipped - This test case is not working everytime. Should be fixed."></skipped>
              <system-err>&gt; Enter [BeforeEach] [sig-storage] LocalVirtualDiskMigration - /Users/antont/ansible_deckhouse/virtualization-full/tests/e2e/storage/volume_migration_local_disks.go:53 @ 10/13/25 18:00:39.561&#xA;[SKIPPED] This test case is not working everytime. Should be fixed.&#xA;In [BeforeEach] at: /Users/antont/ansible_deckhouse/virtualization-full/tests/e2e/storage/volume_migration_local_disks.go:55 @ 10/13/25 18:00:39.561&#xA;&lt; Exit [BeforeEach] [sig-storage] LocalVirtualDiskMigration - /Users/antont/ansible_deckhouse/virtualization-full/tests/e2e/storage/volume_migration_local_disks.go:53 @ 10/13/25 18:00:39.561 (0s)&#xA;</system-err>
          </testcase>
          <testcase name="[It] [sig-storage] LocalVirtualDiskMigration Migrate to not matched node should reverted because migration canceled when pod pending [SIG-Storage]" classname="Tests" status="skipped" time="4.9083e-05">
              <skipped message="skipped - This test case is not working everytime. Should be fixed."></skipped>
              <system-err>&gt; Enter [BeforeEach] [sig-storage] LocalVirtualDiskMigration - /Users/antont/ansible_deckhouse/virtualization-full/tests/e2e/storage/volume_migration_local_disks.go:53 @ 10/13/25 18:00:39.561&#xA;[SKIPPED] This test case is not working everytime. Should be fixed.&#xA;In [BeforeEach] at: /Users/antont/ansible_deckhouse/virtualization-full/tests/e2e/storage/volume_migration_local_disks.go:55 @ 10/13/25 18:00:39.561&#xA;&lt; Exit [BeforeEach] [sig-storage] LocalVirtualDiskMigration - /Users/antont/ansible_deckhouse/virtualization-full/tests/e2e/storage/volume_migration_local_disks.go:53 @ 10/13/25 18:00:39.561 (0s)&#xA;</system-err>
          </testcase>
          <testcase name="[It] [sig-storage] LocalVirtualDiskMigration should be failed with RWO VMBDA [SIG-Storage]" classname="Tests" status="skipped" time="0.00012125">
              <skipped message="skipped - This test case is not working everytime. Should be fixed."></skipped>
              <system-err>&gt; Enter [BeforeEach] [sig-storage] LocalVirtualDiskMigration - /Users/antont/ansible_deckhouse/virtualization-full/tests/e2e/storage/volume_migration_local_disks.go:53 @ 10/13/25 18:00:39.561&#xA;[SKIPPED] This test case is not working everytime. Should be fixed.&#xA;In [BeforeEach] at: /Users/antont/ansible_deckhouse/virtualization-full/tests/e2e/storage/volume_migration_local_disks.go:55 @ 10/13/25 18:00:39.561&#xA;&lt; Exit [BeforeEach] [sig-storage] LocalVirtualDiskMigration - /Users/antont/ansible_deckhouse/virtualization-full/tests/e2e/storage/volume_migration_local_disks.go:53 @ 10/13/25 18:00:39.561 (0s)&#xA;</system-err>
          </testcase>
          <testcase name="[It] VirtualMachineRestoreForce When the virtualization resources are applied result should be succeeded [SIG-Restoration]" classname="Tests" status="passed" time="8.9505495">
              <system-err>&gt; Enter [BeforeAll] VirtualMachineRestoreForce - /Users/antont/ansible_deckhouse/virtualization-full/tests/e2e/vm_restore_force_test.go:55 @ 10/13/25 18:00:39.561&#xA;&lt; Exit [BeforeAll] VirtualMachineRestoreForce - /Users/antont/ansible_deckhouse/virtualization-full/tests/e2e/vm_restore_force_test.go:55 @ 10/13/25 18:00:41.528 (1.968s)&#xA;&gt; Enter [BeforeEach] VirtualMachineRestoreForce - /Users/antont/ansible_deckhouse/virtualization-full/tests/e2e/vm_restore_force_test.go:64 @ 10/13/25 18:00:41.528&#xA;&lt; Exit [BeforeEach] VirtualMachineRestoreForce - /Users/antont/ansible_deckhouse/virtualization-full/tests/e2e/vm_restore_force_test.go:64 @ 10/13/25 18:00:41.528 (0s)&#xA;&gt; Enter [It] result should be succeeded - /Users/antont/ansible_deckhouse/virtualization-full/tests/e2e/vm_restore_force_test.go:80 @ 10/13/25 18:00:41.528&#xA;&lt; Exit [It] result should be succeeded - /Users/antont/ansible_deckhouse/virtualization-full/tests/e2e/vm_restore_force_test.go:80 @ 10/13/25 18:00:48.508 (6.982s)&#xA;&gt; Enter [AfterEach] VirtualMachineRestoreForce - /Users/antont/ansible_deckhouse/virtualization-full/tests/e2e/vm_restore_force_test.go:71 @ 10/13/25 18:00:48.508&#xA;&lt; Exit [AfterEach] VirtualMachineRestoreForce - /Users/antont/ansible_deckhouse/virtualization-full/tests/e2e/vm_restore_force_test.go:71 @ 10/13/25 18:00:48.508 (0s)&#xA;</system-err>
          </testcase>
          <testcase name="[It] VirtualMachineRestoreForce When the virtualization resources are applied checks the resources phase [SIG-Restoration]" classname="Tests" status="failed" time="1008.557822916">
              <failure message="should observe resources in &#39;&#39;jsonpath={.status.phase}=Running&#39;&#39; state before 16m40s timeout&#xA;Expected&#xA;    &lt;[]string | len:2, cap:2&gt;: [&#xA;        &#34;cmd: kubectl wait virtualmachine.virtualization.deckhouse.io head-5073ae15-vm-restore-force --namespace head-5073ae15-end-to-end-vm-restore-force --for=&#39;jsonpath={.status.phase}=Running&#39; --timeout=16m40s\nstderr: error: timed out waiting for the condition on virtualmachines/head-5073ae15-vm-restore-force\n\nwaited for: &#39;jsonpath={.status.phase}=Running&#39;&#34;,&#xA;        &#34;cmd: kubectl wait virtualmachine.virtualization.deckhouse.io head-5073ae15-vm-always-on-restore-force --namespace head-5073ae15-end-to-end-vm-restore-force --for=&#39;jsonpath={.status.phase}=Running&#39; --timeout=16m40s\nstderr: error: timed out waiting for the condition on virtualmachines/head-5073ae15-vm-always-on-restore-force\n\nwaited for: &#39;jsonpath={.status.phase}=Running&#39;&#34;,&#xA;    ]&#xA;to be empty" type="failed">[FAILED] should observe resources in &#39;&#39;jsonpath={.status.phase}=Running&#39;&#39; state before 16m40s timeout&#xA;Expected&#xA;    &lt;[]string | len:2, cap:2&gt;: [&#xA;        &#34;cmd: kubectl wait virtualmachine.virtualization.deckhouse.io head-5073ae15-vm-restore-force --namespace head-5073ae15-end-to-end-vm-restore-force --for=&#39;jsonpath={.status.phase}=Running&#39; --timeout=16m40s\nstderr: error: timed out waiting for the condition on virtualmachines/head-5073ae15-vm-restore-force\n\nwaited for: &#39;jsonpath={.status.phase}=Running&#39;&#34;,&#xA;        &#34;cmd: kubectl wait virtualmachine.virtualization.deckhouse.io head-5073ae15-vm-always-on-restore-force --namespace head-5073ae15-end-to-end-vm-restore-force --for=&#39;jsonpath={.status.phase}=Running&#39; --timeout=16m40s\nstderr: error: timed out waiting for the condition on virtualmachines/head-5073ae15-vm-always-on-restore-force\n\nwaited for: &#39;jsonpath={.status.phase}=Running&#39;&#34;,&#xA;    ]&#xA;to be empty&#xA;In [It] at: /Users/antont/ansible_deckhouse/virtualization-full/tests/e2e/vm_restore_force_test.go:113 @ 10/13/25 18:17:30.566&#xA;</failure>
              <system-err>&gt; Enter [BeforeEach] VirtualMachineRestoreForce - /Users/antont/ansible_deckhouse/virtualization-full/tests/e2e/vm_restore_force_test.go:64 @ 10/13/25 18:00:48.508&#xA;&lt; Exit [BeforeEach] VirtualMachineRestoreForce - /Users/antont/ansible_deckhouse/virtualization-full/tests/e2e/vm_restore_force_test.go:64 @ 10/13/25 18:00:48.509 (0s)&#xA;&gt; Enter [It] checks the resources phase - /Users/antont/ansible_deckhouse/virtualization-full/tests/e2e/vm_restore_force_test.go:111 @ 10/13/25 18:00:48.509&#xA;STEP: `VirtualMachine` agent should be ready - /Users/antont/ansible_deckhouse/virtualization-full/tests/e2e/vm_restore_force_test.go:112 @ 10/13/25 18:00:48.509&#xA;END STEP: `VirtualMachine` agent should be ready - /Users/antont/ansible_deckhouse/virtualization-full/tests/e2e/vm_restore_force_test.go:112 @ 10/13/25 18:17:30.566 (16m42.078s)&#xA;[FAILED] should observe resources in &#39;&#39;jsonpath={.status.phase}=Running&#39;&#39; state before 16m40s timeout&#xA;Expected&#xA;    &lt;[]string | len:2, cap:2&gt;: [&#xA;        &#34;cmd: kubectl wait virtualmachine.virtualization.deckhouse.io head-5073ae15-vm-restore-force --namespace head-5073ae15-end-to-end-vm-restore-force --for=&#39;jsonpath={.status.phase}=Running&#39; --timeout=16m40s\nstderr: error: timed out waiting for the condition on virtualmachines/head-5073ae15-vm-restore-force\n\nwaited for: &#39;jsonpath={.status.phase}=Running&#39;&#34;,&#xA;        &#34;cmd: kubectl wait virtualmachine.virtualization.deckhouse.io head-5073ae15-vm-always-on-restore-force --namespace head-5073ae15-end-to-end-vm-restore-force --for=&#39;jsonpath={.status.phase}=Running&#39; --timeout=16m40s\nstderr: error: timed out waiting for the condition on virtualmachines/head-5073ae15-vm-always-on-restore-force\n\nwaited for: &#39;jsonpath={.status.phase}=Running&#39;&#34;,&#xA;    ]&#xA;to be empty&#xA;In [It] at: /Users/antont/ansible_deckhouse/virtualization-full/tests/e2e/vm_restore_force_test.go:113 @ 10/13/25 18:17:30.566&#xA;&lt; Exit [It] checks the resources phase - /Users/antont/ansible_deckhouse/virtualization-full/tests/e2e/vm_restore_force_test.go:111 @ 10/13/25 18:17:30.566 (16m42.079s)&#xA;&gt; Enter [AfterEach] VirtualMachineRestoreForce - /Users/antont/ansible_deckhouse/virtualization-full/tests/e2e/vm_restore_force_test.go:71 @ 10/13/25 18:17:30.566&#xA;The list of pods is empty; nothing to dump.&#xA;&lt; Exit [AfterEach] VirtualMachineRestoreForce - /Users/antont/ansible_deckhouse/virtualization-full/tests/e2e/vm_restore_force_test.go:71 @ 10/13/25 18:17:37.045 (6.479s)&#xA;</system-err>
          </testcase>
          <testcase name="[It] VirtualMachineRestoreForce When the virtualization resources are applied add additional interface to virtual machines [SIG-Restoration]" classname="Tests" status="skipped" time="0">
              <skipped message="skipped - Spec skipped because an earlier spec in an ordered container failed"></skipped>
              <system-err>[SKIPPED] Spec skipped because an earlier spec in an ordered container failed&#xA;In [It] at: /Users/antont/ansible_deckhouse/virtualization-full/tests/e2e/vm_restore_force_test.go:131 @ 10/13/25 18:17:37.045&#xA;</system-err>
          </testcase>
          <testcase name="[It] VirtualMachineRestoreForce When the resources are ready to use restore the `VirtualMachines` with `forced` mode [SIG-Restoration]" classname="Tests" status="skipped" time="0">
              <skipped message="skipped - Spec skipped because an earlier spec in an ordered container failed"></skipped>
              <system-err>[SKIPPED] Spec skipped because an earlier spec in an ordered container failed&#xA;In [It] at: /Users/antont/ansible_deckhouse/virtualization-full/tests/e2e/vm_restore_force_test.go:177 @ 10/13/25 18:17:37.045&#xA;</system-err>
          </testcase>
          <testcase name="[It] VirtualMachineRestoreForce When the resources are ready to use check the .status.networks of each VM after restore [SIG-Restoration]" classname="Tests" status="skipped" time="0">
              <skipped message="skipped - Spec skipped because an earlier spec in an ordered container failed"></skipped>
              <system-err>[SKIPPED] Spec skipped because an earlier spec in an ordered container failed&#xA;In [It] at: /Users/antont/ansible_deckhouse/virtualization-full/tests/e2e/vm_restore_force_test.go:341 @ 10/13/25 18:17:37.046&#xA;</system-err>
          </testcase>
          <testcase name="[It] VirtualMachineRestoreForce When test is completed deletes test case resources [SIG-Restoration]" classname="Tests" status="skipped" time="0">
              <skipped message="skipped - Spec skipped because an earlier spec in an ordered container failed"></skipped>
              <system-err>[SKIPPED] Spec skipped because an earlier spec in an ordered container failed&#xA;In [It] at: /Users/antont/ansible_deckhouse/virtualization-full/tests/e2e/vm_restore_force_test.go:367 @ 10/13/25 18:17:37.046&#xA;</system-err>
          </testcase>
          <testcase name="[It] [sig-storage] StorageClassMigration should be successful when only root disk changed storage class [SIG-Storage]" classname="Tests" status="skipped" time="0.00036975">
              <skipped message="skipped - This test case is not working everytime. Should be fixed."></skipped>
              <system-err>&gt; Enter [BeforeEach] [sig-storage] StorageClassMigration - /Users/antont/ansible_deckhouse/virtualization-full/tests/e2e/storage/volume_migration_storage_class_changed.go:48 @ 10/13/25 18:17:37.046&#xA;[SKIPPED] This test case is not working everytime. Should be fixed.&#xA;In [BeforeEach] at: /Users/antont/ansible_deckhouse/virtualization-full/tests/e2e/storage/volume_migration_storage_class_changed.go:50 @ 10/13/25 18:17:37.046&#xA;&lt; Exit [BeforeEach] [sig-storage] StorageClassMigration - /Users/antont/ansible_deckhouse/virtualization-full/tests/e2e/storage/volume_migration_storage_class_changed.go:48 @ 10/13/25 18:17:37.046 (0s)&#xA;</system-err>
          </testcase>
          <testcase name="[It] [sig-storage] StorageClassMigration should be successful when root disk changed storage class and one local additional disk [SIG-Storage]" classname="Tests" status="skipped" time="0.000206875">
              <skipped message="skipped - This test case is not working everytime. Should be fixed."></skipped>
              <system-err>&gt; Enter [BeforeEach] [sig-storage] StorageClassMigration - /Users/antont/ansible_deckhouse/virtualization-full/tests/e2e/storage/volume_migration_storage_class_changed.go:48 @ 10/13/25 18:17:37.046&#xA;[SKIPPED] This test case is not working everytime. Should be fixed.&#xA;In [BeforeEach] at: /Users/antont/ansible_deckhouse/virtualization-full/tests/e2e/storage/volume_migration_storage_class_changed.go:50 @ 10/13/25 18:17:37.046&#xA;&lt; Exit [BeforeEach] [sig-storage] StorageClassMigration - /Users/antont/ansible_deckhouse/virtualization-full/tests/e2e/storage/volume_migration_storage_class_changed.go:48 @ 10/13/25 18:17:37.046 (0s)&#xA;</system-err>
          </testcase>
          <testcase name="[It] [sig-storage] StorageClassMigration should be successful when root disk changed storage class and one additional disk [SIG-Storage]" classname="Tests" status="skipped" time="0.000133333">
              <skipped message="skipped - This test case is not working everytime. Should be fixed."></skipped>
              <system-err>&gt; Enter [BeforeEach] [sig-storage] StorageClassMigration - /Users/antont/ansible_deckhouse/virtualization-full/tests/e2e/storage/volume_migration_storage_class_changed.go:48 @ 10/13/25 18:17:37.047&#xA;[SKIPPED] This test case is not working everytime. Should be fixed.&#xA;In [BeforeEach] at: /Users/antont/ansible_deckhouse/virtualization-full/tests/e2e/storage/volume_migration_storage_class_changed.go:50 @ 10/13/25 18:17:37.047&#xA;&lt; Exit [BeforeEach] [sig-storage] StorageClassMigration - /Users/antont/ansible_deckhouse/virtualization-full/tests/e2e/storage/volume_migration_storage_class_changed.go:48 @ 10/13/25 18:17:37.047 (0s)&#xA;</system-err>
          </testcase>
          <testcase name="[It] [sig-storage] StorageClassMigration should be successful when only additional disk changed storage class [SIG-Storage]" classname="Tests" status="skipped" time="0.000120125">
              <skipped message="skipped - This test case is not working everytime. Should be fixed."></skipped>
              <system-err>&gt; Enter [BeforeEach] [sig-storage] StorageClassMigration - /Users/antont/ansible_deckhouse/virtualization-full/tests/e2e/storage/volume_migration_storage_class_changed.go:48 @ 10/13/25 18:17:37.047&#xA;[SKIPPED] This test case is not working everytime. Should be fixed.&#xA;In [BeforeEach] at: /Users/antont/ansible_deckhouse/virtualization-full/tests/e2e/storage/volume_migration_storage_class_changed.go:50 @ 10/13/25 18:17:37.047&#xA;&lt; Exit [BeforeEach] [sig-storage] StorageClassMigration - /Users/antont/ansible_deckhouse/virtualization-full/tests/e2e/storage/volume_migration_storage_class_changed.go:48 @ 10/13/25 18:17:37.047 (0s)&#xA;</system-err>
          </testcase>
          <testcase name="[It] [sig-storage] StorageClassMigration should be reverted when only root disk changed storage class [SIG-Storage]" classname="Tests" status="skipped" time="0.000102458">
              <skipped message="skipped - This test case is not working everytime. Should be fixed."></skipped>
              <system-err>&gt; Enter [BeforeEach] [sig-storage] StorageClassMigration - /Users/antont/ansible_deckhouse/virtualization-full/tests/e2e/storage/volume_migration_storage_class_changed.go:48 @ 10/13/25 18:17:37.047&#xA;[SKIPPED] This test case is not working everytime. Should be fixed.&#xA;In [BeforeEach] at: /Users/antont/ansible_deckhouse/virtualization-full/tests/e2e/storage/volume_migration_storage_class_changed.go:50 @ 10/13/25 18:17:37.047&#xA;&lt; Exit [BeforeEach] [sig-storage] StorageClassMigration - /Users/antont/ansible_deckhouse/virtualization-full/tests/e2e/storage/volume_migration_storage_class_changed.go:48 @ 10/13/25 18:17:37.047 (0s)&#xA;</system-err>
          </testcase>
          <testcase name="[It] [sig-storage] StorageClassMigration should be reverted when root disk changed storage class and one local additional disk [SIG-Storage]" classname="Tests" status="skipped" time="0.000119833">
              <skipped message="skipped - This test case is not working everytime. Should be fixed."></skipped>
              <system-err>&gt; Enter [BeforeEach] [sig-storage] StorageClassMigration - /Users/antont/ansible_deckhouse/virtualization-full/tests/e2e/storage/volume_migration_storage_class_changed.go:48 @ 10/13/25 18:17:37.047&#xA;[SKIPPED] This test case is not working everytime. Should be fixed.&#xA;In [BeforeEach] at: /Users/antont/ansible_deckhouse/virtualization-full/tests/e2e/storage/volume_migration_storage_class_changed.go:50 @ 10/13/25 18:17:37.047&#xA;&lt; Exit [BeforeEach] [sig-storage] StorageClassMigration - /Users/antont/ansible_deckhouse/virtualization-full/tests/e2e/storage/volume_migration_storage_class_changed.go:48 @ 10/13/25 18:17:37.047 (0s)&#xA;</system-err>
          </testcase>
          <testcase name="[It] [sig-storage] StorageClassMigration should be reverted when root disk changed storage class and one additional disk [SIG-Storage]" classname="Tests" status="skipped" time="0.000102083">
              <skipped message="skipped - This test case is not working everytime. Should be fixed."></skipped>
              <system-err>&gt; Enter [BeforeEach] [sig-storage] StorageClassMigration - /Users/antont/ansible_deckhouse/virtualization-full/tests/e2e/storage/volume_migration_storage_class_changed.go:48 @ 10/13/25 18:17:37.047&#xA;[SKIPPED] This test case is not working everytime. Should be fixed.&#xA;In [BeforeEach] at: /Users/antont/ansible_deckhouse/virtualization-full/tests/e2e/storage/volume_migration_storage_class_changed.go:50 @ 10/13/25 18:17:37.047&#xA;&lt; Exit [BeforeEach] [sig-storage] StorageClassMigration - /Users/antont/ansible_deckhouse/virtualization-full/tests/e2e/storage/volume_migration_storage_class_changed.go:48 @ 10/13/25 18:17:37.047 (0s)&#xA;</system-err>
          </testcase>
          <testcase name="[It] [sig-storage] StorageClassMigration should be reverted when only additional disk changed storage class [SIG-Storage]" classname="Tests" status="skipped" time="0.000118375">
              <skipped message="skipped - This test case is not working everytime. Should be fixed."></skipped>
              <system-err>&gt; Enter [BeforeEach] [sig-storage] StorageClassMigration - /Users/antont/ansible_deckhouse/virtualization-full/tests/e2e/storage/volume_migration_storage_class_changed.go:48 @ 10/13/25 18:17:37.048&#xA;[SKIPPED] This test case is not working everytime. Should be fixed.&#xA;In [BeforeEach] at: /Users/antont/ansible_deckhouse/virtualization-full/tests/e2e/storage/volume_migration_storage_class_changed.go:50 @ 10/13/25 18:17:37.048&#xA;&lt; Exit [BeforeEach] [sig-storage] StorageClassMigration - /Users/antont/ansible_deckhouse/virtualization-full/tests/e2e/storage/volume_migration_storage_class_changed.go:48 @ 10/13/25 18:17:37.048 (0s)&#xA;</system-err>
          </testcase>
          <testcase name="[It] [sig-storage] StorageClassMigration should be successful two migrations in a row [SIG-Storage]" classname="Tests" status="skipped" time="0.00010825">
              <skipped message="skipped - This test case is not working everytime. Should be fixed."></skipped>
              <system-err>&gt; Enter [BeforeEach] [sig-storage] StorageClassMigration - /Users/antont/ansible_deckhouse/virtualization-full/tests/e2e/storage/volume_migration_storage_class_changed.go:48 @ 10/13/25 18:17:37.048&#xA;[SKIPPED] This test case is not working everytime. Should be fixed.&#xA;In [BeforeEach] at: /Users/antont/ansible_deckhouse/virtualization-full/tests/e2e/storage/volume_migration_storage_class_changed.go:50 @ 10/13/25 18:17:37.048&#xA;&lt; Exit [BeforeEach] [sig-storage] StorageClassMigration - /Users/antont/ansible_deckhouse/virtualization-full/tests/e2e/storage/volume_migration_storage_class_changed.go:48 @ 10/13/25 18:17:37.048 (0s)&#xA;</system-err>
          </testcase>
          <testcase name="[It] VirtualMachineVersions When virtualization resources are applied: result should be succeeded" classname="Tests" status="passed" time="4.670607875">
              <system-err>&gt; Enter [BeforeAll] VirtualMachineVersions - /Users/antont/ansible_deckhouse/virtualization-full/tests/e2e/vm_version_test.go:35 @ 10/13/25 18:17:37.048&#xA;&lt; Exit [BeforeAll] VirtualMachineVersions - /Users/antont/ansible_deckhouse/virtualization-full/tests/e2e/vm_version_test.go:35 @ 10/13/25 18:17:39.112 (2.064s)&#xA;&gt; Enter [BeforeEach] VirtualMachineVersions - /Users/antont/ansible_deckhouse/virtualization-full/tests/e2e/vm_version_test.go:44 @ 10/13/25 18:17:39.112&#xA;&lt; Exit [BeforeEach] VirtualMachineVersions - /Users/antont/ansible_deckhouse/virtualization-full/tests/e2e/vm_version_test.go:44 @ 10/13/25 18:17:39.112 (0s)&#xA;&gt; Enter [It] result should be succeeded - /Users/antont/ansible_deckhouse/virtualization-full/tests/e2e/vm_version_test.go:57 @ 10/13/25 18:17:39.112&#xA;&lt; Exit [It] result should be succeeded - /Users/antont/ansible_deckhouse/virtualization-full/tests/e2e/vm_version_test.go:57 @ 10/13/25 18:17:41.718 (2.607s)&#xA;&gt; Enter [AfterEach] VirtualMachineVersions - /Users/antont/ansible_deckhouse/virtualization-full/tests/e2e/vm_version_test.go:50 @ 10/13/25 18:17:41.718&#xA;&lt; Exit [AfterEach] VirtualMachineVersions - /Users/antont/ansible_deckhouse/virtualization-full/tests/e2e/vm_version_test.go:50 @ 10/13/25 18:17:41.719 (0s)&#xA;</system-err>
          </testcase>
          <testcase name="[It] VirtualMachineVersions When virtual disks are applied: checks VDs phases" classname="Tests" status="passed" time="18.045860209">
              <system-err>&gt; Enter [BeforeEach] VirtualMachineVersions - /Users/antont/ansible_deckhouse/virtualization-full/tests/e2e/vm_version_test.go:44 @ 10/13/25 18:17:41.719&#xA;&lt; Exit [BeforeEach] VirtualMachineVersions - /Users/antont/ansible_deckhouse/virtualization-full/tests/e2e/vm_version_test.go:44 @ 10/13/25 18:17:41.719 (0s)&#xA;&gt; Enter [It] checks VDs phases - /Users/antont/ansible_deckhouse/virtualization-full/tests/e2e/vm_version_test.go:67 @ 10/13/25 18:17:41.719&#xA;STEP: VDs should be in Ready phase - /Users/antont/ansible_deckhouse/virtualization-full/tests/e2e/vm_version_test.go:68 @ 10/13/25 18:17:41.719&#xA;&lt; Exit [It] checks VDs phases - /Users/antont/ansible_deckhouse/virtualization-full/tests/e2e/vm_version_test.go:67 @ 10/13/25 18:17:59.764 (18.046s)&#xA;&gt; Enter [AfterEach] VirtualMachineVersions - /Users/antont/ansible_deckhouse/virtualization-full/tests/e2e/vm_version_test.go:50 @ 10/13/25 18:17:59.764&#xA;&lt; Exit [AfterEach] VirtualMachineVersions - /Users/antont/ansible_deckhouse/virtualization-full/tests/e2e/vm_version_test.go:50 @ 10/13/25 18:17:59.765 (0s)&#xA;</system-err>
          </testcase>
          <testcase name="[It] VirtualMachineVersions When virtual machines are applied: checks VMs phases" classname="Tests" status="passed" time="2.856375208">
              <system-err>&gt; Enter [BeforeEach] VirtualMachineVersions - /Users/antont/ansible_deckhouse/virtualization-full/tests/e2e/vm_version_test.go:44 @ 10/13/25 18:17:59.765&#xA;&lt; Exit [BeforeEach] VirtualMachineVersions - /Users/antont/ansible_deckhouse/virtualization-full/tests/e2e/vm_version_test.go:44 @ 10/13/25 18:17:59.765 (0s)&#xA;&gt; Enter [It] checks VMs phases - /Users/antont/ansible_deckhouse/virtualization-full/tests/e2e/vm_version_test.go:78 @ 10/13/25 18:17:59.765&#xA;STEP: VM should be in Running phase - /Users/antont/ansible_deckhouse/virtualization-full/tests/e2e/vm_version_test.go:79 @ 10/13/25 18:17:59.765&#xA;&lt; Exit [It] checks VMs phases - /Users/antont/ansible_deckhouse/virtualization-full/tests/e2e/vm_version_test.go:78 @ 10/13/25 18:18:02.621 (2.856s)&#xA;&gt; Enter [AfterEach] VirtualMachineVersions - /Users/antont/ansible_deckhouse/virtualization-full/tests/e2e/vm_version_test.go:50 @ 10/13/25 18:18:02.621&#xA;&lt; Exit [AfterEach] VirtualMachineVersions - /Users/antont/ansible_deckhouse/virtualization-full/tests/e2e/vm_version_test.go:50 @ 10/13/25 18:18:02.621 (0s)&#xA;</system-err>
          </testcase>
          <testcase name="[It] VirtualMachineVersions When virtual machines are ready: has qemu version in the status" classname="Tests" status="passed" time="0.000123625">
              <system-err>&gt; Enter [BeforeEach] VirtualMachineVersions - /Users/antont/ansible_deckhouse/virtualization-full/tests/e2e/vm_version_test.go:44 @ 10/13/25 18:18:02.622&#xA;&lt; Exit [BeforeEach] VirtualMachineVersions - /Users/antont/ansible_deckhouse/virtualization-full/tests/e2e/vm_version_test.go:44 @ 10/13/25 18:18:02.622 (0s)&#xA;&gt; Enter [It] has qemu version in the status - /Users/antont/ansible_deckhouse/virtualization-full/tests/e2e/vm_version_test.go:97 @ 10/13/25 18:18:02.622&#xA;&lt; Exit [It] has qemu version in the status - /Users/antont/ansible_deckhouse/virtualization-full/tests/e2e/vm_version_test.go:97 @ 10/13/25 18:18:02.622 (0s)&#xA;&gt; Enter [AfterEach] VirtualMachineVersions - /Users/antont/ansible_deckhouse/virtualization-full/tests/e2e/vm_version_test.go:50 @ 10/13/25 18:18:02.622&#xA;&lt; Exit [AfterEach] VirtualMachineVersions - /Users/antont/ansible_deckhouse/virtualization-full/tests/e2e/vm_version_test.go:50 @ 10/13/25 18:18:02.622 (0s)&#xA;</system-err>
          </testcase>
          <testcase name="[It] VirtualMachineVersions When virtual machines are ready: has libvirt version in the status" classname="Tests" status="passed" time="6.9208e-05">
              <system-err>&gt; Enter [BeforeEach] VirtualMachineVersions - /Users/antont/ansible_deckhouse/virtualization-full/tests/e2e/vm_version_test.go:44 @ 10/13/25 18:18:02.622&#xA;&lt; Exit [BeforeEach] VirtualMachineVersions - /Users/antont/ansible_deckhouse/virtualization-full/tests/e2e/vm_version_test.go:44 @ 10/13/25 18:18:02.622 (0s)&#xA;&gt; Enter [It] has libvirt version in the status - /Users/antont/ansible_deckhouse/virtualization-full/tests/e2e/vm_version_test.go:103 @ 10/13/25 18:18:02.622&#xA;&lt; Exit [It] has libvirt version in the status - /Users/antont/ansible_deckhouse/virtualization-full/tests/e2e/vm_version_test.go:103 @ 10/13/25 18:18:02.622 (0s)&#xA;&gt; Enter [AfterEach] VirtualMachineVersions - /Users/antont/ansible_deckhouse/virtualization-full/tests/e2e/vm_version_test.go:50 @ 10/13/25 18:18:02.622&#xA;&lt; Exit [AfterEach] VirtualMachineVersions - /Users/antont/ansible_deckhouse/virtualization-full/tests/e2e/vm_version_test.go:50 @ 10/13/25 18:18:02.622 (0s)&#xA;</system-err>
          </testcase>
          <testcase name="[It] VirtualMachineVersions When test is completed deletes test case resources" classname="Tests" status="passed" time="70.428353">
              <system-err>&gt; Enter [BeforeEach] VirtualMachineVersions - /Users/antont/ansible_deckhouse/virtualization-full/tests/e2e/vm_version_test.go:44 @ 10/13/25 18:18:02.622&#xA;&lt; Exit [BeforeEach] VirtualMachineVersions - /Users/antont/ansible_deckhouse/virtualization-full/tests/e2e/vm_version_test.go:44 @ 10/13/25 18:18:02.622 (0s)&#xA;&gt; Enter [It] deletes test case resources - /Users/antont/ansible_deckhouse/virtualization-full/tests/e2e/vm_version_test.go:114 @ 10/13/25 18:18:02.622&#xA;STEP: Response on deletion request should be successful - /Users/antont/ansible_deckhouse/virtualization-full/tests/e2e/util_test.go:604 @ 10/13/25 18:18:02.622&#xA;END STEP: Response on deletion request should be successful - /Users/antont/ansible_deckhouse/virtualization-full/tests/e2e/util_test.go:604 @ 10/13/25 18:19:13.05 (1m10.428s)&#xA;&lt; Exit [It] deletes test case resources - /Users/antont/ansible_deckhouse/virtualization-full/tests/e2e/vm_version_test.go:114 @ 10/13/25 18:19:13.05 (1m10.428s)&#xA;&gt; Enter [AfterEach] VirtualMachineVersions - /Users/antont/ansible_deckhouse/virtualization-full/tests/e2e/vm_version_test.go:50 @ 10/13/25 18:19:13.05&#xA;&lt; Exit [AfterEach] VirtualMachineVersions - /Users/antont/ansible_deckhouse/virtualization-full/tests/e2e/vm_version_test.go:50 @ 10/13/25 18:19:13.05 (0s)&#xA;</system-err>
          </testcase>
          <testcase name="[It] VirtualMachineConfiguration 1 When resources are applied result should be succeeded" classname="Tests" status="passed" time="7.2995635">
              <system-err>&gt; Enter [BeforeAll] VirtualMachineConfiguration 1 - /Users/antont/ansible_deckhouse/virtualization-full/tests/e2e/vm_configuration_test.go:49 @ 10/13/25 18:19:13.05&#xA;&lt; Exit [BeforeAll] VirtualMachineConfiguration 1 - /Users/antont/ansible_deckhouse/virtualization-full/tests/e2e/vm_configuration_test.go:49 @ 10/13/25 18:19:15.135 (2.085s)&#xA;&gt; Enter [It] result should be succeeded - /Users/antont/ansible_deckhouse/virtualization-full/tests/e2e/vm_configuration_test.go:65 @ 10/13/25 18:19:15.135&#xA;&lt; Exit [It] result should be succeeded - /Users/antont/ansible_deckhouse/virtualization-full/tests/e2e/vm_configuration_test.go:65 @ 10/13/25 18:19:20.35 (5.215s)&#xA;&gt; Enter [AfterEach] VirtualMachineConfiguration 1 - /Users/antont/ansible_deckhouse/virtualization-full/tests/e2e/vm_configuration_test.go:58 @ 10/13/25 18:19:20.35&#xA;&lt; Exit [AfterEach] VirtualMachineConfiguration 1 - /Users/antont/ansible_deckhouse/virtualization-full/tests/e2e/vm_configuration_test.go:58 @ 10/13/25 18:19:20.35 (0s)&#xA;</system-err>
          </testcase>
          <testcase name="[It] VirtualMachineConfiguration 1 When virtual images are applied checks VIs phases" classname="Tests" status="passed" time="4.992805834">
              <system-err>&gt; Enter [It] checks VIs phases - /Users/antont/ansible_deckhouse/virtualization-full/tests/e2e/vm_configuration_test.go:88 @ 10/13/25 18:19:20.35&#xA;STEP: VIs should be in Ready phases - /Users/antont/ansible_deckhouse/virtualization-full/tests/e2e/vm_configuration_test.go:89 @ 10/13/25 18:19:20.35&#xA;&lt; Exit [It] checks VIs phases - /Users/antont/ansible_deckhouse/virtualization-full/tests/e2e/vm_configuration_test.go:88 @ 10/13/25 18:19:25.343 (4.993s)&#xA;&gt; Enter [AfterEach] VirtualMachineConfiguration 1 - /Users/antont/ansible_deckhouse/virtualization-full/tests/e2e/vm_configuration_test.go:58 @ 10/13/25 18:19:25.343&#xA;&lt; Exit [AfterEach] VirtualMachineConfiguration 1 - /Users/antont/ansible_deckhouse/virtualization-full/tests/e2e/vm_configuration_test.go:58 @ 10/13/25 18:19:25.343 (0s)&#xA;</system-err>
          </testcase>
          <testcase name="[It] VirtualMachineConfiguration 1 When virtual disks are applied should be in Ready phase" classname="Tests" status="failed" time="1009.082830042">
              <failure message="should observe resources in &#39;&#39;jsonpath={.status.phase}=Ready&#39;&#39; state before 16m40s timeout&#xA;Expected&#xA;    &lt;[]string | len:2, cap:4&gt;: [&#xA;        &#34;cmd: kubectl wait virtualdisks.virtualization.deckhouse.io head-5073ae15-vd-root-automatic-conf --namespace head-5073ae15-end-to-end-vm-configuration --for=&#39;jsonpath={.status.phase}=Ready&#39; --timeout=16m40s\nstderr: error: timed out waiting for the condition on virtualdisks/head-5073ae15-vd-root-automatic-conf\n\nwaited for: &#39;jsonpath={.status.phase}=Ready&#39;&#34;,&#xA;        &#34;cmd: kubectl wait virtualdisks.virtualization.deckhouse.io head-5073ae15-vd-root-manual-conf --namespace head-5073ae15-end-to-end-vm-configuration --for=&#39;jsonpath={.status.phase}=Ready&#39; --timeout=16m40s\nstderr: error: timed out waiting for the condition on virtualdisks/head-5073ae15-vd-root-manual-conf\n\nwaited for: &#39;jsonpath={.status.phase}=Ready&#39;&#34;,&#xA;    ]&#xA;to be empty" type="failed">[FAILED] should observe resources in &#39;&#39;jsonpath={.status.phase}=Ready&#39;&#39; state before 16m40s timeout&#xA;Expected&#xA;    &lt;[]string | len:2, cap:4&gt;: [&#xA;        &#34;cmd: kubectl wait virtualdisks.virtualization.deckhouse.io head-5073ae15-vd-root-automatic-conf --namespace head-5073ae15-end-to-end-vm-configuration --for=&#39;jsonpath={.status.phase}=Ready&#39; --timeout=16m40s\nstderr: error: timed out waiting for the condition on virtualdisks/head-5073ae15-vd-root-automatic-conf\n\nwaited for: &#39;jsonpath={.status.phase}=Ready&#39;&#34;,&#xA;        &#34;cmd: kubectl wait virtualdisks.virtualization.deckhouse.io head-5073ae15-vd-root-manual-conf --namespace head-5073ae15-end-to-end-vm-configuration --for=&#39;jsonpath={.status.phase}=Ready&#39; --timeout=16m40s\nstderr: error: timed out waiting for the condition on virtualdisks/head-5073ae15-vd-root-manual-conf\n\nwaited for: &#39;jsonpath={.status.phase}=Ready&#39;&#34;,&#xA;    ]&#xA;to be empty&#xA;In [It] at: /Users/antont/ansible_deckhouse/virtualization-full/tests/e2e/vm_configuration_test.go:100 @ 10/13/25 18:36:07.383&#xA;</failure>
              <system-err>&gt; Enter [It] should be in Ready phase - /Users/antont/ansible_deckhouse/virtualization-full/tests/e2e/vm_configuration_test.go:99 @ 10/13/25 18:19:25.343&#xA;[FAILED] should observe resources in &#39;&#39;jsonpath={.status.phase}=Ready&#39;&#39; state before 16m40s timeout&#xA;Expected&#xA;    &lt;[]string | len:2, cap:4&gt;: [&#xA;        &#34;cmd: kubectl wait virtualdisks.virtualization.deckhouse.io head-5073ae15-vd-root-automatic-conf --namespace head-5073ae15-end-to-end-vm-configuration --for=&#39;jsonpath={.status.phase}=Ready&#39; --timeout=16m40s\nstderr: error: timed out waiting for the condition on virtualdisks/head-5073ae15-vd-root-automatic-conf\n\nwaited for: &#39;jsonpath={.status.phase}=Ready&#39;&#34;,&#xA;        &#34;cmd: kubectl wait virtualdisks.virtualization.deckhouse.io head-5073ae15-vd-root-manual-conf --namespace head-5073ae15-end-to-end-vm-configuration --for=&#39;jsonpath={.status.phase}=Ready&#39; --timeout=16m40s\nstderr: error: timed out waiting for the condition on virtualdisks/head-5073ae15-vd-root-manual-conf\n\nwaited for: &#39;jsonpath={.status.phase}=Ready&#39;&#34;,&#xA;    ]&#xA;to be empty&#xA;In [It] at: /Users/antont/ansible_deckhouse/virtualization-full/tests/e2e/vm_configuration_test.go:100 @ 10/13/25 18:36:07.383&#xA;&lt; Exit [It] should be in Ready phase - /Users/antont/ansible_deckhouse/virtualization-full/tests/e2e/vm_configuration_test.go:99 @ 10/13/25 18:36:07.383 (16m42.057s)&#xA;&gt; Enter [AfterEach] VirtualMachineConfiguration 1 - /Users/antont/ansible_deckhouse/virtualization-full/tests/e2e/vm_configuration_test.go:58 @ 10/13/25 18:36:07.383&#xA;The list of pods is empty; nothing to dump.&#xA;&lt; Exit [AfterEach] VirtualMachineConfiguration 1 - /Users/antont/ansible_deckhouse/virtualization-full/tests/e2e/vm_configuration_test.go:58 @ 10/13/25 18:36:14.409 (7.026s)&#xA;</system-err>
          </testcase>
          <testcase name="[It] VirtualMachineConfiguration 1 When virtual machines are applied should be ready" classname="Tests" status="skipped" time="0">
              <skipped message="skipped - Spec skipped because an earlier spec in an ordered container failed"></skipped>
              <system-err>[SKIPPED] Spec skipped because an earlier spec in an ordered container failed&#xA;In [It] at: /Users/antont/ansible_deckhouse/virtualization-full/tests/e2e/vm_configuration_test.go:109 @ 10/13/25 18:36:14.409&#xA;</system-err>
          </testcase>
          <testcase name="[It] VirtualMachineConfiguration 1 Manual restart approval mode 1 When virtual machine agents are ready changes the number of processor cores" classname="Tests" status="skipped" time="0">
              <skipped message="skipped - Spec skipped because an earlier spec in an ordered container failed"></skipped>
              <system-err>[SKIPPED] Spec skipped because an earlier spec in an ordered container failed&#xA;In [It] at: /Users/antont/ansible_deckhouse/virtualization-full/tests/e2e/vm_configuration_test.go:123 @ 10/13/25 18:36:14.41&#xA;</system-err>
          </testcase>
          <testcase name="[It] VirtualMachineConfiguration 1 Manual restart approval mode 1 When virtual machine is patched checks the number of processor cores in specification" classname="Tests" status="skipped" time="0">
              <skipped message="skipped - Spec skipped because an earlier spec in an ordered container failed"></skipped>
              <system-err>[SKIPPED] Spec skipped because an earlier spec in an ordered container failed&#xA;In [It] at: /Users/antont/ansible_deckhouse/virtualization-full/tests/e2e/vm_configuration_test.go:147 @ 10/13/25 18:36:14.41&#xA;</system-err>
          </testcase>
          <testcase name="[It] VirtualMachineConfiguration 1 Manual restart approval mode 1 When virtual machine is restarted should be ready" classname="Tests" status="skipped" time="0">
              <skipped message="skipped - Spec skipped because an earlier spec in an ordered container failed"></skipped>
              <system-err>[SKIPPED] Spec skipped because an earlier spec in an ordered container failed&#xA;In [It] at: /Users/antont/ansible_deckhouse/virtualization-full/tests/e2e/vm_configuration_test.go:161 @ 10/13/25 18:36:14.41&#xA;</system-err>
          </testcase>
          <testcase name="[It] VirtualMachineConfiguration 1 Manual restart approval mode 1 When virtual machine agents are ready checks that the number of processor cores was changed" classname="Tests" status="skipped" time="0">
              <skipped message="skipped - Spec skipped because an earlier spec in an ordered container failed"></skipped>
              <system-err>[SKIPPED] Spec skipped because an earlier spec in an ordered container failed&#xA;In [It] at: /Users/antont/ansible_deckhouse/virtualization-full/tests/e2e/vm_configuration_test.go:183 @ 10/13/25 18:36:14.41&#xA;</system-err>
          </testcase>
          <testcase name="[It] VirtualMachineConfiguration 1 Automatic restart approval mode 1 When virtual machine is in Running phase changes the number of processor cores" classname="Tests" status="skipped" time="0">
              <skipped message="skipped - Spec skipped because an earlier spec in an ordered container failed"></skipped>
              <system-err>[SKIPPED] Spec skipped because an earlier spec in an ordered container failed&#xA;In [It] at: /Users/antont/ansible_deckhouse/virtualization-full/tests/e2e/vm_configuration_test.go:202 @ 10/13/25 18:36:14.41&#xA;</system-err>
          </testcase>
          <testcase name="[It] VirtualMachineConfiguration 1 Automatic restart approval mode 1 When virtual machine is patched checks the number of processor cores in specification" classname="Tests" status="skipped" time="0">
              <skipped message="skipped - Spec skipped because an earlier spec in an ordered container failed"></skipped>
              <system-err>[SKIPPED] Spec skipped because an earlier spec in an ordered container failed&#xA;In [It] at: /Users/antont/ansible_deckhouse/virtualization-full/tests/e2e/vm_configuration_test.go:226 @ 10/13/25 18:36:14.41&#xA;</system-err>
          </testcase>
          <testcase name="[It] VirtualMachineConfiguration 1 Automatic restart approval mode 1 When virtual machine is restarted should be ready" classname="Tests" status="skipped" time="0">
              <skipped message="skipped - Spec skipped because an earlier spec in an ordered container failed"></skipped>
              <system-err>[SKIPPED] Spec skipped because an earlier spec in an ordered container failed&#xA;In [It] at: /Users/antont/ansible_deckhouse/virtualization-full/tests/e2e/vm_configuration_test.go:240 @ 10/13/25 18:36:14.41&#xA;</system-err>
          </testcase>
          <testcase name="[It] VirtualMachineConfiguration 1 Automatic restart approval mode 1 When virtual machine agents are ready checks that the number of processor cores was changed" classname="Tests" status="skipped" time="0">
              <skipped message="skipped - Spec skipped because an earlier spec in an ordered container failed"></skipped>
              <system-err>[SKIPPED] Spec skipped because an earlier spec in an ordered container failed&#xA;In [It] at: /Users/antont/ansible_deckhouse/virtualization-full/tests/e2e/vm_configuration_test.go:250 @ 10/13/25 18:36:14.41&#xA;</system-err>
          </testcase>
          <testcase name="[It] VirtualMachineConfiguration 1 When test is completed deletes test case resources" classname="Tests" status="skipped" time="0">
              <skipped message="skipped - Spec skipped because an earlier spec in an ordered container failed"></skipped>
              <system-err>[SKIPPED] Spec skipped because an earlier spec in an ordered container failed&#xA;In [It] at: /Users/antont/ansible_deckhouse/virtualization-full/tests/e2e/vm_configuration_test.go:265 @ 10/13/25 18:36:14.411&#xA;</system-err>
          </testcase>
          <testcase name="[It] VirtualDiskSnapshots When virtualization resources are applied: result should be succeeded" classname="Tests" status="failed" time="8.197705375">
              <failure message="immediate storage class cannot be nil; please set up the immediate storage class in the cluster&#xA;Expected&#xA;    &lt;*v1.StorageClass | 0x0&gt;: nil&#xA;not to be nil" type="failed">[FAILED] immediate storage class cannot be nil; please set up the immediate storage class in the cluster&#xA;Expected&#xA;    &lt;*v1.StorageClass | 0x0&gt;: nil&#xA;not to be nil&#xA;In [BeforeAll] at: /Users/antont/ansible_deckhouse/virtualization-full/tests/e2e/vd_snapshots_test.go:71 @ 10/13/25 18:36:16.476&#xA;</failure>
              <system-err>&gt; Enter [BeforeAll] VirtualDiskSnapshots - /Users/antont/ansible_deckhouse/virtualization-full/tests/e2e/vd_snapshots_test.go:55 @ 10/13/25 18:36:14.411&#xA;[FAILED] immediate storage class cannot be nil; please set up the immediate storage class in the cluster&#xA;Expected&#xA;    &lt;*v1.StorageClass | 0x0&gt;: nil&#xA;not to be nil&#xA;In [BeforeAll] at: /Users/antont/ansible_deckhouse/virtualization-full/tests/e2e/vd_snapshots_test.go:71 @ 10/13/25 18:36:16.476&#xA;&lt; Exit [BeforeAll] VirtualDiskSnapshots - /Users/antont/ansible_deckhouse/virtualization-full/tests/e2e/vd_snapshots_test.go:55 @ 10/13/25 18:36:16.476 (2.066s)&#xA;&gt; Enter [AfterEach] VirtualDiskSnapshots - /Users/antont/ansible_deckhouse/virtualization-full/tests/e2e/vd_snapshots_test.go:83 @ 10/13/25 18:36:16.476&#xA;The list of pods is empty; nothing to dump.&#xA;&lt; Exit [AfterEach] VirtualDiskSnapshots - /Users/antont/ansible_deckhouse/virtualization-full/tests/e2e/vd_snapshots_test.go:83 @ 10/13/25 18:36:22.608 (6.132s)&#xA;</system-err>
          </testcase>
          <testcase name="[It] VirtualDiskSnapshots When virtual images are applied: checks VIs phases" classname="Tests" status="skipped" time="0">
              <skipped message="skipped - Spec skipped because an earlier spec in an ordered container failed"></skipped>
              <system-err>[SKIPPED] Spec skipped because an earlier spec in an ordered container failed&#xA;In [It] at: /Users/antont/ansible_deckhouse/virtualization-full/tests/e2e/vd_snapshots_test.go:100 @ 10/13/25 18:36:22.609&#xA;</system-err>
          </testcase>
          <testcase name="[It] VirtualDiskSnapshots When virtual disks are applied: checks VDs phases" classname="Tests" status="skipped" time="0">
              <skipped message="skipped - Spec skipped because an earlier spec in an ordered container failed"></skipped>
              <system-err>[SKIPPED] Spec skipped because an earlier spec in an ordered container failed&#xA;In [It] at: /Users/antont/ansible_deckhouse/virtualization-full/tests/e2e/vd_snapshots_test.go:111 @ 10/13/25 18:36:22.609&#xA;</system-err>
          </testcase>
          <testcase name="[It] VirtualDiskSnapshots When virtual machines are applied: checks VMs phases" classname="Tests" status="skipped" time="0">
              <skipped message="skipped - Spec skipped because an earlier spec in an ordered container failed"></skipped>
              <system-err>[SKIPPED] Spec skipped because an earlier spec in an ordered container failed&#xA;In [It] at: /Users/antont/ansible_deckhouse/virtualization-full/tests/e2e/vd_snapshots_test.go:122 @ 10/13/25 18:36:22.609&#xA;</system-err>
          </testcase>
          <testcase name="[It] VirtualDiskSnapshots When virtual machine block device attachments are applied: checks VMBDAs phases" classname="Tests" status="skipped" time="0">
              <skipped message="skipped - Spec skipped because an earlier spec in an ordered container failed"></skipped>
              <system-err>[SKIPPED] Spec skipped because an earlier spec in an ordered container failed&#xA;In [It] at: /Users/antont/ansible_deckhouse/virtualization-full/tests/e2e/vd_snapshots_test.go:133 @ 10/13/25 18:36:22.609&#xA;</system-err>
          </testcase>
          <testcase name="[It] VirtualDiskSnapshots When unattached VDs in phase Ready: creates VDs snapshots with `requiredConsistency`" classname="Tests" status="skipped" time="0">
              <skipped message="skipped - Spec skipped because an earlier spec in an ordered container failed"></skipped>
              <system-err>[SKIPPED] Spec skipped because an earlier spec in an ordered container failed&#xA;In [It] at: /Users/antont/ansible_deckhouse/virtualization-full/tests/e2e/vd_snapshots_test.go:144 @ 10/13/25 18:36:22.609&#xA;</system-err>
          </testcase>
          <testcase name="[It] VirtualDiskSnapshots When unattached VDs in phase Ready: checks snapshots of unattached VDs" classname="Tests" status="skipped" time="0">
              <skipped message="skipped - Spec skipped because an earlier spec in an ordered container failed"></skipped>
              <system-err>[SKIPPED] Spec skipped because an earlier spec in an ordered container failed&#xA;In [It] at: /Users/antont/ansible_deckhouse/virtualization-full/tests/e2e/vd_snapshots_test.go:164 @ 10/13/25 18:36:22.609&#xA;</system-err>
          </testcase>
          <testcase name="[It] VirtualDiskSnapshots When virtual machines in Running phase creates snapshots with `requiredConsistency` of attached VDs" classname="Tests" status="skipped" time="0">
              <skipped message="skipped - Spec skipped because an earlier spec in an ordered container failed"></skipped>
              <system-err>[SKIPPED] Spec skipped because an earlier spec in an ordered container failed&#xA;In [It] at: /Users/antont/ansible_deckhouse/virtualization-full/tests/e2e/vd_snapshots_test.go:185 @ 10/13/25 18:36:22.609&#xA;</system-err>
          </testcase>
          <testcase name="[It] VirtualDiskSnapshots When virtual machines in Running phase creates `vdSnapshots` concurrently" classname="Tests" status="skipped" time="0">
              <skipped message="skipped - Spec skipped because an earlier spec in an ordered container failed"></skipped>
              <system-err>[SKIPPED] Spec skipped because an earlier spec in an ordered container failed&#xA;In [It] at: /Users/antont/ansible_deckhouse/virtualization-full/tests/e2e/vd_snapshots_test.go:229 @ 10/13/25 18:36:22.609&#xA;</system-err>
          </testcase>
          <testcase name="[It] VirtualDiskSnapshots When virtual machines in Running phase checks snapshots" classname="Tests" status="skipped" time="0">
              <skipped message="skipped - Spec skipped because an earlier spec in an ordered container failed"></skipped>
              <system-err>[SKIPPED] Spec skipped because an earlier spec in an ordered container failed&#xA;In [It] at: /Users/antont/ansible_deckhouse/virtualization-full/tests/e2e/vd_snapshots_test.go:290 @ 10/13/25 18:36:22.609&#xA;</system-err>
          </testcase>
          <testcase name="[It] VirtualDiskSnapshots When virtual machines in Running phase checks `FileSystemFrozen` status of VMs" classname="Tests" status="skipped" time="0">
              <skipped message="skipped - Spec skipped because an earlier spec in an ordered container failed"></skipped>
              <system-err>[SKIPPED] Spec skipped because an earlier spec in an ordered container failed&#xA;In [It] at: /Users/antont/ansible_deckhouse/virtualization-full/tests/e2e/vd_snapshots_test.go:341 @ 10/13/25 18:36:22.609&#xA;</system-err>
          </testcase>
          <testcase name="[It] VirtualDiskSnapshots When test is completed deletes test case resources" classname="Tests" status="skipped" time="0">
              <skipped message="skipped - Spec skipped because an earlier spec in an ordered container failed"></skipped>
              <system-err>[SKIPPED] Spec skipped because an earlier spec in an ordered container failed&#xA;In [It] at: /Users/antont/ansible_deckhouse/virtualization-full/tests/e2e/vd_snapshots_test.go:367 @ 10/13/25 18:36:22.61&#xA;</system-err>
          </testcase>
          <testcase name="[It] VirtualMachineLiveMigrationTCPSession checks TCP connection [SIG-Migration]" classname="Tests" status="skipped" time="0.000623625">
              <skipped message="skipped - This test case is not working everytime. Should be fixed."></skipped>
              <system-err>&gt; Enter [BeforeAll] VirtualMachineLiveMigrationTCPSession - /Users/antont/ansible_deckhouse/virtualization-full/tests/e2e/vm_live_migration_tcp_session_test.go:69 @ 10/13/25 18:36:22.61&#xA;[SKIPPED] This test case is not working everytime. Should be fixed.&#xA;In [BeforeAll] at: /Users/antont/ansible_deckhouse/virtualization-full/tests/e2e/vm_live_migration_tcp_session_test.go:73 @ 10/13/25 18:36:22.61&#xA;&lt; Exit [BeforeAll] VirtualMachineLiveMigrationTCPSession - /Users/antont/ansible_deckhouse/virtualization-full/tests/e2e/vm_live_migration_tcp_session_test.go:69 @ 10/13/25 18:36:22.61 (1ms)&#xA;&gt; Enter [AfterEach] VirtualMachineLiveMigrationTCPSession - /Users/antont/ansible_deckhouse/virtualization-full/tests/e2e/vm_live_migration_tcp_session_test.go:79 @ 10/13/25 18:36:22.61&#xA;&lt; Exit [AfterEach] VirtualMachineLiveMigrationTCPSession - /Users/antont/ansible_deckhouse/virtualization-full/tests/e2e/vm_live_migration_tcp_session_test.go:79 @ 10/13/25 18:36:22.61 (0s)&#xA;&gt; Enter [AfterAll] VirtualMachineLiveMigrationTCPSession - /Users/antont/ansible_deckhouse/virtualization-full/tests/e2e/framework/framework.go:76 @ 10/13/25 18:36:22.61&#xA;&lt; Exit [AfterAll] VirtualMachineLiveMigrationTCPSession - /Users/antont/ansible_deckhouse/virtualization-full/tests/e2e/framework/framework.go:76 @ 10/13/25 18:36:22.61 (0s)&#xA;</system-err>
          </testcase>
          <testcase name="[It] IPAM vmip with type Auto Creates vmip with type Auto" classname="Tests" status="passed" time="5.042763583">
              <system-err>&gt; Enter [BeforeAll] IPAM - /Users/antont/ansible_deckhouse/virtualization-full/tests/e2e/ipam_test.go:50 @ 10/13/25 18:36:22.611&#xA;&lt; Exit [BeforeAll] IPAM - /Users/antont/ansible_deckhouse/virtualization-full/tests/e2e/ipam_test.go:50 @ 10/13/25 18:36:26.14 (3.529s)&#xA;&gt; Enter [BeforeEach] IPAM - /Users/antont/ansible_deckhouse/virtualization-full/tests/e2e/ipam_test.go:65 @ 10/13/25 18:36:26.14&#xA;&lt; Exit [BeforeEach] IPAM - /Users/antont/ansible_deckhouse/virtualization-full/tests/e2e/ipam_test.go:65 @ 10/13/25 18:36:26.14 (0s)&#xA;&gt; Enter [It] Creates vmip with type Auto - /Users/antont/ansible_deckhouse/virtualization-full/tests/e2e/ipam_test.go:80 @ 10/13/25 18:36:26.14&#xA;STEP: Create a vmip automatically and check its binding with a lease - /Users/antont/ansible_deckhouse/virtualization-full/tests/e2e/ipam_test.go:81 @ 10/13/25 18:36:26.14&#xA;STEP: Remove label from the lease - /Users/antont/ansible_deckhouse/virtualization-full/tests/e2e/ipam_test.go:87 @ 10/13/25 18:36:27.26&#xA;STEP: Wait for the label to be restored by the controller - /Users/antont/ansible_deckhouse/virtualization-full/tests/e2e/ipam_test.go:96 @ 10/13/25 18:36:27.393&#xA;&lt; Exit [It] Creates vmip with type Auto - /Users/antont/ansible_deckhouse/virtualization-full/tests/e2e/ipam_test.go:80 @ 10/13/25 18:36:27.653 (1.513s)&#xA;&gt; Enter [AfterEach] IPAM - /Users/antont/ansible_deckhouse/virtualization-full/tests/e2e/ipam_test.go:157 @ 10/13/25 18:36:27.653&#xA;&lt; Exit [AfterEach] IPAM - /Users/antont/ansible_deckhouse/virtualization-full/tests/e2e/ipam_test.go:157 @ 10/13/25 18:36:27.653 (0s)&#xA;</system-err>
          </testcase>
          <testcase name="[It] IPAM vmip with type Static Creates vmip with type Static" classname="Tests" status="passed" time="1.8415113330000001">
              <system-err>&gt; Enter [BeforeEach] IPAM - /Users/antont/ansible_deckhouse/virtualization-full/tests/e2e/ipam_test.go:65 @ 10/13/25 18:36:27.654&#xA;&lt; Exit [BeforeEach] IPAM - /Users/antont/ansible_deckhouse/virtualization-full/tests/e2e/ipam_test.go:65 @ 10/13/25 18:36:27.654 (0s)&#xA;&gt; Enter [It] Creates vmip with type Static - /Users/antont/ansible_deckhouse/virtualization-full/tests/e2e/ipam_test.go:108 @ 10/13/25 18:36:27.654&#xA;STEP: Create an intermediate vmip automatically to allocate a new ip address - /Users/antont/ansible_deckhouse/virtualization-full/tests/e2e/ipam_test.go:109 @ 10/13/25 18:36:27.654&#xA;STEP: Delete the intermediate vmip automatically and check that the lease is released - /Users/antont/ansible_deckhouse/virtualization-full/tests/e2e/ipam_test.go:115 @ 10/13/25 18:36:28.037&#xA;STEP: Reuse the released lease with a static vmip - /Users/antont/ansible_deckhouse/virtualization-full/tests/e2e/ipam_test.go:124 @ 10/13/25 18:36:28.295&#xA;STEP: Delete the static vmip and lease, then create another static vmip with this ip address - /Users/antont/ansible_deckhouse/virtualization-full/tests/e2e/ipam_test.go:132 @ 10/13/25 18:36:28.785&#xA;&lt; Exit [It] Creates vmip with type Static - /Users/antont/ansible_deckhouse/virtualization-full/tests/e2e/ipam_test.go:108 @ 10/13/25 18:36:29.495 (1.841s)&#xA;&gt; Enter [AfterEach] IPAM - /Users/antont/ansible_deckhouse/virtualization-full/tests/e2e/ipam_test.go:157 @ 10/13/25 18:36:29.495&#xA;&lt; Exit [AfterEach] IPAM - /Users/antont/ansible_deckhouse/virtualization-full/tests/e2e/ipam_test.go:157 @ 10/13/25 18:36:29.495 (0s)&#xA;</system-err>
          </testcase>
          <testcase name="[It] VirtualDiskResizing When the resources are applied result should be succeeded" classname="Tests" status="skipped" time="0.000405083">
              <skipped message="skipped - This test case is not working everytime. Should be fixed."></skipped>
              <system-err>&gt; Enter [BeforeAll] VirtualDiskResizing - /Users/antont/ansible_deckhouse/virtualization-full/tests/e2e/vm_disk_resizing_test.go:47 @ 10/13/25 18:36:29.495&#xA;[SKIPPED] This test case is not working everytime. Should be fixed.&#xA;In [BeforeAll] at: /Users/antont/ansible_deckhouse/virtualization-full/tests/e2e/vm_disk_resizing_test.go:51 @ 10/13/25 18:36:29.496&#xA;&lt; Exit [BeforeAll] VirtualDiskResizing - /Users/antont/ansible_deckhouse/virtualization-full/tests/e2e/vm_disk_resizing_test.go:47 @ 10/13/25 18:36:29.496 (0s)&#xA;&gt; Enter [AfterEach] VirtualDiskResizing - /Users/antont/ansible_deckhouse/virtualization-full/tests/e2e/vm_disk_resizing_test.go:65 @ 10/13/25 18:36:29.496&#xA;&lt; Exit [AfterEach] VirtualDiskResizing - /Users/antont/ansible_deckhouse/virtualization-full/tests/e2e/vm_disk_resizing_test.go:65 @ 10/13/25 18:36:29.496 (0s)&#xA;</system-err>
          </testcase>
          <testcase name="[It] VirtualDiskResizing When the virtual images are applied checks `VirtualImages` phase" classname="Tests" status="skipped" time="0">
              <skipped message="skipped - Spec skipped because Skip() was called in BeforeAll"></skipped>
              <system-err>[SKIPPED] Spec skipped because Skip() was called in BeforeAll&#xA;In [It] at: /Users/antont/ansible_deckhouse/virtualization-full/tests/e2e/vm_disk_resizing_test.go:82 @ 10/13/25 18:36:29.496&#xA;</system-err>
          </testcase>
          <testcase name="[It] VirtualDiskResizing When the virtual disks are applied checks `VirtualDisks` phase" classname="Tests" status="skipped" time="0">
              <skipped message="skipped - Spec skipped because Skip() was called in BeforeAll"></skipped>
              <system-err>[SKIPPED] Spec skipped because Skip() was called in BeforeAll&#xA;In [It] at: /Users/antont/ansible_deckhouse/virtualization-full/tests/e2e/vm_disk_resizing_test.go:94 @ 10/13/25 18:36:29.496&#xA;</system-err>
          </testcase>
          <testcase name="[It] VirtualDiskResizing When the virtual machine are applied checks `VirtualMachine` phase" classname="Tests" status="skipped" time="0">
              <skipped message="skipped - Spec skipped because Skip() was called in BeforeAll"></skipped>
              <system-err>[SKIPPED] Spec skipped because Skip() was called in BeforeAll&#xA;In [It] at: /Users/antont/ansible_deckhouse/virtualization-full/tests/e2e/vm_disk_resizing_test.go:106 @ 10/13/25 18:36:29.496&#xA;</system-err>
          </testcase>
          <testcase name="[It] VirtualDiskResizing When the virtual machine are applied retrieves the test objects" classname="Tests" status="skipped" time="0">
              <skipped message="skipped - Spec skipped because Skip() was called in BeforeAll"></skipped>
              <system-err>[SKIPPED] Spec skipped because Skip() was called in BeforeAll&#xA;In [It] at: /Users/antont/ansible_deckhouse/virtualization-full/tests/e2e/vm_disk_resizing_test.go:116 @ 10/13/25 18:36:29.496&#xA;</system-err>
          </testcase>
          <testcase name="[It] VirtualDiskResizing When the virtual machine block device attachment is applied checks `VirtualMachineBlockDeviceAttachment` phase" classname="Tests" status="skipped" time="0">
              <skipped message="skipped - Spec skipped because Skip() was called in BeforeAll"></skipped>
              <system-err>[SKIPPED] Spec skipped because Skip() was called in BeforeAll&#xA;In [It] at: /Users/antont/ansible_deckhouse/virtualization-full/tests/e2e/vm_disk_resizing_test.go:132 @ 10/13/25 18:36:29.496&#xA;</system-err>
          </testcase>
          <testcase name="[It] VirtualDiskResizing Resizing When the virtual machine is ready obtains the disks metadata before resizing" classname="Tests" status="skipped" time="0">
              <skipped message="skipped - Spec skipped because Skip() was called in BeforeAll"></skipped>
              <system-err>[SKIPPED] Spec skipped because Skip() was called in BeforeAll&#xA;In [It] at: /Users/antont/ansible_deckhouse/virtualization-full/tests/e2e/vm_disk_resizing_test.go:151 @ 10/13/25 18:36:29.496&#xA;</system-err>
          </testcase>
          <testcase name="[It] VirtualDiskResizing Resizing When the virtual machine is ready resizes the disks" classname="Tests" status="skipped" time="0">
              <skipped message="skipped - Spec skipped because Skip() was called in BeforeAll"></skipped>
              <system-err>[SKIPPED] Spec skipped because Skip() was called in BeforeAll&#xA;In [It] at: /Users/antont/ansible_deckhouse/virtualization-full/tests/e2e/vm_disk_resizing_test.go:157 @ 10/13/25 18:36:29.497&#xA;</system-err>
          </testcase>
          <testcase name="[It] VirtualDiskResizing Resizing When the virtual machine is ready checks `VirtualDisks`, `VirtualMachine` and `VirtualMachineBlockDeviceAttachment` phases" classname="Tests" status="skipped" time="0">
              <skipped message="skipped - Spec skipped because Skip() was called in BeforeAll"></skipped>
              <system-err>[SKIPPED] Spec skipped because Skip() was called in BeforeAll&#xA;In [It] at: /Users/antont/ansible_deckhouse/virtualization-full/tests/e2e/vm_disk_resizing_test.go:189 @ 10/13/25 18:36:29.497&#xA;</system-err>
          </testcase>
          <testcase name="[It] VirtualDiskResizing Resizing When the virtual machine is ready obtains and compares the disks metadata after resizing" classname="Tests" status="skipped" time="0">
              <skipped message="skipped - Spec skipped because Skip() was called in BeforeAll"></skipped>
              <system-err>[SKIPPED] Spec skipped because Skip() was called in BeforeAll&#xA;In [It] at: /Users/antont/ansible_deckhouse/virtualization-full/tests/e2e/vm_disk_resizing_test.go:216 @ 10/13/25 18:36:29.497&#xA;</system-err>
          </testcase>
          <testcase name="[It] VirtualDiskResizing When test is completed deletes test case resources" classname="Tests" status="skipped" time="0">
              <skipped message="skipped - Spec skipped because Skip() was called in BeforeAll"></skipped>
              <system-err>[SKIPPED] Spec skipped because Skip() was called in BeforeAll&#xA;In [It] at: /Users/antont/ansible_deckhouse/virtualization-full/tests/e2e/vm_disk_resizing_test.go:252 @ 10/13/25 18:36:29.497&#xA;</system-err>
          </testcase>
          <testcase name="[It] SizingPolicy When resources are applied result should be succeeded" classname="Tests" status="passed" time="10.074230958">
              <system-err>&gt; Enter [BeforeAll] SizingPolicy - /Users/antont/ansible_deckhouse/virtualization-full/tests/e2e/sizing_policy_test.go:52 @ 10/13/25 18:36:29.497&#xA;&lt; Exit [BeforeAll] SizingPolicy - /Users/antont/ansible_deckhouse/virtualization-full/tests/e2e/sizing_policy_test.go:52 @ 10/13/25 18:36:31.545 (2.048s)&#xA;&gt; Enter [BeforeEach] SizingPolicy - /Users/antont/ansible_deckhouse/virtualization-full/tests/e2e/sizing_policy_test.go:67 @ 10/13/25 18:36:31.545&#xA;&lt; Exit [BeforeEach] SizingPolicy - /Users/antont/ansible_deckhouse/virtualization-full/tests/e2e/sizing_policy_test.go:67 @ 10/13/25 18:36:31.545 (0s)&#xA;&gt; Enter [It] result should be succeeded - /Users/antont/ansible_deckhouse/virtualization-full/tests/e2e/sizing_policy_test.go:80 @ 10/13/25 18:36:31.545&#xA;&lt; Exit [It] result should be succeeded - /Users/antont/ansible_deckhouse/virtualization-full/tests/e2e/sizing_policy_test.go:80 @ 10/13/25 18:36:39.571 (8.026s)&#xA;&gt; Enter [AfterEach] SizingPolicy - /Users/antont/ansible_deckhouse/virtualization-full/tests/e2e/sizing_policy_test.go:73 @ 10/13/25 18:36:39.571&#xA;&lt; Exit [AfterEach] SizingPolicy - /Users/antont/ansible_deckhouse/virtualization-full/tests/e2e/sizing_policy_test.go:73 @ 10/13/25 18:36:39.571 (0s)&#xA;</system-err>
          </testcase>
          <testcase name="[It] SizingPolicy When virtual images are applied checks VIs phases" classname="Tests" status="passed" time="4.32921075">
              <system-err>&gt; Enter [BeforeEach] SizingPolicy - /Users/antont/ansible_deckhouse/virtualization-full/tests/e2e/sizing_policy_test.go:67 @ 10/13/25 18:36:39.572&#xA;&lt; Exit [BeforeEach] SizingPolicy - /Users/antont/ansible_deckhouse/virtualization-full/tests/e2e/sizing_policy_test.go:67 @ 10/13/25 18:36:39.572 (0s)&#xA;&gt; Enter [It] checks VIs phases - /Users/antont/ansible_deckhouse/virtualization-full/tests/e2e/sizing_policy_test.go:90 @ 10/13/25 18:36:39.572&#xA;STEP: VIs should be in Ready phases - /Users/antont/ansible_deckhouse/virtualization-full/tests/e2e/sizing_policy_test.go:91 @ 10/13/25 18:36:39.572&#xA;&lt; Exit [It] checks VIs phases - /Users/antont/ansible_deckhouse/virtualization-full/tests/e2e/sizing_policy_test.go:90 @ 10/13/25 18:36:43.901 (4.329s)&#xA;&gt; Enter [AfterEach] SizingPolicy - /Users/antont/ansible_deckhouse/virtualization-full/tests/e2e/sizing_policy_test.go:73 @ 10/13/25 18:36:43.901&#xA;&lt; Exit [AfterEach] SizingPolicy - /Users/antont/ansible_deckhouse/virtualization-full/tests/e2e/sizing_policy_test.go:73 @ 10/13/25 18:36:43.901 (0s)&#xA;</system-err>
          </testcase>
          <testcase name="[It] SizingPolicy When virtual disks are applied checks VDs phases with map[vm:not-existing-vmclass-with-changing] and map[vm:not-existing-vmclass-with-creating] label" classname="Tests" status="failed" time="1007.209677625">
              <failure message="should observe resources in &#39;&#39;jsonpath={.status.phase}=Ready&#39;&#39; state before 16m40s timeout&#xA;Expected&#xA;    &lt;[]string | len:1, cap:2&gt;: [&#xA;        &#34;cmd: kubectl wait virtualdisks.virtualization.deckhouse.io head-5073ae15-vd-root-not-existing-vmclass-with-changing --namespace head-5073ae15-end-to-end-sizing-policy --for=&#39;jsonpath={.status.phase}=Ready&#39; --timeout=16m40s\nstderr: W1013 18:38:25.952610   45345 reflector.go:492] k8s.io/client-go/tools/watch/informerwatcher.go:146: watch of *unstructured.Unstructured ended with: an error on the server (\&#34;unable to decode an event from the watch stream: stream error: stream ID 13; INTERNAL_ERROR; received from peer\&#34;) has prevented the request from succeeding\nW1013 18:38:27.714052   45345 reflector.go:569] k8s.io/client-go/tools/watch/informerwatcher.go:146: failed to list *unstructured.Unstructured: the server could not find the requested resource\nE1013 18:38:27.714188   45345 reflector.go:166] \&#34;Unhandled Error\&#34; err=\&#34;k8s.io/client-go/tools/watch/informerwatcher.go:146: Failed to watch *unstructured.Unstructured: failed to list *unstructured.Unstructured: the server could not find the requested resource\&#34;\nW1013 18:38:29.953442   45345 reflector.go:569] k8s.io/client-go/tools/watch/informerwatcher.go:146: failed to list *unstructured.Unstructured: the server could not find the requested resource\nE1013 18:38:29.953472   45345 reflector.go:166] \&#34;Unhandled Error\&#34; err=\&#34;k8s.io/client-go/tools/watch/informerwatcher.go:146: Failed to watch *unstructured.Unstructured: failed to list *unstructured.Unstructured: the server could not find the requested resource\&#34;\nW1013 18:38:33.730161   45345 reflector.go:569] k8s.io/client-go/tools/watch/informerwatcher.go:146: failed to list *unstructured.Unstructured: the server could not find the requested resource\nE1013 18:38:33.730250   45345 reflector.go:166] \&#34;Unhandled Error\&#34; err=\&#34;k8s.io/client-go/tools/watch/informerwatcher.go:146: Failed to watch *unstructured.Unstructured: failed to list *unstructured.Unstructured: the server could not find the requested resource\&#34;\nW1013 18:38:45.537567   45345 reflector.go:569] k8s.io/client-go/tools/watch/informerwatcher.go:146: failed to list *unstructured.Unstructured: the server could not find the requested resource\nE1013 18:38:45.537627   45345 reflector.go:166] \&#34;Unhandled Error\&#34; err=\&#34;k8s.io/client-go/tools/watch/informerwatcher.go:146: Failed to watch *unstructured.Unstructured: failed to list *unstructured.Unstructured: the server could not find the requested resource\&#34;\nW1013 18:39:06.088386   45345 reflector.go:569] k8s.io/client-go/tools/watch/informerwatcher.go:146: failed to list *unstructured.Unstructured: the server could not find the requested resource\nE1013 18:39:06.088520   45345 reflector.go:166] \&#34;Unhandled Error\&#34; err=\&#34;k8s.io/client-go/tools/watch/informerwatcher.go:146: Failed to watch *unstructured.Unstructured: failed to list *unstructured.Unstructured: the server could not find the requested resource\&#34;\nW1013 18:39:52.260442   45345 reflector.go:569] k8s.io/client-go/tools/watch/informerwatcher.go:146: failed to list *unstructured.Unstructured: the server could not find the requested resource\nE1013 18:39:52.260476   45345 reflector.go:166] \&#34;Unhandled Error\&#34; err=\&#34;k8s.io/client-go/tools/watch/informerwatcher.go:146: Failed to watch *unstructured.Unstructured: failed to list *unstructured.Unstructured: the server could not find the requested resource\&#34;\nW1013 18:40:29.870841   45345 reflector.go:569] k8s.io/client-go/tools/watch/informerwatcher.go:146: failed to list *unstructured.Unstructured: the server could not find the requested resource\nE1013 18:40:29.870910   45345 reflector.go:166] \&#34;Unhandled Error\&#34; err=\&#34;k8s.io/client-go/tools/watch/informerwatcher.go:146: Failed to watch *unstructured.Unstructured: failed to list *unstructured.Unstructured: the server could not find the requested resource\&#34;\nW1013 18:41:28.810259   45345 reflector.go:569] k8s.io/client-go/tools/watch/informerwatcher.go:146: failed to list *unstructured.Unstructured: the server could not find the requested resource\nE1013 18:4...&#xA;&#xA;Gomega truncated this representation as it exceeds &#39;format.MaxLength&#39;.&#xA;Consider having the object provide a custom &#39;GomegaStringer&#39; representation&#xA;or adjust the parameters in Gomega&#39;s &#39;format&#39; package.&#xA;&#xA;Learn more here: https://onsi.github.io/gomega/#adjusting-output&#xA;&#xA;to be empty" type="failed">[FAILED] should observe resources in &#39;&#39;jsonpath={.status.phase}=Ready&#39;&#39; state before 16m40s timeout&#xA;Expected&#xA;    &lt;[]string | len:1, cap:2&gt;: [&#xA;        &#34;cmd: kubectl wait virtualdisks.virtualization.deckhouse.io head-5073ae15-vd-root-not-existing-vmclass-with-changing --namespace head-5073ae15-end-to-end-sizing-policy --for=&#39;jsonpath={.status.phase}=Ready&#39; --timeout=16m40s\nstderr: W1013 18:38:25.952610   45345 reflector.go:492] k8s.io/client-go/tools/watch/informerwatcher.go:146: watch of *unstructured.Unstructured ended with: an error on the server (\&#34;unable to decode an event from the watch stream: stream error: stream ID 13; INTERNAL_ERROR; received from peer\&#34;) has prevented the request from succeeding\nW1013 18:38:27.714052   45345 reflector.go:569] k8s.io/client-go/tools/watch/informerwatcher.go:146: failed to list *unstructured.Unstructured: the server could not find the requested resource\nE1013 18:38:27.714188   45345 reflector.go:166] \&#34;Unhandled Error\&#34; err=\&#34;k8s.io/client-go/tools/watch/informerwatcher.go:146: Failed to watch *unstructured.Unstructured: failed to list *unstructured.Unstructured: the server could not find the requested resource\&#34;\nW1013 18:38:29.953442   45345 reflector.go:569] k8s.io/client-go/tools/watch/informerwatcher.go:146: failed to list *unstructured.Unstructured: the server could not find the requested resource\nE1013 18:38:29.953472   45345 reflector.go:166] \&#34;Unhandled Error\&#34; err=\&#34;k8s.io/client-go/tools/watch/informerwatcher.go:146: Failed to watch *unstructured.Unstructured: failed to list *unstructured.Unstructured: the server could not find the requested resource\&#34;\nW1013 18:38:33.730161   45345 reflector.go:569] k8s.io/client-go/tools/watch/informerwatcher.go:146: failed to list *unstructured.Unstructured: the server could not find the requested resource\nE1013 18:38:33.730250   45345 reflector.go:166] \&#34;Unhandled Error\&#34; err=\&#34;k8s.io/client-go/tools/watch/informerwatcher.go:146: Failed to watch *unstructured.Unstructured: failed to list *unstructured.Unstructured: the server could not find the requested resource\&#34;\nW1013 18:38:45.537567   45345 reflector.go:569] k8s.io/client-go/tools/watch/informerwatcher.go:146: failed to list *unstructured.Unstructured: the server could not find the requested resource\nE1013 18:38:45.537627   45345 reflector.go:166] \&#34;Unhandled Error\&#34; err=\&#34;k8s.io/client-go/tools/watch/informerwatcher.go:146: Failed to watch *unstructured.Unstructured: failed to list *unstructured.Unstructured: the server could not find the requested resource\&#34;\nW1013 18:39:06.088386   45345 reflector.go:569] k8s.io/client-go/tools/watch/informerwatcher.go:146: failed to list *unstructured.Unstructured: the server could not find the requested resource\nE1013 18:39:06.088520   45345 reflector.go:166] \&#34;Unhandled Error\&#34; err=\&#34;k8s.io/client-go/tools/watch/informerwatcher.go:146: Failed to watch *unstructured.Unstructured: failed to list *unstructured.Unstructured: the server could not find the requested resource\&#34;\nW1013 18:39:52.260442   45345 reflector.go:569] k8s.io/client-go/tools/watch/informerwatcher.go:146: failed to list *unstructured.Unstructured: the server could not find the requested resource\nE1013 18:39:52.260476   45345 reflector.go:166] \&#34;Unhandled Error\&#34; err=\&#34;k8s.io/client-go/tools/watch/informerwatcher.go:146: Failed to watch *unstructured.Unstructured: failed to list *unstructured.Unstructured: the server could not find the requested resource\&#34;\nW1013 18:40:29.870841   45345 reflector.go:569] k8s.io/client-go/tools/watch/informerwatcher.go:146: failed to list *unstructured.Unstructured: the server could not find the requested resource\nE1013 18:40:29.870910   45345 reflector.go:166] \&#34;Unhandled Error\&#34; err=\&#34;k8s.io/client-go/tools/watch/informerwatcher.go:146: Failed to watch *unstructured.Unstructured: failed to list *unstructured.Unstructured: the server could not find the requested resource\&#34;\nW1013 18:41:28.810259   45345 reflector.go:569] k8s.io/client-go/tools/watch/informerwatcher.go:146: failed to list *unstructured.Unstructured: the server could not find the requested resource\nE1013 18:4...&#xA;&#xA;Gomega truncated this representation as it exceeds &#39;format.MaxLength&#39;.&#xA;Consider having the object provide a custom &#39;GomegaStringer&#39; representation&#xA;or adjust the parameters in Gomega&#39;s &#39;format&#39; package.&#xA;&#xA;Learn more here: https://onsi.github.io/gomega/#adjusting-output&#xA;&#xA;to be empty&#xA;In [It] at: /Users/antont/ansible_deckhouse/virtualization-full/tests/e2e/sizing_policy_test.go:103 @ 10/13/25 18:53:26.393&#xA;</failure>
              <system-err>&gt; Enter [BeforeEach] SizingPolicy - /Users/antont/ansible_deckhouse/virtualization-full/tests/e2e/sizing_policy_test.go:67 @ 10/13/25 18:36:43.901&#xA;&lt; Exit [BeforeEach] SizingPolicy - /Users/antont/ansible_deckhouse/virtualization-full/tests/e2e/sizing_policy_test.go:67 @ 10/13/25 18:36:43.901 (0s)&#xA;&gt; Enter [It] checks VDs phases with map[vm:not-existing-vmclass-with-changing] and map[vm:not-existing-vmclass-with-creating] label - /Users/antont/ansible_deckhouse/virtualization-full/tests/e2e/sizing_policy_test.go:101 @ 10/13/25 18:36:43.901&#xA;STEP: VDs should be in Ready phases - /Users/antont/ansible_deckhouse/virtualization-full/tests/e2e/sizing_policy_test.go:102 @ 10/13/25 18:36:43.901&#xA;[FAILED] should observe resources in &#39;&#39;jsonpath={.status.phase}=Ready&#39;&#39; state before 16m40s timeout&#xA;Expected&#xA;    &lt;[]string | len:1, cap:2&gt;: [&#xA;        &#34;cmd: kubectl wait virtualdisks.virtualization.deckhouse.io head-5073ae15-vd-root-not-existing-vmclass-with-changing --namespace head-5073ae15-end-to-end-sizing-policy --for=&#39;jsonpath={.status.phase}=Ready&#39; --timeout=16m40s\nstderr: W1013 18:38:25.952610   45345 reflector.go:492] k8s.io/client-go/tools/watch/informerwatcher.go:146: watch of *unstructured.Unstructured ended with: an error on the server (\&#34;unable to decode an event from the watch stream: stream error: stream ID 13; INTERNAL_ERROR; received from peer\&#34;) has prevented the request from succeeding\nW1013 18:38:27.714052   45345 reflector.go:569] k8s.io/client-go/tools/watch/informerwatcher.go:146: failed to list *unstructured.Unstructured: the server could not find the requested resource\nE1013 18:38:27.714188   45345 reflector.go:166] \&#34;Unhandled Error\&#34; err=\&#34;k8s.io/client-go/tools/watch/informerwatcher.go:146: Failed to watch *unstructured.Unstructured: failed to list *unstructured.Unstructured: the server could not find the requested resource\&#34;\nW1013 18:38:29.953442   45345 reflector.go:569] k8s.io/client-go/tools/watch/informerwatcher.go:146: failed to list *unstructured.Unstructured: the server could not find the requested resource\nE1013 18:38:29.953472   45345 reflector.go:166] \&#34;Unhandled Error\&#34; err=\&#34;k8s.io/client-go/tools/watch/informerwatcher.go:146: Failed to watch *unstructured.Unstructured: failed to list *unstructured.Unstructured: the server could not find the requested resource\&#34;\nW1013 18:38:33.730161   45345 reflector.go:569] k8s.io/client-go/tools/watch/informerwatcher.go:146: failed to list *unstructured.Unstructured: the server could not find the requested resource\nE1013 18:38:33.730250   45345 reflector.go:166] \&#34;Unhandled Error\&#34; err=\&#34;k8s.io/client-go/tools/watch/informerwatcher.go:146: Failed to watch *unstructured.Unstructured: failed to list *unstructured.Unstructured: the server could not find the requested resource\&#34;\nW1013 18:38:45.537567   45345 reflector.go:569] k8s.io/client-go/tools/watch/informerwatcher.go:146: failed to list *unstructured.Unstructured: the server could not find the requested resource\nE1013 18:38:45.537627   45345 reflector.go:166] \&#34;Unhandled Error\&#34; err=\&#34;k8s.io/client-go/tools/watch/informerwatcher.go:146: Failed to watch *unstructured.Unstructured: failed to list *unstructured.Unstructured: the server could not find the requested resource\&#34;\nW1013 18:39:06.088386   45345 reflector.go:569] k8s.io/client-go/tools/watch/informerwatcher.go:146: failed to list *unstructured.Unstructured: the server could not find the requested resource\nE1013 18:39:06.088520   45345 reflector.go:166] \&#34;Unhandled Error\&#34; err=\&#34;k8s.io/client-go/tools/watch/informerwatcher.go:146: Failed to watch *unstructured.Unstructured: failed to list *unstructured.Unstructured: the server could not find the requested resource\&#34;\nW1013 18:39:52.260442   45345 reflector.go:569] k8s.io/client-go/tools/watch/informerwatcher.go:146: failed to list *unstructured.Unstructured: the server could not find the requested resource\nE1013 18:39:52.260476   45345 reflector.go:166] \&#34;Unhandled Error\&#34; err=\&#34;k8s.io/client-go/tools/watch/informerwatcher.go:146: Failed to watch *unstructured.Unstructured: failed to list *unstructured.Unstructured: the server could not find the requested resource\&#34;\nW1013 18:40:29.870841   45345 reflector.go:569] k8s.io/client-go/tools/watch/informerwatcher.go:146: failed to list *unstructured.Unstructured: the server could not find the requested resource\nE1013 18:40:29.870910   45345 reflector.go:166] \&#34;Unhandled Error\&#34; err=\&#34;k8s.io/client-go/tools/watch/informerwatcher.go:146: Failed to watch *unstructured.Unstructured: failed to list *unstructured.Unstructured: the server could not find the requested resource\&#34;\nW1013 18:41:28.810259   45345 reflector.go:569] k8s.io/client-go/tools/watch/informerwatcher.go:146: failed to list *unstructured.Unstructured: the server could not find the requested resource\nE1013 18:4...&#xA;&#xA;Gomega truncated this representation as it exceeds &#39;format.MaxLength&#39;.&#xA;Consider having the object provide a custom &#39;GomegaStringer&#39; representation&#xA;or adjust the parameters in Gomega&#39;s &#39;format&#39; package.&#xA;&#xA;Learn more here: https://onsi.github.io/gomega/#adjusting-output&#xA;&#xA;to be empty&#xA;In [It] at: /Users/antont/ansible_deckhouse/virtualization-full/tests/e2e/sizing_policy_test.go:103 @ 10/13/25 18:53:26.393&#xA;&lt; Exit [It] checks VDs phases with map[vm:not-existing-vmclass-with-changing] and map[vm:not-existing-vmclass-with-creating] label - /Users/antont/ansible_deckhouse/virtualization-full/tests/e2e/sizing_policy_test.go:101 @ 10/13/25 18:53:26.394 (16m42.492s)&#xA;&gt; Enter [AfterEach] SizingPolicy - /Users/antont/ansible_deckhouse/virtualization-full/tests/e2e/sizing_policy_test.go:73 @ 10/13/25 18:53:26.394&#xA;Get resources error:&#xA;cmd: kubectl get virtualization,cvi,vmc,intvirt,pod,volumesnapshot --namespace head-5073ae15-end-to-end-sizing-policy -o yaml -l &#39;testcase=sizing-policy&#39; --show-managed-fields=true&#xA;error: exit status 1&#xA;stderr: E1013 18:53:27.505344   46244 memcache.go:265] &#34;Unhandled Error&#34; err=&#34;couldn&#39;t get current server API group list: the server could not find the requested resource&#34;&#xA;E1013 18:53:27.733738   46244 memcache.go:265] &#34;Unhandled Error&#34; err=&#34;couldn&#39;t get current server API group list: the server could not find the requested resource&#34;&#xA;E1013 18:53:27.967401   46244 memcache.go:265] &#34;Unhandled Error&#34; err=&#34;couldn&#39;t get current server API group list: the server could not find the requested resource&#34;&#xA;E1013 18:53:27.969054   46244 memcache.go:265] &#34;Unhandled Error&#34; err=&#34;couldn&#39;t get current server API group list: the server could not find the requested resource&#34;&#xA;E1013 18:53:27.974556   46244 memcache.go:265] &#34;Unhandled Error&#34; err=&#34;couldn&#39;t get current server API group list: the server could not find the requested resource&#34;&#xA;E1013 18:53:27.975953   46244 memcache.go:265] &#34;Unhandled Error&#34; err=&#34;couldn&#39;t get current server API group list: the server could not find the requested resource&#34;&#xA;E1013 18:53:27.980205   46244 memcache.go:265] &#34;Unhandled Error&#34; err=&#34;couldn&#39;t get current server API group list: the server could not find the requested resource&#34;&#xA;E1013 18:53:27.982958   46244 memcache.go:265] &#34;Unhandled Error&#34; err=&#34;couldn&#39;t get current server API group list: the server could not find the requested resource&#34;&#xA;E1013 18:53:27.986355   46244 memcache.go:265] &#34;Unhandled Error&#34; err=&#34;couldn&#39;t get current server API group list: the server could not find the requested resource&#34;&#xA;E1013 18:53:27.987632   46244 memcache.go:265] &#34;Unhandled Error&#34; err=&#34;couldn&#39;t get current server API group list: the server could not find the requested resource&#34;&#xA;E1013 18:53:27.991592   46244 memcache.go:265] &#34;Unhandled Error&#34; err=&#34;couldn&#39;t get current server API group list: the server could not find the requested resource&#34;&#xA;E1013 18:53:27.993310   46244 memcache.go:265] &#34;Unhandled Error&#34; err=&#34;couldn&#39;t get current server API group list: the server could not find the requested resource&#34;&#xA;E1013 18:53:27.996674   46244 memcache.go:265] &#34;Unhandled Error&#34; err=&#34;couldn&#39;t get current server API group list: the server could not find the requested resource&#34;&#xA;E1013 18:53:27.998005   46244 memcache.go:265] &#34;Unhandled Error&#34; err=&#34;couldn&#39;t get current server API group list: the server could not find the requested resource&#34;&#xA;E1013 18:53:28.230281   46244 memcache.go:265] &#34;Unhandled Error&#34; err=&#34;couldn&#39;t get current server API group list: the server could not find the requested resource&#34;&#xA;E1013 18:53:28.466740   46244 memcache.go:265] &#34;Unhandled Error&#34; err=&#34;couldn&#39;t get current server API group list: the server could not find the requested resource&#34;&#xA;E1013 18:53:28.706244   46244 memcache.go:265] &#34;Unhandled Error&#34; err=&#34;couldn&#39;t get current server API group list: the server could not find the requested resource&#34;&#xA;E1013 18:53:28.936131   46244 memcache.go:265] &#34;Unhandled Error&#34; err=&#34;couldn&#39;t get current server API group list: the server could not find the requested resource&#34;&#xA;E1013 18:53:29.172833   46244 memcache.go:265] &#34;Unhandled Error&#34; err=&#34;couldn&#39;t get current server API group list: the server could not find the requested resource&#34;&#xA;E1013 18:53:29.401763   46244 memcache.go:265] &#34;Unhandled Error&#34; err=&#34;couldn&#39;t get current server API group list: the server could not find the requested resource&#34;&#xA;E1013 18:53:29.630223   46244 memcache.go:265] &#34;Unhandled Error&#34; err=&#34;couldn&#39;t get current server API group list: the server could not find the requested resource&#34;&#xA;Error from server (NotFound): the server could not find the requested resource&#xA;&#xA;&#xA;Failed to get PodList:&#xA;cmd: kubectl get pod --namespace head-5073ae15-end-to-end-sizing-policy -o json -l &#39;testcase=sizing-policy&#39;&#xA;stderr: E1013 18:53:30.400686   46246 memcache.go:265] &#34;Unhandled Error&#34; err=&#34;couldn&#39;t get current server API group list: the server could not find the requested resource&#34;&#xA;E1013 18:53:30.627948   46246 memcache.go:265] &#34;Unhandled Error&#34; err=&#34;couldn&#39;t get current server API group list: the server could not find the requested resource&#34;&#xA;E1013 18:53:30.869154   46246 memcache.go:265] &#34;Unhandled Error&#34; err=&#34;couldn&#39;t get current server API group list: the server could not find the requested resource&#34;&#xA;E1013 18:53:30.983645   46246 memcache.go:265] &#34;Unhandled Error&#34; err=&#34;couldn&#39;t get current server API group list: the server could not find the requested resource&#34;&#xA;E1013 18:53:30.988363   46246 memcache.go:265] &#34;Unhandled Error&#34; err=&#34;couldn&#39;t get current server API group list: the server could not find the requested resource&#34;&#xA;E1013 18:53:30.989816   46246 memcache.go:265] &#34;Unhandled Error&#34; err=&#34;couldn&#39;t get current server API group list: the server could not find the requested resource&#34;&#xA;Error from server (NotFound): Unable to find &#34;/v1, Resource=pods&#34; that match label selector &#34;testcase=sizing-policy&#34;, field selector &#34;&#34;: the server could not find the requested resource (get pods)&#xA;&#xA;The list of pods is empty; nothing to dump.&#xA;&lt; Exit [AfterEach] SizingPolicy - /Users/antont/ansible_deckhouse/virtualization-full/tests/e2e/sizing_policy_test.go:73 @ 10/13/25 18:53:31.111 (4.717s)&#xA;</system-err>
          </testcase>
          <testcase name="[It] SizingPolicy When virtual disks are applied checks VDs phases with map[vm:existing-vmclass] label" classname="Tests" status="skipped" time="0">
              <skipped message="skipped - Spec skipped because an earlier spec in an ordered container failed"></skipped>
              <system-err>[SKIPPED] Spec skipped because an earlier spec in an ordered container failed&#xA;In [It] at: /Users/antont/ansible_deckhouse/virtualization-full/tests/e2e/sizing_policy_test.go:115 @ 10/13/25 18:53:31.112&#xA;</system-err>
          </testcase>
          <testcase name="[It] SizingPolicy When virtual machines are applied checks VMs phases with map[vm:not-existing-vmclass-with-changing] and map[vm:not-existing-vmclass-with-creating] label" classname="Tests" status="skipped" time="0">
              <skipped message="skipped - Spec skipped because an earlier spec in an ordered container failed"></skipped>
              <system-err>[SKIPPED] Spec skipped because an earlier spec in an ordered container failed&#xA;In [It] at: /Users/antont/ansible_deckhouse/virtualization-full/tests/e2e/sizing_policy_test.go:126 @ 10/13/25 18:53:31.112&#xA;</system-err>
          </testcase>
          <testcase name="[It] SizingPolicy When virtual machines are applied checks VMs phases with map[vm:existing-vmclass] label" classname="Tests" status="skipped" time="0">
              <skipped message="skipped - Spec skipped because an earlier spec in an ordered container failed"></skipped>
              <system-err>[SKIPPED] Spec skipped because an earlier spec in an ordered container failed&#xA;In [It] at: /Users/antont/ansible_deckhouse/virtualization-full/tests/e2e/sizing_policy_test.go:140 @ 10/13/25 18:53:31.112&#xA;</system-err>
          </testcase>
          <testcase name="[It] SizingPolicy Not existing virtual machine class When virtual machine with label map[vm:not-existing-vmclass-with-changing] in phase Pending checks condition status before changing &#39;virtulaMachineCLass` field with existing class" classname="Tests" status="skipped" time="0">
              <skipped message="skipped - Spec skipped because an earlier spec in an ordered container failed"></skipped>
              <system-err>[SKIPPED] Spec skipped because an earlier spec in an ordered container failed&#xA;In [It] at: /Users/antont/ansible_deckhouse/virtualization-full/tests/e2e/sizing_policy_test.go:152 @ 10/13/25 18:53:31.112&#xA;</system-err>
          </testcase>
          <testcase name="[It] SizingPolicy Not existing virtual machine class When virtual machine with label map[vm:not-existing-vmclass-with-changing] in phase Pending changes VMClassName in VM specification with existing VMClass" classname="Tests" status="skipped" time="0">
              <skipped message="skipped - Spec skipped because an earlier spec in an ordered container failed"></skipped>
              <system-err>[SKIPPED] Spec skipped because an earlier spec in an ordered container failed&#xA;In [It] at: /Users/antont/ansible_deckhouse/virtualization-full/tests/e2e/sizing_policy_test.go:157 @ 10/13/25 18:53:31.112&#xA;</system-err>
          </testcase>
          <testcase name="[It] SizingPolicy Not existing virtual machine class When virtual machine with label map[vm:not-existing-vmclass-with-changing] in phase Pending checks VM phase and condition status after changing" classname="Tests" status="skipped" time="0">
              <skipped message="skipped - Spec skipped because an earlier spec in an ordered container failed"></skipped>
              <system-err>[SKIPPED] Spec skipped because an earlier spec in an ordered container failed&#xA;In [It] at: /Users/antont/ansible_deckhouse/virtualization-full/tests/e2e/sizing_policy_test.go:163 @ 10/13/25 18:53:31.112&#xA;</system-err>
          </testcase>
          <testcase name="[It] SizingPolicy Not existing virtual machine class When virtual machine with label map[vm:not-existing-vmclass-with-creating] in phase Pending checks condition status before creating `VirtualMachineClass`" classname="Tests" status="skipped" time="0">
              <skipped message="skipped - Spec skipped because an earlier spec in an ordered container failed"></skipped>
              <system-err>[SKIPPED] Spec skipped because an earlier spec in an ordered container failed&#xA;In [It] at: /Users/antont/ansible_deckhouse/virtualization-full/tests/e2e/sizing_policy_test.go:176 @ 10/13/25 18:53:31.112&#xA;</system-err>
          </testcase>
          <testcase name="[It] SizingPolicy Not existing virtual machine class When virtual machine with label map[vm:not-existing-vmclass-with-creating] in phase Pending changes VMClassName in VM specification with not existing VMClass which have correct prefix for creating" classname="Tests" status="skipped" time="0">
              <skipped message="skipped - Spec skipped because an earlier spec in an ordered container failed"></skipped>
              <system-err>[SKIPPED] Spec skipped because an earlier spec in an ordered container failed&#xA;In [It] at: /Users/antont/ansible_deckhouse/virtualization-full/tests/e2e/sizing_policy_test.go:181 @ 10/13/25 18:53:31.112&#xA;</system-err>
          </testcase>
          <testcase name="[It] SizingPolicy Not existing virtual machine class When virtual machine with label map[vm:not-existing-vmclass-with-creating] in phase Pending creates new `VirtualMachineClass`" classname="Tests" status="skipped" time="0">
              <skipped message="skipped - Spec skipped because an earlier spec in an ordered container failed"></skipped>
              <system-err>[SKIPPED] Spec skipped because an earlier spec in an ordered container failed&#xA;In [It] at: /Users/antont/ansible_deckhouse/virtualization-full/tests/e2e/sizing_policy_test.go:187 @ 10/13/25 18:53:31.113&#xA;</system-err>
          </testcase>
          <testcase name="[It] SizingPolicy Not existing virtual machine class When virtual machine with label map[vm:not-existing-vmclass-with-creating] in phase Pending checks VM phase and condition after creating" classname="Tests" status="skipped" time="0">
              <skipped message="skipped - Spec skipped because an earlier spec in an ordered container failed"></skipped>
              <system-err>[SKIPPED] Spec skipped because an earlier spec in an ordered container failed&#xA;In [It] at: /Users/antont/ansible_deckhouse/virtualization-full/tests/e2e/sizing_policy_test.go:202 @ 10/13/25 18:53:31.113&#xA;</system-err>
          </testcase>
          <testcase name="[It] SizingPolicy When virtual machines in phase Running checks sizing policy match" classname="Tests" status="skipped" time="0">
              <skipped message="skipped - Spec skipped because an earlier spec in an ordered container failed"></skipped>
              <system-err>[SKIPPED] Spec skipped because an earlier spec in an ordered container failed&#xA;In [It] at: /Users/antont/ansible_deckhouse/virtualization-full/tests/e2e/sizing_policy_test.go:216 @ 10/13/25 18:53:31.113&#xA;</system-err>
          </testcase>
          <testcase name="[It] SizingPolicy When test is completed deletes test case resources" classname="Tests" status="skipped" time="0">
              <skipped message="skipped - Spec skipped because an earlier spec in an ordered container failed"></skipped>
              <system-err>[SKIPPED] Spec skipped because an earlier spec in an ordered container failed&#xA;In [It] at: /Users/antont/ansible_deckhouse/virtualization-full/tests/e2e/sizing_policy_test.go:240 @ 10/13/25 18:53:31.113&#xA;</system-err>
          </testcase>
          <testcase name="[It] VirtualMachineMigration When resources are applied result should be succeeded [SIG-Migration]" classname="Tests" status="failed" time="4.036610292">
              <failure message="kubectl create namespace head-5073ae15-end-to-end-vm-migration&#xA;Unexpected error:&#xA;    &lt;*exec.ExitError | 0x1400090c020&gt;: &#xA;    exit status 1&#xA;    {&#xA;        ProcessState: {&#xA;            pid: 46247,&#xA;            status: 256,&#xA;            rusage: {&#xA;                Utime: {&#xA;                    Sec: 0,&#xA;                    Usec: 38165,&#xA;                    Pad_cgo_0: [0, 0, 0, 0],&#xA;                },&#xA;                Stime: {&#xA;                    Sec: 0,&#xA;                    Usec: 16245,&#xA;                    Pad_cgo_0: [0, 0, 0, 0],&#xA;                },&#xA;                Maxrss: 47497216,&#xA;                Ixrss: 0,&#xA;                Idrss: 0,&#xA;                Isrss: 0,&#xA;                Minflt: 3706,&#xA;                Majflt: 3,&#xA;                Nswap: 0,&#xA;                Inblock: 0,&#xA;                Oublock: 0,&#xA;                Msgsnd: 13,&#xA;                Msgrcv: 13,&#xA;                Nsignals: 55,&#xA;                Nvcsw: 43,&#xA;                Nivcsw: 678,&#xA;            },&#xA;        },&#xA;        Stderr: nil,&#xA;    }&#xA;occurred" type="failed">[FAILED] kubectl create namespace head-5073ae15-end-to-end-vm-migration&#xA;Unexpected error:&#xA;    &lt;*exec.ExitError | 0x1400090c020&gt;: &#xA;    exit status 1&#xA;    {&#xA;        ProcessState: {&#xA;            pid: 46247,&#xA;            status: 256,&#xA;            rusage: {&#xA;                Utime: {&#xA;                    Sec: 0,&#xA;                    Usec: 38165,&#xA;                    Pad_cgo_0: [0, 0, 0, 0],&#xA;                },&#xA;                Stime: {&#xA;                    Sec: 0,&#xA;                    Usec: 16245,&#xA;                    Pad_cgo_0: [0, 0, 0, 0],&#xA;                },&#xA;                Maxrss: 47497216,&#xA;                Ixrss: 0,&#xA;                Idrss: 0,&#xA;                Isrss: 0,&#xA;                Minflt: 3706,&#xA;                Majflt: 3,&#xA;                Nswap: 0,&#xA;                Inblock: 0,&#xA;                Oublock: 0,&#xA;                Msgsnd: 13,&#xA;                Msgrcv: 13,&#xA;                Nsignals: 55,&#xA;                Nvcsw: 43,&#xA;                Nivcsw: 678,&#xA;            },&#xA;        },&#xA;        Stderr: nil,&#xA;    }&#xA;occurred&#xA;In [BeforeAll] at: /Users/antont/ansible_deckhouse/virtualization-full/tests/e2e/vm_migration_test.go:42 @ 10/13/25 18:53:31.832&#xA;</failure>
              <system-err>&gt; Enter [BeforeAll] VirtualMachineMigration - /Users/antont/ansible_deckhouse/virtualization-full/tests/e2e/vm_migration_test.go:36 @ 10/13/25 18:53:31.113&#xA;[FAILED] kubectl create namespace head-5073ae15-end-to-end-vm-migration&#xA;Unexpected error:&#xA;    &lt;*exec.ExitError | 0x1400090c020&gt;: &#xA;    exit status 1&#xA;    {&#xA;        ProcessState: {&#xA;            pid: 46247,&#xA;            status: 256,&#xA;            rusage: {&#xA;                Utime: {&#xA;                    Sec: 0,&#xA;                    Usec: 38165,&#xA;                    Pad_cgo_0: [0, 0, 0, 0],&#xA;                },&#xA;                Stime: {&#xA;                    Sec: 0,&#xA;                    Usec: 16245,&#xA;                    Pad_cgo_0: [0, 0, 0, 0],&#xA;                },&#xA;                Maxrss: 47497216,&#xA;                Ixrss: 0,&#xA;                Idrss: 0,&#xA;                Isrss: 0,&#xA;                Minflt: 3706,&#xA;                Majflt: 3,&#xA;                Nswap: 0,&#xA;                Inblock: 0,&#xA;                Oublock: 0,&#xA;                Msgsnd: 13,&#xA;                Msgrcv: 13,&#xA;                Nsignals: 55,&#xA;                Nvcsw: 43,&#xA;                Nivcsw: 678,&#xA;            },&#xA;        },&#xA;        Stderr: nil,&#xA;    }&#xA;occurred&#xA;In [BeforeAll] at: /Users/antont/ansible_deckhouse/virtualization-full/tests/e2e/vm_migration_test.go:42 @ 10/13/25 18:53:31.832&#xA;&lt; Exit [BeforeAll] VirtualMachineMigration - /Users/antont/ansible_deckhouse/virtualization-full/tests/e2e/vm_migration_test.go:36 @ 10/13/25 18:53:31.832 (719ms)&#xA;&gt; Enter [AfterEach] VirtualMachineMigration - /Users/antont/ansible_deckhouse/virtualization-full/tests/e2e/vm_migration_test.go:45 @ 10/13/25 18:53:31.832&#xA;Get resources error:&#xA;cmd: kubectl get virtualization,cvi,vmc,intvirt,pod,volumesnapshot --namespace head-5073ae15-end-to-end-vm-migration -o yaml -l &#39;testcase=vm-migration&#39; --show-managed-fields=true&#xA;error: exit status 1&#xA;stderr: E1013 18:53:32.739847   46248 memcache.go:265] &#34;Unhandled Error&#34; err=&#34;couldn&#39;t get current server API group list: the server could not find the requested resource&#34;&#xA;E1013 18:53:32.997213   46248 memcache.go:265] &#34;Unhandled Error&#34; err=&#34;couldn&#39;t get current server API group list: the server could not find the requested resource&#34;&#xA;E1013 18:53:33.265722   46248 memcache.go:265] &#34;Unhandled Error&#34; err=&#34;couldn&#39;t get current server API group list: the server could not find the requested resource&#34;&#xA;E1013 18:53:33.501109   46248 memcache.go:265] &#34;Unhandled Error&#34; err=&#34;couldn&#39;t get current server API group list: the server could not find the requested resource&#34;&#xA;E1013 18:53:33.735702   46248 memcache.go:265] &#34;Unhandled Error&#34; err=&#34;couldn&#39;t get current server API group list: the server could not find the requested resource&#34;&#xA;E1013 18:53:33.964565   46248 memcache.go:265] &#34;Unhandled Error&#34; err=&#34;couldn&#39;t get current server API group list: the server could not find the requested resource&#34;&#xA;E1013 18:53:33.969807   46248 memcache.go:265] &#34;Unhandled Error&#34; err=&#34;couldn&#39;t get current server API group list: the server could not find the requested resource&#34;&#xA;E1013 18:53:33.971258   46248 memcache.go:265] &#34;Unhandled Error&#34; err=&#34;couldn&#39;t get current server API group list: the server could not find the requested resource&#34;&#xA;E1013 18:53:33.976074   46248 memcache.go:265] &#34;Unhandled Error&#34; err=&#34;couldn&#39;t get current server API group list: the server could not find the requested resource&#34;&#xA;E1013 18:53:33.977625   46248 memcache.go:265] &#34;Unhandled Error&#34; err=&#34;couldn&#39;t get current server API group list: the server could not find the requested resource&#34;&#xA;E1013 18:53:33.980436   46248 memcache.go:265] &#34;Unhandled Error&#34; err=&#34;couldn&#39;t get current server API group list: the server could not find the requested resource&#34;&#xA;E1013 18:53:33.981763   46248 memcache.go:265] &#34;Unhandled Error&#34; err=&#34;couldn&#39;t get current server API group list: the server could not find the requested resource&#34;&#xA;E1013 18:53:33.984417   46248 memcache.go:265] &#34;Unhandled Error&#34; err=&#34;couldn&#39;t get current server API group list: the server could not find the requested resource&#34;&#xA;E1013 18:53:33.985781   46248 memcache.go:265] &#34;Unhandled Error&#34; err=&#34;couldn&#39;t get current server API group list: the server could not find the requested resource&#34;&#xA;E1013 18:53:33.988451   46248 memcache.go:265] &#34;Unhandled Error&#34; err=&#34;couldn&#39;t get current server API group list: the server could not find the requested resource&#34;&#xA;E1013 18:53:33.989818   46248 memcache.go:265] &#34;Unhandled Error&#34; err=&#34;couldn&#39;t get current server API group list: the server could not find the requested resource&#34;&#xA;E1013 18:53:33.992890   46248 memcache.go:265] &#34;Unhandled Error&#34; err=&#34;couldn&#39;t get current server API group list: the server could not find the requested resource&#34;&#xA;E1013 18:53:33.994205   46248 memcache.go:265] &#34;Unhandled Error&#34; err=&#34;couldn&#39;t get current server API group list: the server could not find the requested resource&#34;&#xA;E1013 18:53:33.995454   46248 memcache.go:265] &#34;Unhandled Error&#34; err=&#34;couldn&#39;t get current server API group list: the server could not find the requested resource&#34;&#xA;E1013 18:53:33.996801   46248 memcache.go:265] &#34;Unhandled Error&#34; err=&#34;couldn&#39;t get current server API group list: the server could not find the requested resource&#34;&#xA;E1013 18:53:33.998130   46248 memcache.go:265] &#34;Unhandled Error&#34; err=&#34;couldn&#39;t get current server API group list: the server could not find the requested resource&#34;&#xA;Error from server (NotFound): the server could not find the requested resource&#xA;&#xA;&#xA;Failed to get PodList:&#xA;cmd: kubectl get pod --namespace head-5073ae15-end-to-end-vm-migration -o json -l &#39;testcase=vm-migration&#39;&#xA;stderr: E1013 18:53:34.629847   46249 memcache.go:265] &#34;Unhandled Error&#34; err=&#34;couldn&#39;t get current server API group list: the server could not find the requested resource&#34;&#xA;E1013 18:53:34.861201   46249 memcache.go:265] &#34;Unhandled Error&#34; err=&#34;couldn&#39;t get current server API group list: the server could not find the requested resource&#34;&#xA;E1013 18:53:34.989811   46249 memcache.go:265] &#34;Unhandled Error&#34; err=&#34;couldn&#39;t get current server API group list: the server could not find the requested resource&#34;&#xA;E1013 18:53:34.991436   46249 memcache.go:265] &#34;Unhandled Error&#34; err=&#34;couldn&#39;t get current server API group list: the server could not find the requested resource&#34;&#xA;E1013 18:53:34.996767   46249 memcache.go:265] &#34;Unhandled Error&#34; err=&#34;couldn&#39;t get current server API group list: the server could not find the requested resource&#34;&#xA;E1013 18:53:34.998216   46249 memcache.go:265] &#34;Unhandled Error&#34; err=&#34;couldn&#39;t get current server API group list: the server could not find the requested resource&#34;&#xA;Error from server (NotFound): Unable to find &#34;/v1, Resource=pods&#34; that match label selector &#34;testcase=vm-migration&#34;, field selector &#34;&#34;: the server could not find the requested resource (get pods)&#xA;&#xA;The list of pods is empty; nothing to dump.&#xA;&lt; Exit [AfterEach] VirtualMachineMigration - /Users/antont/ansible_deckhouse/virtualization-full/tests/e2e/vm_migration_test.go:45 @ 10/13/25 18:53:35.15 (3.317s)&#xA;</system-err>
          </testcase>
          <testcase name="[It] VirtualMachineMigration When virtual machines are applied checks VMs phases [SIG-Migration]" classname="Tests" status="skipped" time="0">
              <skipped message="skipped - Spec skipped because an earlier spec in an ordered container failed"></skipped>
              <system-err>[SKIPPED] Spec skipped because an earlier spec in an ordered container failed&#xA;In [It] at: /Users/antont/ansible_deckhouse/virtualization-full/tests/e2e/vm_migration_test.go:75 @ 10/13/25 18:53:35.15&#xA;</system-err>
          </testcase>
          <testcase name="[It] VirtualMachineMigration When virtual machine agents are ready starts migrations [SIG-Migration]" classname="Tests" status="skipped" time="0">
              <skipped message="skipped - Spec skipped because an earlier spec in an ordered container failed"></skipped>
              <system-err>[SKIPPED] Spec skipped because an earlier spec in an ordered container failed&#xA;In [It] at: /Users/antont/ansible_deckhouse/virtualization-full/tests/e2e/vm_migration_test.go:86 @ 10/13/25 18:53:35.15&#xA;</system-err>
          </testcase>
          <testcase name="[It] VirtualMachineMigration When VMs migrations are applied checks VMs and VMOPs phases [SIG-Migration]" classname="Tests" status="skipped" time="0">
              <skipped message="skipped - Spec skipped because an earlier spec in an ordered container failed"></skipped>
              <system-err>[SKIPPED] Spec skipped because an earlier spec in an ordered container failed&#xA;In [It] at: /Users/antont/ansible_deckhouse/virtualization-full/tests/e2e/vm_migration_test.go:100 @ 10/13/25 18:53:35.15&#xA;</system-err>
          </testcase>
          <testcase name="[It] VirtualMachineMigration When VMs migrations are applied checks VMs external connection after migrations [SIG-Migration]" classname="Tests" status="skipped" time="0">
              <skipped message="skipped - Spec skipped because an earlier spec in an ordered container failed"></skipped>
              <system-err>[SKIPPED] Spec skipped because an earlier spec in an ordered container failed&#xA;In [It] at: /Users/antont/ansible_deckhouse/virtualization-full/tests/e2e/vm_migration_test.go:116 @ 10/13/25 18:53:35.15&#xA;</system-err>
          </testcase>
          <testcase name="[It] VirtualMachineMigration When test is completed deletes test case resources [SIG-Migration]" classname="Tests" status="skipped" time="0">
              <skipped message="skipped - Spec skipped because an earlier spec in an ordered container failed"></skipped>
              <system-err>[SKIPPED] Spec skipped because an earlier spec in an ordered container failed&#xA;In [It] at: /Users/antont/ansible_deckhouse/virtualization-full/tests/e2e/vm_migration_test.go:131 @ 10/13/25 18:53:35.15&#xA;</system-err>
          </testcase>
          <testcase name="[It] VirtualMachineAdditionalNetworkInterfaces When resources are applied result should be succeeded [SIG-Migration]" classname="Tests" status="skipped" time="0.740652459">
              <skipped message="skipped - Module SDN is disabled. Skipping all tests for module SDN."></skipped>
              <system-err>&gt; Enter [BeforeAll] VirtualMachineAdditionalNetworkInterfaces - /Users/antont/ansible_deckhouse/virtualization-full/tests/e2e/vm_vpc_test.go:47 @ 10/13/25 18:53:35.151&#xA;[SKIPPED] Module SDN is disabled. Skipping all tests for module SDN.&#xA;In [BeforeAll] at: /Users/antont/ansible_deckhouse/virtualization-full/tests/e2e/vm_vpc_test.go:50 @ 10/13/25 18:53:35.891&#xA;&lt; Exit [BeforeAll] VirtualMachineAdditionalNetworkInterfaces - /Users/antont/ansible_deckhouse/virtualization-full/tests/e2e/vm_vpc_test.go:47 @ 10/13/25 18:53:35.891 (741ms)&#xA;&gt; Enter [AfterAll] VirtualMachineAdditionalNetworkInterfaces - /Users/antont/ansible_deckhouse/virtualization-full/tests/e2e/vm_vpc_test.go:60 @ 10/13/25 18:53:35.891&#xA;&lt; Exit [AfterAll] VirtualMachineAdditionalNetworkInterfaces - /Users/antont/ansible_deckhouse/virtualization-full/tests/e2e/vm_vpc_test.go:60 @ 10/13/25 18:53:35.891 (0s)&#xA;</system-err>
          </testcase>
          <testcase name="[It] VirtualMachineAdditionalNetworkInterfaces When virtual machines are applied checks VMs phases [SIG-Migration]" classname="Tests" status="skipped" time="0">
              <skipped message="skipped - Spec skipped because Skip() was called in BeforeAll"></skipped>
              <system-err>[SKIPPED] Spec skipped because Skip() was called in BeforeAll&#xA;In [It] at: /Users/antont/ansible_deckhouse/virtualization-full/tests/e2e/vm_vpc_test.go:90 @ 10/13/25 18:53:35.891&#xA;</system-err>
          </testcase>
          <testcase name="[It] VirtualMachineAdditionalNetworkInterfaces When virtual machines are applied checks network availability [SIG-Migration]" classname="Tests" status="skipped" time="0">
              <skipped message="skipped - Spec skipped because Skip() was called in BeforeAll"></skipped>
              <system-err>[SKIPPED] Spec skipped because Skip() was called in BeforeAll&#xA;In [It] at: /Users/antont/ansible_deckhouse/virtualization-full/tests/e2e/vm_vpc_test.go:98 @ 10/13/25 18:53:35.891&#xA;</system-err>
          </testcase>
          <testcase name="[It] VirtualMachineAdditionalNetworkInterfaces When virtual machine agents and network are ready starts migrations [SIG-Migration]" classname="Tests" status="skipped" time="0">
              <skipped message="skipped - Spec skipped because Skip() was called in BeforeAll"></skipped>
              <system-err>[SKIPPED] Spec skipped because Skip() was called in BeforeAll&#xA;In [It] at: /Users/antont/ansible_deckhouse/virtualization-full/tests/e2e/vm_vpc_test.go:111 @ 10/13/25 18:53:35.892&#xA;</system-err>
          </testcase>
          <testcase name="[It] VirtualMachineAdditionalNetworkInterfaces When VMs migrations are applied checks VMs and VMOPs phases [SIG-Migration]" classname="Tests" status="skipped" time="0">
              <skipped message="skipped - Spec skipped because Skip() was called in BeforeAll"></skipped>
              <system-err>[SKIPPED] Spec skipped because Skip() was called in BeforeAll&#xA;In [It] at: /Users/antont/ansible_deckhouse/virtualization-full/tests/e2e/vm_vpc_test.go:125 @ 10/13/25 18:53:35.892&#xA;</system-err>
          </testcase>
          <testcase name="[It] VirtualMachineAdditionalNetworkInterfaces When VMs migrations are applied checks VMs external connection after migrations [SIG-Migration]" classname="Tests" status="skipped" time="0">
              <skipped message="skipped - Spec skipped because Skip() was called in BeforeAll"></skipped>
              <system-err>[SKIPPED] Spec skipped because Skip() was called in BeforeAll&#xA;In [It] at: /Users/antont/ansible_deckhouse/virtualization-full/tests/e2e/vm_vpc_test.go:141 @ 10/13/25 18:53:35.892&#xA;</system-err>
          </testcase>
          <testcase name="[It] VirtualMachineAdditionalNetworkInterfaces When VMs migrations are applied checks network availability after migrations [SIG-Migration]" classname="Tests" status="skipped" time="0">
              <skipped message="skipped - Spec skipped because Skip() was called in BeforeAll"></skipped>
              <system-err>[SKIPPED] Spec skipped because Skip() was called in BeforeAll&#xA;In [It] at: /Users/antont/ansible_deckhouse/virtualization-full/tests/e2e/vm_vpc_test.go:156 @ 10/13/25 18:53:35.892&#xA;</system-err>
          </testcase>
          <testcase name="[It] VirtualMachineAdditionalNetworkInterfaces When test is completed deletes test case resources [SIG-Migration]" classname="Tests" status="skipped" time="0">
              <skipped message="skipped - Spec skipped because Skip() was called in BeforeAll"></skipped>
              <system-err>[SKIPPED] Spec skipped because Skip() was called in BeforeAll&#xA;In [It] at: /Users/antont/ansible_deckhouse/virtualization-full/tests/e2e/vm_vpc_test.go:169 @ 10/13/25 18:53:35.892&#xA;</system-err>
          </testcase>
          <testcase name="[It] VirtualMachineEvacuation Evacuation [SIG-Migration]" classname="Tests" status="failed" time="13.652068708">
              <failure message="kubectl create namespace head-5073ae15-end-to-end-vm-evacuation&#xA;Unexpected error:&#xA;    &lt;*exec.ExitError | 0x140006c9240&gt;: &#xA;    exit status 1&#xA;    {&#xA;        ProcessState: {&#xA;            pid: 46251,&#xA;            status: 256,&#xA;            rusage: {&#xA;                Utime: {&#xA;                    Sec: 0,&#xA;                    Usec: 36507,&#xA;                    Pad_cgo_0: [0, 0, 0, 0],&#xA;                },&#xA;                Stime: {&#xA;                    Sec: 0,&#xA;                    Usec: 16774,&#xA;                    Pad_cgo_0: [0, 0, 0, 0],&#xA;                },&#xA;                Maxrss: 46891008,&#xA;                Ixrss: 0,&#xA;                Idrss: 0,&#xA;                Isrss: 0,&#xA;                Minflt: 3673,&#xA;                Majflt: 3,&#xA;                Nswap: 0,&#xA;                Inblock: 0,&#xA;                Oublock: 0,&#xA;                Msgsnd: 13,&#xA;                Msgrcv: 12,&#xA;                Nsignals: 48,&#xA;                Nvcsw: 42,&#xA;                Nivcsw: 509,&#xA;            },&#xA;        },&#xA;        Stderr: nil,&#xA;    }&#xA;occurred" type="failed">[FAILED] kubectl create namespace head-5073ae15-end-to-end-vm-evacuation&#xA;Unexpected error:&#xA;    &lt;*exec.ExitError | 0x140006c9240&gt;: &#xA;    exit status 1&#xA;    {&#xA;        ProcessState: {&#xA;            pid: 46251,&#xA;            status: 256,&#xA;            rusage: {&#xA;                Utime: {&#xA;                    Sec: 0,&#xA;                    Usec: 36507,&#xA;                    Pad_cgo_0: [0, 0, 0, 0],&#xA;                },&#xA;                Stime: {&#xA;                    Sec: 0,&#xA;                    Usec: 16774,&#xA;                    Pad_cgo_0: [0, 0, 0, 0],&#xA;                },&#xA;                Maxrss: 46891008,&#xA;                Ixrss: 0,&#xA;                Idrss: 0,&#xA;                Isrss: 0,&#xA;                Minflt: 3673,&#xA;                Majflt: 3,&#xA;                Nswap: 0,&#xA;                Inblock: 0,&#xA;                Oublock: 0,&#xA;                Msgsnd: 13,&#xA;                Msgrcv: 12,&#xA;                Nsignals: 48,&#xA;                Nvcsw: 42,&#xA;                Nivcsw: 509,&#xA;            },&#xA;        },&#xA;        Stderr: nil,&#xA;    }&#xA;occurred&#xA;In [BeforeAll] at: /Users/antont/ansible_deckhouse/virtualization-full/tests/e2e/vm_evacuation_test.go:48 @ 10/13/25 18:53:36.595&#xA;&#xA;There were additional failures detected after the initial failure. These are visible in the timeline&#xA;</failure>
              <system-err>&gt; Enter [BeforeAll] VirtualMachineEvacuation - /Users/antont/ansible_deckhouse/virtualization-full/tests/e2e/vm_evacuation_test.go:42 @ 10/13/25 18:53:35.892&#xA;[FAILED] kubectl create namespace head-5073ae15-end-to-end-vm-evacuation&#xA;Unexpected error:&#xA;    &lt;*exec.ExitError | 0x140006c9240&gt;: &#xA;    exit status 1&#xA;    {&#xA;        ProcessState: {&#xA;            pid: 46251,&#xA;            status: 256,&#xA;            rusage: {&#xA;                Utime: {&#xA;                    Sec: 0,&#xA;                    Usec: 36507,&#xA;                    Pad_cgo_0: [0, 0, 0, 0],&#xA;                },&#xA;                Stime: {&#xA;                    Sec: 0,&#xA;                    Usec: 16774,&#xA;                    Pad_cgo_0: [0, 0, 0, 0],&#xA;                },&#xA;                Maxrss: 46891008,&#xA;                Ixrss: 0,&#xA;                Idrss: 0,&#xA;                Isrss: 0,&#xA;                Minflt: 3673,&#xA;                Majflt: 3,&#xA;                Nswap: 0,&#xA;                Inblock: 0,&#xA;                Oublock: 0,&#xA;                Msgsnd: 13,&#xA;                Msgrcv: 12,&#xA;                Nsignals: 48,&#xA;                Nvcsw: 42,&#xA;                Nivcsw: 509,&#xA;            },&#xA;        },&#xA;        Stderr: nil,&#xA;    }&#xA;occurred&#xA;In [BeforeAll] at: /Users/antont/ansible_deckhouse/virtualization-full/tests/e2e/vm_evacuation_test.go:48 @ 10/13/25 18:53:36.595&#xA;&lt; Exit [BeforeAll] VirtualMachineEvacuation - /Users/antont/ansible_deckhouse/virtualization-full/tests/e2e/vm_evacuation_test.go:42 @ 10/13/25 18:53:36.595 (703ms)&#xA;&gt; Enter [AfterEach] VirtualMachineEvacuation - /Users/antont/ansible_deckhouse/virtualization-full/tests/e2e/vm_evacuation_test.go:59 @ 10/13/25 18:53:36.595&#xA;Get resources error:&#xA;cmd: kubectl get virtualization,cvi,vmc,intvirt,pod,volumesnapshot --namespace head-5073ae15-end-to-end-vm-evacuation -o yaml -l &#39;testcase=vm-evacuation&#39; --show-managed-fields=true&#xA;error: exit status 1&#xA;stderr: E1013 18:53:37.530925   46252 memcache.go:265] &#34;Unhandled Error&#34; err=&#34;couldn&#39;t get current server API group list: the server could not find the requested resource&#34;&#xA;E1013 18:53:37.758904   46252 memcache.go:265] &#34;Unhandled Error&#34; err=&#34;couldn&#39;t get current server API group list: the server could not find the requested resource&#34;&#xA;E1013 18:53:37.992872   46252 memcache.go:265] &#34;Unhandled Error&#34; err=&#34;couldn&#39;t get current server API group list: the server could not find the requested resource&#34;&#xA;E1013 18:53:37.994602   46252 memcache.go:265] &#34;Unhandled Error&#34; err=&#34;couldn&#39;t get current server API group list: the server could not find the requested resource&#34;&#xA;E1013 18:53:38.227732   46252 memcache.go:265] &#34;Unhandled Error&#34; err=&#34;couldn&#39;t get current server API group list: the server could not find the requested resource&#34;&#xA;E1013 18:53:38.455978   46252 memcache.go:265] &#34;Unhandled Error&#34; err=&#34;couldn&#39;t get current server API group list: the server could not find the requested resource&#34;&#xA;E1013 18:53:38.690330   46252 memcache.go:265] &#34;Unhandled Error&#34; err=&#34;couldn&#39;t get current server API group list: the server could not find the requested resource&#34;&#xA;E1013 18:53:38.930057   46252 memcache.go:265] &#34;Unhandled Error&#34; err=&#34;couldn&#39;t get current server API group list: the server could not find the requested resource&#34;&#xA;E1013 18:53:39.163578   46252 memcache.go:265] &#34;Unhandled Error&#34; err=&#34;couldn&#39;t get current server API group list: the server could not find the requested resource&#34;&#xA;E1013 18:53:39.393445   46252 memcache.go:265] &#34;Unhandled Error&#34; err=&#34;couldn&#39;t get current server API group list: the server could not find the requested resource&#34;&#xA;E1013 18:53:39.625820   46252 memcache.go:265] &#34;Unhandled Error&#34; err=&#34;couldn&#39;t get current server API group list: the server could not find the requested resource&#34;&#xA;E1013 18:53:39.876495   46252 memcache.go:265] &#34;Unhandled Error&#34; err=&#34;couldn&#39;t get current server API group list: the server could not find the requested resource&#34;&#xA;E1013 18:53:39.996631   46252 memcache.go:265] &#34;Unhandled Error&#34; err=&#34;couldn&#39;t get current server API group list: the server could not find the requested resource&#34;&#xA;E1013 18:53:39.998220   46252 memcache.go:265] &#34;Unhandled Error&#34; err=&#34;couldn&#39;t get current server API group list: the server could not find the requested resource&#34;&#xA;E1013 18:53:40.233597   46252 memcache.go:265] &#34;Unhandled Error&#34; err=&#34;couldn&#39;t get current server API group list: the server could not find the requested resource&#34;&#xA;E1013 18:53:40.462803   46252 memcache.go:265] &#34;Unhandled Error&#34; err=&#34;couldn&#39;t get current server API group list: the server could not find the requested resource&#34;&#xA;E1013 18:53:40.695016   46252 memcache.go:265] &#34;Unhandled Error&#34; err=&#34;couldn&#39;t get current server API group list: the server could not find the requested resource&#34;&#xA;E1013 18:53:40.924509   46252 memcache.go:265] &#34;Unhandled Error&#34; err=&#34;couldn&#39;t get current server API group list: the server could not find the requested resource&#34;&#xA;E1013 18:53:41.152218   46252 memcache.go:265] &#34;Unhandled Error&#34; err=&#34;couldn&#39;t get current server API group list: the server could not find the requested resource&#34;&#xA;E1013 18:53:41.381108   46252 memcache.go:265] &#34;Unhandled Error&#34; err=&#34;couldn&#39;t get current server API group list: the server could not find the requested resource&#34;&#xA;E1013 18:53:41.625652   46252 memcache.go:265] &#34;Unhandled Error&#34; err=&#34;couldn&#39;t get current server API group list: the server could not find the requested resource&#34;&#xA;Error from server (NotFound): the server could not find the requested resource&#xA;&#xA;&#xA;Failed to get PodList:&#xA;cmd: kubectl get pod --namespace head-5073ae15-end-to-end-vm-evacuation -o json -l &#39;testcase=vm-evacuation&#39;&#xA;stderr: E1013 18:53:42.516840   46255 memcache.go:265] &#34;Unhandled Error&#34; err=&#34;couldn&#39;t get current server API group list: the server could not find the requested resource&#34;&#xA;E1013 18:53:42.741866   46255 memcache.go:265] &#34;Unhandled Error&#34; err=&#34;couldn&#39;t get current server API group list: the server could not find the requested resource&#34;&#xA;E1013 18:53:42.975095   46255 memcache.go:265] &#34;Unhandled Error&#34; err=&#34;couldn&#39;t get current server API group list: the server could not find the requested resource&#34;&#xA;E1013 18:53:42.977902   46255 memcache.go:265] &#34;Unhandled Error&#34; err=&#34;couldn&#39;t get current server API group list: the server could not find the requested resource&#34;&#xA;E1013 18:53:42.982966   46255 memcache.go:265] &#34;Unhandled Error&#34; err=&#34;couldn&#39;t get current server API group list: the server could not find the requested resource&#34;&#xA;E1013 18:53:42.984342   46255 memcache.go:265] &#34;Unhandled Error&#34; err=&#34;couldn&#39;t get current server API group list: the server could not find the requested resource&#34;&#xA;Error from server (NotFound): Unable to find &#34;/v1, Resource=pods&#34; that match label selector &#34;testcase=vm-evacuation&#34;, field selector &#34;&#34;: the server could not find the requested resource (get pods)&#xA;&#xA;The list of pods is empty; nothing to dump.&#xA;STEP: Response on deletion request should be successful - /Users/antont/ansible_deckhouse/virtualization-full/tests/e2e/util_test.go:604 @ 10/13/25 18:53:43.105&#xA;END STEP: Response on deletion request should be successful - /Users/antont/ansible_deckhouse/virtualization-full/tests/e2e/util_test.go:604 @ 10/13/25 18:53:49.544 (6.439s)&#xA;[FAILED] cannot delete test case resources&#xA;cmd: kubectl delete virtualmachineoperations.virtualization.deckhouse.io --namespace head-5073ae15-end-to-end-vm-evacuation -l &#39;testcase=vm-evacuation&#39;&#xA;stderr: E1013 18:53:47.171751   46258 memcache.go:265] &#34;Unhandled Error&#34; err=&#34;couldn&#39;t get current server API group list: the server could not find the requested resource&#34;&#xA;E1013 18:53:47.409002   46258 memcache.go:265] &#34;Unhandled Error&#34; err=&#34;couldn&#39;t get current server API group list: the server could not find the requested resource&#34;&#xA;E1013 18:53:47.646436   46258 memcache.go:265] &#34;Unhandled Error&#34; err=&#34;couldn&#39;t get current server API group list: the server could not find the requested resource&#34;&#xA;E1013 18:53:47.884311   46258 memcache.go:265] &#34;Unhandled Error&#34; err=&#34;couldn&#39;t get current server API group list: the server could not find the requested resource&#34;&#xA;E1013 18:53:48.119913   46258 memcache.go:265] &#34;Unhandled Error&#34; err=&#34;couldn&#39;t get current server API group list: the server could not find the requested resource&#34;&#xA;E1013 18:53:48.359764   46258 memcache.go:265] &#34;Unhandled Error&#34; err=&#34;couldn&#39;t get current server API group list: the server could not find the requested resource&#34;&#xA;E1013 18:53:48.594335   46258 memcache.go:265] &#34;Unhandled Error&#34; err=&#34;couldn&#39;t get current server API group list: the server could not find the requested resource&#34;&#xA;E1013 18:53:48.833816   46258 memcache.go:265] &#34;Unhandled Error&#34; err=&#34;couldn&#39;t get current server API group list: the server could not find the requested resource&#34;&#xA;E1013 18:53:49.076723   46258 memcache.go:265] &#34;Unhandled Error&#34; err=&#34;couldn&#39;t get current server API group list: the server could not find the requested resource&#34;&#xA;E1013 18:53:49.306952   46258 memcache.go:265] &#34;Unhandled Error&#34; err=&#34;couldn&#39;t get current server API group list: the server could not find the requested resource&#34;&#xA;E1013 18:53:49.537380   46258 memcache.go:265] &#34;Unhandled Error&#34; err=&#34;couldn&#39;t get current server API group list: the server could not find the requested resource&#34;&#xA;Error from server (NotFound): the server could not find the requested resource&#xA;&#xA;Unexpected error:&#xA;    &lt;*exec.ExitError | 0x14000711320&gt;: &#xA;    exit status 1&#xA;    {&#xA;        ProcessState: {&#xA;            pid: 46258,&#xA;            status: 256,&#xA;            rusage: {&#xA;                Utime: {&#xA;                    Sec: 0,&#xA;                    Usec: 99235,&#xA;                    Pad_cgo_0: [0, 0, 0, 0],&#xA;                },&#xA;                Stime: {&#xA;                    Sec: 0,&#xA;                    Usec: 95745,&#xA;                    Pad_cgo_0: [0, 0, 0, 0],&#xA;                },&#xA;                Maxrss: 51494912,&#xA;                Ixrss: 0,&#xA;                Idrss: 0,&#xA;                Isrss: 0,&#xA;                Minflt: 3959,&#xA;                Majflt: 4,&#xA;                Nswap: 0,&#xA;                Inblock: 0,&#xA;                Oublock: 0,&#xA;                Msgsnd: 33,&#xA;                Msgrcv: 35,&#xA;                Nsignals: 81,&#xA;                Nvcsw: 40,&#xA;                Nivcsw: 2397,&#xA;            },&#xA;        },&#xA;        Stderr: nil,&#xA;    }&#xA;occurred&#xA;In [AfterEach] at: /Users/antont/ansible_deckhouse/virtualization-full/tests/e2e/util_test.go:626 @ 10/13/25 18:53:49.544&#xA;&lt; Exit [AfterEach] VirtualMachineEvacuation - /Users/antont/ansible_deckhouse/virtualization-full/tests/e2e/vm_evacuation_test.go:59 @ 10/13/25 18:53:49.544 (12.949s)&#xA;</system-err>
          </testcase>
          <testcase name="[It] VirtualMachineCancelMigration Cancel migrate [SIG-Migration]" classname="Tests" status="skipped" time="6.842779542">
              <skipped message="skipped - This test case is not working everytime. Should be fixed."></skipped>
              <system-err>&gt; Enter [BeforeAll] VirtualMachineCancelMigration - /Users/antont/ansible_deckhouse/virtualization-full/tests/e2e/vm_migration_cancel_test.go:39 @ 10/13/25 18:53:49.544&#xA;[SKIPPED] This test case is not working everytime. Should be fixed.&#xA;In [BeforeAll] at: /Users/antont/ansible_deckhouse/virtualization-full/tests/e2e/vm_migration_cancel_test.go:41 @ 10/13/25 18:53:49.544&#xA;&lt; Exit [BeforeAll] VirtualMachineCancelMigration - /Users/antont/ansible_deckhouse/virtualization-full/tests/e2e/vm_migration_cancel_test.go:39 @ 10/13/25 18:53:49.545 (0s)&#xA;&gt; Enter [AfterEach] VirtualMachineCancelMigration - /Users/antont/ansible_deckhouse/virtualization-full/tests/e2e/vm_migration_cancel_test.go:59 @ 10/13/25 18:53:49.545&#xA;STEP: Response on deletion request should be successful - /Users/antont/ansible_deckhouse/virtualization-full/tests/e2e/util_test.go:604 @ 10/13/25 18:53:49.545&#xA;END STEP: Response on deletion request should be successful - /Users/antont/ansible_deckhouse/virtualization-full/tests/e2e/util_test.go:604 @ 10/13/25 18:53:56.386 (6.842s)&#xA;[FAILED] cannot delete test case resources&#xA;cmd: kubectl delete virtualmachineoperations.virtualization.deckhouse.io -l &#39;testcase=vm-migration-cancel&#39;&#xA;stderr: E1013 18:53:54.058335   46288 memcache.go:265] &#34;Unhandled Error&#34; err=&#34;couldn&#39;t get current server API group list: the server could not find the requested resource&#34;&#xA;E1013 18:53:54.288585   46288 memcache.go:265] &#34;Unhandled Error&#34; err=&#34;couldn&#39;t get current server API group list: the server could not find the requested resource&#34;&#xA;E1013 18:53:54.524370   46288 memcache.go:265] &#34;Unhandled Error&#34; err=&#34;couldn&#39;t get current server API group list: the server could not find the requested resource&#34;&#xA;E1013 18:53:54.760657   46288 memcache.go:265] &#34;Unhandled Error&#34; err=&#34;couldn&#39;t get current server API group list: the server could not find the requested resource&#34;&#xA;E1013 18:53:54.999136   46288 memcache.go:265] &#34;Unhandled Error&#34; err=&#34;couldn&#39;t get current server API group list: the server could not find the requested resource&#34;&#xA;E1013 18:53:55.226544   46288 memcache.go:265] &#34;Unhandled Error&#34; err=&#34;couldn&#39;t get current server API group list: the server could not find the requested resource&#34;&#xA;E1013 18:53:55.452782   46288 memcache.go:265] &#34;Unhandled Error&#34; err=&#34;couldn&#39;t get current server API group list: the server could not find the requested resource&#34;&#xA;E1013 18:53:55.681540   46288 memcache.go:265] &#34;Unhandled Error&#34; err=&#34;couldn&#39;t get current server API group list: the server could not find the requested resource&#34;&#xA;E1013 18:53:55.917561   46288 memcache.go:265] &#34;Unhandled Error&#34; err=&#34;couldn&#39;t get current server API group list: the server could not find the requested resource&#34;&#xA;E1013 18:53:56.147628   46288 memcache.go:265] &#34;Unhandled Error&#34; err=&#34;couldn&#39;t get current server API group list: the server could not find the requested resource&#34;&#xA;E1013 18:53:56.378801   46288 memcache.go:265] &#34;Unhandled Error&#34; err=&#34;couldn&#39;t get current server API group list: the server could not find the requested resource&#34;&#xA;Error from server (NotFound): the server could not find the requested resource&#xA;&#xA;Unexpected error:&#xA;    &lt;*exec.ExitError | 0x140002b6000&gt;: &#xA;    exit status 1&#xA;    {&#xA;        ProcessState: {&#xA;            pid: 46288,&#xA;            status: 256,&#xA;            rusage: {&#xA;                Utime: {&#xA;                    Sec: 0,&#xA;                    Usec: 94359,&#xA;                    Pad_cgo_0: [0, 0, 0, 0],&#xA;                },&#xA;                Stime: {&#xA;                    Sec: 0,&#xA;                    Usec: 91409,&#xA;                    Pad_cgo_0: [0, 0, 0, 0],&#xA;                },&#xA;                Maxrss: 51642368,&#xA;                Ixrss: 0,&#xA;                Idrss: 0,&#xA;                Isrss: 0,&#xA;                Minflt: 3962,&#xA;                Majflt: 8,&#xA;                Nswap: 0,&#xA;                Inblock: 0,&#xA;                Oublock: 0,&#xA;                Msgsnd: 33,&#xA;                Msgrcv: 35,&#xA;                Nsignals: 113,&#xA;                Nvcsw: 98,&#xA;                Nivcsw: 2653,&#xA;            },&#xA;        },&#xA;        Stderr: nil,&#xA;    }&#xA;occurred&#xA;In [AfterEach] at: /Users/antont/ansible_deckhouse/virtualization-full/tests/e2e/util_test.go:626 @ 10/13/25 18:53:56.387&#xA;&lt; Exit [AfterEach] VirtualMachineCancelMigration - /Users/antont/ansible_deckhouse/virtualization-full/tests/e2e/vm_migration_cancel_test.go:59 @ 10/13/25 18:53:56.387 (6.843s)&#xA;</system-err>
          </testcase>
          <testcase name="[It] VirtualImageCreation When resources are applied result should be succeeded" classname="Tests" status="failed" time="6.727024334">
              <failure message="kubectl create namespace head-5073ae15-end-to-end-images-creation&#xA;Unexpected error:&#xA;    &lt;*exec.ExitError | 0x140007102c0&gt;: &#xA;    exit status 1&#xA;    {&#xA;        ProcessState: {&#xA;            pid: 46302,&#xA;            status: 256,&#xA;            rusage: {&#xA;                Utime: {&#xA;                    Sec: 0,&#xA;                    Usec: 33620,&#xA;                    Pad_cgo_0: [0, 0, 0, 0],&#xA;                },&#xA;                Stime: {&#xA;                    Sec: 0,&#xA;                    Usec: 14721,&#xA;                    Pad_cgo_0: [0, 0, 0, 0],&#xA;                },&#xA;                Maxrss: 47398912,&#xA;                Ixrss: 0,&#xA;                Idrss: 0,&#xA;                Isrss: 0,&#xA;                Minflt: 3704,&#xA;                Majflt: 3,&#xA;                Nswap: 0,&#xA;                Inblock: 0,&#xA;                Oublock: 0,&#xA;                Msgsnd: 13,&#xA;                Msgrcv: 11,&#xA;                Nsignals: 38,&#xA;                Nvcsw: 26,&#xA;                Nivcsw: 527,&#xA;            },&#xA;        },&#xA;        Stderr: nil,&#xA;    }&#xA;occurred" type="failed">[FAILED] kubectl create namespace head-5073ae15-end-to-end-images-creation&#xA;Unexpected error:&#xA;    &lt;*exec.ExitError | 0x140007102c0&gt;: &#xA;    exit status 1&#xA;    {&#xA;        ProcessState: {&#xA;            pid: 46302,&#xA;            status: 256,&#xA;            rusage: {&#xA;                Utime: {&#xA;                    Sec: 0,&#xA;                    Usec: 33620,&#xA;                    Pad_cgo_0: [0, 0, 0, 0],&#xA;                },&#xA;                Stime: {&#xA;                    Sec: 0,&#xA;                    Usec: 14721,&#xA;                    Pad_cgo_0: [0, 0, 0, 0],&#xA;                },&#xA;                Maxrss: 47398912,&#xA;                Ixrss: 0,&#xA;                Idrss: 0,&#xA;                Isrss: 0,&#xA;                Minflt: 3704,&#xA;                Majflt: 3,&#xA;                Nswap: 0,&#xA;                Inblock: 0,&#xA;                Oublock: 0,&#xA;                Msgsnd: 13,&#xA;                Msgrcv: 11,&#xA;                Nsignals: 38,&#xA;                Nvcsw: 26,&#xA;                Nivcsw: 527,&#xA;            },&#xA;        },&#xA;        Stderr: nil,&#xA;    }&#xA;occurred&#xA;In [BeforeAll] at: /Users/antont/ansible_deckhouse/virtualization-full/tests/e2e/images_creation_test.go:49 @ 10/13/25 18:53:57.282&#xA;</failure>
              <system-err>&gt; Enter [BeforeAll] VirtualImageCreation - /Users/antont/ansible_deckhouse/virtualization-full/tests/e2e/images_creation_test.go:39 @ 10/13/25 18:53:56.387&#xA;[FAILED] kubectl create namespace head-5073ae15-end-to-end-images-creation&#xA;Unexpected error:&#xA;    &lt;*exec.ExitError | 0x140007102c0&gt;: &#xA;    exit status 1&#xA;    {&#xA;        ProcessState: {&#xA;            pid: 46302,&#xA;            status: 256,&#xA;            rusage: {&#xA;                Utime: {&#xA;                    Sec: 0,&#xA;                    Usec: 33620,&#xA;                    Pad_cgo_0: [0, 0, 0, 0],&#xA;                },&#xA;                Stime: {&#xA;                    Sec: 0,&#xA;                    Usec: 14721,&#xA;                    Pad_cgo_0: [0, 0, 0, 0],&#xA;                },&#xA;                Maxrss: 47398912,&#xA;                Ixrss: 0,&#xA;                Idrss: 0,&#xA;                Isrss: 0,&#xA;                Minflt: 3704,&#xA;                Majflt: 3,&#xA;                Nswap: 0,&#xA;                Inblock: 0,&#xA;                Oublock: 0,&#xA;                Msgsnd: 13,&#xA;                Msgrcv: 11,&#xA;                Nsignals: 38,&#xA;                Nvcsw: 26,&#xA;                Nivcsw: 527,&#xA;            },&#xA;        },&#xA;        Stderr: nil,&#xA;    }&#xA;occurred&#xA;In [BeforeAll] at: /Users/antont/ansible_deckhouse/virtualization-full/tests/e2e/images_creation_test.go:49 @ 10/13/25 18:53:57.282&#xA;&lt; Exit [BeforeAll] VirtualImageCreation - /Users/antont/ansible_deckhouse/virtualization-full/tests/e2e/images_creation_test.go:39 @ 10/13/25 18:53:57.282 (895ms)&#xA;&gt; Enter [AfterEach] VirtualImageCreation - /Users/antont/ansible_deckhouse/virtualization-full/tests/e2e/images_creation_test.go:71 @ 10/13/25 18:53:57.282&#xA;Get resources error:&#xA;cmd: kubectl get virtualization,cvi,vmc,intvirt,pod,volumesnapshot --namespace head-5073ae15-end-to-end-images-creation -o yaml -l &#39;testcase=images-creation&#39; --show-managed-fields=true&#xA;error: exit status 1&#xA;stderr: E1013 18:53:58.012567   46311 memcache.go:265] &#34;Unhandled Error&#34; err=&#34;couldn&#39;t get current server API group list: the server could not find the requested resource&#34;&#xA;E1013 18:53:58.263613   46311 memcache.go:265] &#34;Unhandled Error&#34; err=&#34;couldn&#39;t get current server API group list: the server could not find the requested resource&#34;&#xA;E1013 18:53:58.495812   46311 memcache.go:265] &#34;Unhandled Error&#34; err=&#34;couldn&#39;t get current server API group list: the server could not find the requested resource&#34;&#xA;E1013 18:53:58.722532   46311 memcache.go:265] &#34;Unhandled Error&#34; err=&#34;couldn&#39;t get current server API group list: the server could not find the requested resource&#34;&#xA;E1013 18:53:58.949368   46311 memcache.go:265] &#34;Unhandled Error&#34; err=&#34;couldn&#39;t get current server API group list: the server could not find the requested resource&#34;&#xA;E1013 18:53:59.200603   46311 memcache.go:265] &#34;Unhandled Error&#34; err=&#34;couldn&#39;t get current server API group list: the server could not find the requested resource&#34;&#xA;E1013 18:53:59.428876   46311 memcache.go:265] &#34;Unhandled Error&#34; err=&#34;couldn&#39;t get current server API group list: the server could not find the requested resource&#34;&#xA;E1013 18:53:59.657924   46311 memcache.go:265] &#34;Unhandled Error&#34; err=&#34;couldn&#39;t get current server API group list: the server could not find the requested resource&#34;&#xA;E1013 18:53:59.894630   46311 memcache.go:265] &#34;Unhandled Error&#34; err=&#34;couldn&#39;t get current server API group list: the server could not find the requested resource&#34;&#xA;E1013 18:54:00.126823   46311 memcache.go:265] &#34;Unhandled Error&#34; err=&#34;couldn&#39;t get current server API group list: the server could not find the requested resource&#34;&#xA;E1013 18:54:00.369902   46311 memcache.go:265] &#34;Unhandled Error&#34; err=&#34;couldn&#39;t get current server API group list: the server could not find the requested resource&#34;&#xA;E1013 18:54:00.610518   46311 memcache.go:265] &#34;Unhandled Error&#34; err=&#34;couldn&#39;t get current server API group list: the server could not find the requested resource&#34;&#xA;E1013 18:54:00.841484   46311 memcache.go:265] &#34;Unhandled Error&#34; err=&#34;couldn&#39;t get current server API group list: the server could not find the requested resource&#34;&#xA;E1013 18:54:00.953968   46311 memcache.go:265] &#34;Unhandled Error&#34; err=&#34;couldn&#39;t get current server API group list: the server could not find the requested resource&#34;&#xA;E1013 18:54:00.958630   46311 memcache.go:265] &#34;Unhandled Error&#34; err=&#34;couldn&#39;t get current server API group list: the server could not find the requested resource&#34;&#xA;E1013 18:54:00.960059   46311 memcache.go:265] &#34;Unhandled Error&#34; err=&#34;couldn&#39;t get current server API group list: the server could not find the requested resource&#34;&#xA;E1013 18:54:00.964739   46311 memcache.go:265] &#34;Unhandled Error&#34; err=&#34;couldn&#39;t get current server API group list: the server could not find the requested resource&#34;&#xA;E1013 18:54:00.966152   46311 memcache.go:265] &#34;Unhandled Error&#34; err=&#34;couldn&#39;t get current server API group list: the server could not find the requested resource&#34;&#xA;E1013 18:54:00.967521   46311 memcache.go:265] &#34;Unhandled Error&#34; err=&#34;couldn&#39;t get current server API group list: the server could not find the requested resource&#34;&#xA;E1013 18:54:00.968834   46311 memcache.go:265] &#34;Unhandled Error&#34; err=&#34;couldn&#39;t get current server API group list: the server could not find the requested resource&#34;&#xA;E1013 18:54:00.970192   46311 memcache.go:265] &#34;Unhandled Error&#34; err=&#34;couldn&#39;t get current server API group list: the server could not find the requested resource&#34;&#xA;Error from server (NotFound): the server could not find the requested resource&#xA;&#xA;&#xA;Failed to get PodList:&#xA;cmd: kubectl get pod --namespace head-5073ae15-end-to-end-images-creation -o json -l &#39;testcase=images-creation&#39;&#xA;stderr: E1013 18:54:01.832659   46313 memcache.go:265] &#34;Unhandled Error&#34; err=&#34;couldn&#39;t get current server API group list: the server could not find the requested resource&#34;&#xA;E1013 18:54:02.063006   46313 memcache.go:265] &#34;Unhandled Error&#34; err=&#34;couldn&#39;t get current server API group list: the server could not find the requested resource&#34;&#xA;E1013 18:54:02.296688   46313 memcache.go:265] &#34;Unhandled Error&#34; err=&#34;couldn&#39;t get current server API group list: the server could not find the requested resource&#34;&#xA;E1013 18:54:02.523312   46313 memcache.go:265] &#34;Unhandled Error&#34; err=&#34;couldn&#39;t get current server API group list: the server could not find the requested resource&#34;&#xA;E1013 18:54:02.762425   46313 memcache.go:265] &#34;Unhandled Error&#34; err=&#34;couldn&#39;t get current server API group list: the server could not find the requested resource&#34;&#xA;E1013 18:54:02.992313   46313 memcache.go:265] &#34;Unhandled Error&#34; err=&#34;couldn&#39;t get current server API group list: the server could not find the requested resource&#34;&#xA;Error from server (NotFound): Unable to find &#34;/v1, Resource=pods&#34; that match label selector &#34;testcase=images-creation&#34;, field selector &#34;&#34;: the server could not find the requested resource (get pods)&#xA;&#xA;The list of pods is empty; nothing to dump.&#xA;&lt; Exit [AfterEach] VirtualImageCreation - /Users/antont/ansible_deckhouse/virtualization-full/tests/e2e/images_creation_test.go:71 @ 10/13/25 18:54:03.114 (5.832s)&#xA;</system-err>
          </testcase>
          <testcase name="[It] VirtualImageCreation When base virtual resources are ready checks VD phase" classname="Tests" status="skipped" time="0">
              <skipped message="skipped - Spec skipped because an earlier spec in an ordered container failed"></skipped>
              <system-err>[SKIPPED] Spec skipped because an earlier spec in an ordered container failed&#xA;In [It] at: /Users/antont/ansible_deckhouse/virtualization-full/tests/e2e/images_creation_test.go:94 @ 10/13/25 18:54:03.115&#xA;</system-err>
          </testcase>
          <testcase name="[It] VirtualImageCreation When base virtual resources are ready checks VDSnapshot phase" classname="Tests" status="skipped" time="0">
              <skipped message="skipped - Spec skipped because an earlier spec in an ordered container failed"></skipped>
              <system-err>[SKIPPED] Spec skipped because an earlier spec in an ordered container failed&#xA;In [It] at: /Users/antont/ansible_deckhouse/virtualization-full/tests/e2e/images_creation_test.go:103 @ 10/13/25 18:54:03.115&#xA;</system-err>
          </testcase>
          <testcase name="[It] VirtualImageCreation When virtual images are applied checks VIs phases" classname="Tests" status="skipped" time="0">
              <skipped message="skipped - Spec skipped because an earlier spec in an ordered container failed"></skipped>
              <system-err>[SKIPPED] Spec skipped because an earlier spec in an ordered container failed&#xA;In [It] at: /Users/antont/ansible_deckhouse/virtualization-full/tests/e2e/images_creation_test.go:114 @ 10/13/25 18:54:03.115&#xA;</system-err>
          </testcase>
          <testcase name="[It] VirtualImageCreation When virtual images are applied checks CVIs phases" classname="Tests" status="skipped" time="0">
              <skipped message="skipped - Spec skipped because an earlier spec in an ordered container failed"></skipped>
              <system-err>[SKIPPED] Spec skipped because an earlier spec in an ordered container failed&#xA;In [It] at: /Users/antont/ansible_deckhouse/virtualization-full/tests/e2e/images_creation_test.go:128 @ 10/13/25 18:54:03.115&#xA;</system-err>
          </testcase>
          <testcase name="[It] VirtualImageCreation When test is completed deletes test case resources" classname="Tests" status="skipped" time="0">
              <skipped message="skipped - Spec skipped because an earlier spec in an ordered container failed"></skipped>
              <system-err>[SKIPPED] Spec skipped because an earlier spec in an ordered container failed&#xA;In [It] at: /Users/antont/ansible_deckhouse/virtualization-full/tests/e2e/images_creation_test.go:139 @ 10/13/25 18:54:03.115&#xA;</system-err>
          </testcase>
          <testcase name="[It] VirtualMachineRestoreSafe When the virtualization resources are applied result should be succeeded [SIG-Restoration]" classname="Tests" status="failed" time="5.477326666">
              <failure message="kubectl create namespace head-5073ae15-end-to-end-vm-restore-safe&#xA;Unexpected error:&#xA;    &lt;*exec.ExitError | 0x14000711520&gt;: &#xA;    exit status 1&#xA;    {&#xA;        ProcessState: {&#xA;            pid: 46318,&#xA;            status: 256,&#xA;            rusage: {&#xA;                Utime: {&#xA;                    Sec: 0,&#xA;                    Usec: 35643,&#xA;                    Pad_cgo_0: [0, 0, 0, 0],&#xA;                },&#xA;                Stime: {&#xA;                    Sec: 0,&#xA;                    Usec: 19570,&#xA;                    Pad_cgo_0: [0, 0, 0, 0],&#xA;                },&#xA;                Maxrss: 46743552,&#xA;                Ixrss: 0,&#xA;                Idrss: 0,&#xA;                Isrss: 0,&#xA;                Minflt: 3662,&#xA;                Majflt: 3,&#xA;                Nswap: 0,&#xA;                Inblock: 0,&#xA;                Oublock: 0,&#xA;                Msgsnd: 13,&#xA;                Msgrcv: 12,&#xA;                Nsignals: 47,&#xA;                Nvcsw: 43,&#xA;                Nivcsw: 541,&#xA;            },&#xA;        },&#xA;        Stderr: nil,&#xA;    }&#xA;occurred" type="failed">[FAILED] kubectl create namespace head-5073ae15-end-to-end-vm-restore-safe&#xA;Unexpected error:&#xA;    &lt;*exec.ExitError | 0x14000711520&gt;: &#xA;    exit status 1&#xA;    {&#xA;        ProcessState: {&#xA;            pid: 46318,&#xA;            status: 256,&#xA;            rusage: {&#xA;                Utime: {&#xA;                    Sec: 0,&#xA;                    Usec: 35643,&#xA;                    Pad_cgo_0: [0, 0, 0, 0],&#xA;                },&#xA;                Stime: {&#xA;                    Sec: 0,&#xA;                    Usec: 19570,&#xA;                    Pad_cgo_0: [0, 0, 0, 0],&#xA;                },&#xA;                Maxrss: 46743552,&#xA;                Ixrss: 0,&#xA;                Idrss: 0,&#xA;                Isrss: 0,&#xA;                Minflt: 3662,&#xA;                Majflt: 3,&#xA;                Nswap: 0,&#xA;                Inblock: 0,&#xA;                Oublock: 0,&#xA;                Msgsnd: 13,&#xA;                Msgrcv: 12,&#xA;                Nsignals: 47,&#xA;                Nvcsw: 43,&#xA;                Nivcsw: 541,&#xA;            },&#xA;        },&#xA;        Stderr: nil,&#xA;    }&#xA;occurred&#xA;In [BeforeAll] at: /Users/antont/ansible_deckhouse/virtualization-full/tests/e2e/vm_restore_safe_test.go:58 @ 10/13/25 18:54:03.634&#xA;&#xA;There were additional failures detected after the initial failure. These are visible in the timeline&#xA;</failure>
              <system-err>&gt; Enter [BeforeAll] VirtualMachineRestoreSafe - /Users/antont/ansible_deckhouse/virtualization-full/tests/e2e/vm_restore_safe_test.go:52 @ 10/13/25 18:54:03.115&#xA;[FAILED] kubectl create namespace head-5073ae15-end-to-end-vm-restore-safe&#xA;Unexpected error:&#xA;    &lt;*exec.ExitError | 0x14000711520&gt;: &#xA;    exit status 1&#xA;    {&#xA;        ProcessState: {&#xA;            pid: 46318,&#xA;            status: 256,&#xA;            rusage: {&#xA;                Utime: {&#xA;                    Sec: 0,&#xA;                    Usec: 35643,&#xA;                    Pad_cgo_0: [0, 0, 0, 0],&#xA;                },&#xA;                Stime: {&#xA;                    Sec: 0,&#xA;                    Usec: 19570,&#xA;                    Pad_cgo_0: [0, 0, 0, 0],&#xA;                },&#xA;                Maxrss: 46743552,&#xA;                Ixrss: 0,&#xA;                Idrss: 0,&#xA;                Isrss: 0,&#xA;                Minflt: 3662,&#xA;                Majflt: 3,&#xA;                Nswap: 0,&#xA;                Inblock: 0,&#xA;                Oublock: 0,&#xA;                Msgsnd: 13,&#xA;                Msgrcv: 12,&#xA;                Nsignals: 47,&#xA;                Nvcsw: 43,&#xA;                Nivcsw: 541,&#xA;            },&#xA;        },&#xA;        Stderr: nil,&#xA;    }&#xA;occurred&#xA;In [BeforeAll] at: /Users/antont/ansible_deckhouse/virtualization-full/tests/e2e/vm_restore_safe_test.go:58 @ 10/13/25 18:54:03.634&#xA;&lt; Exit [BeforeAll] VirtualMachineRestoreSafe - /Users/antont/ansible_deckhouse/virtualization-full/tests/e2e/vm_restore_safe_test.go:52 @ 10/13/25 18:54:03.634 (519ms)&#xA;&gt; Enter [AfterEach] VirtualMachineRestoreSafe - /Users/antont/ansible_deckhouse/virtualization-full/tests/e2e/vm_restore_safe_test.go:65 @ 10/13/25 18:54:03.634&#xA;Get resources error:&#xA;cmd: kubectl get virtualization,cvi,vmc,intvirt,pod,volumesnapshot --namespace head-5073ae15-end-to-end-vm-restore-safe -o yaml -l &#39;testcase=vm-restore-safe&#39; --show-managed-fields=true&#xA;error: exit status 1&#xA;stderr: E1013 18:54:04.711780   46319 memcache.go:265] &#34;Unhandled Error&#34; err=&#34;couldn&#39;t get current server API group list: the server could not find the requested resource&#34;&#xA;E1013 18:54:04.942554   46319 memcache.go:265] &#34;Unhandled Error&#34; err=&#34;couldn&#39;t get current server API group list: the server could not find the requested resource&#34;&#xA;E1013 18:54:05.176141   46319 memcache.go:265] &#34;Unhandled Error&#34; err=&#34;couldn&#39;t get current server API group list: the server could not find the requested resource&#34;&#xA;E1013 18:54:05.412064   46319 memcache.go:265] &#34;Unhandled Error&#34; err=&#34;couldn&#39;t get current server API group list: the server could not find the requested resource&#34;&#xA;E1013 18:54:05.661583   46319 memcache.go:265] &#34;Unhandled Error&#34; err=&#34;couldn&#39;t get current server API group list: the server could not find the requested resource&#34;&#xA;E1013 18:54:05.893286   46319 memcache.go:265] &#34;Unhandled Error&#34; err=&#34;couldn&#39;t get current server API group list: the server could not find the requested resource&#34;&#xA;E1013 18:54:06.135970   46319 memcache.go:265] &#34;Unhandled Error&#34; err=&#34;couldn&#39;t get current server API group list: the server could not find the requested resource&#34;&#xA;E1013 18:54:06.364473   46319 memcache.go:265] &#34;Unhandled Error&#34; err=&#34;couldn&#39;t get current server API group list: the server could not find the requested resource&#34;&#xA;E1013 18:54:06.598678   46319 memcache.go:265] &#34;Unhandled Error&#34; err=&#34;couldn&#39;t get current server API group list: the server could not find the requested resource&#34;&#xA;E1013 18:54:06.848923   46319 memcache.go:265] &#34;Unhandled Error&#34; err=&#34;couldn&#39;t get current server API group list: the server could not find the requested resource&#34;&#xA;E1013 18:54:06.969662   46319 memcache.go:265] &#34;Unhandled Error&#34; err=&#34;couldn&#39;t get current server API group list: the server could not find the requested resource&#34;&#xA;E1013 18:54:06.971195   46319 memcache.go:265] &#34;Unhandled Error&#34; err=&#34;couldn&#39;t get current server API group list: the server could not find the requested resource&#34;&#xA;E1013 18:54:06.976983   46319 memcache.go:265] &#34;Unhandled Error&#34; err=&#34;couldn&#39;t get current server API group list: the server could not find the requested resource&#34;&#xA;E1013 18:54:06.978301   46319 memcache.go:265] &#34;Unhandled Error&#34; err=&#34;couldn&#39;t get current server API group list: the server could not find the requested resource&#34;&#xA;E1013 18:54:06.981689   46319 memcache.go:265] &#34;Unhandled Error&#34; err=&#34;couldn&#39;t get current server API group list: the server could not find the requested resource&#34;&#xA;E1013 18:54:06.983249   46319 memcache.go:265] &#34;Unhandled Error&#34; err=&#34;couldn&#39;t get current server API group list: the server could not find the requested resource&#34;&#xA;E1013 18:54:06.987871   46319 memcache.go:265] &#34;Unhandled Error&#34; err=&#34;couldn&#39;t get current server API group list: the server could not find the requested resource&#34;&#xA;E1013 18:54:06.989207   46319 memcache.go:265] &#34;Unhandled Error&#34; err=&#34;couldn&#39;t get current server API group list: the server could not find the requested resource&#34;&#xA;E1013 18:54:06.990664   46319 memcache.go:265] &#34;Unhandled Error&#34; err=&#34;couldn&#39;t get current server API group list: the server could not find the requested resource&#34;&#xA;E1013 18:54:06.992092   46319 memcache.go:265] &#34;Unhandled Error&#34; err=&#34;couldn&#39;t get current server API group list: the server could not find the requested resource&#34;&#xA;E1013 18:54:06.993426   46319 memcache.go:265] &#34;Unhandled Error&#34; err=&#34;couldn&#39;t get current server API group list: the server could not find the requested resource&#34;&#xA;Error from server (NotFound): the server could not find the requested resource&#xA;&#xA;&#xA;Failed to get PodList:&#xA;cmd: kubectl get pod --namespace head-5073ae15-end-to-end-vm-restore-safe -o json -l &#39;testcase=vm-restore-safe&#39;&#xA;stderr: E1013 18:54:07.871195   46321 memcache.go:265] &#34;Unhandled Error&#34; err=&#34;couldn&#39;t get current server API group list: the server could not find the requested resource&#34;&#xA;E1013 18:54:07.990986   46321 memcache.go:265] &#34;Unhandled Error&#34; err=&#34;couldn&#39;t get current server API group list: the server could not find the requested resource&#34;&#xA;E1013 18:54:07.995532   46321 memcache.go:265] &#34;Unhandled Error&#34; err=&#34;couldn&#39;t get current server API group list: the server could not find the requested resource&#34;&#xA;E1013 18:54:07.996812   46321 memcache.go:265] &#34;Unhandled Error&#34; err=&#34;couldn&#39;t get current server API group list: the server could not find the requested resource&#34;&#xA;E1013 18:54:08.232369   46321 memcache.go:265] &#34;Unhandled Error&#34; err=&#34;couldn&#39;t get current server API group list: the server could not find the requested resource&#34;&#xA;E1013 18:54:08.462410   46321 memcache.go:265] &#34;Unhandled Error&#34; err=&#34;couldn&#39;t get current server API group list: the server could not find the requested resource&#34;&#xA;Error from server (NotFound): Unable to find &#34;/v1, Resource=pods&#34; that match label selector &#34;testcase=vm-restore-safe&#34;, field selector &#34;&#34;: the server could not find the requested resource (get pods)&#xA;&#xA;The list of pods is empty; nothing to dump.&#xA;[PANICKED] Test Panicked&#xA;In [AfterEach] at: /opt/homebrew/Cellar/go/1.25.1/libexec/src/runtime/panic.go:262 @ 10/13/25 18:54:08.592&#xA;&#xA;runtime error: invalid memory address or nil pointer dereference&#xA;&#xA;Full Stack Trace&#xA;  github.com/deckhouse/virtualization/tests/e2e.init.func23.3()&#xA;  &#x9;/Users/antont/ansible_deckhouse/virtualization-full/tests/e2e/vm_restore_safe_test.go:70 +0xe4&#xA;&lt; Exit [AfterEach] VirtualMachineRestoreSafe - /Users/antont/ansible_deckhouse/virtualization-full/tests/e2e/vm_restore_safe_test.go:65 @ 10/13/25 18:54:08.592 (4.958s)&#xA;</system-err>
          </testcase>
          <testcase name="[It] VirtualMachineRestoreSafe When the virtualization resources are applied checks the resources phase [SIG-Restoration]" classname="Tests" status="skipped" time="0">
              <skipped message="skipped - Spec skipped because an earlier spec in an ordered container failed"></skipped>
              <system-err>[SKIPPED] Spec skipped because an earlier spec in an ordered container failed&#xA;In [It] at: /Users/antont/ansible_deckhouse/virtualization-full/tests/e2e/vm_restore_safe_test.go:105 @ 10/13/25 18:54:08.593&#xA;</system-err>
          </testcase>
          <testcase name="[It] VirtualMachineRestoreSafe When the virtualization resources are applied add additional interface to virtual machines [SIG-Restoration]" classname="Tests" status="skipped" time="0">
              <skipped message="skipped - Spec skipped because an earlier spec in an ordered container failed"></skipped>
              <system-err>[SKIPPED] Spec skipped because an earlier spec in an ordered container failed&#xA;In [It] at: /Users/antont/ansible_deckhouse/virtualization-full/tests/e2e/vm_restore_safe_test.go:115 @ 10/13/25 18:54:08.593&#xA;</system-err>
          </testcase>
          <testcase name="[It] VirtualMachineRestoreSafe When the resources are ready to use restore the `VirtualMachines` with `Safe` mode [SIG-Restoration]" classname="Tests" status="skipped" time="0">
              <skipped message="skipped - Spec skipped because an earlier spec in an ordered container failed"></skipped>
              <system-err>[SKIPPED] Spec skipped because an earlier spec in an ordered container failed&#xA;In [It] at: /Users/antont/ansible_deckhouse/virtualization-full/tests/e2e/vm_restore_safe_test.go:158 @ 10/13/25 18:54:08.593&#xA;</system-err>
          </testcase>
          <testcase name="[It] VirtualMachineRestoreSafe When the resources are ready to use check the .status.networks of each VM after restore [SIG-Restoration]" classname="Tests" status="skipped" time="0">
              <skipped message="skipped - Spec skipped because an earlier spec in an ordered container failed"></skipped>
              <system-err>[SKIPPED] Spec skipped because an earlier spec in an ordered container failed&#xA;In [It] at: /Users/antont/ansible_deckhouse/virtualization-full/tests/e2e/vm_restore_safe_test.go:348 @ 10/13/25 18:54:08.593&#xA;</system-err>
          </testcase>
          <testcase name="[It] VirtualMachineRestoreSafe When test is completed deletes test case resources [SIG-Restoration]" classname="Tests" status="skipped" time="0">
              <skipped message="skipped - Spec skipped because an earlier spec in an ordered container failed"></skipped>
              <system-err>[SKIPPED] Spec skipped because an earlier spec in an ordered container failed&#xA;In [It] at: /Users/antont/ansible_deckhouse/virtualization-full/tests/e2e/vm_restore_safe_test.go:374 @ 10/13/25 18:54:08.593&#xA;</system-err>
          </testcase>
          <testcase name="[It] VirtualMachineAffinityAndToleration When the virtualization resources are applied: result should be succeeded" classname="Tests" status="failed" time="7.662250083">
              <failure message="kubectl create namespace head-5073ae15-end-to-end-affinity-toleration&#xA;Unexpected error:&#xA;    &lt;*exec.ExitError | 0x140002b66e0&gt;: &#xA;    exit status 1&#xA;    {&#xA;        ProcessState: {&#xA;            pid: 46322,&#xA;            status: 256,&#xA;            rusage: {&#xA;                Utime: {&#xA;                    Sec: 0,&#xA;                    Usec: 35187,&#xA;                    Pad_cgo_0: [0, 0, 0, 0],&#xA;                },&#xA;                Stime: {&#xA;                    Sec: 0,&#xA;                    Usec: 19285,&#xA;                    Pad_cgo_0: [0, 0, 0, 0],&#xA;                },&#xA;                Maxrss: 46612480,&#xA;                Ixrss: 0,&#xA;                Idrss: 0,&#xA;                Isrss: 0,&#xA;                Minflt: 3660,&#xA;                Majflt: 3,&#xA;                Nswap: 0,&#xA;                Inblock: 0,&#xA;                Oublock: 0,&#xA;                Msgsnd: 13,&#xA;                Msgrcv: 13,&#xA;                Nsignals: 42,&#xA;                Nvcsw: 48,&#xA;                Nivcsw: 582,&#xA;            },&#xA;        },&#xA;        Stderr: nil,&#xA;    }&#xA;occurred" type="failed">[FAILED] kubectl create namespace head-5073ae15-end-to-end-affinity-toleration&#xA;Unexpected error:&#xA;    &lt;*exec.ExitError | 0x140002b66e0&gt;: &#xA;    exit status 1&#xA;    {&#xA;        ProcessState: {&#xA;            pid: 46322,&#xA;            status: 256,&#xA;            rusage: {&#xA;                Utime: {&#xA;                    Sec: 0,&#xA;                    Usec: 35187,&#xA;                    Pad_cgo_0: [0, 0, 0, 0],&#xA;                },&#xA;                Stime: {&#xA;                    Sec: 0,&#xA;                    Usec: 19285,&#xA;                    Pad_cgo_0: [0, 0, 0, 0],&#xA;                },&#xA;                Maxrss: 46612480,&#xA;                Ixrss: 0,&#xA;                Idrss: 0,&#xA;                Isrss: 0,&#xA;                Minflt: 3660,&#xA;                Majflt: 3,&#xA;                Nswap: 0,&#xA;                Inblock: 0,&#xA;                Oublock: 0,&#xA;                Msgsnd: 13,&#xA;                Msgrcv: 13,&#xA;                Nsignals: 42,&#xA;                Nvcsw: 48,&#xA;                Nivcsw: 582,&#xA;            },&#xA;        },&#xA;        Stderr: nil,&#xA;    }&#xA;occurred&#xA;In [BeforeAll] at: /Users/antont/ansible_deckhouse/virtualization-full/tests/e2e/affinity_toleration_test.go:69 @ 10/13/25 18:54:09.168&#xA;</failure>
              <system-err>&gt; Enter [BeforeAll] VirtualMachineAffinityAndToleration - /Users/antont/ansible_deckhouse/virtualization-full/tests/e2e/affinity_toleration_test.go:59 @ 10/13/25 18:54:08.593&#xA;[FAILED] kubectl create namespace head-5073ae15-end-to-end-affinity-toleration&#xA;Unexpected error:&#xA;    &lt;*exec.ExitError | 0x140002b66e0&gt;: &#xA;    exit status 1&#xA;    {&#xA;        ProcessState: {&#xA;            pid: 46322,&#xA;            status: 256,&#xA;            rusage: {&#xA;                Utime: {&#xA;                    Sec: 0,&#xA;                    Usec: 35187,&#xA;                    Pad_cgo_0: [0, 0, 0, 0],&#xA;                },&#xA;                Stime: {&#xA;                    Sec: 0,&#xA;                    Usec: 19285,&#xA;                    Pad_cgo_0: [0, 0, 0, 0],&#xA;                },&#xA;                Maxrss: 46612480,&#xA;                Ixrss: 0,&#xA;                Idrss: 0,&#xA;                Isrss: 0,&#xA;                Minflt: 3660,&#xA;                Majflt: 3,&#xA;                Nswap: 0,&#xA;                Inblock: 0,&#xA;                Oublock: 0,&#xA;                Msgsnd: 13,&#xA;                Msgrcv: 13,&#xA;                Nsignals: 42,&#xA;                Nvcsw: 48,&#xA;                Nivcsw: 582,&#xA;            },&#xA;        },&#xA;        Stderr: nil,&#xA;    }&#xA;occurred&#xA;In [BeforeAll] at: /Users/antont/ansible_deckhouse/virtualization-full/tests/e2e/affinity_toleration_test.go:69 @ 10/13/25 18:54:09.168&#xA;&lt; Exit [BeforeAll] VirtualMachineAffinityAndToleration - /Users/antont/ansible_deckhouse/virtualization-full/tests/e2e/affinity_toleration_test.go:59 @ 10/13/25 18:54:09.169 (576ms)&#xA;&gt; Enter [AfterEach] VirtualMachineAffinityAndToleration - /Users/antont/ansible_deckhouse/virtualization-full/tests/e2e/affinity_toleration_test.go:72 @ 10/13/25 18:54:09.169&#xA;Get resources error:&#xA;cmd: kubectl get virtualization,cvi,vmc,intvirt,pod,volumesnapshot --namespace head-5073ae15-end-to-end-affinity-toleration -o yaml -l &#39;testcase=affinity-toleration&#39; --show-managed-fields=true&#xA;error: exit status 1&#xA;stderr: E1013 18:54:10.227936   46323 memcache.go:265] &#34;Unhandled Error&#34; err=&#34;couldn&#39;t get current server API group list: the server could not find the requested resource&#34;&#xA;E1013 18:54:10.454047   46323 memcache.go:265] &#34;Unhandled Error&#34; err=&#34;couldn&#39;t get current server API group list: the server could not find the requested resource&#34;&#xA;E1013 18:54:10.692246   46323 memcache.go:265] &#34;Unhandled Error&#34; err=&#34;couldn&#39;t get current server API group list: the server could not find the requested resource&#34;&#xA;E1013 18:54:10.917684   46323 memcache.go:265] &#34;Unhandled Error&#34; err=&#34;couldn&#39;t get current server API group list: the server could not find the requested resource&#34;&#xA;E1013 18:54:11.147349   46323 memcache.go:265] &#34;Unhandled Error&#34; err=&#34;couldn&#39;t get current server API group list: the server could not find the requested resource&#34;&#xA;E1013 18:54:11.373017   46323 memcache.go:265] &#34;Unhandled Error&#34; err=&#34;couldn&#39;t get current server API group list: the server could not find the requested resource&#34;&#xA;E1013 18:54:11.604651   46323 memcache.go:265] &#34;Unhandled Error&#34; err=&#34;couldn&#39;t get current server API group list: the server could not find the requested resource&#34;&#xA;E1013 18:54:11.830717   46323 memcache.go:265] &#34;Unhandled Error&#34; err=&#34;couldn&#39;t get current server API group list: the server could not find the requested resource&#34;&#xA;E1013 18:54:12.075152   46323 memcache.go:265] &#34;Unhandled Error&#34; err=&#34;couldn&#39;t get current server API group list: the server could not find the requested resource&#34;&#xA;E1013 18:54:12.345778   46323 memcache.go:265] &#34;Unhandled Error&#34; err=&#34;couldn&#39;t get current server API group list: the server could not find the requested resource&#34;&#xA;E1013 18:54:12.579803   46323 memcache.go:265] &#34;Unhandled Error&#34; err=&#34;couldn&#39;t get current server API group list: the server could not find the requested resource&#34;&#xA;E1013 18:54:12.811871   46323 memcache.go:265] &#34;Unhandled Error&#34; err=&#34;couldn&#39;t get current server API group list: the server could not find the requested resource&#34;&#xA;E1013 18:54:13.043382   46323 memcache.go:265] &#34;Unhandled Error&#34; err=&#34;couldn&#39;t get current server API group list: the server could not find the requested resource&#34;&#xA;E1013 18:54:13.269797   46323 memcache.go:265] &#34;Unhandled Error&#34; err=&#34;couldn&#39;t get current server API group list: the server could not find the requested resource&#34;&#xA;E1013 18:54:13.511794   46323 memcache.go:265] &#34;Unhandled Error&#34; err=&#34;couldn&#39;t get current server API group list: the server could not find the requested resource&#34;&#xA;E1013 18:54:13.739386   46323 memcache.go:265] &#34;Unhandled Error&#34; err=&#34;couldn&#39;t get current server API group list: the server could not find the requested resource&#34;&#xA;E1013 18:54:13.968536   46323 memcache.go:265] &#34;Unhandled Error&#34; err=&#34;couldn&#39;t get current server API group list: the server could not find the requested resource&#34;&#xA;E1013 18:54:13.970306   46323 memcache.go:265] &#34;Unhandled Error&#34; err=&#34;couldn&#39;t get current server API group list: the server could not find the requested resource&#34;&#xA;E1013 18:54:13.971944   46323 memcache.go:265] &#34;Unhandled Error&#34; err=&#34;couldn&#39;t get current server API group list: the server could not find the requested resource&#34;&#xA;E1013 18:54:13.973502   46323 memcache.go:265] &#34;Unhandled Error&#34; err=&#34;couldn&#39;t get current server API group list: the server could not find the requested resource&#34;&#xA;E1013 18:54:13.975042   46323 memcache.go:265] &#34;Unhandled Error&#34; err=&#34;couldn&#39;t get current server API group list: the server could not find the requested resource&#34;&#xA;Error from server (NotFound): the server could not find the requested resource&#xA;&#xA;&#xA;Failed to get PodList:&#xA;cmd: kubectl get pod --namespace head-5073ae15-end-to-end-affinity-toleration -o json -l &#39;testcase=affinity-toleration&#39;&#xA;stderr: E1013 18:54:14.961279   46324 memcache.go:265] &#34;Unhandled Error&#34; err=&#34;couldn&#39;t get current server API group list: the server could not find the requested resource&#34;&#xA;E1013 18:54:15.193750   46324 memcache.go:265] &#34;Unhandled Error&#34; err=&#34;couldn&#39;t get current server API group list: the server could not find the requested resource&#34;&#xA;E1013 18:54:15.428084   46324 memcache.go:265] &#34;Unhandled Error&#34; err=&#34;couldn&#39;t get current server API group list: the server could not find the requested resource&#34;&#xA;E1013 18:54:15.663381   46324 memcache.go:265] &#34;Unhandled Error&#34; err=&#34;couldn&#39;t get current server API group list: the server could not find the requested resource&#34;&#xA;E1013 18:54:15.897079   46324 memcache.go:265] &#34;Unhandled Error&#34; err=&#34;couldn&#39;t get current server API group list: the server could not find the requested resource&#34;&#xA;E1013 18:54:16.129949   46324 memcache.go:265] &#34;Unhandled Error&#34; err=&#34;couldn&#39;t get current server API group list: the server could not find the requested resource&#34;&#xA;Error from server (NotFound): Unable to find &#34;/v1, Resource=pods&#34; that match label selector &#34;testcase=affinity-toleration&#34;, field selector &#34;&#34;: the server could not find the requested resource (get pods)&#xA;&#xA;The list of pods is empty; nothing to dump.&#xA;&lt; Exit [AfterEach] VirtualMachineAffinityAndToleration - /Users/antont/ansible_deckhouse/virtualization-full/tests/e2e/affinity_toleration_test.go:72 @ 10/13/25 18:54:16.255 (7.087s)&#xA;</system-err>
          </testcase>
          <testcase name="[It] VirtualMachineAffinityAndToleration When the virtualization resources are applied: checks the resources phase" classname="Tests" status="skipped" time="0">
              <skipped message="skipped - Spec skipped because an earlier spec in an ordered container failed"></skipped>
              <system-err>[SKIPPED] Spec skipped because an earlier spec in an ordered container failed&#xA;In [It] at: /Users/antont/ansible_deckhouse/virtualization-full/tests/e2e/affinity_toleration_test.go:87 @ 10/13/25 18:54:16.256&#xA;</system-err>
          </testcase>
          <testcase name="[It] VirtualMachineAffinityAndToleration When the virtual machines agents are ready checks the `status.nodeName` field of the `VirtualMachines`" classname="Tests" status="skipped" time="0">
              <skipped message="skipped - Spec skipped because an earlier spec in an ordered container failed"></skipped>
              <system-err>[SKIPPED] Spec skipped because an earlier spec in an ordered container failed&#xA;In [It] at: /Users/antont/ansible_deckhouse/virtualization-full/tests/e2e/affinity_toleration_test.go:120 @ 10/13/25 18:54:16.256&#xA;</system-err>
          </testcase>
          <testcase name="[It] VirtualMachineAffinityAndToleration When the virtual machine `node-selector` agent is ready sets the `spec.nodeSelector` field" classname="Tests" status="skipped" time="0">
              <skipped message="skipped - Spec skipped because an earlier spec in an ordered container failed"></skipped>
              <system-err>[SKIPPED] Spec skipped because an earlier spec in an ordered container failed&#xA;In [It] at: /Users/antont/ansible_deckhouse/virtualization-full/tests/e2e/affinity_toleration_test.go:283 @ 10/13/25 18:54:16.256&#xA;</system-err>
          </testcase>
          <testcase name="[It] VirtualMachineAffinityAndToleration When the virtual machine `node-affinity` agent is ready sets the `spec.affinity.nodeAffinity` field" classname="Tests" status="skipped" time="0">
              <skipped message="skipped - Spec skipped because an earlier spec in an ordered container failed"></skipped>
              <system-err>[SKIPPED] Spec skipped because an earlier spec in an ordered container failed&#xA;In [It] at: /Users/antont/ansible_deckhouse/virtualization-full/tests/e2e/affinity_toleration_test.go:372 @ 10/13/25 18:54:16.256&#xA;</system-err>
          </testcase>
          <testcase name="[It] VirtualMachineAffinityAndToleration When test is completed deletes test case resources" classname="Tests" status="skipped" time="0">
              <skipped message="skipped - Spec skipped because an earlier spec in an ordered container failed"></skipped>
              <system-err>[SKIPPED] Spec skipped because an earlier spec in an ordered container failed&#xA;In [It] at: /Users/antont/ansible_deckhouse/virtualization-full/tests/e2e/affinity_toleration_test.go:467 @ 10/13/25 18:54:16.256&#xA;</system-err>
          </testcase>
          <testcase name="[It] ComplexTest When virtualization resources are applied result should be succeeded [Serial]" classname="Tests" status="failed" time="4.846071417">
              <failure message="kubectl create namespace head-5073ae15-end-to-end-complex-test&#xA;Unexpected error:&#xA;    &lt;*exec.ExitError | 0x1400090ce40&gt;: &#xA;    exit status 1&#xA;    {&#xA;        ProcessState: {&#xA;            pid: 46326,&#xA;            status: 256,&#xA;            rusage: {&#xA;                Utime: {&#xA;                    Sec: 0,&#xA;                    Usec: 38453,&#xA;                    Pad_cgo_0: [0, 0, 0, 0],&#xA;                },&#xA;                Stime: {&#xA;                    Sec: 0,&#xA;                    Usec: 21237,&#xA;                    Pad_cgo_0: [0, 0, 0, 0],&#xA;                },&#xA;                Maxrss: 47349760,&#xA;                Ixrss: 0,&#xA;                Idrss: 0,&#xA;                Isrss: 0,&#xA;                Minflt: 3702,&#xA;                Majflt: 3,&#xA;                Nswap: 0,&#xA;                Inblock: 0,&#xA;                Oublock: 0,&#xA;                Msgsnd: 13,&#xA;                Msgrcv: 12,&#xA;                Nsignals: 61,&#xA;                Nvcsw: 42,&#xA;                Nivcsw: 679,&#xA;            },&#xA;        },&#xA;        Stderr: nil,&#xA;    }&#xA;occurred" type="failed">[FAILED] kubectl create namespace head-5073ae15-end-to-end-complex-test&#xA;Unexpected error:&#xA;    &lt;*exec.ExitError | 0x1400090ce40&gt;: &#xA;    exit status 1&#xA;    {&#xA;        ProcessState: {&#xA;            pid: 46326,&#xA;            status: 256,&#xA;            rusage: {&#xA;                Utime: {&#xA;                    Sec: 0,&#xA;                    Usec: 38453,&#xA;                    Pad_cgo_0: [0, 0, 0, 0],&#xA;                },&#xA;                Stime: {&#xA;                    Sec: 0,&#xA;                    Usec: 21237,&#xA;                    Pad_cgo_0: [0, 0, 0, 0],&#xA;                },&#xA;                Maxrss: 47349760,&#xA;                Ixrss: 0,&#xA;                Idrss: 0,&#xA;                Isrss: 0,&#xA;                Minflt: 3702,&#xA;                Majflt: 3,&#xA;                Nswap: 0,&#xA;                Inblock: 0,&#xA;                Oublock: 0,&#xA;                Msgsnd: 13,&#xA;                Msgrcv: 12,&#xA;                Nsignals: 61,&#xA;                Nvcsw: 42,&#xA;                Nivcsw: 679,&#xA;            },&#xA;        },&#xA;        Stderr: nil,&#xA;    }&#xA;occurred&#xA;In [BeforeAll] at: /Users/antont/ansible_deckhouse/virtualization-full/tests/e2e/complex_test.go:58 @ 10/13/25 18:54:17.089&#xA;</failure>
              <system-err>&gt; Enter [BeforeAll] ComplexTest - /Users/antont/ansible_deckhouse/virtualization-full/tests/e2e/complex_test.go:52 @ 10/13/25 18:54:16.256&#xA;[FAILED] kubectl create namespace head-5073ae15-end-to-end-complex-test&#xA;Unexpected error:&#xA;    &lt;*exec.ExitError | 0x1400090ce40&gt;: &#xA;    exit status 1&#xA;    {&#xA;        ProcessState: {&#xA;            pid: 46326,&#xA;            status: 256,&#xA;            rusage: {&#xA;                Utime: {&#xA;                    Sec: 0,&#xA;                    Usec: 38453,&#xA;                    Pad_cgo_0: [0, 0, 0, 0],&#xA;                },&#xA;                Stime: {&#xA;                    Sec: 0,&#xA;                    Usec: 21237,&#xA;                    Pad_cgo_0: [0, 0, 0, 0],&#xA;                },&#xA;                Maxrss: 47349760,&#xA;                Ixrss: 0,&#xA;                Idrss: 0,&#xA;                Isrss: 0,&#xA;                Minflt: 3702,&#xA;                Majflt: 3,&#xA;                Nswap: 0,&#xA;                Inblock: 0,&#xA;                Oublock: 0,&#xA;                Msgsnd: 13,&#xA;                Msgrcv: 12,&#xA;                Nsignals: 61,&#xA;                Nvcsw: 42,&#xA;                Nivcsw: 679,&#xA;            },&#xA;        },&#xA;        Stderr: nil,&#xA;    }&#xA;occurred&#xA;In [BeforeAll] at: /Users/antont/ansible_deckhouse/virtualization-full/tests/e2e/complex_test.go:58 @ 10/13/25 18:54:17.089&#xA;&lt; Exit [BeforeAll] ComplexTest - /Users/antont/ansible_deckhouse/virtualization-full/tests/e2e/complex_test.go:52 @ 10/13/25 18:54:17.089 (832ms)&#xA;&gt; Enter [AfterEach] ComplexTest - /Users/antont/ansible_deckhouse/virtualization-full/tests/e2e/complex_test.go:46 @ 10/13/25 18:54:17.089&#xA;Get resources error:&#xA;cmd: kubectl get virtualization,cvi,vmc,intvirt,pod,volumesnapshot --namespace head-5073ae15-end-to-end-complex-test -o yaml -l &#39;testcase=complex-test&#39; --show-managed-fields=true&#xA;error: exit status 1&#xA;stderr: E1013 18:54:17.858739   46327 memcache.go:265] &#34;Unhandled Error&#34; err=&#34;couldn&#39;t get current server API group list: the server could not find the requested resource&#34;&#xA;E1013 18:54:17.981790   46327 memcache.go:265] &#34;Unhandled Error&#34; err=&#34;couldn&#39;t get current server API group list: the server could not find the requested resource&#34;&#xA;E1013 18:54:17.988376   46327 memcache.go:265] &#34;Unhandled Error&#34; err=&#34;couldn&#39;t get current server API group list: the server could not find the requested resource&#34;&#xA;E1013 18:54:17.989661   46327 memcache.go:265] &#34;Unhandled Error&#34; err=&#34;couldn&#39;t get current server API group list: the server could not find the requested resource&#34;&#xA;E1013 18:54:17.993376   46327 memcache.go:265] &#34;Unhandled Error&#34; err=&#34;couldn&#39;t get current server API group list: the server could not find the requested resource&#34;&#xA;E1013 18:54:17.995114   46327 memcache.go:265] &#34;Unhandled Error&#34; err=&#34;couldn&#39;t get current server API group list: the server could not find the requested resource&#34;&#xA;E1013 18:54:17.998767   46327 memcache.go:265] &#34;Unhandled Error&#34; err=&#34;couldn&#39;t get current server API group list: the server could not find the requested resource&#34;&#xA;E1013 18:54:18.225815   46327 memcache.go:265] &#34;Unhandled Error&#34; err=&#34;couldn&#39;t get current server API group list: the server could not find the requested resource&#34;&#xA;E1013 18:54:18.462311   46327 memcache.go:265] &#34;Unhandled Error&#34; err=&#34;couldn&#39;t get current server API group list: the server could not find the requested resource&#34;&#xA;E1013 18:54:18.696126   46327 memcache.go:265] &#34;Unhandled Error&#34; err=&#34;couldn&#39;t get current server API group list: the server could not find the requested resource&#34;&#xA;E1013 18:54:18.931111   46327 memcache.go:265] &#34;Unhandled Error&#34; err=&#34;couldn&#39;t get current server API group list: the server could not find the requested resource&#34;&#xA;E1013 18:54:19.163758   46327 memcache.go:265] &#34;Unhandled Error&#34; err=&#34;couldn&#39;t get current server API group list: the server could not find the requested resource&#34;&#xA;E1013 18:54:19.398599   46327 memcache.go:265] &#34;Unhandled Error&#34; err=&#34;couldn&#39;t get current server API group list: the server could not find the requested resource&#34;&#xA;E1013 18:54:19.634165   46327 memcache.go:265] &#34;Unhandled Error&#34; err=&#34;couldn&#39;t get current server API group list: the server could not find the requested resource&#34;&#xA;E1013 18:54:19.867519   46327 memcache.go:265] &#34;Unhandled Error&#34; err=&#34;couldn&#39;t get current server API group list: the server could not find the requested resource&#34;&#xA;E1013 18:54:19.985040   46327 memcache.go:265] &#34;Unhandled Error&#34; err=&#34;couldn&#39;t get current server API group list: the server could not find the requested resource&#34;&#xA;E1013 18:54:19.991349   46327 memcache.go:265] &#34;Unhandled Error&#34; err=&#34;couldn&#39;t get current server API group list: the server could not find the requested resource&#34;&#xA;E1013 18:54:19.992814   46327 memcache.go:265] &#34;Unhandled Error&#34; err=&#34;couldn&#39;t get current server API group list: the server could not find the requested resource&#34;&#xA;E1013 18:54:19.994238   46327 memcache.go:265] &#34;Unhandled Error&#34; err=&#34;couldn&#39;t get current server API group list: the server could not find the requested resource&#34;&#xA;E1013 18:54:19.995660   46327 memcache.go:265] &#34;Unhandled Error&#34; err=&#34;couldn&#39;t get current server API group list: the server could not find the requested resource&#34;&#xA;E1013 18:54:19.997044   46327 memcache.go:265] &#34;Unhandled Error&#34; err=&#34;couldn&#39;t get current server API group list: the server could not find the requested resource&#34;&#xA;Error from server (NotFound): the server could not find the requested resource&#xA;&#xA;&#xA;Failed to get PodList:&#xA;cmd: kubectl get pod --namespace head-5073ae15-end-to-end-complex-test -o json -l &#39;testcase=complex-test&#39;&#xA;stderr: E1013 18:54:20.968662   46330 memcache.go:265] &#34;Unhandled Error&#34; err=&#34;couldn&#39;t get current server API group list: the server could not find the requested resource&#34;&#xA;E1013 18:54:20.970540   46330 memcache.go:265] &#34;Unhandled Error&#34; err=&#34;couldn&#39;t get current server API group list: the server could not find the requested resource&#34;&#xA;E1013 18:54:20.977367   46330 memcache.go:265] &#34;Unhandled Error&#34; err=&#34;couldn&#39;t get current server API group list: the server could not find the requested resource&#34;&#xA;E1013 18:54:20.979913   46330 memcache.go:265] &#34;Unhandled Error&#34; err=&#34;couldn&#39;t get current server API group list: the server could not find the requested resource&#34;&#xA;E1013 18:54:20.982904   46330 memcache.go:265] &#34;Unhandled Error&#34; err=&#34;couldn&#39;t get current server API group list: the server could not find the requested resource&#34;&#xA;E1013 18:54:20.984152   46330 memcache.go:265] &#34;Unhandled Error&#34; err=&#34;couldn&#39;t get current server API group list: the server could not find the requested resource&#34;&#xA;Error from server (NotFound): Unable to find &#34;/v1, Resource=pods&#34; that match label selector &#34;testcase=complex-test&#34;, field selector &#34;&#34;: the server could not find the requested resource (get pods)&#xA;&#xA;The list of pods is empty; nothing to dump.&#xA;&lt; Exit [AfterEach] ComplexTest - /Users/antont/ansible_deckhouse/virtualization-full/tests/e2e/complex_test.go:46 @ 10/13/25 18:54:21.102 (4.014s)&#xA;</system-err>
          </testcase>
          <testcase name="[It] ComplexTest When virtualization resources are applied should fill empty virtualMachineClassName with the default class name [Serial]" classname="Tests" status="skipped" time="0">
              <skipped message="skipped - Spec skipped because an earlier spec in an ordered container failed"></skipped>
              <system-err>[SKIPPED] Spec skipped because an earlier spec in an ordered container failed&#xA;In [It] at: /Users/antont/ansible_deckhouse/virtualization-full/tests/e2e/complex_test.go:83 @ 10/13/25 18:54:21.103&#xA;</system-err>
          </testcase>
          <testcase name="[It] ComplexTest When virtual images are applied checks VIs phases [Serial]" classname="Tests" status="skipped" time="0">
              <skipped message="skipped - Spec skipped because an earlier spec in an ordered container failed"></skipped>
              <system-err>[SKIPPED] Spec skipped because an earlier spec in an ordered container failed&#xA;In [It] at: /Users/antont/ansible_deckhouse/virtualization-full/tests/e2e/complex_test.go:101 @ 10/13/25 18:54:21.103&#xA;</system-err>
          </testcase>
          <testcase name="[It] ComplexTest When cluster virtual images are applied checks CVIs phases [Serial]" classname="Tests" status="skipped" time="0">
              <skipped message="skipped - Spec skipped because an earlier spec in an ordered container failed"></skipped>
              <system-err>[SKIPPED] Spec skipped because an earlier spec in an ordered container failed&#xA;In [It] at: /Users/antont/ansible_deckhouse/virtualization-full/tests/e2e/complex_test.go:112 @ 10/13/25 18:54:21.103&#xA;</system-err>
          </testcase>
          <testcase name="[It] ComplexTest When virtual machine classes are applied checks VMClasses phases [Serial]" classname="Tests" status="skipped" time="0">
              <skipped message="skipped - Spec skipped because an earlier spec in an ordered container failed"></skipped>
              <system-err>[SKIPPED] Spec skipped because an earlier spec in an ordered container failed&#xA;In [It] at: /Users/antont/ansible_deckhouse/virtualization-full/tests/e2e/complex_test.go:123 @ 10/13/25 18:54:21.103&#xA;</system-err>
          </testcase>
          <testcase name="[It] ComplexTest When virtual machines IP addresses are applied patches custom VMIP with unassigned address [Serial]" classname="Tests" status="skipped" time="0">
              <skipped message="skipped - Spec skipped because an earlier spec in an ordered container failed"></skipped>
              <system-err>[SKIPPED] Spec skipped because an earlier spec in an ordered container failed&#xA;In [It] at: /Users/antont/ansible_deckhouse/virtualization-full/tests/e2e/complex_test.go:134 @ 10/13/25 18:54:21.103&#xA;</system-err>
          </testcase>
          <testcase name="[It] ComplexTest When virtual machines IP addresses are applied checks VMIPs phases [Serial]" classname="Tests" status="skipped" time="0">
              <skipped message="skipped - Spec skipped because an earlier spec in an ordered container failed"></skipped>
              <system-err>[SKIPPED] Spec skipped because an earlier spec in an ordered container failed&#xA;In [It] at: /Users/antont/ansible_deckhouse/virtualization-full/tests/e2e/complex_test.go:141 @ 10/13/25 18:54:21.103&#xA;</system-err>
          </testcase>
          <testcase name="[It] ComplexTest When virtual disks are applied checks VDs phases with consumers [Serial]" classname="Tests" status="skipped" time="0">
              <skipped message="skipped - Spec skipped because an earlier spec in an ordered container failed"></skipped>
              <system-err>[SKIPPED] Spec skipped because an earlier spec in an ordered container failed&#xA;In [It] at: /Users/antont/ansible_deckhouse/virtualization-full/tests/e2e/complex_test.go:152 @ 10/13/25 18:54:21.103&#xA;</system-err>
          </testcase>
          <testcase name="[It] ComplexTest When virtual disks are applied checks VDs phases with no consumers [Serial]" classname="Tests" status="skipped" time="0">
              <skipped message="skipped - Spec skipped because an earlier spec in an ordered container failed"></skipped>
              <system-err>[SKIPPED] Spec skipped because an earlier spec in an ordered container failed&#xA;In [It] at: /Users/antont/ansible_deckhouse/virtualization-full/tests/e2e/complex_test.go:162 @ 10/13/25 18:54:21.104&#xA;</system-err>
          </testcase>
          <testcase name="[It] ComplexTest When virtual machines are applied checks VMs phases [Serial]" classname="Tests" status="skipped" time="0">
              <skipped message="skipped - Spec skipped because an earlier spec in an ordered container failed"></skipped>
              <system-err>[SKIPPED] Spec skipped because an earlier spec in an ordered container failed&#xA;In [It] at: /Users/antont/ansible_deckhouse/virtualization-full/tests/e2e/complex_test.go:173 @ 10/13/25 18:54:21.104&#xA;</system-err>
          </testcase>
          <testcase name="[It] ComplexTest When virtual machine block device attachments are applied checks VMBDAs phases [Serial]" classname="Tests" status="skipped" time="0">
              <skipped message="skipped - Spec skipped because an earlier spec in an ordered container failed"></skipped>
              <system-err>[SKIPPED] Spec skipped because an earlier spec in an ordered container failed&#xA;In [It] at: /Users/antont/ansible_deckhouse/virtualization-full/tests/e2e/complex_test.go:184 @ 10/13/25 18:54:21.104&#xA;</system-err>
          </testcase>
          <testcase name="[It] ComplexTest External connection When Virtual machine agents are ready checks VMs external connectivity [Serial]" classname="Tests" status="skipped" time="0">
              <skipped message="skipped - Spec skipped because an earlier spec in an ordered container failed"></skipped>
              <system-err>[SKIPPED] Spec skipped because an earlier spec in an ordered container failed&#xA;In [It] at: /Users/antont/ansible_deckhouse/virtualization-full/tests/e2e/complex_test.go:196 @ 10/13/25 18:54:21.104&#xA;</system-err>
          </testcase>
          <testcase name="[It] ComplexTest Power state checks Verify that the virtual machines are stopping by VMOPs stops VMs by VMOPs [Serial]" classname="Tests" status="skipped" time="0">
              <skipped message="skipped - Spec skipped because an earlier spec in an ordered container failed"></skipped>
              <system-err>[SKIPPED] Spec skipped because an earlier spec in an ordered container failed&#xA;In [It] at: /Users/antont/ansible_deckhouse/virtualization-full/tests/e2e/complex_test.go:220 @ 10/13/25 18:54:21.104&#xA;</system-err>
          </testcase>
          <testcase name="[It] ComplexTest Power state checks Verify that the virtual machines are stopping by VMOPs checks VMOPs and VMs phases [Serial]" classname="Tests" status="skipped" time="0">
              <skipped message="skipped - Spec skipped because an earlier spec in an ordered container failed"></skipped>
              <system-err>[SKIPPED] Spec skipped because an earlier spec in an ordered container failed&#xA;In [It] at: /Users/antont/ansible_deckhouse/virtualization-full/tests/e2e/complex_test.go:245 @ 10/13/25 18:54:21.104&#xA;</system-err>
          </testcase>
          <testcase name="[It] ComplexTest Power state checks Verify that the virtual machines are stopping by VMOPs cleanup AlwaysOn VM VMOPs [Serial]" classname="Tests" status="skipped" time="0">
              <skipped message="skipped - Spec skipped because an earlier spec in an ordered container failed"></skipped>
              <system-err>[SKIPPED] Spec skipped because an earlier spec in an ordered container failed&#xA;In [It] at: /Users/antont/ansible_deckhouse/virtualization-full/tests/e2e/complex_test.go:268 @ 10/13/25 18:54:21.104&#xA;</system-err>
          </testcase>
          <testcase name="[It] ComplexTest Power state checks Verify that the virtual machines are starting starts VMs by VMOP [Serial]" classname="Tests" status="skipped" time="0">
              <skipped message="skipped - Spec skipped because an earlier spec in an ordered container failed"></skipped>
              <system-err>[SKIPPED] Spec skipped because an earlier spec in an ordered container failed&#xA;In [It] at: /Users/antont/ansible_deckhouse/virtualization-full/tests/e2e/complex_test.go:280 @ 10/13/25 18:54:21.104&#xA;</system-err>
          </testcase>
          <testcase name="[It] ComplexTest Power state checks Verify that the virtual machines are starting checks VMs and VMOPs phases [Serial]" classname="Tests" status="skipped" time="0">
              <skipped message="skipped - Spec skipped because an earlier spec in an ordered container failed"></skipped>
              <system-err>[SKIPPED] Spec skipped because an earlier spec in an ordered container failed&#xA;In [It] at: /Users/antont/ansible_deckhouse/virtualization-full/tests/e2e/complex_test.go:299 @ 10/13/25 18:54:21.104&#xA;</system-err>
          </testcase>
          <testcase name="[It] ComplexTest Power state checks Verify that the virtual machines are stopping by ssh stops VMs by ssh [Serial]" classname="Tests" status="skipped" time="0">
              <skipped message="skipped - Spec skipped because an earlier spec in an ordered container failed"></skipped>
              <system-err>[SKIPPED] Spec skipped because an earlier spec in an ordered container failed&#xA;In [It] at: /Users/antont/ansible_deckhouse/virtualization-full/tests/e2e/complex_test.go:316 @ 10/13/25 18:54:21.104&#xA;</system-err>
          </testcase>
          <testcase name="[It] ComplexTest Power state checks Verify that the virtual machines are stopping by ssh checks VMs phases [Serial]" classname="Tests" status="skipped" time="0">
              <skipped message="skipped - Spec skipped because an earlier spec in an ordered container failed"></skipped>
              <system-err>[SKIPPED] Spec skipped because an earlier spec in an ordered container failed&#xA;In [It] at: /Users/antont/ansible_deckhouse/virtualization-full/tests/e2e/complex_test.go:341 @ 10/13/25 18:54:21.105&#xA;</system-err>
          </testcase>
          <testcase name="[It] ComplexTest Power state checks Verify that the virtual machines are stopping by ssh start not AlwaysOn VMs [Serial]" classname="Tests" status="skipped" time="0">
              <skipped message="skipped - Spec skipped because an earlier spec in an ordered container failed"></skipped>
              <system-err>[SKIPPED] Spec skipped because an earlier spec in an ordered container failed&#xA;In [It] at: /Users/antont/ansible_deckhouse/virtualization-full/tests/e2e/complex_test.go:354 @ 10/13/25 18:54:21.105&#xA;</system-err>
          </testcase>
          <testcase name="[It] ComplexTest Power state checks Verify that the virtual machines are stopping by ssh checks VMs and VMOPs phases [Serial]" classname="Tests" status="skipped" time="0">
              <skipped message="skipped - Spec skipped because an earlier spec in an ordered container failed"></skipped>
              <system-err>[SKIPPED] Spec skipped because an earlier spec in an ordered container failed&#xA;In [It] at: /Users/antont/ansible_deckhouse/virtualization-full/tests/e2e/complex_test.go:358 @ 10/13/25 18:54:21.105&#xA;</system-err>
          </testcase>
          <testcase name="[It] ComplexTest Power state checks Verify that the virtual machines are restarting by VMOP reboot VMs by VMOP [Serial]" classname="Tests" status="skipped" time="0">
              <skipped message="skipped - Spec skipped because an earlier spec in an ordered container failed"></skipped>
              <system-err>[SKIPPED] Spec skipped because an earlier spec in an ordered container failed&#xA;In [It] at: /Users/antont/ansible_deckhouse/virtualization-full/tests/e2e/complex_test.go:375 @ 10/13/25 18:54:21.105&#xA;</system-err>
          </testcase>
          <testcase name="[It] ComplexTest Power state checks Verify that the virtual machines are restarting by VMOP checks VMs and VMOPs phases [Serial]" classname="Tests" status="skipped" time="0">
              <skipped message="skipped - Spec skipped because an earlier spec in an ordered container failed"></skipped>
              <system-err>[SKIPPED] Spec skipped because an earlier spec in an ordered container failed&#xA;In [It] at: /Users/antont/ansible_deckhouse/virtualization-full/tests/e2e/complex_test.go:388 @ 10/13/25 18:54:21.105&#xA;</system-err>
          </testcase>
          <testcase name="[It] ComplexTest Power state checks Verify that the virtual machines are restarting by ssh reboot VMs by ssh [Serial]" classname="Tests" status="skipped" time="0">
              <skipped message="skipped - Spec skipped because an earlier spec in an ordered container failed"></skipped>
              <system-err>[SKIPPED] Spec skipped because an earlier spec in an ordered container failed&#xA;In [It] at: /Users/antont/ansible_deckhouse/virtualization-full/tests/e2e/complex_test.go:405 @ 10/13/25 18:54:21.105&#xA;</system-err>
          </testcase>
          <testcase name="[It] ComplexTest Power state checks Verify that the virtual machines are restarting after deleting their pods reboots the VMs by deleting their pods [Serial]" classname="Tests" status="skipped" time="0">
              <skipped message="skipped - Spec skipped because an earlier spec in an ordered container failed"></skipped>
              <system-err>[SKIPPED] Spec skipped because an earlier spec in an ordered container failed&#xA;In [It] at: /Users/antont/ansible_deckhouse/virtualization-full/tests/e2e/complex_test.go:444 @ 10/13/25 18:54:21.105&#xA;</system-err>
          </testcase>
          <testcase name="[It] ComplexTest Power state checks Verify that the virtual machines are restarting after deleting their pods checks VMs external connection after reboot [Serial]" classname="Tests" status="skipped" time="0">
              <skipped message="skipped - Spec skipped because an earlier spec in an ordered container failed"></skipped>
              <system-err>[SKIPPED] Spec skipped because an earlier spec in an ordered container failed&#xA;In [It] at: /Users/antont/ansible_deckhouse/virtualization-full/tests/e2e/complex_test.go:479 @ 10/13/25 18:54:21.105&#xA;</system-err>
          </testcase>
          <testcase name="[It] ComplexTest Migrations When Virtual machine agents are ready starts migrations [Serial]" classname="Tests" status="skipped" time="0">
              <skipped message="skipped - Spec skipped because an earlier spec in an ordered container failed"></skipped>
              <system-err>[SKIPPED] Spec skipped because an earlier spec in an ordered container failed&#xA;In [It] at: /Users/antont/ansible_deckhouse/virtualization-full/tests/e2e/complex_test.go:497 @ 10/13/25 18:54:21.105&#xA;</system-err>
          </testcase>
          <testcase name="[It] ComplexTest Migrations When VMs migrations are applied checks VMs and VMOPs phases [Serial]" classname="Tests" status="skipped" time="0">
              <skipped message="skipped - Spec skipped because an earlier spec in an ordered container failed"></skipped>
              <system-err>[SKIPPED] Spec skipped because an earlier spec in an ordered container failed&#xA;In [It] at: /Users/antont/ansible_deckhouse/virtualization-full/tests/e2e/complex_test.go:512 @ 10/13/25 18:54:21.105&#xA;</system-err>
          </testcase>
          <testcase name="[It] ComplexTest Migrations When VMs migrations are applied checks VMs external connection after migrations [Serial]" classname="Tests" status="skipped" time="0">
              <skipped message="skipped - Spec skipped because an earlier spec in an ordered container failed"></skipped>
              <system-err>[SKIPPED] Spec skipped because an earlier spec in an ordered container failed&#xA;In [It] at: /Users/antont/ansible_deckhouse/virtualization-full/tests/e2e/complex_test.go:528 @ 10/13/25 18:54:21.105&#xA;</system-err>
          </testcase>
          <testcase name="[It] ComplexTest When test is completed deletes test case resources [Serial]" classname="Tests" status="skipped" time="0">
              <skipped message="skipped - Spec skipped because an earlier spec in an ordered container failed"></skipped>
              <system-err>[SKIPPED] Spec skipped because an earlier spec in an ordered container failed&#xA;In [It] at: /Users/antont/ansible_deckhouse/virtualization-full/tests/e2e/complex_test.go:545 @ 10/13/25 18:54:21.105&#xA;</system-err>
          </testcase>
          <testcase name="[It] VirtualMachineConnectivity When resources are applied result should be succeeded" classname="Tests" status="failed" time="7.789626083">
              <failure message="kubectl create namespace head-5073ae15-end-to-end-connectivity&#xA;Unexpected error:&#xA;    &lt;*exec.ExitError | 0x14000b14fc0&gt;: &#xA;    exit status 1&#xA;    {&#xA;        ProcessState: {&#xA;            pid: 46331,&#xA;            status: 256,&#xA;            rusage: {&#xA;                Utime: {&#xA;                    Sec: 0,&#xA;                    Usec: 35689,&#xA;                    Pad_cgo_0: [0, 0, 0, 0],&#xA;                },&#xA;                Stime: {&#xA;                    Sec: 0,&#xA;                    Usec: 19281,&#xA;                    Pad_cgo_0: [0, 0, 0, 0],&#xA;                },&#xA;                Maxrss: 47824896,&#xA;                Ixrss: 0,&#xA;                Idrss: 0,&#xA;                Isrss: 0,&#xA;                Minflt: 3730,&#xA;                Majflt: 3,&#xA;                Nswap: 0,&#xA;                Inblock: 0,&#xA;                Oublock: 0,&#xA;                Msgsnd: 13,&#xA;                Msgrcv: 12,&#xA;                Nsignals: 30,&#xA;                Nvcsw: 15,&#xA;                Nivcsw: 583,&#xA;            },&#xA;        },&#xA;        Stderr: nil,&#xA;    }&#xA;occurred" type="failed">[FAILED] kubectl create namespace head-5073ae15-end-to-end-connectivity&#xA;Unexpected error:&#xA;    &lt;*exec.ExitError | 0x14000b14fc0&gt;: &#xA;    exit status 1&#xA;    {&#xA;        ProcessState: {&#xA;            pid: 46331,&#xA;            status: 256,&#xA;            rusage: {&#xA;                Utime: {&#xA;                    Sec: 0,&#xA;                    Usec: 35689,&#xA;                    Pad_cgo_0: [0, 0, 0, 0],&#xA;                },&#xA;                Stime: {&#xA;                    Sec: 0,&#xA;                    Usec: 19281,&#xA;                    Pad_cgo_0: [0, 0, 0, 0],&#xA;                },&#xA;                Maxrss: 47824896,&#xA;                Ixrss: 0,&#xA;                Idrss: 0,&#xA;                Isrss: 0,&#xA;                Minflt: 3730,&#xA;                Majflt: 3,&#xA;                Nswap: 0,&#xA;                Inblock: 0,&#xA;                Oublock: 0,&#xA;                Msgsnd: 13,&#xA;                Msgrcv: 12,&#xA;                Nsignals: 30,&#xA;                Nvcsw: 15,&#xA;                Nivcsw: 583,&#xA;            },&#xA;        },&#xA;        Stderr: nil,&#xA;    }&#xA;occurred&#xA;In [BeforeAll] at: /Users/antont/ansible_deckhouse/virtualization-full/tests/e2e/vm_connectivity_test.go:63 @ 10/13/25 18:54:21.768&#xA;</failure>
              <system-err>&gt; Enter [BeforeAll] VirtualMachineConnectivity - /Users/antont/ansible_deckhouse/virtualization-full/tests/e2e/vm_connectivity_test.go:57 @ 10/13/25 18:54:21.106&#xA;[FAILED] kubectl create namespace head-5073ae15-end-to-end-connectivity&#xA;Unexpected error:&#xA;    &lt;*exec.ExitError | 0x14000b14fc0&gt;: &#xA;    exit status 1&#xA;    {&#xA;        ProcessState: {&#xA;            pid: 46331,&#xA;            status: 256,&#xA;            rusage: {&#xA;                Utime: {&#xA;                    Sec: 0,&#xA;                    Usec: 35689,&#xA;                    Pad_cgo_0: [0, 0, 0, 0],&#xA;                },&#xA;                Stime: {&#xA;                    Sec: 0,&#xA;                    Usec: 19281,&#xA;                    Pad_cgo_0: [0, 0, 0, 0],&#xA;                },&#xA;                Maxrss: 47824896,&#xA;                Ixrss: 0,&#xA;                Idrss: 0,&#xA;                Isrss: 0,&#xA;                Minflt: 3730,&#xA;                Majflt: 3,&#xA;                Nswap: 0,&#xA;                Inblock: 0,&#xA;                Oublock: 0,&#xA;                Msgsnd: 13,&#xA;                Msgrcv: 12,&#xA;                Nsignals: 30,&#xA;                Nvcsw: 15,&#xA;                Nivcsw: 583,&#xA;            },&#xA;        },&#xA;        Stderr: nil,&#xA;    }&#xA;occurred&#xA;In [BeforeAll] at: /Users/antont/ansible_deckhouse/virtualization-full/tests/e2e/vm_connectivity_test.go:63 @ 10/13/25 18:54:21.768&#xA;&lt; Exit [BeforeAll] VirtualMachineConnectivity - /Users/antont/ansible_deckhouse/virtualization-full/tests/e2e/vm_connectivity_test.go:57 @ 10/13/25 18:54:21.768 (663ms)&#xA;&gt; Enter [AfterEach] VirtualMachineConnectivity - /Users/antont/ansible_deckhouse/virtualization-full/tests/e2e/vm_connectivity_test.go:66 @ 10/13/25 18:54:21.768&#xA;Get resources error:&#xA;cmd: kubectl get virtualization,cvi,vmc,intvirt,pod,volumesnapshot --namespace head-5073ae15-end-to-end-connectivity -o yaml -l &#39;testcase=vm-connectivity&#39; --show-managed-fields=true&#xA;error: exit status 1&#xA;stderr: E1013 18:54:22.727459   46334 memcache.go:265] &#34;Unhandled Error&#34; err=&#34;couldn&#39;t get current server API group list: the server could not find the requested resource&#34;&#xA;E1013 18:54:22.956880   46334 memcache.go:265] &#34;Unhandled Error&#34; err=&#34;couldn&#39;t get current server API group list: the server could not find the requested resource&#34;&#xA;E1013 18:54:23.191194   46334 memcache.go:265] &#34;Unhandled Error&#34; err=&#34;couldn&#39;t get current server API group list: the server could not find the requested resource&#34;&#xA;E1013 18:54:23.424356   46334 memcache.go:265] &#34;Unhandled Error&#34; err=&#34;couldn&#39;t get current server API group list: the server could not find the requested resource&#34;&#xA;E1013 18:54:23.692241   46334 memcache.go:265] &#34;Unhandled Error&#34; err=&#34;couldn&#39;t get current server API group list: the server could not find the requested resource&#34;&#xA;E1013 18:54:23.954342   46334 memcache.go:265] &#34;Unhandled Error&#34; err=&#34;couldn&#39;t get current server API group list: the server could not find the requested resource&#34;&#xA;E1013 18:54:24.206321   46334 memcache.go:265] &#34;Unhandled Error&#34; err=&#34;couldn&#39;t get current server API group list: the server could not find the requested resource&#34;&#xA;E1013 18:54:24.438500   46334 memcache.go:265] &#34;Unhandled Error&#34; err=&#34;couldn&#39;t get current server API group list: the server could not find the requested resource&#34;&#xA;E1013 18:54:24.712313   46334 memcache.go:265] &#34;Unhandled Error&#34; err=&#34;couldn&#39;t get current server API group list: the server could not find the requested resource&#34;&#xA;E1013 18:54:24.946464   46334 memcache.go:265] &#34;Unhandled Error&#34; err=&#34;couldn&#39;t get current server API group list: the server could not find the requested resource&#34;&#xA;E1013 18:54:25.176670   46334 memcache.go:265] &#34;Unhandled Error&#34; err=&#34;couldn&#39;t get current server API group list: the server could not find the requested resource&#34;&#xA;E1013 18:54:25.425202   46334 memcache.go:265] &#34;Unhandled Error&#34; err=&#34;couldn&#39;t get current server API group list: the server could not find the requested resource&#34;&#xA;E1013 18:54:25.697674   46334 memcache.go:265] &#34;Unhandled Error&#34; err=&#34;couldn&#39;t get current server API group list: the server could not find the requested resource&#34;&#xA;E1013 18:54:25.921017   46334 memcache.go:265] &#34;Unhandled Error&#34; err=&#34;couldn&#39;t get current server API group list: the server could not find the requested resource&#34;&#xA;E1013 18:54:26.164039   46334 memcache.go:265] &#34;Unhandled Error&#34; err=&#34;couldn&#39;t get current server API group list: the server could not find the requested resource&#34;&#xA;E1013 18:54:26.388079   46334 memcache.go:265] &#34;Unhandled Error&#34; err=&#34;couldn&#39;t get current server API group list: the server could not find the requested resource&#34;&#xA;E1013 18:54:26.616389   46334 memcache.go:265] &#34;Unhandled Error&#34; err=&#34;couldn&#39;t get current server API group list: the server could not find the requested resource&#34;&#xA;E1013 18:54:26.848282   46334 memcache.go:265] &#34;Unhandled Error&#34; err=&#34;couldn&#39;t get current server API group list: the server could not find the requested resource&#34;&#xA;E1013 18:54:26.961830   46334 memcache.go:265] &#34;Unhandled Error&#34; err=&#34;couldn&#39;t get current server API group list: the server could not find the requested resource&#34;&#xA;E1013 18:54:26.963392   46334 memcache.go:265] &#34;Unhandled Error&#34; err=&#34;couldn&#39;t get current server API group list: the server could not find the requested resource&#34;&#xA;E1013 18:54:26.964837   46334 memcache.go:265] &#34;Unhandled Error&#34; err=&#34;couldn&#39;t get current server API group list: the server could not find the requested resource&#34;&#xA;Error from server (NotFound): the server could not find the requested resource&#xA;&#xA;&#xA;Failed to get PodList:&#xA;cmd: kubectl get pod --namespace head-5073ae15-end-to-end-connectivity -o json -l &#39;testcase=vm-connectivity&#39;&#xA;stderr: E1013 18:54:27.598994   46336 memcache.go:265] &#34;Unhandled Error&#34; err=&#34;couldn&#39;t get current server API group list: the server could not find the requested resource&#34;&#xA;E1013 18:54:27.837104   46336 memcache.go:265] &#34;Unhandled Error&#34; err=&#34;couldn&#39;t get current server API group list: the server could not find the requested resource&#34;&#xA;E1013 18:54:28.076194   46336 memcache.go:265] &#34;Unhandled Error&#34; err=&#34;couldn&#39;t get current server API group list: the server could not find the requested resource&#34;&#xA;E1013 18:54:28.305230   46336 memcache.go:265] &#34;Unhandled Error&#34; err=&#34;couldn&#39;t get current server API group list: the server could not find the requested resource&#34;&#xA;E1013 18:54:28.539165   46336 memcache.go:265] &#34;Unhandled Error&#34; err=&#34;couldn&#39;t get current server API group list: the server could not find the requested resource&#34;&#xA;E1013 18:54:28.769068   46336 memcache.go:265] &#34;Unhandled Error&#34; err=&#34;couldn&#39;t get current server API group list: the server could not find the requested resource&#34;&#xA;Error from server (NotFound): Unable to find &#34;/v1, Resource=pods&#34; that match label selector &#34;testcase=vm-connectivity&#34;, field selector &#34;&#34;: the server could not find the requested resource (get pods)&#xA;&#xA;The list of pods is empty; nothing to dump.&#xA;&lt; Exit [AfterEach] VirtualMachineConnectivity - /Users/antont/ansible_deckhouse/virtualization-full/tests/e2e/vm_connectivity_test.go:66 @ 10/13/25 18:54:28.895 (7.127s)&#xA;</system-err>
          </testcase>
          <testcase name="[It] VirtualMachineConnectivity When virtual images are applied checks VIs phases" classname="Tests" status="skipped" time="0">
              <skipped message="skipped - Spec skipped because an earlier spec in an ordered container failed"></skipped>
              <system-err>[SKIPPED] Spec skipped because an earlier spec in an ordered container failed&#xA;In [It] at: /Users/antont/ansible_deckhouse/virtualization-full/tests/e2e/vm_connectivity_test.go:96 @ 10/13/25 18:54:28.895&#xA;</system-err>
          </testcase>
          <testcase name="[It] VirtualMachineConnectivity When virtual disks are applied checks VDs phases" classname="Tests" status="skipped" time="0">
              <skipped message="skipped - Spec skipped because an earlier spec in an ordered container failed"></skipped>
              <system-err>[SKIPPED] Spec skipped because an earlier spec in an ordered container failed&#xA;In [It] at: /Users/antont/ansible_deckhouse/virtualization-full/tests/e2e/vm_connectivity_test.go:107 @ 10/13/25 18:54:28.895&#xA;</system-err>
          </testcase>
          <testcase name="[It] VirtualMachineConnectivity When virtual machines are applied checks VMs phases" classname="Tests" status="skipped" time="0">
              <skipped message="skipped - Spec skipped because an earlier spec in an ordered container failed"></skipped>
              <system-err>[SKIPPED] Spec skipped because an earlier spec in an ordered container failed&#xA;In [It] at: /Users/antont/ansible_deckhouse/virtualization-full/tests/e2e/vm_connectivity_test.go:118 @ 10/13/25 18:54:28.896&#xA;</system-err>
          </testcase>
          <testcase name="[It] VirtualMachineConnectivity When run curl-helper status should be in Running phase" classname="Tests" status="skipped" time="0">
              <skipped message="skipped - Spec skipped because an earlier spec in an ordered container failed"></skipped>
              <system-err>[SKIPPED] Spec skipped because an earlier spec in an ordered container failed&#xA;In [It] at: /Users/antont/ansible_deckhouse/virtualization-full/tests/e2e/vm_connectivity_test.go:129 @ 10/13/25 18:54:28.896&#xA;</system-err>
          </testcase>
          <testcase name="[It] VirtualMachineConnectivity When virtual machine agents are ready gets VMs and SVCs objects" classname="Tests" status="skipped" time="0">
              <skipped message="skipped - Spec skipped because an earlier spec in an ordered container failed"></skipped>
              <system-err>[SKIPPED] Spec skipped because an earlier spec in an ordered container failed&#xA;In [It] at: /Users/antont/ansible_deckhouse/virtualization-full/tests/e2e/vm_connectivity_test.go:142 @ 10/13/25 18:54:28.896&#xA;</system-err>
          </testcase>
          <testcase name="[It] VirtualMachineConnectivity When virtual machine agents are ready check ssh connection via `d8 v` to VMs" classname="Tests" status="skipped" time="0">
              <skipped message="skipped - Spec skipped because an earlier spec in an ordered container failed"></skipped>
              <system-err>[SKIPPED] Spec skipped because an earlier spec in an ordered container failed&#xA;In [It] at: /Users/antont/ansible_deckhouse/virtualization-full/tests/e2e/vm_connectivity_test.go:166 @ 10/13/25 18:54:28.896&#xA;</system-err>
          </testcase>
          <testcase name="[It] VirtualMachineConnectivity When virtual machine agents are ready checks VMs connection to external network" classname="Tests" status="skipped" time="0">
              <skipped message="skipped - Spec skipped because an earlier spec in an ordered container failed"></skipped>
              <system-err>[SKIPPED] Spec skipped because an earlier spec in an ordered container failed&#xA;In [It] at: /Users/antont/ansible_deckhouse/virtualization-full/tests/e2e/vm_connectivity_test.go:174 @ 10/13/25 18:54:28.896&#xA;</system-err>
          </testcase>
          <testcase name="[It] VirtualMachineConnectivity When virtual machine agents are ready check nginx status via `d8 v` on VMs" classname="Tests" status="skipped" time="0">
              <skipped message="skipped - Spec skipped because an earlier spec in an ordered container failed"></skipped>
              <system-err>[SKIPPED] Spec skipped because an earlier spec in an ordered container failed&#xA;In [It] at: /Users/antont/ansible_deckhouse/virtualization-full/tests/e2e/vm_connectivity_test.go:179 @ 10/13/25 18:54:28.896&#xA;</system-err>
          </testcase>
          <testcase name="[It] VirtualMachineConnectivity When virtual machine agents are ready gets page from service head-5073ae15-vm-connectivity-a" classname="Tests" status="skipped" time="0">
              <skipped message="skipped - Spec skipped because an earlier spec in an ordered container failed"></skipped>
              <system-err>[SKIPPED] Spec skipped because an earlier spec in an ordered container failed&#xA;In [It] at: /Users/antont/ansible_deckhouse/virtualization-full/tests/e2e/vm_connectivity_test.go:187 @ 10/13/25 18:54:28.896&#xA;</system-err>
          </testcase>
          <testcase name="[It] VirtualMachineConnectivity When virtual machine agents are ready gets page from service head-5073ae15-vm-connectivity-b" classname="Tests" status="skipped" time="0">
              <skipped message="skipped - Spec skipped because an earlier spec in an ordered container failed"></skipped>
              <system-err>[SKIPPED] Spec skipped because an earlier spec in an ordered container failed&#xA;In [It] at: /Users/antont/ansible_deckhouse/virtualization-full/tests/e2e/vm_connectivity_test.go:198 @ 10/13/25 18:54:28.896&#xA;</system-err>
          </testcase>
          <testcase name="[It] VirtualMachineConnectivity When virtual machine agents are ready changes selector in service head-5073ae15-vm-connectivity-a with selector from service head-5073ae15-vm-connectivity-b" classname="Tests" status="skipped" time="0">
              <skipped message="skipped - Spec skipped because an earlier spec in an ordered container failed"></skipped>
              <system-err>[SKIPPED] Spec skipped because an earlier spec in an ordered container failed&#xA;In [It] at: /Users/antont/ansible_deckhouse/virtualization-full/tests/e2e/vm_connectivity_test.go:209 @ 10/13/25 18:54:28.896&#xA;</system-err>
          </testcase>
          <testcase name="[It] VirtualMachineConnectivity When virtual machine agents are ready checks selector in service head-5073ae15-vm-connectivity-a" classname="Tests" status="skipped" time="0">
              <skipped message="skipped - Spec skipped because an earlier spec in an ordered container failed"></skipped>
              <system-err>[SKIPPED] Spec skipped because an earlier spec in an ordered container failed&#xA;In [It] at: /Users/antont/ansible_deckhouse/virtualization-full/tests/e2e/vm_connectivity_test.go:222 @ 10/13/25 18:54:28.896&#xA;</system-err>
          </testcase>
          <testcase name="[It] VirtualMachineConnectivity When virtual machine agents are ready gets page from service head-5073ae15-vm-connectivity-a" classname="Tests" status="skipped" time="0">
              <skipped message="skipped - Spec skipped because an earlier spec in an ordered container failed"></skipped>
              <system-err>[SKIPPED] Spec skipped because an earlier spec in an ordered container failed&#xA;In [It] at: /Users/antont/ansible_deckhouse/virtualization-full/tests/e2e/vm_connectivity_test.go:228 @ 10/13/25 18:54:28.896&#xA;</system-err>
          </testcase>
          <testcase name="[It] VirtualMachineConnectivity When virtual machine agents are ready changes back selector in service head-5073ae15-vm-connectivity-a" classname="Tests" status="skipped" time="0">
              <skipped message="skipped - Spec skipped because an earlier spec in an ordered container failed"></skipped>
              <system-err>[SKIPPED] Spec skipped because an earlier spec in an ordered container failed&#xA;In [It] at: /Users/antont/ansible_deckhouse/virtualization-full/tests/e2e/vm_connectivity_test.go:240 @ 10/13/25 18:54:28.896&#xA;</system-err>
          </testcase>
          <testcase name="[It] VirtualMachineConnectivity When virtual machine agents are ready checks selector in service head-5073ae15-vm-connectivity-a" classname="Tests" status="skipped" time="0">
              <skipped message="skipped - Spec skipped because an earlier spec in an ordered container failed"></skipped>
              <system-err>[SKIPPED] Spec skipped because an earlier spec in an ordered container failed&#xA;In [It] at: /Users/antont/ansible_deckhouse/virtualization-full/tests/e2e/vm_connectivity_test.go:250 @ 10/13/25 18:54:28.896&#xA;</system-err>
          </testcase>
          <testcase name="[It] VirtualMachineConnectivity When test is completed deletes test case resources" classname="Tests" status="skipped" time="0">
              <skipped message="skipped - Spec skipped because an earlier spec in an ordered container failed"></skipped>
              <system-err>[SKIPPED] Spec skipped because an earlier spec in an ordered container failed&#xA;In [It] at: /Users/antont/ansible_deckhouse/virtualization-full/tests/e2e/vm_connectivity_test.go:258 @ 10/13/25 18:54:28.896&#xA;</system-err>
          </testcase>
          <testcase name="[It] ImporterNetworkPolicy Project creates project" classname="Tests" status="failed" time="7.3991792499999995">
              <failure message="error: error validating &#34;/tmp/testdata/importer-network-policy/project&#34;: error validating data: failed to download openapi: the server could not find the requested resource; if you choose to ignore these errors, turn validation off with --validate=false&#xA;&#xA;Expected&#xA;    &lt;bool&gt;: false&#xA;to equal&#xA;    &lt;bool&gt;: true" type="failed">[FAILED] error: error validating &#34;/tmp/testdata/importer-network-policy/project&#34;: error validating data: failed to download openapi: the server could not find the requested resource; if you choose to ignore these errors, turn validation off with --validate=false&#xA;&#xA;Expected&#xA;    &lt;bool&gt;: false&#xA;to equal&#xA;    &lt;bool&gt;: true&#xA;In [It] at: /Users/antont/ansible_deckhouse/virtualization-full/tests/e2e/importer_network_policy_test.go:69 @ 10/13/25 18:54:29.67&#xA;</failure>
              <system-err>&gt; Enter [BeforeAll] ImporterNetworkPolicy - /Users/antont/ansible_deckhouse/virtualization-full/tests/e2e/importer_network_policy_test.go:36 @ 10/13/25 18:54:28.897&#xA;&lt; Exit [BeforeAll] ImporterNetworkPolicy - /Users/antont/ansible_deckhouse/virtualization-full/tests/e2e/importer_network_policy_test.go:36 @ 10/13/25 18:54:28.898 (1ms)&#xA;&gt; Enter [BeforeEach] ImporterNetworkPolicy - /Users/antont/ansible_deckhouse/virtualization-full/tests/e2e/importer_network_policy_test.go:43 @ 10/13/25 18:54:28.898&#xA;&lt; Exit [BeforeEach] ImporterNetworkPolicy - /Users/antont/ansible_deckhouse/virtualization-full/tests/e2e/importer_network_policy_test.go:43 @ 10/13/25 18:54:28.898 (0s)&#xA;&gt; Enter [It] creates project - /Users/antont/ansible_deckhouse/virtualization-full/tests/e2e/importer_network_policy_test.go:61 @ 10/13/25 18:54:28.898&#xA;[FAILED] error: error validating &#34;/tmp/testdata/importer-network-policy/project&#34;: error validating data: failed to download openapi: the server could not find the requested resource; if you choose to ignore these errors, turn validation off with --validate=false&#xA;&#xA;Expected&#xA;    &lt;bool&gt;: false&#xA;to equal&#xA;    &lt;bool&gt;: true&#xA;In [It] at: /Users/antont/ansible_deckhouse/virtualization-full/tests/e2e/importer_network_policy_test.go:69 @ 10/13/25 18:54:29.67&#xA;&lt; Exit [It] creates project - /Users/antont/ansible_deckhouse/virtualization-full/tests/e2e/importer_network_policy_test.go:61 @ 10/13/25 18:54:29.67 (771ms)&#xA;&gt; Enter [AfterEach] ImporterNetworkPolicy - /Users/antont/ansible_deckhouse/virtualization-full/tests/e2e/importer_network_policy_test.go:54 @ 10/13/25 18:54:29.67&#xA;Get resources error:&#xA;cmd: kubectl get virtualization,cvi,vmc,intvirt,pod,volumesnapshot --namespace head-5073ae15-end-to-end-importer-network-policy -o yaml -l &#39;testcase=importer-network-policy&#39; --show-managed-fields=true&#xA;error: exit status 1&#xA;stderr: E1013 18:54:30.379771   46339 memcache.go:265] &#34;Unhandled Error&#34; err=&#34;couldn&#39;t get current server API group list: the server could not find the requested resource&#34;&#xA;E1013 18:54:30.612803   46339 memcache.go:265] &#34;Unhandled Error&#34; err=&#34;couldn&#39;t get current server API group list: the server could not find the requested resource&#34;&#xA;E1013 18:54:30.852497   46339 memcache.go:265] &#34;Unhandled Error&#34; err=&#34;couldn&#39;t get current server API group list: the server could not find the requested resource&#34;&#xA;E1013 18:54:30.968281   46339 memcache.go:265] &#34;Unhandled Error&#34; err=&#34;couldn&#39;t get current server API group list: the server could not find the requested resource&#34;&#xA;E1013 18:54:30.972162   46339 memcache.go:265] &#34;Unhandled Error&#34; err=&#34;couldn&#39;t get current server API group list: the server could not find the requested resource&#34;&#xA;E1013 18:54:30.973372   46339 memcache.go:265] &#34;Unhandled Error&#34; err=&#34;couldn&#39;t get current server API group list: the server could not find the requested resource&#34;&#xA;E1013 18:54:30.978443   46339 memcache.go:265] &#34;Unhandled Error&#34; err=&#34;couldn&#39;t get current server API group list: the server could not find the requested resource&#34;&#xA;E1013 18:54:30.979895   46339 memcache.go:265] &#34;Unhandled Error&#34; err=&#34;couldn&#39;t get current server API group list: the server could not find the requested resource&#34;&#xA;E1013 18:54:30.983142   46339 memcache.go:265] &#34;Unhandled Error&#34; err=&#34;couldn&#39;t get current server API group list: the server could not find the requested resource&#34;&#xA;E1013 18:54:30.984726   46339 memcache.go:265] &#34;Unhandled Error&#34; err=&#34;couldn&#39;t get current server API group list: the server could not find the requested resource&#34;&#xA;E1013 18:54:30.988061   46339 memcache.go:265] &#34;Unhandled Error&#34; err=&#34;couldn&#39;t get current server API group list: the server could not find the requested resource&#34;&#xA;E1013 18:54:30.989367   46339 memcache.go:265] &#34;Unhandled Error&#34; err=&#34;couldn&#39;t get current server API group list: the server could not find the requested resource&#34;&#xA;E1013 18:54:30.993513   46339 memcache.go:265] &#34;Unhandled Error&#34; err=&#34;couldn&#39;t get current server API group list: the server could not find the requested resource&#34;&#xA;E1013 18:54:30.994886   46339 memcache.go:265] &#34;Unhandled Error&#34; err=&#34;couldn&#39;t get current server API group list: the server could not find the requested resource&#34;&#xA;E1013 18:54:30.998088   46339 memcache.go:265] &#34;Unhandled Error&#34; err=&#34;couldn&#39;t get current server API group list: the server could not find the requested resource&#34;&#xA;E1013 18:54:30.999505   46339 memcache.go:265] &#34;Unhandled Error&#34; err=&#34;couldn&#39;t get current server API group list: the server could not find the requested resource&#34;&#xA;E1013 18:54:31.231509   46339 memcache.go:265] &#34;Unhandled Error&#34; err=&#34;couldn&#39;t get current server API group list: the server could not find the requested resource&#34;&#xA;E1013 18:54:31.461442   46339 memcache.go:265] &#34;Unhandled Error&#34; err=&#34;couldn&#39;t get current server API group list: the server could not find the requested resource&#34;&#xA;E1013 18:54:31.691644   46339 memcache.go:265] &#34;Unhandled Error&#34; err=&#34;couldn&#39;t get current server API group list: the server could not find the requested resource&#34;&#xA;E1013 18:54:31.921010   46339 memcache.go:265] &#34;Unhandled Error&#34; err=&#34;couldn&#39;t get current server API group list: the server could not find the requested resource&#34;&#xA;E1013 18:54:32.153547   46339 memcache.go:265] &#34;Unhandled Error&#34; err=&#34;couldn&#39;t get current server API group list: the server could not find the requested resource&#34;&#xA;Error from server (NotFound): the server could not find the requested resource&#xA;&#xA;&#xA;Failed to get PodList:&#xA;cmd: kubectl get pod --namespace head-5073ae15-end-to-end-importer-network-policy -o json -l &#39;testcase=importer-network-policy&#39;&#xA;stderr: E1013 18:54:32.900332   46340 memcache.go:265] &#34;Unhandled Error&#34; err=&#34;couldn&#39;t get current server API group list: the server could not find the requested resource&#34;&#xA;E1013 18:54:33.126004   46340 memcache.go:265] &#34;Unhandled Error&#34; err=&#34;couldn&#39;t get current server API group list: the server could not find the requested resource&#34;&#xA;E1013 18:54:33.355833   46340 memcache.go:265] &#34;Unhandled Error&#34; err=&#34;couldn&#39;t get current server API group list: the server could not find the requested resource&#34;&#xA;E1013 18:54:33.580827   46340 memcache.go:265] &#34;Unhandled Error&#34; err=&#34;couldn&#39;t get current server API group list: the server could not find the requested resource&#34;&#xA;E1013 18:54:33.811664   46340 memcache.go:265] &#34;Unhandled Error&#34; err=&#34;couldn&#39;t get current server API group list: the server could not find the requested resource&#34;&#xA;E1013 18:54:34.040895   46340 memcache.go:265] &#34;Unhandled Error&#34; err=&#34;couldn&#39;t get current server API group list: the server could not find the requested resource&#34;&#xA;Error from server (NotFound): Unable to find &#34;/v1, Resource=pods&#34; that match label selector &#34;testcase=importer-network-policy&#34;, field selector &#34;&#34;: the server could not find the requested resource (get pods)&#xA;&#xA;The list of pods is empty; nothing to dump.&#xA;&lt; Exit [AfterEach] ImporterNetworkPolicy - /Users/antont/ansible_deckhouse/virtualization-full/tests/e2e/importer_network_policy_test.go:54 @ 10/13/25 18:54:34.162 (4.492s)&#xA;&gt; Enter [AfterAll] ImporterNetworkPolicy - /Users/antont/ansible_deckhouse/virtualization-full/tests/e2e/importer_network_policy_test.go:49 @ 10/13/25 18:54:34.162&#xA;STEP: Delete manifests - /Users/antont/ansible_deckhouse/virtualization-full/tests/e2e/importer_network_policy_test.go:50 @ 10/13/25 18:54:34.162&#xA;STEP: Response on deletion request should be successful - /Users/antont/ansible_deckhouse/virtualization-full/tests/e2e/util_test.go:604 @ 10/13/25 18:54:34.162&#xA;END STEP: Response on deletion request should be successful - /Users/antont/ansible_deckhouse/virtualization-full/tests/e2e/util_test.go:604 @ 10/13/25 18:54:36.296 (2.134s)&#xA;&lt; Exit [AfterAll] ImporterNetworkPolicy - /Users/antont/ansible_deckhouse/virtualization-full/tests/e2e/importer_network_policy_test.go:49 @ 10/13/25 18:54:36.296 (2.134s)&#xA;</system-err>
          </testcase>
          <testcase name="[It] ImporterNetworkPolicy Project checks project readiness" classname="Tests" status="skipped" time="0">
              <skipped message="skipped - Spec skipped because an earlier spec in an ordered container failed"></skipped>
              <system-err>[SKIPPED] Spec skipped because an earlier spec in an ordered container failed&#xA;In [It] at: /Users/antont/ansible_deckhouse/virtualization-full/tests/e2e/importer_network_policy_test.go:72 @ 10/13/25 18:54:36.297&#xA;</system-err>
          </testcase>
          <testcase name="[It] ImporterNetworkPolicy When resources are applied result should be succeeded" classname="Tests" status="skipped" time="0">
              <skipped message="skipped - Spec skipped because an earlier spec in an ordered container failed"></skipped>
              <system-err>[SKIPPED] Spec skipped because an earlier spec in an ordered container failed&#xA;In [It] at: /Users/antont/ansible_deckhouse/virtualization-full/tests/e2e/importer_network_policy_test.go:83 @ 10/13/25 18:54:36.297&#xA;</system-err>
          </testcase>
          <testcase name="[It] ImporterNetworkPolicy When resources are applied When virtual images are applied" classname="Tests" status="skipped" time="0">
              <skipped message="skipped - Spec skipped because an earlier spec in an ordered container failed"></skipped>
              <system-err>[SKIPPED] Spec skipped because an earlier spec in an ordered container failed&#xA;In [It] at: /Users/antont/ansible_deckhouse/virtualization-full/tests/e2e/importer_network_policy_test.go:101 @ 10/13/25 18:54:36.297&#xA;</system-err>
          </testcase>
          <testcase name="[It] ImporterNetworkPolicy When resources are applied When virtual disks are applied" classname="Tests" status="skipped" time="0">
              <skipped message="skipped - Spec skipped because an earlier spec in an ordered container failed"></skipped>
              <system-err>[SKIPPED] Spec skipped because an earlier spec in an ordered container failed&#xA;In [It] at: /Users/antont/ansible_deckhouse/virtualization-full/tests/e2e/importer_network_policy_test.go:102 @ 10/13/25 18:54:36.297&#xA;</system-err>
          </testcase>
          <testcase name="[It] ImporterNetworkPolicy When resources are applied When virtual machines are applied" classname="Tests" status="skipped" time="0">
              <skipped message="skipped - Spec skipped because an earlier spec in an ordered container failed"></skipped>
              <system-err>[SKIPPED] Spec skipped because an earlier spec in an ordered container failed&#xA;In [It] at: /Users/antont/ansible_deckhouse/virtualization-full/tests/e2e/importer_network_policy_test.go:103 @ 10/13/25 18:54:36.297&#xA;</system-err>
          </testcase>
          <testcase name="[It] VirtualDiskAttachment When resources are applied result should be succeeded" classname="Tests" status="failed" time="3.801464958">
              <failure message="kubectl create namespace head-5073ae15-end-to-end-vm-disk-attachment&#xA;Unexpected error:&#xA;    &lt;*exec.ExitError | 0x140002b6520&gt;: &#xA;    exit status 1&#xA;    {&#xA;        ProcessState: {&#xA;            pid: 46343,&#xA;            status: 256,&#xA;            rusage: {&#xA;                Utime: {&#xA;                    Sec: 0,&#xA;                    Usec: 38283,&#xA;                    Pad_cgo_0: [0, 0, 0, 0],&#xA;                },&#xA;                Stime: {&#xA;                    Sec: 0,&#xA;                    Usec: 17772,&#xA;                    Pad_cgo_0: [0, 0, 0, 0],&#xA;                },&#xA;                Maxrss: 47382528,&#xA;                Ixrss: 0,&#xA;                Idrss: 0,&#xA;                Isrss: 0,&#xA;                Minflt: 3705,&#xA;                Majflt: 3,&#xA;                Nswap: 0,&#xA;                Inblock: 0,&#xA;                Oublock: 0,&#xA;                Msgsnd: 13,&#xA;                Msgrcv: 13,&#xA;                Nsignals: 51,&#xA;                Nvcsw: 80,&#xA;                Nivcsw: 654,&#xA;            },&#xA;        },&#xA;        Stderr: nil,&#xA;    }&#xA;occurred" type="failed">[FAILED] kubectl create namespace head-5073ae15-end-to-end-vm-disk-attachment&#xA;Unexpected error:&#xA;    &lt;*exec.ExitError | 0x140002b6520&gt;: &#xA;    exit status 1&#xA;    {&#xA;        ProcessState: {&#xA;            pid: 46343,&#xA;            status: 256,&#xA;            rusage: {&#xA;                Utime: {&#xA;                    Sec: 0,&#xA;                    Usec: 38283,&#xA;                    Pad_cgo_0: [0, 0, 0, 0],&#xA;                },&#xA;                Stime: {&#xA;                    Sec: 0,&#xA;                    Usec: 17772,&#xA;                    Pad_cgo_0: [0, 0, 0, 0],&#xA;                },&#xA;                Maxrss: 47382528,&#xA;                Ixrss: 0,&#xA;                Idrss: 0,&#xA;                Isrss: 0,&#xA;                Minflt: 3705,&#xA;                Majflt: 3,&#xA;                Nswap: 0,&#xA;                Inblock: 0,&#xA;                Oublock: 0,&#xA;                Msgsnd: 13,&#xA;                Msgrcv: 13,&#xA;                Nsignals: 51,&#xA;                Nvcsw: 80,&#xA;                Nivcsw: 654,&#xA;            },&#xA;        },&#xA;        Stderr: nil,&#xA;    }&#xA;occurred&#xA;In [BeforeAll] at: /Users/antont/ansible_deckhouse/virtualization-full/tests/e2e/vm_disk_attachment_test.go:61 @ 10/13/25 18:54:37.205&#xA;</failure>
              <system-err>&gt; Enter [BeforeAll] VirtualDiskAttachment - /Users/antont/ansible_deckhouse/virtualization-full/tests/e2e/vm_disk_attachment_test.go:52 @ 10/13/25 18:54:36.297&#xA;[FAILED] kubectl create namespace head-5073ae15-end-to-end-vm-disk-attachment&#xA;Unexpected error:&#xA;    &lt;*exec.ExitError | 0x140002b6520&gt;: &#xA;    exit status 1&#xA;    {&#xA;        ProcessState: {&#xA;            pid: 46343,&#xA;            status: 256,&#xA;            rusage: {&#xA;                Utime: {&#xA;                    Sec: 0,&#xA;                    Usec: 38283,&#xA;                    Pad_cgo_0: [0, 0, 0, 0],&#xA;                },&#xA;                Stime: {&#xA;                    Sec: 0,&#xA;                    Usec: 17772,&#xA;                    Pad_cgo_0: [0, 0, 0, 0],&#xA;                },&#xA;                Maxrss: 47382528,&#xA;                Ixrss: 0,&#xA;                Idrss: 0,&#xA;                Isrss: 0,&#xA;                Minflt: 3705,&#xA;                Majflt: 3,&#xA;                Nswap: 0,&#xA;                Inblock: 0,&#xA;                Oublock: 0,&#xA;                Msgsnd: 13,&#xA;                Msgrcv: 13,&#xA;                Nsignals: 51,&#xA;                Nvcsw: 80,&#xA;                Nivcsw: 654,&#xA;            },&#xA;        },&#xA;        Stderr: nil,&#xA;    }&#xA;occurred&#xA;In [BeforeAll] at: /Users/antont/ansible_deckhouse/virtualization-full/tests/e2e/vm_disk_attachment_test.go:61 @ 10/13/25 18:54:37.205&#xA;&lt; Exit [BeforeAll] VirtualDiskAttachment - /Users/antont/ansible_deckhouse/virtualization-full/tests/e2e/vm_disk_attachment_test.go:52 @ 10/13/25 18:54:37.205 (908ms)&#xA;&gt; Enter [AfterEach] VirtualDiskAttachment - /Users/antont/ansible_deckhouse/virtualization-full/tests/e2e/vm_disk_attachment_test.go:70 @ 10/13/25 18:54:37.205&#xA;Get resources error:&#xA;cmd: kubectl get virtualization,cvi,vmc,intvirt,pod,volumesnapshot --namespace head-5073ae15-end-to-end-vm-disk-attachment -o yaml -l &#39;testcase=vm-disk-attachment&#39; --show-managed-fields=true&#xA;error: exit status 1&#xA;stderr: E1013 18:54:37.911685   46344 memcache.go:265] &#34;Unhandled Error&#34; err=&#34;couldn&#39;t get current server API group list: the server could not find the requested resource&#34;&#xA;E1013 18:54:38.143148   46344 memcache.go:265] &#34;Unhandled Error&#34; err=&#34;couldn&#39;t get current server API group list: the server could not find the requested resource&#34;&#xA;E1013 18:54:38.377485   46344 memcache.go:265] &#34;Unhandled Error&#34; err=&#34;couldn&#39;t get current server API group list: the server could not find the requested resource&#34;&#xA;E1013 18:54:38.608312   46344 memcache.go:265] &#34;Unhandled Error&#34; err=&#34;couldn&#39;t get current server API group list: the server could not find the requested resource&#34;&#xA;E1013 18:54:38.848034   46344 memcache.go:265] &#34;Unhandled Error&#34; err=&#34;couldn&#39;t get current server API group list: the server could not find the requested resource&#34;&#xA;E1013 18:54:38.961656   46344 memcache.go:265] &#34;Unhandled Error&#34; err=&#34;couldn&#39;t get current server API group list: the server could not find the requested resource&#34;&#xA;E1013 18:54:38.966076   46344 memcache.go:265] &#34;Unhandled Error&#34; err=&#34;couldn&#39;t get current server API group list: the server could not find the requested resource&#34;&#xA;E1013 18:54:38.967615   46344 memcache.go:265] &#34;Unhandled Error&#34; err=&#34;couldn&#39;t get current server API group list: the server could not find the requested resource&#34;&#xA;E1013 18:54:38.971464   46344 memcache.go:265] &#34;Unhandled Error&#34; err=&#34;couldn&#39;t get current server API group list: the server could not find the requested resource&#34;&#xA;E1013 18:54:38.972778   46344 memcache.go:265] &#34;Unhandled Error&#34; err=&#34;couldn&#39;t get current server API group list: the server could not find the requested resource&#34;&#xA;E1013 18:54:38.974819   46344 memcache.go:265] &#34;Unhandled Error&#34; err=&#34;couldn&#39;t get current server API group list: the server could not find the requested resource&#34;&#xA;E1013 18:54:38.976479   46344 memcache.go:265] &#34;Unhandled Error&#34; err=&#34;couldn&#39;t get current server API group list: the server could not find the requested resource&#34;&#xA;E1013 18:54:38.979087   46344 memcache.go:265] &#34;Unhandled Error&#34; err=&#34;couldn&#39;t get current server API group list: the server could not find the requested resource&#34;&#xA;E1013 18:54:38.980402   46344 memcache.go:265] &#34;Unhandled Error&#34; err=&#34;couldn&#39;t get current server API group list: the server could not find the requested resource&#34;&#xA;E1013 18:54:38.982940   46344 memcache.go:265] &#34;Unhandled Error&#34; err=&#34;couldn&#39;t get current server API group list: the server could not find the requested resource&#34;&#xA;E1013 18:54:38.984242   46344 memcache.go:265] &#34;Unhandled Error&#34; err=&#34;couldn&#39;t get current server API group list: the server could not find the requested resource&#34;&#xA;E1013 18:54:38.987284   46344 memcache.go:265] &#34;Unhandled Error&#34; err=&#34;couldn&#39;t get current server API group list: the server could not find the requested resource&#34;&#xA;E1013 18:54:38.988632   46344 memcache.go:265] &#34;Unhandled Error&#34; err=&#34;couldn&#39;t get current server API group list: the server could not find the requested resource&#34;&#xA;E1013 18:54:38.989948   46344 memcache.go:265] &#34;Unhandled Error&#34; err=&#34;couldn&#39;t get current server API group list: the server could not find the requested resource&#34;&#xA;E1013 18:54:38.991269   46344 memcache.go:265] &#34;Unhandled Error&#34; err=&#34;couldn&#39;t get current server API group list: the server could not find the requested resource&#34;&#xA;E1013 18:54:38.992575   46344 memcache.go:265] &#34;Unhandled Error&#34; err=&#34;couldn&#39;t get current server API group list: the server could not find the requested resource&#34;&#xA;Error from server (NotFound): the server could not find the requested resource&#xA;&#xA;&#xA;Failed to get PodList:&#xA;cmd: kubectl get pod --namespace head-5073ae15-end-to-end-vm-disk-attachment -o json -l &#39;testcase=vm-disk-attachment&#39;&#xA;stderr: E1013 18:54:39.625368   46346 memcache.go:265] &#34;Unhandled Error&#34; err=&#34;couldn&#39;t get current server API group list: the server could not find the requested resource&#34;&#xA;E1013 18:54:39.849556   46346 memcache.go:265] &#34;Unhandled Error&#34; err=&#34;couldn&#39;t get current server API group list: the server could not find the requested resource&#34;&#xA;E1013 18:54:39.965858   46346 memcache.go:265] &#34;Unhandled Error&#34; err=&#34;couldn&#39;t get current server API group list: the server could not find the requested resource&#34;&#xA;E1013 18:54:39.967564   46346 memcache.go:265] &#34;Unhandled Error&#34; err=&#34;couldn&#39;t get current server API group list: the server could not find the requested resource&#34;&#xA;E1013 18:54:39.973651   46346 memcache.go:265] &#34;Unhandled Error&#34; err=&#34;couldn&#39;t get current server API group list: the server could not find the requested resource&#34;&#xA;E1013 18:54:39.975563   46346 memcache.go:265] &#34;Unhandled Error&#34; err=&#34;couldn&#39;t get current server API group list: the server could not find the requested resource&#34;&#xA;Error from server (NotFound): Unable to find &#34;/v1, Resource=pods&#34; that match label selector &#34;testcase=vm-disk-attachment&#34;, field selector &#34;&#34;: the server could not find the requested resource (get pods)&#xA;&#xA;The list of pods is empty; nothing to dump.&#xA;&lt; Exit [AfterEach] VirtualDiskAttachment - /Users/antont/ansible_deckhouse/virtualization-full/tests/e2e/vm_disk_attachment_test.go:70 @ 10/13/25 18:54:40.099 (2.894s)&#xA;</system-err>
          </testcase>
          <testcase name="[It] VirtualDiskAttachment When virtual images are applied checks VIs phases" classname="Tests" status="skipped" time="0">
              <skipped message="skipped - Spec skipped because an earlier spec in an ordered container failed"></skipped>
              <system-err>[SKIPPED] Spec skipped because an earlier spec in an ordered container failed&#xA;In [It] at: /Users/antont/ansible_deckhouse/virtualization-full/tests/e2e/vm_disk_attachment_test.go:87 @ 10/13/25 18:54:40.099&#xA;</system-err>
          </testcase>
          <testcase name="[It] VirtualDiskAttachment When virtual disks are applied checks VDs phases" classname="Tests" status="skipped" time="0">
              <skipped message="skipped - Spec skipped because an earlier spec in an ordered container failed"></skipped>
              <system-err>[SKIPPED] Spec skipped because an earlier spec in an ordered container failed&#xA;In [It] at: /Users/antont/ansible_deckhouse/virtualization-full/tests/e2e/vm_disk_attachment_test.go:98 @ 10/13/25 18:54:40.099&#xA;</system-err>
          </testcase>
          <testcase name="[It] VirtualDiskAttachment When virtual machines are applied checks VMs phases" classname="Tests" status="skipped" time="0">
              <skipped message="skipped - Spec skipped because an earlier spec in an ordered container failed"></skipped>
              <system-err>[SKIPPED] Spec skipped because an earlier spec in an ordered container failed&#xA;In [It] at: /Users/antont/ansible_deckhouse/virtualization-full/tests/e2e/vm_disk_attachment_test.go:116 @ 10/13/25 18:54:40.099&#xA;</system-err>
          </testcase>
          <testcase name="[It] VirtualDiskAttachment Attachment When virtual machine agents are ready get disk count before attachment" classname="Tests" status="skipped" time="0">
              <skipped message="skipped - Spec skipped because an earlier spec in an ordered container failed"></skipped>
              <system-err>[SKIPPED] Spec skipped because an earlier spec in an ordered container failed&#xA;In [It] at: /Users/antont/ansible_deckhouse/virtualization-full/tests/e2e/vm_disk_attachment_test.go:128 @ 10/13/25 18:54:40.099&#xA;</system-err>
          </testcase>
          <testcase name="[It] VirtualDiskAttachment Attachment When virtual machine agents are ready attaches virtual disk" classname="Tests" status="skipped" time="0">
              <skipped message="skipped - Spec skipped because an earlier spec in an ordered container failed"></skipped>
              <system-err>[SKIPPED] Spec skipped because an earlier spec in an ordered container failed&#xA;In [It] at: /Users/antont/ansible_deckhouse/virtualization-full/tests/e2e/vm_disk_attachment_test.go:133 @ 10/13/25 18:54:40.099&#xA;</system-err>
          </testcase>
          <testcase name="[It] VirtualDiskAttachment Attachment When virtual machine agents are ready checks VM and VMBDA phases" classname="Tests" status="skipped" time="0">
              <skipped message="skipped - Spec skipped because an earlier spec in an ordered container failed"></skipped>
              <system-err>[SKIPPED] Spec skipped because an earlier spec in an ordered container failed&#xA;In [It] at: /Users/antont/ansible_deckhouse/virtualization-full/tests/e2e/vm_disk_attachment_test.go:136 @ 10/13/25 18:54:40.099&#xA;</system-err>
          </testcase>
          <testcase name="[It] VirtualDiskAttachment Attachment When virtual machine agents are ready compares disk count before and after attachment" classname="Tests" status="skipped" time="0">
              <skipped message="skipped - Spec skipped because an earlier spec in an ordered container failed"></skipped>
              <system-err>[SKIPPED] Spec skipped because an earlier spec in an ordered container failed&#xA;In [It] at: /Users/antont/ansible_deckhouse/virtualization-full/tests/e2e/vm_disk_attachment_test.go:150 @ 10/13/25 18:54:40.099&#xA;</system-err>
          </testcase>
          <testcase name="[It] VirtualDiskAttachment Detachment When virtual machines are in Running phases get disk count before detachment" classname="Tests" status="skipped" time="0">
              <skipped message="skipped - Spec skipped because an earlier spec in an ordered container failed"></skipped>
              <system-err>[SKIPPED] Spec skipped because an earlier spec in an ordered container failed&#xA;In [It] at: /Users/antont/ansible_deckhouse/virtualization-full/tests/e2e/vm_disk_attachment_test.go:166 @ 10/13/25 18:54:40.1&#xA;</system-err>
          </testcase>
          <testcase name="[It] VirtualDiskAttachment Detachment When virtual machines are in Running phases detaches virtual disk" classname="Tests" status="skipped" time="0">
              <skipped message="skipped - Spec skipped because an earlier spec in an ordered container failed"></skipped>
              <system-err>[SKIPPED] Spec skipped because an earlier spec in an ordered container failed&#xA;In [It] at: /Users/antont/ansible_deckhouse/virtualization-full/tests/e2e/vm_disk_attachment_test.go:171 @ 10/13/25 18:54:40.1&#xA;</system-err>
          </testcase>
          <testcase name="[It] VirtualDiskAttachment Detachment When virtual machines are in Running phases checks VM phase" classname="Tests" status="skipped" time="0">
              <skipped message="skipped - Spec skipped because an earlier spec in an ordered container failed"></skipped>
              <system-err>[SKIPPED] Spec skipped because an earlier spec in an ordered container failed&#xA;In [It] at: /Users/antont/ansible_deckhouse/virtualization-full/tests/e2e/vm_disk_attachment_test.go:179 @ 10/13/25 18:54:40.1&#xA;</system-err>
          </testcase>
          <testcase name="[It] VirtualDiskAttachment Detachment When virtual machines are in Running phases compares disk count before and after detachment" classname="Tests" status="skipped" time="0">
              <skipped message="skipped - Spec skipped because an earlier spec in an ordered container failed"></skipped>
              <system-err>[SKIPPED] Spec skipped because an earlier spec in an ordered container failed&#xA;In [It] at: /Users/antont/ansible_deckhouse/virtualization-full/tests/e2e/vm_disk_attachment_test.go:187 @ 10/13/25 18:54:40.1&#xA;</system-err>
          </testcase>
          <testcase name="[It] VirtualDiskAttachment When test is completed deletes test case resources" classname="Tests" status="skipped" time="0">
              <skipped message="skipped - Spec skipped because an earlier spec in an ordered container failed"></skipped>
              <system-err>[SKIPPED] Spec skipped because an earlier spec in an ordered container failed&#xA;In [It] at: /Users/antont/ansible_deckhouse/virtualization-full/tests/e2e/vm_disk_attachment_test.go:201 @ 10/13/25 18:54:40.1&#xA;</system-err>
          </testcase>
          <testcase name="[It] ImageHotplug When the virtualization resources are applied result should be succeeded" classname="Tests" status="failed" time="6.138302666">
              <failure message="Unexpected error:&#xA;    &lt;*exec.ExitError | 0x140000ef2c0&gt;: &#xA;    exit status 1&#xA;    {&#xA;        ProcessState: {&#xA;            pid: 46348,&#xA;            status: 256,&#xA;            rusage: {&#xA;                Utime: {&#xA;                    Sec: 0,&#xA;                    Usec: 90515,&#xA;                    Pad_cgo_0: [0, 0, 0, 0],&#xA;                },&#xA;                Stime: {&#xA;                    Sec: 0,&#xA;                    Usec: 60392,&#xA;                    Pad_cgo_0: [0, 0, 0, 0],&#xA;                },&#xA;                Maxrss: 49807360,&#xA;                Ixrss: 0,&#xA;                Idrss: 0,&#xA;                Isrss: 0,&#xA;                Minflt: 3856,&#xA;                Majflt: 3,&#xA;                Nswap: 0,&#xA;                Inblock: 0,&#xA;                Oublock: 0,&#xA;                Msgsnd: 21,&#xA;                Msgrcv: 21,&#xA;                Nsignals: 114,&#xA;                Nvcsw: 90,&#xA;                Nivcsw: 1842,&#xA;            },&#xA;        },&#xA;        Stderr: nil,&#xA;    }&#xA;occurred" type="failed">[FAILED] Unexpected error:&#xA;    &lt;*exec.ExitError | 0x140000ef2c0&gt;: &#xA;    exit status 1&#xA;    {&#xA;        ProcessState: {&#xA;            pid: 46348,&#xA;            status: 256,&#xA;            rusage: {&#xA;                Utime: {&#xA;                    Sec: 0,&#xA;                    Usec: 90515,&#xA;                    Pad_cgo_0: [0, 0, 0, 0],&#xA;                },&#xA;                Stime: {&#xA;                    Sec: 0,&#xA;                    Usec: 60392,&#xA;                    Pad_cgo_0: [0, 0, 0, 0],&#xA;                },&#xA;                Maxrss: 49807360,&#xA;                Ixrss: 0,&#xA;                Idrss: 0,&#xA;                Isrss: 0,&#xA;                Minflt: 3856,&#xA;                Majflt: 3,&#xA;                Nswap: 0,&#xA;                Inblock: 0,&#xA;                Oublock: 0,&#xA;                Msgsnd: 21,&#xA;                Msgrcv: 21,&#xA;                Nsignals: 114,&#xA;                Nvcsw: 90,&#xA;                Nivcsw: 1842,&#xA;            },&#xA;        },&#xA;        Stderr: nil,&#xA;    }&#xA;occurred&#xA;In [BeforeAll] at: /Users/antont/ansible_deckhouse/virtualization-full/tests/e2e/image_hotplug_test.go:65 @ 10/13/25 18:54:41.995&#xA;</failure>
              <system-err>&gt; Enter [BeforeAll] ImageHotplug - /Users/antont/ansible_deckhouse/virtualization-full/tests/e2e/image_hotplug_test.go:54 @ 10/13/25 18:54:40.1&#xA;[FAILED] Unexpected error:&#xA;    &lt;*exec.ExitError | 0x140000ef2c0&gt;: &#xA;    exit status 1&#xA;    {&#xA;        ProcessState: {&#xA;            pid: 46348,&#xA;            status: 256,&#xA;            rusage: {&#xA;                Utime: {&#xA;                    Sec: 0,&#xA;                    Usec: 90515,&#xA;                    Pad_cgo_0: [0, 0, 0, 0],&#xA;                },&#xA;                Stime: {&#xA;                    Sec: 0,&#xA;                    Usec: 60392,&#xA;                    Pad_cgo_0: [0, 0, 0, 0],&#xA;                },&#xA;                Maxrss: 49807360,&#xA;                Ixrss: 0,&#xA;                Idrss: 0,&#xA;                Isrss: 0,&#xA;                Minflt: 3856,&#xA;                Majflt: 3,&#xA;                Nswap: 0,&#xA;                Inblock: 0,&#xA;                Oublock: 0,&#xA;                Msgsnd: 21,&#xA;                Msgrcv: 21,&#xA;                Nsignals: 114,&#xA;                Nvcsw: 90,&#xA;                Nivcsw: 1842,&#xA;            },&#xA;        },&#xA;        Stderr: nil,&#xA;    }&#xA;occurred&#xA;In [BeforeAll] at: /Users/antont/ansible_deckhouse/virtualization-full/tests/e2e/image_hotplug_test.go:65 @ 10/13/25 18:54:41.995&#xA;&lt; Exit [BeforeAll] ImageHotplug - /Users/antont/ansible_deckhouse/virtualization-full/tests/e2e/image_hotplug_test.go:54 @ 10/13/25 18:54:41.995 (1.895s)&#xA;&gt; Enter [AfterEach] ImageHotplug - /Users/antont/ansible_deckhouse/virtualization-full/tests/e2e/image_hotplug_test.go:70 @ 10/13/25 18:54:41.995&#xA;Get resources error:&#xA;cmd: kubectl get virtualization,cvi,vmc,intvirt,pod,volumesnapshot --namespace head-5073ae15-end-to-end-image-hotplug -o yaml -l &#39;testcase=image-hotplug&#39; --show-managed-fields=true&#xA;error: exit status 1&#xA;stderr: E1013 18:54:42.653914   46349 memcache.go:265] &#34;Unhandled Error&#34; err=&#34;couldn&#39;t get current server API group list: the server could not find the requested resource&#34;&#xA;E1013 18:54:42.918331   46349 memcache.go:265] &#34;Unhandled Error&#34; err=&#34;couldn&#39;t get current server API group list: the server could not find the requested resource&#34;&#xA;E1013 18:54:43.164198   46349 memcache.go:265] &#34;Unhandled Error&#34; err=&#34;couldn&#39;t get current server API group list: the server could not find the requested resource&#34;&#xA;E1013 18:54:43.390804   46349 memcache.go:265] &#34;Unhandled Error&#34; err=&#34;couldn&#39;t get current server API group list: the server could not find the requested resource&#34;&#xA;E1013 18:54:43.621591   46349 memcache.go:265] &#34;Unhandled Error&#34; err=&#34;couldn&#39;t get current server API group list: the server could not find the requested resource&#34;&#xA;E1013 18:54:43.847034   46349 memcache.go:265] &#34;Unhandled Error&#34; err=&#34;couldn&#39;t get current server API group list: the server could not find the requested resource&#34;&#xA;E1013 18:54:43.965989   46349 memcache.go:265] &#34;Unhandled Error&#34; err=&#34;couldn&#39;t get current server API group list: the server could not find the requested resource&#34;&#xA;E1013 18:54:43.967627   46349 memcache.go:265] &#34;Unhandled Error&#34; err=&#34;couldn&#39;t get current server API group list: the server could not find the requested resource&#34;&#xA;E1013 18:54:43.972564   46349 memcache.go:265] &#34;Unhandled Error&#34; err=&#34;couldn&#39;t get current server API group list: the server could not find the requested resource&#34;&#xA;E1013 18:54:43.973968   46349 memcache.go:265] &#34;Unhandled Error&#34; err=&#34;couldn&#39;t get current server API group list: the server could not find the requested resource&#34;&#xA;E1013 18:54:43.979667   46349 memcache.go:265] &#34;Unhandled Error&#34; err=&#34;couldn&#39;t get current server API group list: the server could not find the requested resource&#34;&#xA;E1013 18:54:43.981167   46349 memcache.go:265] &#34;Unhandled Error&#34; err=&#34;couldn&#39;t get current server API group list: the server could not find the requested resource&#34;&#xA;E1013 18:54:43.984717   46349 memcache.go:265] &#34;Unhandled Error&#34; err=&#34;couldn&#39;t get current server API group list: the server could not find the requested resource&#34;&#xA;E1013 18:54:43.986215   46349 memcache.go:265] &#34;Unhandled Error&#34; err=&#34;couldn&#39;t get current server API group list: the server could not find the requested resource&#34;&#xA;E1013 18:54:43.991229   46349 memcache.go:265] &#34;Unhandled Error&#34; err=&#34;couldn&#39;t get current server API group list: the server could not find the requested resource&#34;&#xA;E1013 18:54:43.992492   46349 memcache.go:265] &#34;Unhandled Error&#34; err=&#34;couldn&#39;t get current server API group list: the server could not find the requested resource&#34;&#xA;E1013 18:54:43.995656   46349 memcache.go:265] &#34;Unhandled Error&#34; err=&#34;couldn&#39;t get current server API group list: the server could not find the requested resource&#34;&#xA;E1013 18:54:43.996982   46349 memcache.go:265] &#34;Unhandled Error&#34; err=&#34;couldn&#39;t get current server API group list: the server could not find the requested resource&#34;&#xA;E1013 18:54:43.998274   46349 memcache.go:265] &#34;Unhandled Error&#34; err=&#34;couldn&#39;t get current server API group list: the server could not find the requested resource&#34;&#xA;E1013 18:54:43.999662   46349 memcache.go:265] &#34;Unhandled Error&#34; err=&#34;couldn&#39;t get current server API group list: the server could not find the requested resource&#34;&#xA;E1013 18:54:44.224268   46349 memcache.go:265] &#34;Unhandled Error&#34; err=&#34;couldn&#39;t get current server API group list: the server could not find the requested resource&#34;&#xA;Error from server (NotFound): the server could not find the requested resource&#xA;&#xA;&#xA;Failed to get PodList:&#xA;cmd: kubectl get pod --namespace head-5073ae15-end-to-end-image-hotplug -o json -l &#39;testcase=image-hotplug&#39;&#xA;stderr: E1013 18:54:44.940352   46350 memcache.go:265] &#34;Unhandled Error&#34; err=&#34;couldn&#39;t get current server API group list: the server could not find the requested resource&#34;&#xA;E1013 18:54:45.174324   46350 memcache.go:265] &#34;Unhandled Error&#34; err=&#34;couldn&#39;t get current server API group list: the server could not find the requested resource&#34;&#xA;E1013 18:54:45.414446   46350 memcache.go:265] &#34;Unhandled Error&#34; err=&#34;couldn&#39;t get current server API group list: the server could not find the requested resource&#34;&#xA;E1013 18:54:45.645865   46350 memcache.go:265] &#34;Unhandled Error&#34; err=&#34;couldn&#39;t get current server API group list: the server could not find the requested resource&#34;&#xA;E1013 18:54:45.880937   46350 memcache.go:265] &#34;Unhandled Error&#34; err=&#34;couldn&#39;t get current server API group list: the server could not find the requested resource&#34;&#xA;E1013 18:54:46.114692   46350 memcache.go:265] &#34;Unhandled Error&#34; err=&#34;couldn&#39;t get current server API group list: the server could not find the requested resource&#34;&#xA;Error from server (NotFound): Unable to find &#34;/v1, Resource=pods&#34; that match label selector &#34;testcase=image-hotplug&#34;, field selector &#34;&#34;: the server could not find the requested resource (get pods)&#xA;&#xA;The list of pods is empty; nothing to dump.&#xA;&lt; Exit [AfterEach] ImageHotplug - /Users/antont/ansible_deckhouse/virtualization-full/tests/e2e/image_hotplug_test.go:70 @ 10/13/25 18:54:46.238 (4.244s)&#xA;</system-err>
          </testcase>
          <testcase name="[It] ImageHotplug When the virtualization resources are applied checks the resources phase" classname="Tests" status="skipped" time="0">
              <skipped message="skipped - Spec skipped because an earlier spec in an ordered container failed"></skipped>
              <system-err>[SKIPPED] Spec skipped because an earlier spec in an ordered container failed&#xA;In [It] at: /Users/antont/ansible_deckhouse/virtualization-full/tests/e2e/image_hotplug_test.go:112 @ 10/13/25 18:54:46.239&#xA;</system-err>
          </testcase>
          <testcase name="[It] ImageHotplug When the resources are ready to use retrieves the test objects" classname="Tests" status="skipped" time="0">
              <skipped message="skipped - Spec skipped because an earlier spec in an ordered container failed"></skipped>
              <system-err>[SKIPPED] Spec skipped because an earlier spec in an ordered container failed&#xA;In [It] at: /Users/antont/ansible_deckhouse/virtualization-full/tests/e2e/image_hotplug_test.go:147 @ 10/13/25 18:54:46.239&#xA;</system-err>
          </testcase>
          <testcase name="[It] ImageHotplug When the resources are ready to use retrieves the disk count before the images attachment" classname="Tests" status="skipped" time="0">
              <skipped message="skipped - Spec skipped because an earlier spec in an ordered container failed"></skipped>
              <system-err>[SKIPPED] Spec skipped because an earlier spec in an ordered container failed&#xA;In [It] at: /Users/antont/ansible_deckhouse/virtualization-full/tests/e2e/image_hotplug_test.go:190 @ 10/13/25 18:54:46.239&#xA;</system-err>
          </testcase>
          <testcase name="[It] ImageHotplug When the resources are ready to use attaches the images into the `VirtualMachine`" classname="Tests" status="skipped" time="0">
              <skipped message="skipped - Spec skipped because an earlier spec in an ordered container failed"></skipped>
              <system-err>[SKIPPED] Spec skipped because an earlier spec in an ordered container failed&#xA;In [It] at: /Users/antont/ansible_deckhouse/virtualization-full/tests/e2e/image_hotplug_test.go:196 @ 10/13/25 18:54:46.239&#xA;</system-err>
          </testcase>
          <testcase name="[It] ImageHotplug When the resources are ready to use checks the `VirtualMachine` and the `VirtualMachineBlockDeviceAttachments` phases" classname="Tests" status="skipped" time="0">
              <skipped message="skipped - Spec skipped because an earlier spec in an ordered container failed"></skipped>
              <system-err>[SKIPPED] Spec skipped because an earlier spec in an ordered container failed&#xA;In [It] at: /Users/antont/ansible_deckhouse/virtualization-full/tests/e2e/image_hotplug_test.go:204 @ 10/13/25 18:54:46.239&#xA;</system-err>
          </testcase>
          <testcase name="[It] ImageHotplug When the resources are ready to use compares the disk count before and after attachment" classname="Tests" status="skipped" time="0">
              <skipped message="skipped - Spec skipped because an earlier spec in an ordered container failed"></skipped>
              <system-err>[SKIPPED] Spec skipped because an earlier spec in an ordered container failed&#xA;In [It] at: /Users/antont/ansible_deckhouse/virtualization-full/tests/e2e/image_hotplug_test.go:224 @ 10/13/25 18:54:46.239&#xA;</system-err>
          </testcase>
          <testcase name="[It] ImageHotplug When the resources are ready to use checks that the `ISO` image is attached as `CD-ROM`" classname="Tests" status="skipped" time="0">
              <skipped message="skipped - Spec skipped because an earlier spec in an ordered container failed"></skipped>
              <system-err>[SKIPPED] Spec skipped because an earlier spec in an ordered container failed&#xA;In [It] at: /Users/antont/ansible_deckhouse/virtualization-full/tests/e2e/image_hotplug_test.go:236 @ 10/13/25 18:54:46.239&#xA;</system-err>
          </testcase>
          <testcase name="[It] ImageHotplug When the resources are ready to use check that the images are attached as the `ReadOnly` devices" classname="Tests" status="skipped" time="0">
              <skipped message="skipped - Spec skipped because an earlier spec in an ordered container failed"></skipped>
              <system-err>[SKIPPED] Spec skipped because an earlier spec in an ordered container failed&#xA;In [It] at: /Users/antont/ansible_deckhouse/virtualization-full/tests/e2e/image_hotplug_test.go:258 @ 10/13/25 18:54:46.24&#xA;</system-err>
          </testcase>
          <testcase name="[It] ImageHotplug When the resources are ready to use detaches the images" classname="Tests" status="skipped" time="0">
              <skipped message="skipped - Spec skipped because an earlier spec in an ordered container failed"></skipped>
              <system-err>[SKIPPED] Spec skipped because an earlier spec in an ordered container failed&#xA;In [It] at: /Users/antont/ansible_deckhouse/virtualization-full/tests/e2e/image_hotplug_test.go:284 @ 10/13/25 18:54:46.24&#xA;</system-err>
          </testcase>
          <testcase name="[It] ImageHotplug When the resources are ready to use compares the disk count after detachment" classname="Tests" status="skipped" time="0">
              <skipped message="skipped - Spec skipped because an earlier spec in an ordered container failed"></skipped>
              <system-err>[SKIPPED] Spec skipped because an earlier spec in an ordered container failed&#xA;In [It] at: /Users/antont/ansible_deckhouse/virtualization-full/tests/e2e/image_hotplug_test.go:294 @ 10/13/25 18:54:46.24&#xA;</system-err>
          </testcase>
          <testcase name="[It] ImageHotplug When test is completed deletes test case resources" classname="Tests" status="skipped" time="0">
              <skipped message="skipped - Spec skipped because an earlier spec in an ordered container failed"></skipped>
              <system-err>[SKIPPED] Spec skipped because an earlier spec in an ordered container failed&#xA;In [It] at: /Users/antont/ansible_deckhouse/virtualization-full/tests/e2e/image_hotplug_test.go:309 @ 10/13/25 18:54:46.24&#xA;</system-err>
          </testcase>
          <testcase name="[It] VirtualMachineLabelAndAnnotation When resources are applied result should be succeeded" classname="Tests" status="failed" time="7.311923458">
              <failure message="kubectl create namespace head-5073ae15-end-to-end-vm-label-annotation&#xA;Unexpected error:&#xA;    &lt;*exec.ExitError | 0x1400090c380&gt;: &#xA;    exit status 1&#xA;    {&#xA;        ProcessState: {&#xA;            pid: 46352,&#xA;            status: 256,&#xA;            rusage: {&#xA;                Utime: {&#xA;                    Sec: 0,&#xA;                    Usec: 36050,&#xA;                    Pad_cgo_0: [0, 0, 0, 0],&#xA;                },&#xA;                Stime: {&#xA;                    Sec: 0,&#xA;                    Usec: 19629,&#xA;                    Pad_cgo_0: [0, 0, 0, 0],&#xA;                },&#xA;                Maxrss: 46989312,&#xA;                Ixrss: 0,&#xA;                Idrss: 0,&#xA;                Isrss: 0,&#xA;                Minflt: 3675,&#xA;                Majflt: 3,&#xA;                Nswap: 0,&#xA;                Inblock: 0,&#xA;                Oublock: 0,&#xA;                Msgsnd: 13,&#xA;                Msgrcv: 14,&#xA;                Nsignals: 36,&#xA;                Nvcsw: 25,&#xA;                Nivcsw: 620,&#xA;            },&#xA;        },&#xA;        Stderr: nil,&#xA;    }&#xA;occurred" type="failed">[FAILED] kubectl create namespace head-5073ae15-end-to-end-vm-label-annotation&#xA;Unexpected error:&#xA;    &lt;*exec.ExitError | 0x1400090c380&gt;: &#xA;    exit status 1&#xA;    {&#xA;        ProcessState: {&#xA;            pid: 46352,&#xA;            status: 256,&#xA;            rusage: {&#xA;                Utime: {&#xA;                    Sec: 0,&#xA;                    Usec: 36050,&#xA;                    Pad_cgo_0: [0, 0, 0, 0],&#xA;                },&#xA;                Stime: {&#xA;                    Sec: 0,&#xA;                    Usec: 19629,&#xA;                    Pad_cgo_0: [0, 0, 0, 0],&#xA;                },&#xA;                Maxrss: 46989312,&#xA;                Ixrss: 0,&#xA;                Idrss: 0,&#xA;                Isrss: 0,&#xA;                Minflt: 3675,&#xA;                Majflt: 3,&#xA;                Nswap: 0,&#xA;                Inblock: 0,&#xA;                Oublock: 0,&#xA;                Msgsnd: 13,&#xA;                Msgrcv: 14,&#xA;                Nsignals: 36,&#xA;                Nvcsw: 25,&#xA;                Nivcsw: 620,&#xA;            },&#xA;        },&#xA;        Stderr: nil,&#xA;    }&#xA;occurred&#xA;In [BeforeAll] at: /Users/antont/ansible_deckhouse/virtualization-full/tests/e2e/vm_label_annotation_test.go:48 @ 10/13/25 18:54:46.835&#xA;</failure>
              <system-err>&gt; Enter [BeforeAll] VirtualMachineLabelAndAnnotation - /Users/antont/ansible_deckhouse/virtualization-full/tests/e2e/vm_label_annotation_test.go:42 @ 10/13/25 18:54:46.24&#xA;[FAILED] kubectl create namespace head-5073ae15-end-to-end-vm-label-annotation&#xA;Unexpected error:&#xA;    &lt;*exec.ExitError | 0x1400090c380&gt;: &#xA;    exit status 1&#xA;    {&#xA;        ProcessState: {&#xA;            pid: 46352,&#xA;            status: 256,&#xA;            rusage: {&#xA;                Utime: {&#xA;                    Sec: 0,&#xA;                    Usec: 36050,&#xA;                    Pad_cgo_0: [0, 0, 0, 0],&#xA;                },&#xA;                Stime: {&#xA;                    Sec: 0,&#xA;                    Usec: 19629,&#xA;                    Pad_cgo_0: [0, 0, 0, 0],&#xA;                },&#xA;                Maxrss: 46989312,&#xA;                Ixrss: 0,&#xA;                Idrss: 0,&#xA;                Isrss: 0,&#xA;                Minflt: 3675,&#xA;                Majflt: 3,&#xA;                Nswap: 0,&#xA;                Inblock: 0,&#xA;                Oublock: 0,&#xA;                Msgsnd: 13,&#xA;                Msgrcv: 14,&#xA;                Nsignals: 36,&#xA;                Nvcsw: 25,&#xA;                Nivcsw: 620,&#xA;            },&#xA;        },&#xA;        Stderr: nil,&#xA;    }&#xA;occurred&#xA;In [BeforeAll] at: /Users/antont/ansible_deckhouse/virtualization-full/tests/e2e/vm_label_annotation_test.go:48 @ 10/13/25 18:54:46.835&#xA;&lt; Exit [BeforeAll] VirtualMachineLabelAndAnnotation - /Users/antont/ansible_deckhouse/virtualization-full/tests/e2e/vm_label_annotation_test.go:42 @ 10/13/25 18:54:46.836 (596ms)&#xA;&gt; Enter [AfterEach] VirtualMachineLabelAndAnnotation - /Users/antont/ansible_deckhouse/virtualization-full/tests/e2e/vm_label_annotation_test.go:57 @ 10/13/25 18:54:46.836&#xA;Get resources error:&#xA;cmd: kubectl get virtualization,cvi,vmc,intvirt,pod,volumesnapshot --namespace head-5073ae15-end-to-end-vm-label-annotation -o yaml -l &#39;testcase=vm-label-annotation&#39; --show-managed-fields=true&#xA;error: exit status 1&#xA;stderr: E1013 18:54:47.869391   46353 memcache.go:265] &#34;Unhandled Error&#34; err=&#34;couldn&#39;t get current server API group list: the server could not find the requested resource&#34;&#xA;E1013 18:54:47.983959   46353 memcache.go:265] &#34;Unhandled Error&#34; err=&#34;couldn&#39;t get current server API group list: the server could not find the requested resource&#34;&#xA;E1013 18:54:47.989837   46353 memcache.go:265] &#34;Unhandled Error&#34; err=&#34;couldn&#39;t get current server API group list: the server could not find the requested resource&#34;&#xA;E1013 18:54:47.991358   46353 memcache.go:265] &#34;Unhandled Error&#34; err=&#34;couldn&#39;t get current server API group list: the server could not find the requested resource&#34;&#xA;E1013 18:54:47.996512   46353 memcache.go:265] &#34;Unhandled Error&#34; err=&#34;couldn&#39;t get current server API group list: the server could not find the requested resource&#34;&#xA;E1013 18:54:47.997727   46353 memcache.go:265] &#34;Unhandled Error&#34; err=&#34;couldn&#39;t get current server API group list: the server could not find the requested resource&#34;&#xA;E1013 18:54:48.227860   46353 memcache.go:265] &#34;Unhandled Error&#34; err=&#34;couldn&#39;t get current server API group list: the server could not find the requested resource&#34;&#xA;E1013 18:54:48.453240   46353 memcache.go:265] &#34;Unhandled Error&#34; err=&#34;couldn&#39;t get current server API group list: the server could not find the requested resource&#34;&#xA;E1013 18:54:48.707504   46353 memcache.go:265] &#34;Unhandled Error&#34; err=&#34;couldn&#39;t get current server API group list: the server could not find the requested resource&#34;&#xA;E1013 18:54:48.955041   46353 memcache.go:265] &#34;Unhandled Error&#34; err=&#34;couldn&#39;t get current server API group list: the server could not find the requested resource&#34;&#xA;E1013 18:54:49.188249   46353 memcache.go:265] &#34;Unhandled Error&#34; err=&#34;couldn&#39;t get current server API group list: the server could not find the requested resource&#34;&#xA;E1013 18:54:49.415590   46353 memcache.go:265] &#34;Unhandled Error&#34; err=&#34;couldn&#39;t get current server API group list: the server could not find the requested resource&#34;&#xA;E1013 18:54:49.652257   46353 memcache.go:265] &#34;Unhandled Error&#34; err=&#34;couldn&#39;t get current server API group list: the server could not find the requested resource&#34;&#xA;E1013 18:54:49.882352   46353 memcache.go:265] &#34;Unhandled Error&#34; err=&#34;couldn&#39;t get current server API group list: the server could not find the requested resource&#34;&#xA;E1013 18:54:50.114852   46353 memcache.go:265] &#34;Unhandled Error&#34; err=&#34;couldn&#39;t get current server API group list: the server could not find the requested resource&#34;&#xA;E1013 18:54:50.342986   46353 memcache.go:265] &#34;Unhandled Error&#34; err=&#34;couldn&#39;t get current server API group list: the server could not find the requested resource&#34;&#xA;E1013 18:54:50.575275   46353 memcache.go:265] &#34;Unhandled Error&#34; err=&#34;couldn&#39;t get current server API group list: the server could not find the requested resource&#34;&#xA;E1013 18:54:50.800664   46353 memcache.go:265] &#34;Unhandled Error&#34; err=&#34;couldn&#39;t get current server API group list: the server could not find the requested resource&#34;&#xA;E1013 18:54:51.038130   46353 memcache.go:265] &#34;Unhandled Error&#34; err=&#34;couldn&#39;t get current server API group list: the server could not find the requested resource&#34;&#xA;E1013 18:54:51.264347   46353 memcache.go:265] &#34;Unhandled Error&#34; err=&#34;couldn&#39;t get current server API group list: the server could not find the requested resource&#34;&#xA;E1013 18:54:51.489648   46353 memcache.go:265] &#34;Unhandled Error&#34; err=&#34;couldn&#39;t get current server API group list: the server could not find the requested resource&#34;&#xA;Error from server (NotFound): the server could not find the requested resource&#xA;&#xA;&#xA;Failed to get PodList:&#xA;cmd: kubectl get pod --namespace head-5073ae15-end-to-end-vm-label-annotation -o json -l &#39;testcase=vm-label-annotation&#39;&#xA;stderr: E1013 18:54:52.233910   46354 memcache.go:265] &#34;Unhandled Error&#34; err=&#34;couldn&#39;t get current server API group list: the server could not find the requested resource&#34;&#xA;E1013 18:54:52.485413   46354 memcache.go:265] &#34;Unhandled Error&#34; err=&#34;couldn&#39;t get current server API group list: the server could not find the requested resource&#34;&#xA;E1013 18:54:52.724512   46354 memcache.go:265] &#34;Unhandled Error&#34; err=&#34;couldn&#39;t get current server API group list: the server could not find the requested resource&#34;&#xA;E1013 18:54:52.959130   46354 memcache.go:265] &#34;Unhandled Error&#34; err=&#34;couldn&#39;t get current server API group list: the server could not find the requested resource&#34;&#xA;E1013 18:54:53.193024   46354 memcache.go:265] &#34;Unhandled Error&#34; err=&#34;couldn&#39;t get current server API group list: the server could not find the requested resource&#34;&#xA;E1013 18:54:53.423917   46354 memcache.go:265] &#34;Unhandled Error&#34; err=&#34;couldn&#39;t get current server API group list: the server could not find the requested resource&#34;&#xA;Error from server (NotFound): Unable to find &#34;/v1, Resource=pods&#34; that match label selector &#34;testcase=vm-label-annotation&#34;, field selector &#34;&#34;: the server could not find the requested resource (get pods)&#xA;&#xA;The list of pods is empty; nothing to dump.&#xA;&lt; Exit [AfterEach] VirtualMachineLabelAndAnnotation - /Users/antont/ansible_deckhouse/virtualization-full/tests/e2e/vm_label_annotation_test.go:57 @ 10/13/25 18:54:53.552 (6.716s)&#xA;</system-err>
          </testcase>
          <testcase name="[It] VirtualMachineLabelAndAnnotation When virtual images are applied checks VIs phases" classname="Tests" status="skipped" time="0">
              <skipped message="skipped - Spec skipped because an earlier spec in an ordered container failed"></skipped>
              <system-err>[SKIPPED] Spec skipped because an earlier spec in an ordered container failed&#xA;In [It] at: /Users/antont/ansible_deckhouse/virtualization-full/tests/e2e/vm_label_annotation_test.go:74 @ 10/13/25 18:54:53.552&#xA;</system-err>
          </testcase>
          <testcase name="[It] VirtualMachineLabelAndAnnotation When virtual disks are applied checks VDs phases" classname="Tests" status="skipped" time="0">
              <skipped message="skipped - Spec skipped because an earlier spec in an ordered container failed"></skipped>
              <system-err>[SKIPPED] Spec skipped because an earlier spec in an ordered container failed&#xA;In [It] at: /Users/antont/ansible_deckhouse/virtualization-full/tests/e2e/vm_label_annotation_test.go:85 @ 10/13/25 18:54:53.552&#xA;</system-err>
          </testcase>
          <testcase name="[It] VirtualMachineLabelAndAnnotation When virtual machines are applied checks VMs phases" classname="Tests" status="skipped" time="0">
              <skipped message="skipped - Spec skipped because an earlier spec in an ordered container failed"></skipped>
              <system-err>[SKIPPED] Spec skipped because an earlier spec in an ordered container failed&#xA;In [It] at: /Users/antont/ansible_deckhouse/virtualization-full/tests/e2e/vm_label_annotation_test.go:96 @ 10/13/25 18:54:53.552&#xA;</system-err>
          </testcase>
          <testcase name="[It] VirtualMachineLabelAndAnnotation When virtual machine is running marks VMs with label map[&#34;specialKey&#34;:&#34;specialValue&#34;]" classname="Tests" status="skipped" time="0">
              <skipped message="skipped - Spec skipped because an earlier spec in an ordered container failed"></skipped>
              <system-err>[SKIPPED] Spec skipped because an earlier spec in an ordered container failed&#xA;In [It] at: /Users/antont/ansible_deckhouse/virtualization-full/tests/e2e/vm_label_annotation_test.go:107 @ 10/13/25 18:54:53.552&#xA;</system-err>
          </testcase>
          <testcase name="[It] VirtualMachineLabelAndAnnotation When virtual machine is running checks VMs and pods labels after VMs labeling" classname="Tests" status="skipped" time="0">
              <skipped message="skipped - Spec skipped because an earlier spec in an ordered container failed"></skipped>
              <system-err>[SKIPPED] Spec skipped because an earlier spec in an ordered container failed&#xA;In [It] at: /Users/antont/ansible_deckhouse/virtualization-full/tests/e2e/vm_label_annotation_test.go:120 @ 10/13/25 18:54:53.552&#xA;</system-err>
          </testcase>
          <testcase name="[It] VirtualMachineLabelAndAnnotation When virtual machine is running removes label map[specialKey:specialValue] from VMs" classname="Tests" status="skipped" time="0">
              <skipped message="skipped - Spec skipped because an earlier spec in an ordered container failed"></skipped>
              <system-err>[SKIPPED] Spec skipped because an earlier spec in an ordered container failed&#xA;In [It] at: /Users/antont/ansible_deckhouse/virtualization-full/tests/e2e/vm_label_annotation_test.go:152 @ 10/13/25 18:54:53.553&#xA;</system-err>
          </testcase>
          <testcase name="[It] VirtualMachineLabelAndAnnotation When virtual machine is running checks VMs and pods labels after VMs unlabeling" classname="Tests" status="skipped" time="0">
              <skipped message="skipped - Spec skipped because an earlier spec in an ordered container failed"></skipped>
              <system-err>[SKIPPED] Spec skipped because an earlier spec in an ordered container failed&#xA;In [It] at: /Users/antont/ansible_deckhouse/virtualization-full/tests/e2e/vm_label_annotation_test.go:165 @ 10/13/25 18:54:53.553&#xA;</system-err>
          </testcase>
          <testcase name="[It] VirtualMachineLabelAndAnnotation Annotate `VirtualMachines` in Running phase marks VMs with annotation map[&#34;specialKey&#34;:&#34;specialValue&#34;]" classname="Tests" status="skipped" time="0">
              <skipped message="skipped - Spec skipped because an earlier spec in an ordered container failed"></skipped>
              <system-err>[SKIPPED] Spec skipped because an earlier spec in an ordered container failed&#xA;In [It] at: /Users/antont/ansible_deckhouse/virtualization-full/tests/e2e/vm_label_annotation_test.go:199 @ 10/13/25 18:54:53.553&#xA;</system-err>
          </testcase>
          <testcase name="[It] VirtualMachineLabelAndAnnotation Annotate `VirtualMachines` in Running phase checks VMs and pods annotations after VMs annotating" classname="Tests" status="skipped" time="0">
              <skipped message="skipped - Spec skipped because an earlier spec in an ordered container failed"></skipped>
              <system-err>[SKIPPED] Spec skipped because an earlier spec in an ordered container failed&#xA;In [It] at: /Users/antont/ansible_deckhouse/virtualization-full/tests/e2e/vm_label_annotation_test.go:212 @ 10/13/25 18:54:53.553&#xA;</system-err>
          </testcase>
          <testcase name="[It] VirtualMachineLabelAndAnnotation Annotate `VirtualMachines` in Running phase removes annotation map[specialKey:specialValue] from VMs" classname="Tests" status="skipped" time="0">
              <skipped message="skipped - Spec skipped because an earlier spec in an ordered container failed"></skipped>
              <system-err>[SKIPPED] Spec skipped because an earlier spec in an ordered container failed&#xA;In [It] at: /Users/antont/ansible_deckhouse/virtualization-full/tests/e2e/vm_label_annotation_test.go:244 @ 10/13/25 18:54:53.553&#xA;</system-err>
          </testcase>
          <testcase name="[It] VirtualMachineLabelAndAnnotation Annotate `VirtualMachines` in Running phase checks VMs and pods annotations after VMs unannotating" classname="Tests" status="skipped" time="0">
              <skipped message="skipped - Spec skipped because an earlier spec in an ordered container failed"></skipped>
              <system-err>[SKIPPED] Spec skipped because an earlier spec in an ordered container failed&#xA;In [It] at: /Users/antont/ansible_deckhouse/virtualization-full/tests/e2e/vm_label_annotation_test.go:257 @ 10/13/25 18:54:53.553&#xA;</system-err>
          </testcase>
          <testcase name="[It] VirtualMachineLabelAndAnnotation When test is completed deletes test case resources" classname="Tests" status="skipped" time="0">
              <skipped message="skipped - Spec skipped because an earlier spec in an ordered container failed"></skipped>
              <system-err>[SKIPPED] Spec skipped because an earlier spec in an ordered container failed&#xA;In [It] at: /Users/antont/ansible_deckhouse/virtualization-full/tests/e2e/vm_label_annotation_test.go:291 @ 10/13/25 18:54:53.553&#xA;</system-err>
          </testcase>
          <testcase name="[SynchronizedAfterSuite]" classname="Tests" status="failed" time="0.569093458">
              <failure message="Expected success, but got an error:&#xA;    &lt;*errors.StatusError | 0x14000627d60&gt;: &#xA;    the server could not find the requested resource (get pods)&#xA;    {&#xA;        ErrStatus: {&#xA;            TypeMeta: {Kind: &#34;&#34;, APIVersion: &#34;&#34;},&#xA;            ListMeta: {&#xA;                SelfLink: &#34;&#34;,&#xA;                ResourceVersion: &#34;&#34;,&#xA;                Continue: &#34;&#34;,&#xA;                RemainingItemCount: nil,&#xA;            },&#xA;            Status: &#34;Failure&#34;,&#xA;            Message: &#34;the server could not find the requested resource (get pods)&#34;,&#xA;            Reason: &#34;NotFound&#34;,&#xA;            Details: {&#xA;                Name: &#34;&#34;,&#xA;                Group: &#34;&#34;,&#xA;                Kind: &#34;pods&#34;,&#xA;                UID: &#34;&#34;,&#xA;                Causes: [&#xA;                    {&#xA;                        Type: &#34;UnexpectedServerResponse&#34;,&#xA;                        Message: &#34;&lt;html&gt;\r\n&lt;head&gt;&lt;title&gt;404 Not Found&lt;/title&gt;&lt;/head&gt;\r\n&lt;body&gt;\r\n&lt;center&gt;&lt;h1&gt;404 Not Found&lt;/h1&gt;&lt;/center&gt;\r\n&lt;hr&gt;&lt;center&gt;nginx&lt;/center&gt;\r\n&lt;/body&gt;\r\n&lt;/html&gt;&#34;,&#xA;                        Field: &#34;&#34;,&#xA;                    },&#xA;                ],&#xA;                RetryAfterSeconds: 0,&#xA;            },&#xA;            Code: 404,&#xA;        },&#xA;    }" type="failed">[FAILED] Expected success, but got an error:&#xA;    &lt;*errors.StatusError | 0x14000627d60&gt;: &#xA;    the server could not find the requested resource (get pods)&#xA;    {&#xA;        ErrStatus: {&#xA;            TypeMeta: {Kind: &#34;&#34;, APIVersion: &#34;&#34;},&#xA;            ListMeta: {&#xA;                SelfLink: &#34;&#34;,&#xA;                ResourceVersion: &#34;&#34;,&#xA;                Continue: &#34;&#34;,&#xA;                RemainingItemCount: nil,&#xA;            },&#xA;            Status: &#34;Failure&#34;,&#xA;            Message: &#34;the server could not find the requested resource (get pods)&#34;,&#xA;            Reason: &#34;NotFound&#34;,&#xA;            Details: {&#xA;                Name: &#34;&#34;,&#xA;                Group: &#34;&#34;,&#xA;                Kind: &#34;pods&#34;,&#xA;                UID: &#34;&#34;,&#xA;                Causes: [&#xA;                    {&#xA;                        Type: &#34;UnexpectedServerResponse&#34;,&#xA;                        Message: &#34;&lt;html&gt;\r\n&lt;head&gt;&lt;title&gt;404 Not Found&lt;/title&gt;&lt;/head&gt;\r\n&lt;body&gt;\r\n&lt;center&gt;&lt;h1&gt;404 Not Found&lt;/h1&gt;&lt;/center&gt;\r\n&lt;hr&gt;&lt;center&gt;nginx&lt;/center&gt;\r\n&lt;/body&gt;\r\n&lt;/html&gt;&#34;,&#xA;                        Field: &#34;&#34;,&#xA;                    },&#xA;                ],&#xA;                RetryAfterSeconds: 0,&#xA;            },&#xA;            Code: 404,&#xA;        },&#xA;    }&#xA;In [SynchronizedAfterSuite] at: /Users/antont/ansible_deckhouse/virtualization-full/tests/e2e/e2e_test.go:183 @ 10/13/25 18:54:54.122&#xA;</failure>
              <system-err>&gt; Enter [SynchronizedAfterSuite] TOP-LEVEL - /Users/antont/ansible_deckhouse/virtualization-full/tests/e2e/e2e_test.go:182 @ 10/13/25 18:54:53.553&#xA;&lt; Exit [SynchronizedAfterSuite] TOP-LEVEL - /Users/antont/ansible_deckhouse/virtualization-full/tests/e2e/e2e_test.go:182 @ 10/13/25 18:54:53.553 (0s)&#xA;&gt; Enter [SynchronizedAfterSuite] TOP-LEVEL - /Users/antont/ansible_deckhouse/virtualization-full/tests/e2e/e2e_test.go:182 @ 10/13/25 18:54:53.553&#xA;[FAILED] Expected success, but got an error:&#xA;    &lt;*errors.StatusError | 0x14000627d60&gt;: &#xA;    the server could not find the requested resource (get pods)&#xA;    {&#xA;        ErrStatus: {&#xA;            TypeMeta: {Kind: &#34;&#34;, APIVersion: &#34;&#34;},&#xA;            ListMeta: {&#xA;                SelfLink: &#34;&#34;,&#xA;                ResourceVersion: &#34;&#34;,&#xA;                Continue: &#34;&#34;,&#xA;                RemainingItemCount: nil,&#xA;            },&#xA;            Status: &#34;Failure&#34;,&#xA;            Message: &#34;the server could not find the requested resource (get pods)&#34;,&#xA;            Reason: &#34;NotFound&#34;,&#xA;            Details: {&#xA;                Name: &#34;&#34;,&#xA;                Group: &#34;&#34;,&#xA;                Kind: &#34;pods&#34;,&#xA;                UID: &#34;&#34;,&#xA;                Causes: [&#xA;                    {&#xA;                        Type: &#34;UnexpectedServerResponse&#34;,&#xA;                        Message: &#34;&lt;html&gt;\r\n&lt;head&gt;&lt;title&gt;404 Not Found&lt;/title&gt;&lt;/head&gt;\r\n&lt;body&gt;\r\n&lt;center&gt;&lt;h1&gt;404 Not Found&lt;/h1&gt;&lt;/center&gt;\r\n&lt;hr&gt;&lt;center&gt;nginx&lt;/center&gt;\r\n&lt;/body&gt;\r\n&lt;/html&gt;&#34;,&#xA;                        Field: &#34;&#34;,&#xA;                    },&#xA;                ],&#xA;                RetryAfterSeconds: 0,&#xA;            },&#xA;            Code: 404,&#xA;        },&#xA;    }&#xA;In [SynchronizedAfterSuite] at: /Users/antont/ansible_deckhouse/virtualization-full/tests/e2e/e2e_test.go:183 @ 10/13/25 18:54:54.122&#xA;&lt; Exit [SynchronizedAfterSuite] TOP-LEVEL - /Users/antont/ansible_deckhouse/virtualization-full/tests/e2e/e2e_test.go:182 @ 10/13/25 18:54:54.122 (569ms)&#xA;</system-err>
          </testcase>
          <testcase name="[DeferCleanup (Suite)]" classname="Tests" status="failed" time="0.112146917">
              <failure message="Expected success, but got an error:&#xA;    &lt;*errors.StatusError | 0x14000033900&gt;: &#xA;    the server could not find the requested resource (get projects.deckhouse.io)&#xA;    {&#xA;        ErrStatus: {&#xA;            TypeMeta: {Kind: &#34;&#34;, APIVersion: &#34;&#34;},&#xA;            ListMeta: {&#xA;                SelfLink: &#34;&#34;,&#xA;                ResourceVersion: &#34;&#34;,&#xA;                Continue: &#34;&#34;,&#xA;                RemainingItemCount: nil,&#xA;            },&#xA;            Status: &#34;Failure&#34;,&#xA;            Message: &#34;the server could not find the requested resource (get projects.deckhouse.io)&#34;,&#xA;            Reason: &#34;NotFound&#34;,&#xA;            Details: {&#xA;                Name: &#34;&#34;,&#xA;                Group: &#34;deckhouse.io&#34;,&#xA;                Kind: &#34;projects&#34;,&#xA;                UID: &#34;&#34;,&#xA;                Causes: [&#xA;                    {&#xA;                        Type: &#34;UnexpectedServerResponse&#34;,&#xA;                        Message: &#34;&lt;html&gt;\r\n&lt;head&gt;&lt;title&gt;404 Not Found&lt;/title&gt;&lt;/head&gt;\r\n&lt;body&gt;\r\n&lt;center&gt;&lt;h1&gt;404 Not Found&lt;/h1&gt;&lt;/center&gt;\r\n&lt;hr&gt;&lt;center&gt;nginx&lt;/center&gt;\r\n&lt;/body&gt;\r\n&lt;/html&gt;&#34;,&#xA;                        Field: &#34;&#34;,&#xA;                    },&#xA;                ],&#xA;                RetryAfterSeconds: 0,&#xA;            },&#xA;            Code: 404,&#xA;        },&#xA;    }" type="failed">[FAILED] Expected success, but got an error:&#xA;    &lt;*errors.StatusError | 0x14000033900&gt;: &#xA;    the server could not find the requested resource (get projects.deckhouse.io)&#xA;    {&#xA;        ErrStatus: {&#xA;            TypeMeta: {Kind: &#34;&#34;, APIVersion: &#34;&#34;},&#xA;            ListMeta: {&#xA;                SelfLink: &#34;&#34;,&#xA;                ResourceVersion: &#34;&#34;,&#xA;                Continue: &#34;&#34;,&#xA;                RemainingItemCount: nil,&#xA;            },&#xA;            Status: &#34;Failure&#34;,&#xA;            Message: &#34;the server could not find the requested resource (get projects.deckhouse.io)&#34;,&#xA;            Reason: &#34;NotFound&#34;,&#xA;            Details: {&#xA;                Name: &#34;&#34;,&#xA;                Group: &#34;deckhouse.io&#34;,&#xA;                Kind: &#34;projects&#34;,&#xA;                UID: &#34;&#34;,&#xA;                Causes: [&#xA;                    {&#xA;                        Type: &#34;UnexpectedServerResponse&#34;,&#xA;                        Message: &#34;&lt;html&gt;\r\n&lt;head&gt;&lt;title&gt;404 Not Found&lt;/title&gt;&lt;/head&gt;\r\n&lt;body&gt;\r\n&lt;center&gt;&lt;h1&gt;404 Not Found&lt;/h1&gt;&lt;/center&gt;\r\n&lt;hr&gt;&lt;center&gt;nginx&lt;/center&gt;\r\n&lt;/body&gt;\r\n&lt;/html&gt;&#34;,&#xA;                        Field: &#34;&#34;,&#xA;                    },&#xA;                ],&#xA;                RetryAfterSeconds: 0,&#xA;            },&#xA;            Code: 404,&#xA;        },&#xA;    }&#xA;In [DeferCleanup (Suite)] at: /Users/antont/ansible_deckhouse/virtualization-full/tests/e2e/e2e_test.go:177 @ 10/13/25 18:54:54.235&#xA;</failure>
              <system-err>&gt; Enter [DeferCleanup (Suite)] TOP-LEVEL - /Users/antont/ansible_deckhouse/virtualization-full/tests/e2e/e2e_test.go:175 @ 10/13/25 18:54:54.123&#xA;[FAILED] Expected success, but got an error:&#xA;    &lt;*errors.StatusError | 0x14000033900&gt;: &#xA;    the server could not find the requested resource (get projects.deckhouse.io)&#xA;    {&#xA;        ErrStatus: {&#xA;            TypeMeta: {Kind: &#34;&#34;, APIVersion: &#34;&#34;},&#xA;            ListMeta: {&#xA;                SelfLink: &#34;&#34;,&#xA;                ResourceVersion: &#34;&#34;,&#xA;                Continue: &#34;&#34;,&#xA;                RemainingItemCount: nil,&#xA;            },&#xA;            Status: &#34;Failure&#34;,&#xA;            Message: &#34;the server could not find the requested resource (get projects.deckhouse.io)&#34;,&#xA;            Reason: &#34;NotFound&#34;,&#xA;            Details: {&#xA;                Name: &#34;&#34;,&#xA;                Group: &#34;deckhouse.io&#34;,&#xA;                Kind: &#34;projects&#34;,&#xA;                UID: &#34;&#34;,&#xA;                Causes: [&#xA;                    {&#xA;                        Type: &#34;UnexpectedServerResponse&#34;,&#xA;                        Message: &#34;&lt;html&gt;\r\n&lt;head&gt;&lt;title&gt;404 Not Found&lt;/title&gt;&lt;/head&gt;\r\n&lt;body&gt;\r\n&lt;center&gt;&lt;h1&gt;404 Not Found&lt;/h1&gt;&lt;/center&gt;\r\n&lt;hr&gt;&lt;center&gt;nginx&lt;/center&gt;\r\n&lt;/body&gt;\r\n&lt;/html&gt;&#34;,&#xA;                        Field: &#34;&#34;,&#xA;                    },&#xA;                ],&#xA;                RetryAfterSeconds: 0,&#xA;            },&#xA;            Code: 404,&#xA;        },&#xA;    }&#xA;In [DeferCleanup (Suite)] at: /Users/antont/ansible_deckhouse/virtualization-full/tests/e2e/e2e_test.go:177 @ 10/13/25 18:54:54.235&#xA;&lt; Exit [DeferCleanup (Suite)] TOP-LEVEL - /Users/antont/ansible_deckhouse/virtualization-full/tests/e2e/e2e_test.go:175 @ 10/13/25 18:54:54.235 (112ms)&#xA;</system-err>
          </testcase>
      </testsuite>
  </testsuites>