<?xml version="1.0" encoding="UTF-8"?>
  <testsuites tests="214" disabled="200" errors="0" failures="4" time="1806.793013833">
      <testsuite name="Tests" package="/Users/antont/ansible_deckhouse/virtualization-full/tests/e2e" tests="214" disabled="0" skipped="200" errors="0" failures="4" time="1806.793013833" timestamp="2025-10-07T08:44:06">
          <properties>
              <property name="SuiteSucceeded" value="false"></property>
              <property name="SuiteHasProgrammaticFocus" value="false"></property>
              <property name="SpecialSuiteFailureReason" value="Suite Timeout Elapsed"></property>
              <property name="SuiteLabels" value="[]"></property>
              <property name="RandomSeed" value="1759815832"></property>
              <property name="RandomizeAllSpecs" value="false"></property>
              <property name="LabelFilter" value=""></property>
              <property name="FocusStrings" value=""></property>
              <property name="SkipStrings" value="VirtualImageCreation|ImageHotplug"></property>
              <property name="FocusFiles" value=""></property>
              <property name="SkipFiles" value=""></property>
              <property name="FailOnPending" value="false"></property>
              <property name="FailOnEmpty" value="false"></property>
              <property name="FailFast" value="false"></property>
              <property name="FlakeAttempts" value="0"></property>
              <property name="DryRun" value="false"></property>
              <property name="ParallelTotal" value="1"></property>
              <property name="OutputInterceptorMode" value=""></property>
          </properties>
          <testcase name="[SynchronizedBeforeSuite]" classname="Tests" status="passed" time="5.024922666">
              <system-err>&gt; Enter [SynchronizedBeforeSuite] TOP-LEVEL - /Users/antont/ansible_deckhouse/virtualization-full/tests/e2e/e2e_test.go:137 @ 10/07/25 08:44:06.103&#xA;&lt; Exit [SynchronizedBeforeSuite] TOP-LEVEL - /Users/antont/ansible_deckhouse/virtualization-full/tests/e2e/e2e_test.go:137 @ 10/07/25 08:44:11.127 (5.025s)&#xA;&gt; Enter [SynchronizedBeforeSuite] TOP-LEVEL - /Users/antont/ansible_deckhouse/virtualization-full/tests/e2e/e2e_test.go:137 @ 10/07/25 08:44:11.127&#xA;&lt; Exit [SynchronizedBeforeSuite] TOP-LEVEL - /Users/antont/ansible_deckhouse/virtualization-full/tests/e2e/e2e_test.go:137 @ 10/07/25 08:44:11.127 (0s)&#xA;</system-err>
          </testcase>
          <testcase name="[It] ComplexTest When virtualization resources are applied result should be succeeded [Serial]" classname="Tests" status="passed" time="30.079716667">
              <system-err>&gt; Enter [BeforeAll] ComplexTest - /Users/antont/ansible_deckhouse/virtualization-full/tests/e2e/complex_test.go:51 @ 10/07/25 08:44:11.13&#xA;&lt; Exit [BeforeAll] ComplexTest - /Users/antont/ansible_deckhouse/virtualization-full/tests/e2e/complex_test.go:51 @ 10/07/25 08:44:13.122 (1.991s)&#xA;&gt; Enter [It] result should be succeeded - /Users/antont/ansible_deckhouse/virtualization-full/tests/e2e/complex_test.go:61 @ 10/07/25 08:44:13.122&#xA;&lt; Exit [It] result should be succeeded - /Users/antont/ansible_deckhouse/virtualization-full/tests/e2e/complex_test.go:61 @ 10/07/25 08:44:41.21 (28.088s)&#xA;&gt; Enter [AfterEach] ComplexTest - /Users/antont/ansible_deckhouse/virtualization-full/tests/e2e/complex_test.go:45 @ 10/07/25 08:44:41.21&#xA;&lt; Exit [AfterEach] ComplexTest - /Users/antont/ansible_deckhouse/virtualization-full/tests/e2e/complex_test.go:45 @ 10/07/25 08:44:41.21 (0s)&#xA;</system-err>
          </testcase>
          <testcase name="[It] ComplexTest When virtualization resources are applied should fill empty virtualMachineClassName with the default class name [Serial]" classname="Tests" status="passed" time="1.122267125">
              <system-err>&gt; Enter [It] should fill empty virtualMachineClassName with the default class name - /Users/antont/ansible_deckhouse/virtualization-full/tests/e2e/complex_test.go:82 @ 10/07/25 08:44:41.21&#xA;&lt; Exit [It] should fill empty virtualMachineClassName with the default class name - /Users/antont/ansible_deckhouse/virtualization-full/tests/e2e/complex_test.go:82 @ 10/07/25 08:44:42.333 (1.122s)&#xA;&gt; Enter [AfterEach] ComplexTest - /Users/antont/ansible_deckhouse/virtualization-full/tests/e2e/complex_test.go:45 @ 10/07/25 08:44:42.333&#xA;&lt; Exit [AfterEach] ComplexTest - /Users/antont/ansible_deckhouse/virtualization-full/tests/e2e/complex_test.go:45 @ 10/07/25 08:44:42.333 (0s)&#xA;</system-err>
          </testcase>
          <testcase name="[It] ComplexTest When virtual images are applied checks VIs phases [Serial]" classname="Tests" status="passed" time="1.39229275">
              <system-err>&gt; Enter [It] checks VIs phases - /Users/antont/ansible_deckhouse/virtualization-full/tests/e2e/complex_test.go:97 @ 10/07/25 08:44:42.333&#xA;STEP: VIs should be in Ready phases - /Users/antont/ansible_deckhouse/virtualization-full/tests/e2e/complex_test.go:98 @ 10/07/25 08:44:42.333&#xA;&lt; Exit [It] checks VIs phases - /Users/antont/ansible_deckhouse/virtualization-full/tests/e2e/complex_test.go:97 @ 10/07/25 08:44:43.725 (1.392s)&#xA;&gt; Enter [AfterEach] ComplexTest - /Users/antont/ansible_deckhouse/virtualization-full/tests/e2e/complex_test.go:45 @ 10/07/25 08:44:43.725&#xA;&lt; Exit [AfterEach] ComplexTest - /Users/antont/ansible_deckhouse/virtualization-full/tests/e2e/complex_test.go:45 @ 10/07/25 08:44:43.725 (0s)&#xA;</system-err>
          </testcase>
          <testcase name="[It] ComplexTest When cluster virtual images are applied checks CVIs phases [Serial]" classname="Tests" status="passed" time="1.156847041">
              <system-err>&gt; Enter [It] checks CVIs phases - /Users/antont/ansible_deckhouse/virtualization-full/tests/e2e/complex_test.go:108 @ 10/07/25 08:44:43.725&#xA;STEP: CVIs should be in Ready phases - /Users/antont/ansible_deckhouse/virtualization-full/tests/e2e/complex_test.go:109 @ 10/07/25 08:44:43.725&#xA;&lt; Exit [It] checks CVIs phases - /Users/antont/ansible_deckhouse/virtualization-full/tests/e2e/complex_test.go:108 @ 10/07/25 08:44:44.882 (1.157s)&#xA;&gt; Enter [AfterEach] ComplexTest - /Users/antont/ansible_deckhouse/virtualization-full/tests/e2e/complex_test.go:45 @ 10/07/25 08:44:44.882&#xA;&lt; Exit [AfterEach] ComplexTest - /Users/antont/ansible_deckhouse/virtualization-full/tests/e2e/complex_test.go:45 @ 10/07/25 08:44:44.882 (0s)&#xA;</system-err>
          </testcase>
          <testcase name="[It] ComplexTest When virtual machine classes are applied checks VMClasses phases [Serial]" classname="Tests" status="passed" time="1.312673083">
              <system-err>&gt; Enter [It] checks VMClasses phases - /Users/antont/ansible_deckhouse/virtualization-full/tests/e2e/complex_test.go:119 @ 10/07/25 08:44:44.882&#xA;STEP: VMClasses should be in Ready phases - /Users/antont/ansible_deckhouse/virtualization-full/tests/e2e/complex_test.go:120 @ 10/07/25 08:44:44.882&#xA;&lt; Exit [It] checks VMClasses phases - /Users/antont/ansible_deckhouse/virtualization-full/tests/e2e/complex_test.go:119 @ 10/07/25 08:44:46.195 (1.313s)&#xA;&gt; Enter [AfterEach] ComplexTest - /Users/antont/ansible_deckhouse/virtualization-full/tests/e2e/complex_test.go:45 @ 10/07/25 08:44:46.195&#xA;&lt; Exit [AfterEach] ComplexTest - /Users/antont/ansible_deckhouse/virtualization-full/tests/e2e/complex_test.go:45 @ 10/07/25 08:44:46.195 (0s)&#xA;</system-err>
          </testcase>
          <testcase name="[It] ComplexTest When virtual machines IP addresses are applied patches custom VMIP with unassigned address [Serial]" classname="Tests" status="failed" time="348.518294333">
              <failure message="Timed out after 343.863s.&#xA;Expected success, but got an error:&#xA;    &lt;*errors.errorString | 0x14000666030&gt;: &#xA;    cannot patch VMIP &#34;head-45bdb83d-vm-custom-ip&#34; with unnassigned IP address&#xA;    error: timed out waiting for the condition on virtualmachineipaddresses/head-45bdb83d-vm-custom-ip&#xA;    &#xA;    {&#xA;        s: &#34;cannot patch VMIP \&#34;head-45bdb83d-vm-custom-ip\&#34; with unnassigned IP address\nerror: timed out waiting for the condition on virtualmachineipaddresses/head-45bdb83d-vm-custom-ip\n&#34;,&#xA;    }" type="failed">[FAILED] Timed out after 343.863s.&#xA;Expected success, but got an error:&#xA;    &lt;*errors.errorString | 0x14000666030&gt;: &#xA;    cannot patch VMIP &#34;head-45bdb83d-vm-custom-ip&#34; with unnassigned IP address&#xA;    error: timed out waiting for the condition on virtualmachineipaddresses/head-45bdb83d-vm-custom-ip&#xA;    &#xA;    {&#xA;        s: &#34;cannot patch VMIP \&#34;head-45bdb83d-vm-custom-ip\&#34; with unnassigned IP address\nerror: timed out waiting for the condition on virtualmachineipaddresses/head-45bdb83d-vm-custom-ip\n&#34;,&#xA;    }&#xA;In [It] at: /Users/antont/ansible_deckhouse/virtualization-full/tests/e2e/complex_test.go:134 @ 10/07/25 08:50:30.01&#xA;</failure>
              <system-err>&gt; Enter [It] patches custom VMIP with unassigned address - /Users/antont/ansible_deckhouse/virtualization-full/tests/e2e/complex_test.go:130 @ 10/07/25 08:44:46.195&#xA;[FAILED] Timed out after 343.863s.&#xA;Expected success, but got an error:&#xA;    &lt;*errors.errorString | 0x14000666030&gt;: &#xA;    cannot patch VMIP &#34;head-45bdb83d-vm-custom-ip&#34; with unnassigned IP address&#xA;    error: timed out waiting for the condition on virtualmachineipaddresses/head-45bdb83d-vm-custom-ip&#xA;    &#xA;    {&#xA;        s: &#34;cannot patch VMIP \&#34;head-45bdb83d-vm-custom-ip\&#34; with unnassigned IP address\nerror: timed out waiting for the condition on virtualmachineipaddresses/head-45bdb83d-vm-custom-ip\n&#34;,&#xA;    }&#xA;In [It] at: /Users/antont/ansible_deckhouse/virtualization-full/tests/e2e/complex_test.go:134 @ 10/07/25 08:50:30.01&#xA;&lt; Exit [It] patches custom VMIP with unassigned address - /Users/antont/ansible_deckhouse/virtualization-full/tests/e2e/complex_test.go:130 @ 10/07/25 08:50:30.01 (5m43.864s)&#xA;&gt; Enter [AfterEach] ComplexTest - /Users/antont/ansible_deckhouse/virtualization-full/tests/e2e/complex_test.go:45 @ 10/07/25 08:50:30.01&#xA;&lt; Exit [AfterEach] ComplexTest - /Users/antont/ansible_deckhouse/virtualization-full/tests/e2e/complex_test.go:45 @ 10/07/25 08:50:34.664 (4.654s)&#xA;</system-err>
          </testcase>
          <testcase name="[It] ComplexTest When virtual machines IP addresses are applied checks VMIPs phases [Serial]" classname="Tests" status="skipped" time="0">
              <skipped message="skipped - Spec skipped because an earlier spec in an ordered container failed"></skipped>
              <system-err>[SKIPPED] Spec skipped because an earlier spec in an ordered container failed&#xA;In [It] at: /Users/antont/ansible_deckhouse/virtualization-full/tests/e2e/complex_test.go:137 @ 10/07/25 08:50:34.665&#xA;</system-err>
          </testcase>
          <testcase name="[It] ComplexTest When virtual disks are applied checks VDs phases with consumers [Serial]" classname="Tests" status="skipped" time="0">
              <skipped message="skipped - Spec skipped because an earlier spec in an ordered container failed"></skipped>
              <system-err>[SKIPPED] Spec skipped because an earlier spec in an ordered container failed&#xA;In [It] at: /Users/antont/ansible_deckhouse/virtualization-full/tests/e2e/complex_test.go:148 @ 10/07/25 08:50:34.665&#xA;</system-err>
          </testcase>
          <testcase name="[It] ComplexTest When virtual disks are applied checks VDs phases with no consumers [Serial]" classname="Tests" status="skipped" time="0">
              <skipped message="skipped - Spec skipped because an earlier spec in an ordered container failed"></skipped>
              <system-err>[SKIPPED] Spec skipped because an earlier spec in an ordered container failed&#xA;In [It] at: /Users/antont/ansible_deckhouse/virtualization-full/tests/e2e/complex_test.go:158 @ 10/07/25 08:50:34.665&#xA;</system-err>
          </testcase>
          <testcase name="[It] ComplexTest When virtual machines are applied checks VMs phases [Serial]" classname="Tests" status="skipped" time="0">
              <skipped message="skipped - Spec skipped because an earlier spec in an ordered container failed"></skipped>
              <system-err>[SKIPPED] Spec skipped because an earlier spec in an ordered container failed&#xA;In [It] at: /Users/antont/ansible_deckhouse/virtualization-full/tests/e2e/complex_test.go:169 @ 10/07/25 08:50:34.665&#xA;</system-err>
          </testcase>
          <testcase name="[It] ComplexTest When virtual machine block device attachments are applied checks VMBDAs phases [Serial]" classname="Tests" status="skipped" time="0">
              <skipped message="skipped - Spec skipped because an earlier spec in an ordered container failed"></skipped>
              <system-err>[SKIPPED] Spec skipped because an earlier spec in an ordered container failed&#xA;In [It] at: /Users/antont/ansible_deckhouse/virtualization-full/tests/e2e/complex_test.go:180 @ 10/07/25 08:50:34.665&#xA;</system-err>
          </testcase>
          <testcase name="[It] ComplexTest External connection When Virtual machine agents are ready checks VMs external connectivity [Serial]" classname="Tests" status="skipped" time="0">
              <skipped message="skipped - Spec skipped because an earlier spec in an ordered container failed"></skipped>
              <system-err>[SKIPPED] Spec skipped because an earlier spec in an ordered container failed&#xA;In [It] at: /Users/antont/ansible_deckhouse/virtualization-full/tests/e2e/complex_test.go:192 @ 10/07/25 08:50:34.665&#xA;</system-err>
          </testcase>
          <testcase name="[It] ComplexTest Power state checks Verify that the virtual machines are stopping by VMOPs stops VMs by VMOPs [Serial]" classname="Tests" status="skipped" time="0">
              <skipped message="skipped - Spec skipped because an earlier spec in an ordered container failed"></skipped>
              <system-err>[SKIPPED] Spec skipped because an earlier spec in an ordered container failed&#xA;In [It] at: /Users/antont/ansible_deckhouse/virtualization-full/tests/e2e/complex_test.go:216 @ 10/07/25 08:50:34.665&#xA;</system-err>
          </testcase>
          <testcase name="[It] ComplexTest Power state checks Verify that the virtual machines are stopping by VMOPs checks VMOPs and VMs phases [Serial]" classname="Tests" status="skipped" time="0">
              <skipped message="skipped - Spec skipped because an earlier spec in an ordered container failed"></skipped>
              <system-err>[SKIPPED] Spec skipped because an earlier spec in an ordered container failed&#xA;In [It] at: /Users/antont/ansible_deckhouse/virtualization-full/tests/e2e/complex_test.go:240 @ 10/07/25 08:50:34.665&#xA;</system-err>
          </testcase>
          <testcase name="[It] ComplexTest Power state checks Verify that the virtual machines are stopping by VMOPs cleanup AlwaysOn VM VMOPs [Serial]" classname="Tests" status="skipped" time="0">
              <skipped message="skipped - Spec skipped because an earlier spec in an ordered container failed"></skipped>
              <system-err>[SKIPPED] Spec skipped because an earlier spec in an ordered container failed&#xA;In [It] at: /Users/antont/ansible_deckhouse/virtualization-full/tests/e2e/complex_test.go:263 @ 10/07/25 08:50:34.665&#xA;</system-err>
          </testcase>
          <testcase name="[It] ComplexTest Power state checks Verify that the virtual machines are starting starts VMs by VMOP [Serial]" classname="Tests" status="skipped" time="0">
              <skipped message="skipped - Spec skipped because an earlier spec in an ordered container failed"></skipped>
              <system-err>[SKIPPED] Spec skipped because an earlier spec in an ordered container failed&#xA;In [It] at: /Users/antont/ansible_deckhouse/virtualization-full/tests/e2e/complex_test.go:275 @ 10/07/25 08:50:34.665&#xA;</system-err>
          </testcase>
          <testcase name="[It] ComplexTest Power state checks Verify that the virtual machines are starting checks VMs and VMOPs phases [Serial]" classname="Tests" status="skipped" time="0">
              <skipped message="skipped - Spec skipped because an earlier spec in an ordered container failed"></skipped>
              <system-err>[SKIPPED] Spec skipped because an earlier spec in an ordered container failed&#xA;In [It] at: /Users/antont/ansible_deckhouse/virtualization-full/tests/e2e/complex_test.go:293 @ 10/07/25 08:50:34.665&#xA;</system-err>
          </testcase>
          <testcase name="[It] ComplexTest Power state checks Verify that the virtual machines are stopping by ssh stops VMs by ssh [Serial]" classname="Tests" status="skipped" time="0">
              <skipped message="skipped - Spec skipped because an earlier spec in an ordered container failed"></skipped>
              <system-err>[SKIPPED] Spec skipped because an earlier spec in an ordered container failed&#xA;In [It] at: /Users/antont/ansible_deckhouse/virtualization-full/tests/e2e/complex_test.go:310 @ 10/07/25 08:50:34.665&#xA;</system-err>
          </testcase>
          <testcase name="[It] ComplexTest Power state checks Verify that the virtual machines are stopping by ssh checks VMs phases [Serial]" classname="Tests" status="skipped" time="0">
              <skipped message="skipped - Spec skipped because an earlier spec in an ordered container failed"></skipped>
              <system-err>[SKIPPED] Spec skipped because an earlier spec in an ordered container failed&#xA;In [It] at: /Users/antont/ansible_deckhouse/virtualization-full/tests/e2e/complex_test.go:334 @ 10/07/25 08:50:34.665&#xA;</system-err>
          </testcase>
          <testcase name="[It] ComplexTest Power state checks Verify that the virtual machines are stopping by ssh start not AlwaysOn VMs [Serial]" classname="Tests" status="skipped" time="0">
              <skipped message="skipped - Spec skipped because an earlier spec in an ordered container failed"></skipped>
              <system-err>[SKIPPED] Spec skipped because an earlier spec in an ordered container failed&#xA;In [It] at: /Users/antont/ansible_deckhouse/virtualization-full/tests/e2e/complex_test.go:347 @ 10/07/25 08:50:34.665&#xA;</system-err>
          </testcase>
          <testcase name="[It] ComplexTest Power state checks Verify that the virtual machines are stopping by ssh checks VMs and VMOPs phases [Serial]" classname="Tests" status="skipped" time="0">
              <skipped message="skipped - Spec skipped because an earlier spec in an ordered container failed"></skipped>
              <system-err>[SKIPPED] Spec skipped because an earlier spec in an ordered container failed&#xA;In [It] at: /Users/antont/ansible_deckhouse/virtualization-full/tests/e2e/complex_test.go:351 @ 10/07/25 08:50:34.665&#xA;</system-err>
          </testcase>
          <testcase name="[It] ComplexTest Power state checks Verify that the virtual machines are restarting by VMOP reboot VMs by VMOP [Serial]" classname="Tests" status="skipped" time="0">
              <skipped message="skipped - Spec skipped because an earlier spec in an ordered container failed"></skipped>
              <system-err>[SKIPPED] Spec skipped because an earlier spec in an ordered container failed&#xA;In [It] at: /Users/antont/ansible_deckhouse/virtualization-full/tests/e2e/complex_test.go:368 @ 10/07/25 08:50:34.665&#xA;</system-err>
          </testcase>
          <testcase name="[It] ComplexTest Power state checks Verify that the virtual machines are restarting by VMOP checks VMs and VMOPs phases [Serial]" classname="Tests" status="skipped" time="0">
              <skipped message="skipped - Spec skipped because an earlier spec in an ordered container failed"></skipped>
              <system-err>[SKIPPED] Spec skipped because an earlier spec in an ordered container failed&#xA;In [It] at: /Users/antont/ansible_deckhouse/virtualization-full/tests/e2e/complex_test.go:381 @ 10/07/25 08:50:34.666&#xA;</system-err>
          </testcase>
          <testcase name="[It] ComplexTest Power state checks Verify that the virtual machines are restarting by ssh reboot VMs by ssh [Serial]" classname="Tests" status="skipped" time="0">
              <skipped message="skipped - Spec skipped because an earlier spec in an ordered container failed"></skipped>
              <system-err>[SKIPPED] Spec skipped because an earlier spec in an ordered container failed&#xA;In [It] at: /Users/antont/ansible_deckhouse/virtualization-full/tests/e2e/complex_test.go:398 @ 10/07/25 08:50:34.666&#xA;</system-err>
          </testcase>
          <testcase name="[It] ComplexTest Power state checks Verify that the virtual machines are restarting after deleting their pods reboots the VMs by deleting their pods [Serial]" classname="Tests" status="skipped" time="0">
              <skipped message="skipped - Spec skipped because an earlier spec in an ordered container failed"></skipped>
              <system-err>[SKIPPED] Spec skipped because an earlier spec in an ordered container failed&#xA;In [It] at: /Users/antont/ansible_deckhouse/virtualization-full/tests/e2e/complex_test.go:437 @ 10/07/25 08:50:34.666&#xA;</system-err>
          </testcase>
          <testcase name="[It] ComplexTest Power state checks Verify that the virtual machines are restarting after deleting their pods checks VMs external connection after reboot [Serial]" classname="Tests" status="skipped" time="0">
              <skipped message="skipped - Spec skipped because an earlier spec in an ordered container failed"></skipped>
              <system-err>[SKIPPED] Spec skipped because an earlier spec in an ordered container failed&#xA;In [It] at: /Users/antont/ansible_deckhouse/virtualization-full/tests/e2e/complex_test.go:472 @ 10/07/25 08:50:34.666&#xA;</system-err>
          </testcase>
          <testcase name="[It] ComplexTest Migrations When Virtual machine agents are ready starts migrations [Serial]" classname="Tests" status="skipped" time="0">
              <skipped message="skipped - Spec skipped because an earlier spec in an ordered container failed"></skipped>
              <system-err>[SKIPPED] Spec skipped because an earlier spec in an ordered container failed&#xA;In [It] at: /Users/antont/ansible_deckhouse/virtualization-full/tests/e2e/complex_test.go:490 @ 10/07/25 08:50:34.666&#xA;</system-err>
          </testcase>
          <testcase name="[It] ComplexTest Migrations When VMs migrations are applied checks VMs and VMOPs phases [Serial]" classname="Tests" status="skipped" time="0">
              <skipped message="skipped - Spec skipped because an earlier spec in an ordered container failed"></skipped>
              <system-err>[SKIPPED] Spec skipped because an earlier spec in an ordered container failed&#xA;In [It] at: /Users/antont/ansible_deckhouse/virtualization-full/tests/e2e/complex_test.go:505 @ 10/07/25 08:50:34.666&#xA;</system-err>
          </testcase>
          <testcase name="[It] ComplexTest Migrations When VMs migrations are applied checks VMs external connection after migrations [Serial]" classname="Tests" status="skipped" time="0">
              <skipped message="skipped - Spec skipped because an earlier spec in an ordered container failed"></skipped>
              <system-err>[SKIPPED] Spec skipped because an earlier spec in an ordered container failed&#xA;In [It] at: /Users/antont/ansible_deckhouse/virtualization-full/tests/e2e/complex_test.go:521 @ 10/07/25 08:50:34.666&#xA;</system-err>
          </testcase>
          <testcase name="[It] ComplexTest When test is completed deletes test case resources [Serial]" classname="Tests" status="skipped" time="0">
              <skipped message="skipped - Spec skipped because an earlier spec in an ordered container failed"></skipped>
              <system-err>[SKIPPED] Spec skipped because an earlier spec in an ordered container failed&#xA;In [It] at: /Users/antont/ansible_deckhouse/virtualization-full/tests/e2e/complex_test.go:538 @ 10/07/25 08:50:34.666&#xA;</system-err>
          </testcase>
          <testcase name="[It] VirtualDiskAttachment When resources are applied result should be succeeded" classname="Tests" status="passed" time="5.586584417">
              <system-err>&gt; Enter [BeforeAll] VirtualDiskAttachment - /Users/antont/ansible_deckhouse/virtualization-full/tests/e2e/vm_disk_attachment_test.go:52 @ 10/07/25 08:50:34.666&#xA;&lt; Exit [BeforeAll] VirtualDiskAttachment - /Users/antont/ansible_deckhouse/virtualization-full/tests/e2e/vm_disk_attachment_test.go:52 @ 10/07/25 08:50:36.629 (1.963s)&#xA;&gt; Enter [BeforeEach] VirtualDiskAttachment - /Users/antont/ansible_deckhouse/virtualization-full/tests/e2e/vm_disk_attachment_test.go:64 @ 10/07/25 08:50:36.629&#xA;&lt; Exit [BeforeEach] VirtualDiskAttachment - /Users/antont/ansible_deckhouse/virtualization-full/tests/e2e/vm_disk_attachment_test.go:64 @ 10/07/25 08:50:36.629 (0s)&#xA;&gt; Enter [It] result should be succeeded - /Users/antont/ansible_deckhouse/virtualization-full/tests/e2e/vm_disk_attachment_test.go:77 @ 10/07/25 08:50:36.629&#xA;&lt; Exit [It] result should be succeeded - /Users/antont/ansible_deckhouse/virtualization-full/tests/e2e/vm_disk_attachment_test.go:77 @ 10/07/25 08:50:40.253 (3.624s)&#xA;&gt; Enter [AfterEach] VirtualDiskAttachment - /Users/antont/ansible_deckhouse/virtualization-full/tests/e2e/vm_disk_attachment_test.go:70 @ 10/07/25 08:50:40.253&#xA;&lt; Exit [AfterEach] VirtualDiskAttachment - /Users/antont/ansible_deckhouse/virtualization-full/tests/e2e/vm_disk_attachment_test.go:70 @ 10/07/25 08:50:40.253 (0s)&#xA;</system-err>
          </testcase>
          <testcase name="[It] VirtualDiskAttachment When virtual images are applied checks VIs phases" classname="Tests" status="passed" time="4.525203584">
              <system-err>&gt; Enter [BeforeEach] VirtualDiskAttachment - /Users/antont/ansible_deckhouse/virtualization-full/tests/e2e/vm_disk_attachment_test.go:64 @ 10/07/25 08:50:40.253&#xA;&lt; Exit [BeforeEach] VirtualDiskAttachment - /Users/antont/ansible_deckhouse/virtualization-full/tests/e2e/vm_disk_attachment_test.go:64 @ 10/07/25 08:50:40.253 (0s)&#xA;&gt; Enter [It] checks VIs phases - /Users/antont/ansible_deckhouse/virtualization-full/tests/e2e/vm_disk_attachment_test.go:87 @ 10/07/25 08:50:40.253&#xA;STEP: VIs should be in Ready phases - /Users/antont/ansible_deckhouse/virtualization-full/tests/e2e/vm_disk_attachment_test.go:88 @ 10/07/25 08:50:40.253&#xA;&lt; Exit [It] checks VIs phases - /Users/antont/ansible_deckhouse/virtualization-full/tests/e2e/vm_disk_attachment_test.go:87 @ 10/07/25 08:50:44.778 (4.525s)&#xA;&gt; Enter [AfterEach] VirtualDiskAttachment - /Users/antont/ansible_deckhouse/virtualization-full/tests/e2e/vm_disk_attachment_test.go:70 @ 10/07/25 08:50:44.778&#xA;&lt; Exit [AfterEach] VirtualDiskAttachment - /Users/antont/ansible_deckhouse/virtualization-full/tests/e2e/vm_disk_attachment_test.go:70 @ 10/07/25 08:50:44.778 (0s)&#xA;</system-err>
          </testcase>
          <testcase name="[It] VirtualDiskAttachment When virtual disks are applied checks VDs phases" classname="Tests" status="failed" time="1007.040077375">
              <failure message="Expected&#xA;    &lt;[]string | len:1, cap:1&gt;: [&#xA;        &#34;cmd: kubectl wait virtualdisks.virtualization.deckhouse.io head-45bdb83d-vd-root-automatic-with-hotplug-standalone --namespace head-45bdb83d-end-to-end-vm-disk-attachment --for=&#39;jsonpath={.status.phase}=Ready&#39; --timeout=16m40s\nstderr: error: timed out waiting for the condition on virtualdisks/head-45bdb83d-vd-root-automatic-with-hotplug-standalone\n&#34;,&#xA;    ]&#xA;to be empty" type="failed">[FAILED] Expected&#xA;    &lt;[]string | len:1, cap:1&gt;: [&#xA;        &#34;cmd: kubectl wait virtualdisks.virtualization.deckhouse.io head-45bdb83d-vd-root-automatic-with-hotplug-standalone --namespace head-45bdb83d-end-to-end-vm-disk-attachment --for=&#39;jsonpath={.status.phase}=Ready&#39; --timeout=16m40s\nstderr: error: timed out waiting for the condition on virtualdisks/head-45bdb83d-vd-root-automatic-with-hotplug-standalone\n&#34;,&#xA;    ]&#xA;to be empty&#xA;In [It] at: /Users/antont/ansible_deckhouse/virtualization-full/tests/e2e/vm_disk_attachment_test.go:100 @ 10/07/25 09:07:26.926&#xA;</failure>
              <system-err>&gt; Enter [BeforeEach] VirtualDiskAttachment - /Users/antont/ansible_deckhouse/virtualization-full/tests/e2e/vm_disk_attachment_test.go:64 @ 10/07/25 08:50:44.778&#xA;&lt; Exit [BeforeEach] VirtualDiskAttachment - /Users/antont/ansible_deckhouse/virtualization-full/tests/e2e/vm_disk_attachment_test.go:64 @ 10/07/25 08:50:44.778 (0s)&#xA;&gt; Enter [It] checks VDs phases - /Users/antont/ansible_deckhouse/virtualization-full/tests/e2e/vm_disk_attachment_test.go:98 @ 10/07/25 08:50:44.778&#xA;STEP: VDs with consumers should be in Ready phases - /Users/antont/ansible_deckhouse/virtualization-full/tests/e2e/vm_disk_attachment_test.go:99 @ 10/07/25 08:50:44.778&#xA;[FAILED] Expected&#xA;    &lt;[]string | len:1, cap:1&gt;: [&#xA;        &#34;cmd: kubectl wait virtualdisks.virtualization.deckhouse.io head-45bdb83d-vd-root-automatic-with-hotplug-standalone --namespace head-45bdb83d-end-to-end-vm-disk-attachment --for=&#39;jsonpath={.status.phase}=Ready&#39; --timeout=16m40s\nstderr: error: timed out waiting for the condition on virtualdisks/head-45bdb83d-vd-root-automatic-with-hotplug-standalone\n&#34;,&#xA;    ]&#xA;to be empty&#xA;In [It] at: /Users/antont/ansible_deckhouse/virtualization-full/tests/e2e/vm_disk_attachment_test.go:100 @ 10/07/25 09:07:26.926&#xA;&lt; Exit [It] checks VDs phases - /Users/antont/ansible_deckhouse/virtualization-full/tests/e2e/vm_disk_attachment_test.go:98 @ 10/07/25 09:07:26.926 (16m42.131s)&#xA;&gt; Enter [AfterEach] VirtualDiskAttachment - /Users/antont/ansible_deckhouse/virtualization-full/tests/e2e/vm_disk_attachment_test.go:70 @ 10/07/25 09:07:26.926&#xA;&lt; Exit [AfterEach] VirtualDiskAttachment - /Users/antont/ansible_deckhouse/virtualization-full/tests/e2e/vm_disk_attachment_test.go:70 @ 10/07/25 09:07:31.835 (4.909s)&#xA;</system-err>
          </testcase>
          <testcase name="[It] VirtualDiskAttachment When virtual machines are applied checks VMs phases" classname="Tests" status="skipped" time="0">
              <skipped message="skipped - Spec skipped because an earlier spec in an ordered container failed"></skipped>
              <system-err>[SKIPPED] Spec skipped because an earlier spec in an ordered container failed&#xA;In [It] at: /Users/antont/ansible_deckhouse/virtualization-full/tests/e2e/vm_disk_attachment_test.go:116 @ 10/07/25 09:07:31.835&#xA;</system-err>
          </testcase>
          <testcase name="[It] VirtualDiskAttachment Attachment When virtual machine agents are ready get disk count before attachment" classname="Tests" status="skipped" time="0">
              <skipped message="skipped - Spec skipped because an earlier spec in an ordered container failed"></skipped>
              <system-err>[SKIPPED] Spec skipped because an earlier spec in an ordered container failed&#xA;In [It] at: /Users/antont/ansible_deckhouse/virtualization-full/tests/e2e/vm_disk_attachment_test.go:128 @ 10/07/25 09:07:31.835&#xA;</system-err>
          </testcase>
          <testcase name="[It] VirtualDiskAttachment Attachment When virtual machine agents are ready attaches virtual disk" classname="Tests" status="skipped" time="0">
              <skipped message="skipped - Spec skipped because an earlier spec in an ordered container failed"></skipped>
              <system-err>[SKIPPED] Spec skipped because an earlier spec in an ordered container failed&#xA;In [It] at: /Users/antont/ansible_deckhouse/virtualization-full/tests/e2e/vm_disk_attachment_test.go:133 @ 10/07/25 09:07:31.835&#xA;</system-err>
          </testcase>
          <testcase name="[It] VirtualDiskAttachment Attachment When virtual machine agents are ready checks VM and VMBDA phases" classname="Tests" status="skipped" time="0">
              <skipped message="skipped - Spec skipped because an earlier spec in an ordered container failed"></skipped>
              <system-err>[SKIPPED] Spec skipped because an earlier spec in an ordered container failed&#xA;In [It] at: /Users/antont/ansible_deckhouse/virtualization-full/tests/e2e/vm_disk_attachment_test.go:136 @ 10/07/25 09:07:31.835&#xA;</system-err>
          </testcase>
          <testcase name="[It] VirtualDiskAttachment Attachment When virtual machine agents are ready compares disk count before and after attachment" classname="Tests" status="skipped" time="0">
              <skipped message="skipped - Spec skipped because an earlier spec in an ordered container failed"></skipped>
              <system-err>[SKIPPED] Spec skipped because an earlier spec in an ordered container failed&#xA;In [It] at: /Users/antont/ansible_deckhouse/virtualization-full/tests/e2e/vm_disk_attachment_test.go:150 @ 10/07/25 09:07:31.835&#xA;</system-err>
          </testcase>
          <testcase name="[It] VirtualDiskAttachment Detachment When virtual machines are in Running phases get disk count before detachment" classname="Tests" status="skipped" time="0">
              <skipped message="skipped - Spec skipped because an earlier spec in an ordered container failed"></skipped>
              <system-err>[SKIPPED] Spec skipped because an earlier spec in an ordered container failed&#xA;In [It] at: /Users/antont/ansible_deckhouse/virtualization-full/tests/e2e/vm_disk_attachment_test.go:166 @ 10/07/25 09:07:31.835&#xA;</system-err>
          </testcase>
          <testcase name="[It] VirtualDiskAttachment Detachment When virtual machines are in Running phases detaches virtual disk" classname="Tests" status="skipped" time="0">
              <skipped message="skipped - Spec skipped because an earlier spec in an ordered container failed"></skipped>
              <system-err>[SKIPPED] Spec skipped because an earlier spec in an ordered container failed&#xA;In [It] at: /Users/antont/ansible_deckhouse/virtualization-full/tests/e2e/vm_disk_attachment_test.go:171 @ 10/07/25 09:07:31.836&#xA;</system-err>
          </testcase>
          <testcase name="[It] VirtualDiskAttachment Detachment When virtual machines are in Running phases checks VM phase" classname="Tests" status="skipped" time="0">
              <skipped message="skipped - Spec skipped because an earlier spec in an ordered container failed"></skipped>
              <system-err>[SKIPPED] Spec skipped because an earlier spec in an ordered container failed&#xA;In [It] at: /Users/antont/ansible_deckhouse/virtualization-full/tests/e2e/vm_disk_attachment_test.go:179 @ 10/07/25 09:07:31.836&#xA;</system-err>
          </testcase>
          <testcase name="[It] VirtualDiskAttachment Detachment When virtual machines are in Running phases compares disk count before and after detachment" classname="Tests" status="skipped" time="0">
              <skipped message="skipped - Spec skipped because an earlier spec in an ordered container failed"></skipped>
              <system-err>[SKIPPED] Spec skipped because an earlier spec in an ordered container failed&#xA;In [It] at: /Users/antont/ansible_deckhouse/virtualization-full/tests/e2e/vm_disk_attachment_test.go:187 @ 10/07/25 09:07:31.836&#xA;</system-err>
          </testcase>
          <testcase name="[It] VirtualDiskAttachment When test is completed deletes test case resources" classname="Tests" status="skipped" time="0">
              <skipped message="skipped - Spec skipped because an earlier spec in an ordered container failed"></skipped>
              <system-err>[SKIPPED] Spec skipped because an earlier spec in an ordered container failed&#xA;In [It] at: /Users/antont/ansible_deckhouse/virtualization-full/tests/e2e/vm_disk_attachment_test.go:201 @ 10/07/25 09:07:31.836&#xA;</system-err>
          </testcase>
          <testcase name="[It] ImageHotplug When the virtualization resources are applied result should be succeeded" classname="Tests" status="skipped" time="0">
              <skipped message="skipped"></skipped>
          </testcase>
          <testcase name="[It] ImageHotplug When the virtualization resources are applied checks the resources phase" classname="Tests" status="skipped" time="0">
              <skipped message="skipped"></skipped>
          </testcase>
          <testcase name="[It] ImageHotplug When the resources are ready to use retrieves the test objects" classname="Tests" status="skipped" time="0">
              <skipped message="skipped"></skipped>
          </testcase>
          <testcase name="[It] ImageHotplug When the resources are ready to use retrieves the disk count before the images attachment" classname="Tests" status="skipped" time="0">
              <skipped message="skipped"></skipped>
          </testcase>
          <testcase name="[It] ImageHotplug When the resources are ready to use attaches the images into the `VirtualMachine`" classname="Tests" status="skipped" time="0">
              <skipped message="skipped"></skipped>
          </testcase>
          <testcase name="[It] ImageHotplug When the resources are ready to use checks the `VirtualMachine` and the `VirtualMachineBlockDeviceAttachments` phases" classname="Tests" status="skipped" time="0">
              <skipped message="skipped"></skipped>
          </testcase>
          <testcase name="[It] ImageHotplug When the resources are ready to use compares the disk count before and after attachment" classname="Tests" status="skipped" time="0">
              <skipped message="skipped"></skipped>
          </testcase>
          <testcase name="[It] ImageHotplug When the resources are ready to use checks that the `ISO` image is attached as `CD-ROM`" classname="Tests" status="skipped" time="0">
              <skipped message="skipped"></skipped>
          </testcase>
          <testcase name="[It] ImageHotplug When the resources are ready to use check that the images are attached as the `ReadOnly` devices" classname="Tests" status="skipped" time="0">
              <skipped message="skipped"></skipped>
          </testcase>
          <testcase name="[It] ImageHotplug When the resources are ready to use detaches the images" classname="Tests" status="skipped" time="0">
              <skipped message="skipped"></skipped>
          </testcase>
          <testcase name="[It] ImageHotplug When the resources are ready to use compares the disk count after detachment" classname="Tests" status="skipped" time="0">
              <skipped message="skipped"></skipped>
          </testcase>
          <testcase name="[It] ImageHotplug When test is completed deletes test case resources" classname="Tests" status="skipped" time="0">
              <skipped message="skipped"></skipped>
          </testcase>
          <testcase name="[It] VirtualMachineRestoreSafe When the virtualization resources are applied result should be succeeded [SIG-Restoration]" classname="Tests" status="passed" time="6.5982470410000005">
              <system-err>&gt; Enter [BeforeAll] VirtualMachineRestoreSafe - /Users/antont/ansible_deckhouse/virtualization-full/tests/e2e/vm_restore_safe_test.go:52 @ 10/07/25 09:07:31.836&#xA;&lt; Exit [BeforeAll] VirtualMachineRestoreSafe - /Users/antont/ansible_deckhouse/virtualization-full/tests/e2e/vm_restore_safe_test.go:52 @ 10/07/25 09:07:33.825 (1.989s)&#xA;&gt; Enter [BeforeEach] VirtualMachineRestoreSafe - /Users/antont/ansible_deckhouse/virtualization-full/tests/e2e/vm_restore_safe_test.go:61 @ 10/07/25 09:07:33.825&#xA;&lt; Exit [BeforeEach] VirtualMachineRestoreSafe - /Users/antont/ansible_deckhouse/virtualization-full/tests/e2e/vm_restore_safe_test.go:61 @ 10/07/25 09:07:33.825 (0s)&#xA;&gt; Enter [It] result should be succeeded - /Users/antont/ansible_deckhouse/virtualization-full/tests/e2e/vm_restore_safe_test.go:74 @ 10/07/25 09:07:33.825&#xA;&lt; Exit [It] result should be succeeded - /Users/antont/ansible_deckhouse/virtualization-full/tests/e2e/vm_restore_safe_test.go:74 @ 10/07/25 09:07:38.434 (4.609s)&#xA;&gt; Enter [AfterEach] VirtualMachineRestoreSafe - /Users/antont/ansible_deckhouse/virtualization-full/tests/e2e/vm_restore_safe_test.go:65 @ 10/07/25 09:07:38.434&#xA;&lt; Exit [AfterEach] VirtualMachineRestoreSafe - /Users/antont/ansible_deckhouse/virtualization-full/tests/e2e/vm_restore_safe_test.go:65 @ 10/07/25 09:07:38.434 (0s)&#xA;</system-err>
          </testcase>
          <testcase name="[It] VirtualMachineRestoreSafe When the virtualization resources are applied checks the resources phase [SIG-Restoration]" classname="Tests" status="timedout" time="384.66141675">
              <failure message="A suite timeout occurred" type="timedout">[TIMEDOUT] A suite timeout occurred&#xA;In [It] at: /Users/antont/ansible_deckhouse/virtualization-full/tests/e2e/vm_restore_safe_test.go:105 @ 10/07/25 10:28:03.289&#xA;&#xA;This is the Progress Report generated when the suite timeout occurred:&#xA;  VirtualMachineRestoreSafe When the virtualization resources are applied checks the resources phase (Spec Runtime: 6m20.211s)&#xA;    /Users/antont/ansible_deckhouse/virtualization-full/tests/e2e/vm_restore_safe_test.go:105&#xA;    In [It] (Node Runtime: 6m20.211s)&#xA;      /Users/antont/ansible_deckhouse/virtualization-full/tests/e2e/vm_restore_safe_test.go:105&#xA;      At [By Step] `VirtualMachine` agent should be ready (Step Runtime: 6m20.211s)&#xA;        /Users/antont/ansible_deckhouse/virtualization-full/tests/e2e/vm_restore_safe_test.go:106&#xA;&#xA;      Spec Goroutine&#xA;      goroutine 330 [sync.WaitGroup.Wait, 7 minutes]&#xA;        sync.runtime_SemacquireWaitGroup(0x104ad8b30?, 0x30?)&#xA;          /opt/homebrew/Cellar/go/1.25.1/libexec/src/runtime/sema.go:114&#xA;        sync.(*WaitGroup).Wait(0x14000c40750)&#xA;          /opt/homebrew/Cellar/go/1.25.1/libexec/src/sync/waitgroup.go:206&#xA;      &gt; github.com/deckhouse/virtualization/tests/e2e.WaitResources({0x140006a58b0, 0x1, 0x106548e70?}, {0x1062670d7, 0x2a}, {{0x0, 0x0, 0x0}, 0x140004ee240, {0x14000e23830, ...}, ...})&#xA;          /Users/antont/ansible_deckhouse/virtualization-full/tests/e2e/util_test.go:349&#xA;            | &#x9;&#x9;}()&#xA;            | &#x9;}&#xA;            &gt; &#x9;wg.Wait()&#xA;            | &#x9;Expect(waitErr).To(BeEmpty())&#xA;            | }&#xA;      &gt; github.com/deckhouse/virtualization/tests/e2e.WaitByLabel({0x1062670d7, 0x2a}, {{0x0, 0x0, 0x0}, 0x140004ee240, {0x14000e23830, 0x28}, {0x14000efc9c0, 0x22}, ...})&#xA;          /Users/antont/ansible_deckhouse/virtualization-full/tests/e2e/util_test.go:308&#xA;            | &#x9;&#x9;resources = strings.Split(res.StdOut(), &#34; &#34;)&#xA;            | &#x9;}&#xA;            &gt; &#x9;WaitResources(resources, resource, opts)&#xA;            | }&#xA;            | &#xA;      &gt; github.com/deckhouse/virtualization/tests/e2e.WaitPhaseByLabel({0x1062670d7, 0x2a}, {0x10622437b, 0x7}, {{0x0, 0x0, 0x0}, 0x140004ee240, {0x14000e23830, 0x28}, ...})&#xA;          /Users/antont/ansible_deckhouse/virtualization-full/tests/e2e/util_test.go:290&#xA;            | &#x9;GinkgoHelper()&#xA;            | &#x9;opts.For = fmt.Sprintf(&#34;&#39;jsonpath={.status.phase}=%s&#39;&#34;, phase)&#xA;            &gt; &#x9;WaitByLabel(resource, opts)&#xA;            | }&#xA;            | &#xA;      &gt; github.com/deckhouse/virtualization/tests/e2e.WaitVMAgentReady({{0x0, 0x0, 0x0}, 0x140004ee240, {0x14000e23830, 0x28}, {0x0, 0x0}, 0xe8d4a51000})&#xA;          /Users/antont/ansible_deckhouse/virtualization-full/tests/e2e/util_test.go:274&#xA;            | func WaitVMAgentReady(opts kc.WaitOptions) {&#xA;            | &#x9;GinkgoHelper()&#xA;            &gt; &#x9;WaitPhaseByLabel(kc.ResourceVM, PhaseRunning, opts)&#xA;            | &#x9;WaitConditionIsTrueByLabel(kc.ResourceVM, vmcondition.TypeAgentReady.String(), opts)&#xA;            | }&#xA;      &gt; github.com/deckhouse/virtualization/tests/e2e.init.func22.4.2.1()&#xA;          /Users/antont/ansible_deckhouse/virtualization-full/tests/e2e/vm_restore_safe_test.go:107&#xA;            | It(&#34;checks the resources phase&#34;, func() {&#xA;            | &#x9;By(&#34;`VirtualMachine` agent should be ready&#34;, func() {&#xA;            &gt; &#x9;&#x9;WaitVMAgentReady(kc.WaitOptions{&#xA;            | &#x9;&#x9;&#x9;Labels:    testCaseLabel,&#xA;            | &#x9;&#x9;&#x9;Namespace: namespace,&#xA;        github.com/onsi/ginkgo/v2/internal.(*Suite).By(0x14000427508, {0x10625e434, 0x26}, {0x1400093ff50, 0x1, 0x14000614080?})&#xA;          /Users/antont/go/pkg/mod/github.com/onsi/ginkgo/v2@v2.22.0/internal/suite.go:323&#xA;        github.com/onsi/ginkgo/v2.By({0x10625e434?, 0x104c17b8c?}, {0x1400012cf50?, 0x1400012cf90?, 0x1400048e201?})&#xA;          /Users/antont/go/pkg/mod/github.com/onsi/ginkgo/v2@v2.22.0/core_dsl.go:600&#xA;      &gt; github.com/deckhouse/virtualization/tests/e2e.init.func22.4.2()&#xA;          /Users/antont/ansible_deckhouse/virtualization-full/tests/e2e/vm_restore_safe_test.go:106&#xA;            | &#xA;            | It(&#34;checks the resources phase&#34;, func() {&#xA;            &gt; &#x9;By(&#34;`VirtualMachine` agent should be ready&#34;, func() {&#xA;            | &#x9;&#x9;WaitVMAgentReady(kc.WaitOptions{&#xA;            | &#x9;&#x9;&#x9;Labels:    testCaseLabel,&#xA;        github.com/onsi/ginkgo/v2/internal.extractBodyFunction.func3({0x0?, 0x1061c8050?})&#xA;          /Users/antont/go/pkg/mod/github.com/onsi/ginkgo/v2@v2.22.0/internal/node.go:475&#xA;        github.com/onsi/ginkgo/v2/internal.(*Suite).runNode.func3()&#xA;          /Users/antont/go/pkg/mod/github.com/onsi/ginkgo/v2@v2.22.0/internal/suite.go:894&#xA;        github.com/onsi/ginkgo/v2/internal.(*Suite).runNode in goroutine 7&#xA;          /Users/antont/go/pkg/mod/github.com/onsi/ginkgo/v2@v2.22.0/internal/suite.go:881&#xA;&#xA;      Goroutines of Interest&#xA;      goroutine 340 [syscall, 7 minutes]&#xA;        syscall.syscall6(0x100c40790?, 0x108e3cb70?, 0x108e30a78?, 0x90?, 0x14000600008?, 0x140000647e0?, 0x140012faa68?)&#xA;          /opt/homebrew/Cellar/go/1.25.1/libexec/src/runtime/sys_darwin.go:60&#xA;        syscall.wait4(0x140012faa98?, 0x104b5a6fc?, 0x90?, 0x106b48660?)&#xA;          /opt/homebrew/Cellar/go/1.25.1/libexec/src/syscall/zsyscall_darwin_arm64.go:44&#xA;        syscall.Wait4(0x140002c3570?, 0x140012faad4, 0x14000c40790?, 0x140002c3490?)&#xA;          /opt/homebrew/Cellar/go/1.25.1/libexec/src/syscall/syscall_bsd.go:144&#xA;        os.(*Process).pidWait.func1(...)&#xA;          /opt/homebrew/Cellar/go/1.25.1/libexec/src/os/exec_unix.go:64&#xA;        os.ignoringEINTR2[...](...)&#xA;          /opt/homebrew/Cellar/go/1.25.1/libexec/src/os/file_posix.go:266&#xA;        os.(*Process).pidWait(0x140002a6fc0)&#xA;          /opt/homebrew/Cellar/go/1.25.1/libexec/src/os/exec_unix.go:63&#xA;        os.(*Process).wait(0x1400014f888?)&#xA;          /opt/homebrew/Cellar/go/1.25.1/libexec/src/os/exec_unix.go:28&#xA;        os.(*Process).Wait(...)&#xA;          /opt/homebrew/Cellar/go/1.25.1/libexec/src/os/exec.go:340&#xA;        os/exec.(*Cmd).Wait(0x1400049e480)&#xA;          /opt/homebrew/Cellar/go/1.25.1/libexec/src/os/exec/exec.go:922&#xA;        os/exec.(*Cmd).Run(0x1400049e480)&#xA;          /opt/homebrew/Cellar/go/1.25.1/libexec/src/os/exec/exec.go:626&#xA;      &gt; github.com/deckhouse/virtualization/tests/e2e/executor.CMDExecutor.ExecuteContext({{0x140002bd9a0?, 0x106be01e8?, 0x140002c32d0?}}, {0x106c00808?, 0x140002c32d0?}, {0x140008e8000?, 0xc2314a69e0304ba0?}, {0x106bd9120, 0x140002a6f40}, {0x106bd9120, ...})&#xA;          /Users/antont/ansible_deckhouse/virtualization-full/tests/e2e/executor/executor.go:76&#xA;            | &#x9;cmd.Stderr = stderr&#xA;            | &#x9;cmd.Stdout = stdout&#xA;            &gt; &#x9;return cmd.Run()&#xA;            | }&#xA;            | &#xA;      &gt; github.com/deckhouse/virtualization/tests/e2e/executor.CMDExecutor.ExecContext({{0x140002bd9a0?, 0x1080e7668?, 0x1080bdee0?}}, {0x106c00808, 0x140002c32d0}, {0x140008e8000, 0xc4})&#xA;          /Users/antont/ansible_deckhouse/virtualization-full/tests/e2e/executor/executor.go:49&#xA;            | stdout := new(Buffer)&#xA;            | stderr := new(Buffer)&#xA;            &gt; err := e.ExecuteContext(ctx, command, stdout, stderr)&#xA;            | cmdResult := &amp;CMDResult{&#xA;            | &#x9;stdOut:  stdout,&#xA;      &gt; github.com/deckhouse/virtualization/tests/e2e/kubectl.KubectlCMD.WaitResource({{0x106c04e48?, 0x14000722d50?}, {0x106224924?, 0x0?}}, {0x1062670d7, 0x2a}, {0x140002be520, 0x1d}, {{0x0, 0x0, ...}, ...})&#xA;          /Users/antont/ansible_deckhouse/virtualization-full/tests/e2e/kubectl/kubectl.go:259&#xA;            | &#x9;ctx, cancel := context.WithTimeout(context.Background(), timeout)&#xA;            | &#x9;defer cancel()&#xA;            &gt; &#x9;return k.ExecContext(ctx, cmd)&#xA;            | }&#xA;            | &#xA;      &gt; github.com/deckhouse/virtualization/tests/e2e.WaitResources.func1()&#xA;          /Users/antont/ansible_deckhouse/virtualization-full/tests/e2e/util_test.go:341&#xA;            | go func() {&#xA;            | &#x9;defer wg.Done()&#xA;            &gt; &#x9;res := kubectl.WaitResource(resource, name, waitOpts)&#xA;            | &#x9;if res.Error() != nil {&#xA;            | &#x9;&#x9;mu.Lock()&#xA;      &gt; github.com/deckhouse/virtualization/tests/e2e.WaitResources in goroutine 330&#xA;          /Users/antont/ansible_deckhouse/virtualization-full/tests/e2e/util_test.go:339&#xA;            | for _, name := range resources {&#xA;            | &#x9;wg.Add(1)&#xA;            &gt; &#x9;go func() {&#xA;            | &#x9;&#x9;defer wg.Done()&#xA;            | &#x9;&#x9;res := kubectl.WaitResource(resource, name, waitOpts)&#xA;</failure>
              <system-err>&gt; Enter [BeforeEach] VirtualMachineRestoreSafe - /Users/antont/ansible_deckhouse/virtualization-full/tests/e2e/vm_restore_safe_test.go:61 @ 10/07/25 09:07:38.434&#xA;&lt; Exit [BeforeEach] VirtualMachineRestoreSafe - /Users/antont/ansible_deckhouse/virtualization-full/tests/e2e/vm_restore_safe_test.go:61 @ 10/07/25 09:07:38.434 (0s)&#xA;&gt; Enter [It] checks the resources phase - /Users/antont/ansible_deckhouse/virtualization-full/tests/e2e/vm_restore_safe_test.go:105 @ 10/07/25 09:07:38.434&#xA;STEP: `VirtualMachine` agent should be ready - /Users/antont/ansible_deckhouse/virtualization-full/tests/e2e/vm_restore_safe_test.go:106 @ 10/07/25 09:07:38.434&#xA;[TIMEDOUT] A suite timeout occurred&#xA;In [It] at: /Users/antont/ansible_deckhouse/virtualization-full/tests/e2e/vm_restore_safe_test.go:105 @ 10/07/25 10:28:03.289&#xA;&#xA;This is the Progress Report generated when the suite timeout occurred:&#xA;  VirtualMachineRestoreSafe When the virtualization resources are applied checks the resources phase (Spec Runtime: 6m20.211s)&#xA;    /Users/antont/ansible_deckhouse/virtualization-full/tests/e2e/vm_restore_safe_test.go:105&#xA;    In [It] (Node Runtime: 6m20.211s)&#xA;      /Users/antont/ansible_deckhouse/virtualization-full/tests/e2e/vm_restore_safe_test.go:105&#xA;      At [By Step] `VirtualMachine` agent should be ready (Step Runtime: 6m20.211s)&#xA;        /Users/antont/ansible_deckhouse/virtualization-full/tests/e2e/vm_restore_safe_test.go:106&#xA;&#xA;      Spec Goroutine&#xA;      goroutine 330 [sync.WaitGroup.Wait, 7 minutes]&#xA;        sync.runtime_SemacquireWaitGroup(0x104ad8b30?, 0x30?)&#xA;          /opt/homebrew/Cellar/go/1.25.1/libexec/src/runtime/sema.go:114&#xA;        sync.(*WaitGroup).Wait(0x14000c40750)&#xA;          /opt/homebrew/Cellar/go/1.25.1/libexec/src/sync/waitgroup.go:206&#xA;      &gt; github.com/deckhouse/virtualization/tests/e2e.WaitResources({0x140006a58b0, 0x1, 0x106548e70?}, {0x1062670d7, 0x2a}, {{0x0, 0x0, 0x0}, 0x140004ee240, {0x14000e23830, ...}, ...})&#xA;          /Users/antont/ansible_deckhouse/virtualization-full/tests/e2e/util_test.go:349&#xA;            | &#x9;&#x9;}()&#xA;            | &#x9;}&#xA;            &gt; &#x9;wg.Wait()&#xA;            | &#x9;Expect(waitErr).To(BeEmpty())&#xA;            | }&#xA;      &gt; github.com/deckhouse/virtualization/tests/e2e.WaitByLabel({0x1062670d7, 0x2a}, {{0x0, 0x0, 0x0}, 0x140004ee240, {0x14000e23830, 0x28}, {0x14000efc9c0, 0x22}, ...})&#xA;          /Users/antont/ansible_deckhouse/virtualization-full/tests/e2e/util_test.go:308&#xA;            | &#x9;&#x9;resources = strings.Split(res.StdOut(), &#34; &#34;)&#xA;            | &#x9;}&#xA;            &gt; &#x9;WaitResources(resources, resource, opts)&#xA;            | }&#xA;            | &#xA;      &gt; github.com/deckhouse/virtualization/tests/e2e.WaitPhaseByLabel({0x1062670d7, 0x2a}, {0x10622437b, 0x7}, {{0x0, 0x0, 0x0}, 0x140004ee240, {0x14000e23830, 0x28}, ...})&#xA;          /Users/antont/ansible_deckhouse/virtualization-full/tests/e2e/util_test.go:290&#xA;            | &#x9;GinkgoHelper()&#xA;            | &#x9;opts.For = fmt.Sprintf(&#34;&#39;jsonpath={.status.phase}=%s&#39;&#34;, phase)&#xA;            &gt; &#x9;WaitByLabel(resource, opts)&#xA;            | }&#xA;            | &#xA;      &gt; github.com/deckhouse/virtualization/tests/e2e.WaitVMAgentReady({{0x0, 0x0, 0x0}, 0x140004ee240, {0x14000e23830, 0x28}, {0x0, 0x0}, 0xe8d4a51000})&#xA;          /Users/antont/ansible_deckhouse/virtualization-full/tests/e2e/util_test.go:274&#xA;            | func WaitVMAgentReady(opts kc.WaitOptions) {&#xA;            | &#x9;GinkgoHelper()&#xA;            &gt; &#x9;WaitPhaseByLabel(kc.ResourceVM, PhaseRunning, opts)&#xA;            | &#x9;WaitConditionIsTrueByLabel(kc.ResourceVM, vmcondition.TypeAgentReady.String(), opts)&#xA;            | }&#xA;      &gt; github.com/deckhouse/virtualization/tests/e2e.init.func22.4.2.1()&#xA;          /Users/antont/ansible_deckhouse/virtualization-full/tests/e2e/vm_restore_safe_test.go:107&#xA;            | It(&#34;checks the resources phase&#34;, func() {&#xA;            | &#x9;By(&#34;`VirtualMachine` agent should be ready&#34;, func() {&#xA;            &gt; &#x9;&#x9;WaitVMAgentReady(kc.WaitOptions{&#xA;            | &#x9;&#x9;&#x9;Labels:    testCaseLabel,&#xA;            | &#x9;&#x9;&#x9;Namespace: namespace,&#xA;        github.com/onsi/ginkgo/v2/internal.(*Suite).By(0x14000427508, {0x10625e434, 0x26}, {0x1400093ff50, 0x1, 0x14000614080?})&#xA;          /Users/antont/go/pkg/mod/github.com/onsi/ginkgo/v2@v2.22.0/internal/suite.go:323&#xA;        github.com/onsi/ginkgo/v2.By({0x10625e434?, 0x104c17b8c?}, {0x1400012cf50?, 0x1400012cf90?, 0x1400048e201?})&#xA;          /Users/antont/go/pkg/mod/github.com/onsi/ginkgo/v2@v2.22.0/core_dsl.go:600&#xA;      &gt; github.com/deckhouse/virtualization/tests/e2e.init.func22.4.2()&#xA;          /Users/antont/ansible_deckhouse/virtualization-full/tests/e2e/vm_restore_safe_test.go:106&#xA;            | &#xA;            | It(&#34;checks the resources phase&#34;, func() {&#xA;            &gt; &#x9;By(&#34;`VirtualMachine` agent should be ready&#34;, func() {&#xA;            | &#x9;&#x9;WaitVMAgentReady(kc.WaitOptions{&#xA;            | &#x9;&#x9;&#x9;Labels:    testCaseLabel,&#xA;        github.com/onsi/ginkgo/v2/internal.extractBodyFunction.func3({0x0?, 0x1061c8050?})&#xA;          /Users/antont/go/pkg/mod/github.com/onsi/ginkgo/v2@v2.22.0/internal/node.go:475&#xA;        github.com/onsi/ginkgo/v2/internal.(*Suite).runNode.func3()&#xA;          /Users/antont/go/pkg/mod/github.com/onsi/ginkgo/v2@v2.22.0/internal/suite.go:894&#xA;        github.com/onsi/ginkgo/v2/internal.(*Suite).runNode in goroutine 7&#xA;          /Users/antont/go/pkg/mod/github.com/onsi/ginkgo/v2@v2.22.0/internal/suite.go:881&#xA;&#xA;      Goroutines of Interest&#xA;      goroutine 340 [syscall, 7 minutes]&#xA;        syscall.syscall6(0x100c40790?, 0x108e3cb70?, 0x108e30a78?, 0x90?, 0x14000600008?, 0x140000647e0?, 0x140012faa68?)&#xA;          /opt/homebrew/Cellar/go/1.25.1/libexec/src/runtime/sys_darwin.go:60&#xA;        syscall.wait4(0x140012faa98?, 0x104b5a6fc?, 0x90?, 0x106b48660?)&#xA;          /opt/homebrew/Cellar/go/1.25.1/libexec/src/syscall/zsyscall_darwin_arm64.go:44&#xA;        syscall.Wait4(0x140002c3570?, 0x140012faad4, 0x14000c40790?, 0x140002c3490?)&#xA;          /opt/homebrew/Cellar/go/1.25.1/libexec/src/syscall/syscall_bsd.go:144&#xA;        os.(*Process).pidWait.func1(...)&#xA;          /opt/homebrew/Cellar/go/1.25.1/libexec/src/os/exec_unix.go:64&#xA;        os.ignoringEINTR2[...](...)&#xA;          /opt/homebrew/Cellar/go/1.25.1/libexec/src/os/file_posix.go:266&#xA;        os.(*Process).pidWait(0x140002a6fc0)&#xA;          /opt/homebrew/Cellar/go/1.25.1/libexec/src/os/exec_unix.go:63&#xA;        os.(*Process).wait(0x1400014f888?)&#xA;          /opt/homebrew/Cellar/go/1.25.1/libexec/src/os/exec_unix.go:28&#xA;        os.(*Process).Wait(...)&#xA;          /opt/homebrew/Cellar/go/1.25.1/libexec/src/os/exec.go:340&#xA;        os/exec.(*Cmd).Wait(0x1400049e480)&#xA;          /opt/homebrew/Cellar/go/1.25.1/libexec/src/os/exec/exec.go:922&#xA;        os/exec.(*Cmd).Run(0x1400049e480)&#xA;          /opt/homebrew/Cellar/go/1.25.1/libexec/src/os/exec/exec.go:626&#xA;      &gt; github.com/deckhouse/virtualization/tests/e2e/executor.CMDExecutor.ExecuteContext({{0x140002bd9a0?, 0x106be01e8?, 0x140002c32d0?}}, {0x106c00808?, 0x140002c32d0?}, {0x140008e8000?, 0xc2314a69e0304ba0?}, {0x106bd9120, 0x140002a6f40}, {0x106bd9120, ...})&#xA;          /Users/antont/ansible_deckhouse/virtualization-full/tests/e2e/executor/executor.go:76&#xA;            | &#x9;cmd.Stderr = stderr&#xA;            | &#x9;cmd.Stdout = stdout&#xA;            &gt; &#x9;return cmd.Run()&#xA;            | }&#xA;            | &#xA;      &gt; github.com/deckhouse/virtualization/tests/e2e/executor.CMDExecutor.ExecContext({{0x140002bd9a0?, 0x1080e7668?, 0x1080bdee0?}}, {0x106c00808, 0x140002c32d0}, {0x140008e8000, 0xc4})&#xA;          /Users/antont/ansible_deckhouse/virtualization-full/tests/e2e/executor/executor.go:49&#xA;            | stdout := new(Buffer)&#xA;            | stderr := new(Buffer)&#xA;            &gt; err := e.ExecuteContext(ctx, command, stdout, stderr)&#xA;            | cmdResult := &amp;CMDResult{&#xA;            | &#x9;stdOut:  stdout,&#xA;      &gt; github.com/deckhouse/virtualization/tests/e2e/kubectl.KubectlCMD.WaitResource({{0x106c04e48?, 0x14000722d50?}, {0x106224924?, 0x0?}}, {0x1062670d7, 0x2a}, {0x140002be520, 0x1d}, {{0x0, 0x0, ...}, ...})&#xA;          /Users/antont/ansible_deckhouse/virtualization-full/tests/e2e/kubectl/kubectl.go:259&#xA;            | &#x9;ctx, cancel := context.WithTimeout(context.Background(), timeout)&#xA;            | &#x9;defer cancel()&#xA;            &gt; &#x9;return k.ExecContext(ctx, cmd)&#xA;            | }&#xA;            | &#xA;      &gt; github.com/deckhouse/virtualization/tests/e2e.WaitResources.func1()&#xA;          /Users/antont/ansible_deckhouse/virtualization-full/tests/e2e/util_test.go:341&#xA;            | go func() {&#xA;            | &#x9;defer wg.Done()&#xA;            &gt; &#x9;res := kubectl.WaitResource(resource, name, waitOpts)&#xA;            | &#x9;if res.Error() != nil {&#xA;            | &#x9;&#x9;mu.Lock()&#xA;      &gt; github.com/deckhouse/virtualization/tests/e2e.WaitResources in goroutine 330&#xA;          /Users/antont/ansible_deckhouse/virtualization-full/tests/e2e/util_test.go:339&#xA;            | for _, name := range resources {&#xA;            | &#x9;wg.Add(1)&#xA;            &gt; &#x9;go func() {&#xA;            | &#x9;&#x9;defer wg.Done()&#xA;            | &#x9;&#x9;res := kubectl.WaitResource(resource, name, waitOpts)&#xA;&lt; Exit [It] checks the resources phase - /Users/antont/ansible_deckhouse/virtualization-full/tests/e2e/vm_restore_safe_test.go:105 @ 10/07/25 10:28:03.294 (6m20.216s)&#xA;&gt; Enter [AfterEach] VirtualMachineRestoreSafe - /Users/antont/ansible_deckhouse/virtualization-full/tests/e2e/vm_restore_safe_test.go:65 @ 10/07/25 10:28:03.294&#xA;&lt; Exit [AfterEach] VirtualMachineRestoreSafe - /Users/antont/ansible_deckhouse/virtualization-full/tests/e2e/vm_restore_safe_test.go:65 @ 10/07/25 10:28:07.737 (4.445s)&#xA;</system-err>
          </testcase>
          <testcase name="[It] VirtualMachineRestoreSafe When the virtualization resources are applied add additional interface to virtual machines [SIG-Restoration]" classname="Tests" status="skipped" time="0">
              <skipped message="skipped"></skipped>
          </testcase>
          <testcase name="[It] VirtualMachineRestoreSafe When the resources are ready to use restore the `VirtualMachines` with `Safe` mode [SIG-Restoration]" classname="Tests" status="skipped" time="0">
              <skipped message="skipped"></skipped>
          </testcase>
          <testcase name="[It] VirtualMachineRestoreSafe When the resources are ready to use check the .status.networks of each VM after restore [SIG-Restoration]" classname="Tests" status="skipped" time="0">
              <skipped message="skipped"></skipped>
          </testcase>
          <testcase name="[It] VirtualMachineRestoreSafe When test is completed deletes test case resources [SIG-Restoration]" classname="Tests" status="skipped" time="0">
              <skipped message="skipped"></skipped>
          </testcase>
          <testcase name="[It] VirtualDiskResizing When the resources are applied result should be succeeded" classname="Tests" status="skipped" time="0">
              <skipped message="skipped"></skipped>
          </testcase>
          <testcase name="[It] VirtualDiskResizing When the virtual images are applied checks `VirtualImages` phase" classname="Tests" status="skipped" time="0">
              <skipped message="skipped"></skipped>
          </testcase>
          <testcase name="[It] VirtualDiskResizing When the virtual disks are applied checks `VirtualDisks` phase" classname="Tests" status="skipped" time="0">
              <skipped message="skipped"></skipped>
          </testcase>
          <testcase name="[It] VirtualDiskResizing When the virtual machine are applied checks `VirtualMachine` phase" classname="Tests" status="skipped" time="0">
              <skipped message="skipped"></skipped>
          </testcase>
          <testcase name="[It] VirtualDiskResizing When the virtual machine are applied retrieves the test objects" classname="Tests" status="skipped" time="0">
              <skipped message="skipped"></skipped>
          </testcase>
          <testcase name="[It] VirtualDiskResizing When the virtual machine block device attachment is applied checks `VirtualMachineBlockDeviceAttachment` phase" classname="Tests" status="skipped" time="0">
              <skipped message="skipped"></skipped>
          </testcase>
          <testcase name="[It] VirtualDiskResizing Resizing When the virtual machine is ready obtains the disks metadata before resizing" classname="Tests" status="skipped" time="0">
              <skipped message="skipped"></skipped>
          </testcase>
          <testcase name="[It] VirtualDiskResizing Resizing When the virtual machine is ready resizes the disks" classname="Tests" status="skipped" time="0">
              <skipped message="skipped"></skipped>
          </testcase>
          <testcase name="[It] VirtualDiskResizing Resizing When the virtual machine is ready checks `VirtualDisks`, `VirtualMachine` and `VirtualMachineBlockDeviceAttachment` phases" classname="Tests" status="skipped" time="0">
              <skipped message="skipped"></skipped>
          </testcase>
          <testcase name="[It] VirtualDiskResizing Resizing When the virtual machine is ready obtains and compares the disks metadata after resizing" classname="Tests" status="skipped" time="0">
              <skipped message="skipped"></skipped>
          </testcase>
          <testcase name="[It] VirtualDiskResizing When test is completed deletes test case resources" classname="Tests" status="skipped" time="0">
              <skipped message="skipped"></skipped>
          </testcase>
          <testcase name="[It] [sig-storage] Volume migration with local disks should be successful when only root disk on local storage [SIG-Storage]" classname="Tests" status="skipped" time="0">
              <skipped message="skipped"></skipped>
          </testcase>
          <testcase name="[It] [sig-storage] Volume migration with local disks should be successful when root disk on local storage and one additional disk [SIG-Storage]" classname="Tests" status="skipped" time="0">
              <skipped message="skipped"></skipped>
          </testcase>
          <testcase name="[It] [sig-storage] Volume migration with local disks should be successful when only additional disk on local storage [SIG-Storage]" classname="Tests" status="skipped" time="0">
              <skipped message="skipped"></skipped>
          </testcase>
          <testcase name="[It] [sig-storage] Volume migration with local disks should be reverted when only root disk on local storage [SIG-Storage]" classname="Tests" status="skipped" time="0">
              <skipped message="skipped"></skipped>
          </testcase>
          <testcase name="[It] [sig-storage] Volume migration with local disks should be reverted when root disk on local storage and one additional disk [SIG-Storage]" classname="Tests" status="skipped" time="0">
              <skipped message="skipped"></skipped>
          </testcase>
          <testcase name="[It] [sig-storage] Volume migration with local disks should be reverted when only additional disk on local storage [SIG-Storage]" classname="Tests" status="skipped" time="0">
              <skipped message="skipped"></skipped>
          </testcase>
          <testcase name="[It] [sig-storage] Volume migration with local disks should be successful two migrations in a row [SIG-Storage]" classname="Tests" status="skipped" time="0">
              <skipped message="skipped"></skipped>
          </testcase>
          <testcase name="[It] [sig-storage] Volume migration with local disks should be reverted first and completed second [SIG-Storage]" classname="Tests" status="skipped" time="0">
              <skipped message="skipped"></skipped>
          </testcase>
          <testcase name="[It] [sig-storage] Volume migration with local disks should be reverted because virtual machine stopped when virtual machine deleting [SIG-Storage]" classname="Tests" status="skipped" time="0">
              <skipped message="skipped"></skipped>
          </testcase>
          <testcase name="[It] [sig-storage] Volume migration with local disks should be reverted because virtual machine stopped when virtual machine stopped from OS [SIG-Storage]" classname="Tests" status="skipped" time="0">
              <skipped message="skipped"></skipped>
          </testcase>
          <testcase name="[It] [sig-storage] Volume migration with local disks Migrate to not matched node should reverted because migration canceled when pod pending [SIG-Storage]" classname="Tests" status="skipped" time="0">
              <skipped message="skipped"></skipped>
          </testcase>
          <testcase name="[It] [sig-storage] Volume migration with local disks should be failed with RWO VMBDA [SIG-Storage]" classname="Tests" status="skipped" time="0">
              <skipped message="skipped"></skipped>
          </testcase>
          <testcase name="[It] ImporterNetworkPolicy Project creates project" classname="Tests" status="skipped" time="0">
              <skipped message="skipped"></skipped>
          </testcase>
          <testcase name="[It] ImporterNetworkPolicy Project checks project readiness" classname="Tests" status="skipped" time="0">
              <skipped message="skipped"></skipped>
          </testcase>
          <testcase name="[It] ImporterNetworkPolicy When resources are applied result should be succeeded" classname="Tests" status="skipped" time="0">
              <skipped message="skipped"></skipped>
          </testcase>
          <testcase name="[It] ImporterNetworkPolicy When resources are applied When virtual images are applied" classname="Tests" status="skipped" time="0">
              <skipped message="skipped"></skipped>
          </testcase>
          <testcase name="[It] ImporterNetworkPolicy When resources are applied When virtual disks are applied" classname="Tests" status="skipped" time="0">
              <skipped message="skipped"></skipped>
          </testcase>
          <testcase name="[It] ImporterNetworkPolicy When resources are applied When virtual machines are applied" classname="Tests" status="skipped" time="0">
              <skipped message="skipped"></skipped>
          </testcase>
          <testcase name="[It] VirtualMachineMigration When resources are applied result should be succeeded [SIG-Migration]" classname="Tests" status="skipped" time="0">
              <skipped message="skipped"></skipped>
          </testcase>
          <testcase name="[It] VirtualMachineMigration When virtual machines are applied checks VMs phases [SIG-Migration]" classname="Tests" status="skipped" time="0">
              <skipped message="skipped"></skipped>
          </testcase>
          <testcase name="[It] VirtualMachineMigration When virtual machine agents are ready starts migrations [SIG-Migration]" classname="Tests" status="skipped" time="0">
              <skipped message="skipped"></skipped>
          </testcase>
          <testcase name="[It] VirtualMachineMigration When VMs migrations are applied checks VMs and VMOPs phases [SIG-Migration]" classname="Tests" status="skipped" time="0">
              <skipped message="skipped"></skipped>
          </testcase>
          <testcase name="[It] VirtualMachineMigration When VMs migrations are applied checks VMs external connection after migrations [SIG-Migration]" classname="Tests" status="skipped" time="0">
              <skipped message="skipped"></skipped>
          </testcase>
          <testcase name="[It] VirtualMachineMigration When test is completed deletes test case resources [SIG-Migration]" classname="Tests" status="skipped" time="0">
              <skipped message="skipped"></skipped>
          </testcase>
          <testcase name="[It] VirtualMachineAffinityAndToleration When the virtualization resources are applied: result should be succeeded" classname="Tests" status="skipped" time="0">
              <skipped message="skipped"></skipped>
          </testcase>
          <testcase name="[It] VirtualMachineAffinityAndToleration When the virtualization resources are applied: checks the resources phase" classname="Tests" status="skipped" time="0">
              <skipped message="skipped"></skipped>
          </testcase>
          <testcase name="[It] VirtualMachineAffinityAndToleration When the virtual machines agents are ready checks the `status.nodeName` field of the `VirtualMachines`" classname="Tests" status="skipped" time="0">
              <skipped message="skipped"></skipped>
          </testcase>
          <testcase name="[It] VirtualMachineAffinityAndToleration When the virtual machine `node-selector` agent is ready sets the `spec.nodeSelector` field" classname="Tests" status="skipped" time="0">
              <skipped message="skipped"></skipped>
          </testcase>
          <testcase name="[It] VirtualMachineAffinityAndToleration When the virtual machine `node-affinity` agent is ready sets the `spec.affinity.nodeAffinity` field" classname="Tests" status="skipped" time="0">
              <skipped message="skipped"></skipped>
          </testcase>
          <testcase name="[It] VirtualMachineAffinityAndToleration When test is completed deletes test case resources" classname="Tests" status="skipped" time="0">
              <skipped message="skipped"></skipped>
          </testcase>
          <testcase name="[It] VirtualImageCreation When resources are applied result should be succeeded" classname="Tests" status="skipped" time="0">
              <skipped message="skipped"></skipped>
          </testcase>
          <testcase name="[It] VirtualImageCreation When base virtual resources are ready checks VD phase" classname="Tests" status="skipped" time="0">
              <skipped message="skipped"></skipped>
          </testcase>
          <testcase name="[It] VirtualImageCreation When base virtual resources are ready checks VDSnapshot phase" classname="Tests" status="skipped" time="0">
              <skipped message="skipped"></skipped>
          </testcase>
          <testcase name="[It] VirtualImageCreation When virtual images are applied checks VIs phases" classname="Tests" status="skipped" time="0">
              <skipped message="skipped"></skipped>
          </testcase>
          <testcase name="[It] VirtualImageCreation When virtual images are applied checks CVIs phases" classname="Tests" status="skipped" time="0">
              <skipped message="skipped"></skipped>
          </testcase>
          <testcase name="[It] VirtualImageCreation When test is completed deletes test case resources" classname="Tests" status="skipped" time="0">
              <skipped message="skipped"></skipped>
          </testcase>
          <testcase name="[It] VirtualDiskSnapshots When virtualization resources are applied: result should be succeeded" classname="Tests" status="skipped" time="0">
              <skipped message="skipped"></skipped>
          </testcase>
          <testcase name="[It] VirtualDiskSnapshots When virtual images are applied: checks VIs phases" classname="Tests" status="skipped" time="0">
              <skipped message="skipped"></skipped>
          </testcase>
          <testcase name="[It] VirtualDiskSnapshots When virtual disks are applied: checks VDs phases" classname="Tests" status="skipped" time="0">
              <skipped message="skipped"></skipped>
          </testcase>
          <testcase name="[It] VirtualDiskSnapshots When virtual machines are applied: checks VMs phases" classname="Tests" status="skipped" time="0">
              <skipped message="skipped"></skipped>
          </testcase>
          <testcase name="[It] VirtualDiskSnapshots When virtual machine block device attachments are applied: checks VMBDAs phases" classname="Tests" status="skipped" time="0">
              <skipped message="skipped"></skipped>
          </testcase>
          <testcase name="[It] VirtualDiskSnapshots When unattached VDs in phase Ready: creates VDs snapshots with `requiredConsistency`" classname="Tests" status="skipped" time="0">
              <skipped message="skipped"></skipped>
          </testcase>
          <testcase name="[It] VirtualDiskSnapshots When unattached VDs in phase Ready: checks snapshots of unattached VDs" classname="Tests" status="skipped" time="0">
              <skipped message="skipped"></skipped>
          </testcase>
          <testcase name="[It] VirtualDiskSnapshots When virtual machines in Running phase creates snapshots with `requiredConsistency` of attached VDs" classname="Tests" status="skipped" time="0">
              <skipped message="skipped"></skipped>
          </testcase>
          <testcase name="[It] VirtualDiskSnapshots When virtual machines in Running phase creates `vdSnapshots` concurrently" classname="Tests" status="skipped" time="0">
              <skipped message="skipped"></skipped>
          </testcase>
          <testcase name="[It] VirtualDiskSnapshots When virtual machines in Running phase checks snapshots" classname="Tests" status="skipped" time="0">
              <skipped message="skipped"></skipped>
          </testcase>
          <testcase name="[It] VirtualDiskSnapshots When virtual machines in Running phase checks `FileSystemFrozen` status of VMs" classname="Tests" status="skipped" time="0">
              <skipped message="skipped"></skipped>
          </testcase>
          <testcase name="[It] VirtualDiskSnapshots When test is completed deletes test case resources" classname="Tests" status="skipped" time="0">
              <skipped message="skipped"></skipped>
          </testcase>
          <testcase name="[It] IPAM vmip with type Auto Creates vmip with type Auto" classname="Tests" status="skipped" time="0">
              <skipped message="skipped"></skipped>
          </testcase>
          <testcase name="[It] IPAM vmip with type Static Creates vmip with type Static" classname="Tests" status="skipped" time="0">
              <skipped message="skipped"></skipped>
          </testcase>
          <testcase name="[It] VirtualMachineCancelMigration Cancel migrate [SIG-Migration]" classname="Tests" status="skipped" time="0">
              <skipped message="skipped"></skipped>
          </testcase>
          <testcase name="[It] VirtualMachineAdditionalNetworkInterfaces When resources are applied result should be succeeded [SIG-Migration]" classname="Tests" status="skipped" time="0">
              <skipped message="skipped"></skipped>
          </testcase>
          <testcase name="[It] VirtualMachineAdditionalNetworkInterfaces When virtual machines are applied checks VMs phases [SIG-Migration]" classname="Tests" status="skipped" time="0">
              <skipped message="skipped"></skipped>
          </testcase>
          <testcase name="[It] VirtualMachineAdditionalNetworkInterfaces When virtual machines are applied checks network availability [SIG-Migration]" classname="Tests" status="skipped" time="0">
              <skipped message="skipped"></skipped>
          </testcase>
          <testcase name="[It] VirtualMachineAdditionalNetworkInterfaces When virtual machine agents and network are ready starts migrations [SIG-Migration]" classname="Tests" status="skipped" time="0">
              <skipped message="skipped"></skipped>
          </testcase>
          <testcase name="[It] VirtualMachineAdditionalNetworkInterfaces When VMs migrations are applied checks VMs and VMOPs phases [SIG-Migration]" classname="Tests" status="skipped" time="0">
              <skipped message="skipped"></skipped>
          </testcase>
          <testcase name="[It] VirtualMachineAdditionalNetworkInterfaces When VMs migrations are applied checks VMs external connection after migrations [SIG-Migration]" classname="Tests" status="skipped" time="0">
              <skipped message="skipped"></skipped>
          </testcase>
          <testcase name="[It] VirtualMachineAdditionalNetworkInterfaces When VMs migrations are applied checks network availability after migrations [SIG-Migration]" classname="Tests" status="skipped" time="0">
              <skipped message="skipped"></skipped>
          </testcase>
          <testcase name="[It] VirtualMachineAdditionalNetworkInterfaces When test is completed deletes test case resources [SIG-Migration]" classname="Tests" status="skipped" time="0">
              <skipped message="skipped"></skipped>
          </testcase>
          <testcase name="[It] [sig-storage] Volume migration when storage class changed should be successful when only root disk changed storage class [SIG-Storage]" classname="Tests" status="skipped" time="0">
              <skipped message="skipped"></skipped>
          </testcase>
          <testcase name="[It] [sig-storage] Volume migration when storage class changed should be successful when root disk changed storage class and one local additional disk [SIG-Storage]" classname="Tests" status="skipped" time="0">
              <skipped message="skipped"></skipped>
          </testcase>
          <testcase name="[It] [sig-storage] Volume migration when storage class changed should be successful when root disk changed storage class and one additional disk [SIG-Storage]" classname="Tests" status="skipped" time="0">
              <skipped message="skipped"></skipped>
          </testcase>
          <testcase name="[It] [sig-storage] Volume migration when storage class changed should be successful when only additional disk changed storage class [SIG-Storage]" classname="Tests" status="skipped" time="0">
              <skipped message="skipped"></skipped>
          </testcase>
          <testcase name="[It] [sig-storage] Volume migration when storage class changed should be reverted when only root disk changed storage class [SIG-Storage]" classname="Tests" status="skipped" time="0">
              <skipped message="skipped"></skipped>
          </testcase>
          <testcase name="[It] [sig-storage] Volume migration when storage class changed should be reverted when root disk changed storage class and one local additional disk [SIG-Storage]" classname="Tests" status="skipped" time="0">
              <skipped message="skipped"></skipped>
          </testcase>
          <testcase name="[It] [sig-storage] Volume migration when storage class changed should be reverted when root disk changed storage class and one additional disk [SIG-Storage]" classname="Tests" status="skipped" time="0">
              <skipped message="skipped"></skipped>
          </testcase>
          <testcase name="[It] [sig-storage] Volume migration when storage class changed should be reverted when only additional disk changed storage class [SIG-Storage]" classname="Tests" status="skipped" time="0">
              <skipped message="skipped"></skipped>
          </testcase>
          <testcase name="[It] [sig-storage] Volume migration when storage class changed should be successful two migrations in a row [SIG-Storage]" classname="Tests" status="skipped" time="0">
              <skipped message="skipped"></skipped>
          </testcase>
          <testcase name="[It] VirtualMachineConnectivity When resources are applied result should be succeeded" classname="Tests" status="skipped" time="0">
              <skipped message="skipped"></skipped>
          </testcase>
          <testcase name="[It] VirtualMachineConnectivity When virtual images are applied checks VIs phases" classname="Tests" status="skipped" time="0">
              <skipped message="skipped"></skipped>
          </testcase>
          <testcase name="[It] VirtualMachineConnectivity When virtual disks are applied checks VDs phases" classname="Tests" status="skipped" time="0">
              <skipped message="skipped"></skipped>
          </testcase>
          <testcase name="[It] VirtualMachineConnectivity When virtual machines are applied checks VMs phases" classname="Tests" status="skipped" time="0">
              <skipped message="skipped"></skipped>
          </testcase>
          <testcase name="[It] VirtualMachineConnectivity When run curl-helper status should be in Running phase" classname="Tests" status="skipped" time="0">
              <skipped message="skipped"></skipped>
          </testcase>
          <testcase name="[It] VirtualMachineConnectivity When virtual machine agents are ready gets VMs and SVCs objects" classname="Tests" status="skipped" time="0">
              <skipped message="skipped"></skipped>
          </testcase>
          <testcase name="[It] VirtualMachineConnectivity When virtual machine agents are ready check ssh connection via `d8 v` to VMs" classname="Tests" status="skipped" time="0">
              <skipped message="skipped"></skipped>
          </testcase>
          <testcase name="[It] VirtualMachineConnectivity When virtual machine agents are ready checks VMs connection to external network" classname="Tests" status="skipped" time="0">
              <skipped message="skipped"></skipped>
          </testcase>
          <testcase name="[It] VirtualMachineConnectivity When virtual machine agents are ready check nginx status via `d8 v` on VMs" classname="Tests" status="skipped" time="0">
              <skipped message="skipped"></skipped>
          </testcase>
          <testcase name="[It] VirtualMachineConnectivity When virtual machine agents are ready gets page from service head-45bdb83d-vm-connectivity-a" classname="Tests" status="skipped" time="0">
              <skipped message="skipped"></skipped>
          </testcase>
          <testcase name="[It] VirtualMachineConnectivity When virtual machine agents are ready gets page from service head-45bdb83d-vm-connectivity-b" classname="Tests" status="skipped" time="0">
              <skipped message="skipped"></skipped>
          </testcase>
          <testcase name="[It] VirtualMachineConnectivity When virtual machine agents are ready changes selector in service head-45bdb83d-vm-connectivity-a with selector from service head-45bdb83d-vm-connectivity-b" classname="Tests" status="skipped" time="0">
              <skipped message="skipped"></skipped>
          </testcase>
          <testcase name="[It] VirtualMachineConnectivity When virtual machine agents are ready checks selector in service head-45bdb83d-vm-connectivity-a" classname="Tests" status="skipped" time="0">
              <skipped message="skipped"></skipped>
          </testcase>
          <testcase name="[It] VirtualMachineConnectivity When virtual machine agents are ready gets page from service head-45bdb83d-vm-connectivity-a" classname="Tests" status="skipped" time="0">
              <skipped message="skipped"></skipped>
          </testcase>
          <testcase name="[It] VirtualMachineConnectivity When virtual machine agents are ready changes back selector in service head-45bdb83d-vm-connectivity-a" classname="Tests" status="skipped" time="0">
              <skipped message="skipped"></skipped>
          </testcase>
          <testcase name="[It] VirtualMachineConnectivity When virtual machine agents are ready checks selector in service head-45bdb83d-vm-connectivity-a" classname="Tests" status="skipped" time="0">
              <skipped message="skipped"></skipped>
          </testcase>
          <testcase name="[It] VirtualMachineConnectivity When test is completed deletes test case resources" classname="Tests" status="skipped" time="0">
              <skipped message="skipped"></skipped>
          </testcase>
          <testcase name="[It] VirtualMachineLabelAndAnnotation When resources are applied result should be succeeded" classname="Tests" status="skipped" time="0">
              <skipped message="skipped"></skipped>
          </testcase>
          <testcase name="[It] VirtualMachineLabelAndAnnotation When virtual images are applied checks VIs phases" classname="Tests" status="skipped" time="0">
              <skipped message="skipped"></skipped>
          </testcase>
          <testcase name="[It] VirtualMachineLabelAndAnnotation When virtual disks are applied checks VDs phases" classname="Tests" status="skipped" time="0">
              <skipped message="skipped"></skipped>
          </testcase>
          <testcase name="[It] VirtualMachineLabelAndAnnotation When virtual machines are applied checks VMs phases" classname="Tests" status="skipped" time="0">
              <skipped message="skipped"></skipped>
          </testcase>
          <testcase name="[It] VirtualMachineLabelAndAnnotation When virtual machine is running marks VMs with label map[&#34;specialKey&#34;:&#34;specialValue&#34;]" classname="Tests" status="skipped" time="0">
              <skipped message="skipped"></skipped>
          </testcase>
          <testcase name="[It] VirtualMachineLabelAndAnnotation When virtual machine is running checks VMs and pods labels after VMs labeling" classname="Tests" status="skipped" time="0">
              <skipped message="skipped"></skipped>
          </testcase>
          <testcase name="[It] VirtualMachineLabelAndAnnotation When virtual machine is running removes label map[specialKey:specialValue] from VMs" classname="Tests" status="skipped" time="0">
              <skipped message="skipped"></skipped>
          </testcase>
          <testcase name="[It] VirtualMachineLabelAndAnnotation When virtual machine is running checks VMs and pods labels after VMs unlabeling" classname="Tests" status="skipped" time="0">
              <skipped message="skipped"></skipped>
          </testcase>
          <testcase name="[It] VirtualMachineLabelAndAnnotation Annotate `VirtualMachines` in Running phase marks VMs with annotation map[&#34;specialKey&#34;:&#34;specialValue&#34;]" classname="Tests" status="skipped" time="0">
              <skipped message="skipped"></skipped>
          </testcase>
          <testcase name="[It] VirtualMachineLabelAndAnnotation Annotate `VirtualMachines` in Running phase checks VMs and pods annotations after VMs annotating" classname="Tests" status="skipped" time="0">
              <skipped message="skipped"></skipped>
          </testcase>
          <testcase name="[It] VirtualMachineLabelAndAnnotation Annotate `VirtualMachines` in Running phase removes annotation map[specialKey:specialValue] from VMs" classname="Tests" status="skipped" time="0">
              <skipped message="skipped"></skipped>
          </testcase>
          <testcase name="[It] VirtualMachineLabelAndAnnotation Annotate `VirtualMachines` in Running phase checks VMs and pods annotations after VMs unannotating" classname="Tests" status="skipped" time="0">
              <skipped message="skipped"></skipped>
          </testcase>
          <testcase name="[It] VirtualMachineLabelAndAnnotation When test is completed deletes test case resources" classname="Tests" status="skipped" time="0">
              <skipped message="skipped"></skipped>
          </testcase>
          <testcase name="[It] VirtualMachineEvacuation Evacuation [SIG-Migration]" classname="Tests" status="skipped" time="0">
              <skipped message="skipped"></skipped>
          </testcase>
          <testcase name="[It] VirtualMachineConfiguration 1 When resources are applied result should be succeeded" classname="Tests" status="skipped" time="0">
              <skipped message="skipped"></skipped>
          </testcase>
          <testcase name="[It] VirtualMachineConfiguration 1 When virtual images are applied checks VIs phases" classname="Tests" status="skipped" time="0">
              <skipped message="skipped"></skipped>
          </testcase>
          <testcase name="[It] VirtualMachineConfiguration 1 When virtual disks are applied should be in Ready phase" classname="Tests" status="skipped" time="0">
              <skipped message="skipped"></skipped>
          </testcase>
          <testcase name="[It] VirtualMachineConfiguration 1 When virtual machines are applied should be ready" classname="Tests" status="skipped" time="0">
              <skipped message="skipped"></skipped>
          </testcase>
          <testcase name="[It] VirtualMachineConfiguration 1 Manual restart approval mode 1 When virtual machine agents are ready changes the number of processor cores" classname="Tests" status="skipped" time="0">
              <skipped message="skipped"></skipped>
          </testcase>
          <testcase name="[It] VirtualMachineConfiguration 1 Manual restart approval mode 1 When virtual machine is patched checks the number of processor cores in specification" classname="Tests" status="skipped" time="0">
              <skipped message="skipped"></skipped>
          </testcase>
          <testcase name="[It] VirtualMachineConfiguration 1 Manual restart approval mode 1 When virtual machine is restarted should be ready" classname="Tests" status="skipped" time="0">
              <skipped message="skipped"></skipped>
          </testcase>
          <testcase name="[It] VirtualMachineConfiguration 1 Manual restart approval mode 1 When virtual machine agents are ready checks that the number of processor cores was changed" classname="Tests" status="skipped" time="0">
              <skipped message="skipped"></skipped>
          </testcase>
          <testcase name="[It] VirtualMachineConfiguration 1 Automatic restart approval mode 1 When virtual machine is in Running phase changes the number of processor cores" classname="Tests" status="skipped" time="0">
              <skipped message="skipped"></skipped>
          </testcase>
          <testcase name="[It] VirtualMachineConfiguration 1 Automatic restart approval mode 1 When virtual machine is patched checks the number of processor cores in specification" classname="Tests" status="skipped" time="0">
              <skipped message="skipped"></skipped>
          </testcase>
          <testcase name="[It] VirtualMachineConfiguration 1 Automatic restart approval mode 1 When virtual machine is restarted should be ready" classname="Tests" status="skipped" time="0">
              <skipped message="skipped"></skipped>
          </testcase>
          <testcase name="[It] VirtualMachineConfiguration 1 Automatic restart approval mode 1 When virtual machine agents are ready checks that the number of processor cores was changed" classname="Tests" status="skipped" time="0">
              <skipped message="skipped"></skipped>
          </testcase>
          <testcase name="[It] VirtualMachineConfiguration 1 When test is completed deletes test case resources" classname="Tests" status="skipped" time="0">
              <skipped message="skipped"></skipped>
          </testcase>
          <testcase name="[It] VirtualMachineVersions When virtualization resources are applied: result should be succeeded" classname="Tests" status="skipped" time="0">
              <skipped message="skipped"></skipped>
          </testcase>
          <testcase name="[It] VirtualMachineVersions When virtual disks are applied: checks VDs phases" classname="Tests" status="skipped" time="0">
              <skipped message="skipped"></skipped>
          </testcase>
          <testcase name="[It] VirtualMachineVersions When virtual machines are applied: checks VMs phases" classname="Tests" status="skipped" time="0">
              <skipped message="skipped"></skipped>
          </testcase>
          <testcase name="[It] VirtualMachineVersions When virtual machines are ready: has qemu version in the status" classname="Tests" status="skipped" time="0">
              <skipped message="skipped"></skipped>
          </testcase>
          <testcase name="[It] VirtualMachineVersions When virtual machines are ready: has libvirt version in the status" classname="Tests" status="skipped" time="0">
              <skipped message="skipped"></skipped>
          </testcase>
          <testcase name="[It] VirtualMachineVersions When test is completed deletes test case resources" classname="Tests" status="skipped" time="0">
              <skipped message="skipped"></skipped>
          </testcase>
          <testcase name="[It] VirtualMachineRestoreForce When the virtualization resources are applied result should be succeeded [SIG-Restoration]" classname="Tests" status="skipped" time="0">
              <skipped message="skipped"></skipped>
          </testcase>
          <testcase name="[It] VirtualMachineRestoreForce When the virtualization resources are applied checks the resources phase [SIG-Restoration]" classname="Tests" status="skipped" time="0">
              <skipped message="skipped"></skipped>
          </testcase>
          <testcase name="[It] VirtualMachineRestoreForce When the virtualization resources are applied add additional interface to virtual machines [SIG-Restoration]" classname="Tests" status="skipped" time="0">
              <skipped message="skipped"></skipped>
          </testcase>
          <testcase name="[It] VirtualMachineRestoreForce When the resources are ready to use restore the `VirtualMachines` with `forced` mode [SIG-Restoration]" classname="Tests" status="skipped" time="0">
              <skipped message="skipped"></skipped>
          </testcase>
          <testcase name="[It] VirtualMachineRestoreForce When the resources are ready to use check the .status.networks of each VM after restore [SIG-Restoration]" classname="Tests" status="skipped" time="0">
              <skipped message="skipped"></skipped>
          </testcase>
          <testcase name="[It] VirtualMachineRestoreForce When test is completed deletes test case resources [SIG-Restoration]" classname="Tests" status="skipped" time="0">
              <skipped message="skipped"></skipped>
          </testcase>
          <testcase name="[It] SizingPolicy When resources are applied result should be succeeded" classname="Tests" status="skipped" time="0">
              <skipped message="skipped"></skipped>
          </testcase>
          <testcase name="[It] SizingPolicy When virtual images are applied checks VIs phases" classname="Tests" status="skipped" time="0">
              <skipped message="skipped"></skipped>
          </testcase>
          <testcase name="[It] SizingPolicy When virtual disks are applied checks VDs phases with map[vm:not-existing-vmclass-with-changing] and map[vm:not-existing-vmclass-with-creating] label" classname="Tests" status="skipped" time="0">
              <skipped message="skipped"></skipped>
          </testcase>
          <testcase name="[It] SizingPolicy When virtual disks are applied checks VDs phases with map[vm:existing-vmclass] label" classname="Tests" status="skipped" time="0">
              <skipped message="skipped"></skipped>
          </testcase>
          <testcase name="[It] SizingPolicy When virtual machines are applied checks VMs phases with map[vm:not-existing-vmclass-with-changing] and map[vm:not-existing-vmclass-with-creating] label" classname="Tests" status="skipped" time="0">
              <skipped message="skipped"></skipped>
          </testcase>
          <testcase name="[It] SizingPolicy When virtual machines are applied checks VMs phases with map[vm:existing-vmclass] label" classname="Tests" status="skipped" time="0">
              <skipped message="skipped"></skipped>
          </testcase>
          <testcase name="[It] SizingPolicy Not existing virtual machine class When virtual machine with label map[vm:not-existing-vmclass-with-changing] in phase Pending checks condition status before changing &#39;virtulaMachineCLass` field with existing class" classname="Tests" status="skipped" time="0">
              <skipped message="skipped"></skipped>
          </testcase>
          <testcase name="[It] SizingPolicy Not existing virtual machine class When virtual machine with label map[vm:not-existing-vmclass-with-changing] in phase Pending changes VMClassName in VM specification with existing VMClass" classname="Tests" status="skipped" time="0">
              <skipped message="skipped"></skipped>
          </testcase>
          <testcase name="[It] SizingPolicy Not existing virtual machine class When virtual machine with label map[vm:not-existing-vmclass-with-changing] in phase Pending checks VM phase and condition status after changing" classname="Tests" status="skipped" time="0">
              <skipped message="skipped"></skipped>
          </testcase>
          <testcase name="[It] SizingPolicy Not existing virtual machine class When virtual machine with label map[vm:not-existing-vmclass-with-creating] in phase Pending checks condition status before creating `VirtualMachineClass`" classname="Tests" status="skipped" time="0">
              <skipped message="skipped"></skipped>
          </testcase>
          <testcase name="[It] SizingPolicy Not existing virtual machine class When virtual machine with label map[vm:not-existing-vmclass-with-creating] in phase Pending changes VMClassName in VM specification with not existing VMClass which have correct prefix for creating" classname="Tests" status="skipped" time="0">
              <skipped message="skipped"></skipped>
          </testcase>
          <testcase name="[It] SizingPolicy Not existing virtual machine class When virtual machine with label map[vm:not-existing-vmclass-with-creating] in phase Pending creates new `VirtualMachineClass`" classname="Tests" status="skipped" time="0">
              <skipped message="skipped"></skipped>
          </testcase>
          <testcase name="[It] SizingPolicy Not existing virtual machine class When virtual machine with label map[vm:not-existing-vmclass-with-creating] in phase Pending checks VM phase and condition after creating" classname="Tests" status="skipped" time="0">
              <skipped message="skipped"></skipped>
          </testcase>
          <testcase name="[It] SizingPolicy When virtual machines in phase Running checks sizing policy match" classname="Tests" status="skipped" time="0">
              <skipped message="skipped"></skipped>
          </testcase>
          <testcase name="[It] SizingPolicy When test is completed deletes test case resources" classname="Tests" status="skipped" time="0">
              <skipped message="skipped"></skipped>
          </testcase>
          <testcase name="[SynchronizedAfterSuite]" classname="Tests" status="failed" time="0.844542208">
              <failure message="Expected success, but got an error:&#xA;    &lt;*errors.joinError | 0x14000980318&gt;: &#xA;    the container &#34;virtualization-controller&#34; was not found: virtualization-controller-65dd99bb48-bdflv&#xA;    {&#xA;        errs: [&#xA;            &lt;*errors.errorString | 0x140002c6440&gt;{&#xA;                s: &#34;the container \&#34;virtualization-controller\&#34; was not found: virtualization-controller-65dd99bb48-bdflv&#34;,&#xA;            },&#xA;        ],&#xA;    }" type="failed">[FAILED] Expected success, but got an error:&#xA;    &lt;*errors.joinError | 0x14000980318&gt;: &#xA;    the container &#34;virtualization-controller&#34; was not found: virtualization-controller-65dd99bb48-bdflv&#xA;    {&#xA;        errs: [&#xA;            &lt;*errors.errorString | 0x140002c6440&gt;{&#xA;                s: &#34;the container \&#34;virtualization-controller\&#34; was not found: virtualization-controller-65dd99bb48-bdflv&#34;,&#xA;            },&#xA;        ],&#xA;    }&#xA;In [SynchronizedAfterSuite] at: /Users/antont/ansible_deckhouse/virtualization-full/tests/e2e/e2e_test.go:183 @ 10/07/25 10:28:08.584&#xA;</failure>
              <system-err>&gt; Enter [SynchronizedAfterSuite] TOP-LEVEL - /Users/antont/ansible_deckhouse/virtualization-full/tests/e2e/e2e_test.go:182 @ 10/07/25 10:28:07.74&#xA;&lt; Exit [SynchronizedAfterSuite] TOP-LEVEL - /Users/antont/ansible_deckhouse/virtualization-full/tests/e2e/e2e_test.go:182 @ 10/07/25 10:28:07.74 (0s)&#xA;&gt; Enter [SynchronizedAfterSuite] TOP-LEVEL - /Users/antont/ansible_deckhouse/virtualization-full/tests/e2e/e2e_test.go:182 @ 10/07/25 10:28:07.74&#xA;[FAILED] Expected success, but got an error:&#xA;    &lt;*errors.joinError | 0x14000980318&gt;: &#xA;    the container &#34;virtualization-controller&#34; was not found: virtualization-controller-65dd99bb48-bdflv&#xA;    {&#xA;        errs: [&#xA;            &lt;*errors.errorString | 0x140002c6440&gt;{&#xA;                s: &#34;the container \&#34;virtualization-controller\&#34; was not found: virtualization-controller-65dd99bb48-bdflv&#34;,&#xA;            },&#xA;        ],&#xA;    }&#xA;In [SynchronizedAfterSuite] at: /Users/antont/ansible_deckhouse/virtualization-full/tests/e2e/e2e_test.go:183 @ 10/07/25 10:28:08.584&#xA;&lt; Exit [SynchronizedAfterSuite] TOP-LEVEL - /Users/antont/ansible_deckhouse/virtualization-full/tests/e2e/e2e_test.go:182 @ 10/07/25 10:28:08.584 (844ms)&#xA;</system-err>
          </testcase>
          <testcase name="[DeferCleanup (Suite)]" classname="Tests" status="passed" time="8.920473083">
              <system-err>&gt; Enter [DeferCleanup (Suite)] TOP-LEVEL - /Users/antont/ansible_deckhouse/virtualization-full/tests/e2e/e2e_test.go:175 @ 10/07/25 10:28:08.584&#xA;&lt; Exit [DeferCleanup (Suite)] TOP-LEVEL - /Users/antont/ansible_deckhouse/virtualization-full/tests/e2e/e2e_test.go:175 @ 10/07/25 10:28:17.502 (8.92s)&#xA;</system-err>
          </testcase>
      </testsuite>
  </testsuites>