<?xml version="1.0" encoding="UTF-8"?>
  <testsuites tests="214" disabled="192" errors="0" failures="19" time="1025.9462145">
      <testsuite name="Tests" package="/Users/antont/ansible_deckhouse/virtualization-full/tests/e2e" tests="214" disabled="0" skipped="192" errors="0" failures="19" time="1025.9462145" timestamp="2025-10-08T22:03:55">
          <properties>
              <property name="SuiteSucceeded" value="false"></property>
              <property name="SuiteHasProgrammaticFocus" value="false"></property>
              <property name="SpecialSuiteFailureReason" value=""></property>
              <property name="SuiteLabels" value="[]"></property>
              <property name="RandomSeed" value="1759950229"></property>
              <property name="RandomizeAllSpecs" value="false"></property>
              <property name="LabelFilter" value=""></property>
              <property name="FocusStrings" value=""></property>
              <property name="SkipStrings" value=""></property>
              <property name="FocusFiles" value=""></property>
              <property name="SkipFiles" value=""></property>
              <property name="FailOnPending" value="false"></property>
              <property name="FailOnEmpty" value="false"></property>
              <property name="FailFast" value="false"></property>
              <property name="FlakeAttempts" value="0"></property>
              <property name="DryRun" value="false"></property>
              <property name="ParallelTotal" value="1"></property>
              <property name="OutputInterceptorMode" value=""></property>
          </properties>
          <testcase name="[SynchronizedBeforeSuite]" classname="Tests" status="passed" time="4.737688334">
              <system-err>&gt; Enter [SynchronizedBeforeSuite] TOP-LEVEL - /Users/antont/ansible_deckhouse/virtualization-full/tests/e2e/e2e_test.go:137 @ 10/08/25 22:03:55.808&#xA;&lt; Exit [SynchronizedBeforeSuite] TOP-LEVEL - /Users/antont/ansible_deckhouse/virtualization-full/tests/e2e/e2e_test.go:137 @ 10/08/25 22:04:00.545 (4.738s)&#xA;&gt; Enter [SynchronizedBeforeSuite] TOP-LEVEL - /Users/antont/ansible_deckhouse/virtualization-full/tests/e2e/e2e_test.go:137 @ 10/08/25 22:04:00.545&#xA;&lt; Exit [SynchronizedBeforeSuite] TOP-LEVEL - /Users/antont/ansible_deckhouse/virtualization-full/tests/e2e/e2e_test.go:137 @ 10/08/25 22:04:00.545 (0s)&#xA;</system-err>
          </testcase>
          <testcase name="[It] VirtualDiskAttachment When resources are applied result should be succeeded" classname="Tests" status="passed" time="5.774898333">
              <system-err>&gt; Enter [BeforeAll] VirtualDiskAttachment - /Users/antont/ansible_deckhouse/virtualization-full/tests/e2e/vm_disk_attachment_test.go:52 @ 10/08/25 22:04:00.549&#xA;&lt; Exit [BeforeAll] VirtualDiskAttachment - /Users/antont/ansible_deckhouse/virtualization-full/tests/e2e/vm_disk_attachment_test.go:52 @ 10/08/25 22:04:02.578 (2.029s)&#xA;&gt; Enter [BeforeEach] VirtualDiskAttachment - /Users/antont/ansible_deckhouse/virtualization-full/tests/e2e/vm_disk_attachment_test.go:64 @ 10/08/25 22:04:02.578&#xA;&lt; Exit [BeforeEach] VirtualDiskAttachment - /Users/antont/ansible_deckhouse/virtualization-full/tests/e2e/vm_disk_attachment_test.go:64 @ 10/08/25 22:04:02.578 (0s)&#xA;&gt; Enter [It] result should be succeeded - /Users/antont/ansible_deckhouse/virtualization-full/tests/e2e/vm_disk_attachment_test.go:77 @ 10/08/25 22:04:02.578&#xA;&lt; Exit [It] result should be succeeded - /Users/antont/ansible_deckhouse/virtualization-full/tests/e2e/vm_disk_attachment_test.go:77 @ 10/08/25 22:04:06.324 (3.746s)&#xA;&gt; Enter [AfterEach] VirtualDiskAttachment - /Users/antont/ansible_deckhouse/virtualization-full/tests/e2e/vm_disk_attachment_test.go:70 @ 10/08/25 22:04:06.324&#xA;&lt; Exit [AfterEach] VirtualDiskAttachment - /Users/antont/ansible_deckhouse/virtualization-full/tests/e2e/vm_disk_attachment_test.go:70 @ 10/08/25 22:04:06.324 (0s)&#xA;</system-err>
          </testcase>
          <testcase name="[It] VirtualDiskAttachment When virtual images are applied checks VIs phases" classname="Tests" status="passed" time="8.715490584">
              <system-err>&gt; Enter [BeforeEach] VirtualDiskAttachment - /Users/antont/ansible_deckhouse/virtualization-full/tests/e2e/vm_disk_attachment_test.go:64 @ 10/08/25 22:04:06.324&#xA;&lt; Exit [BeforeEach] VirtualDiskAttachment - /Users/antont/ansible_deckhouse/virtualization-full/tests/e2e/vm_disk_attachment_test.go:64 @ 10/08/25 22:04:06.324 (0s)&#xA;&gt; Enter [It] checks VIs phases - /Users/antont/ansible_deckhouse/virtualization-full/tests/e2e/vm_disk_attachment_test.go:87 @ 10/08/25 22:04:06.324&#xA;STEP: VIs should be in Ready phases - /Users/antont/ansible_deckhouse/virtualization-full/tests/e2e/vm_disk_attachment_test.go:88 @ 10/08/25 22:04:06.324&#xA;&lt; Exit [It] checks VIs phases - /Users/antont/ansible_deckhouse/virtualization-full/tests/e2e/vm_disk_attachment_test.go:87 @ 10/08/25 22:04:15.04 (8.715s)&#xA;&gt; Enter [AfterEach] VirtualDiskAttachment - /Users/antont/ansible_deckhouse/virtualization-full/tests/e2e/vm_disk_attachment_test.go:70 @ 10/08/25 22:04:15.04&#xA;&lt; Exit [AfterEach] VirtualDiskAttachment - /Users/antont/ansible_deckhouse/virtualization-full/tests/e2e/vm_disk_attachment_test.go:70 @ 10/08/25 22:04:15.04 (0s)&#xA;</system-err>
          </testcase>
          <testcase name="[It] VirtualDiskAttachment When virtual disks are applied checks VDs phases" classname="Tests" status="failed" time="1002.226263042">
              <failure message="Expected&#xA;    &lt;[]string | len:1, cap:1&gt;: [&#xA;        &#34;cmd: kubectl wait virtualdisks.virtualization.deckhouse.io head-45bdb83d-vd-root-automatic-with-hotplug-standalone --namespace head-45bdb83d-end-to-end-vm-disk-attachment --for=&#39;jsonpath={.status.phase}=Ready&#39; --timeout=16m40s\nstderr: error: timed out waiting for the condition on virtualdisks/head-45bdb83d-vd-root-automatic-with-hotplug-standalone\n&#34;,&#xA;    ]&#xA;to be empty" type="failed">[FAILED] Expected&#xA;    &lt;[]string | len:1, cap:1&gt;: [&#xA;        &#34;cmd: kubectl wait virtualdisks.virtualization.deckhouse.io head-45bdb83d-vd-root-automatic-with-hotplug-standalone --namespace head-45bdb83d-end-to-end-vm-disk-attachment --for=&#39;jsonpath={.status.phase}=Ready&#39; --timeout=16m40s\nstderr: error: timed out waiting for the condition on virtualdisks/head-45bdb83d-vd-root-automatic-with-hotplug-standalone\n&#34;,&#xA;    ]&#xA;to be empty&#xA;In [It] at: /Users/antont/ansible_deckhouse/virtualization-full/tests/e2e/vm_disk_attachment_test.go:100 @ 10/08/25 22:20:57.209&#xA;</failure>
              <system-err>&gt; Enter [BeforeEach] VirtualDiskAttachment - /Users/antont/ansible_deckhouse/virtualization-full/tests/e2e/vm_disk_attachment_test.go:64 @ 10/08/25 22:04:15.04&#xA;&lt; Exit [BeforeEach] VirtualDiskAttachment - /Users/antont/ansible_deckhouse/virtualization-full/tests/e2e/vm_disk_attachment_test.go:64 @ 10/08/25 22:04:15.04 (0s)&#xA;&gt; Enter [It] checks VDs phases - /Users/antont/ansible_deckhouse/virtualization-full/tests/e2e/vm_disk_attachment_test.go:98 @ 10/08/25 22:04:15.04&#xA;STEP: VDs with consumers should be in Ready phases - /Users/antont/ansible_deckhouse/virtualization-full/tests/e2e/vm_disk_attachment_test.go:99 @ 10/08/25 22:04:15.04&#xA;[FAILED] Expected&#xA;    &lt;[]string | len:1, cap:1&gt;: [&#xA;        &#34;cmd: kubectl wait virtualdisks.virtualization.deckhouse.io head-45bdb83d-vd-root-automatic-with-hotplug-standalone --namespace head-45bdb83d-end-to-end-vm-disk-attachment --for=&#39;jsonpath={.status.phase}=Ready&#39; --timeout=16m40s\nstderr: error: timed out waiting for the condition on virtualdisks/head-45bdb83d-vd-root-automatic-with-hotplug-standalone\n&#34;,&#xA;    ]&#xA;to be empty&#xA;In [It] at: /Users/antont/ansible_deckhouse/virtualization-full/tests/e2e/vm_disk_attachment_test.go:100 @ 10/08/25 22:20:57.209&#xA;&lt; Exit [It] checks VDs phases - /Users/antont/ansible_deckhouse/virtualization-full/tests/e2e/vm_disk_attachment_test.go:98 @ 10/08/25 22:20:57.21 (16m42.165s)&#xA;&gt; Enter [AfterEach] VirtualDiskAttachment - /Users/antont/ansible_deckhouse/virtualization-full/tests/e2e/vm_disk_attachment_test.go:70 @ 10/08/25 22:20:57.21&#xA;Get resources error:&#xA;cmd: kubectl get virtualization,intvirt,po,volumesnapshot -A -o yaml -l &#39;testcase=vm-disk-attachment&#39;&#xA;error: exit status 1&#xA;stderr: E1008 22:20:57.257749   54438 memcache.go:265] &#34;Unhandled Error&#34; err=&#34;couldn&#39;t get current server API group list: Get \&#34;http://localhost:8080/api?timeout=32s\&#34;: dial tcp [::1]:8080: connect: connection refused&#34;&#xA;E1008 22:20:57.259554   54438 memcache.go:265] &#34;Unhandled Error&#34; err=&#34;couldn&#39;t get current server API group list: Get \&#34;http://localhost:8080/api?timeout=32s\&#34;: dial tcp [::1]:8080: connect: connection refused&#34;&#xA;E1008 22:20:57.261262   54438 memcache.go:265] &#34;Unhandled Error&#34; err=&#34;couldn&#39;t get current server API group list: Get \&#34;http://localhost:8080/api?timeout=32s\&#34;: dial tcp [::1]:8080: connect: connection refused&#34;&#xA;E1008 22:20:57.262951   54438 memcache.go:265] &#34;Unhandled Error&#34; err=&#34;couldn&#39;t get current server API group list: Get \&#34;http://localhost:8080/api?timeout=32s\&#34;: dial tcp [::1]:8080: connect: connection refused&#34;&#xA;E1008 22:20:57.264602   54438 memcache.go:265] &#34;Unhandled Error&#34; err=&#34;couldn&#39;t get current server API group list: Get \&#34;http://localhost:8080/api?timeout=32s\&#34;: dial tcp [::1]:8080: connect: connection refused&#34;&#xA;E1008 22:20:57.266242   54438 memcache.go:265] &#34;Unhandled Error&#34; err=&#34;couldn&#39;t get current server API group list: Get \&#34;http://localhost:8080/api?timeout=32s\&#34;: dial tcp [::1]:8080: connect: connection refused&#34;&#xA;E1008 22:20:57.267880   54438 memcache.go:265] &#34;Unhandled Error&#34; err=&#34;couldn&#39;t get current server API group list: Get \&#34;http://localhost:8080/api?timeout=32s\&#34;: dial tcp [::1]:8080: connect: connection refused&#34;&#xA;E1008 22:20:57.269530   54438 memcache.go:265] &#34;Unhandled Error&#34; err=&#34;couldn&#39;t get current server API group list: Get \&#34;http://localhost:8080/api?timeout=32s\&#34;: dial tcp [::1]:8080: connect: connection refused&#34;&#xA;The connection to the server localhost:8080 was refused - did you specify the right host or port?&#xA;&#xA;&#xA;&lt; Exit [AfterEach] VirtualDiskAttachment - /Users/antont/ansible_deckhouse/virtualization-full/tests/e2e/vm_disk_attachment_test.go:70 @ 10/08/25 22:20:57.272 (62ms)&#xA;</system-err>
          </testcase>
          <testcase name="[It] VirtualDiskAttachment When virtual machines are applied checks VMs phases" classname="Tests" status="skipped" time="0">
              <skipped message="skipped - Spec skipped because an earlier spec in an ordered container failed"></skipped>
              <system-err>[SKIPPED] Spec skipped because an earlier spec in an ordered container failed&#xA;In [It] at: /Users/antont/ansible_deckhouse/virtualization-full/tests/e2e/vm_disk_attachment_test.go:116 @ 10/08/25 22:20:57.272&#xA;</system-err>
          </testcase>
          <testcase name="[It] VirtualDiskAttachment Attachment When virtual machine agents are ready get disk count before attachment" classname="Tests" status="skipped" time="0">
              <skipped message="skipped - Spec skipped because an earlier spec in an ordered container failed"></skipped>
              <system-err>[SKIPPED] Spec skipped because an earlier spec in an ordered container failed&#xA;In [It] at: /Users/antont/ansible_deckhouse/virtualization-full/tests/e2e/vm_disk_attachment_test.go:128 @ 10/08/25 22:20:57.272&#xA;</system-err>
          </testcase>
          <testcase name="[It] VirtualDiskAttachment Attachment When virtual machine agents are ready attaches virtual disk" classname="Tests" status="skipped" time="0">
              <skipped message="skipped - Spec skipped because an earlier spec in an ordered container failed"></skipped>
              <system-err>[SKIPPED] Spec skipped because an earlier spec in an ordered container failed&#xA;In [It] at: /Users/antont/ansible_deckhouse/virtualization-full/tests/e2e/vm_disk_attachment_test.go:133 @ 10/08/25 22:20:57.272&#xA;</system-err>
          </testcase>
          <testcase name="[It] VirtualDiskAttachment Attachment When virtual machine agents are ready checks VM and VMBDA phases" classname="Tests" status="skipped" time="0">
              <skipped message="skipped - Spec skipped because an earlier spec in an ordered container failed"></skipped>
              <system-err>[SKIPPED] Spec skipped because an earlier spec in an ordered container failed&#xA;In [It] at: /Users/antont/ansible_deckhouse/virtualization-full/tests/e2e/vm_disk_attachment_test.go:136 @ 10/08/25 22:20:57.272&#xA;</system-err>
          </testcase>
          <testcase name="[It] VirtualDiskAttachment Attachment When virtual machine agents are ready compares disk count before and after attachment" classname="Tests" status="skipped" time="0">
              <skipped message="skipped - Spec skipped because an earlier spec in an ordered container failed"></skipped>
              <system-err>[SKIPPED] Spec skipped because an earlier spec in an ordered container failed&#xA;In [It] at: /Users/antont/ansible_deckhouse/virtualization-full/tests/e2e/vm_disk_attachment_test.go:150 @ 10/08/25 22:20:57.272&#xA;</system-err>
          </testcase>
          <testcase name="[It] VirtualDiskAttachment Detachment When virtual machines are in Running phases get disk count before detachment" classname="Tests" status="skipped" time="0">
              <skipped message="skipped - Spec skipped because an earlier spec in an ordered container failed"></skipped>
              <system-err>[SKIPPED] Spec skipped because an earlier spec in an ordered container failed&#xA;In [It] at: /Users/antont/ansible_deckhouse/virtualization-full/tests/e2e/vm_disk_attachment_test.go:166 @ 10/08/25 22:20:57.272&#xA;</system-err>
          </testcase>
          <testcase name="[It] VirtualDiskAttachment Detachment When virtual machines are in Running phases detaches virtual disk" classname="Tests" status="skipped" time="0">
              <skipped message="skipped - Spec skipped because an earlier spec in an ordered container failed"></skipped>
              <system-err>[SKIPPED] Spec skipped because an earlier spec in an ordered container failed&#xA;In [It] at: /Users/antont/ansible_deckhouse/virtualization-full/tests/e2e/vm_disk_attachment_test.go:171 @ 10/08/25 22:20:57.272&#xA;</system-err>
          </testcase>
          <testcase name="[It] VirtualDiskAttachment Detachment When virtual machines are in Running phases checks VM phase" classname="Tests" status="skipped" time="0">
              <skipped message="skipped - Spec skipped because an earlier spec in an ordered container failed"></skipped>
              <system-err>[SKIPPED] Spec skipped because an earlier spec in an ordered container failed&#xA;In [It] at: /Users/antont/ansible_deckhouse/virtualization-full/tests/e2e/vm_disk_attachment_test.go:179 @ 10/08/25 22:20:57.272&#xA;</system-err>
          </testcase>
          <testcase name="[It] VirtualDiskAttachment Detachment When virtual machines are in Running phases compares disk count before and after detachment" classname="Tests" status="skipped" time="0">
              <skipped message="skipped - Spec skipped because an earlier spec in an ordered container failed"></skipped>
              <system-err>[SKIPPED] Spec skipped because an earlier spec in an ordered container failed&#xA;In [It] at: /Users/antont/ansible_deckhouse/virtualization-full/tests/e2e/vm_disk_attachment_test.go:187 @ 10/08/25 22:20:57.272&#xA;</system-err>
          </testcase>
          <testcase name="[It] VirtualDiskAttachment When test is completed deletes test case resources" classname="Tests" status="skipped" time="0">
              <skipped message="skipped - Spec skipped because an earlier spec in an ordered container failed"></skipped>
              <system-err>[SKIPPED] Spec skipped because an earlier spec in an ordered container failed&#xA;In [It] at: /Users/antont/ansible_deckhouse/virtualization-full/tests/e2e/vm_disk_attachment_test.go:201 @ 10/08/25 22:20:57.272&#xA;</system-err>
          </testcase>
          <testcase name="[It] VirtualMachineRestoreForce When the virtualization resources are applied result should be succeeded [SIG-Restoration]" classname="Tests" status="failed" time="0.067753">
              <failure message="kubectl create namespace head-45bdb83d-end-to-end-vm-restore-force&#xA;Unexpected error:&#xA;    &lt;*exec.ExitError | 0x14000a2a000&gt;: &#xA;    exit status 1&#xA;    {&#xA;        ProcessState: {&#xA;            pid: 54439,&#xA;            status: 256,&#xA;            rusage: {&#xA;                Utime: {&#xA;                    Sec: 0,&#xA;                    Usec: 23167,&#xA;                    Pad_cgo_0: [0, 0, 0, 0],&#xA;                },&#xA;                Stime: {&#xA;                    Sec: 0,&#xA;                    Usec: 7980,&#xA;                    Pad_cgo_0: [0, 0, 0, 0],&#xA;                },&#xA;                Maxrss: 44728320,&#xA;                Ixrss: 0,&#xA;                Idrss: 0,&#xA;                Isrss: 0,&#xA;                Minflt: 3535,&#xA;                Majflt: 3,&#xA;                Nswap: 0,&#xA;                Inblock: 0,&#xA;                Oublock: 0,&#xA;                Msgsnd: 9,&#xA;                Msgrcv: 9,&#xA;                Nsignals: 42,&#xA;                Nvcsw: 21,&#xA;                Nivcsw: 445,&#xA;            },&#xA;        },&#xA;        Stderr: nil,&#xA;    }&#xA;occurred" type="failed">[FAILED] kubectl create namespace head-45bdb83d-end-to-end-vm-restore-force&#xA;Unexpected error:&#xA;    &lt;*exec.ExitError | 0x14000a2a000&gt;: &#xA;    exit status 1&#xA;    {&#xA;        ProcessState: {&#xA;            pid: 54439,&#xA;            status: 256,&#xA;            rusage: {&#xA;                Utime: {&#xA;                    Sec: 0,&#xA;                    Usec: 23167,&#xA;                    Pad_cgo_0: [0, 0, 0, 0],&#xA;                },&#xA;                Stime: {&#xA;                    Sec: 0,&#xA;                    Usec: 7980,&#xA;                    Pad_cgo_0: [0, 0, 0, 0],&#xA;                },&#xA;                Maxrss: 44728320,&#xA;                Ixrss: 0,&#xA;                Idrss: 0,&#xA;                Isrss: 0,&#xA;                Minflt: 3535,&#xA;                Majflt: 3,&#xA;                Nswap: 0,&#xA;                Inblock: 0,&#xA;                Oublock: 0,&#xA;                Msgsnd: 9,&#xA;                Msgrcv: 9,&#xA;                Nsignals: 42,&#xA;                Nvcsw: 21,&#xA;                Nivcsw: 445,&#xA;            },&#xA;        },&#xA;        Stderr: nil,&#xA;    }&#xA;occurred&#xA;In [BeforeAll] at: /Users/antont/ansible_deckhouse/virtualization-full/tests/e2e/vm_restore_force_test.go:61 @ 10/08/25 22:20:57.301&#xA;&#xA;There were additional failures detected after the initial failure. These are visible in the timeline&#xA;</failure>
              <system-err>&gt; Enter [BeforeAll] VirtualMachineRestoreForce - /Users/antont/ansible_deckhouse/virtualization-full/tests/e2e/vm_restore_force_test.go:55 @ 10/08/25 22:20:57.273&#xA;[FAILED] kubectl create namespace head-45bdb83d-end-to-end-vm-restore-force&#xA;Unexpected error:&#xA;    &lt;*exec.ExitError | 0x14000a2a000&gt;: &#xA;    exit status 1&#xA;    {&#xA;        ProcessState: {&#xA;            pid: 54439,&#xA;            status: 256,&#xA;            rusage: {&#xA;                Utime: {&#xA;                    Sec: 0,&#xA;                    Usec: 23167,&#xA;                    Pad_cgo_0: [0, 0, 0, 0],&#xA;                },&#xA;                Stime: {&#xA;                    Sec: 0,&#xA;                    Usec: 7980,&#xA;                    Pad_cgo_0: [0, 0, 0, 0],&#xA;                },&#xA;                Maxrss: 44728320,&#xA;                Ixrss: 0,&#xA;                Idrss: 0,&#xA;                Isrss: 0,&#xA;                Minflt: 3535,&#xA;                Majflt: 3,&#xA;                Nswap: 0,&#xA;                Inblock: 0,&#xA;                Oublock: 0,&#xA;                Msgsnd: 9,&#xA;                Msgrcv: 9,&#xA;                Nsignals: 42,&#xA;                Nvcsw: 21,&#xA;                Nivcsw: 445,&#xA;            },&#xA;        },&#xA;        Stderr: nil,&#xA;    }&#xA;occurred&#xA;In [BeforeAll] at: /Users/antont/ansible_deckhouse/virtualization-full/tests/e2e/vm_restore_force_test.go:61 @ 10/08/25 22:20:57.301&#xA;&lt; Exit [BeforeAll] VirtualMachineRestoreForce - /Users/antont/ansible_deckhouse/virtualization-full/tests/e2e/vm_restore_force_test.go:55 @ 10/08/25 22:20:57.301 (29ms)&#xA;&gt; Enter [AfterEach] VirtualMachineRestoreForce - /Users/antont/ansible_deckhouse/virtualization-full/tests/e2e/vm_restore_force_test.go:71 @ 10/08/25 22:20:57.301&#xA;Get resources error:&#xA;cmd: kubectl get virtualization,intvirt,po,volumesnapshot -A -o yaml -l &#39;testcase=vm-restore-force&#39;&#xA;error: exit status 1&#xA;stderr: E1008 22:20:57.326381   54440 memcache.go:265] &#34;Unhandled Error&#34; err=&#34;couldn&#39;t get current server API group list: Get \&#34;http://localhost:8080/api?timeout=32s\&#34;: dial tcp [::1]:8080: connect: connection refused&#34;&#xA;E1008 22:20:57.328121   54440 memcache.go:265] &#34;Unhandled Error&#34; err=&#34;couldn&#39;t get current server API group list: Get \&#34;http://localhost:8080/api?timeout=32s\&#34;: dial tcp [::1]:8080: connect: connection refused&#34;&#xA;E1008 22:20:57.329829   54440 memcache.go:265] &#34;Unhandled Error&#34; err=&#34;couldn&#39;t get current server API group list: Get \&#34;http://localhost:8080/api?timeout=32s\&#34;: dial tcp [::1]:8080: connect: connection refused&#34;&#xA;E1008 22:20:57.331511   54440 memcache.go:265] &#34;Unhandled Error&#34; err=&#34;couldn&#39;t get current server API group list: Get \&#34;http://localhost:8080/api?timeout=32s\&#34;: dial tcp [::1]:8080: connect: connection refused&#34;&#xA;E1008 22:20:57.333128   54440 memcache.go:265] &#34;Unhandled Error&#34; err=&#34;couldn&#39;t get current server API group list: Get \&#34;http://localhost:8080/api?timeout=32s\&#34;: dial tcp [::1]:8080: connect: connection refused&#34;&#xA;E1008 22:20:57.334765   54440 memcache.go:265] &#34;Unhandled Error&#34; err=&#34;couldn&#39;t get current server API group list: Get \&#34;http://localhost:8080/api?timeout=32s\&#34;: dial tcp [::1]:8080: connect: connection refused&#34;&#xA;E1008 22:20:57.336391   54440 memcache.go:265] &#34;Unhandled Error&#34; err=&#34;couldn&#39;t get current server API group list: Get \&#34;http://localhost:8080/api?timeout=32s\&#34;: dial tcp [::1]:8080: connect: connection refused&#34;&#xA;E1008 22:20:57.338105   54440 memcache.go:265] &#34;Unhandled Error&#34; err=&#34;couldn&#39;t get current server API group list: Get \&#34;http://localhost:8080/api?timeout=32s\&#34;: dial tcp [::1]:8080: connect: connection refused&#34;&#xA;The connection to the server localhost:8080 was refused - did you specify the right host or port?&#xA;&#xA;&#xA;[PANICKED] Test Panicked&#xA;In [AfterEach] at: /opt/homebrew/Cellar/go/1.25.1/libexec/src/runtime/panic.go:262 @ 10/08/25 22:20:57.34&#xA;&#xA;runtime error: invalid memory address or nil pointer dereference&#xA;&#xA;Full Stack Trace&#xA;  github.com/deckhouse/virtualization/tests/e2e.init.func21.3()&#xA;  &#x9;/Users/antont/ansible_deckhouse/virtualization-full/tests/e2e/vm_restore_force_test.go:76 +0xd4&#xA;&lt; Exit [AfterEach] VirtualMachineRestoreForce - /Users/antont/ansible_deckhouse/virtualization-full/tests/e2e/vm_restore_force_test.go:71 @ 10/08/25 22:20:57.34 (39ms)&#xA;</system-err>
          </testcase>
          <testcase name="[It] VirtualMachineRestoreForce When the virtualization resources are applied checks the resources phase [SIG-Restoration]" classname="Tests" status="skipped" time="0">
              <skipped message="skipped - Spec skipped because an earlier spec in an ordered container failed"></skipped>
              <system-err>[SKIPPED] Spec skipped because an earlier spec in an ordered container failed&#xA;In [It] at: /Users/antont/ansible_deckhouse/virtualization-full/tests/e2e/vm_restore_force_test.go:111 @ 10/08/25 22:20:57.34&#xA;</system-err>
          </testcase>
          <testcase name="[It] VirtualMachineRestoreForce When the virtualization resources are applied add additional interface to virtual machines [SIG-Restoration]" classname="Tests" status="skipped" time="0">
              <skipped message="skipped - Spec skipped because an earlier spec in an ordered container failed"></skipped>
              <system-err>[SKIPPED] Spec skipped because an earlier spec in an ordered container failed&#xA;In [It] at: /Users/antont/ansible_deckhouse/virtualization-full/tests/e2e/vm_restore_force_test.go:131 @ 10/08/25 22:20:57.34&#xA;</system-err>
          </testcase>
          <testcase name="[It] VirtualMachineRestoreForce When the resources are ready to use restore the `VirtualMachines` with `forced` mode [SIG-Restoration]" classname="Tests" status="skipped" time="0">
              <skipped message="skipped - Spec skipped because an earlier spec in an ordered container failed"></skipped>
              <system-err>[SKIPPED] Spec skipped because an earlier spec in an ordered container failed&#xA;In [It] at: /Users/antont/ansible_deckhouse/virtualization-full/tests/e2e/vm_restore_force_test.go:177 @ 10/08/25 22:20:57.34&#xA;</system-err>
          </testcase>
          <testcase name="[It] VirtualMachineRestoreForce When the resources are ready to use check the .status.networks of each VM after restore [SIG-Restoration]" classname="Tests" status="skipped" time="0">
              <skipped message="skipped - Spec skipped because an earlier spec in an ordered container failed"></skipped>
              <system-err>[SKIPPED] Spec skipped because an earlier spec in an ordered container failed&#xA;In [It] at: /Users/antont/ansible_deckhouse/virtualization-full/tests/e2e/vm_restore_force_test.go:341 @ 10/08/25 22:20:57.34&#xA;</system-err>
          </testcase>
          <testcase name="[It] VirtualMachineRestoreForce When test is completed deletes test case resources [SIG-Restoration]" classname="Tests" status="skipped" time="0">
              <skipped message="skipped - Spec skipped because an earlier spec in an ordered container failed"></skipped>
              <system-err>[SKIPPED] Spec skipped because an earlier spec in an ordered container failed&#xA;In [It] at: /Users/antont/ansible_deckhouse/virtualization-full/tests/e2e/vm_restore_force_test.go:367 @ 10/08/25 22:20:57.34&#xA;</system-err>
          </testcase>
          <testcase name="[It] IPAM vmip with type Auto Creates vmip with type Auto" classname="Tests" status="failed" time="0.025370416">
              <failure message="kubectl create namespace head-45bdb83d-end-to-end-ipam&#xA;Unexpected error:&#xA;    &lt;*exec.ExitError | 0x14000a2a2c0&gt;: &#xA;    exit status 1&#xA;    {&#xA;        ProcessState: {&#xA;            pid: 54441,&#xA;            status: 256,&#xA;            rusage: {&#xA;                Utime: {&#xA;                    Sec: 0,&#xA;                    Usec: 20307,&#xA;                    Pad_cgo_0: [0, 0, 0, 0],&#xA;                },&#xA;                Stime: {&#xA;                    Sec: 0,&#xA;                    Usec: 7504,&#xA;                    Pad_cgo_0: [0, 0, 0, 0],&#xA;                },&#xA;                Maxrss: 44662784,&#xA;                Ixrss: 0,&#xA;                Idrss: 0,&#xA;                Isrss: 0,&#xA;                Minflt: 3533,&#xA;                Majflt: 3,&#xA;                Nswap: 0,&#xA;                Inblock: 0,&#xA;                Oublock: 0,&#xA;                Msgsnd: 9,&#xA;                Msgrcv: 9,&#xA;                Nsignals: 39,&#xA;                Nvcsw: 11,&#xA;                Nivcsw: 437,&#xA;            },&#xA;        },&#xA;        Stderr: nil,&#xA;    }&#xA;occurred" type="failed">[FAILED] kubectl create namespace head-45bdb83d-end-to-end-ipam&#xA;Unexpected error:&#xA;    &lt;*exec.ExitError | 0x14000a2a2c0&gt;: &#xA;    exit status 1&#xA;    {&#xA;        ProcessState: {&#xA;            pid: 54441,&#xA;            status: 256,&#xA;            rusage: {&#xA;                Utime: {&#xA;                    Sec: 0,&#xA;                    Usec: 20307,&#xA;                    Pad_cgo_0: [0, 0, 0, 0],&#xA;                },&#xA;                Stime: {&#xA;                    Sec: 0,&#xA;                    Usec: 7504,&#xA;                    Pad_cgo_0: [0, 0, 0, 0],&#xA;                },&#xA;                Maxrss: 44662784,&#xA;                Ixrss: 0,&#xA;                Idrss: 0,&#xA;                Isrss: 0,&#xA;                Minflt: 3533,&#xA;                Majflt: 3,&#xA;                Nswap: 0,&#xA;                Inblock: 0,&#xA;                Oublock: 0,&#xA;                Msgsnd: 9,&#xA;                Msgrcv: 9,&#xA;                Nsignals: 39,&#xA;                Nvcsw: 11,&#xA;                Nivcsw: 437,&#xA;            },&#xA;        },&#xA;        Stderr: nil,&#xA;    }&#xA;occurred&#xA;In [BeforeAll] at: /Users/antont/ansible_deckhouse/virtualization-full/tests/e2e/ipam_test.go:56 @ 10/08/25 22:20:57.366&#xA;&#xA;There were additional failures detected after the initial failure. These are visible in the timeline&#xA;</failure>
              <system-err>&gt; Enter [BeforeAll] IPAM - /Users/antont/ansible_deckhouse/virtualization-full/tests/e2e/ipam_test.go:50 @ 10/08/25 22:20:57.341&#xA;[FAILED] kubectl create namespace head-45bdb83d-end-to-end-ipam&#xA;Unexpected error:&#xA;    &lt;*exec.ExitError | 0x14000a2a2c0&gt;: &#xA;    exit status 1&#xA;    {&#xA;        ProcessState: {&#xA;            pid: 54441,&#xA;            status: 256,&#xA;            rusage: {&#xA;                Utime: {&#xA;                    Sec: 0,&#xA;                    Usec: 20307,&#xA;                    Pad_cgo_0: [0, 0, 0, 0],&#xA;                },&#xA;                Stime: {&#xA;                    Sec: 0,&#xA;                    Usec: 7504,&#xA;                    Pad_cgo_0: [0, 0, 0, 0],&#xA;                },&#xA;                Maxrss: 44662784,&#xA;                Ixrss: 0,&#xA;                Idrss: 0,&#xA;                Isrss: 0,&#xA;                Minflt: 3533,&#xA;                Majflt: 3,&#xA;                Nswap: 0,&#xA;                Inblock: 0,&#xA;                Oublock: 0,&#xA;                Msgsnd: 9,&#xA;                Msgrcv: 9,&#xA;                Nsignals: 39,&#xA;                Nvcsw: 11,&#xA;                Nivcsw: 437,&#xA;            },&#xA;        },&#xA;        Stderr: nil,&#xA;    }&#xA;occurred&#xA;In [BeforeAll] at: /Users/antont/ansible_deckhouse/virtualization-full/tests/e2e/ipam_test.go:56 @ 10/08/25 22:20:57.366&#xA;&lt; Exit [BeforeAll] IPAM - /Users/antont/ansible_deckhouse/virtualization-full/tests/e2e/ipam_test.go:50 @ 10/08/25 22:20:57.366 (25ms)&#xA;&gt; Enter [AfterEach] IPAM - /Users/antont/ansible_deckhouse/virtualization-full/tests/e2e/ipam_test.go:157 @ 10/08/25 22:20:57.366&#xA;[PANICKED] Test Panicked&#xA;In [AfterEach] at: /opt/homebrew/Cellar/go/1.25.1/libexec/src/runtime/panic.go:262 @ 10/08/25 22:20:57.366&#xA;&#xA;runtime error: invalid memory address or nil pointer dereference&#xA;&#xA;Full Stack Trace&#xA;  github.com/deckhouse/virtualization/tests/e2e.init.func8.5()&#xA;  &#x9;/Users/antont/ansible_deckhouse/virtualization-full/tests/e2e/ipam_test.go:158 +0x20&#xA;&lt; Exit [AfterEach] IPAM - /Users/antont/ansible_deckhouse/virtualization-full/tests/e2e/ipam_test.go:157 @ 10/08/25 22:20:57.366 (0s)&#xA;</system-err>
          </testcase>
          <testcase name="[It] IPAM vmip with type Static Creates vmip with type Static" classname="Tests" status="skipped" time="0">
              <skipped message="skipped - Spec skipped because an earlier spec in an ordered container failed"></skipped>
              <system-err>[SKIPPED] Spec skipped because an earlier spec in an ordered container failed&#xA;In [It] at: /Users/antont/ansible_deckhouse/virtualization-full/tests/e2e/ipam_test.go:108 @ 10/08/25 22:20:57.366&#xA;</system-err>
          </testcase>
          <testcase name="[It] ComplexTest When virtualization resources are applied result should be succeeded [Serial]" classname="Tests" status="failed" time="0.061335917">
              <failure message="kubectl create namespace head-45bdb83d-end-to-end-complex-test&#xA;Unexpected error:&#xA;    &lt;*exec.ExitError | 0x140004d8000&gt;: &#xA;    exit status 1&#xA;    {&#xA;        ProcessState: {&#xA;            pid: 54442,&#xA;            status: 256,&#xA;            rusage: {&#xA;                Utime: {&#xA;                    Sec: 0,&#xA;                    Usec: 19697,&#xA;                    Pad_cgo_0: [0, 0, 0, 0],&#xA;                },&#xA;                Stime: {&#xA;                    Sec: 0,&#xA;                    Usec: 7683,&#xA;                    Pad_cgo_0: [0, 0, 0, 0],&#xA;                },&#xA;                Maxrss: 44695552,&#xA;                Ixrss: 0,&#xA;                Idrss: 0,&#xA;                Isrss: 0,&#xA;                Minflt: 3532,&#xA;                Majflt: 3,&#xA;                Nswap: 0,&#xA;                Inblock: 0,&#xA;                Oublock: 0,&#xA;                Msgsnd: 9,&#xA;                Msgrcv: 9,&#xA;                Nsignals: 52,&#xA;                Nvcsw: 41,&#xA;                Nivcsw: 461,&#xA;            },&#xA;        },&#xA;        Stderr: nil,&#xA;    }&#xA;occurred" type="failed">[FAILED] kubectl create namespace head-45bdb83d-end-to-end-complex-test&#xA;Unexpected error:&#xA;    &lt;*exec.ExitError | 0x140004d8000&gt;: &#xA;    exit status 1&#xA;    {&#xA;        ProcessState: {&#xA;            pid: 54442,&#xA;            status: 256,&#xA;            rusage: {&#xA;                Utime: {&#xA;                    Sec: 0,&#xA;                    Usec: 19697,&#xA;                    Pad_cgo_0: [0, 0, 0, 0],&#xA;                },&#xA;                Stime: {&#xA;                    Sec: 0,&#xA;                    Usec: 7683,&#xA;                    Pad_cgo_0: [0, 0, 0, 0],&#xA;                },&#xA;                Maxrss: 44695552,&#xA;                Ixrss: 0,&#xA;                Idrss: 0,&#xA;                Isrss: 0,&#xA;                Minflt: 3532,&#xA;                Majflt: 3,&#xA;                Nswap: 0,&#xA;                Inblock: 0,&#xA;                Oublock: 0,&#xA;                Msgsnd: 9,&#xA;                Msgrcv: 9,&#xA;                Nsignals: 52,&#xA;                Nvcsw: 41,&#xA;                Nivcsw: 461,&#xA;            },&#xA;        },&#xA;        Stderr: nil,&#xA;    }&#xA;occurred&#xA;In [BeforeAll] at: /Users/antont/ansible_deckhouse/virtualization-full/tests/e2e/complex_test.go:57 @ 10/08/25 22:20:57.39&#xA;</failure>
              <system-err>&gt; Enter [BeforeAll] ComplexTest - /Users/antont/ansible_deckhouse/virtualization-full/tests/e2e/complex_test.go:51 @ 10/08/25 22:20:57.366&#xA;[FAILED] kubectl create namespace head-45bdb83d-end-to-end-complex-test&#xA;Unexpected error:&#xA;    &lt;*exec.ExitError | 0x140004d8000&gt;: &#xA;    exit status 1&#xA;    {&#xA;        ProcessState: {&#xA;            pid: 54442,&#xA;            status: 256,&#xA;            rusage: {&#xA;                Utime: {&#xA;                    Sec: 0,&#xA;                    Usec: 19697,&#xA;                    Pad_cgo_0: [0, 0, 0, 0],&#xA;                },&#xA;                Stime: {&#xA;                    Sec: 0,&#xA;                    Usec: 7683,&#xA;                    Pad_cgo_0: [0, 0, 0, 0],&#xA;                },&#xA;                Maxrss: 44695552,&#xA;                Ixrss: 0,&#xA;                Idrss: 0,&#xA;                Isrss: 0,&#xA;                Minflt: 3532,&#xA;                Majflt: 3,&#xA;                Nswap: 0,&#xA;                Inblock: 0,&#xA;                Oublock: 0,&#xA;                Msgsnd: 9,&#xA;                Msgrcv: 9,&#xA;                Nsignals: 52,&#xA;                Nvcsw: 41,&#xA;                Nivcsw: 461,&#xA;            },&#xA;        },&#xA;        Stderr: nil,&#xA;    }&#xA;occurred&#xA;In [BeforeAll] at: /Users/antont/ansible_deckhouse/virtualization-full/tests/e2e/complex_test.go:57 @ 10/08/25 22:20:57.39&#xA;&lt; Exit [BeforeAll] ComplexTest - /Users/antont/ansible_deckhouse/virtualization-full/tests/e2e/complex_test.go:51 @ 10/08/25 22:20:57.39 (24ms)&#xA;&gt; Enter [AfterEach] ComplexTest - /Users/antont/ansible_deckhouse/virtualization-full/tests/e2e/complex_test.go:45 @ 10/08/25 22:20:57.39&#xA;Get resources error:&#xA;cmd: kubectl get virtualization,intvirt,po,volumesnapshot -A -o yaml -l &#39;testcase=complex-test&#39;&#xA;error: exit status 1&#xA;stderr: E1008 22:20:57.413596   54443 memcache.go:265] &#34;Unhandled Error&#34; err=&#34;couldn&#39;t get current server API group list: Get \&#34;http://localhost:8080/api?timeout=32s\&#34;: dial tcp [::1]:8080: connect: connection refused&#34;&#xA;E1008 22:20:57.415306   54443 memcache.go:265] &#34;Unhandled Error&#34; err=&#34;couldn&#39;t get current server API group list: Get \&#34;http://localhost:8080/api?timeout=32s\&#34;: dial tcp [::1]:8080: connect: connection refused&#34;&#xA;E1008 22:20:57.416934   54443 memcache.go:265] &#34;Unhandled Error&#34; err=&#34;couldn&#39;t get current server API group list: Get \&#34;http://localhost:8080/api?timeout=32s\&#34;: dial tcp [::1]:8080: connect: connection refused&#34;&#xA;E1008 22:20:57.418598   54443 memcache.go:265] &#34;Unhandled Error&#34; err=&#34;couldn&#39;t get current server API group list: Get \&#34;http://localhost:8080/api?timeout=32s\&#34;: dial tcp [::1]:8080: connect: connection refused&#34;&#xA;E1008 22:20:57.420351   54443 memcache.go:265] &#34;Unhandled Error&#34; err=&#34;couldn&#39;t get current server API group list: Get \&#34;http://localhost:8080/api?timeout=32s\&#34;: dial tcp [::1]:8080: connect: connection refused&#34;&#xA;E1008 22:20:57.421975   54443 memcache.go:265] &#34;Unhandled Error&#34; err=&#34;couldn&#39;t get current server API group list: Get \&#34;http://localhost:8080/api?timeout=32s\&#34;: dial tcp [::1]:8080: connect: connection refused&#34;&#xA;E1008 22:20:57.423616   54443 memcache.go:265] &#34;Unhandled Error&#34; err=&#34;couldn&#39;t get current server API group list: Get \&#34;http://localhost:8080/api?timeout=32s\&#34;: dial tcp [::1]:8080: connect: connection refused&#34;&#xA;E1008 22:20:57.425269   54443 memcache.go:265] &#34;Unhandled Error&#34; err=&#34;couldn&#39;t get current server API group list: Get \&#34;http://localhost:8080/api?timeout=32s\&#34;: dial tcp [::1]:8080: connect: connection refused&#34;&#xA;The connection to the server localhost:8080 was refused - did you specify the right host or port?&#xA;&#xA;&#xA;&lt; Exit [AfterEach] ComplexTest - /Users/antont/ansible_deckhouse/virtualization-full/tests/e2e/complex_test.go:45 @ 10/08/25 22:20:57.427 (37ms)&#xA;</system-err>
          </testcase>
          <testcase name="[It] ComplexTest When virtualization resources are applied should fill empty virtualMachineClassName with the default class name [Serial]" classname="Tests" status="skipped" time="0">
              <skipped message="skipped - Spec skipped because an earlier spec in an ordered container failed"></skipped>
              <system-err>[SKIPPED] Spec skipped because an earlier spec in an ordered container failed&#xA;In [It] at: /Users/antont/ansible_deckhouse/virtualization-full/tests/e2e/complex_test.go:82 @ 10/08/25 22:20:57.427&#xA;</system-err>
          </testcase>
          <testcase name="[It] ComplexTest When virtual images are applied checks VIs phases [Serial]" classname="Tests" status="skipped" time="0">
              <skipped message="skipped - Spec skipped because an earlier spec in an ordered container failed"></skipped>
              <system-err>[SKIPPED] Spec skipped because an earlier spec in an ordered container failed&#xA;In [It] at: /Users/antont/ansible_deckhouse/virtualization-full/tests/e2e/complex_test.go:97 @ 10/08/25 22:20:57.427&#xA;</system-err>
          </testcase>
          <testcase name="[It] ComplexTest When cluster virtual images are applied checks CVIs phases [Serial]" classname="Tests" status="skipped" time="0">
              <skipped message="skipped - Spec skipped because an earlier spec in an ordered container failed"></skipped>
              <system-err>[SKIPPED] Spec skipped because an earlier spec in an ordered container failed&#xA;In [It] at: /Users/antont/ansible_deckhouse/virtualization-full/tests/e2e/complex_test.go:108 @ 10/08/25 22:20:57.427&#xA;</system-err>
          </testcase>
          <testcase name="[It] ComplexTest When virtual machine classes are applied checks VMClasses phases [Serial]" classname="Tests" status="skipped" time="0">
              <skipped message="skipped - Spec skipped because an earlier spec in an ordered container failed"></skipped>
              <system-err>[SKIPPED] Spec skipped because an earlier spec in an ordered container failed&#xA;In [It] at: /Users/antont/ansible_deckhouse/virtualization-full/tests/e2e/complex_test.go:119 @ 10/08/25 22:20:57.428&#xA;</system-err>
          </testcase>
          <testcase name="[It] ComplexTest When virtual machines IP addresses are applied patches custom VMIP with unassigned address [Serial]" classname="Tests" status="skipped" time="0">
              <skipped message="skipped - Spec skipped because an earlier spec in an ordered container failed"></skipped>
              <system-err>[SKIPPED] Spec skipped because an earlier spec in an ordered container failed&#xA;In [It] at: /Users/antont/ansible_deckhouse/virtualization-full/tests/e2e/complex_test.go:130 @ 10/08/25 22:20:57.428&#xA;</system-err>
          </testcase>
          <testcase name="[It] ComplexTest When virtual machines IP addresses are applied checks VMIPs phases [Serial]" classname="Tests" status="skipped" time="0">
              <skipped message="skipped - Spec skipped because an earlier spec in an ordered container failed"></skipped>
              <system-err>[SKIPPED] Spec skipped because an earlier spec in an ordered container failed&#xA;In [It] at: /Users/antont/ansible_deckhouse/virtualization-full/tests/e2e/complex_test.go:137 @ 10/08/25 22:20:57.428&#xA;</system-err>
          </testcase>
          <testcase name="[It] ComplexTest When virtual disks are applied checks VDs phases with consumers [Serial]" classname="Tests" status="skipped" time="0">
              <skipped message="skipped - Spec skipped because an earlier spec in an ordered container failed"></skipped>
              <system-err>[SKIPPED] Spec skipped because an earlier spec in an ordered container failed&#xA;In [It] at: /Users/antont/ansible_deckhouse/virtualization-full/tests/e2e/complex_test.go:148 @ 10/08/25 22:20:57.428&#xA;</system-err>
          </testcase>
          <testcase name="[It] ComplexTest When virtual disks are applied checks VDs phases with no consumers [Serial]" classname="Tests" status="skipped" time="0">
              <skipped message="skipped - Spec skipped because an earlier spec in an ordered container failed"></skipped>
              <system-err>[SKIPPED] Spec skipped because an earlier spec in an ordered container failed&#xA;In [It] at: /Users/antont/ansible_deckhouse/virtualization-full/tests/e2e/complex_test.go:158 @ 10/08/25 22:20:57.428&#xA;</system-err>
          </testcase>
          <testcase name="[It] ComplexTest When virtual machines are applied checks VMs phases [Serial]" classname="Tests" status="skipped" time="0">
              <skipped message="skipped - Spec skipped because an earlier spec in an ordered container failed"></skipped>
              <system-err>[SKIPPED] Spec skipped because an earlier spec in an ordered container failed&#xA;In [It] at: /Users/antont/ansible_deckhouse/virtualization-full/tests/e2e/complex_test.go:169 @ 10/08/25 22:20:57.428&#xA;</system-err>
          </testcase>
          <testcase name="[It] ComplexTest When virtual machine block device attachments are applied checks VMBDAs phases [Serial]" classname="Tests" status="skipped" time="0">
              <skipped message="skipped - Spec skipped because an earlier spec in an ordered container failed"></skipped>
              <system-err>[SKIPPED] Spec skipped because an earlier spec in an ordered container failed&#xA;In [It] at: /Users/antont/ansible_deckhouse/virtualization-full/tests/e2e/complex_test.go:180 @ 10/08/25 22:20:57.428&#xA;</system-err>
          </testcase>
          <testcase name="[It] ComplexTest External connection When Virtual machine agents are ready checks VMs external connectivity [Serial]" classname="Tests" status="skipped" time="0">
              <skipped message="skipped - Spec skipped because an earlier spec in an ordered container failed"></skipped>
              <system-err>[SKIPPED] Spec skipped because an earlier spec in an ordered container failed&#xA;In [It] at: /Users/antont/ansible_deckhouse/virtualization-full/tests/e2e/complex_test.go:192 @ 10/08/25 22:20:57.428&#xA;</system-err>
          </testcase>
          <testcase name="[It] ComplexTest Power state checks Verify that the virtual machines are stopping by VMOPs stops VMs by VMOPs [Serial]" classname="Tests" status="skipped" time="0">
              <skipped message="skipped - Spec skipped because an earlier spec in an ordered container failed"></skipped>
              <system-err>[SKIPPED] Spec skipped because an earlier spec in an ordered container failed&#xA;In [It] at: /Users/antont/ansible_deckhouse/virtualization-full/tests/e2e/complex_test.go:216 @ 10/08/25 22:20:57.428&#xA;</system-err>
          </testcase>
          <testcase name="[It] ComplexTest Power state checks Verify that the virtual machines are stopping by VMOPs checks VMOPs and VMs phases [Serial]" classname="Tests" status="skipped" time="0">
              <skipped message="skipped - Spec skipped because an earlier spec in an ordered container failed"></skipped>
              <system-err>[SKIPPED] Spec skipped because an earlier spec in an ordered container failed&#xA;In [It] at: /Users/antont/ansible_deckhouse/virtualization-full/tests/e2e/complex_test.go:240 @ 10/08/25 22:20:57.428&#xA;</system-err>
          </testcase>
          <testcase name="[It] ComplexTest Power state checks Verify that the virtual machines are stopping by VMOPs cleanup AlwaysOn VM VMOPs [Serial]" classname="Tests" status="skipped" time="0">
              <skipped message="skipped - Spec skipped because an earlier spec in an ordered container failed"></skipped>
              <system-err>[SKIPPED] Spec skipped because an earlier spec in an ordered container failed&#xA;In [It] at: /Users/antont/ansible_deckhouse/virtualization-full/tests/e2e/complex_test.go:263 @ 10/08/25 22:20:57.428&#xA;</system-err>
          </testcase>
          <testcase name="[It] ComplexTest Power state checks Verify that the virtual machines are starting starts VMs by VMOP [Serial]" classname="Tests" status="skipped" time="0">
              <skipped message="skipped - Spec skipped because an earlier spec in an ordered container failed"></skipped>
              <system-err>[SKIPPED] Spec skipped because an earlier spec in an ordered container failed&#xA;In [It] at: /Users/antont/ansible_deckhouse/virtualization-full/tests/e2e/complex_test.go:275 @ 10/08/25 22:20:57.428&#xA;</system-err>
          </testcase>
          <testcase name="[It] ComplexTest Power state checks Verify that the virtual machines are starting checks VMs and VMOPs phases [Serial]" classname="Tests" status="skipped" time="0">
              <skipped message="skipped - Spec skipped because an earlier spec in an ordered container failed"></skipped>
              <system-err>[SKIPPED] Spec skipped because an earlier spec in an ordered container failed&#xA;In [It] at: /Users/antont/ansible_deckhouse/virtualization-full/tests/e2e/complex_test.go:293 @ 10/08/25 22:20:57.428&#xA;</system-err>
          </testcase>
          <testcase name="[It] ComplexTest Power state checks Verify that the virtual machines are stopping by ssh stops VMs by ssh [Serial]" classname="Tests" status="skipped" time="0">
              <skipped message="skipped - Spec skipped because an earlier spec in an ordered container failed"></skipped>
              <system-err>[SKIPPED] Spec skipped because an earlier spec in an ordered container failed&#xA;In [It] at: /Users/antont/ansible_deckhouse/virtualization-full/tests/e2e/complex_test.go:310 @ 10/08/25 22:20:57.428&#xA;</system-err>
          </testcase>
          <testcase name="[It] ComplexTest Power state checks Verify that the virtual machines are stopping by ssh checks VMs phases [Serial]" classname="Tests" status="skipped" time="0">
              <skipped message="skipped - Spec skipped because an earlier spec in an ordered container failed"></skipped>
              <system-err>[SKIPPED] Spec skipped because an earlier spec in an ordered container failed&#xA;In [It] at: /Users/antont/ansible_deckhouse/virtualization-full/tests/e2e/complex_test.go:334 @ 10/08/25 22:20:57.428&#xA;</system-err>
          </testcase>
          <testcase name="[It] ComplexTest Power state checks Verify that the virtual machines are stopping by ssh start not AlwaysOn VMs [Serial]" classname="Tests" status="skipped" time="0">
              <skipped message="skipped - Spec skipped because an earlier spec in an ordered container failed"></skipped>
              <system-err>[SKIPPED] Spec skipped because an earlier spec in an ordered container failed&#xA;In [It] at: /Users/antont/ansible_deckhouse/virtualization-full/tests/e2e/complex_test.go:347 @ 10/08/25 22:20:57.428&#xA;</system-err>
          </testcase>
          <testcase name="[It] ComplexTest Power state checks Verify that the virtual machines are stopping by ssh checks VMs and VMOPs phases [Serial]" classname="Tests" status="skipped" time="0">
              <skipped message="skipped - Spec skipped because an earlier spec in an ordered container failed"></skipped>
              <system-err>[SKIPPED] Spec skipped because an earlier spec in an ordered container failed&#xA;In [It] at: /Users/antont/ansible_deckhouse/virtualization-full/tests/e2e/complex_test.go:351 @ 10/08/25 22:20:57.428&#xA;</system-err>
          </testcase>
          <testcase name="[It] ComplexTest Power state checks Verify that the virtual machines are restarting by VMOP reboot VMs by VMOP [Serial]" classname="Tests" status="skipped" time="0">
              <skipped message="skipped - Spec skipped because an earlier spec in an ordered container failed"></skipped>
              <system-err>[SKIPPED] Spec skipped because an earlier spec in an ordered container failed&#xA;In [It] at: /Users/antont/ansible_deckhouse/virtualization-full/tests/e2e/complex_test.go:368 @ 10/08/25 22:20:57.428&#xA;</system-err>
          </testcase>
          <testcase name="[It] ComplexTest Power state checks Verify that the virtual machines are restarting by VMOP checks VMs and VMOPs phases [Serial]" classname="Tests" status="skipped" time="0">
              <skipped message="skipped - Spec skipped because an earlier spec in an ordered container failed"></skipped>
              <system-err>[SKIPPED] Spec skipped because an earlier spec in an ordered container failed&#xA;In [It] at: /Users/antont/ansible_deckhouse/virtualization-full/tests/e2e/complex_test.go:381 @ 10/08/25 22:20:57.428&#xA;</system-err>
          </testcase>
          <testcase name="[It] ComplexTest Power state checks Verify that the virtual machines are restarting by ssh reboot VMs by ssh [Serial]" classname="Tests" status="skipped" time="0">
              <skipped message="skipped - Spec skipped because an earlier spec in an ordered container failed"></skipped>
              <system-err>[SKIPPED] Spec skipped because an earlier spec in an ordered container failed&#xA;In [It] at: /Users/antont/ansible_deckhouse/virtualization-full/tests/e2e/complex_test.go:398 @ 10/08/25 22:20:57.428&#xA;</system-err>
          </testcase>
          <testcase name="[It] ComplexTest Power state checks Verify that the virtual machines are restarting after deleting their pods reboots the VMs by deleting their pods [Serial]" classname="Tests" status="skipped" time="0">
              <skipped message="skipped - Spec skipped because an earlier spec in an ordered container failed"></skipped>
              <system-err>[SKIPPED] Spec skipped because an earlier spec in an ordered container failed&#xA;In [It] at: /Users/antont/ansible_deckhouse/virtualization-full/tests/e2e/complex_test.go:437 @ 10/08/25 22:20:57.428&#xA;</system-err>
          </testcase>
          <testcase name="[It] ComplexTest Power state checks Verify that the virtual machines are restarting after deleting their pods checks VMs external connection after reboot [Serial]" classname="Tests" status="skipped" time="0">
              <skipped message="skipped - Spec skipped because an earlier spec in an ordered container failed"></skipped>
              <system-err>[SKIPPED] Spec skipped because an earlier spec in an ordered container failed&#xA;In [It] at: /Users/antont/ansible_deckhouse/virtualization-full/tests/e2e/complex_test.go:472 @ 10/08/25 22:20:57.428&#xA;</system-err>
          </testcase>
          <testcase name="[It] ComplexTest Migrations When Virtual machine agents are ready starts migrations [Serial]" classname="Tests" status="skipped" time="0">
              <skipped message="skipped - Spec skipped because an earlier spec in an ordered container failed"></skipped>
              <system-err>[SKIPPED] Spec skipped because an earlier spec in an ordered container failed&#xA;In [It] at: /Users/antont/ansible_deckhouse/virtualization-full/tests/e2e/complex_test.go:490 @ 10/08/25 22:20:57.428&#xA;</system-err>
          </testcase>
          <testcase name="[It] ComplexTest Migrations When VMs migrations are applied checks VMs and VMOPs phases [Serial]" classname="Tests" status="skipped" time="0">
              <skipped message="skipped - Spec skipped because an earlier spec in an ordered container failed"></skipped>
              <system-err>[SKIPPED] Spec skipped because an earlier spec in an ordered container failed&#xA;In [It] at: /Users/antont/ansible_deckhouse/virtualization-full/tests/e2e/complex_test.go:505 @ 10/08/25 22:20:57.428&#xA;</system-err>
          </testcase>
          <testcase name="[It] ComplexTest Migrations When VMs migrations are applied checks VMs external connection after migrations [Serial]" classname="Tests" status="skipped" time="0">
              <skipped message="skipped - Spec skipped because an earlier spec in an ordered container failed"></skipped>
              <system-err>[SKIPPED] Spec skipped because an earlier spec in an ordered container failed&#xA;In [It] at: /Users/antont/ansible_deckhouse/virtualization-full/tests/e2e/complex_test.go:521 @ 10/08/25 22:20:57.428&#xA;</system-err>
          </testcase>
          <testcase name="[It] ComplexTest When test is completed deletes test case resources [Serial]" classname="Tests" status="skipped" time="0">
              <skipped message="skipped - Spec skipped because an earlier spec in an ordered container failed"></skipped>
              <system-err>[SKIPPED] Spec skipped because an earlier spec in an ordered container failed&#xA;In [It] at: /Users/antont/ansible_deckhouse/virtualization-full/tests/e2e/complex_test.go:538 @ 10/08/25 22:20:57.428&#xA;</system-err>
          </testcase>
          <testcase name="[It] VirtualMachineVersions When virtualization resources are applied: result should be succeeded" classname="Tests" status="failed" time="0.061052833">
              <failure message="kubectl create namespace head-45bdb83d-end-to-end-vm-versions&#xA;Unexpected error:&#xA;    &lt;*exec.ExitError | 0x14000356280&gt;: &#xA;    exit status 1&#xA;    {&#xA;        ProcessState: {&#xA;            pid: 54444,&#xA;            status: 256,&#xA;            rusage: {&#xA;                Utime: {&#xA;                    Sec: 0,&#xA;                    Usec: 19627,&#xA;                    Pad_cgo_0: [0, 0, 0, 0],&#xA;                },&#xA;                Stime: {&#xA;                    Sec: 0,&#xA;                    Usec: 7569,&#xA;                    Pad_cgo_0: [0, 0, 0, 0],&#xA;                },&#xA;                Maxrss: 45383680,&#xA;                Ixrss: 0,&#xA;                Idrss: 0,&#xA;                Isrss: 0,&#xA;                Minflt: 3581,&#xA;                Majflt: 3,&#xA;                Nswap: 0,&#xA;                Inblock: 0,&#xA;                Oublock: 0,&#xA;                Msgsnd: 9,&#xA;                Msgrcv: 9,&#xA;                Nsignals: 52,&#xA;                Nvcsw: 34,&#xA;                Nivcsw: 519,&#xA;            },&#xA;        },&#xA;        Stderr: nil,&#xA;    }&#xA;occurred" type="failed">[FAILED] kubectl create namespace head-45bdb83d-end-to-end-vm-versions&#xA;Unexpected error:&#xA;    &lt;*exec.ExitError | 0x14000356280&gt;: &#xA;    exit status 1&#xA;    {&#xA;        ProcessState: {&#xA;            pid: 54444,&#xA;            status: 256,&#xA;            rusage: {&#xA;                Utime: {&#xA;                    Sec: 0,&#xA;                    Usec: 19627,&#xA;                    Pad_cgo_0: [0, 0, 0, 0],&#xA;                },&#xA;                Stime: {&#xA;                    Sec: 0,&#xA;                    Usec: 7569,&#xA;                    Pad_cgo_0: [0, 0, 0, 0],&#xA;                },&#xA;                Maxrss: 45383680,&#xA;                Ixrss: 0,&#xA;                Idrss: 0,&#xA;                Isrss: 0,&#xA;                Minflt: 3581,&#xA;                Majflt: 3,&#xA;                Nswap: 0,&#xA;                Inblock: 0,&#xA;                Oublock: 0,&#xA;                Msgsnd: 9,&#xA;                Msgrcv: 9,&#xA;                Nsignals: 52,&#xA;                Nvcsw: 34,&#xA;                Nivcsw: 519,&#xA;            },&#xA;        },&#xA;        Stderr: nil,&#xA;    }&#xA;occurred&#xA;In [BeforeAll] at: /Users/antont/ansible_deckhouse/virtualization-full/tests/e2e/vm_version_test.go:41 @ 10/08/25 22:20:57.452&#xA;</failure>
              <system-err>&gt; Enter [BeforeAll] VirtualMachineVersions - /Users/antont/ansible_deckhouse/virtualization-full/tests/e2e/vm_version_test.go:35 @ 10/08/25 22:20:57.428&#xA;[FAILED] kubectl create namespace head-45bdb83d-end-to-end-vm-versions&#xA;Unexpected error:&#xA;    &lt;*exec.ExitError | 0x14000356280&gt;: &#xA;    exit status 1&#xA;    {&#xA;        ProcessState: {&#xA;            pid: 54444,&#xA;            status: 256,&#xA;            rusage: {&#xA;                Utime: {&#xA;                    Sec: 0,&#xA;                    Usec: 19627,&#xA;                    Pad_cgo_0: [0, 0, 0, 0],&#xA;                },&#xA;                Stime: {&#xA;                    Sec: 0,&#xA;                    Usec: 7569,&#xA;                    Pad_cgo_0: [0, 0, 0, 0],&#xA;                },&#xA;                Maxrss: 45383680,&#xA;                Ixrss: 0,&#xA;                Idrss: 0,&#xA;                Isrss: 0,&#xA;                Minflt: 3581,&#xA;                Majflt: 3,&#xA;                Nswap: 0,&#xA;                Inblock: 0,&#xA;                Oublock: 0,&#xA;                Msgsnd: 9,&#xA;                Msgrcv: 9,&#xA;                Nsignals: 52,&#xA;                Nvcsw: 34,&#xA;                Nivcsw: 519,&#xA;            },&#xA;        },&#xA;        Stderr: nil,&#xA;    }&#xA;occurred&#xA;In [BeforeAll] at: /Users/antont/ansible_deckhouse/virtualization-full/tests/e2e/vm_version_test.go:41 @ 10/08/25 22:20:57.452&#xA;&lt; Exit [BeforeAll] VirtualMachineVersions - /Users/antont/ansible_deckhouse/virtualization-full/tests/e2e/vm_version_test.go:35 @ 10/08/25 22:20:57.452 (24ms)&#xA;&gt; Enter [AfterEach] VirtualMachineVersions - /Users/antont/ansible_deckhouse/virtualization-full/tests/e2e/vm_version_test.go:50 @ 10/08/25 22:20:57.452&#xA;Get resources error:&#xA;cmd: kubectl get virtualization,intvirt,po,volumesnapshot -A -o yaml -l &#39;testcase=vm-versions&#39;&#xA;error: exit status 1&#xA;stderr: E1008 22:20:57.476092   54445 memcache.go:265] &#34;Unhandled Error&#34; err=&#34;couldn&#39;t get current server API group list: Get \&#34;http://localhost:8080/api?timeout=32s\&#34;: dial tcp [::1]:8080: connect: connection refused&#34;&#xA;E1008 22:20:57.477740   54445 memcache.go:265] &#34;Unhandled Error&#34; err=&#34;couldn&#39;t get current server API group list: Get \&#34;http://localhost:8080/api?timeout=32s\&#34;: dial tcp [::1]:8080: connect: connection refused&#34;&#xA;E1008 22:20:57.479291   54445 memcache.go:265] &#34;Unhandled Error&#34; err=&#34;couldn&#39;t get current server API group list: Get \&#34;http://localhost:8080/api?timeout=32s\&#34;: dial tcp [::1]:8080: connect: connection refused&#34;&#xA;E1008 22:20:57.480869   54445 memcache.go:265] &#34;Unhandled Error&#34; err=&#34;couldn&#39;t get current server API group list: Get \&#34;http://localhost:8080/api?timeout=32s\&#34;: dial tcp [::1]:8080: connect: connection refused&#34;&#xA;E1008 22:20:57.482418   54445 memcache.go:265] &#34;Unhandled Error&#34; err=&#34;couldn&#39;t get current server API group list: Get \&#34;http://localhost:8080/api?timeout=32s\&#34;: dial tcp [::1]:8080: connect: connection refused&#34;&#xA;E1008 22:20:57.483934   54445 memcache.go:265] &#34;Unhandled Error&#34; err=&#34;couldn&#39;t get current server API group list: Get \&#34;http://localhost:8080/api?timeout=32s\&#34;: dial tcp [::1]:8080: connect: connection refused&#34;&#xA;E1008 22:20:57.485565   54445 memcache.go:265] &#34;Unhandled Error&#34; err=&#34;couldn&#39;t get current server API group list: Get \&#34;http://localhost:8080/api?timeout=32s\&#34;: dial tcp [::1]:8080: connect: connection refused&#34;&#xA;E1008 22:20:57.487158   54445 memcache.go:265] &#34;Unhandled Error&#34; err=&#34;couldn&#39;t get current server API group list: Get \&#34;http://localhost:8080/api?timeout=32s\&#34;: dial tcp [::1]:8080: connect: connection refused&#34;&#xA;The connection to the server localhost:8080 was refused - did you specify the right host or port?&#xA;&#xA;&#xA;&lt; Exit [AfterEach] VirtualMachineVersions - /Users/antont/ansible_deckhouse/virtualization-full/tests/e2e/vm_version_test.go:50 @ 10/08/25 22:20:57.489 (37ms)&#xA;</system-err>
          </testcase>
          <testcase name="[It] VirtualMachineVersions When virtual disks are applied: checks VDs phases" classname="Tests" status="skipped" time="0">
              <skipped message="skipped - Spec skipped because an earlier spec in an ordered container failed"></skipped>
              <system-err>[SKIPPED] Spec skipped because an earlier spec in an ordered container failed&#xA;In [It] at: /Users/antont/ansible_deckhouse/virtualization-full/tests/e2e/vm_version_test.go:67 @ 10/08/25 22:20:57.489&#xA;</system-err>
          </testcase>
          <testcase name="[It] VirtualMachineVersions When virtual machines are applied: checks VMs phases" classname="Tests" status="skipped" time="0">
              <skipped message="skipped - Spec skipped because an earlier spec in an ordered container failed"></skipped>
              <system-err>[SKIPPED] Spec skipped because an earlier spec in an ordered container failed&#xA;In [It] at: /Users/antont/ansible_deckhouse/virtualization-full/tests/e2e/vm_version_test.go:78 @ 10/08/25 22:20:57.489&#xA;</system-err>
          </testcase>
          <testcase name="[It] VirtualMachineVersions When virtual machines are ready: has qemu version in the status" classname="Tests" status="skipped" time="0">
              <skipped message="skipped - Spec skipped because an earlier spec in an ordered container failed"></skipped>
              <system-err>[SKIPPED] Spec skipped because an earlier spec in an ordered container failed&#xA;In [It] at: /Users/antont/ansible_deckhouse/virtualization-full/tests/e2e/vm_version_test.go:97 @ 10/08/25 22:20:57.489&#xA;</system-err>
          </testcase>
          <testcase name="[It] VirtualMachineVersions When virtual machines are ready: has libvirt version in the status" classname="Tests" status="skipped" time="0">
              <skipped message="skipped - Spec skipped because an earlier spec in an ordered container failed"></skipped>
              <system-err>[SKIPPED] Spec skipped because an earlier spec in an ordered container failed&#xA;In [It] at: /Users/antont/ansible_deckhouse/virtualization-full/tests/e2e/vm_version_test.go:103 @ 10/08/25 22:20:57.489&#xA;</system-err>
          </testcase>
          <testcase name="[It] VirtualMachineVersions When test is completed deletes test case resources" classname="Tests" status="skipped" time="0">
              <skipped message="skipped - Spec skipped because an earlier spec in an ordered container failed"></skipped>
              <system-err>[SKIPPED] Spec skipped because an earlier spec in an ordered container failed&#xA;In [It] at: /Users/antont/ansible_deckhouse/virtualization-full/tests/e2e/vm_version_test.go:114 @ 10/08/25 22:20:57.489&#xA;</system-err>
          </testcase>
          <testcase name="[It] VirtualDiskSnapshots When virtualization resources are applied: result should be succeeded" classname="Tests" status="failed" time="0.061298084">
              <failure message="kubectl create namespace head-45bdb83d-end-to-end-vd-snapshots&#xA;Unexpected error:&#xA;    &lt;*exec.ExitError | 0x140008b3200&gt;: &#xA;    exit status 1&#xA;    {&#xA;        ProcessState: {&#xA;            pid: 54446,&#xA;            status: 256,&#xA;            rusage: {&#xA;                Utime: {&#xA;                    Sec: 0,&#xA;                    Usec: 19633,&#xA;                    Pad_cgo_0: [0, 0, 0, 0],&#xA;                },&#xA;                Stime: {&#xA;                    Sec: 0,&#xA;                    Usec: 7411,&#xA;                    Pad_cgo_0: [0, 0, 0, 0],&#xA;                },&#xA;                Maxrss: 45989888,&#xA;                Ixrss: 0,&#xA;                Idrss: 0,&#xA;                Isrss: 0,&#xA;                Minflt: 3611,&#xA;                Majflt: 3,&#xA;                Nswap: 0,&#xA;                Inblock: 0,&#xA;                Oublock: 0,&#xA;                Msgsnd: 9,&#xA;                Msgrcv: 9,&#xA;                Nsignals: 48,&#xA;                Nvcsw: 23,&#xA;                Nivcsw: 448,&#xA;            },&#xA;        },&#xA;        Stderr: nil,&#xA;    }&#xA;occurred" type="failed">[FAILED] kubectl create namespace head-45bdb83d-end-to-end-vd-snapshots&#xA;Unexpected error:&#xA;    &lt;*exec.ExitError | 0x140008b3200&gt;: &#xA;    exit status 1&#xA;    {&#xA;        ProcessState: {&#xA;            pid: 54446,&#xA;            status: 256,&#xA;            rusage: {&#xA;                Utime: {&#xA;                    Sec: 0,&#xA;                    Usec: 19633,&#xA;                    Pad_cgo_0: [0, 0, 0, 0],&#xA;                },&#xA;                Stime: {&#xA;                    Sec: 0,&#xA;                    Usec: 7411,&#xA;                    Pad_cgo_0: [0, 0, 0, 0],&#xA;                },&#xA;                Maxrss: 45989888,&#xA;                Ixrss: 0,&#xA;                Idrss: 0,&#xA;                Isrss: 0,&#xA;                Minflt: 3611,&#xA;                Majflt: 3,&#xA;                Nswap: 0,&#xA;                Inblock: 0,&#xA;                Oublock: 0,&#xA;                Msgsnd: 9,&#xA;                Msgrcv: 9,&#xA;                Nsignals: 48,&#xA;                Nvcsw: 23,&#xA;                Nivcsw: 448,&#xA;            },&#xA;        },&#xA;        Stderr: nil,&#xA;    }&#xA;occurred&#xA;In [BeforeAll] at: /Users/antont/ansible_deckhouse/virtualization-full/tests/e2e/vd_snapshots_test.go:64 @ 10/08/25 22:20:57.514&#xA;</failure>
              <system-err>&gt; Enter [BeforeAll] VirtualDiskSnapshots - /Users/antont/ansible_deckhouse/virtualization-full/tests/e2e/vd_snapshots_test.go:54 @ 10/08/25 22:20:57.489&#xA;[FAILED] kubectl create namespace head-45bdb83d-end-to-end-vd-snapshots&#xA;Unexpected error:&#xA;    &lt;*exec.ExitError | 0x140008b3200&gt;: &#xA;    exit status 1&#xA;    {&#xA;        ProcessState: {&#xA;            pid: 54446,&#xA;            status: 256,&#xA;            rusage: {&#xA;                Utime: {&#xA;                    Sec: 0,&#xA;                    Usec: 19633,&#xA;                    Pad_cgo_0: [0, 0, 0, 0],&#xA;                },&#xA;                Stime: {&#xA;                    Sec: 0,&#xA;                    Usec: 7411,&#xA;                    Pad_cgo_0: [0, 0, 0, 0],&#xA;                },&#xA;                Maxrss: 45989888,&#xA;                Ixrss: 0,&#xA;                Idrss: 0,&#xA;                Isrss: 0,&#xA;                Minflt: 3611,&#xA;                Majflt: 3,&#xA;                Nswap: 0,&#xA;                Inblock: 0,&#xA;                Oublock: 0,&#xA;                Msgsnd: 9,&#xA;                Msgrcv: 9,&#xA;                Nsignals: 48,&#xA;                Nvcsw: 23,&#xA;                Nivcsw: 448,&#xA;            },&#xA;        },&#xA;        Stderr: nil,&#xA;    }&#xA;occurred&#xA;In [BeforeAll] at: /Users/antont/ansible_deckhouse/virtualization-full/tests/e2e/vd_snapshots_test.go:64 @ 10/08/25 22:20:57.514&#xA;&lt; Exit [BeforeAll] VirtualDiskSnapshots - /Users/antont/ansible_deckhouse/virtualization-full/tests/e2e/vd_snapshots_test.go:54 @ 10/08/25 22:20:57.514 (24ms)&#xA;&gt; Enter [AfterEach] VirtualDiskSnapshots - /Users/antont/ansible_deckhouse/virtualization-full/tests/e2e/vd_snapshots_test.go:78 @ 10/08/25 22:20:57.514&#xA;Get resources error:&#xA;cmd: kubectl get virtualization,intvirt,po,volumesnapshot -A -o yaml -l &#39;testcase=vd-snapshots,id=head-45bdb83d&#39;&#xA;error: exit status 1&#xA;stderr: E1008 22:20:57.537054   54447 memcache.go:265] &#34;Unhandled Error&#34; err=&#34;couldn&#39;t get current server API group list: Get \&#34;http://localhost:8080/api?timeout=32s\&#34;: dial tcp [::1]:8080: connect: connection refused&#34;&#xA;E1008 22:20:57.538783   54447 memcache.go:265] &#34;Unhandled Error&#34; err=&#34;couldn&#39;t get current server API group list: Get \&#34;http://localhost:8080/api?timeout=32s\&#34;: dial tcp [::1]:8080: connect: connection refused&#34;&#xA;E1008 22:20:57.540556   54447 memcache.go:265] &#34;Unhandled Error&#34; err=&#34;couldn&#39;t get current server API group list: Get \&#34;http://localhost:8080/api?timeout=32s\&#34;: dial tcp [::1]:8080: connect: connection refused&#34;&#xA;E1008 22:20:57.542262   54447 memcache.go:265] &#34;Unhandled Error&#34; err=&#34;couldn&#39;t get current server API group list: Get \&#34;http://localhost:8080/api?timeout=32s\&#34;: dial tcp [::1]:8080: connect: connection refused&#34;&#xA;E1008 22:20:57.543949   54447 memcache.go:265] &#34;Unhandled Error&#34; err=&#34;couldn&#39;t get current server API group list: Get \&#34;http://localhost:8080/api?timeout=32s\&#34;: dial tcp [::1]:8080: connect: connection refused&#34;&#xA;E1008 22:20:57.545487   54447 memcache.go:265] &#34;Unhandled Error&#34; err=&#34;couldn&#39;t get current server API group list: Get \&#34;http://localhost:8080/api?timeout=32s\&#34;: dial tcp [::1]:8080: connect: connection refused&#34;&#xA;E1008 22:20:57.547171   54447 memcache.go:265] &#34;Unhandled Error&#34; err=&#34;couldn&#39;t get current server API group list: Get \&#34;http://localhost:8080/api?timeout=32s\&#34;: dial tcp [::1]:8080: connect: connection refused&#34;&#xA;E1008 22:20:57.548768   54447 memcache.go:265] &#34;Unhandled Error&#34; err=&#34;couldn&#39;t get current server API group list: Get \&#34;http://localhost:8080/api?timeout=32s\&#34;: dial tcp [::1]:8080: connect: connection refused&#34;&#xA;The connection to the server localhost:8080 was refused - did you specify the right host or port?&#xA;&#xA;&#xA;&lt; Exit [AfterEach] VirtualDiskSnapshots - /Users/antont/ansible_deckhouse/virtualization-full/tests/e2e/vd_snapshots_test.go:78 @ 10/08/25 22:20:57.551 (37ms)&#xA;</system-err>
          </testcase>
          <testcase name="[It] VirtualDiskSnapshots When virtual images are applied: checks VIs phases" classname="Tests" status="skipped" time="0">
              <skipped message="skipped - Spec skipped because an earlier spec in an ordered container failed"></skipped>
              <system-err>[SKIPPED] Spec skipped because an earlier spec in an ordered container failed&#xA;In [It] at: /Users/antont/ansible_deckhouse/virtualization-full/tests/e2e/vd_snapshots_test.go:95 @ 10/08/25 22:20:57.551&#xA;</system-err>
          </testcase>
          <testcase name="[It] VirtualDiskSnapshots When virtual disks are applied: checks VDs phases" classname="Tests" status="skipped" time="0">
              <skipped message="skipped - Spec skipped because an earlier spec in an ordered container failed"></skipped>
              <system-err>[SKIPPED] Spec skipped because an earlier spec in an ordered container failed&#xA;In [It] at: /Users/antont/ansible_deckhouse/virtualization-full/tests/e2e/vd_snapshots_test.go:106 @ 10/08/25 22:20:57.551&#xA;</system-err>
          </testcase>
          <testcase name="[It] VirtualDiskSnapshots When virtual machines are applied: checks VMs phases" classname="Tests" status="skipped" time="0">
              <skipped message="skipped - Spec skipped because an earlier spec in an ordered container failed"></skipped>
              <system-err>[SKIPPED] Spec skipped because an earlier spec in an ordered container failed&#xA;In [It] at: /Users/antont/ansible_deckhouse/virtualization-full/tests/e2e/vd_snapshots_test.go:117 @ 10/08/25 22:20:57.551&#xA;</system-err>
          </testcase>
          <testcase name="[It] VirtualDiskSnapshots When virtual machine block device attachments are applied: checks VMBDAs phases" classname="Tests" status="skipped" time="0">
              <skipped message="skipped - Spec skipped because an earlier spec in an ordered container failed"></skipped>
              <system-err>[SKIPPED] Spec skipped because an earlier spec in an ordered container failed&#xA;In [It] at: /Users/antont/ansible_deckhouse/virtualization-full/tests/e2e/vd_snapshots_test.go:128 @ 10/08/25 22:20:57.551&#xA;</system-err>
          </testcase>
          <testcase name="[It] VirtualDiskSnapshots When unattached VDs in phase Ready: creates VDs snapshots with `requiredConsistency`" classname="Tests" status="skipped" time="0">
              <skipped message="skipped - Spec skipped because an earlier spec in an ordered container failed"></skipped>
              <system-err>[SKIPPED] Spec skipped because an earlier spec in an ordered container failed&#xA;In [It] at: /Users/antont/ansible_deckhouse/virtualization-full/tests/e2e/vd_snapshots_test.go:139 @ 10/08/25 22:20:57.551&#xA;</system-err>
          </testcase>
          <testcase name="[It] VirtualDiskSnapshots When unattached VDs in phase Ready: checks snapshots of unattached VDs" classname="Tests" status="skipped" time="0">
              <skipped message="skipped - Spec skipped because an earlier spec in an ordered container failed"></skipped>
              <system-err>[SKIPPED] Spec skipped because an earlier spec in an ordered container failed&#xA;In [It] at: /Users/antont/ansible_deckhouse/virtualization-full/tests/e2e/vd_snapshots_test.go:159 @ 10/08/25 22:20:57.551&#xA;</system-err>
          </testcase>
          <testcase name="[It] VirtualDiskSnapshots When virtual machines in Running phase creates snapshots with `requiredConsistency` of attached VDs" classname="Tests" status="skipped" time="0">
              <skipped message="skipped - Spec skipped because an earlier spec in an ordered container failed"></skipped>
              <system-err>[SKIPPED] Spec skipped because an earlier spec in an ordered container failed&#xA;In [It] at: /Users/antont/ansible_deckhouse/virtualization-full/tests/e2e/vd_snapshots_test.go:180 @ 10/08/25 22:20:57.551&#xA;</system-err>
          </testcase>
          <testcase name="[It] VirtualDiskSnapshots When virtual machines in Running phase creates `vdSnapshots` concurrently" classname="Tests" status="skipped" time="0">
              <skipped message="skipped - Spec skipped because an earlier spec in an ordered container failed"></skipped>
              <system-err>[SKIPPED] Spec skipped because an earlier spec in an ordered container failed&#xA;In [It] at: /Users/antont/ansible_deckhouse/virtualization-full/tests/e2e/vd_snapshots_test.go:224 @ 10/08/25 22:20:57.551&#xA;</system-err>
          </testcase>
          <testcase name="[It] VirtualDiskSnapshots When virtual machines in Running phase checks snapshots" classname="Tests" status="skipped" time="0">
              <skipped message="skipped - Spec skipped because an earlier spec in an ordered container failed"></skipped>
              <system-err>[SKIPPED] Spec skipped because an earlier spec in an ordered container failed&#xA;In [It] at: /Users/antont/ansible_deckhouse/virtualization-full/tests/e2e/vd_snapshots_test.go:285 @ 10/08/25 22:20:57.551&#xA;</system-err>
          </testcase>
          <testcase name="[It] VirtualDiskSnapshots When virtual machines in Running phase checks `FileSystemFrozen` status of VMs" classname="Tests" status="skipped" time="0">
              <skipped message="skipped - Spec skipped because an earlier spec in an ordered container failed"></skipped>
              <system-err>[SKIPPED] Spec skipped because an earlier spec in an ordered container failed&#xA;In [It] at: /Users/antont/ansible_deckhouse/virtualization-full/tests/e2e/vd_snapshots_test.go:331 @ 10/08/25 22:20:57.551&#xA;</system-err>
          </testcase>
          <testcase name="[It] VirtualDiskSnapshots When test is completed deletes test case resources" classname="Tests" status="skipped" time="0">
              <skipped message="skipped - Spec skipped because an earlier spec in an ordered container failed"></skipped>
              <system-err>[SKIPPED] Spec skipped because an earlier spec in an ordered container failed&#xA;In [It] at: /Users/antont/ansible_deckhouse/virtualization-full/tests/e2e/vd_snapshots_test.go:357 @ 10/08/25 22:20:57.551&#xA;</system-err>
          </testcase>
          <testcase name="[It] ImageHotplug When the virtualization resources are applied result should be succeeded" classname="Tests" status="failed" time="0.071721083">
              <failure message="Unexpected error:&#xA;    &lt;*exec.ExitError | 0x140008b3c20&gt;: &#xA;    exit status 1&#xA;    {&#xA;        ProcessState: {&#xA;            pid: 54448,&#xA;            status: 256,&#xA;            rusage: {&#xA;                Utime: {&#xA;                    Sec: 0,&#xA;                    Usec: 22271,&#xA;                    Pad_cgo_0: [0, 0, 0, 0],&#xA;                },&#xA;                Stime: {&#xA;                    Sec: 0,&#xA;                    Usec: 8761,&#xA;                    Pad_cgo_0: [0, 0, 0, 0],&#xA;                },&#xA;                Maxrss: 45268992,&#xA;                Ixrss: 0,&#xA;                Idrss: 0,&#xA;                Isrss: 0,&#xA;                Minflt: 3567,&#xA;                Majflt: 3,&#xA;                Nswap: 0,&#xA;                Inblock: 0,&#xA;                Oublock: 0,&#xA;                Msgsnd: 45,&#xA;                Msgrcv: 45,&#xA;                Nsignals: 50,&#xA;                Nvcsw: 55,&#xA;                Nivcsw: 576,&#xA;            },&#xA;        },&#xA;        Stderr: nil,&#xA;    }&#xA;occurred" type="failed">[FAILED] Unexpected error:&#xA;    &lt;*exec.ExitError | 0x140008b3c20&gt;: &#xA;    exit status 1&#xA;    {&#xA;        ProcessState: {&#xA;            pid: 54448,&#xA;            status: 256,&#xA;            rusage: {&#xA;                Utime: {&#xA;                    Sec: 0,&#xA;                    Usec: 22271,&#xA;                    Pad_cgo_0: [0, 0, 0, 0],&#xA;                },&#xA;                Stime: {&#xA;                    Sec: 0,&#xA;                    Usec: 8761,&#xA;                    Pad_cgo_0: [0, 0, 0, 0],&#xA;                },&#xA;                Maxrss: 45268992,&#xA;                Ixrss: 0,&#xA;                Idrss: 0,&#xA;                Isrss: 0,&#xA;                Minflt: 3567,&#xA;                Majflt: 3,&#xA;                Nswap: 0,&#xA;                Inblock: 0,&#xA;                Oublock: 0,&#xA;                Msgsnd: 45,&#xA;                Msgrcv: 45,&#xA;                Nsignals: 50,&#xA;                Nvcsw: 55,&#xA;                Nivcsw: 576,&#xA;            },&#xA;        },&#xA;        Stderr: nil,&#xA;    }&#xA;occurred&#xA;In [BeforeAll] at: /Users/antont/ansible_deckhouse/virtualization-full/tests/e2e/image_hotplug_test.go:65 @ 10/08/25 22:20:57.586&#xA;</failure>
              <system-err>&gt; Enter [BeforeAll] ImageHotplug - /Users/antont/ansible_deckhouse/virtualization-full/tests/e2e/image_hotplug_test.go:54 @ 10/08/25 22:20:57.551&#xA;[FAILED] Unexpected error:&#xA;    &lt;*exec.ExitError | 0x140008b3c20&gt;: &#xA;    exit status 1&#xA;    {&#xA;        ProcessState: {&#xA;            pid: 54448,&#xA;            status: 256,&#xA;            rusage: {&#xA;                Utime: {&#xA;                    Sec: 0,&#xA;                    Usec: 22271,&#xA;                    Pad_cgo_0: [0, 0, 0, 0],&#xA;                },&#xA;                Stime: {&#xA;                    Sec: 0,&#xA;                    Usec: 8761,&#xA;                    Pad_cgo_0: [0, 0, 0, 0],&#xA;                },&#xA;                Maxrss: 45268992,&#xA;                Ixrss: 0,&#xA;                Idrss: 0,&#xA;                Isrss: 0,&#xA;                Minflt: 3567,&#xA;                Majflt: 3,&#xA;                Nswap: 0,&#xA;                Inblock: 0,&#xA;                Oublock: 0,&#xA;                Msgsnd: 45,&#xA;                Msgrcv: 45,&#xA;                Nsignals: 50,&#xA;                Nvcsw: 55,&#xA;                Nivcsw: 576,&#xA;            },&#xA;        },&#xA;        Stderr: nil,&#xA;    }&#xA;occurred&#xA;In [BeforeAll] at: /Users/antont/ansible_deckhouse/virtualization-full/tests/e2e/image_hotplug_test.go:65 @ 10/08/25 22:20:57.586&#xA;&lt; Exit [BeforeAll] ImageHotplug - /Users/antont/ansible_deckhouse/virtualization-full/tests/e2e/image_hotplug_test.go:54 @ 10/08/25 22:20:57.586 (35ms)&#xA;&gt; Enter [AfterEach] ImageHotplug - /Users/antont/ansible_deckhouse/virtualization-full/tests/e2e/image_hotplug_test.go:70 @ 10/08/25 22:20:57.586&#xA;Get resources error:&#xA;cmd: kubectl get virtualization,intvirt,po,volumesnapshot -A -o yaml -l &#39;testcase=image-hotplug&#39;&#xA;error: exit status 1&#xA;stderr: E1008 22:20:57.609959   54449 memcache.go:265] &#34;Unhandled Error&#34; err=&#34;couldn&#39;t get current server API group list: Get \&#34;http://localhost:8080/api?timeout=32s\&#34;: dial tcp [::1]:8080: connect: connection refused&#34;&#xA;E1008 22:20:57.611559   54449 memcache.go:265] &#34;Unhandled Error&#34; err=&#34;couldn&#39;t get current server API group list: Get \&#34;http://localhost:8080/api?timeout=32s\&#34;: dial tcp [::1]:8080: connect: connection refused&#34;&#xA;E1008 22:20:57.613350   54449 memcache.go:265] &#34;Unhandled Error&#34; err=&#34;couldn&#39;t get current server API group list: Get \&#34;http://localhost:8080/api?timeout=32s\&#34;: dial tcp [::1]:8080: connect: connection refused&#34;&#xA;E1008 22:20:57.614900   54449 memcache.go:265] &#34;Unhandled Error&#34; err=&#34;couldn&#39;t get current server API group list: Get \&#34;http://localhost:8080/api?timeout=32s\&#34;: dial tcp [::1]:8080: connect: connection refused&#34;&#xA;E1008 22:20:57.616460   54449 memcache.go:265] &#34;Unhandled Error&#34; err=&#34;couldn&#39;t get current server API group list: Get \&#34;http://localhost:8080/api?timeout=32s\&#34;: dial tcp [::1]:8080: connect: connection refused&#34;&#xA;E1008 22:20:57.618032   54449 memcache.go:265] &#34;Unhandled Error&#34; err=&#34;couldn&#39;t get current server API group list: Get \&#34;http://localhost:8080/api?timeout=32s\&#34;: dial tcp [::1]:8080: connect: connection refused&#34;&#xA;E1008 22:20:57.619615   54449 memcache.go:265] &#34;Unhandled Error&#34; err=&#34;couldn&#39;t get current server API group list: Get \&#34;http://localhost:8080/api?timeout=32s\&#34;: dial tcp [::1]:8080: connect: connection refused&#34;&#xA;E1008 22:20:57.621207   54449 memcache.go:265] &#34;Unhandled Error&#34; err=&#34;couldn&#39;t get current server API group list: Get \&#34;http://localhost:8080/api?timeout=32s\&#34;: dial tcp [::1]:8080: connect: connection refused&#34;&#xA;The connection to the server localhost:8080 was refused - did you specify the right host or port?&#xA;&#xA;&#xA;&lt; Exit [AfterEach] ImageHotplug - /Users/antont/ansible_deckhouse/virtualization-full/tests/e2e/image_hotplug_test.go:70 @ 10/08/25 22:20:57.623 (37ms)&#xA;</system-err>
          </testcase>
          <testcase name="[It] ImageHotplug When the virtualization resources are applied checks the resources phase" classname="Tests" status="skipped" time="0">
              <skipped message="skipped - Spec skipped because an earlier spec in an ordered container failed"></skipped>
              <system-err>[SKIPPED] Spec skipped because an earlier spec in an ordered container failed&#xA;In [It] at: /Users/antont/ansible_deckhouse/virtualization-full/tests/e2e/image_hotplug_test.go:112 @ 10/08/25 22:20:57.623&#xA;</system-err>
          </testcase>
          <testcase name="[It] ImageHotplug When the resources are ready to use retrieves the test objects" classname="Tests" status="skipped" time="0">
              <skipped message="skipped - Spec skipped because an earlier spec in an ordered container failed"></skipped>
              <system-err>[SKIPPED] Spec skipped because an earlier spec in an ordered container failed&#xA;In [It] at: /Users/antont/ansible_deckhouse/virtualization-full/tests/e2e/image_hotplug_test.go:147 @ 10/08/25 22:20:57.623&#xA;</system-err>
          </testcase>
          <testcase name="[It] ImageHotplug When the resources are ready to use retrieves the disk count before the images attachment" classname="Tests" status="skipped" time="0">
              <skipped message="skipped - Spec skipped because an earlier spec in an ordered container failed"></skipped>
              <system-err>[SKIPPED] Spec skipped because an earlier spec in an ordered container failed&#xA;In [It] at: /Users/antont/ansible_deckhouse/virtualization-full/tests/e2e/image_hotplug_test.go:190 @ 10/08/25 22:20:57.623&#xA;</system-err>
          </testcase>
          <testcase name="[It] ImageHotplug When the resources are ready to use attaches the images into the `VirtualMachine`" classname="Tests" status="skipped" time="0">
              <skipped message="skipped - Spec skipped because an earlier spec in an ordered container failed"></skipped>
              <system-err>[SKIPPED] Spec skipped because an earlier spec in an ordered container failed&#xA;In [It] at: /Users/antont/ansible_deckhouse/virtualization-full/tests/e2e/image_hotplug_test.go:196 @ 10/08/25 22:20:57.623&#xA;</system-err>
          </testcase>
          <testcase name="[It] ImageHotplug When the resources are ready to use checks the `VirtualMachine` and the `VirtualMachineBlockDeviceAttachments` phases" classname="Tests" status="skipped" time="0">
              <skipped message="skipped - Spec skipped because an earlier spec in an ordered container failed"></skipped>
              <system-err>[SKIPPED] Spec skipped because an earlier spec in an ordered container failed&#xA;In [It] at: /Users/antont/ansible_deckhouse/virtualization-full/tests/e2e/image_hotplug_test.go:204 @ 10/08/25 22:20:57.623&#xA;</system-err>
          </testcase>
          <testcase name="[It] ImageHotplug When the resources are ready to use compares the disk count before and after attachment" classname="Tests" status="skipped" time="0">
              <skipped message="skipped - Spec skipped because an earlier spec in an ordered container failed"></skipped>
              <system-err>[SKIPPED] Spec skipped because an earlier spec in an ordered container failed&#xA;In [It] at: /Users/antont/ansible_deckhouse/virtualization-full/tests/e2e/image_hotplug_test.go:224 @ 10/08/25 22:20:57.623&#xA;</system-err>
          </testcase>
          <testcase name="[It] ImageHotplug When the resources are ready to use checks that the `ISO` image is attached as `CD-ROM`" classname="Tests" status="skipped" time="0">
              <skipped message="skipped - Spec skipped because an earlier spec in an ordered container failed"></skipped>
              <system-err>[SKIPPED] Spec skipped because an earlier spec in an ordered container failed&#xA;In [It] at: /Users/antont/ansible_deckhouse/virtualization-full/tests/e2e/image_hotplug_test.go:236 @ 10/08/25 22:20:57.623&#xA;</system-err>
          </testcase>
          <testcase name="[It] ImageHotplug When the resources are ready to use check that the images are attached as the `ReadOnly` devices" classname="Tests" status="skipped" time="0">
              <skipped message="skipped - Spec skipped because an earlier spec in an ordered container failed"></skipped>
              <system-err>[SKIPPED] Spec skipped because an earlier spec in an ordered container failed&#xA;In [It] at: /Users/antont/ansible_deckhouse/virtualization-full/tests/e2e/image_hotplug_test.go:258 @ 10/08/25 22:20:57.623&#xA;</system-err>
          </testcase>
          <testcase name="[It] ImageHotplug When the resources are ready to use detaches the images" classname="Tests" status="skipped" time="0">
              <skipped message="skipped - Spec skipped because an earlier spec in an ordered container failed"></skipped>
              <system-err>[SKIPPED] Spec skipped because an earlier spec in an ordered container failed&#xA;In [It] at: /Users/antont/ansible_deckhouse/virtualization-full/tests/e2e/image_hotplug_test.go:284 @ 10/08/25 22:20:57.623&#xA;</system-err>
          </testcase>
          <testcase name="[It] ImageHotplug When the resources are ready to use compares the disk count after detachment" classname="Tests" status="skipped" time="0">
              <skipped message="skipped - Spec skipped because an earlier spec in an ordered container failed"></skipped>
              <system-err>[SKIPPED] Spec skipped because an earlier spec in an ordered container failed&#xA;In [It] at: /Users/antont/ansible_deckhouse/virtualization-full/tests/e2e/image_hotplug_test.go:294 @ 10/08/25 22:20:57.623&#xA;</system-err>
          </testcase>
          <testcase name="[It] ImageHotplug When test is completed deletes test case resources" classname="Tests" status="skipped" time="0">
              <skipped message="skipped - Spec skipped because an earlier spec in an ordered container failed"></skipped>
              <system-err>[SKIPPED] Spec skipped because an earlier spec in an ordered container failed&#xA;In [It] at: /Users/antont/ansible_deckhouse/virtualization-full/tests/e2e/image_hotplug_test.go:309 @ 10/08/25 22:20:57.623&#xA;</system-err>
          </testcase>
          <testcase name="[It] VirtualMachineAdditionalNetworkInterfaces When resources are applied result should be succeeded [SIG-Migration]" classname="Tests" status="skipped" time="0.606020292">
              <skipped message="skipped - Module SDN is disabled. Skipping all tests for module SDN."></skipped>
              <system-err>&gt; Enter [BeforeAll] VirtualMachineAdditionalNetworkInterfaces - /Users/antont/ansible_deckhouse/virtualization-full/tests/e2e/vm_vpc_test.go:47 @ 10/08/25 22:20:57.623&#xA;[SKIPPED] Module SDN is disabled. Skipping all tests for module SDN.&#xA;In [BeforeAll] at: /Users/antont/ansible_deckhouse/virtualization-full/tests/e2e/vm_vpc_test.go:50 @ 10/08/25 22:20:58.229&#xA;&lt; Exit [BeforeAll] VirtualMachineAdditionalNetworkInterfaces - /Users/antont/ansible_deckhouse/virtualization-full/tests/e2e/vm_vpc_test.go:47 @ 10/08/25 22:20:58.229 (606ms)&#xA;&gt; Enter [AfterAll] VirtualMachineAdditionalNetworkInterfaces - /Users/antont/ansible_deckhouse/virtualization-full/tests/e2e/vm_vpc_test.go:60 @ 10/08/25 22:20:58.229&#xA;&lt; Exit [AfterAll] VirtualMachineAdditionalNetworkInterfaces - /Users/antont/ansible_deckhouse/virtualization-full/tests/e2e/vm_vpc_test.go:60 @ 10/08/25 22:20:58.229 (0s)&#xA;</system-err>
          </testcase>
          <testcase name="[It] VirtualMachineAdditionalNetworkInterfaces When virtual machines are applied checks VMs phases [SIG-Migration]" classname="Tests" status="skipped" time="0">
              <skipped message="skipped - Spec skipped because Skip() was called in BeforeAll"></skipped>
              <system-err>[SKIPPED] Spec skipped because Skip() was called in BeforeAll&#xA;In [It] at: /Users/antont/ansible_deckhouse/virtualization-full/tests/e2e/vm_vpc_test.go:90 @ 10/08/25 22:20:58.229&#xA;</system-err>
          </testcase>
          <testcase name="[It] VirtualMachineAdditionalNetworkInterfaces When virtual machines are applied checks network availability [SIG-Migration]" classname="Tests" status="skipped" time="0">
              <skipped message="skipped - Spec skipped because Skip() was called in BeforeAll"></skipped>
              <system-err>[SKIPPED] Spec skipped because Skip() was called in BeforeAll&#xA;In [It] at: /Users/antont/ansible_deckhouse/virtualization-full/tests/e2e/vm_vpc_test.go:98 @ 10/08/25 22:20:58.23&#xA;</system-err>
          </testcase>
          <testcase name="[It] VirtualMachineAdditionalNetworkInterfaces When virtual machine agents and network are ready starts migrations [SIG-Migration]" classname="Tests" status="skipped" time="0">
              <skipped message="skipped - Spec skipped because Skip() was called in BeforeAll"></skipped>
              <system-err>[SKIPPED] Spec skipped because Skip() was called in BeforeAll&#xA;In [It] at: /Users/antont/ansible_deckhouse/virtualization-full/tests/e2e/vm_vpc_test.go:111 @ 10/08/25 22:20:58.23&#xA;</system-err>
          </testcase>
          <testcase name="[It] VirtualMachineAdditionalNetworkInterfaces When VMs migrations are applied checks VMs and VMOPs phases [SIG-Migration]" classname="Tests" status="skipped" time="0">
              <skipped message="skipped - Spec skipped because Skip() was called in BeforeAll"></skipped>
              <system-err>[SKIPPED] Spec skipped because Skip() was called in BeforeAll&#xA;In [It] at: /Users/antont/ansible_deckhouse/virtualization-full/tests/e2e/vm_vpc_test.go:125 @ 10/08/25 22:20:58.23&#xA;</system-err>
          </testcase>
          <testcase name="[It] VirtualMachineAdditionalNetworkInterfaces When VMs migrations are applied checks VMs external connection after migrations [SIG-Migration]" classname="Tests" status="skipped" time="0">
              <skipped message="skipped - Spec skipped because Skip() was called in BeforeAll"></skipped>
              <system-err>[SKIPPED] Spec skipped because Skip() was called in BeforeAll&#xA;In [It] at: /Users/antont/ansible_deckhouse/virtualization-full/tests/e2e/vm_vpc_test.go:141 @ 10/08/25 22:20:58.23&#xA;</system-err>
          </testcase>
          <testcase name="[It] VirtualMachineAdditionalNetworkInterfaces When VMs migrations are applied checks network availability after migrations [SIG-Migration]" classname="Tests" status="skipped" time="0">
              <skipped message="skipped - Spec skipped because Skip() was called in BeforeAll"></skipped>
              <system-err>[SKIPPED] Spec skipped because Skip() was called in BeforeAll&#xA;In [It] at: /Users/antont/ansible_deckhouse/virtualization-full/tests/e2e/vm_vpc_test.go:156 @ 10/08/25 22:20:58.23&#xA;</system-err>
          </testcase>
          <testcase name="[It] VirtualMachineAdditionalNetworkInterfaces When test is completed deletes test case resources [SIG-Migration]" classname="Tests" status="skipped" time="0">
              <skipped message="skipped - Spec skipped because Skip() was called in BeforeAll"></skipped>
              <system-err>[SKIPPED] Spec skipped because Skip() was called in BeforeAll&#xA;In [It] at: /Users/antont/ansible_deckhouse/virtualization-full/tests/e2e/vm_vpc_test.go:169 @ 10/08/25 22:20:58.23&#xA;</system-err>
          </testcase>
          <testcase name="[It] ImporterNetworkPolicy Project creates project" classname="Tests" status="failed" time="0.143148667">
              <failure message="error: error validating &#34;/tmp/testdata/importer-network-policy/project&#34;: error validating data: failed to download openapi: Get &#34;http://localhost:8080/openapi/v2?timeout=32s&#34;: dial tcp [::1]:8080: connect: connection refused; if you choose to ignore these errors, turn validation off with --validate=false&#xA;&#xA;Expected&#xA;    &lt;bool&gt;: false&#xA;to equal&#xA;    &lt;bool&gt;: true" type="failed">[FAILED] error: error validating &#34;/tmp/testdata/importer-network-policy/project&#34;: error validating data: failed to download openapi: Get &#34;http://localhost:8080/openapi/v2?timeout=32s&#34;: dial tcp [::1]:8080: connect: connection refused; if you choose to ignore these errors, turn validation off with --validate=false&#xA;&#xA;Expected&#xA;    &lt;bool&gt;: false&#xA;to equal&#xA;    &lt;bool&gt;: true&#xA;In [It] at: /Users/antont/ansible_deckhouse/virtualization-full/tests/e2e/importer_network_policy_test.go:69 @ 10/08/25 22:20:58.294&#xA;&#xA;There were additional failures detected after the initial failure. These are visible in the timeline&#xA;</failure>
              <system-err>&gt; Enter [BeforeAll] ImporterNetworkPolicy - /Users/antont/ansible_deckhouse/virtualization-full/tests/e2e/importer_network_policy_test.go:36 @ 10/08/25 22:20:58.231&#xA;&lt; Exit [BeforeAll] ImporterNetworkPolicy - /Users/antont/ansible_deckhouse/virtualization-full/tests/e2e/importer_network_policy_test.go:36 @ 10/08/25 22:20:58.232 (1ms)&#xA;&gt; Enter [BeforeEach] ImporterNetworkPolicy - /Users/antont/ansible_deckhouse/virtualization-full/tests/e2e/importer_network_policy_test.go:43 @ 10/08/25 22:20:58.232&#xA;&lt; Exit [BeforeEach] ImporterNetworkPolicy - /Users/antont/ansible_deckhouse/virtualization-full/tests/e2e/importer_network_policy_test.go:43 @ 10/08/25 22:20:58.232 (0s)&#xA;&gt; Enter [It] creates project - /Users/antont/ansible_deckhouse/virtualization-full/tests/e2e/importer_network_policy_test.go:61 @ 10/08/25 22:20:58.232&#xA;[FAILED] error: error validating &#34;/tmp/testdata/importer-network-policy/project&#34;: error validating data: failed to download openapi: Get &#34;http://localhost:8080/openapi/v2?timeout=32s&#34;: dial tcp [::1]:8080: connect: connection refused; if you choose to ignore these errors, turn validation off with --validate=false&#xA;&#xA;Expected&#xA;    &lt;bool&gt;: false&#xA;to equal&#xA;    &lt;bool&gt;: true&#xA;In [It] at: /Users/antont/ansible_deckhouse/virtualization-full/tests/e2e/importer_network_policy_test.go:69 @ 10/08/25 22:20:58.294&#xA;&lt; Exit [It] creates project - /Users/antont/ansible_deckhouse/virtualization-full/tests/e2e/importer_network_policy_test.go:61 @ 10/08/25 22:20:58.294 (62ms)&#xA;&gt; Enter [AfterEach] ImporterNetworkPolicy - /Users/antont/ansible_deckhouse/virtualization-full/tests/e2e/importer_network_policy_test.go:54 @ 10/08/25 22:20:58.294&#xA;Get resources error:&#xA;cmd: kubectl get virtualization,intvirt,po,volumesnapshot -A -o yaml -l &#39;testcase=importer-network-policy&#39;&#xA;error: exit status 1&#xA;stderr: E1008 22:20:58.320838   54452 memcache.go:265] &#34;Unhandled Error&#34; err=&#34;couldn&#39;t get current server API group list: Get \&#34;http://localhost:8080/api?timeout=32s\&#34;: dial tcp [::1]:8080: connect: connection refused&#34;&#xA;E1008 22:20:58.322624   54452 memcache.go:265] &#34;Unhandled Error&#34; err=&#34;couldn&#39;t get current server API group list: Get \&#34;http://localhost:8080/api?timeout=32s\&#34;: dial tcp [::1]:8080: connect: connection refused&#34;&#xA;E1008 22:20:58.324276   54452 memcache.go:265] &#34;Unhandled Error&#34; err=&#34;couldn&#39;t get current server API group list: Get \&#34;http://localhost:8080/api?timeout=32s\&#34;: dial tcp [::1]:8080: connect: connection refused&#34;&#xA;E1008 22:20:58.325888   54452 memcache.go:265] &#34;Unhandled Error&#34; err=&#34;couldn&#39;t get current server API group list: Get \&#34;http://localhost:8080/api?timeout=32s\&#34;: dial tcp [::1]:8080: connect: connection refused&#34;&#xA;E1008 22:20:58.327419   54452 memcache.go:265] &#34;Unhandled Error&#34; err=&#34;couldn&#39;t get current server API group list: Get \&#34;http://localhost:8080/api?timeout=32s\&#34;: dial tcp [::1]:8080: connect: connection refused&#34;&#xA;E1008 22:20:58.328995   54452 memcache.go:265] &#34;Unhandled Error&#34; err=&#34;couldn&#39;t get current server API group list: Get \&#34;http://localhost:8080/api?timeout=32s\&#34;: dial tcp [::1]:8080: connect: connection refused&#34;&#xA;E1008 22:20:58.330641   54452 memcache.go:265] &#34;Unhandled Error&#34; err=&#34;couldn&#39;t get current server API group list: Get \&#34;http://localhost:8080/api?timeout=32s\&#34;: dial tcp [::1]:8080: connect: connection refused&#34;&#xA;E1008 22:20:58.332262   54452 memcache.go:265] &#34;Unhandled Error&#34; err=&#34;couldn&#39;t get current server API group list: Get \&#34;http://localhost:8080/api?timeout=32s\&#34;: dial tcp [::1]:8080: connect: connection refused&#34;&#xA;The connection to the server localhost:8080 was refused - did you specify the right host or port?&#xA;&#xA;&#xA;&lt; Exit [AfterEach] ImporterNetworkPolicy - /Users/antont/ansible_deckhouse/virtualization-full/tests/e2e/importer_network_policy_test.go:54 @ 10/08/25 22:20:58.334 (40ms)&#xA;&gt; Enter [AfterAll] ImporterNetworkPolicy - /Users/antont/ansible_deckhouse/virtualization-full/tests/e2e/importer_network_policy_test.go:49 @ 10/08/25 22:20:58.334&#xA;STEP: Delete manifests - /Users/antont/ansible_deckhouse/virtualization-full/tests/e2e/importer_network_policy_test.go:50 @ 10/08/25 22:20:58.334&#xA;STEP: Response on deletion request should be successful - /Users/antont/ansible_deckhouse/virtualization-full/tests/e2e/util_test.go:604 @ 10/08/25 22:20:58.334&#xA;END STEP: Response on deletion request should be successful - /Users/antont/ansible_deckhouse/virtualization-full/tests/e2e/util_test.go:604 @ 10/08/25 22:20:58.374 (39ms)&#xA;[FAILED] cannot delete test case resources&#xA;kustomizationDir: /tmp/testdata/importer-network-policy&#xA;cmd: kubectl delete --kustomize /tmp/testdata/importer-network-policy --ignore-not-found&#xA;stderr: E1008 22:20:58.364968   54453 memcache.go:265] &#34;Unhandled Error&#34; err=&#34;couldn&#39;t get current server API group list: Get \&#34;http://localhost:8080/api?timeout=32s\&#34;: dial tcp [::1]:8080: connect: connection refused&#34;&#xA;E1008 22:20:58.366727   54453 memcache.go:265] &#34;Unhandled Error&#34; err=&#34;couldn&#39;t get current server API group list: Get \&#34;http://localhost:8080/api?timeout=32s\&#34;: dial tcp [::1]:8080: connect: connection refused&#34;&#xA;E1008 22:20:58.368261   54453 memcache.go:265] &#34;Unhandled Error&#34; err=&#34;couldn&#39;t get current server API group list: Get \&#34;http://localhost:8080/api?timeout=32s\&#34;: dial tcp [::1]:8080: connect: connection refused&#34;&#xA;E1008 22:20:58.369885   54453 memcache.go:265] &#34;Unhandled Error&#34; err=&#34;couldn&#39;t get current server API group list: Get \&#34;http://localhost:8080/api?timeout=32s\&#34;: dial tcp [::1]:8080: connect: connection refused&#34;&#xA;E1008 22:20:58.371534   54453 memcache.go:265] &#34;Unhandled Error&#34; err=&#34;couldn&#39;t get current server API group list: Get \&#34;http://localhost:8080/api?timeout=32s\&#34;: dial tcp [::1]:8080: connect: connection refused&#34;&#xA;unable to recognize &#34;/tmp/testdata/importer-network-policy&#34;: Get &#34;http://localhost:8080/api?timeout=32s&#34;: dial tcp [::1]:8080: connect: connection refused&#xA;unable to recognize &#34;/tmp/testdata/importer-network-policy&#34;: Get &#34;http://localhost:8080/api?timeout=32s&#34;: dial tcp [::1]:8080: connect: connection refused&#xA;unable to recognize &#34;/tmp/testdata/importer-network-policy&#34;: Get &#34;http://localhost:8080/api?timeout=32s&#34;: dial tcp [::1]:8080: connect: connection refused&#xA;unable to recognize &#34;/tmp/testdata/importer-network-policy&#34;: Get &#34;http://localhost:8080/api?timeout=32s&#34;: dial tcp [::1]:8080: connect: connection refused&#xA;unable to recognize &#34;/tmp/testdata/importer-network-policy&#34;: Get &#34;http://localhost:8080/api?timeout=32s&#34;: dial tcp [::1]:8080: connect: connection refused&#xA;&#xA;Unexpected error:&#xA;    &lt;*exec.ExitError | 0x14000b002a0&gt;: &#xA;    exit status 1&#xA;    {&#xA;        ProcessState: {&#xA;            pid: 54453,&#xA;            status: 256,&#xA;            rusage: {&#xA;                Utime: {&#xA;                    Sec: 0,&#xA;                    Usec: 29677,&#xA;                    Pad_cgo_0: [0, 0, 0, 0],&#xA;                },&#xA;                Stime: {&#xA;                    Sec: 0,&#xA;                    Usec: 10772,&#xA;                    Pad_cgo_0: [0, 0, 0, 0],&#xA;                },&#xA;                Maxrss: 48136192,&#xA;                Ixrss: 0,&#xA;                Idrss: 0,&#xA;                Isrss: 0,&#xA;                Minflt: 3745,&#xA;                Majflt: 3,&#xA;                Nswap: 0,&#xA;                Inblock: 0,&#xA;                Oublock: 0,&#xA;                Msgsnd: 33,&#xA;                Msgrcv: 33,&#xA;                Nsignals: 75,&#xA;                Nvcsw: 140,&#xA;                Nivcsw: 678,&#xA;            },&#xA;        },&#xA;        Stderr: nil,&#xA;    }&#xA;occurred&#xA;In [AfterAll] at: /Users/antont/ansible_deckhouse/virtualization-full/tests/e2e/util_test.go:617 @ 10/08/25 22:20:58.374&#xA;&lt; Exit [AfterAll] ImporterNetworkPolicy - /Users/antont/ansible_deckhouse/virtualization-full/tests/e2e/importer_network_policy_test.go:49 @ 10/08/25 22:20:58.374 (40ms)&#xA;</system-err>
          </testcase>
          <testcase name="[It] ImporterNetworkPolicy Project checks project readiness" classname="Tests" status="skipped" time="0">
              <skipped message="skipped - Spec skipped because an earlier spec in an ordered container failed"></skipped>
              <system-err>[SKIPPED] Spec skipped because an earlier spec in an ordered container failed&#xA;In [It] at: /Users/antont/ansible_deckhouse/virtualization-full/tests/e2e/importer_network_policy_test.go:72 @ 10/08/25 22:20:58.374&#xA;</system-err>
          </testcase>
          <testcase name="[It] ImporterNetworkPolicy When resources are applied result should be succeeded" classname="Tests" status="skipped" time="0">
              <skipped message="skipped - Spec skipped because an earlier spec in an ordered container failed"></skipped>
              <system-err>[SKIPPED] Spec skipped because an earlier spec in an ordered container failed&#xA;In [It] at: /Users/antont/ansible_deckhouse/virtualization-full/tests/e2e/importer_network_policy_test.go:83 @ 10/08/25 22:20:58.374&#xA;</system-err>
          </testcase>
          <testcase name="[It] ImporterNetworkPolicy When resources are applied When virtual images are applied" classname="Tests" status="skipped" time="0">
              <skipped message="skipped - Spec skipped because an earlier spec in an ordered container failed"></skipped>
              <system-err>[SKIPPED] Spec skipped because an earlier spec in an ordered container failed&#xA;In [It] at: /Users/antont/ansible_deckhouse/virtualization-full/tests/e2e/importer_network_policy_test.go:101 @ 10/08/25 22:20:58.374&#xA;</system-err>
          </testcase>
          <testcase name="[It] ImporterNetworkPolicy When resources are applied When virtual disks are applied" classname="Tests" status="skipped" time="0">
              <skipped message="skipped - Spec skipped because an earlier spec in an ordered container failed"></skipped>
              <system-err>[SKIPPED] Spec skipped because an earlier spec in an ordered container failed&#xA;In [It] at: /Users/antont/ansible_deckhouse/virtualization-full/tests/e2e/importer_network_policy_test.go:102 @ 10/08/25 22:20:58.374&#xA;</system-err>
          </testcase>
          <testcase name="[It] ImporterNetworkPolicy When resources are applied When virtual machines are applied" classname="Tests" status="skipped" time="0">
              <skipped message="skipped - Spec skipped because an earlier spec in an ordered container failed"></skipped>
              <system-err>[SKIPPED] Spec skipped because an earlier spec in an ordered container failed&#xA;In [It] at: /Users/antont/ansible_deckhouse/virtualization-full/tests/e2e/importer_network_policy_test.go:103 @ 10/08/25 22:20:58.374&#xA;</system-err>
          </testcase>
          <testcase name="[It] VirtualMachineLabelAndAnnotation When resources are applied result should be succeeded" classname="Tests" status="failed" time="0.061282917">
              <failure message="kubectl create namespace head-45bdb83d-end-to-end-vm-label-annotation&#xA;Unexpected error:&#xA;    &lt;*exec.ExitError | 0x140004d8000&gt;: &#xA;    exit status 1&#xA;    {&#xA;        ProcessState: {&#xA;            pid: 54454,&#xA;            status: 256,&#xA;            rusage: {&#xA;                Utime: {&#xA;                    Sec: 0,&#xA;                    Usec: 19448,&#xA;                    Pad_cgo_0: [0, 0, 0, 0],&#xA;                },&#xA;                Stime: {&#xA;                    Sec: 0,&#xA;                    Usec: 7032,&#xA;                    Pad_cgo_0: [0, 0, 0, 0],&#xA;                },&#xA;                Maxrss: 44662784,&#xA;                Ixrss: 0,&#xA;                Idrss: 0,&#xA;                Isrss: 0,&#xA;                Minflt: 3532,&#xA;                Majflt: 3,&#xA;                Nswap: 0,&#xA;                Inblock: 0,&#xA;                Oublock: 0,&#xA;                Msgsnd: 9,&#xA;                Msgrcv: 9,&#xA;                Nsignals: 40,&#xA;                Nvcsw: 16,&#xA;                Nivcsw: 434,&#xA;            },&#xA;        },&#xA;        Stderr: nil,&#xA;    }&#xA;occurred" type="failed">[FAILED] kubectl create namespace head-45bdb83d-end-to-end-vm-label-annotation&#xA;Unexpected error:&#xA;    &lt;*exec.ExitError | 0x140004d8000&gt;: &#xA;    exit status 1&#xA;    {&#xA;        ProcessState: {&#xA;            pid: 54454,&#xA;            status: 256,&#xA;            rusage: {&#xA;                Utime: {&#xA;                    Sec: 0,&#xA;                    Usec: 19448,&#xA;                    Pad_cgo_0: [0, 0, 0, 0],&#xA;                },&#xA;                Stime: {&#xA;                    Sec: 0,&#xA;                    Usec: 7032,&#xA;                    Pad_cgo_0: [0, 0, 0, 0],&#xA;                },&#xA;                Maxrss: 44662784,&#xA;                Ixrss: 0,&#xA;                Idrss: 0,&#xA;                Isrss: 0,&#xA;                Minflt: 3532,&#xA;                Majflt: 3,&#xA;                Nswap: 0,&#xA;                Inblock: 0,&#xA;                Oublock: 0,&#xA;                Msgsnd: 9,&#xA;                Msgrcv: 9,&#xA;                Nsignals: 40,&#xA;                Nvcsw: 16,&#xA;                Nivcsw: 434,&#xA;            },&#xA;        },&#xA;        Stderr: nil,&#xA;    }&#xA;occurred&#xA;In [BeforeAll] at: /Users/antont/ansible_deckhouse/virtualization-full/tests/e2e/vm_label_annotation_test.go:48 @ 10/08/25 22:20:58.398&#xA;</failure>
              <system-err>&gt; Enter [BeforeAll] VirtualMachineLabelAndAnnotation - /Users/antont/ansible_deckhouse/virtualization-full/tests/e2e/vm_label_annotation_test.go:42 @ 10/08/25 22:20:58.374&#xA;[FAILED] kubectl create namespace head-45bdb83d-end-to-end-vm-label-annotation&#xA;Unexpected error:&#xA;    &lt;*exec.ExitError | 0x140004d8000&gt;: &#xA;    exit status 1&#xA;    {&#xA;        ProcessState: {&#xA;            pid: 54454,&#xA;            status: 256,&#xA;            rusage: {&#xA;                Utime: {&#xA;                    Sec: 0,&#xA;                    Usec: 19448,&#xA;                    Pad_cgo_0: [0, 0, 0, 0],&#xA;                },&#xA;                Stime: {&#xA;                    Sec: 0,&#xA;                    Usec: 7032,&#xA;                    Pad_cgo_0: [0, 0, 0, 0],&#xA;                },&#xA;                Maxrss: 44662784,&#xA;                Ixrss: 0,&#xA;                Idrss: 0,&#xA;                Isrss: 0,&#xA;                Minflt: 3532,&#xA;                Majflt: 3,&#xA;                Nswap: 0,&#xA;                Inblock: 0,&#xA;                Oublock: 0,&#xA;                Msgsnd: 9,&#xA;                Msgrcv: 9,&#xA;                Nsignals: 40,&#xA;                Nvcsw: 16,&#xA;                Nivcsw: 434,&#xA;            },&#xA;        },&#xA;        Stderr: nil,&#xA;    }&#xA;occurred&#xA;In [BeforeAll] at: /Users/antont/ansible_deckhouse/virtualization-full/tests/e2e/vm_label_annotation_test.go:48 @ 10/08/25 22:20:58.398&#xA;&lt; Exit [BeforeAll] VirtualMachineLabelAndAnnotation - /Users/antont/ansible_deckhouse/virtualization-full/tests/e2e/vm_label_annotation_test.go:42 @ 10/08/25 22:20:58.398 (25ms)&#xA;&gt; Enter [AfterEach] VirtualMachineLabelAndAnnotation - /Users/antont/ansible_deckhouse/virtualization-full/tests/e2e/vm_label_annotation_test.go:57 @ 10/08/25 22:20:58.398&#xA;Get resources error:&#xA;cmd: kubectl get virtualization,intvirt,po,volumesnapshot -A -o yaml -l &#39;testcase=vm-label-annotation&#39;&#xA;error: exit status 1&#xA;stderr: E1008 22:20:58.421630   54455 memcache.go:265] &#34;Unhandled Error&#34; err=&#34;couldn&#39;t get current server API group list: Get \&#34;http://localhost:8080/api?timeout=32s\&#34;: dial tcp [::1]:8080: connect: connection refused&#34;&#xA;E1008 22:20:58.423410   54455 memcache.go:265] &#34;Unhandled Error&#34; err=&#34;couldn&#39;t get current server API group list: Get \&#34;http://localhost:8080/api?timeout=32s\&#34;: dial tcp [::1]:8080: connect: connection refused&#34;&#xA;E1008 22:20:58.425020   54455 memcache.go:265] &#34;Unhandled Error&#34; err=&#34;couldn&#39;t get current server API group list: Get \&#34;http://localhost:8080/api?timeout=32s\&#34;: dial tcp [::1]:8080: connect: connection refused&#34;&#xA;E1008 22:20:58.426641   54455 memcache.go:265] &#34;Unhandled Error&#34; err=&#34;couldn&#39;t get current server API group list: Get \&#34;http://localhost:8080/api?timeout=32s\&#34;: dial tcp [::1]:8080: connect: connection refused&#34;&#xA;E1008 22:20:58.428308   54455 memcache.go:265] &#34;Unhandled Error&#34; err=&#34;couldn&#39;t get current server API group list: Get \&#34;http://localhost:8080/api?timeout=32s\&#34;: dial tcp [::1]:8080: connect: connection refused&#34;&#xA;E1008 22:20:58.429933   54455 memcache.go:265] &#34;Unhandled Error&#34; err=&#34;couldn&#39;t get current server API group list: Get \&#34;http://localhost:8080/api?timeout=32s\&#34;: dial tcp [::1]:8080: connect: connection refused&#34;&#xA;E1008 22:20:58.431441   54455 memcache.go:265] &#34;Unhandled Error&#34; err=&#34;couldn&#39;t get current server API group list: Get \&#34;http://localhost:8080/api?timeout=32s\&#34;: dial tcp [::1]:8080: connect: connection refused&#34;&#xA;E1008 22:20:58.433094   54455 memcache.go:265] &#34;Unhandled Error&#34; err=&#34;couldn&#39;t get current server API group list: Get \&#34;http://localhost:8080/api?timeout=32s\&#34;: dial tcp [::1]:8080: connect: connection refused&#34;&#xA;The connection to the server localhost:8080 was refused - did you specify the right host or port?&#xA;&#xA;&#xA;&lt; Exit [AfterEach] VirtualMachineLabelAndAnnotation - /Users/antont/ansible_deckhouse/virtualization-full/tests/e2e/vm_label_annotation_test.go:57 @ 10/08/25 22:20:58.435 (37ms)&#xA;</system-err>
          </testcase>
          <testcase name="[It] VirtualMachineLabelAndAnnotation When virtual images are applied checks VIs phases" classname="Tests" status="skipped" time="0">
              <skipped message="skipped - Spec skipped because an earlier spec in an ordered container failed"></skipped>
              <system-err>[SKIPPED] Spec skipped because an earlier spec in an ordered container failed&#xA;In [It] at: /Users/antont/ansible_deckhouse/virtualization-full/tests/e2e/vm_label_annotation_test.go:74 @ 10/08/25 22:20:58.435&#xA;</system-err>
          </testcase>
          <testcase name="[It] VirtualMachineLabelAndAnnotation When virtual disks are applied checks VDs phases" classname="Tests" status="skipped" time="0">
              <skipped message="skipped - Spec skipped because an earlier spec in an ordered container failed"></skipped>
              <system-err>[SKIPPED] Spec skipped because an earlier spec in an ordered container failed&#xA;In [It] at: /Users/antont/ansible_deckhouse/virtualization-full/tests/e2e/vm_label_annotation_test.go:85 @ 10/08/25 22:20:58.435&#xA;</system-err>
          </testcase>
          <testcase name="[It] VirtualMachineLabelAndAnnotation When virtual machines are applied checks VMs phases" classname="Tests" status="skipped" time="0">
              <skipped message="skipped - Spec skipped because an earlier spec in an ordered container failed"></skipped>
              <system-err>[SKIPPED] Spec skipped because an earlier spec in an ordered container failed&#xA;In [It] at: /Users/antont/ansible_deckhouse/virtualization-full/tests/e2e/vm_label_annotation_test.go:96 @ 10/08/25 22:20:58.435&#xA;</system-err>
          </testcase>
          <testcase name="[It] VirtualMachineLabelAndAnnotation When virtual machine is running marks VMs with label map[&#34;specialKey&#34;:&#34;specialValue&#34;]" classname="Tests" status="skipped" time="0">
              <skipped message="skipped - Spec skipped because an earlier spec in an ordered container failed"></skipped>
              <system-err>[SKIPPED] Spec skipped because an earlier spec in an ordered container failed&#xA;In [It] at: /Users/antont/ansible_deckhouse/virtualization-full/tests/e2e/vm_label_annotation_test.go:107 @ 10/08/25 22:20:58.435&#xA;</system-err>
          </testcase>
          <testcase name="[It] VirtualMachineLabelAndAnnotation When virtual machine is running checks VMs and pods labels after VMs labeling" classname="Tests" status="skipped" time="0">
              <skipped message="skipped - Spec skipped because an earlier spec in an ordered container failed"></skipped>
              <system-err>[SKIPPED] Spec skipped because an earlier spec in an ordered container failed&#xA;In [It] at: /Users/antont/ansible_deckhouse/virtualization-full/tests/e2e/vm_label_annotation_test.go:120 @ 10/08/25 22:20:58.435&#xA;</system-err>
          </testcase>
          <testcase name="[It] VirtualMachineLabelAndAnnotation When virtual machine is running removes label map[specialKey:specialValue] from VMs" classname="Tests" status="skipped" time="0">
              <skipped message="skipped - Spec skipped because an earlier spec in an ordered container failed"></skipped>
              <system-err>[SKIPPED] Spec skipped because an earlier spec in an ordered container failed&#xA;In [It] at: /Users/antont/ansible_deckhouse/virtualization-full/tests/e2e/vm_label_annotation_test.go:152 @ 10/08/25 22:20:58.435&#xA;</system-err>
          </testcase>
          <testcase name="[It] VirtualMachineLabelAndAnnotation When virtual machine is running checks VMs and pods labels after VMs unlabeling" classname="Tests" status="skipped" time="0">
              <skipped message="skipped - Spec skipped because an earlier spec in an ordered container failed"></skipped>
              <system-err>[SKIPPED] Spec skipped because an earlier spec in an ordered container failed&#xA;In [It] at: /Users/antont/ansible_deckhouse/virtualization-full/tests/e2e/vm_label_annotation_test.go:165 @ 10/08/25 22:20:58.435&#xA;</system-err>
          </testcase>
          <testcase name="[It] VirtualMachineLabelAndAnnotation Annotate `VirtualMachines` in Running phase marks VMs with annotation map[&#34;specialKey&#34;:&#34;specialValue&#34;]" classname="Tests" status="skipped" time="0">
              <skipped message="skipped - Spec skipped because an earlier spec in an ordered container failed"></skipped>
              <system-err>[SKIPPED] Spec skipped because an earlier spec in an ordered container failed&#xA;In [It] at: /Users/antont/ansible_deckhouse/virtualization-full/tests/e2e/vm_label_annotation_test.go:199 @ 10/08/25 22:20:58.435&#xA;</system-err>
          </testcase>
          <testcase name="[It] VirtualMachineLabelAndAnnotation Annotate `VirtualMachines` in Running phase checks VMs and pods annotations after VMs annotating" classname="Tests" status="skipped" time="0">
              <skipped message="skipped - Spec skipped because an earlier spec in an ordered container failed"></skipped>
              <system-err>[SKIPPED] Spec skipped because an earlier spec in an ordered container failed&#xA;In [It] at: /Users/antont/ansible_deckhouse/virtualization-full/tests/e2e/vm_label_annotation_test.go:212 @ 10/08/25 22:20:58.435&#xA;</system-err>
          </testcase>
          <testcase name="[It] VirtualMachineLabelAndAnnotation Annotate `VirtualMachines` in Running phase removes annotation map[specialKey:specialValue] from VMs" classname="Tests" status="skipped" time="0">
              <skipped message="skipped - Spec skipped because an earlier spec in an ordered container failed"></skipped>
              <system-err>[SKIPPED] Spec skipped because an earlier spec in an ordered container failed&#xA;In [It] at: /Users/antont/ansible_deckhouse/virtualization-full/tests/e2e/vm_label_annotation_test.go:244 @ 10/08/25 22:20:58.435&#xA;</system-err>
          </testcase>
          <testcase name="[It] VirtualMachineLabelAndAnnotation Annotate `VirtualMachines` in Running phase checks VMs and pods annotations after VMs unannotating" classname="Tests" status="skipped" time="0">
              <skipped message="skipped - Spec skipped because an earlier spec in an ordered container failed"></skipped>
              <system-err>[SKIPPED] Spec skipped because an earlier spec in an ordered container failed&#xA;In [It] at: /Users/antont/ansible_deckhouse/virtualization-full/tests/e2e/vm_label_annotation_test.go:257 @ 10/08/25 22:20:58.435&#xA;</system-err>
          </testcase>
          <testcase name="[It] VirtualMachineLabelAndAnnotation When test is completed deletes test case resources" classname="Tests" status="skipped" time="0">
              <skipped message="skipped - Spec skipped because an earlier spec in an ordered container failed"></skipped>
              <system-err>[SKIPPED] Spec skipped because an earlier spec in an ordered container failed&#xA;In [It] at: /Users/antont/ansible_deckhouse/virtualization-full/tests/e2e/vm_label_annotation_test.go:291 @ 10/08/25 22:20:58.435&#xA;</system-err>
          </testcase>
          <testcase name="[It] [sig-storage] Volume migration with local disks should be successful when only root disk on local storage [SIG-Storage]" classname="Tests" status="skipped" time="9.1916e-05">
              <skipped message="skipped - This test case is not working everytime. Should be fixed."></skipped>
              <system-err>&gt; Enter [BeforeEach] [sig-storage] Volume migration with local disks - /Users/antont/ansible_deckhouse/virtualization-full/tests/e2e/storage/volume_migration_local_disks.go:53 @ 10/08/25 22:20:58.435&#xA;[SKIPPED] This test case is not working everytime. Should be fixed.&#xA;In [BeforeEach] at: /Users/antont/ansible_deckhouse/virtualization-full/tests/e2e/storage/volume_migration_local_disks.go:55 @ 10/08/25 22:20:58.436&#xA;&lt; Exit [BeforeEach] [sig-storage] Volume migration with local disks - /Users/antont/ansible_deckhouse/virtualization-full/tests/e2e/storage/volume_migration_local_disks.go:53 @ 10/08/25 22:20:58.436 (0s)&#xA;</system-err>
          </testcase>
          <testcase name="[It] [sig-storage] Volume migration with local disks should be successful when root disk on local storage and one additional disk [SIG-Storage]" classname="Tests" status="skipped" time="6.4e-05">
              <skipped message="skipped - This test case is not working everytime. Should be fixed."></skipped>
              <system-err>&gt; Enter [BeforeEach] [sig-storage] Volume migration with local disks - /Users/antont/ansible_deckhouse/virtualization-full/tests/e2e/storage/volume_migration_local_disks.go:53 @ 10/08/25 22:20:58.436&#xA;[SKIPPED] This test case is not working everytime. Should be fixed.&#xA;In [BeforeEach] at: /Users/antont/ansible_deckhouse/virtualization-full/tests/e2e/storage/volume_migration_local_disks.go:55 @ 10/08/25 22:20:58.436&#xA;&lt; Exit [BeforeEach] [sig-storage] Volume migration with local disks - /Users/antont/ansible_deckhouse/virtualization-full/tests/e2e/storage/volume_migration_local_disks.go:53 @ 10/08/25 22:20:58.436 (0s)&#xA;</system-err>
          </testcase>
          <testcase name="[It] [sig-storage] Volume migration with local disks should be successful when only additional disk on local storage [SIG-Storage]" classname="Tests" status="skipped" time="4.5542e-05">
              <skipped message="skipped - This test case is not working everytime. Should be fixed."></skipped>
              <system-err>&gt; Enter [BeforeEach] [sig-storage] Volume migration with local disks - /Users/antont/ansible_deckhouse/virtualization-full/tests/e2e/storage/volume_migration_local_disks.go:53 @ 10/08/25 22:20:58.436&#xA;[SKIPPED] This test case is not working everytime. Should be fixed.&#xA;In [BeforeEach] at: /Users/antont/ansible_deckhouse/virtualization-full/tests/e2e/storage/volume_migration_local_disks.go:55 @ 10/08/25 22:20:58.436&#xA;&lt; Exit [BeforeEach] [sig-storage] Volume migration with local disks - /Users/antont/ansible_deckhouse/virtualization-full/tests/e2e/storage/volume_migration_local_disks.go:53 @ 10/08/25 22:20:58.436 (0s)&#xA;</system-err>
          </testcase>
          <testcase name="[It] [sig-storage] Volume migration with local disks should be reverted when only root disk on local storage [SIG-Storage]" classname="Tests" status="skipped" time="4.3e-05">
              <skipped message="skipped - This test case is not working everytime. Should be fixed."></skipped>
              <system-err>&gt; Enter [BeforeEach] [sig-storage] Volume migration with local disks - /Users/antont/ansible_deckhouse/virtualization-full/tests/e2e/storage/volume_migration_local_disks.go:53 @ 10/08/25 22:20:58.436&#xA;[SKIPPED] This test case is not working everytime. Should be fixed.&#xA;In [BeforeEach] at: /Users/antont/ansible_deckhouse/virtualization-full/tests/e2e/storage/volume_migration_local_disks.go:55 @ 10/08/25 22:20:58.436&#xA;&lt; Exit [BeforeEach] [sig-storage] Volume migration with local disks - /Users/antont/ansible_deckhouse/virtualization-full/tests/e2e/storage/volume_migration_local_disks.go:53 @ 10/08/25 22:20:58.436 (0s)&#xA;</system-err>
          </testcase>
          <testcase name="[It] [sig-storage] Volume migration with local disks should be reverted when root disk on local storage and one additional disk [SIG-Storage]" classname="Tests" status="skipped" time="3.9416e-05">
              <skipped message="skipped - This test case is not working everytime. Should be fixed."></skipped>
              <system-err>&gt; Enter [BeforeEach] [sig-storage] Volume migration with local disks - /Users/antont/ansible_deckhouse/virtualization-full/tests/e2e/storage/volume_migration_local_disks.go:53 @ 10/08/25 22:20:58.436&#xA;[SKIPPED] This test case is not working everytime. Should be fixed.&#xA;In [BeforeEach] at: /Users/antont/ansible_deckhouse/virtualization-full/tests/e2e/storage/volume_migration_local_disks.go:55 @ 10/08/25 22:20:58.436&#xA;&lt; Exit [BeforeEach] [sig-storage] Volume migration with local disks - /Users/antont/ansible_deckhouse/virtualization-full/tests/e2e/storage/volume_migration_local_disks.go:53 @ 10/08/25 22:20:58.436 (0s)&#xA;</system-err>
          </testcase>
          <testcase name="[It] [sig-storage] Volume migration with local disks should be reverted when only additional disk on local storage [SIG-Storage]" classname="Tests" status="skipped" time="3.6709e-05">
              <skipped message="skipped - This test case is not working everytime. Should be fixed."></skipped>
              <system-err>&gt; Enter [BeforeEach] [sig-storage] Volume migration with local disks - /Users/antont/ansible_deckhouse/virtualization-full/tests/e2e/storage/volume_migration_local_disks.go:53 @ 10/08/25 22:20:58.436&#xA;[SKIPPED] This test case is not working everytime. Should be fixed.&#xA;In [BeforeEach] at: /Users/antont/ansible_deckhouse/virtualization-full/tests/e2e/storage/volume_migration_local_disks.go:55 @ 10/08/25 22:20:58.436&#xA;&lt; Exit [BeforeEach] [sig-storage] Volume migration with local disks - /Users/antont/ansible_deckhouse/virtualization-full/tests/e2e/storage/volume_migration_local_disks.go:53 @ 10/08/25 22:20:58.436 (0s)&#xA;</system-err>
          </testcase>
          <testcase name="[It] [sig-storage] Volume migration with local disks should be successful two migrations in a row [SIG-Storage]" classname="Tests" status="skipped" time="4.2875e-05">
              <skipped message="skipped - This test case is not working everytime. Should be fixed."></skipped>
              <system-err>&gt; Enter [BeforeEach] [sig-storage] Volume migration with local disks - /Users/antont/ansible_deckhouse/virtualization-full/tests/e2e/storage/volume_migration_local_disks.go:53 @ 10/08/25 22:20:58.436&#xA;[SKIPPED] This test case is not working everytime. Should be fixed.&#xA;In [BeforeEach] at: /Users/antont/ansible_deckhouse/virtualization-full/tests/e2e/storage/volume_migration_local_disks.go:55 @ 10/08/25 22:20:58.436&#xA;&lt; Exit [BeforeEach] [sig-storage] Volume migration with local disks - /Users/antont/ansible_deckhouse/virtualization-full/tests/e2e/storage/volume_migration_local_disks.go:53 @ 10/08/25 22:20:58.436 (0s)&#xA;</system-err>
          </testcase>
          <testcase name="[It] [sig-storage] Volume migration with local disks should be reverted first and completed second [SIG-Storage]" classname="Tests" status="skipped" time="3.6416e-05">
              <skipped message="skipped - This test case is not working everytime. Should be fixed."></skipped>
              <system-err>&gt; Enter [BeforeEach] [sig-storage] Volume migration with local disks - /Users/antont/ansible_deckhouse/virtualization-full/tests/e2e/storage/volume_migration_local_disks.go:53 @ 10/08/25 22:20:58.436&#xA;[SKIPPED] This test case is not working everytime. Should be fixed.&#xA;In [BeforeEach] at: /Users/antont/ansible_deckhouse/virtualization-full/tests/e2e/storage/volume_migration_local_disks.go:55 @ 10/08/25 22:20:58.436&#xA;&lt; Exit [BeforeEach] [sig-storage] Volume migration with local disks - /Users/antont/ansible_deckhouse/virtualization-full/tests/e2e/storage/volume_migration_local_disks.go:53 @ 10/08/25 22:20:58.436 (0s)&#xA;</system-err>
          </testcase>
          <testcase name="[It] [sig-storage] Volume migration with local disks should be reverted because virtual machine stopped when virtual machine deleting [SIG-Storage]" classname="Tests" status="skipped" time="5.9e-05">
              <skipped message="skipped - This test case is not working everytime. Should be fixed."></skipped>
              <system-err>&gt; Enter [BeforeEach] [sig-storage] Volume migration with local disks - /Users/antont/ansible_deckhouse/virtualization-full/tests/e2e/storage/volume_migration_local_disks.go:53 @ 10/08/25 22:20:58.436&#xA;[SKIPPED] This test case is not working everytime. Should be fixed.&#xA;In [BeforeEach] at: /Users/antont/ansible_deckhouse/virtualization-full/tests/e2e/storage/volume_migration_local_disks.go:55 @ 10/08/25 22:20:58.436&#xA;&lt; Exit [BeforeEach] [sig-storage] Volume migration with local disks - /Users/antont/ansible_deckhouse/virtualization-full/tests/e2e/storage/volume_migration_local_disks.go:53 @ 10/08/25 22:20:58.436 (0s)&#xA;</system-err>
          </testcase>
          <testcase name="[It] [sig-storage] Volume migration with local disks should be reverted because virtual machine stopped when virtual machine stopped from OS [SIG-Storage]" classname="Tests" status="skipped" time="4.1291e-05">
              <skipped message="skipped - This test case is not working everytime. Should be fixed."></skipped>
              <system-err>&gt; Enter [BeforeEach] [sig-storage] Volume migration with local disks - /Users/antont/ansible_deckhouse/virtualization-full/tests/e2e/storage/volume_migration_local_disks.go:53 @ 10/08/25 22:20:58.436&#xA;[SKIPPED] This test case is not working everytime. Should be fixed.&#xA;In [BeforeEach] at: /Users/antont/ansible_deckhouse/virtualization-full/tests/e2e/storage/volume_migration_local_disks.go:55 @ 10/08/25 22:20:58.436&#xA;&lt; Exit [BeforeEach] [sig-storage] Volume migration with local disks - /Users/antont/ansible_deckhouse/virtualization-full/tests/e2e/storage/volume_migration_local_disks.go:53 @ 10/08/25 22:20:58.436 (0s)&#xA;</system-err>
          </testcase>
          <testcase name="[It] [sig-storage] Volume migration with local disks Migrate to not matched node should reverted because migration canceled when pod pending [SIG-Storage]" classname="Tests" status="skipped" time="4.7042e-05">
              <skipped message="skipped - This test case is not working everytime. Should be fixed."></skipped>
              <system-err>&gt; Enter [BeforeEach] [sig-storage] Volume migration with local disks - /Users/antont/ansible_deckhouse/virtualization-full/tests/e2e/storage/volume_migration_local_disks.go:53 @ 10/08/25 22:20:58.436&#xA;[SKIPPED] This test case is not working everytime. Should be fixed.&#xA;In [BeforeEach] at: /Users/antont/ansible_deckhouse/virtualization-full/tests/e2e/storage/volume_migration_local_disks.go:55 @ 10/08/25 22:20:58.436&#xA;&lt; Exit [BeforeEach] [sig-storage] Volume migration with local disks - /Users/antont/ansible_deckhouse/virtualization-full/tests/e2e/storage/volume_migration_local_disks.go:53 @ 10/08/25 22:20:58.436 (0s)&#xA;</system-err>
          </testcase>
          <testcase name="[It] [sig-storage] Volume migration with local disks should be failed with RWO VMBDA [SIG-Storage]" classname="Tests" status="skipped" time="4.3292e-05">
              <skipped message="skipped - This test case is not working everytime. Should be fixed."></skipped>
              <system-err>&gt; Enter [BeforeEach] [sig-storage] Volume migration with local disks - /Users/antont/ansible_deckhouse/virtualization-full/tests/e2e/storage/volume_migration_local_disks.go:53 @ 10/08/25 22:20:58.436&#xA;[SKIPPED] This test case is not working everytime. Should be fixed.&#xA;In [BeforeEach] at: /Users/antont/ansible_deckhouse/virtualization-full/tests/e2e/storage/volume_migration_local_disks.go:55 @ 10/08/25 22:20:58.436&#xA;&lt; Exit [BeforeEach] [sig-storage] Volume migration with local disks - /Users/antont/ansible_deckhouse/virtualization-full/tests/e2e/storage/volume_migration_local_disks.go:53 @ 10/08/25 22:20:58.436 (0s)&#xA;</system-err>
          </testcase>
          <testcase name="[It] [sig-storage] Volume migration when storage class changed should be successful when only root disk changed storage class [SIG-Storage]" classname="Tests" status="skipped" time="5.9334e-05">
              <skipped message="skipped - This test case is not working everytime. Should be fixed."></skipped>
              <system-err>&gt; Enter [BeforeEach] [sig-storage] Volume migration when storage class changed - /Users/antont/ansible_deckhouse/virtualization-full/tests/e2e/storage/volume_migration_storage_class_changed.go:50 @ 10/08/25 22:20:58.437&#xA;[SKIPPED] This test case is not working everytime. Should be fixed.&#xA;In [BeforeEach] at: /Users/antont/ansible_deckhouse/virtualization-full/tests/e2e/storage/volume_migration_storage_class_changed.go:52 @ 10/08/25 22:20:58.437&#xA;&lt; Exit [BeforeEach] [sig-storage] Volume migration when storage class changed - /Users/antont/ansible_deckhouse/virtualization-full/tests/e2e/storage/volume_migration_storage_class_changed.go:50 @ 10/08/25 22:20:58.437 (0s)&#xA;</system-err>
          </testcase>
          <testcase name="[It] [sig-storage] Volume migration when storage class changed should be successful when root disk changed storage class and one local additional disk [SIG-Storage]" classname="Tests" status="skipped" time="3.7792e-05">
              <skipped message="skipped - This test case is not working everytime. Should be fixed."></skipped>
              <system-err>&gt; Enter [BeforeEach] [sig-storage] Volume migration when storage class changed - /Users/antont/ansible_deckhouse/virtualization-full/tests/e2e/storage/volume_migration_storage_class_changed.go:50 @ 10/08/25 22:20:58.437&#xA;[SKIPPED] This test case is not working everytime. Should be fixed.&#xA;In [BeforeEach] at: /Users/antont/ansible_deckhouse/virtualization-full/tests/e2e/storage/volume_migration_storage_class_changed.go:52 @ 10/08/25 22:20:58.437&#xA;&lt; Exit [BeforeEach] [sig-storage] Volume migration when storage class changed - /Users/antont/ansible_deckhouse/virtualization-full/tests/e2e/storage/volume_migration_storage_class_changed.go:50 @ 10/08/25 22:20:58.437 (0s)&#xA;</system-err>
          </testcase>
          <testcase name="[It] [sig-storage] Volume migration when storage class changed should be successful when root disk changed storage class and one additional disk [SIG-Storage]" classname="Tests" status="skipped" time="3.7417e-05">
              <skipped message="skipped - This test case is not working everytime. Should be fixed."></skipped>
              <system-err>&gt; Enter [BeforeEach] [sig-storage] Volume migration when storage class changed - /Users/antont/ansible_deckhouse/virtualization-full/tests/e2e/storage/volume_migration_storage_class_changed.go:50 @ 10/08/25 22:20:58.437&#xA;[SKIPPED] This test case is not working everytime. Should be fixed.&#xA;In [BeforeEach] at: /Users/antont/ansible_deckhouse/virtualization-full/tests/e2e/storage/volume_migration_storage_class_changed.go:52 @ 10/08/25 22:20:58.437&#xA;&lt; Exit [BeforeEach] [sig-storage] Volume migration when storage class changed - /Users/antont/ansible_deckhouse/virtualization-full/tests/e2e/storage/volume_migration_storage_class_changed.go:50 @ 10/08/25 22:20:58.437 (0s)&#xA;</system-err>
          </testcase>
          <testcase name="[It] [sig-storage] Volume migration when storage class changed should be successful when only additional disk changed storage class [SIG-Storage]" classname="Tests" status="skipped" time="3.9375e-05">
              <skipped message="skipped - This test case is not working everytime. Should be fixed."></skipped>
              <system-err>&gt; Enter [BeforeEach] [sig-storage] Volume migration when storage class changed - /Users/antont/ansible_deckhouse/virtualization-full/tests/e2e/storage/volume_migration_storage_class_changed.go:50 @ 10/08/25 22:20:58.437&#xA;[SKIPPED] This test case is not working everytime. Should be fixed.&#xA;In [BeforeEach] at: /Users/antont/ansible_deckhouse/virtualization-full/tests/e2e/storage/volume_migration_storage_class_changed.go:52 @ 10/08/25 22:20:58.437&#xA;&lt; Exit [BeforeEach] [sig-storage] Volume migration when storage class changed - /Users/antont/ansible_deckhouse/virtualization-full/tests/e2e/storage/volume_migration_storage_class_changed.go:50 @ 10/08/25 22:20:58.437 (0s)&#xA;</system-err>
          </testcase>
          <testcase name="[It] [sig-storage] Volume migration when storage class changed should be reverted when only root disk changed storage class [SIG-Storage]" classname="Tests" status="skipped" time="3.5125e-05">
              <skipped message="skipped - This test case is not working everytime. Should be fixed."></skipped>
              <system-err>&gt; Enter [BeforeEach] [sig-storage] Volume migration when storage class changed - /Users/antont/ansible_deckhouse/virtualization-full/tests/e2e/storage/volume_migration_storage_class_changed.go:50 @ 10/08/25 22:20:58.437&#xA;[SKIPPED] This test case is not working everytime. Should be fixed.&#xA;In [BeforeEach] at: /Users/antont/ansible_deckhouse/virtualization-full/tests/e2e/storage/volume_migration_storage_class_changed.go:52 @ 10/08/25 22:20:58.437&#xA;&lt; Exit [BeforeEach] [sig-storage] Volume migration when storage class changed - /Users/antont/ansible_deckhouse/virtualization-full/tests/e2e/storage/volume_migration_storage_class_changed.go:50 @ 10/08/25 22:20:58.437 (0s)&#xA;</system-err>
          </testcase>
          <testcase name="[It] [sig-storage] Volume migration when storage class changed should be reverted when root disk changed storage class and one local additional disk [SIG-Storage]" classname="Tests" status="skipped" time="3.8208e-05">
              <skipped message="skipped - This test case is not working everytime. Should be fixed."></skipped>
              <system-err>&gt; Enter [BeforeEach] [sig-storage] Volume migration when storage class changed - /Users/antont/ansible_deckhouse/virtualization-full/tests/e2e/storage/volume_migration_storage_class_changed.go:50 @ 10/08/25 22:20:58.437&#xA;[SKIPPED] This test case is not working everytime. Should be fixed.&#xA;In [BeforeEach] at: /Users/antont/ansible_deckhouse/virtualization-full/tests/e2e/storage/volume_migration_storage_class_changed.go:52 @ 10/08/25 22:20:58.437&#xA;&lt; Exit [BeforeEach] [sig-storage] Volume migration when storage class changed - /Users/antont/ansible_deckhouse/virtualization-full/tests/e2e/storage/volume_migration_storage_class_changed.go:50 @ 10/08/25 22:20:58.437 (0s)&#xA;</system-err>
          </testcase>
          <testcase name="[It] [sig-storage] Volume migration when storage class changed should be reverted when root disk changed storage class and one additional disk [SIG-Storage]" classname="Tests" status="skipped" time="3.575e-05">
              <skipped message="skipped - This test case is not working everytime. Should be fixed."></skipped>
              <system-err>&gt; Enter [BeforeEach] [sig-storage] Volume migration when storage class changed - /Users/antont/ansible_deckhouse/virtualization-full/tests/e2e/storage/volume_migration_storage_class_changed.go:50 @ 10/08/25 22:20:58.437&#xA;[SKIPPED] This test case is not working everytime. Should be fixed.&#xA;In [BeforeEach] at: /Users/antont/ansible_deckhouse/virtualization-full/tests/e2e/storage/volume_migration_storage_class_changed.go:52 @ 10/08/25 22:20:58.437&#xA;&lt; Exit [BeforeEach] [sig-storage] Volume migration when storage class changed - /Users/antont/ansible_deckhouse/virtualization-full/tests/e2e/storage/volume_migration_storage_class_changed.go:50 @ 10/08/25 22:20:58.437 (0s)&#xA;</system-err>
          </testcase>
          <testcase name="[It] [sig-storage] Volume migration when storage class changed should be reverted when only additional disk changed storage class [SIG-Storage]" classname="Tests" status="skipped" time="4.1042e-05">
              <skipped message="skipped - This test case is not working everytime. Should be fixed."></skipped>
              <system-err>&gt; Enter [BeforeEach] [sig-storage] Volume migration when storage class changed - /Users/antont/ansible_deckhouse/virtualization-full/tests/e2e/storage/volume_migration_storage_class_changed.go:50 @ 10/08/25 22:20:58.437&#xA;[SKIPPED] This test case is not working everytime. Should be fixed.&#xA;In [BeforeEach] at: /Users/antont/ansible_deckhouse/virtualization-full/tests/e2e/storage/volume_migration_storage_class_changed.go:52 @ 10/08/25 22:20:58.437&#xA;&lt; Exit [BeforeEach] [sig-storage] Volume migration when storage class changed - /Users/antont/ansible_deckhouse/virtualization-full/tests/e2e/storage/volume_migration_storage_class_changed.go:50 @ 10/08/25 22:20:58.437 (0s)&#xA;</system-err>
          </testcase>
          <testcase name="[It] [sig-storage] Volume migration when storage class changed should be successful two migrations in a row [SIG-Storage]" classname="Tests" status="skipped" time="3.8541e-05">
              <skipped message="skipped - This test case is not working everytime. Should be fixed."></skipped>
              <system-err>&gt; Enter [BeforeEach] [sig-storage] Volume migration when storage class changed - /Users/antont/ansible_deckhouse/virtualization-full/tests/e2e/storage/volume_migration_storage_class_changed.go:50 @ 10/08/25 22:20:58.437&#xA;[SKIPPED] This test case is not working everytime. Should be fixed.&#xA;In [BeforeEach] at: /Users/antont/ansible_deckhouse/virtualization-full/tests/e2e/storage/volume_migration_storage_class_changed.go:52 @ 10/08/25 22:20:58.437&#xA;&lt; Exit [BeforeEach] [sig-storage] Volume migration when storage class changed - /Users/antont/ansible_deckhouse/virtualization-full/tests/e2e/storage/volume_migration_storage_class_changed.go:50 @ 10/08/25 22:20:58.437 (0s)&#xA;</system-err>
          </testcase>
          <testcase name="[It] VirtualMachineMigration When resources are applied result should be succeeded [SIG-Migration]" classname="Tests" status="failed" time="0.061236084">
              <failure message="kubectl create namespace head-45bdb83d-end-to-end-vm-migration&#xA;Unexpected error:&#xA;    &lt;*exec.ExitError | 0x140004d8460&gt;: &#xA;    exit status 1&#xA;    {&#xA;        ProcessState: {&#xA;            pid: 54456,&#xA;            status: 256,&#xA;            rusage: {&#xA;                Utime: {&#xA;                    Sec: 0,&#xA;                    Usec: 19479,&#xA;                    Pad_cgo_0: [0, 0, 0, 0],&#xA;                },&#xA;                Stime: {&#xA;                    Sec: 0,&#xA;                    Usec: 7490,&#xA;                    Pad_cgo_0: [0, 0, 0, 0],&#xA;                },&#xA;                Maxrss: 45432832,&#xA;                Ixrss: 0,&#xA;                Idrss: 0,&#xA;                Isrss: 0,&#xA;                Minflt: 3582,&#xA;                Majflt: 3,&#xA;                Nswap: 0,&#xA;                Inblock: 0,&#xA;                Oublock: 0,&#xA;                Msgsnd: 9,&#xA;                Msgrcv: 9,&#xA;                Nsignals: 45,&#xA;                Nvcsw: 36,&#xA;                Nivcsw: 441,&#xA;            },&#xA;        },&#xA;        Stderr: nil,&#xA;    }&#xA;occurred" type="failed">[FAILED] kubectl create namespace head-45bdb83d-end-to-end-vm-migration&#xA;Unexpected error:&#xA;    &lt;*exec.ExitError | 0x140004d8460&gt;: &#xA;    exit status 1&#xA;    {&#xA;        ProcessState: {&#xA;            pid: 54456,&#xA;            status: 256,&#xA;            rusage: {&#xA;                Utime: {&#xA;                    Sec: 0,&#xA;                    Usec: 19479,&#xA;                    Pad_cgo_0: [0, 0, 0, 0],&#xA;                },&#xA;                Stime: {&#xA;                    Sec: 0,&#xA;                    Usec: 7490,&#xA;                    Pad_cgo_0: [0, 0, 0, 0],&#xA;                },&#xA;                Maxrss: 45432832,&#xA;                Ixrss: 0,&#xA;                Idrss: 0,&#xA;                Isrss: 0,&#xA;                Minflt: 3582,&#xA;                Majflt: 3,&#xA;                Nswap: 0,&#xA;                Inblock: 0,&#xA;                Oublock: 0,&#xA;                Msgsnd: 9,&#xA;                Msgrcv: 9,&#xA;                Nsignals: 45,&#xA;                Nvcsw: 36,&#xA;                Nivcsw: 441,&#xA;            },&#xA;        },&#xA;        Stderr: nil,&#xA;    }&#xA;occurred&#xA;In [BeforeAll] at: /Users/antont/ansible_deckhouse/virtualization-full/tests/e2e/vm_migration_test.go:42 @ 10/08/25 22:20:58.461&#xA;</failure>
              <system-err>&gt; Enter [BeforeAll] VirtualMachineMigration - /Users/antont/ansible_deckhouse/virtualization-full/tests/e2e/vm_migration_test.go:36 @ 10/08/25 22:20:58.437&#xA;[FAILED] kubectl create namespace head-45bdb83d-end-to-end-vm-migration&#xA;Unexpected error:&#xA;    &lt;*exec.ExitError | 0x140004d8460&gt;: &#xA;    exit status 1&#xA;    {&#xA;        ProcessState: {&#xA;            pid: 54456,&#xA;            status: 256,&#xA;            rusage: {&#xA;                Utime: {&#xA;                    Sec: 0,&#xA;                    Usec: 19479,&#xA;                    Pad_cgo_0: [0, 0, 0, 0],&#xA;                },&#xA;                Stime: {&#xA;                    Sec: 0,&#xA;                    Usec: 7490,&#xA;                    Pad_cgo_0: [0, 0, 0, 0],&#xA;                },&#xA;                Maxrss: 45432832,&#xA;                Ixrss: 0,&#xA;                Idrss: 0,&#xA;                Isrss: 0,&#xA;                Minflt: 3582,&#xA;                Majflt: 3,&#xA;                Nswap: 0,&#xA;                Inblock: 0,&#xA;                Oublock: 0,&#xA;                Msgsnd: 9,&#xA;                Msgrcv: 9,&#xA;                Nsignals: 45,&#xA;                Nvcsw: 36,&#xA;                Nivcsw: 441,&#xA;            },&#xA;        },&#xA;        Stderr: nil,&#xA;    }&#xA;occurred&#xA;In [BeforeAll] at: /Users/antont/ansible_deckhouse/virtualization-full/tests/e2e/vm_migration_test.go:42 @ 10/08/25 22:20:58.461&#xA;&lt; Exit [BeforeAll] VirtualMachineMigration - /Users/antont/ansible_deckhouse/virtualization-full/tests/e2e/vm_migration_test.go:36 @ 10/08/25 22:20:58.461 (24ms)&#xA;&gt; Enter [AfterEach] VirtualMachineMigration - /Users/antont/ansible_deckhouse/virtualization-full/tests/e2e/vm_migration_test.go:45 @ 10/08/25 22:20:58.461&#xA;Get resources error:&#xA;cmd: kubectl get virtualization,intvirt,po,volumesnapshot -A -o yaml -l &#39;testcase=vm-migration&#39;&#xA;error: exit status 1&#xA;stderr: E1008 22:20:58.484725   54457 memcache.go:265] &#34;Unhandled Error&#34; err=&#34;couldn&#39;t get current server API group list: Get \&#34;http://localhost:8080/api?timeout=32s\&#34;: dial tcp [::1]:8080: connect: connection refused&#34;&#xA;E1008 22:20:58.486504   54457 memcache.go:265] &#34;Unhandled Error&#34; err=&#34;couldn&#39;t get current server API group list: Get \&#34;http://localhost:8080/api?timeout=32s\&#34;: dial tcp [::1]:8080: connect: connection refused&#34;&#xA;E1008 22:20:58.488201   54457 memcache.go:265] &#34;Unhandled Error&#34; err=&#34;couldn&#39;t get current server API group list: Get \&#34;http://localhost:8080/api?timeout=32s\&#34;: dial tcp [::1]:8080: connect: connection refused&#34;&#xA;E1008 22:20:58.489849   54457 memcache.go:265] &#34;Unhandled Error&#34; err=&#34;couldn&#39;t get current server API group list: Get \&#34;http://localhost:8080/api?timeout=32s\&#34;: dial tcp [::1]:8080: connect: connection refused&#34;&#xA;E1008 22:20:58.491485   54457 memcache.go:265] &#34;Unhandled Error&#34; err=&#34;couldn&#39;t get current server API group list: Get \&#34;http://localhost:8080/api?timeout=32s\&#34;: dial tcp [::1]:8080: connect: connection refused&#34;&#xA;E1008 22:20:58.493152   54457 memcache.go:265] &#34;Unhandled Error&#34; err=&#34;couldn&#39;t get current server API group list: Get \&#34;http://localhost:8080/api?timeout=32s\&#34;: dial tcp [::1]:8080: connect: connection refused&#34;&#xA;E1008 22:20:58.494814   54457 memcache.go:265] &#34;Unhandled Error&#34; err=&#34;couldn&#39;t get current server API group list: Get \&#34;http://localhost:8080/api?timeout=32s\&#34;: dial tcp [::1]:8080: connect: connection refused&#34;&#xA;E1008 22:20:58.496422   54457 memcache.go:265] &#34;Unhandled Error&#34; err=&#34;couldn&#39;t get current server API group list: Get \&#34;http://localhost:8080/api?timeout=32s\&#34;: dial tcp [::1]:8080: connect: connection refused&#34;&#xA;The connection to the server localhost:8080 was refused - did you specify the right host or port?&#xA;&#xA;&#xA;&lt; Exit [AfterEach] VirtualMachineMigration - /Users/antont/ansible_deckhouse/virtualization-full/tests/e2e/vm_migration_test.go:45 @ 10/08/25 22:20:58.498 (37ms)&#xA;</system-err>
          </testcase>
          <testcase name="[It] VirtualMachineMigration When virtual machines are applied checks VMs phases [SIG-Migration]" classname="Tests" status="skipped" time="0">
              <skipped message="skipped - Spec skipped because an earlier spec in an ordered container failed"></skipped>
              <system-err>[SKIPPED] Spec skipped because an earlier spec in an ordered container failed&#xA;In [It] at: /Users/antont/ansible_deckhouse/virtualization-full/tests/e2e/vm_migration_test.go:75 @ 10/08/25 22:20:58.499&#xA;</system-err>
          </testcase>
          <testcase name="[It] VirtualMachineMigration When virtual machine agents are ready starts migrations [SIG-Migration]" classname="Tests" status="skipped" time="0">
              <skipped message="skipped - Spec skipped because an earlier spec in an ordered container failed"></skipped>
              <system-err>[SKIPPED] Spec skipped because an earlier spec in an ordered container failed&#xA;In [It] at: /Users/antont/ansible_deckhouse/virtualization-full/tests/e2e/vm_migration_test.go:86 @ 10/08/25 22:20:58.499&#xA;</system-err>
          </testcase>
          <testcase name="[It] VirtualMachineMigration When VMs migrations are applied checks VMs and VMOPs phases [SIG-Migration]" classname="Tests" status="skipped" time="0">
              <skipped message="skipped - Spec skipped because an earlier spec in an ordered container failed"></skipped>
              <system-err>[SKIPPED] Spec skipped because an earlier spec in an ordered container failed&#xA;In [It] at: /Users/antont/ansible_deckhouse/virtualization-full/tests/e2e/vm_migration_test.go:100 @ 10/08/25 22:20:58.499&#xA;</system-err>
          </testcase>
          <testcase name="[It] VirtualMachineMigration When VMs migrations are applied checks VMs external connection after migrations [SIG-Migration]" classname="Tests" status="skipped" time="0">
              <skipped message="skipped - Spec skipped because an earlier spec in an ordered container failed"></skipped>
              <system-err>[SKIPPED] Spec skipped because an earlier spec in an ordered container failed&#xA;In [It] at: /Users/antont/ansible_deckhouse/virtualization-full/tests/e2e/vm_migration_test.go:116 @ 10/08/25 22:20:58.499&#xA;</system-err>
          </testcase>
          <testcase name="[It] VirtualMachineMigration When test is completed deletes test case resources [SIG-Migration]" classname="Tests" status="skipped" time="0">
              <skipped message="skipped - Spec skipped because an earlier spec in an ordered container failed"></skipped>
              <system-err>[SKIPPED] Spec skipped because an earlier spec in an ordered container failed&#xA;In [It] at: /Users/antont/ansible_deckhouse/virtualization-full/tests/e2e/vm_migration_test.go:131 @ 10/08/25 22:20:58.499&#xA;</system-err>
          </testcase>
          <testcase name="[It] VirtualMachineConfiguration 1 When resources are applied result should be succeeded" classname="Tests" status="failed" time="0.061633416">
              <failure message="kubectl create namespace head-45bdb83d-end-to-end-vm-configuration&#xA;Unexpected error:&#xA;    &lt;*exec.ExitError | 0x140008b2100&gt;: &#xA;    exit status 1&#xA;    {&#xA;        ProcessState: {&#xA;            pid: 54458,&#xA;            status: 256,&#xA;            rusage: {&#xA;                Utime: {&#xA;                    Sec: 0,&#xA;                    Usec: 19874,&#xA;                    Pad_cgo_0: [0, 0, 0, 0],&#xA;                },&#xA;                Stime: {&#xA;                    Sec: 0,&#xA;                    Usec: 6765,&#xA;                    Pad_cgo_0: [0, 0, 0, 0],&#xA;                },&#xA;                Maxrss: 45088768,&#xA;                Ixrss: 0,&#xA;                Idrss: 0,&#xA;                Isrss: 0,&#xA;                Minflt: 3561,&#xA;                Majflt: 3,&#xA;                Nswap: 0,&#xA;                Inblock: 0,&#xA;                Oublock: 0,&#xA;                Msgsnd: 9,&#xA;                Msgrcv: 9,&#xA;                Nsignals: 38,&#xA;                Nvcsw: 17,&#xA;                Nivcsw: 428,&#xA;            },&#xA;        },&#xA;        Stderr: nil,&#xA;    }&#xA;occurred" type="failed">[FAILED] kubectl create namespace head-45bdb83d-end-to-end-vm-configuration&#xA;Unexpected error:&#xA;    &lt;*exec.ExitError | 0x140008b2100&gt;: &#xA;    exit status 1&#xA;    {&#xA;        ProcessState: {&#xA;            pid: 54458,&#xA;            status: 256,&#xA;            rusage: {&#xA;                Utime: {&#xA;                    Sec: 0,&#xA;                    Usec: 19874,&#xA;                    Pad_cgo_0: [0, 0, 0, 0],&#xA;                },&#xA;                Stime: {&#xA;                    Sec: 0,&#xA;                    Usec: 6765,&#xA;                    Pad_cgo_0: [0, 0, 0, 0],&#xA;                },&#xA;                Maxrss: 45088768,&#xA;                Ixrss: 0,&#xA;                Idrss: 0,&#xA;                Isrss: 0,&#xA;                Minflt: 3561,&#xA;                Majflt: 3,&#xA;                Nswap: 0,&#xA;                Inblock: 0,&#xA;                Oublock: 0,&#xA;                Msgsnd: 9,&#xA;                Msgrcv: 9,&#xA;                Nsignals: 38,&#xA;                Nvcsw: 17,&#xA;                Nivcsw: 428,&#xA;            },&#xA;        },&#xA;        Stderr: nil,&#xA;    }&#xA;occurred&#xA;In [BeforeAll] at: /Users/antont/ansible_deckhouse/virtualization-full/tests/e2e/vm_configuration_test.go:55 @ 10/08/25 22:20:58.523&#xA;</failure>
              <system-err>&gt; Enter [BeforeAll] VirtualMachineConfiguration 1 - /Users/antont/ansible_deckhouse/virtualization-full/tests/e2e/vm_configuration_test.go:49 @ 10/08/25 22:20:58.499&#xA;[FAILED] kubectl create namespace head-45bdb83d-end-to-end-vm-configuration&#xA;Unexpected error:&#xA;    &lt;*exec.ExitError | 0x140008b2100&gt;: &#xA;    exit status 1&#xA;    {&#xA;        ProcessState: {&#xA;            pid: 54458,&#xA;            status: 256,&#xA;            rusage: {&#xA;                Utime: {&#xA;                    Sec: 0,&#xA;                    Usec: 19874,&#xA;                    Pad_cgo_0: [0, 0, 0, 0],&#xA;                },&#xA;                Stime: {&#xA;                    Sec: 0,&#xA;                    Usec: 6765,&#xA;                    Pad_cgo_0: [0, 0, 0, 0],&#xA;                },&#xA;                Maxrss: 45088768,&#xA;                Ixrss: 0,&#xA;                Idrss: 0,&#xA;                Isrss: 0,&#xA;                Minflt: 3561,&#xA;                Majflt: 3,&#xA;                Nswap: 0,&#xA;                Inblock: 0,&#xA;                Oublock: 0,&#xA;                Msgsnd: 9,&#xA;                Msgrcv: 9,&#xA;                Nsignals: 38,&#xA;                Nvcsw: 17,&#xA;                Nivcsw: 428,&#xA;            },&#xA;        },&#xA;        Stderr: nil,&#xA;    }&#xA;occurred&#xA;In [BeforeAll] at: /Users/antont/ansible_deckhouse/virtualization-full/tests/e2e/vm_configuration_test.go:55 @ 10/08/25 22:20:58.523&#xA;&lt; Exit [BeforeAll] VirtualMachineConfiguration 1 - /Users/antont/ansible_deckhouse/virtualization-full/tests/e2e/vm_configuration_test.go:49 @ 10/08/25 22:20:58.523 (25ms)&#xA;&gt; Enter [AfterEach] VirtualMachineConfiguration 1 - /Users/antont/ansible_deckhouse/virtualization-full/tests/e2e/vm_configuration_test.go:58 @ 10/08/25 22:20:58.523&#xA;Get resources error:&#xA;cmd: kubectl get virtualization,intvirt,po,volumesnapshot -A -o yaml -l &#39;testcase=vm-configuration&#39;&#xA;error: exit status 1&#xA;stderr: E1008 22:20:58.546600   54459 memcache.go:265] &#34;Unhandled Error&#34; err=&#34;couldn&#39;t get current server API group list: Get \&#34;http://localhost:8080/api?timeout=32s\&#34;: dial tcp [::1]:8080: connect: connection refused&#34;&#xA;E1008 22:20:58.548293   54459 memcache.go:265] &#34;Unhandled Error&#34; err=&#34;couldn&#39;t get current server API group list: Get \&#34;http://localhost:8080/api?timeout=32s\&#34;: dial tcp [::1]:8080: connect: connection refused&#34;&#xA;E1008 22:20:58.550002   54459 memcache.go:265] &#34;Unhandled Error&#34; err=&#34;couldn&#39;t get current server API group list: Get \&#34;http://localhost:8080/api?timeout=32s\&#34;: dial tcp [::1]:8080: connect: connection refused&#34;&#xA;E1008 22:20:58.551605   54459 memcache.go:265] &#34;Unhandled Error&#34; err=&#34;couldn&#39;t get current server API group list: Get \&#34;http://localhost:8080/api?timeout=32s\&#34;: dial tcp [::1]:8080: connect: connection refused&#34;&#xA;E1008 22:20:58.553579   54459 memcache.go:265] &#34;Unhandled Error&#34; err=&#34;couldn&#39;t get current server API group list: Get \&#34;http://localhost:8080/api?timeout=32s\&#34;: dial tcp [::1]:8080: connect: connection refused&#34;&#xA;E1008 22:20:58.555182   54459 memcache.go:265] &#34;Unhandled Error&#34; err=&#34;couldn&#39;t get current server API group list: Get \&#34;http://localhost:8080/api?timeout=32s\&#34;: dial tcp [::1]:8080: connect: connection refused&#34;&#xA;E1008 22:20:58.556851   54459 memcache.go:265] &#34;Unhandled Error&#34; err=&#34;couldn&#39;t get current server API group list: Get \&#34;http://localhost:8080/api?timeout=32s\&#34;: dial tcp [::1]:8080: connect: connection refused&#34;&#xA;E1008 22:20:58.558517   54459 memcache.go:265] &#34;Unhandled Error&#34; err=&#34;couldn&#39;t get current server API group list: Get \&#34;http://localhost:8080/api?timeout=32s\&#34;: dial tcp [::1]:8080: connect: connection refused&#34;&#xA;The connection to the server localhost:8080 was refused - did you specify the right host or port?&#xA;&#xA;&#xA;&lt; Exit [AfterEach] VirtualMachineConfiguration 1 - /Users/antont/ansible_deckhouse/virtualization-full/tests/e2e/vm_configuration_test.go:58 @ 10/08/25 22:20:58.56 (37ms)&#xA;</system-err>
          </testcase>
          <testcase name="[It] VirtualMachineConfiguration 1 When virtual images are applied checks VIs phases" classname="Tests" status="skipped" time="0">
              <skipped message="skipped - Spec skipped because an earlier spec in an ordered container failed"></skipped>
              <system-err>[SKIPPED] Spec skipped because an earlier spec in an ordered container failed&#xA;In [It] at: /Users/antont/ansible_deckhouse/virtualization-full/tests/e2e/vm_configuration_test.go:88 @ 10/08/25 22:20:58.56&#xA;</system-err>
          </testcase>
          <testcase name="[It] VirtualMachineConfiguration 1 When virtual disks are applied should be in Ready phase" classname="Tests" status="skipped" time="0">
              <skipped message="skipped - Spec skipped because an earlier spec in an ordered container failed"></skipped>
              <system-err>[SKIPPED] Spec skipped because an earlier spec in an ordered container failed&#xA;In [It] at: /Users/antont/ansible_deckhouse/virtualization-full/tests/e2e/vm_configuration_test.go:99 @ 10/08/25 22:20:58.56&#xA;</system-err>
          </testcase>
          <testcase name="[It] VirtualMachineConfiguration 1 When virtual machines are applied should be ready" classname="Tests" status="skipped" time="0">
              <skipped message="skipped - Spec skipped because an earlier spec in an ordered container failed"></skipped>
              <system-err>[SKIPPED] Spec skipped because an earlier spec in an ordered container failed&#xA;In [It] at: /Users/antont/ansible_deckhouse/virtualization-full/tests/e2e/vm_configuration_test.go:109 @ 10/08/25 22:20:58.56&#xA;</system-err>
          </testcase>
          <testcase name="[It] VirtualMachineConfiguration 1 Manual restart approval mode 1 When virtual machine agents are ready changes the number of processor cores" classname="Tests" status="skipped" time="0">
              <skipped message="skipped - Spec skipped because an earlier spec in an ordered container failed"></skipped>
              <system-err>[SKIPPED] Spec skipped because an earlier spec in an ordered container failed&#xA;In [It] at: /Users/antont/ansible_deckhouse/virtualization-full/tests/e2e/vm_configuration_test.go:123 @ 10/08/25 22:20:58.56&#xA;</system-err>
          </testcase>
          <testcase name="[It] VirtualMachineConfiguration 1 Manual restart approval mode 1 When virtual machine is patched checks the number of processor cores in specification" classname="Tests" status="skipped" time="0">
              <skipped message="skipped - Spec skipped because an earlier spec in an ordered container failed"></skipped>
              <system-err>[SKIPPED] Spec skipped because an earlier spec in an ordered container failed&#xA;In [It] at: /Users/antont/ansible_deckhouse/virtualization-full/tests/e2e/vm_configuration_test.go:147 @ 10/08/25 22:20:58.56&#xA;</system-err>
          </testcase>
          <testcase name="[It] VirtualMachineConfiguration 1 Manual restart approval mode 1 When virtual machine is restarted should be ready" classname="Tests" status="skipped" time="0">
              <skipped message="skipped - Spec skipped because an earlier spec in an ordered container failed"></skipped>
              <system-err>[SKIPPED] Spec skipped because an earlier spec in an ordered container failed&#xA;In [It] at: /Users/antont/ansible_deckhouse/virtualization-full/tests/e2e/vm_configuration_test.go:161 @ 10/08/25 22:20:58.56&#xA;</system-err>
          </testcase>
          <testcase name="[It] VirtualMachineConfiguration 1 Manual restart approval mode 1 When virtual machine agents are ready checks that the number of processor cores was changed" classname="Tests" status="skipped" time="0">
              <skipped message="skipped - Spec skipped because an earlier spec in an ordered container failed"></skipped>
              <system-err>[SKIPPED] Spec skipped because an earlier spec in an ordered container failed&#xA;In [It] at: /Users/antont/ansible_deckhouse/virtualization-full/tests/e2e/vm_configuration_test.go:183 @ 10/08/25 22:20:58.561&#xA;</system-err>
          </testcase>
          <testcase name="[It] VirtualMachineConfiguration 1 Automatic restart approval mode 1 When virtual machine is in Running phase changes the number of processor cores" classname="Tests" status="skipped" time="0">
              <skipped message="skipped - Spec skipped because an earlier spec in an ordered container failed"></skipped>
              <system-err>[SKIPPED] Spec skipped because an earlier spec in an ordered container failed&#xA;In [It] at: /Users/antont/ansible_deckhouse/virtualization-full/tests/e2e/vm_configuration_test.go:202 @ 10/08/25 22:20:58.561&#xA;</system-err>
          </testcase>
          <testcase name="[It] VirtualMachineConfiguration 1 Automatic restart approval mode 1 When virtual machine is patched checks the number of processor cores in specification" classname="Tests" status="skipped" time="0">
              <skipped message="skipped - Spec skipped because an earlier spec in an ordered container failed"></skipped>
              <system-err>[SKIPPED] Spec skipped because an earlier spec in an ordered container failed&#xA;In [It] at: /Users/antont/ansible_deckhouse/virtualization-full/tests/e2e/vm_configuration_test.go:226 @ 10/08/25 22:20:58.561&#xA;</system-err>
          </testcase>
          <testcase name="[It] VirtualMachineConfiguration 1 Automatic restart approval mode 1 When virtual machine is restarted should be ready" classname="Tests" status="skipped" time="0">
              <skipped message="skipped - Spec skipped because an earlier spec in an ordered container failed"></skipped>
              <system-err>[SKIPPED] Spec skipped because an earlier spec in an ordered container failed&#xA;In [It] at: /Users/antont/ansible_deckhouse/virtualization-full/tests/e2e/vm_configuration_test.go:240 @ 10/08/25 22:20:58.561&#xA;</system-err>
          </testcase>
          <testcase name="[It] VirtualMachineConfiguration 1 Automatic restart approval mode 1 When virtual machine agents are ready checks that the number of processor cores was changed" classname="Tests" status="skipped" time="0">
              <skipped message="skipped - Spec skipped because an earlier spec in an ordered container failed"></skipped>
              <system-err>[SKIPPED] Spec skipped because an earlier spec in an ordered container failed&#xA;In [It] at: /Users/antont/ansible_deckhouse/virtualization-full/tests/e2e/vm_configuration_test.go:250 @ 10/08/25 22:20:58.561&#xA;</system-err>
          </testcase>
          <testcase name="[It] VirtualMachineConfiguration 1 When test is completed deletes test case resources" classname="Tests" status="skipped" time="0">
              <skipped message="skipped - Spec skipped because an earlier spec in an ordered container failed"></skipped>
              <system-err>[SKIPPED] Spec skipped because an earlier spec in an ordered container failed&#xA;In [It] at: /Users/antont/ansible_deckhouse/virtualization-full/tests/e2e/vm_configuration_test.go:265 @ 10/08/25 22:20:58.561&#xA;</system-err>
          </testcase>
          <testcase name="[It] VirtualImageCreation When resources are applied result should be succeeded" classname="Tests" status="failed" time="0.061782">
              <failure message="kubectl create namespace head-45bdb83d-end-to-end-images-creation&#xA;Unexpected error:&#xA;    &lt;*exec.ExitError | 0x140008b2aa0&gt;: &#xA;    exit status 1&#xA;    {&#xA;        ProcessState: {&#xA;            pid: 54460,&#xA;            status: 256,&#xA;            rusage: {&#xA;                Utime: {&#xA;                    Sec: 0,&#xA;                    Usec: 19657,&#xA;                    Pad_cgo_0: [0, 0, 0, 0],&#xA;                },&#xA;                Stime: {&#xA;                    Sec: 0,&#xA;                    Usec: 7068,&#xA;                    Pad_cgo_0: [0, 0, 0, 0],&#xA;                },&#xA;                Maxrss: 44777472,&#xA;                Ixrss: 0,&#xA;                Idrss: 0,&#xA;                Isrss: 0,&#xA;                Minflt: 3538,&#xA;                Majflt: 3,&#xA;                Nswap: 0,&#xA;                Inblock: 0,&#xA;                Oublock: 0,&#xA;                Msgsnd: 9,&#xA;                Msgrcv: 9,&#xA;                Nsignals: 33,&#xA;                Nvcsw: 14,&#xA;                Nivcsw: 430,&#xA;            },&#xA;        },&#xA;        Stderr: nil,&#xA;    }&#xA;occurred" type="failed">[FAILED] kubectl create namespace head-45bdb83d-end-to-end-images-creation&#xA;Unexpected error:&#xA;    &lt;*exec.ExitError | 0x140008b2aa0&gt;: &#xA;    exit status 1&#xA;    {&#xA;        ProcessState: {&#xA;            pid: 54460,&#xA;            status: 256,&#xA;            rusage: {&#xA;                Utime: {&#xA;                    Sec: 0,&#xA;                    Usec: 19657,&#xA;                    Pad_cgo_0: [0, 0, 0, 0],&#xA;                },&#xA;                Stime: {&#xA;                    Sec: 0,&#xA;                    Usec: 7068,&#xA;                    Pad_cgo_0: [0, 0, 0, 0],&#xA;                },&#xA;                Maxrss: 44777472,&#xA;                Ixrss: 0,&#xA;                Idrss: 0,&#xA;                Isrss: 0,&#xA;                Minflt: 3538,&#xA;                Majflt: 3,&#xA;                Nswap: 0,&#xA;                Inblock: 0,&#xA;                Oublock: 0,&#xA;                Msgsnd: 9,&#xA;                Msgrcv: 9,&#xA;                Nsignals: 33,&#xA;                Nvcsw: 14,&#xA;                Nivcsw: 430,&#xA;            },&#xA;        },&#xA;        Stderr: nil,&#xA;    }&#xA;occurred&#xA;In [BeforeAll] at: /Users/antont/ansible_deckhouse/virtualization-full/tests/e2e/images_creation_test.go:48 @ 10/08/25 22:20:58.585&#xA;</failure>
              <system-err>&gt; Enter [BeforeAll] VirtualImageCreation - /Users/antont/ansible_deckhouse/virtualization-full/tests/e2e/images_creation_test.go:38 @ 10/08/25 22:20:58.561&#xA;[FAILED] kubectl create namespace head-45bdb83d-end-to-end-images-creation&#xA;Unexpected error:&#xA;    &lt;*exec.ExitError | 0x140008b2aa0&gt;: &#xA;    exit status 1&#xA;    {&#xA;        ProcessState: {&#xA;            pid: 54460,&#xA;            status: 256,&#xA;            rusage: {&#xA;                Utime: {&#xA;                    Sec: 0,&#xA;                    Usec: 19657,&#xA;                    Pad_cgo_0: [0, 0, 0, 0],&#xA;                },&#xA;                Stime: {&#xA;                    Sec: 0,&#xA;                    Usec: 7068,&#xA;                    Pad_cgo_0: [0, 0, 0, 0],&#xA;                },&#xA;                Maxrss: 44777472,&#xA;                Ixrss: 0,&#xA;                Idrss: 0,&#xA;                Isrss: 0,&#xA;                Minflt: 3538,&#xA;                Majflt: 3,&#xA;                Nswap: 0,&#xA;                Inblock: 0,&#xA;                Oublock: 0,&#xA;                Msgsnd: 9,&#xA;                Msgrcv: 9,&#xA;                Nsignals: 33,&#xA;                Nvcsw: 14,&#xA;                Nivcsw: 430,&#xA;            },&#xA;        },&#xA;        Stderr: nil,&#xA;    }&#xA;occurred&#xA;In [BeforeAll] at: /Users/antont/ansible_deckhouse/virtualization-full/tests/e2e/images_creation_test.go:48 @ 10/08/25 22:20:58.585&#xA;&lt; Exit [BeforeAll] VirtualImageCreation - /Users/antont/ansible_deckhouse/virtualization-full/tests/e2e/images_creation_test.go:38 @ 10/08/25 22:20:58.585 (25ms)&#xA;&gt; Enter [AfterEach] VirtualImageCreation - /Users/antont/ansible_deckhouse/virtualization-full/tests/e2e/images_creation_test.go:70 @ 10/08/25 22:20:58.585&#xA;Get resources error:&#xA;cmd: kubectl get virtualization,intvirt,po,volumesnapshot -A -o yaml -l &#39;testcase=images-creation&#39;&#xA;error: exit status 1&#xA;stderr: E1008 22:20:58.608877   54461 memcache.go:265] &#34;Unhandled Error&#34; err=&#34;couldn&#39;t get current server API group list: Get \&#34;http://localhost:8080/api?timeout=32s\&#34;: dial tcp [::1]:8080: connect: connection refused&#34;&#xA;E1008 22:20:58.610674   54461 memcache.go:265] &#34;Unhandled Error&#34; err=&#34;couldn&#39;t get current server API group list: Get \&#34;http://localhost:8080/api?timeout=32s\&#34;: dial tcp [::1]:8080: connect: connection refused&#34;&#xA;E1008 22:20:58.612324   54461 memcache.go:265] &#34;Unhandled Error&#34; err=&#34;couldn&#39;t get current server API group list: Get \&#34;http://localhost:8080/api?timeout=32s\&#34;: dial tcp [::1]:8080: connect: connection refused&#34;&#xA;E1008 22:20:58.613933   54461 memcache.go:265] &#34;Unhandled Error&#34; err=&#34;couldn&#39;t get current server API group list: Get \&#34;http://localhost:8080/api?timeout=32s\&#34;: dial tcp [::1]:8080: connect: connection refused&#34;&#xA;E1008 22:20:58.615538   54461 memcache.go:265] &#34;Unhandled Error&#34; err=&#34;couldn&#39;t get current server API group list: Get \&#34;http://localhost:8080/api?timeout=32s\&#34;: dial tcp [::1]:8080: connect: connection refused&#34;&#xA;E1008 22:20:58.617134   54461 memcache.go:265] &#34;Unhandled Error&#34; err=&#34;couldn&#39;t get current server API group list: Get \&#34;http://localhost:8080/api?timeout=32s\&#34;: dial tcp [::1]:8080: connect: connection refused&#34;&#xA;E1008 22:20:58.618783   54461 memcache.go:265] &#34;Unhandled Error&#34; err=&#34;couldn&#39;t get current server API group list: Get \&#34;http://localhost:8080/api?timeout=32s\&#34;: dial tcp [::1]:8080: connect: connection refused&#34;&#xA;E1008 22:20:58.620426   54461 memcache.go:265] &#34;Unhandled Error&#34; err=&#34;couldn&#39;t get current server API group list: Get \&#34;http://localhost:8080/api?timeout=32s\&#34;: dial tcp [::1]:8080: connect: connection refused&#34;&#xA;The connection to the server localhost:8080 was refused - did you specify the right host or port?&#xA;&#xA;&#xA;&lt; Exit [AfterEach] VirtualImageCreation - /Users/antont/ansible_deckhouse/virtualization-full/tests/e2e/images_creation_test.go:70 @ 10/08/25 22:20:58.622 (37ms)&#xA;</system-err>
          </testcase>
          <testcase name="[It] VirtualImageCreation When base virtual resources are ready checks VD phase" classname="Tests" status="skipped" time="0">
              <skipped message="skipped - Spec skipped because an earlier spec in an ordered container failed"></skipped>
              <system-err>[SKIPPED] Spec skipped because an earlier spec in an ordered container failed&#xA;In [It] at: /Users/antont/ansible_deckhouse/virtualization-full/tests/e2e/images_creation_test.go:87 @ 10/08/25 22:20:58.623&#xA;</system-err>
          </testcase>
          <testcase name="[It] VirtualImageCreation When base virtual resources are ready checks VDSnapshot phase" classname="Tests" status="skipped" time="0">
              <skipped message="skipped - Spec skipped because an earlier spec in an ordered container failed"></skipped>
              <system-err>[SKIPPED] Spec skipped because an earlier spec in an ordered container failed&#xA;In [It] at: /Users/antont/ansible_deckhouse/virtualization-full/tests/e2e/images_creation_test.go:96 @ 10/08/25 22:20:58.623&#xA;</system-err>
          </testcase>
          <testcase name="[It] VirtualImageCreation When virtual images are applied checks VIs phases" classname="Tests" status="skipped" time="0">
              <skipped message="skipped - Spec skipped because an earlier spec in an ordered container failed"></skipped>
              <system-err>[SKIPPED] Spec skipped because an earlier spec in an ordered container failed&#xA;In [It] at: /Users/antont/ansible_deckhouse/virtualization-full/tests/e2e/images_creation_test.go:107 @ 10/08/25 22:20:58.623&#xA;</system-err>
          </testcase>
          <testcase name="[It] VirtualImageCreation When virtual images are applied checks CVIs phases" classname="Tests" status="skipped" time="0">
              <skipped message="skipped - Spec skipped because an earlier spec in an ordered container failed"></skipped>
              <system-err>[SKIPPED] Spec skipped because an earlier spec in an ordered container failed&#xA;In [It] at: /Users/antont/ansible_deckhouse/virtualization-full/tests/e2e/images_creation_test.go:116 @ 10/08/25 22:20:58.623&#xA;</system-err>
          </testcase>
          <testcase name="[It] VirtualImageCreation When test is completed deletes test case resources" classname="Tests" status="skipped" time="0">
              <skipped message="skipped - Spec skipped because an earlier spec in an ordered container failed"></skipped>
              <system-err>[SKIPPED] Spec skipped because an earlier spec in an ordered container failed&#xA;In [It] at: /Users/antont/ansible_deckhouse/virtualization-full/tests/e2e/images_creation_test.go:127 @ 10/08/25 22:20:58.623&#xA;</system-err>
          </testcase>
          <testcase name="[It] VirtualMachineRestoreSafe When the virtualization resources are applied result should be succeeded [SIG-Restoration]" classname="Tests" status="failed" time="0.061477959">
              <failure message="kubectl create namespace head-45bdb83d-end-to-end-vm-restore-safe&#xA;Unexpected error:&#xA;    &lt;*exec.ExitError | 0x14000a2bb00&gt;: &#xA;    exit status 1&#xA;    {&#xA;        ProcessState: {&#xA;            pid: 54462,&#xA;            status: 256,&#xA;            rusage: {&#xA;                Utime: {&#xA;                    Sec: 0,&#xA;                    Usec: 19576,&#xA;                    Pad_cgo_0: [0, 0, 0, 0],&#xA;                },&#xA;                Stime: {&#xA;                    Sec: 0,&#xA;                    Usec: 7135,&#xA;                    Pad_cgo_0: [0, 0, 0, 0],&#xA;                },&#xA;                Maxrss: 44974080,&#xA;                Ixrss: 0,&#xA;                Idrss: 0,&#xA;                Isrss: 0,&#xA;                Minflt: 3555,&#xA;                Majflt: 3,&#xA;                Nswap: 0,&#xA;                Inblock: 0,&#xA;                Oublock: 0,&#xA;                Msgsnd: 9,&#xA;                Msgrcv: 9,&#xA;                Nsignals: 41,&#xA;                Nvcsw: 20,&#xA;                Nivcsw: 460,&#xA;            },&#xA;        },&#xA;        Stderr: nil,&#xA;    }&#xA;occurred" type="failed">[FAILED] kubectl create namespace head-45bdb83d-end-to-end-vm-restore-safe&#xA;Unexpected error:&#xA;    &lt;*exec.ExitError | 0x14000a2bb00&gt;: &#xA;    exit status 1&#xA;    {&#xA;        ProcessState: {&#xA;            pid: 54462,&#xA;            status: 256,&#xA;            rusage: {&#xA;                Utime: {&#xA;                    Sec: 0,&#xA;                    Usec: 19576,&#xA;                    Pad_cgo_0: [0, 0, 0, 0],&#xA;                },&#xA;                Stime: {&#xA;                    Sec: 0,&#xA;                    Usec: 7135,&#xA;                    Pad_cgo_0: [0, 0, 0, 0],&#xA;                },&#xA;                Maxrss: 44974080,&#xA;                Ixrss: 0,&#xA;                Idrss: 0,&#xA;                Isrss: 0,&#xA;                Minflt: 3555,&#xA;                Majflt: 3,&#xA;                Nswap: 0,&#xA;                Inblock: 0,&#xA;                Oublock: 0,&#xA;                Msgsnd: 9,&#xA;                Msgrcv: 9,&#xA;                Nsignals: 41,&#xA;                Nvcsw: 20,&#xA;                Nivcsw: 460,&#xA;            },&#xA;        },&#xA;        Stderr: nil,&#xA;    }&#xA;occurred&#xA;In [BeforeAll] at: /Users/antont/ansible_deckhouse/virtualization-full/tests/e2e/vm_restore_safe_test.go:58 @ 10/08/25 22:20:58.647&#xA;&#xA;There were additional failures detected after the initial failure. These are visible in the timeline&#xA;</failure>
              <system-err>&gt; Enter [BeforeAll] VirtualMachineRestoreSafe - /Users/antont/ansible_deckhouse/virtualization-full/tests/e2e/vm_restore_safe_test.go:52 @ 10/08/25 22:20:58.623&#xA;[FAILED] kubectl create namespace head-45bdb83d-end-to-end-vm-restore-safe&#xA;Unexpected error:&#xA;    &lt;*exec.ExitError | 0x14000a2bb00&gt;: &#xA;    exit status 1&#xA;    {&#xA;        ProcessState: {&#xA;            pid: 54462,&#xA;            status: 256,&#xA;            rusage: {&#xA;                Utime: {&#xA;                    Sec: 0,&#xA;                    Usec: 19576,&#xA;                    Pad_cgo_0: [0, 0, 0, 0],&#xA;                },&#xA;                Stime: {&#xA;                    Sec: 0,&#xA;                    Usec: 7135,&#xA;                    Pad_cgo_0: [0, 0, 0, 0],&#xA;                },&#xA;                Maxrss: 44974080,&#xA;                Ixrss: 0,&#xA;                Idrss: 0,&#xA;                Isrss: 0,&#xA;                Minflt: 3555,&#xA;                Majflt: 3,&#xA;                Nswap: 0,&#xA;                Inblock: 0,&#xA;                Oublock: 0,&#xA;                Msgsnd: 9,&#xA;                Msgrcv: 9,&#xA;                Nsignals: 41,&#xA;                Nvcsw: 20,&#xA;                Nivcsw: 460,&#xA;            },&#xA;        },&#xA;        Stderr: nil,&#xA;    }&#xA;occurred&#xA;In [BeforeAll] at: /Users/antont/ansible_deckhouse/virtualization-full/tests/e2e/vm_restore_safe_test.go:58 @ 10/08/25 22:20:58.647&#xA;&lt; Exit [BeforeAll] VirtualMachineRestoreSafe - /Users/antont/ansible_deckhouse/virtualization-full/tests/e2e/vm_restore_safe_test.go:52 @ 10/08/25 22:20:58.647 (25ms)&#xA;&gt; Enter [AfterEach] VirtualMachineRestoreSafe - /Users/antont/ansible_deckhouse/virtualization-full/tests/e2e/vm_restore_safe_test.go:65 @ 10/08/25 22:20:58.647&#xA;Get resources error:&#xA;cmd: kubectl get virtualization,intvirt,po,volumesnapshot -A -o yaml -l &#39;testcase=vm-restore-safe&#39;&#xA;error: exit status 1&#xA;stderr: E1008 22:20:58.670835   54463 memcache.go:265] &#34;Unhandled Error&#34; err=&#34;couldn&#39;t get current server API group list: Get \&#34;http://localhost:8080/api?timeout=32s\&#34;: dial tcp [::1]:8080: connect: connection refused&#34;&#xA;E1008 22:20:58.672549   54463 memcache.go:265] &#34;Unhandled Error&#34; err=&#34;couldn&#39;t get current server API group list: Get \&#34;http://localhost:8080/api?timeout=32s\&#34;: dial tcp [::1]:8080: connect: connection refused&#34;&#xA;E1008 22:20:58.674207   54463 memcache.go:265] &#34;Unhandled Error&#34; err=&#34;couldn&#39;t get current server API group list: Get \&#34;http://localhost:8080/api?timeout=32s\&#34;: dial tcp [::1]:8080: connect: connection refused&#34;&#xA;E1008 22:20:58.675821   54463 memcache.go:265] &#34;Unhandled Error&#34; err=&#34;couldn&#39;t get current server API group list: Get \&#34;http://localhost:8080/api?timeout=32s\&#34;: dial tcp [::1]:8080: connect: connection refused&#34;&#xA;E1008 22:20:58.677517   54463 memcache.go:265] &#34;Unhandled Error&#34; err=&#34;couldn&#39;t get current server API group list: Get \&#34;http://localhost:8080/api?timeout=32s\&#34;: dial tcp [::1]:8080: connect: connection refused&#34;&#xA;E1008 22:20:58.679124   54463 memcache.go:265] &#34;Unhandled Error&#34; err=&#34;couldn&#39;t get current server API group list: Get \&#34;http://localhost:8080/api?timeout=32s\&#34;: dial tcp [::1]:8080: connect: connection refused&#34;&#xA;E1008 22:20:58.680762   54463 memcache.go:265] &#34;Unhandled Error&#34; err=&#34;couldn&#39;t get current server API group list: Get \&#34;http://localhost:8080/api?timeout=32s\&#34;: dial tcp [::1]:8080: connect: connection refused&#34;&#xA;E1008 22:20:58.682412   54463 memcache.go:265] &#34;Unhandled Error&#34; err=&#34;couldn&#39;t get current server API group list: Get \&#34;http://localhost:8080/api?timeout=32s\&#34;: dial tcp [::1]:8080: connect: connection refused&#34;&#xA;The connection to the server localhost:8080 was refused - did you specify the right host or port?&#xA;&#xA;&#xA;[PANICKED] Test Panicked&#xA;In [AfterEach] at: /opt/homebrew/Cellar/go/1.25.1/libexec/src/runtime/panic.go:262 @ 10/08/25 22:20:58.684&#xA;&#xA;runtime error: invalid memory address or nil pointer dereference&#xA;&#xA;Full Stack Trace&#xA;  github.com/deckhouse/virtualization/tests/e2e.init.func22.3()&#xA;  &#x9;/Users/antont/ansible_deckhouse/virtualization-full/tests/e2e/vm_restore_safe_test.go:70 +0xd4&#xA;&lt; Exit [AfterEach] VirtualMachineRestoreSafe - /Users/antont/ansible_deckhouse/virtualization-full/tests/e2e/vm_restore_safe_test.go:65 @ 10/08/25 22:20:58.684 (37ms)&#xA;</system-err>
          </testcase>
          <testcase name="[It] VirtualMachineRestoreSafe When the virtualization resources are applied checks the resources phase [SIG-Restoration]" classname="Tests" status="skipped" time="0">
              <skipped message="skipped - Spec skipped because an earlier spec in an ordered container failed"></skipped>
              <system-err>[SKIPPED] Spec skipped because an earlier spec in an ordered container failed&#xA;In [It] at: /Users/antont/ansible_deckhouse/virtualization-full/tests/e2e/vm_restore_safe_test.go:105 @ 10/08/25 22:20:58.684&#xA;</system-err>
          </testcase>
          <testcase name="[It] VirtualMachineRestoreSafe When the virtualization resources are applied add additional interface to virtual machines [SIG-Restoration]" classname="Tests" status="skipped" time="0">
              <skipped message="skipped - Spec skipped because an earlier spec in an ordered container failed"></skipped>
              <system-err>[SKIPPED] Spec skipped because an earlier spec in an ordered container failed&#xA;In [It] at: /Users/antont/ansible_deckhouse/virtualization-full/tests/e2e/vm_restore_safe_test.go:115 @ 10/08/25 22:20:58.684&#xA;</system-err>
          </testcase>
          <testcase name="[It] VirtualMachineRestoreSafe When the resources are ready to use restore the `VirtualMachines` with `Safe` mode [SIG-Restoration]" classname="Tests" status="skipped" time="0">
              <skipped message="skipped - Spec skipped because an earlier spec in an ordered container failed"></skipped>
              <system-err>[SKIPPED] Spec skipped because an earlier spec in an ordered container failed&#xA;In [It] at: /Users/antont/ansible_deckhouse/virtualization-full/tests/e2e/vm_restore_safe_test.go:158 @ 10/08/25 22:20:58.684&#xA;</system-err>
          </testcase>
          <testcase name="[It] VirtualMachineRestoreSafe When the resources are ready to use check the .status.networks of each VM after restore [SIG-Restoration]" classname="Tests" status="skipped" time="0">
              <skipped message="skipped - Spec skipped because an earlier spec in an ordered container failed"></skipped>
              <system-err>[SKIPPED] Spec skipped because an earlier spec in an ordered container failed&#xA;In [It] at: /Users/antont/ansible_deckhouse/virtualization-full/tests/e2e/vm_restore_safe_test.go:348 @ 10/08/25 22:20:58.684&#xA;</system-err>
          </testcase>
          <testcase name="[It] VirtualMachineRestoreSafe When test is completed deletes test case resources [SIG-Restoration]" classname="Tests" status="skipped" time="0">
              <skipped message="skipped - Spec skipped because an earlier spec in an ordered container failed"></skipped>
              <system-err>[SKIPPED] Spec skipped because an earlier spec in an ordered container failed&#xA;In [It] at: /Users/antont/ansible_deckhouse/virtualization-full/tests/e2e/vm_restore_safe_test.go:374 @ 10/08/25 22:20:58.684&#xA;</system-err>
          </testcase>
          <testcase name="[It] SizingPolicy When resources are applied result should be succeeded" classname="Tests" status="failed" time="0.0631325">
              <failure message="kubectl create namespace head-45bdb83d-end-to-end-sizing-policy&#xA;Unexpected error:&#xA;    &lt;*exec.ExitError | 0x14000a2bd80&gt;: &#xA;    exit status 1&#xA;    {&#xA;        ProcessState: {&#xA;            pid: 54464,&#xA;            status: 256,&#xA;            rusage: {&#xA;                Utime: {&#xA;                    Sec: 0,&#xA;                    Usec: 19144,&#xA;                    Pad_cgo_0: [0, 0, 0, 0],&#xA;                },&#xA;                Stime: {&#xA;                    Sec: 0,&#xA;                    Usec: 7394,&#xA;                    Pad_cgo_0: [0, 0, 0, 0],&#xA;                },&#xA;                Maxrss: 44449792,&#xA;                Ixrss: 0,&#xA;                Idrss: 0,&#xA;                Isrss: 0,&#xA;                Minflt: 3518,&#xA;                Majflt: 3,&#xA;                Nswap: 0,&#xA;                Inblock: 0,&#xA;                Oublock: 0,&#xA;                Msgsnd: 9,&#xA;                Msgrcv: 9,&#xA;                Nsignals: 46,&#xA;                Nvcsw: 27,&#xA;                Nivcsw: 445,&#xA;            },&#xA;        },&#xA;        Stderr: nil,&#xA;    }&#xA;occurred" type="failed">[FAILED] kubectl create namespace head-45bdb83d-end-to-end-sizing-policy&#xA;Unexpected error:&#xA;    &lt;*exec.ExitError | 0x14000a2bd80&gt;: &#xA;    exit status 1&#xA;    {&#xA;        ProcessState: {&#xA;            pid: 54464,&#xA;            status: 256,&#xA;            rusage: {&#xA;                Utime: {&#xA;                    Sec: 0,&#xA;                    Usec: 19144,&#xA;                    Pad_cgo_0: [0, 0, 0, 0],&#xA;                },&#xA;                Stime: {&#xA;                    Sec: 0,&#xA;                    Usec: 7394,&#xA;                    Pad_cgo_0: [0, 0, 0, 0],&#xA;                },&#xA;                Maxrss: 44449792,&#xA;                Ixrss: 0,&#xA;                Idrss: 0,&#xA;                Isrss: 0,&#xA;                Minflt: 3518,&#xA;                Majflt: 3,&#xA;                Nswap: 0,&#xA;                Inblock: 0,&#xA;                Oublock: 0,&#xA;                Msgsnd: 9,&#xA;                Msgrcv: 9,&#xA;                Nsignals: 46,&#xA;                Nvcsw: 27,&#xA;                Nivcsw: 445,&#xA;            },&#xA;        },&#xA;        Stderr: nil,&#xA;    }&#xA;occurred&#xA;In [BeforeAll] at: /Users/antont/ansible_deckhouse/virtualization-full/tests/e2e/sizing_policy_test.go:64 @ 10/08/25 22:20:58.708&#xA;</failure>
              <system-err>&gt; Enter [BeforeAll] SizingPolicy - /Users/antont/ansible_deckhouse/virtualization-full/tests/e2e/sizing_policy_test.go:52 @ 10/08/25 22:20:58.684&#xA;[FAILED] kubectl create namespace head-45bdb83d-end-to-end-sizing-policy&#xA;Unexpected error:&#xA;    &lt;*exec.ExitError | 0x14000a2bd80&gt;: &#xA;    exit status 1&#xA;    {&#xA;        ProcessState: {&#xA;            pid: 54464,&#xA;            status: 256,&#xA;            rusage: {&#xA;                Utime: {&#xA;                    Sec: 0,&#xA;                    Usec: 19144,&#xA;                    Pad_cgo_0: [0, 0, 0, 0],&#xA;                },&#xA;                Stime: {&#xA;                    Sec: 0,&#xA;                    Usec: 7394,&#xA;                    Pad_cgo_0: [0, 0, 0, 0],&#xA;                },&#xA;                Maxrss: 44449792,&#xA;                Ixrss: 0,&#xA;                Idrss: 0,&#xA;                Isrss: 0,&#xA;                Minflt: 3518,&#xA;                Majflt: 3,&#xA;                Nswap: 0,&#xA;                Inblock: 0,&#xA;                Oublock: 0,&#xA;                Msgsnd: 9,&#xA;                Msgrcv: 9,&#xA;                Nsignals: 46,&#xA;                Nvcsw: 27,&#xA;                Nivcsw: 445,&#xA;            },&#xA;        },&#xA;        Stderr: nil,&#xA;    }&#xA;occurred&#xA;In [BeforeAll] at: /Users/antont/ansible_deckhouse/virtualization-full/tests/e2e/sizing_policy_test.go:64 @ 10/08/25 22:20:58.708&#xA;&lt; Exit [BeforeAll] SizingPolicy - /Users/antont/ansible_deckhouse/virtualization-full/tests/e2e/sizing_policy_test.go:52 @ 10/08/25 22:20:58.708 (24ms)&#xA;&gt; Enter [AfterEach] SizingPolicy - /Users/antont/ansible_deckhouse/virtualization-full/tests/e2e/sizing_policy_test.go:73 @ 10/08/25 22:20:58.708&#xA;Get resources error:&#xA;cmd: kubectl get virtualization,intvirt,po,volumesnapshot -A -o yaml -l &#39;testcase=sizing-policy&#39;&#xA;error: exit status 1&#xA;stderr: E1008 22:20:58.733848   54465 memcache.go:265] &#34;Unhandled Error&#34; err=&#34;couldn&#39;t get current server API group list: Get \&#34;http://localhost:8080/api?timeout=32s\&#34;: dial tcp [::1]:8080: connect: connection refused&#34;&#xA;E1008 22:20:58.735552   54465 memcache.go:265] &#34;Unhandled Error&#34; err=&#34;couldn&#39;t get current server API group list: Get \&#34;http://localhost:8080/api?timeout=32s\&#34;: dial tcp [::1]:8080: connect: connection refused&#34;&#xA;E1008 22:20:58.737374   54465 memcache.go:265] &#34;Unhandled Error&#34; err=&#34;couldn&#39;t get current server API group list: Get \&#34;http://localhost:8080/api?timeout=32s\&#34;: dial tcp [::1]:8080: connect: connection refused&#34;&#xA;E1008 22:20:58.739031   54465 memcache.go:265] &#34;Unhandled Error&#34; err=&#34;couldn&#39;t get current server API group list: Get \&#34;http://localhost:8080/api?timeout=32s\&#34;: dial tcp [::1]:8080: connect: connection refused&#34;&#xA;E1008 22:20:58.740697   54465 memcache.go:265] &#34;Unhandled Error&#34; err=&#34;couldn&#39;t get current server API group list: Get \&#34;http://localhost:8080/api?timeout=32s\&#34;: dial tcp [::1]:8080: connect: connection refused&#34;&#xA;E1008 22:20:58.742172   54465 memcache.go:265] &#34;Unhandled Error&#34; err=&#34;couldn&#39;t get current server API group list: Get \&#34;http://localhost:8080/api?timeout=32s\&#34;: dial tcp [::1]:8080: connect: connection refused&#34;&#xA;E1008 22:20:58.743867   54465 memcache.go:265] &#34;Unhandled Error&#34; err=&#34;couldn&#39;t get current server API group list: Get \&#34;http://localhost:8080/api?timeout=32s\&#34;: dial tcp [::1]:8080: connect: connection refused&#34;&#xA;E1008 22:20:58.745516   54465 memcache.go:265] &#34;Unhandled Error&#34; err=&#34;couldn&#39;t get current server API group list: Get \&#34;http://localhost:8080/api?timeout=32s\&#34;: dial tcp [::1]:8080: connect: connection refused&#34;&#xA;The connection to the server localhost:8080 was refused - did you specify the right host or port?&#xA;&#xA;&#xA;&lt; Exit [AfterEach] SizingPolicy - /Users/antont/ansible_deckhouse/virtualization-full/tests/e2e/sizing_policy_test.go:73 @ 10/08/25 22:20:58.747 (39ms)&#xA;</system-err>
          </testcase>
          <testcase name="[It] SizingPolicy When virtual images are applied checks VIs phases" classname="Tests" status="skipped" time="0">
              <skipped message="skipped - Spec skipped because an earlier spec in an ordered container failed"></skipped>
              <system-err>[SKIPPED] Spec skipped because an earlier spec in an ordered container failed&#xA;In [It] at: /Users/antont/ansible_deckhouse/virtualization-full/tests/e2e/sizing_policy_test.go:90 @ 10/08/25 22:20:58.748&#xA;</system-err>
          </testcase>
          <testcase name="[It] SizingPolicy When virtual disks are applied checks VDs phases with map[vm:not-existing-vmclass-with-changing] and map[vm:not-existing-vmclass-with-creating] label" classname="Tests" status="skipped" time="0">
              <skipped message="skipped - Spec skipped because an earlier spec in an ordered container failed"></skipped>
              <system-err>[SKIPPED] Spec skipped because an earlier spec in an ordered container failed&#xA;In [It] at: /Users/antont/ansible_deckhouse/virtualization-full/tests/e2e/sizing_policy_test.go:101 @ 10/08/25 22:20:58.748&#xA;</system-err>
          </testcase>
          <testcase name="[It] SizingPolicy When virtual disks are applied checks VDs phases with map[vm:existing-vmclass] label" classname="Tests" status="skipped" time="0">
              <skipped message="skipped - Spec skipped because an earlier spec in an ordered container failed"></skipped>
              <system-err>[SKIPPED] Spec skipped because an earlier spec in an ordered container failed&#xA;In [It] at: /Users/antont/ansible_deckhouse/virtualization-full/tests/e2e/sizing_policy_test.go:115 @ 10/08/25 22:20:58.748&#xA;</system-err>
          </testcase>
          <testcase name="[It] SizingPolicy When virtual machines are applied checks VMs phases with map[vm:not-existing-vmclass-with-changing] and map[vm:not-existing-vmclass-with-creating] label" classname="Tests" status="skipped" time="0">
              <skipped message="skipped - Spec skipped because an earlier spec in an ordered container failed"></skipped>
              <system-err>[SKIPPED] Spec skipped because an earlier spec in an ordered container failed&#xA;In [It] at: /Users/antont/ansible_deckhouse/virtualization-full/tests/e2e/sizing_policy_test.go:126 @ 10/08/25 22:20:58.748&#xA;</system-err>
          </testcase>
          <testcase name="[It] SizingPolicy When virtual machines are applied checks VMs phases with map[vm:existing-vmclass] label" classname="Tests" status="skipped" time="0">
              <skipped message="skipped - Spec skipped because an earlier spec in an ordered container failed"></skipped>
              <system-err>[SKIPPED] Spec skipped because an earlier spec in an ordered container failed&#xA;In [It] at: /Users/antont/ansible_deckhouse/virtualization-full/tests/e2e/sizing_policy_test.go:140 @ 10/08/25 22:20:58.748&#xA;</system-err>
          </testcase>
          <testcase name="[It] SizingPolicy Not existing virtual machine class When virtual machine with label map[vm:not-existing-vmclass-with-changing] in phase Pending checks condition status before changing &#39;virtulaMachineCLass` field with existing class" classname="Tests" status="skipped" time="0">
              <skipped message="skipped - Spec skipped because an earlier spec in an ordered container failed"></skipped>
              <system-err>[SKIPPED] Spec skipped because an earlier spec in an ordered container failed&#xA;In [It] at: /Users/antont/ansible_deckhouse/virtualization-full/tests/e2e/sizing_policy_test.go:152 @ 10/08/25 22:20:58.748&#xA;</system-err>
          </testcase>
          <testcase name="[It] SizingPolicy Not existing virtual machine class When virtual machine with label map[vm:not-existing-vmclass-with-changing] in phase Pending changes VMClassName in VM specification with existing VMClass" classname="Tests" status="skipped" time="0">
              <skipped message="skipped - Spec skipped because an earlier spec in an ordered container failed"></skipped>
              <system-err>[SKIPPED] Spec skipped because an earlier spec in an ordered container failed&#xA;In [It] at: /Users/antont/ansible_deckhouse/virtualization-full/tests/e2e/sizing_policy_test.go:157 @ 10/08/25 22:20:58.748&#xA;</system-err>
          </testcase>
          <testcase name="[It] SizingPolicy Not existing virtual machine class When virtual machine with label map[vm:not-existing-vmclass-with-changing] in phase Pending checks VM phase and condition status after changing" classname="Tests" status="skipped" time="0">
              <skipped message="skipped - Spec skipped because an earlier spec in an ordered container failed"></skipped>
              <system-err>[SKIPPED] Spec skipped because an earlier spec in an ordered container failed&#xA;In [It] at: /Users/antont/ansible_deckhouse/virtualization-full/tests/e2e/sizing_policy_test.go:163 @ 10/08/25 22:20:58.748&#xA;</system-err>
          </testcase>
          <testcase name="[It] SizingPolicy Not existing virtual machine class When virtual machine with label map[vm:not-existing-vmclass-with-creating] in phase Pending checks condition status before creating `VirtualMachineClass`" classname="Tests" status="skipped" time="0">
              <skipped message="skipped - Spec skipped because an earlier spec in an ordered container failed"></skipped>
              <system-err>[SKIPPED] Spec skipped because an earlier spec in an ordered container failed&#xA;In [It] at: /Users/antont/ansible_deckhouse/virtualization-full/tests/e2e/sizing_policy_test.go:176 @ 10/08/25 22:20:58.748&#xA;</system-err>
          </testcase>
          <testcase name="[It] SizingPolicy Not existing virtual machine class When virtual machine with label map[vm:not-existing-vmclass-with-creating] in phase Pending changes VMClassName in VM specification with not existing VMClass which have correct prefix for creating" classname="Tests" status="skipped" time="0">
              <skipped message="skipped - Spec skipped because an earlier spec in an ordered container failed"></skipped>
              <system-err>[SKIPPED] Spec skipped because an earlier spec in an ordered container failed&#xA;In [It] at: /Users/antont/ansible_deckhouse/virtualization-full/tests/e2e/sizing_policy_test.go:181 @ 10/08/25 22:20:58.748&#xA;</system-err>
          </testcase>
          <testcase name="[It] SizingPolicy Not existing virtual machine class When virtual machine with label map[vm:not-existing-vmclass-with-creating] in phase Pending creates new `VirtualMachineClass`" classname="Tests" status="skipped" time="0">
              <skipped message="skipped - Spec skipped because an earlier spec in an ordered container failed"></skipped>
              <system-err>[SKIPPED] Spec skipped because an earlier spec in an ordered container failed&#xA;In [It] at: /Users/antont/ansible_deckhouse/virtualization-full/tests/e2e/sizing_policy_test.go:187 @ 10/08/25 22:20:58.748&#xA;</system-err>
          </testcase>
          <testcase name="[It] SizingPolicy Not existing virtual machine class When virtual machine with label map[vm:not-existing-vmclass-with-creating] in phase Pending checks VM phase and condition after creating" classname="Tests" status="skipped" time="0">
              <skipped message="skipped - Spec skipped because an earlier spec in an ordered container failed"></skipped>
              <system-err>[SKIPPED] Spec skipped because an earlier spec in an ordered container failed&#xA;In [It] at: /Users/antont/ansible_deckhouse/virtualization-full/tests/e2e/sizing_policy_test.go:202 @ 10/08/25 22:20:58.748&#xA;</system-err>
          </testcase>
          <testcase name="[It] SizingPolicy When virtual machines in phase Running checks sizing policy match" classname="Tests" status="skipped" time="0">
              <skipped message="skipped - Spec skipped because an earlier spec in an ordered container failed"></skipped>
              <system-err>[SKIPPED] Spec skipped because an earlier spec in an ordered container failed&#xA;In [It] at: /Users/antont/ansible_deckhouse/virtualization-full/tests/e2e/sizing_policy_test.go:216 @ 10/08/25 22:20:58.748&#xA;</system-err>
          </testcase>
          <testcase name="[It] SizingPolicy When test is completed deletes test case resources" classname="Tests" status="skipped" time="0">
              <skipped message="skipped - Spec skipped because an earlier spec in an ordered container failed"></skipped>
              <system-err>[SKIPPED] Spec skipped because an earlier spec in an ordered container failed&#xA;In [It] at: /Users/antont/ansible_deckhouse/virtualization-full/tests/e2e/sizing_policy_test.go:240 @ 10/08/25 22:20:58.748&#xA;</system-err>
          </testcase>
          <testcase name="[It] VirtualDiskResizing When the resources are applied result should be succeeded" classname="Tests" status="skipped" time="0.000298791">
              <skipped message="skipped - This test case is not working everytime. Should be fixed."></skipped>
              <system-err>&gt; Enter [BeforeAll] VirtualDiskResizing - /Users/antont/ansible_deckhouse/virtualization-full/tests/e2e/vm_disk_resizing_test.go:47 @ 10/08/25 22:20:58.748&#xA;[SKIPPED] This test case is not working everytime. Should be fixed.&#xA;In [BeforeAll] at: /Users/antont/ansible_deckhouse/virtualization-full/tests/e2e/vm_disk_resizing_test.go:51 @ 10/08/25 22:20:58.748&#xA;&lt; Exit [BeforeAll] VirtualDiskResizing - /Users/antont/ansible_deckhouse/virtualization-full/tests/e2e/vm_disk_resizing_test.go:47 @ 10/08/25 22:20:58.748 (0s)&#xA;&gt; Enter [AfterEach] VirtualDiskResizing - /Users/antont/ansible_deckhouse/virtualization-full/tests/e2e/vm_disk_resizing_test.go:65 @ 10/08/25 22:20:58.748&#xA;&lt; Exit [AfterEach] VirtualDiskResizing - /Users/antont/ansible_deckhouse/virtualization-full/tests/e2e/vm_disk_resizing_test.go:65 @ 10/08/25 22:20:58.749 (0s)&#xA;</system-err>
          </testcase>
          <testcase name="[It] VirtualDiskResizing When the virtual images are applied checks `VirtualImages` phase" classname="Tests" status="skipped" time="0">
              <skipped message="skipped - Spec skipped because Skip() was called in BeforeAll"></skipped>
              <system-err>[SKIPPED] Spec skipped because Skip() was called in BeforeAll&#xA;In [It] at: /Users/antont/ansible_deckhouse/virtualization-full/tests/e2e/vm_disk_resizing_test.go:82 @ 10/08/25 22:20:58.749&#xA;</system-err>
          </testcase>
          <testcase name="[It] VirtualDiskResizing When the virtual disks are applied checks `VirtualDisks` phase" classname="Tests" status="skipped" time="0">
              <skipped message="skipped - Spec skipped because Skip() was called in BeforeAll"></skipped>
              <system-err>[SKIPPED] Spec skipped because Skip() was called in BeforeAll&#xA;In [It] at: /Users/antont/ansible_deckhouse/virtualization-full/tests/e2e/vm_disk_resizing_test.go:94 @ 10/08/25 22:20:58.749&#xA;</system-err>
          </testcase>
          <testcase name="[It] VirtualDiskResizing When the virtual machine are applied checks `VirtualMachine` phase" classname="Tests" status="skipped" time="0">
              <skipped message="skipped - Spec skipped because Skip() was called in BeforeAll"></skipped>
              <system-err>[SKIPPED] Spec skipped because Skip() was called in BeforeAll&#xA;In [It] at: /Users/antont/ansible_deckhouse/virtualization-full/tests/e2e/vm_disk_resizing_test.go:106 @ 10/08/25 22:20:58.749&#xA;</system-err>
          </testcase>
          <testcase name="[It] VirtualDiskResizing When the virtual machine are applied retrieves the test objects" classname="Tests" status="skipped" time="0">
              <skipped message="skipped - Spec skipped because Skip() was called in BeforeAll"></skipped>
              <system-err>[SKIPPED] Spec skipped because Skip() was called in BeforeAll&#xA;In [It] at: /Users/antont/ansible_deckhouse/virtualization-full/tests/e2e/vm_disk_resizing_test.go:116 @ 10/08/25 22:20:58.749&#xA;</system-err>
          </testcase>
          <testcase name="[It] VirtualDiskResizing When the virtual machine block device attachment is applied checks `VirtualMachineBlockDeviceAttachment` phase" classname="Tests" status="skipped" time="0">
              <skipped message="skipped - Spec skipped because Skip() was called in BeforeAll"></skipped>
              <system-err>[SKIPPED] Spec skipped because Skip() was called in BeforeAll&#xA;In [It] at: /Users/antont/ansible_deckhouse/virtualization-full/tests/e2e/vm_disk_resizing_test.go:132 @ 10/08/25 22:20:58.749&#xA;</system-err>
          </testcase>
          <testcase name="[It] VirtualDiskResizing Resizing When the virtual machine is ready obtains the disks metadata before resizing" classname="Tests" status="skipped" time="0">
              <skipped message="skipped - Spec skipped because Skip() was called in BeforeAll"></skipped>
              <system-err>[SKIPPED] Spec skipped because Skip() was called in BeforeAll&#xA;In [It] at: /Users/antont/ansible_deckhouse/virtualization-full/tests/e2e/vm_disk_resizing_test.go:151 @ 10/08/25 22:20:58.749&#xA;</system-err>
          </testcase>
          <testcase name="[It] VirtualDiskResizing Resizing When the virtual machine is ready resizes the disks" classname="Tests" status="skipped" time="0">
              <skipped message="skipped - Spec skipped because Skip() was called in BeforeAll"></skipped>
              <system-err>[SKIPPED] Spec skipped because Skip() was called in BeforeAll&#xA;In [It] at: /Users/antont/ansible_deckhouse/virtualization-full/tests/e2e/vm_disk_resizing_test.go:157 @ 10/08/25 22:20:58.749&#xA;</system-err>
          </testcase>
          <testcase name="[It] VirtualDiskResizing Resizing When the virtual machine is ready checks `VirtualDisks`, `VirtualMachine` and `VirtualMachineBlockDeviceAttachment` phases" classname="Tests" status="skipped" time="0">
              <skipped message="skipped - Spec skipped because Skip() was called in BeforeAll"></skipped>
              <system-err>[SKIPPED] Spec skipped because Skip() was called in BeforeAll&#xA;In [It] at: /Users/antont/ansible_deckhouse/virtualization-full/tests/e2e/vm_disk_resizing_test.go:189 @ 10/08/25 22:20:58.749&#xA;</system-err>
          </testcase>
          <testcase name="[It] VirtualDiskResizing Resizing When the virtual machine is ready obtains and compares the disks metadata after resizing" classname="Tests" status="skipped" time="0">
              <skipped message="skipped - Spec skipped because Skip() was called in BeforeAll"></skipped>
              <system-err>[SKIPPED] Spec skipped because Skip() was called in BeforeAll&#xA;In [It] at: /Users/antont/ansible_deckhouse/virtualization-full/tests/e2e/vm_disk_resizing_test.go:216 @ 10/08/25 22:20:58.749&#xA;</system-err>
          </testcase>
          <testcase name="[It] VirtualDiskResizing When test is completed deletes test case resources" classname="Tests" status="skipped" time="0">
              <skipped message="skipped - Spec skipped because Skip() was called in BeforeAll"></skipped>
              <system-err>[SKIPPED] Spec skipped because Skip() was called in BeforeAll&#xA;In [It] at: /Users/antont/ansible_deckhouse/virtualization-full/tests/e2e/vm_disk_resizing_test.go:252 @ 10/08/25 22:20:58.749&#xA;</system-err>
          </testcase>
          <testcase name="[It] VirtualMachineEvacuation Evacuation [SIG-Migration]" classname="Tests" status="failed" time="0.134031417">
              <failure message="kubectl create namespace head-45bdb83d-end-to-end-vm-evacuation&#xA;Unexpected error:&#xA;    &lt;*exec.ExitError | 0x140008b2100&gt;: &#xA;    exit status 1&#xA;    {&#xA;        ProcessState: {&#xA;            pid: 54467,&#xA;            status: 256,&#xA;            rusage: {&#xA;                Utime: {&#xA;                    Sec: 0,&#xA;                    Usec: 19953,&#xA;                    Pad_cgo_0: [0, 0, 0, 0],&#xA;                },&#xA;                Stime: {&#xA;                    Sec: 0,&#xA;                    Usec: 7486,&#xA;                    Pad_cgo_0: [0, 0, 0, 0],&#xA;                },&#xA;                Maxrss: 44204032,&#xA;                Ixrss: 0,&#xA;                Idrss: 0,&#xA;                Isrss: 0,&#xA;                Minflt: 3505,&#xA;                Majflt: 3,&#xA;                Nswap: 0,&#xA;                Inblock: 0,&#xA;                Oublock: 0,&#xA;                Msgsnd: 9,&#xA;                Msgrcv: 9,&#xA;                Nsignals: 40,&#xA;                Nvcsw: 22,&#xA;                Nivcsw: 450,&#xA;            },&#xA;        },&#xA;        Stderr: nil,&#xA;    }&#xA;occurred" type="failed">[FAILED] kubectl create namespace head-45bdb83d-end-to-end-vm-evacuation&#xA;Unexpected error:&#xA;    &lt;*exec.ExitError | 0x140008b2100&gt;: &#xA;    exit status 1&#xA;    {&#xA;        ProcessState: {&#xA;            pid: 54467,&#xA;            status: 256,&#xA;            rusage: {&#xA;                Utime: {&#xA;                    Sec: 0,&#xA;                    Usec: 19953,&#xA;                    Pad_cgo_0: [0, 0, 0, 0],&#xA;                },&#xA;                Stime: {&#xA;                    Sec: 0,&#xA;                    Usec: 7486,&#xA;                    Pad_cgo_0: [0, 0, 0, 0],&#xA;                },&#xA;                Maxrss: 44204032,&#xA;                Ixrss: 0,&#xA;                Idrss: 0,&#xA;                Isrss: 0,&#xA;                Minflt: 3505,&#xA;                Majflt: 3,&#xA;                Nswap: 0,&#xA;                Inblock: 0,&#xA;                Oublock: 0,&#xA;                Msgsnd: 9,&#xA;                Msgrcv: 9,&#xA;                Nsignals: 40,&#xA;                Nvcsw: 22,&#xA;                Nivcsw: 450,&#xA;            },&#xA;        },&#xA;        Stderr: nil,&#xA;    }&#xA;occurred&#xA;In [BeforeAll] at: /Users/antont/ansible_deckhouse/virtualization-full/tests/e2e/vm_evacuation_test.go:48 @ 10/08/25 22:20:58.774&#xA;&#xA;There were additional failures detected after the initial failure. These are visible in the timeline&#xA;</failure>
              <system-err>&gt; Enter [BeforeAll] VirtualMachineEvacuation - /Users/antont/ansible_deckhouse/virtualization-full/tests/e2e/vm_evacuation_test.go:42 @ 10/08/25 22:20:58.749&#xA;[FAILED] kubectl create namespace head-45bdb83d-end-to-end-vm-evacuation&#xA;Unexpected error:&#xA;    &lt;*exec.ExitError | 0x140008b2100&gt;: &#xA;    exit status 1&#xA;    {&#xA;        ProcessState: {&#xA;            pid: 54467,&#xA;            status: 256,&#xA;            rusage: {&#xA;                Utime: {&#xA;                    Sec: 0,&#xA;                    Usec: 19953,&#xA;                    Pad_cgo_0: [0, 0, 0, 0],&#xA;                },&#xA;                Stime: {&#xA;                    Sec: 0,&#xA;                    Usec: 7486,&#xA;                    Pad_cgo_0: [0, 0, 0, 0],&#xA;                },&#xA;                Maxrss: 44204032,&#xA;                Ixrss: 0,&#xA;                Idrss: 0,&#xA;                Isrss: 0,&#xA;                Minflt: 3505,&#xA;                Majflt: 3,&#xA;                Nswap: 0,&#xA;                Inblock: 0,&#xA;                Oublock: 0,&#xA;                Msgsnd: 9,&#xA;                Msgrcv: 9,&#xA;                Nsignals: 40,&#xA;                Nvcsw: 22,&#xA;                Nivcsw: 450,&#xA;            },&#xA;        },&#xA;        Stderr: nil,&#xA;    }&#xA;occurred&#xA;In [BeforeAll] at: /Users/antont/ansible_deckhouse/virtualization-full/tests/e2e/vm_evacuation_test.go:48 @ 10/08/25 22:20:58.774&#xA;&lt; Exit [BeforeAll] VirtualMachineEvacuation - /Users/antont/ansible_deckhouse/virtualization-full/tests/e2e/vm_evacuation_test.go:42 @ 10/08/25 22:20:58.774 (25ms)&#xA;&gt; Enter [AfterEach] VirtualMachineEvacuation - /Users/antont/ansible_deckhouse/virtualization-full/tests/e2e/vm_evacuation_test.go:59 @ 10/08/25 22:20:58.774&#xA;Get resources error:&#xA;cmd: kubectl get virtualization,intvirt,po,volumesnapshot -A -o yaml -l &#39;testcase=vm-evacuation&#39;&#xA;error: exit status 1&#xA;stderr: E1008 22:20:58.797513   54468 memcache.go:265] &#34;Unhandled Error&#34; err=&#34;couldn&#39;t get current server API group list: Get \&#34;http://localhost:8080/api?timeout=32s\&#34;: dial tcp [::1]:8080: connect: connection refused&#34;&#xA;E1008 22:20:58.799297   54468 memcache.go:265] &#34;Unhandled Error&#34; err=&#34;couldn&#39;t get current server API group list: Get \&#34;http://localhost:8080/api?timeout=32s\&#34;: dial tcp [::1]:8080: connect: connection refused&#34;&#xA;E1008 22:20:58.801051   54468 memcache.go:265] &#34;Unhandled Error&#34; err=&#34;couldn&#39;t get current server API group list: Get \&#34;http://localhost:8080/api?timeout=32s\&#34;: dial tcp [::1]:8080: connect: connection refused&#34;&#xA;E1008 22:20:58.802735   54468 memcache.go:265] &#34;Unhandled Error&#34; err=&#34;couldn&#39;t get current server API group list: Get \&#34;http://localhost:8080/api?timeout=32s\&#34;: dial tcp [::1]:8080: connect: connection refused&#34;&#xA;E1008 22:20:58.804379   54468 memcache.go:265] &#34;Unhandled Error&#34; err=&#34;couldn&#39;t get current server API group list: Get \&#34;http://localhost:8080/api?timeout=32s\&#34;: dial tcp [::1]:8080: connect: connection refused&#34;&#xA;E1008 22:20:58.806054   54468 memcache.go:265] &#34;Unhandled Error&#34; err=&#34;couldn&#39;t get current server API group list: Get \&#34;http://localhost:8080/api?timeout=32s\&#34;: dial tcp [::1]:8080: connect: connection refused&#34;&#xA;E1008 22:20:58.807695   54468 memcache.go:265] &#34;Unhandled Error&#34; err=&#34;couldn&#39;t get current server API group list: Get \&#34;http://localhost:8080/api?timeout=32s\&#34;: dial tcp [::1]:8080: connect: connection refused&#34;&#xA;E1008 22:20:58.809349   54468 memcache.go:265] &#34;Unhandled Error&#34; err=&#34;couldn&#39;t get current server API group list: Get \&#34;http://localhost:8080/api?timeout=32s\&#34;: dial tcp [::1]:8080: connect: connection refused&#34;&#xA;The connection to the server localhost:8080 was refused - did you specify the right host or port?&#xA;&#xA;&#xA;STEP: Response on deletion request should be successful - /Users/antont/ansible_deckhouse/virtualization-full/tests/e2e/util_test.go:604 @ 10/08/25 22:20:58.811&#xA;END STEP: Response on deletion request should be successful - /Users/antont/ansible_deckhouse/virtualization-full/tests/e2e/util_test.go:604 @ 10/08/25 22:20:58.883 (71ms)&#xA;[FAILED] cannot delete test case resources&#xA;kustomizationDir: /tmp/testdata/vm-evacuation&#xA;cmd: kubectl delete --kustomize /tmp/testdata/vm-evacuation --ignore-not-found&#xA;stderr: E1008 22:20:58.865449   54469 memcache.go:265] &#34;Unhandled Error&#34; err=&#34;couldn&#39;t get current server API group list: Get \&#34;http://localhost:8080/api?timeout=32s\&#34;: dial tcp [::1]:8080: connect: connection refused&#34;&#xA;E1008 22:20:58.867108   54469 memcache.go:265] &#34;Unhandled Error&#34; err=&#34;couldn&#39;t get current server API group list: Get \&#34;http://localhost:8080/api?timeout=32s\&#34;: dial tcp [::1]:8080: connect: connection refused&#34;&#xA;E1008 22:20:58.868690   54469 memcache.go:265] &#34;Unhandled Error&#34; err=&#34;couldn&#39;t get current server API group list: Get \&#34;http://localhost:8080/api?timeout=32s\&#34;: dial tcp [::1]:8080: connect: connection refused&#34;&#xA;E1008 22:20:58.870304   54469 memcache.go:265] &#34;Unhandled Error&#34; err=&#34;couldn&#39;t get current server API group list: Get \&#34;http://localhost:8080/api?timeout=32s\&#34;: dial tcp [::1]:8080: connect: connection refused&#34;&#xA;E1008 22:20:58.871954   54469 memcache.go:265] &#34;Unhandled Error&#34; err=&#34;couldn&#39;t get current server API group list: Get \&#34;http://localhost:8080/api?timeout=32s\&#34;: dial tcp [::1]:8080: connect: connection refused&#34;&#xA;E1008 22:20:58.873443   54469 memcache.go:265] &#34;Unhandled Error&#34; err=&#34;couldn&#39;t get current server API group list: Get \&#34;http://localhost:8080/api?timeout=32s\&#34;: dial tcp [::1]:8080: connect: connection refused&#34;&#xA;E1008 22:20:58.875045   54469 memcache.go:265] &#34;Unhandled Error&#34; err=&#34;couldn&#39;t get current server API group list: Get \&#34;http://localhost:8080/api?timeout=32s\&#34;: dial tcp [::1]:8080: connect: connection refused&#34;&#xA;E1008 22:20:58.876725   54469 memcache.go:265] &#34;Unhandled Error&#34; err=&#34;couldn&#39;t get current server API group list: Get \&#34;http://localhost:8080/api?timeout=32s\&#34;: dial tcp [::1]:8080: connect: connection refused&#34;&#xA;E1008 22:20:58.878407   54469 memcache.go:265] &#34;Unhandled Error&#34; err=&#34;couldn&#39;t get current server API group list: Get \&#34;http://localhost:8080/api?timeout=32s\&#34;: dial tcp [::1]:8080: connect: connection refused&#34;&#xA;E1008 22:20:58.880065   54469 memcache.go:265] &#34;Unhandled Error&#34; err=&#34;couldn&#39;t get current server API group list: Get \&#34;http://localhost:8080/api?timeout=32s\&#34;: dial tcp [::1]:8080: connect: connection refused&#34;&#xA;unable to recognize &#34;/tmp/testdata/vm-evacuation&#34;: Get &#34;http://localhost:8080/api?timeout=32s&#34;: dial tcp [::1]:8080: connect: connection refused&#xA;unable to recognize &#34;/tmp/testdata/vm-evacuation&#34;: Get &#34;http://localhost:8080/api?timeout=32s&#34;: dial tcp [::1]:8080: connect: connection refused&#xA;unable to recognize &#34;/tmp/testdata/vm-evacuation&#34;: Get &#34;http://localhost:8080/api?timeout=32s&#34;: dial tcp [::1]:8080: connect: connection refused&#xA;unable to recognize &#34;/tmp/testdata/vm-evacuation&#34;: Get &#34;http://localhost:8080/api?timeout=32s&#34;: dial tcp [::1]:8080: connect: connection refused&#xA;unable to recognize &#34;/tmp/testdata/vm-evacuation&#34;: Get &#34;http://localhost:8080/api?timeout=32s&#34;: dial tcp [::1]:8080: connect: connection refused&#xA;unable to recognize &#34;/tmp/testdata/vm-evacuation&#34;: Get &#34;http://localhost:8080/api?timeout=32s&#34;: dial tcp [::1]:8080: connect: connection refused&#xA;unable to recognize &#34;/tmp/testdata/vm-evacuation&#34;: Get &#34;http://localhost:8080/api?timeout=32s&#34;: dial tcp [::1]:8080: connect: connection refused&#xA;unable to recognize &#34;/tmp/testdata/vm-evacuation&#34;: Get &#34;http://localhost:8080/api?timeout=32s&#34;: dial tcp [::1]:8080: connect: connection refused&#xA;unable to recognize &#34;/tmp/testdata/vm-evacuation&#34;: Get &#34;http://localhost:8080/api?timeout=32s&#34;: dial tcp [::1]:8080: connect: connection refused&#xA;unable to recognize &#34;/tmp/testdata/vm-evacuation&#34;: Get &#34;http://localhost:8080/api?timeout=32s&#34;: dial tcp [::1]:8080: connect: connection refused&#xA;&#xA;Unexpected error:&#xA;    &lt;*exec.ExitError | 0x14000b00000&gt;: &#xA;    exit status 1&#xA;    {&#xA;        ProcessState: {&#xA;            pid: 54469,&#xA;            status: 256,&#xA;            rusage: {&#xA;                Utime: {&#xA;                    Sec: 0,&#xA;                    Usec: 79783,&#xA;                    Pad_cgo_0: [0, 0, 0, 0],&#xA;                },&#xA;                Stime: {&#xA;                    Sec: 0,&#xA;                    Usec: 14979,&#xA;                    Pad_cgo_0: [0, 0, 0, 0],&#xA;                },&#xA;                Maxrss: 79282176,&#xA;                Ixrss: 0,&#xA;                Idrss: 0,&#xA;                Isrss: 0,&#xA;                Minflt: 5647,&#xA;                Majflt: 4,&#xA;                Nswap: 0,&#xA;                Inblock: 0,&#xA;                Oublock: 0,&#xA;                Msgsnd: 63,&#xA;                Msgrcv: 63,&#xA;                Nsignals: 137,&#xA;                Nvcsw: 136,&#xA;                Nivcsw: 1045,&#xA;            },&#xA;        },&#xA;        Stderr: nil,&#xA;    }&#xA;occurred&#xA;In [AfterEach] at: /Users/antont/ansible_deckhouse/virtualization-full/tests/e2e/util_test.go:617 @ 10/08/25 22:20:58.883&#xA;&lt; Exit [AfterEach] VirtualMachineEvacuation - /Users/antont/ansible_deckhouse/virtualization-full/tests/e2e/vm_evacuation_test.go:59 @ 10/08/25 22:20:58.883 (109ms)&#xA;</system-err>
          </testcase>
          <testcase name="[It] VirtualMachineConnectivity When resources are applied result should be succeeded" classname="Tests" status="failed" time="0.061899917">
              <failure message="kubectl create namespace head-45bdb83d-end-to-end-connectivity&#xA;Unexpected error:&#xA;    &lt;*exec.ExitError | 0x140002b5ea0&gt;: &#xA;    exit status 1&#xA;    {&#xA;        ProcessState: {&#xA;            pid: 54470,&#xA;            status: 256,&#xA;            rusage: {&#xA;                Utime: {&#xA;                    Sec: 0,&#xA;                    Usec: 19611,&#xA;                    Pad_cgo_0: [0, 0, 0, 0],&#xA;                },&#xA;                Stime: {&#xA;                    Sec: 0,&#xA;                    Usec: 7528,&#xA;                    Pad_cgo_0: [0, 0, 0, 0],&#xA;                },&#xA;                Maxrss: 44924928,&#xA;                Ixrss: 0,&#xA;                Idrss: 0,&#xA;                Isrss: 0,&#xA;                Minflt: 3545,&#xA;                Majflt: 3,&#xA;                Nswap: 0,&#xA;                Inblock: 0,&#xA;                Oublock: 0,&#xA;                Msgsnd: 9,&#xA;                Msgrcv: 9,&#xA;                Nsignals: 42,&#xA;                Nvcsw: 52,&#xA;                Nivcsw: 436,&#xA;            },&#xA;        },&#xA;        Stderr: nil,&#xA;    }&#xA;occurred" type="failed">[FAILED] kubectl create namespace head-45bdb83d-end-to-end-connectivity&#xA;Unexpected error:&#xA;    &lt;*exec.ExitError | 0x140002b5ea0&gt;: &#xA;    exit status 1&#xA;    {&#xA;        ProcessState: {&#xA;            pid: 54470,&#xA;            status: 256,&#xA;            rusage: {&#xA;                Utime: {&#xA;                    Sec: 0,&#xA;                    Usec: 19611,&#xA;                    Pad_cgo_0: [0, 0, 0, 0],&#xA;                },&#xA;                Stime: {&#xA;                    Sec: 0,&#xA;                    Usec: 7528,&#xA;                    Pad_cgo_0: [0, 0, 0, 0],&#xA;                },&#xA;                Maxrss: 44924928,&#xA;                Ixrss: 0,&#xA;                Idrss: 0,&#xA;                Isrss: 0,&#xA;                Minflt: 3545,&#xA;                Majflt: 3,&#xA;                Nswap: 0,&#xA;                Inblock: 0,&#xA;                Oublock: 0,&#xA;                Msgsnd: 9,&#xA;                Msgrcv: 9,&#xA;                Nsignals: 42,&#xA;                Nvcsw: 52,&#xA;                Nivcsw: 436,&#xA;            },&#xA;        },&#xA;        Stderr: nil,&#xA;    }&#xA;occurred&#xA;In [BeforeAll] at: /Users/antont/ansible_deckhouse/virtualization-full/tests/e2e/vm_connectivity_test.go:63 @ 10/08/25 22:20:58.908&#xA;</failure>
              <system-err>&gt; Enter [BeforeAll] VirtualMachineConnectivity - /Users/antont/ansible_deckhouse/virtualization-full/tests/e2e/vm_connectivity_test.go:57 @ 10/08/25 22:20:58.883&#xA;[FAILED] kubectl create namespace head-45bdb83d-end-to-end-connectivity&#xA;Unexpected error:&#xA;    &lt;*exec.ExitError | 0x140002b5ea0&gt;: &#xA;    exit status 1&#xA;    {&#xA;        ProcessState: {&#xA;            pid: 54470,&#xA;            status: 256,&#xA;            rusage: {&#xA;                Utime: {&#xA;                    Sec: 0,&#xA;                    Usec: 19611,&#xA;                    Pad_cgo_0: [0, 0, 0, 0],&#xA;                },&#xA;                Stime: {&#xA;                    Sec: 0,&#xA;                    Usec: 7528,&#xA;                    Pad_cgo_0: [0, 0, 0, 0],&#xA;                },&#xA;                Maxrss: 44924928,&#xA;                Ixrss: 0,&#xA;                Idrss: 0,&#xA;                Isrss: 0,&#xA;                Minflt: 3545,&#xA;                Majflt: 3,&#xA;                Nswap: 0,&#xA;                Inblock: 0,&#xA;                Oublock: 0,&#xA;                Msgsnd: 9,&#xA;                Msgrcv: 9,&#xA;                Nsignals: 42,&#xA;                Nvcsw: 52,&#xA;                Nivcsw: 436,&#xA;            },&#xA;        },&#xA;        Stderr: nil,&#xA;    }&#xA;occurred&#xA;In [BeforeAll] at: /Users/antont/ansible_deckhouse/virtualization-full/tests/e2e/vm_connectivity_test.go:63 @ 10/08/25 22:20:58.908&#xA;&lt; Exit [BeforeAll] VirtualMachineConnectivity - /Users/antont/ansible_deckhouse/virtualization-full/tests/e2e/vm_connectivity_test.go:57 @ 10/08/25 22:20:58.908 (25ms)&#xA;&gt; Enter [AfterEach] VirtualMachineConnectivity - /Users/antont/ansible_deckhouse/virtualization-full/tests/e2e/vm_connectivity_test.go:66 @ 10/08/25 22:20:58.908&#xA;Get resources error:&#xA;cmd: kubectl get virtualization,intvirt,po,volumesnapshot -A -o yaml -l &#39;testcase=vm-connectivity&#39;&#xA;error: exit status 1&#xA;stderr: E1008 22:20:58.931151   54471 memcache.go:265] &#34;Unhandled Error&#34; err=&#34;couldn&#39;t get current server API group list: Get \&#34;http://localhost:8080/api?timeout=32s\&#34;: dial tcp [::1]:8080: connect: connection refused&#34;&#xA;E1008 22:20:58.932865   54471 memcache.go:265] &#34;Unhandled Error&#34; err=&#34;couldn&#39;t get current server API group list: Get \&#34;http://localhost:8080/api?timeout=32s\&#34;: dial tcp [::1]:8080: connect: connection refused&#34;&#xA;E1008 22:20:58.934515   54471 memcache.go:265] &#34;Unhandled Error&#34; err=&#34;couldn&#39;t get current server API group list: Get \&#34;http://localhost:8080/api?timeout=32s\&#34;: dial tcp [::1]:8080: connect: connection refused&#34;&#xA;E1008 22:20:58.936145   54471 memcache.go:265] &#34;Unhandled Error&#34; err=&#34;couldn&#39;t get current server API group list: Get \&#34;http://localhost:8080/api?timeout=32s\&#34;: dial tcp [::1]:8080: connect: connection refused&#34;&#xA;E1008 22:20:58.937913   54471 memcache.go:265] &#34;Unhandled Error&#34; err=&#34;couldn&#39;t get current server API group list: Get \&#34;http://localhost:8080/api?timeout=32s\&#34;: dial tcp [::1]:8080: connect: connection refused&#34;&#xA;E1008 22:20:58.939630   54471 memcache.go:265] &#34;Unhandled Error&#34; err=&#34;couldn&#39;t get current server API group list: Get \&#34;http://localhost:8080/api?timeout=32s\&#34;: dial tcp [::1]:8080: connect: connection refused&#34;&#xA;E1008 22:20:58.941316   54471 memcache.go:265] &#34;Unhandled Error&#34; err=&#34;couldn&#39;t get current server API group list: Get \&#34;http://localhost:8080/api?timeout=32s\&#34;: dial tcp [::1]:8080: connect: connection refused&#34;&#xA;E1008 22:20:58.942980   54471 memcache.go:265] &#34;Unhandled Error&#34; err=&#34;couldn&#39;t get current server API group list: Get \&#34;http://localhost:8080/api?timeout=32s\&#34;: dial tcp [::1]:8080: connect: connection refused&#34;&#xA;The connection to the server localhost:8080 was refused - did you specify the right host or port?&#xA;&#xA;&#xA;&lt; Exit [AfterEach] VirtualMachineConnectivity - /Users/antont/ansible_deckhouse/virtualization-full/tests/e2e/vm_connectivity_test.go:66 @ 10/08/25 22:20:58.945 (37ms)&#xA;</system-err>
          </testcase>
          <testcase name="[It] VirtualMachineConnectivity When virtual images are applied checks VIs phases" classname="Tests" status="skipped" time="0">
              <skipped message="skipped - Spec skipped because an earlier spec in an ordered container failed"></skipped>
              <system-err>[SKIPPED] Spec skipped because an earlier spec in an ordered container failed&#xA;In [It] at: /Users/antont/ansible_deckhouse/virtualization-full/tests/e2e/vm_connectivity_test.go:96 @ 10/08/25 22:20:58.945&#xA;</system-err>
          </testcase>
          <testcase name="[It] VirtualMachineConnectivity When virtual disks are applied checks VDs phases" classname="Tests" status="skipped" time="0">
              <skipped message="skipped - Spec skipped because an earlier spec in an ordered container failed"></skipped>
              <system-err>[SKIPPED] Spec skipped because an earlier spec in an ordered container failed&#xA;In [It] at: /Users/antont/ansible_deckhouse/virtualization-full/tests/e2e/vm_connectivity_test.go:107 @ 10/08/25 22:20:58.945&#xA;</system-err>
          </testcase>
          <testcase name="[It] VirtualMachineConnectivity When virtual machines are applied checks VMs phases" classname="Tests" status="skipped" time="0">
              <skipped message="skipped - Spec skipped because an earlier spec in an ordered container failed"></skipped>
              <system-err>[SKIPPED] Spec skipped because an earlier spec in an ordered container failed&#xA;In [It] at: /Users/antont/ansible_deckhouse/virtualization-full/tests/e2e/vm_connectivity_test.go:118 @ 10/08/25 22:20:58.945&#xA;</system-err>
          </testcase>
          <testcase name="[It] VirtualMachineConnectivity When run curl-helper status should be in Running phase" classname="Tests" status="skipped" time="0">
              <skipped message="skipped - Spec skipped because an earlier spec in an ordered container failed"></skipped>
              <system-err>[SKIPPED] Spec skipped because an earlier spec in an ordered container failed&#xA;In [It] at: /Users/antont/ansible_deckhouse/virtualization-full/tests/e2e/vm_connectivity_test.go:129 @ 10/08/25 22:20:58.945&#xA;</system-err>
          </testcase>
          <testcase name="[It] VirtualMachineConnectivity When virtual machine agents are ready gets VMs and SVCs objects" classname="Tests" status="skipped" time="0">
              <skipped message="skipped - Spec skipped because an earlier spec in an ordered container failed"></skipped>
              <system-err>[SKIPPED] Spec skipped because an earlier spec in an ordered container failed&#xA;In [It] at: /Users/antont/ansible_deckhouse/virtualization-full/tests/e2e/vm_connectivity_test.go:142 @ 10/08/25 22:20:58.945&#xA;</system-err>
          </testcase>
          <testcase name="[It] VirtualMachineConnectivity When virtual machine agents are ready check ssh connection via `d8 v` to VMs" classname="Tests" status="skipped" time="0">
              <skipped message="skipped - Spec skipped because an earlier spec in an ordered container failed"></skipped>
              <system-err>[SKIPPED] Spec skipped because an earlier spec in an ordered container failed&#xA;In [It] at: /Users/antont/ansible_deckhouse/virtualization-full/tests/e2e/vm_connectivity_test.go:166 @ 10/08/25 22:20:58.945&#xA;</system-err>
          </testcase>
          <testcase name="[It] VirtualMachineConnectivity When virtual machine agents are ready checks VMs connection to external network" classname="Tests" status="skipped" time="0">
              <skipped message="skipped - Spec skipped because an earlier spec in an ordered container failed"></skipped>
              <system-err>[SKIPPED] Spec skipped because an earlier spec in an ordered container failed&#xA;In [It] at: /Users/antont/ansible_deckhouse/virtualization-full/tests/e2e/vm_connectivity_test.go:174 @ 10/08/25 22:20:58.945&#xA;</system-err>
          </testcase>
          <testcase name="[It] VirtualMachineConnectivity When virtual machine agents are ready check nginx status via `d8 v` on VMs" classname="Tests" status="skipped" time="0">
              <skipped message="skipped - Spec skipped because an earlier spec in an ordered container failed"></skipped>
              <system-err>[SKIPPED] Spec skipped because an earlier spec in an ordered container failed&#xA;In [It] at: /Users/antont/ansible_deckhouse/virtualization-full/tests/e2e/vm_connectivity_test.go:179 @ 10/08/25 22:20:58.945&#xA;</system-err>
          </testcase>
          <testcase name="[It] VirtualMachineConnectivity When virtual machine agents are ready gets page from service head-45bdb83d-vm-connectivity-a" classname="Tests" status="skipped" time="0">
              <skipped message="skipped - Spec skipped because an earlier spec in an ordered container failed"></skipped>
              <system-err>[SKIPPED] Spec skipped because an earlier spec in an ordered container failed&#xA;In [It] at: /Users/antont/ansible_deckhouse/virtualization-full/tests/e2e/vm_connectivity_test.go:187 @ 10/08/25 22:20:58.945&#xA;</system-err>
          </testcase>
          <testcase name="[It] VirtualMachineConnectivity When virtual machine agents are ready gets page from service head-45bdb83d-vm-connectivity-b" classname="Tests" status="skipped" time="0">
              <skipped message="skipped - Spec skipped because an earlier spec in an ordered container failed"></skipped>
              <system-err>[SKIPPED] Spec skipped because an earlier spec in an ordered container failed&#xA;In [It] at: /Users/antont/ansible_deckhouse/virtualization-full/tests/e2e/vm_connectivity_test.go:198 @ 10/08/25 22:20:58.945&#xA;</system-err>
          </testcase>
          <testcase name="[It] VirtualMachineConnectivity When virtual machine agents are ready changes selector in service head-45bdb83d-vm-connectivity-a with selector from service head-45bdb83d-vm-connectivity-b" classname="Tests" status="skipped" time="0">
              <skipped message="skipped - Spec skipped because an earlier spec in an ordered container failed"></skipped>
              <system-err>[SKIPPED] Spec skipped because an earlier spec in an ordered container failed&#xA;In [It] at: /Users/antont/ansible_deckhouse/virtualization-full/tests/e2e/vm_connectivity_test.go:209 @ 10/08/25 22:20:58.945&#xA;</system-err>
          </testcase>
          <testcase name="[It] VirtualMachineConnectivity When virtual machine agents are ready checks selector in service head-45bdb83d-vm-connectivity-a" classname="Tests" status="skipped" time="0">
              <skipped message="skipped - Spec skipped because an earlier spec in an ordered container failed"></skipped>
              <system-err>[SKIPPED] Spec skipped because an earlier spec in an ordered container failed&#xA;In [It] at: /Users/antont/ansible_deckhouse/virtualization-full/tests/e2e/vm_connectivity_test.go:222 @ 10/08/25 22:20:58.945&#xA;</system-err>
          </testcase>
          <testcase name="[It] VirtualMachineConnectivity When virtual machine agents are ready gets page from service head-45bdb83d-vm-connectivity-a" classname="Tests" status="skipped" time="0">
              <skipped message="skipped - Spec skipped because an earlier spec in an ordered container failed"></skipped>
              <system-err>[SKIPPED] Spec skipped because an earlier spec in an ordered container failed&#xA;In [It] at: /Users/antont/ansible_deckhouse/virtualization-full/tests/e2e/vm_connectivity_test.go:228 @ 10/08/25 22:20:58.945&#xA;</system-err>
          </testcase>
          <testcase name="[It] VirtualMachineConnectivity When virtual machine agents are ready changes back selector in service head-45bdb83d-vm-connectivity-a" classname="Tests" status="skipped" time="0">
              <skipped message="skipped - Spec skipped because an earlier spec in an ordered container failed"></skipped>
              <system-err>[SKIPPED] Spec skipped because an earlier spec in an ordered container failed&#xA;In [It] at: /Users/antont/ansible_deckhouse/virtualization-full/tests/e2e/vm_connectivity_test.go:240 @ 10/08/25 22:20:58.945&#xA;</system-err>
          </testcase>
          <testcase name="[It] VirtualMachineConnectivity When virtual machine agents are ready checks selector in service head-45bdb83d-vm-connectivity-a" classname="Tests" status="skipped" time="0">
              <skipped message="skipped - Spec skipped because an earlier spec in an ordered container failed"></skipped>
              <system-err>[SKIPPED] Spec skipped because an earlier spec in an ordered container failed&#xA;In [It] at: /Users/antont/ansible_deckhouse/virtualization-full/tests/e2e/vm_connectivity_test.go:250 @ 10/08/25 22:20:58.945&#xA;</system-err>
          </testcase>
          <testcase name="[It] VirtualMachineConnectivity When test is completed deletes test case resources" classname="Tests" status="skipped" time="0">
              <skipped message="skipped - Spec skipped because an earlier spec in an ordered container failed"></skipped>
              <system-err>[SKIPPED] Spec skipped because an earlier spec in an ordered container failed&#xA;In [It] at: /Users/antont/ansible_deckhouse/virtualization-full/tests/e2e/vm_connectivity_test.go:258 @ 10/08/25 22:20:58.945&#xA;</system-err>
          </testcase>
          <testcase name="[It] VirtualMachineCancelMigration Cancel migrate [SIG-Migration]" classname="Tests" status="skipped" time="0.070038959">
              <skipped message="skipped - This test case is not working everytime. Should be fixed."></skipped>
              <system-err>&gt; Enter [BeforeAll] VirtualMachineCancelMigration - /Users/antont/ansible_deckhouse/virtualization-full/tests/e2e/vm_migration_cancel_test.go:39 @ 10/08/25 22:20:58.945&#xA;[SKIPPED] This test case is not working everytime. Should be fixed.&#xA;In [BeforeAll] at: /Users/antont/ansible_deckhouse/virtualization-full/tests/e2e/vm_migration_cancel_test.go:41 @ 10/08/25 22:20:58.945&#xA;&lt; Exit [BeforeAll] VirtualMachineCancelMigration - /Users/antont/ansible_deckhouse/virtualization-full/tests/e2e/vm_migration_cancel_test.go:39 @ 10/08/25 22:20:58.945 (0s)&#xA;&gt; Enter [AfterEach] VirtualMachineCancelMigration - /Users/antont/ansible_deckhouse/virtualization-full/tests/e2e/vm_migration_cancel_test.go:59 @ 10/08/25 22:20:58.945&#xA;STEP: Response on deletion request should be successful - /Users/antont/ansible_deckhouse/virtualization-full/tests/e2e/util_test.go:604 @ 10/08/25 22:20:58.945&#xA;END STEP: Response on deletion request should be successful - /Users/antont/ansible_deckhouse/virtualization-full/tests/e2e/util_test.go:604 @ 10/08/25 22:20:59.015 (70ms)&#xA;[FAILED] cannot delete test case resources&#xA;kustomizationDir: /tmp/testdata/vm-migration-cancel&#xA;cmd: kubectl delete --kustomize /tmp/testdata/vm-migration-cancel --ignore-not-found&#xA;stderr: E1008 22:20:58.999091   54472 memcache.go:265] &#34;Unhandled Error&#34; err=&#34;couldn&#39;t get current server API group list: Get \&#34;http://localhost:8080/api?timeout=32s\&#34;: dial tcp [::1]:8080: connect: connection refused&#34;&#xA;E1008 22:20:59.000619   54472 memcache.go:265] &#34;Unhandled Error&#34; err=&#34;couldn&#39;t get current server API group list: Get \&#34;http://localhost:8080/api?timeout=32s\&#34;: dial tcp [::1]:8080: connect: connection refused&#34;&#xA;E1008 22:20:59.002052   54472 memcache.go:265] &#34;Unhandled Error&#34; err=&#34;couldn&#39;t get current server API group list: Get \&#34;http://localhost:8080/api?timeout=32s\&#34;: dial tcp [::1]:8080: connect: connection refused&#34;&#xA;E1008 22:20:59.003469   54472 memcache.go:265] &#34;Unhandled Error&#34; err=&#34;couldn&#39;t get current server API group list: Get \&#34;http://localhost:8080/api?timeout=32s\&#34;: dial tcp [::1]:8080: connect: connection refused&#34;&#xA;E1008 22:20:59.005008   54472 memcache.go:265] &#34;Unhandled Error&#34; err=&#34;couldn&#39;t get current server API group list: Get \&#34;http://localhost:8080/api?timeout=32s\&#34;: dial tcp [::1]:8080: connect: connection refused&#34;&#xA;E1008 22:20:59.006614   54472 memcache.go:265] &#34;Unhandled Error&#34; err=&#34;couldn&#39;t get current server API group list: Get \&#34;http://localhost:8080/api?timeout=32s\&#34;: dial tcp [::1]:8080: connect: connection refused&#34;&#xA;E1008 22:20:59.008141   54472 memcache.go:265] &#34;Unhandled Error&#34; err=&#34;couldn&#39;t get current server API group list: Get \&#34;http://localhost:8080/api?timeout=32s\&#34;: dial tcp [::1]:8080: connect: connection refused&#34;&#xA;E1008 22:20:59.009641   54472 memcache.go:265] &#34;Unhandled Error&#34; err=&#34;couldn&#39;t get current server API group list: Get \&#34;http://localhost:8080/api?timeout=32s\&#34;: dial tcp [::1]:8080: connect: connection refused&#34;&#xA;E1008 22:20:59.011249   54472 memcache.go:265] &#34;Unhandled Error&#34; err=&#34;couldn&#39;t get current server API group list: Get \&#34;http://localhost:8080/api?timeout=32s\&#34;: dial tcp [::1]:8080: connect: connection refused&#34;&#xA;E1008 22:20:59.012837   54472 memcache.go:265] &#34;Unhandled Error&#34; err=&#34;couldn&#39;t get current server API group list: Get \&#34;http://localhost:8080/api?timeout=32s\&#34;: dial tcp [::1]:8080: connect: connection refused&#34;&#xA;unable to recognize &#34;/tmp/testdata/vm-migration-cancel&#34;: Get &#34;http://localhost:8080/api?timeout=32s&#34;: dial tcp [::1]:8080: connect: connection refused&#xA;unable to recognize &#34;/tmp/testdata/vm-migration-cancel&#34;: Get &#34;http://localhost:8080/api?timeout=32s&#34;: dial tcp [::1]:8080: connect: connection refused&#xA;unable to recognize &#34;/tmp/testdata/vm-migration-cancel&#34;: Get &#34;http://localhost:8080/api?timeout=32s&#34;: dial tcp [::1]:8080: connect: connection refused&#xA;unable to recognize &#34;/tmp/testdata/vm-migration-cancel&#34;: Get &#34;http://localhost:8080/api?timeout=32s&#34;: dial tcp [::1]:8080: connect: connection refused&#xA;unable to recognize &#34;/tmp/testdata/vm-migration-cancel&#34;: Get &#34;http://localhost:8080/api?timeout=32s&#34;: dial tcp [::1]:8080: connect: connection refused&#xA;unable to recognize &#34;/tmp/testdata/vm-migration-cancel&#34;: Get &#34;http://localhost:8080/api?timeout=32s&#34;: dial tcp [::1]:8080: connect: connection refused&#xA;unable to recognize &#34;/tmp/testdata/vm-migration-cancel&#34;: Get &#34;http://localhost:8080/api?timeout=32s&#34;: dial tcp [::1]:8080: connect: connection refused&#xA;unable to recognize &#34;/tmp/testdata/vm-migration-cancel&#34;: Get &#34;http://localhost:8080/api?timeout=32s&#34;: dial tcp [::1]:8080: connect: connection refused&#xA;unable to recognize &#34;/tmp/testdata/vm-migration-cancel&#34;: Get &#34;http://localhost:8080/api?timeout=32s&#34;: dial tcp [::1]:8080: connect: connection refused&#xA;unable to recognize &#34;/tmp/testdata/vm-migration-cancel&#34;: Get &#34;http://localhost:8080/api?timeout=32s&#34;: dial tcp [::1]:8080: connect: connection refused&#xA;&#xA;Unexpected error:&#xA;    &lt;*exec.ExitError | 0x14000357140&gt;: &#xA;    exit status 1&#xA;    {&#xA;        ProcessState: {&#xA;            pid: 54472,&#xA;            status: 256,&#xA;            rusage: {&#xA;                Utime: {&#xA;                    Sec: 0,&#xA;                    Usec: 78603,&#xA;                    Pad_cgo_0: [0, 0, 0, 0],&#xA;                },&#xA;                Stime: {&#xA;                    Sec: 0,&#xA;                    Usec: 15329,&#xA;                    Pad_cgo_0: [0, 0, 0, 0],&#xA;                },&#xA;                Maxrss: 79265792,&#xA;                Ixrss: 0,&#xA;                Idrss: 0,&#xA;                Isrss: 0,&#xA;                Minflt: 5648,&#xA;                Majflt: 3,&#xA;                Nswap: 0,&#xA;                Inblock: 0,&#xA;                Oublock: 0,&#xA;                Msgsnd: 63,&#xA;                Msgrcv: 63,&#xA;                Nsignals: 135,&#xA;                Nvcsw: 150,&#xA;                Nivcsw: 1087,&#xA;            },&#xA;        },&#xA;        Stderr: nil,&#xA;    }&#xA;occurred&#xA;In [AfterEach] at: /Users/antont/ansible_deckhouse/virtualization-full/tests/e2e/util_test.go:617 @ 10/08/25 22:20:59.015&#xA;&lt; Exit [AfterEach] VirtualMachineCancelMigration - /Users/antont/ansible_deckhouse/virtualization-full/tests/e2e/vm_migration_cancel_test.go:59 @ 10/08/25 22:20:59.015 (70ms)&#xA;</system-err>
          </testcase>
          <testcase name="[It] VirtualMachineAffinityAndToleration When the virtualization resources are applied: result should be succeeded" classname="Tests" status="failed" time="0.06170025">
              <failure message="kubectl create namespace head-45bdb83d-end-to-end-affinity-toleration&#xA;Unexpected error:&#xA;    &lt;*exec.ExitError | 0x1400059fba0&gt;: &#xA;    exit status 1&#xA;    {&#xA;        ProcessState: {&#xA;            pid: 54474,&#xA;            status: 256,&#xA;            rusage: {&#xA;                Utime: {&#xA;                    Sec: 0,&#xA;                    Usec: 20920,&#xA;                    Pad_cgo_0: [0, 0, 0, 0],&#xA;                },&#xA;                Stime: {&#xA;                    Sec: 0,&#xA;                    Usec: 7589,&#xA;                    Pad_cgo_0: [0, 0, 0, 0],&#xA;                },&#xA;                Maxrss: 44531712,&#xA;                Ixrss: 0,&#xA;                Idrss: 0,&#xA;                Isrss: 0,&#xA;                Minflt: 3526,&#xA;                Majflt: 3,&#xA;                Nswap: 0,&#xA;                Inblock: 0,&#xA;                Oublock: 0,&#xA;                Msgsnd: 9,&#xA;                Msgrcv: 9,&#xA;                Nsignals: 47,&#xA;                Nvcsw: 38,&#xA;                Nivcsw: 468,&#xA;            },&#xA;        },&#xA;        Stderr: nil,&#xA;    }&#xA;occurred" type="failed">[FAILED] kubectl create namespace head-45bdb83d-end-to-end-affinity-toleration&#xA;Unexpected error:&#xA;    &lt;*exec.ExitError | 0x1400059fba0&gt;: &#xA;    exit status 1&#xA;    {&#xA;        ProcessState: {&#xA;            pid: 54474,&#xA;            status: 256,&#xA;            rusage: {&#xA;                Utime: {&#xA;                    Sec: 0,&#xA;                    Usec: 20920,&#xA;                    Pad_cgo_0: [0, 0, 0, 0],&#xA;                },&#xA;                Stime: {&#xA;                    Sec: 0,&#xA;                    Usec: 7589,&#xA;                    Pad_cgo_0: [0, 0, 0, 0],&#xA;                },&#xA;                Maxrss: 44531712,&#xA;                Ixrss: 0,&#xA;                Idrss: 0,&#xA;                Isrss: 0,&#xA;                Minflt: 3526,&#xA;                Majflt: 3,&#xA;                Nswap: 0,&#xA;                Inblock: 0,&#xA;                Oublock: 0,&#xA;                Msgsnd: 9,&#xA;                Msgrcv: 9,&#xA;                Nsignals: 47,&#xA;                Nvcsw: 38,&#xA;                Nivcsw: 468,&#xA;            },&#xA;        },&#xA;        Stderr: nil,&#xA;    }&#xA;occurred&#xA;In [BeforeAll] at: /Users/antont/ansible_deckhouse/virtualization-full/tests/e2e/affinity_toleration_test.go:69 @ 10/08/25 22:20:59.04&#xA;</failure>
              <system-err>&gt; Enter [BeforeAll] VirtualMachineAffinityAndToleration - /Users/antont/ansible_deckhouse/virtualization-full/tests/e2e/affinity_toleration_test.go:59 @ 10/08/25 22:20:59.015&#xA;[FAILED] kubectl create namespace head-45bdb83d-end-to-end-affinity-toleration&#xA;Unexpected error:&#xA;    &lt;*exec.ExitError | 0x1400059fba0&gt;: &#xA;    exit status 1&#xA;    {&#xA;        ProcessState: {&#xA;            pid: 54474,&#xA;            status: 256,&#xA;            rusage: {&#xA;                Utime: {&#xA;                    Sec: 0,&#xA;                    Usec: 20920,&#xA;                    Pad_cgo_0: [0, 0, 0, 0],&#xA;                },&#xA;                Stime: {&#xA;                    Sec: 0,&#xA;                    Usec: 7589,&#xA;                    Pad_cgo_0: [0, 0, 0, 0],&#xA;                },&#xA;                Maxrss: 44531712,&#xA;                Ixrss: 0,&#xA;                Idrss: 0,&#xA;                Isrss: 0,&#xA;                Minflt: 3526,&#xA;                Majflt: 3,&#xA;                Nswap: 0,&#xA;                Inblock: 0,&#xA;                Oublock: 0,&#xA;                Msgsnd: 9,&#xA;                Msgrcv: 9,&#xA;                Nsignals: 47,&#xA;                Nvcsw: 38,&#xA;                Nivcsw: 468,&#xA;            },&#xA;        },&#xA;        Stderr: nil,&#xA;    }&#xA;occurred&#xA;In [BeforeAll] at: /Users/antont/ansible_deckhouse/virtualization-full/tests/e2e/affinity_toleration_test.go:69 @ 10/08/25 22:20:59.04&#xA;&lt; Exit [BeforeAll] VirtualMachineAffinityAndToleration - /Users/antont/ansible_deckhouse/virtualization-full/tests/e2e/affinity_toleration_test.go:59 @ 10/08/25 22:20:59.04 (25ms)&#xA;&gt; Enter [AfterEach] VirtualMachineAffinityAndToleration - /Users/antont/ansible_deckhouse/virtualization-full/tests/e2e/affinity_toleration_test.go:72 @ 10/08/25 22:20:59.04&#xA;Get resources error:&#xA;cmd: kubectl get virtualization,intvirt,po,volumesnapshot -A -o yaml -l &#39;testcase=affinity-toleration&#39;&#xA;error: exit status 1&#xA;stderr: E1008 22:20:59.063605   54475 memcache.go:265] &#34;Unhandled Error&#34; err=&#34;couldn&#39;t get current server API group list: Get \&#34;http://localhost:8080/api?timeout=32s\&#34;: dial tcp [::1]:8080: connect: connection refused&#34;&#xA;E1008 22:20:59.065337   54475 memcache.go:265] &#34;Unhandled Error&#34; err=&#34;couldn&#39;t get current server API group list: Get \&#34;http://localhost:8080/api?timeout=32s\&#34;: dial tcp [::1]:8080: connect: connection refused&#34;&#xA;E1008 22:20:59.067003   54475 memcache.go:265] &#34;Unhandled Error&#34; err=&#34;couldn&#39;t get current server API group list: Get \&#34;http://localhost:8080/api?timeout=32s\&#34;: dial tcp [::1]:8080: connect: connection refused&#34;&#xA;E1008 22:20:59.068594   54475 memcache.go:265] &#34;Unhandled Error&#34; err=&#34;couldn&#39;t get current server API group list: Get \&#34;http://localhost:8080/api?timeout=32s\&#34;: dial tcp [::1]:8080: connect: connection refused&#34;&#xA;E1008 22:20:59.070217   54475 memcache.go:265] &#34;Unhandled Error&#34; err=&#34;couldn&#39;t get current server API group list: Get \&#34;http://localhost:8080/api?timeout=32s\&#34;: dial tcp [::1]:8080: connect: connection refused&#34;&#xA;E1008 22:20:59.071766   54475 memcache.go:265] &#34;Unhandled Error&#34; err=&#34;couldn&#39;t get current server API group list: Get \&#34;http://localhost:8080/api?timeout=32s\&#34;: dial tcp [::1]:8080: connect: connection refused&#34;&#xA;E1008 22:20:59.073537   54475 memcache.go:265] &#34;Unhandled Error&#34; err=&#34;couldn&#39;t get current server API group list: Get \&#34;http://localhost:8080/api?timeout=32s\&#34;: dial tcp [::1]:8080: connect: connection refused&#34;&#xA;E1008 22:20:59.075191   54475 memcache.go:265] &#34;Unhandled Error&#34; err=&#34;couldn&#39;t get current server API group list: Get \&#34;http://localhost:8080/api?timeout=32s\&#34;: dial tcp [::1]:8080: connect: connection refused&#34;&#xA;The connection to the server localhost:8080 was refused - did you specify the right host or port?&#xA;&#xA;&#xA;&lt; Exit [AfterEach] VirtualMachineAffinityAndToleration - /Users/antont/ansible_deckhouse/virtualization-full/tests/e2e/affinity_toleration_test.go:72 @ 10/08/25 22:20:59.077 (37ms)&#xA;</system-err>
          </testcase>
          <testcase name="[It] VirtualMachineAffinityAndToleration When the virtualization resources are applied: checks the resources phase" classname="Tests" status="skipped" time="0">
              <skipped message="skipped - Spec skipped because an earlier spec in an ordered container failed"></skipped>
              <system-err>[SKIPPED] Spec skipped because an earlier spec in an ordered container failed&#xA;In [It] at: /Users/antont/ansible_deckhouse/virtualization-full/tests/e2e/affinity_toleration_test.go:87 @ 10/08/25 22:20:59.077&#xA;</system-err>
          </testcase>
          <testcase name="[It] VirtualMachineAffinityAndToleration When the virtual machines agents are ready checks the `status.nodeName` field of the `VirtualMachines`" classname="Tests" status="skipped" time="0">
              <skipped message="skipped - Spec skipped because an earlier spec in an ordered container failed"></skipped>
              <system-err>[SKIPPED] Spec skipped because an earlier spec in an ordered container failed&#xA;In [It] at: /Users/antont/ansible_deckhouse/virtualization-full/tests/e2e/affinity_toleration_test.go:120 @ 10/08/25 22:20:59.077&#xA;</system-err>
          </testcase>
          <testcase name="[It] VirtualMachineAffinityAndToleration When the virtual machine `node-selector` agent is ready sets the `spec.nodeSelector` field" classname="Tests" status="skipped" time="0">
              <skipped message="skipped - Spec skipped because an earlier spec in an ordered container failed"></skipped>
              <system-err>[SKIPPED] Spec skipped because an earlier spec in an ordered container failed&#xA;In [It] at: /Users/antont/ansible_deckhouse/virtualization-full/tests/e2e/affinity_toleration_test.go:283 @ 10/08/25 22:20:59.077&#xA;</system-err>
          </testcase>
          <testcase name="[It] VirtualMachineAffinityAndToleration When the virtual machine `node-affinity` agent is ready sets the `spec.affinity.nodeAffinity` field" classname="Tests" status="skipped" time="0">
              <skipped message="skipped - Spec skipped because an earlier spec in an ordered container failed"></skipped>
              <system-err>[SKIPPED] Spec skipped because an earlier spec in an ordered container failed&#xA;In [It] at: /Users/antont/ansible_deckhouse/virtualization-full/tests/e2e/affinity_toleration_test.go:372 @ 10/08/25 22:20:59.077&#xA;</system-err>
          </testcase>
          <testcase name="[It] VirtualMachineAffinityAndToleration When test is completed deletes test case resources" classname="Tests" status="skipped" time="0">
              <skipped message="skipped - Spec skipped because an earlier spec in an ordered container failed"></skipped>
              <system-err>[SKIPPED] Spec skipped because an earlier spec in an ordered container failed&#xA;In [It] at: /Users/antont/ansible_deckhouse/virtualization-full/tests/e2e/affinity_toleration_test.go:467 @ 10/08/25 22:20:59.077&#xA;</system-err>
          </testcase>
          <testcase name="[SynchronizedAfterSuite]" classname="Tests" status="failed" time="0.254841208">
              <failure message="Expected success, but got an error:&#xA;    &lt;*errors.joinError | 0x14000afeed0&gt;: &#xA;    the container &#34;virtualization-controller&#34; was not found: virtualization-controller-5c7ffcff8c-9qksd&#xA;    the container &#34;virtualization-controller&#34; was restarted: virtualization-controller-c9bc9b75c-9tclq&#xA;    the container &#34;virtualization-controller&#34; was restarted: virtualization-controller-c9bc9b75c-hr9xw&#xA;    {&#xA;        errs: [&#xA;            &lt;*errors.joinError | 0x14000afeeb8&gt;{&#xA;                errs: [&#xA;                    &lt;*errors.joinError | 0x14000afeea0&gt;{&#xA;                        errs: [&#xA;                            &lt;*errors.errorString | 0x140002c2220&gt;{&#xA;                                s: &#34;the container \&#34;virtualization-controller\&#34; was not found: virtualization-controller-5c7ffcff8c-9qksd&#34;,&#xA;                            },&#xA;                        ],&#xA;                    },&#xA;                    &lt;*errors.errorString | 0x140002c2260&gt;{&#xA;                        s: &#34;the container \&#34;virtualization-controller\&#34; was restarted: virtualization-controller-c9bc9b75c-9tclq&#34;,&#xA;                    },&#xA;                ],&#xA;            },&#xA;            &lt;*errors.errorString | 0x140002c2300&gt;{&#xA;                s: &#34;the container \&#34;virtualization-controller\&#34; was restarted: virtualization-controller-c9bc9b75c-hr9xw&#34;,&#xA;            },&#xA;        ],&#xA;    }" type="failed">[FAILED] Expected success, but got an error:&#xA;    &lt;*errors.joinError | 0x14000afeed0&gt;: &#xA;    the container &#34;virtualization-controller&#34; was not found: virtualization-controller-5c7ffcff8c-9qksd&#xA;    the container &#34;virtualization-controller&#34; was restarted: virtualization-controller-c9bc9b75c-9tclq&#xA;    the container &#34;virtualization-controller&#34; was restarted: virtualization-controller-c9bc9b75c-hr9xw&#xA;    {&#xA;        errs: [&#xA;            &lt;*errors.joinError | 0x14000afeeb8&gt;{&#xA;                errs: [&#xA;                    &lt;*errors.joinError | 0x14000afeea0&gt;{&#xA;                        errs: [&#xA;                            &lt;*errors.errorString | 0x140002c2220&gt;{&#xA;                                s: &#34;the container \&#34;virtualization-controller\&#34; was not found: virtualization-controller-5c7ffcff8c-9qksd&#34;,&#xA;                            },&#xA;                        ],&#xA;                    },&#xA;                    &lt;*errors.errorString | 0x140002c2260&gt;{&#xA;                        s: &#34;the container \&#34;virtualization-controller\&#34; was restarted: virtualization-controller-c9bc9b75c-9tclq&#34;,&#xA;                    },&#xA;                ],&#xA;            },&#xA;            &lt;*errors.errorString | 0x140002c2300&gt;{&#xA;                s: &#34;the container \&#34;virtualization-controller\&#34; was restarted: virtualization-controller-c9bc9b75c-hr9xw&#34;,&#xA;            },&#xA;        ],&#xA;    }&#xA;In [SynchronizedAfterSuite] at: /Users/antont/ansible_deckhouse/virtualization-full/tests/e2e/e2e_test.go:183 @ 10/08/25 22:20:59.332&#xA;</failure>
              <system-err>&gt; Enter [SynchronizedAfterSuite] TOP-LEVEL - /Users/antont/ansible_deckhouse/virtualization-full/tests/e2e/e2e_test.go:182 @ 10/08/25 22:20:59.077&#xA;&lt; Exit [SynchronizedAfterSuite] TOP-LEVEL - /Users/antont/ansible_deckhouse/virtualization-full/tests/e2e/e2e_test.go:182 @ 10/08/25 22:20:59.077 (0s)&#xA;&gt; Enter [SynchronizedAfterSuite] TOP-LEVEL - /Users/antont/ansible_deckhouse/virtualization-full/tests/e2e/e2e_test.go:182 @ 10/08/25 22:20:59.077&#xA;[FAILED] Expected success, but got an error:&#xA;    &lt;*errors.joinError | 0x14000afeed0&gt;: &#xA;    the container &#34;virtualization-controller&#34; was not found: virtualization-controller-5c7ffcff8c-9qksd&#xA;    the container &#34;virtualization-controller&#34; was restarted: virtualization-controller-c9bc9b75c-9tclq&#xA;    the container &#34;virtualization-controller&#34; was restarted: virtualization-controller-c9bc9b75c-hr9xw&#xA;    {&#xA;        errs: [&#xA;            &lt;*errors.joinError | 0x14000afeeb8&gt;{&#xA;                errs: [&#xA;                    &lt;*errors.joinError | 0x14000afeea0&gt;{&#xA;                        errs: [&#xA;                            &lt;*errors.errorString | 0x140002c2220&gt;{&#xA;                                s: &#34;the container \&#34;virtualization-controller\&#34; was not found: virtualization-controller-5c7ffcff8c-9qksd&#34;,&#xA;                            },&#xA;                        ],&#xA;                    },&#xA;                    &lt;*errors.errorString | 0x140002c2260&gt;{&#xA;                        s: &#34;the container \&#34;virtualization-controller\&#34; was restarted: virtualization-controller-c9bc9b75c-9tclq&#34;,&#xA;                    },&#xA;                ],&#xA;            },&#xA;            &lt;*errors.errorString | 0x140002c2300&gt;{&#xA;                s: &#34;the container \&#34;virtualization-controller\&#34; was restarted: virtualization-controller-c9bc9b75c-hr9xw&#34;,&#xA;            },&#xA;        ],&#xA;    }&#xA;In [SynchronizedAfterSuite] at: /Users/antont/ansible_deckhouse/virtualization-full/tests/e2e/e2e_test.go:183 @ 10/08/25 22:20:59.332&#xA;&lt; Exit [SynchronizedAfterSuite] TOP-LEVEL - /Users/antont/ansible_deckhouse/virtualization-full/tests/e2e/e2e_test.go:182 @ 10/08/25 22:20:59.332 (255ms)&#xA;</system-err>
          </testcase>
          <testcase name="[DeferCleanup (Suite)]" classname="Tests" status="failed" time="2.426367875">
              <failure message="Expected success, but got an error:&#xA;    &lt;*errors.joinError | 0x14000aff1a0&gt;: &#xA;    cmd: kubectl delete clustervirtualimages.virtualization.deckhouse.io -l &#39;id=head-45bdb83d&#39; --ignore-not-found&#xA;    stderr: E1008 22:20:59.492932   54476 memcache.go:265] &#34;Unhandled Error&#34; err=&#34;couldn&#39;t get current server API group list: Get \&#34;http://localhost:8080/api?timeout=32s\&#34;: dial tcp [::1]:8080: connect: connection refused&#34;&#xA;    E1008 22:20:59.494771   54476 memcache.go:265] &#34;Unhandled Error&#34; err=&#34;couldn&#39;t get current server API group list: Get \&#34;http://localhost:8080/api?timeout=32s\&#34;: dial tcp [::1]:8080: connect: connection refused&#34;&#xA;    E1008 22:20:59.496475   54476 memcache.go:265] &#34;Unhandled Error&#34; err=&#34;couldn&#39;t get current server API group list: Get \&#34;http://localhost:8080/api?timeout=32s\&#34;: dial tcp [::1]:8080: connect: connection refused&#34;&#xA;    E1008 22:20:59.498259   54476 memcache.go:265] &#34;Unhandled Error&#34; err=&#34;couldn&#39;t get current server API group list: Get \&#34;http://localhost:8080/api?timeout=32s\&#34;: dial tcp [::1]:8080: connect: connection refused&#34;&#xA;    E1008 22:20:59.499992   54476 memcache.go:265] &#34;Unhandled Error&#34; err=&#34;couldn&#39;t get current server API group list: Get \&#34;http://localhost:8080/api?timeout=32s\&#34;: dial tcp [::1]:8080: connect: connection refused&#34;&#xA;    E1008 22:20:59.501686   54476 memcache.go:265] &#34;Unhandled Error&#34; err=&#34;couldn&#39;t get current server API group list: Get \&#34;http://localhost:8080/api?timeout=32s\&#34;: dial tcp [::1]:8080: connect: connection refused&#34;&#xA;    E1008 22:20:59.503351   54476 memcache.go:265] &#34;Unhandled Error&#34; err=&#34;couldn&#39;t get current server API group list: Get \&#34;http://localhost:8080/api?timeout=32s\&#34;: dial tcp [::1]:8080: connect: connection refused&#34;&#xA;    The connection to the server localhost:8080 was refused - did you specify the right host or port?&#xA;    &#xA;    cmd: kubectl delete virtualmachineclasses.virtualization.deckhouse.io -l &#39;id=head-45bdb83d&#39; --ignore-not-found&#xA;    stderr: E1008 22:20:59.535013   54477 memcache.go:265] &#34;Unhandled Error&#34; err=&#34;couldn&#39;t get current server API group list: Get \&#34;http://localhost:8080/api?timeout=32s\&#34;: dial tcp [::1]:8080: connect: connection refused&#34;&#xA;    E1008 22:20:59.536766   54477 memcache.go:265] &#34;Unhandled Error&#34; err=&#34;couldn&#39;t get current server API group list: Get \&#34;http://localhost:8080/api?timeout=32s\&#34;: dial tcp [::1]:8080: connect: connection refused&#34;&#xA;    E1008 22:20:59.538452   54477 memcache.go:265] &#34;Unhandled Error&#34; err=&#34;couldn&#39;t get current server API group list: Get \&#34;http://localhost:8080/api?timeout=32s\&#34;: dial tcp [::1]:8080: connect: connection refused&#34;&#xA;    E1008 22:20:59.540150   54477 memcache.go:265] &#34;Unhandled Error&#34; err=&#34;couldn&#39;t get current server API group list: Get \&#34;http://localhost:8080/api?timeout=32s\&#34;: dial tcp [::1]:8080: connect: connection refused&#34;&#xA;    E1008 22:20:59.541823   54477 memcache.go:265] &#34;Unhandled Error&#34; err=&#34;couldn&#39;t get current server API group list: Get \&#34;http://localhost:8080/api?timeout=32s\&#34;: dial tcp [::1]:8080: connect: connection refused&#34;&#xA;    E1008 22:20:59.543394   54477 memcache.go:265] &#34;Unhandled Error&#34; err=&#34;couldn&#39;t get current server API group list: Get \&#34;http://localhost:8080/api?timeout=32s\&#34;: dial tcp [::1]:8080: connect: connection refused&#34;&#xA;    E1008 22:20:59.545068   54477 memcache.go:265] &#34;Unhandled Error&#34; err=&#34;couldn&#39;t get current server API group list: Get \&#34;http://localhost:8080/api?timeout=32s\&#34;: dial tcp [::1]:8080: connect: connection refused&#34;&#xA;    The connection to the server localhost:8080 was refused - did you specify the right host or port?&#xA;    &#xA;    cmd: kubectl delete virtualmachineipaddressleases.virtualization.deckhouse.io -l &#39;id=head-45bdb83d&#39; --ignore-not-found&#xA;    stderr: E1008 22:20:59.573029   54478 memcache.go:265] &#34;Unhandled Error&#34; err=&#34;couldn&#39;t get current server API group list: Get \&#34;http://localhost:8080/api?timeout=32s\&#34;: dial tcp [::1]:8080: connect: connection refused&#34;&#xA;    E1008 22:20:59.574597   54478 memcache.go:265] &#34;Unhandled Error&#34; err=&#34;couldn&#39;t get current server API group list: Get \&#34;http://localhost:8080/api?timeout=32s\&#34;: dial tcp [::1]:8080: connect: connection refused&#34;&#xA;    E1008 22:20:59.576137   54478 memcache.go:265] &#34;Unhandled Error&#34; err=&#34;couldn&#39;t get current server API group list: Get \&#34;http://localhost:8080/api?timeout=32s\&#34;: dial tcp [::1]:8080: connect: connection refused&#34;&#xA;    E1008 22:20:59.577680   54478 memcache.go:265] &#34;Unhandled Error&#34; err=&#34;couldn&#39;t get current server API group list: Get \&#34;http://localhost:8080/api?timeout=32s\&#34;: dial tcp [::1]:8080: connect: connection refused&#34;&#xA;    E1008 22:20:59.579240   54478 memcache.go:265] &#34;Unhandled Error&#34; err=&#34;couldn&#39;t get current server API group list: Get \&#34;http://localhost:8080/api?timeout=32s\&#34;: dial tcp [::1]:8080: connect: connection refused&#34;&#xA;    E1008 22:20:59.580782   54478 memcache.go:265] &#34;Unhandled Error&#34; err=&#34;couldn&#39;t get current server API group list: Get \&#34;http://localhost:8080/api?timeout=32s\&#34;: dial tcp [::1]:8080: connect: connection refused&#34;&#xA;    E1008 22:20:59.582313   54478 memcache.go:265] &#34;Unhandled Error&#34; err=&#34;couldn&#39;t get current server API group list: Get \&#34;http://localhost:8080/api?timeout=32s\&#34;: dial tcp [::1]:8080: connect: connection refused&#34;&#xA;    The connection to the server localhost:8080 was refused - did you specify the right host or port?&#xA;    &#xA;    {&#xA;        errs: [&#xA;            &lt;*errors.joinError | 0x14000aff0c8&gt;{&#xA;                errs: [&#xA;                    &lt;*errors.joinError | 0x140004262b8&gt;{&#xA;                        errs: [&#xA;                            &lt;*errors.errorString | 0x140003eeff0&gt;{&#xA;                                s: &#34;cmd: kubectl delete clustervirtualimages.virtualization.deckhouse.io -l &#39;id=head-45bdb83d&#39; --ignore-not-found\nstderr: E1008 22:20:59.492932   54476 memcache.go:265] \&#34;Unhandled Error\&#34; err=\&#34;couldn&#39;t get current server API group list: Get \\\&#34;http://localhost:8080/api?timeout=32s\\\&#34;: dial tcp [::1]:8080: connect: connection refused\&#34;\nE1008 22:20:59.494771   54476 memcache.go:265] \&#34;Unhandled Error\&#34; err=\&#34;couldn&#39;t get current server API group list: Get \\\&#34;http://localhost:8080/api?timeout=32s\\\&#34;: dial tcp [::1]:8080: connect: connection refused\&#34;\nE1008 22:20:59.496475   54476 memcache.go:265] \&#34;Unhandled Error\&#34; err=\&#34;couldn&#39;t get current server API group list: Get \\\&#34;http://localhost:8080/api?timeout=32s\\\&#34;: dial tcp [::1]:8080: connect: connection refused\&#34;\nE1008 22:20:59.498259   54476 memcache.go:265] \&#34;Unhandled Error\&#34; err=\&#34;couldn&#39;t get current server API group list: Get \\\&#34;http://localhost:8080/api?timeout=32s\\\&#34;: dial tcp [::1]:8080: connect: connection refused\&#34;\nE1008 22:20:59.499992   54476 memcache.go:265] \&#34;Unhandled Error\&#34; err=\&#34;couldn&#39;t get current server API group list: Get \\\&#34;http://localhost:8080/api?timeout=32s\\\&#34;: dial tcp [::1]:8080: connect: connection refused\&#34;\nE1008 22:20:59.501686   54476 memcache.go:265] \&#34;Unhandled Error\&#34; err=\&#34;couldn&#39;t get current server API group list: Get \\\&#34;http://localhost:8080/api?timeout=32s\\\&#34;: dial tcp [::1]:8080: connect: connection refused\&#34;\nE1008 22:20:59.503351   54476 memcache.go:265] \&#34;Unhandled Error\&#34; err=\&#34;couldn&#39;t get current server API group list: Get \\\&#34;http://localhost:8080/api?timeout=32s\\\&#34;: dial tcp [::1]:8080: connect: connection refused\&#34;\nThe connection to the server localhost:8080 was refused - did you specify the right host or port?\n&#34;,&#xA;                            },&#xA;                        ],&#xA;                    },&#xA;                    &lt;*errors.errorString | 0x140002c38d0&gt;{&#xA;                        s: &#34;cmd: kubectl delete virtualmachineclasses.virtualization.deckhouse.io -l &#39;id=head-45bdb83d&#39; --ignore-not-found\nstderr: E1008 22:20:59.535013   54477 memcache.go:265] \&#34;Unhandled Error\&#34; err=\&#34;couldn&#39;t get current server API group list: Get \\\&#34;http://localhost:8080/api?timeout=32s\\\&#34;: dial tcp [::1]:8080: connect: connection refused\&#34;\nE1008 22:20:59.536766   54477 memcache.go:265] \&#34;Unhandled Error\&#34; err=\&#34;couldn&#39;t get current server API group list: Get \\\&#34;http://localhost:8080/api?timeout=32s\\\&#34;: dial tcp [::1]:8080: connect: connection refused\&#34;\nE1008 22:20:59.538452   54477 memcache.go:265] \&#34;Unhandled Error\&#34; err=\&#34;couldn&#39;t get current server API group list: Get \\\&#34;http://localhost:8080/api?timeout=32s\\\&#34;: dial tcp [::1]:8080: connect: connection refused\&#34;\nE1008 22:20:59.540150   54477 memcache.go:265] \&#34;Unhandled Error\&#34; err=\&#34;couldn&#39;t get current server API group list: Get \\\&#34;http://localhost:8080/api?timeout=32s\\\&#34;: dial tcp [::1]:8080: connect: connection refused\&#34;\nE1008 22:20:59.541823   54477 memcache.go:265] \&#34;Unhandled Error\&#34; err=\&#34;couldn&#39;t get current server API group list: Get \\\&#34;http://localhost:8080/api?timeout=32s\\\&#34;: dial tcp [::1]:8080: connect: connection refused\&#34;\nE1008 22:20:59.543394   54477 memcache.go:265] \&#34;Unhandled Error\&#34; err=\&#34;couldn&#39;t get current server API group list: Get \\\&#34;http://localhost:8080/api?timeout=32s\\\&#34;: dial tcp [::1]:8080: connect: connection refused\&#34;\nE1008 22:20:59.545068   54477 memcache.go:265] \&#34;Unhandled Error\&#34; err=\&#34;couldn&#39;t get current server API group list: Get \\\&#34;http://localhost:8080/api?timeout=32s\\\&#34;: dial tcp [::1]:8080: connect: connection refused\&#34;\nThe connection to the server localhost:8080 was refused - did you specify the right host or port?\n&#34;,&#xA;                    },&#xA;   ...&#xA;&#xA;Gomega truncated this representation as it exceeds &#39;format.MaxLength&#39;.&#xA;Consider having the object provide a custom &#39;GomegaStringer&#39; representation&#xA;or adjust the parameters in Gomega&#39;s &#39;format&#39; package.&#xA;&#xA;Learn more here: https://onsi.github.io/gomega/#adjusting-output&#xA;" type="failed">[FAILED] Expected success, but got an error:&#xA;    &lt;*errors.joinError | 0x14000aff1a0&gt;: &#xA;    cmd: kubectl delete clustervirtualimages.virtualization.deckhouse.io -l &#39;id=head-45bdb83d&#39; --ignore-not-found&#xA;    stderr: E1008 22:20:59.492932   54476 memcache.go:265] &#34;Unhandled Error&#34; err=&#34;couldn&#39;t get current server API group list: Get \&#34;http://localhost:8080/api?timeout=32s\&#34;: dial tcp [::1]:8080: connect: connection refused&#34;&#xA;    E1008 22:20:59.494771   54476 memcache.go:265] &#34;Unhandled Error&#34; err=&#34;couldn&#39;t get current server API group list: Get \&#34;http://localhost:8080/api?timeout=32s\&#34;: dial tcp [::1]:8080: connect: connection refused&#34;&#xA;    E1008 22:20:59.496475   54476 memcache.go:265] &#34;Unhandled Error&#34; err=&#34;couldn&#39;t get current server API group list: Get \&#34;http://localhost:8080/api?timeout=32s\&#34;: dial tcp [::1]:8080: connect: connection refused&#34;&#xA;    E1008 22:20:59.498259   54476 memcache.go:265] &#34;Unhandled Error&#34; err=&#34;couldn&#39;t get current server API group list: Get \&#34;http://localhost:8080/api?timeout=32s\&#34;: dial tcp [::1]:8080: connect: connection refused&#34;&#xA;    E1008 22:20:59.499992   54476 memcache.go:265] &#34;Unhandled Error&#34; err=&#34;couldn&#39;t get current server API group list: Get \&#34;http://localhost:8080/api?timeout=32s\&#34;: dial tcp [::1]:8080: connect: connection refused&#34;&#xA;    E1008 22:20:59.501686   54476 memcache.go:265] &#34;Unhandled Error&#34; err=&#34;couldn&#39;t get current server API group list: Get \&#34;http://localhost:8080/api?timeout=32s\&#34;: dial tcp [::1]:8080: connect: connection refused&#34;&#xA;    E1008 22:20:59.503351   54476 memcache.go:265] &#34;Unhandled Error&#34; err=&#34;couldn&#39;t get current server API group list: Get \&#34;http://localhost:8080/api?timeout=32s\&#34;: dial tcp [::1]:8080: connect: connection refused&#34;&#xA;    The connection to the server localhost:8080 was refused - did you specify the right host or port?&#xA;    &#xA;    cmd: kubectl delete virtualmachineclasses.virtualization.deckhouse.io -l &#39;id=head-45bdb83d&#39; --ignore-not-found&#xA;    stderr: E1008 22:20:59.535013   54477 memcache.go:265] &#34;Unhandled Error&#34; err=&#34;couldn&#39;t get current server API group list: Get \&#34;http://localhost:8080/api?timeout=32s\&#34;: dial tcp [::1]:8080: connect: connection refused&#34;&#xA;    E1008 22:20:59.536766   54477 memcache.go:265] &#34;Unhandled Error&#34; err=&#34;couldn&#39;t get current server API group list: Get \&#34;http://localhost:8080/api?timeout=32s\&#34;: dial tcp [::1]:8080: connect: connection refused&#34;&#xA;    E1008 22:20:59.538452   54477 memcache.go:265] &#34;Unhandled Error&#34; err=&#34;couldn&#39;t get current server API group list: Get \&#34;http://localhost:8080/api?timeout=32s\&#34;: dial tcp [::1]:8080: connect: connection refused&#34;&#xA;    E1008 22:20:59.540150   54477 memcache.go:265] &#34;Unhandled Error&#34; err=&#34;couldn&#39;t get current server API group list: Get \&#34;http://localhost:8080/api?timeout=32s\&#34;: dial tcp [::1]:8080: connect: connection refused&#34;&#xA;    E1008 22:20:59.541823   54477 memcache.go:265] &#34;Unhandled Error&#34; err=&#34;couldn&#39;t get current server API group list: Get \&#34;http://localhost:8080/api?timeout=32s\&#34;: dial tcp [::1]:8080: connect: connection refused&#34;&#xA;    E1008 22:20:59.543394   54477 memcache.go:265] &#34;Unhandled Error&#34; err=&#34;couldn&#39;t get current server API group list: Get \&#34;http://localhost:8080/api?timeout=32s\&#34;: dial tcp [::1]:8080: connect: connection refused&#34;&#xA;    E1008 22:20:59.545068   54477 memcache.go:265] &#34;Unhandled Error&#34; err=&#34;couldn&#39;t get current server API group list: Get \&#34;http://localhost:8080/api?timeout=32s\&#34;: dial tcp [::1]:8080: connect: connection refused&#34;&#xA;    The connection to the server localhost:8080 was refused - did you specify the right host or port?&#xA;    &#xA;    cmd: kubectl delete virtualmachineipaddressleases.virtualization.deckhouse.io -l &#39;id=head-45bdb83d&#39; --ignore-not-found&#xA;    stderr: E1008 22:20:59.573029   54478 memcache.go:265] &#34;Unhandled Error&#34; err=&#34;couldn&#39;t get current server API group list: Get \&#34;http://localhost:8080/api?timeout=32s\&#34;: dial tcp [::1]:8080: connect: connection refused&#34;&#xA;    E1008 22:20:59.574597   54478 memcache.go:265] &#34;Unhandled Error&#34; err=&#34;couldn&#39;t get current server API group list: Get \&#34;http://localhost:8080/api?timeout=32s\&#34;: dial tcp [::1]:8080: connect: connection refused&#34;&#xA;    E1008 22:20:59.576137   54478 memcache.go:265] &#34;Unhandled Error&#34; err=&#34;couldn&#39;t get current server API group list: Get \&#34;http://localhost:8080/api?timeout=32s\&#34;: dial tcp [::1]:8080: connect: connection refused&#34;&#xA;    E1008 22:20:59.577680   54478 memcache.go:265] &#34;Unhandled Error&#34; err=&#34;couldn&#39;t get current server API group list: Get \&#34;http://localhost:8080/api?timeout=32s\&#34;: dial tcp [::1]:8080: connect: connection refused&#34;&#xA;    E1008 22:20:59.579240   54478 memcache.go:265] &#34;Unhandled Error&#34; err=&#34;couldn&#39;t get current server API group list: Get \&#34;http://localhost:8080/api?timeout=32s\&#34;: dial tcp [::1]:8080: connect: connection refused&#34;&#xA;    E1008 22:20:59.580782   54478 memcache.go:265] &#34;Unhandled Error&#34; err=&#34;couldn&#39;t get current server API group list: Get \&#34;http://localhost:8080/api?timeout=32s\&#34;: dial tcp [::1]:8080: connect: connection refused&#34;&#xA;    E1008 22:20:59.582313   54478 memcache.go:265] &#34;Unhandled Error&#34; err=&#34;couldn&#39;t get current server API group list: Get \&#34;http://localhost:8080/api?timeout=32s\&#34;: dial tcp [::1]:8080: connect: connection refused&#34;&#xA;    The connection to the server localhost:8080 was refused - did you specify the right host or port?&#xA;    &#xA;    {&#xA;        errs: [&#xA;            &lt;*errors.joinError | 0x14000aff0c8&gt;{&#xA;                errs: [&#xA;                    &lt;*errors.joinError | 0x140004262b8&gt;{&#xA;                        errs: [&#xA;                            &lt;*errors.errorString | 0x140003eeff0&gt;{&#xA;                                s: &#34;cmd: kubectl delete clustervirtualimages.virtualization.deckhouse.io -l &#39;id=head-45bdb83d&#39; --ignore-not-found\nstderr: E1008 22:20:59.492932   54476 memcache.go:265] \&#34;Unhandled Error\&#34; err=\&#34;couldn&#39;t get current server API group list: Get \\\&#34;http://localhost:8080/api?timeout=32s\\\&#34;: dial tcp [::1]:8080: connect: connection refused\&#34;\nE1008 22:20:59.494771   54476 memcache.go:265] \&#34;Unhandled Error\&#34; err=\&#34;couldn&#39;t get current server API group list: Get \\\&#34;http://localhost:8080/api?timeout=32s\\\&#34;: dial tcp [::1]:8080: connect: connection refused\&#34;\nE1008 22:20:59.496475   54476 memcache.go:265] \&#34;Unhandled Error\&#34; err=\&#34;couldn&#39;t get current server API group list: Get \\\&#34;http://localhost:8080/api?timeout=32s\\\&#34;: dial tcp [::1]:8080: connect: connection refused\&#34;\nE1008 22:20:59.498259   54476 memcache.go:265] \&#34;Unhandled Error\&#34; err=\&#34;couldn&#39;t get current server API group list: Get \\\&#34;http://localhost:8080/api?timeout=32s\\\&#34;: dial tcp [::1]:8080: connect: connection refused\&#34;\nE1008 22:20:59.499992   54476 memcache.go:265] \&#34;Unhandled Error\&#34; err=\&#34;couldn&#39;t get current server API group list: Get \\\&#34;http://localhost:8080/api?timeout=32s\\\&#34;: dial tcp [::1]:8080: connect: connection refused\&#34;\nE1008 22:20:59.501686   54476 memcache.go:265] \&#34;Unhandled Error\&#34; err=\&#34;couldn&#39;t get current server API group list: Get \\\&#34;http://localhost:8080/api?timeout=32s\\\&#34;: dial tcp [::1]:8080: connect: connection refused\&#34;\nE1008 22:20:59.503351   54476 memcache.go:265] \&#34;Unhandled Error\&#34; err=\&#34;couldn&#39;t get current server API group list: Get \\\&#34;http://localhost:8080/api?timeout=32s\\\&#34;: dial tcp [::1]:8080: connect: connection refused\&#34;\nThe connection to the server localhost:8080 was refused - did you specify the right host or port?\n&#34;,&#xA;                            },&#xA;                        ],&#xA;                    },&#xA;                    &lt;*errors.errorString | 0x140002c38d0&gt;{&#xA;                        s: &#34;cmd: kubectl delete virtualmachineclasses.virtualization.deckhouse.io -l &#39;id=head-45bdb83d&#39; --ignore-not-found\nstderr: E1008 22:20:59.535013   54477 memcache.go:265] \&#34;Unhandled Error\&#34; err=\&#34;couldn&#39;t get current server API group list: Get \\\&#34;http://localhost:8080/api?timeout=32s\\\&#34;: dial tcp [::1]:8080: connect: connection refused\&#34;\nE1008 22:20:59.536766   54477 memcache.go:265] \&#34;Unhandled Error\&#34; err=\&#34;couldn&#39;t get current server API group list: Get \\\&#34;http://localhost:8080/api?timeout=32s\\\&#34;: dial tcp [::1]:8080: connect: connection refused\&#34;\nE1008 22:20:59.538452   54477 memcache.go:265] \&#34;Unhandled Error\&#34; err=\&#34;couldn&#39;t get current server API group list: Get \\\&#34;http://localhost:8080/api?timeout=32s\\\&#34;: dial tcp [::1]:8080: connect: connection refused\&#34;\nE1008 22:20:59.540150   54477 memcache.go:265] \&#34;Unhandled Error\&#34; err=\&#34;couldn&#39;t get current server API group list: Get \\\&#34;http://localhost:8080/api?timeout=32s\\\&#34;: dial tcp [::1]:8080: connect: connection refused\&#34;\nE1008 22:20:59.541823   54477 memcache.go:265] \&#34;Unhandled Error\&#34; err=\&#34;couldn&#39;t get current server API group list: Get \\\&#34;http://localhost:8080/api?timeout=32s\\\&#34;: dial tcp [::1]:8080: connect: connection refused\&#34;\nE1008 22:20:59.543394   54477 memcache.go:265] \&#34;Unhandled Error\&#34; err=\&#34;couldn&#39;t get current server API group list: Get \\\&#34;http://localhost:8080/api?timeout=32s\\\&#34;: dial tcp [::1]:8080: connect: connection refused\&#34;\nE1008 22:20:59.545068   54477 memcache.go:265] \&#34;Unhandled Error\&#34; err=\&#34;couldn&#39;t get current server API group list: Get \\\&#34;http://localhost:8080/api?timeout=32s\\\&#34;: dial tcp [::1]:8080: connect: connection refused\&#34;\nThe connection to the server localhost:8080 was refused - did you specify the right host or port?\n&#34;,&#xA;                    },&#xA;   ...&#xA;&#xA;Gomega truncated this representation as it exceeds &#39;format.MaxLength&#39;.&#xA;Consider having the object provide a custom &#39;GomegaStringer&#39; representation&#xA;or adjust the parameters in Gomega&#39;s &#39;format&#39; package.&#xA;&#xA;Learn more here: https://onsi.github.io/gomega/#adjusting-output&#xA;In [DeferCleanup (Suite)] at: /Users/antont/ansible_deckhouse/virtualization-full/tests/e2e/e2e_test.go:177 @ 10/08/25 22:21:01.758&#xA;</failure>
              <system-err>&gt; Enter [DeferCleanup (Suite)] TOP-LEVEL - /Users/antont/ansible_deckhouse/virtualization-full/tests/e2e/e2e_test.go:175 @ 10/08/25 22:20:59.332&#xA;[FAILED] Expected success, but got an error:&#xA;    &lt;*errors.joinError | 0x14000aff1a0&gt;: &#xA;    cmd: kubectl delete clustervirtualimages.virtualization.deckhouse.io -l &#39;id=head-45bdb83d&#39; --ignore-not-found&#xA;    stderr: E1008 22:20:59.492932   54476 memcache.go:265] &#34;Unhandled Error&#34; err=&#34;couldn&#39;t get current server API group list: Get \&#34;http://localhost:8080/api?timeout=32s\&#34;: dial tcp [::1]:8080: connect: connection refused&#34;&#xA;    E1008 22:20:59.494771   54476 memcache.go:265] &#34;Unhandled Error&#34; err=&#34;couldn&#39;t get current server API group list: Get \&#34;http://localhost:8080/api?timeout=32s\&#34;: dial tcp [::1]:8080: connect: connection refused&#34;&#xA;    E1008 22:20:59.496475   54476 memcache.go:265] &#34;Unhandled Error&#34; err=&#34;couldn&#39;t get current server API group list: Get \&#34;http://localhost:8080/api?timeout=32s\&#34;: dial tcp [::1]:8080: connect: connection refused&#34;&#xA;    E1008 22:20:59.498259   54476 memcache.go:265] &#34;Unhandled Error&#34; err=&#34;couldn&#39;t get current server API group list: Get \&#34;http://localhost:8080/api?timeout=32s\&#34;: dial tcp [::1]:8080: connect: connection refused&#34;&#xA;    E1008 22:20:59.499992   54476 memcache.go:265] &#34;Unhandled Error&#34; err=&#34;couldn&#39;t get current server API group list: Get \&#34;http://localhost:8080/api?timeout=32s\&#34;: dial tcp [::1]:8080: connect: connection refused&#34;&#xA;    E1008 22:20:59.501686   54476 memcache.go:265] &#34;Unhandled Error&#34; err=&#34;couldn&#39;t get current server API group list: Get \&#34;http://localhost:8080/api?timeout=32s\&#34;: dial tcp [::1]:8080: connect: connection refused&#34;&#xA;    E1008 22:20:59.503351   54476 memcache.go:265] &#34;Unhandled Error&#34; err=&#34;couldn&#39;t get current server API group list: Get \&#34;http://localhost:8080/api?timeout=32s\&#34;: dial tcp [::1]:8080: connect: connection refused&#34;&#xA;    The connection to the server localhost:8080 was refused - did you specify the right host or port?&#xA;    &#xA;    cmd: kubectl delete virtualmachineclasses.virtualization.deckhouse.io -l &#39;id=head-45bdb83d&#39; --ignore-not-found&#xA;    stderr: E1008 22:20:59.535013   54477 memcache.go:265] &#34;Unhandled Error&#34; err=&#34;couldn&#39;t get current server API group list: Get \&#34;http://localhost:8080/api?timeout=32s\&#34;: dial tcp [::1]:8080: connect: connection refused&#34;&#xA;    E1008 22:20:59.536766   54477 memcache.go:265] &#34;Unhandled Error&#34; err=&#34;couldn&#39;t get current server API group list: Get \&#34;http://localhost:8080/api?timeout=32s\&#34;: dial tcp [::1]:8080: connect: connection refused&#34;&#xA;    E1008 22:20:59.538452   54477 memcache.go:265] &#34;Unhandled Error&#34; err=&#34;couldn&#39;t get current server API group list: Get \&#34;http://localhost:8080/api?timeout=32s\&#34;: dial tcp [::1]:8080: connect: connection refused&#34;&#xA;    E1008 22:20:59.540150   54477 memcache.go:265] &#34;Unhandled Error&#34; err=&#34;couldn&#39;t get current server API group list: Get \&#34;http://localhost:8080/api?timeout=32s\&#34;: dial tcp [::1]:8080: connect: connection refused&#34;&#xA;    E1008 22:20:59.541823   54477 memcache.go:265] &#34;Unhandled Error&#34; err=&#34;couldn&#39;t get current server API group list: Get \&#34;http://localhost:8080/api?timeout=32s\&#34;: dial tcp [::1]:8080: connect: connection refused&#34;&#xA;    E1008 22:20:59.543394   54477 memcache.go:265] &#34;Unhandled Error&#34; err=&#34;couldn&#39;t get current server API group list: Get \&#34;http://localhost:8080/api?timeout=32s\&#34;: dial tcp [::1]:8080: connect: connection refused&#34;&#xA;    E1008 22:20:59.545068   54477 memcache.go:265] &#34;Unhandled Error&#34; err=&#34;couldn&#39;t get current server API group list: Get \&#34;http://localhost:8080/api?timeout=32s\&#34;: dial tcp [::1]:8080: connect: connection refused&#34;&#xA;    The connection to the server localhost:8080 was refused - did you specify the right host or port?&#xA;    &#xA;    cmd: kubectl delete virtualmachineipaddressleases.virtualization.deckhouse.io -l &#39;id=head-45bdb83d&#39; --ignore-not-found&#xA;    stderr: E1008 22:20:59.573029   54478 memcache.go:265] &#34;Unhandled Error&#34; err=&#34;couldn&#39;t get current server API group list: Get \&#34;http://localhost:8080/api?timeout=32s\&#34;: dial tcp [::1]:8080: connect: connection refused&#34;&#xA;    E1008 22:20:59.574597   54478 memcache.go:265] &#34;Unhandled Error&#34; err=&#34;couldn&#39;t get current server API group list: Get \&#34;http://localhost:8080/api?timeout=32s\&#34;: dial tcp [::1]:8080: connect: connection refused&#34;&#xA;    E1008 22:20:59.576137   54478 memcache.go:265] &#34;Unhandled Error&#34; err=&#34;couldn&#39;t get current server API group list: Get \&#34;http://localhost:8080/api?timeout=32s\&#34;: dial tcp [::1]:8080: connect: connection refused&#34;&#xA;    E1008 22:20:59.577680   54478 memcache.go:265] &#34;Unhandled Error&#34; err=&#34;couldn&#39;t get current server API group list: Get \&#34;http://localhost:8080/api?timeout=32s\&#34;: dial tcp [::1]:8080: connect: connection refused&#34;&#xA;    E1008 22:20:59.579240   54478 memcache.go:265] &#34;Unhandled Error&#34; err=&#34;couldn&#39;t get current server API group list: Get \&#34;http://localhost:8080/api?timeout=32s\&#34;: dial tcp [::1]:8080: connect: connection refused&#34;&#xA;    E1008 22:20:59.580782   54478 memcache.go:265] &#34;Unhandled Error&#34; err=&#34;couldn&#39;t get current server API group list: Get \&#34;http://localhost:8080/api?timeout=32s\&#34;: dial tcp [::1]:8080: connect: connection refused&#34;&#xA;    E1008 22:20:59.582313   54478 memcache.go:265] &#34;Unhandled Error&#34; err=&#34;couldn&#39;t get current server API group list: Get \&#34;http://localhost:8080/api?timeout=32s\&#34;: dial tcp [::1]:8080: connect: connection refused&#34;&#xA;    The connection to the server localhost:8080 was refused - did you specify the right host or port?&#xA;    &#xA;    {&#xA;        errs: [&#xA;            &lt;*errors.joinError | 0x14000aff0c8&gt;{&#xA;                errs: [&#xA;                    &lt;*errors.joinError | 0x140004262b8&gt;{&#xA;                        errs: [&#xA;                            &lt;*errors.errorString | 0x140003eeff0&gt;{&#xA;                                s: &#34;cmd: kubectl delete clustervirtualimages.virtualization.deckhouse.io -l &#39;id=head-45bdb83d&#39; --ignore-not-found\nstderr: E1008 22:20:59.492932   54476 memcache.go:265] \&#34;Unhandled Error\&#34; err=\&#34;couldn&#39;t get current server API group list: Get \\\&#34;http://localhost:8080/api?timeout=32s\\\&#34;: dial tcp [::1]:8080: connect: connection refused\&#34;\nE1008 22:20:59.494771   54476 memcache.go:265] \&#34;Unhandled Error\&#34; err=\&#34;couldn&#39;t get current server API group list: Get \\\&#34;http://localhost:8080/api?timeout=32s\\\&#34;: dial tcp [::1]:8080: connect: connection refused\&#34;\nE1008 22:20:59.496475   54476 memcache.go:265] \&#34;Unhandled Error\&#34; err=\&#34;couldn&#39;t get current server API group list: Get \\\&#34;http://localhost:8080/api?timeout=32s\\\&#34;: dial tcp [::1]:8080: connect: connection refused\&#34;\nE1008 22:20:59.498259   54476 memcache.go:265] \&#34;Unhandled Error\&#34; err=\&#34;couldn&#39;t get current server API group list: Get \\\&#34;http://localhost:8080/api?timeout=32s\\\&#34;: dial tcp [::1]:8080: connect: connection refused\&#34;\nE1008 22:20:59.499992   54476 memcache.go:265] \&#34;Unhandled Error\&#34; err=\&#34;couldn&#39;t get current server API group list: Get \\\&#34;http://localhost:8080/api?timeout=32s\\\&#34;: dial tcp [::1]:8080: connect: connection refused\&#34;\nE1008 22:20:59.501686   54476 memcache.go:265] \&#34;Unhandled Error\&#34; err=\&#34;couldn&#39;t get current server API group list: Get \\\&#34;http://localhost:8080/api?timeout=32s\\\&#34;: dial tcp [::1]:8080: connect: connection refused\&#34;\nE1008 22:20:59.503351   54476 memcache.go:265] \&#34;Unhandled Error\&#34; err=\&#34;couldn&#39;t get current server API group list: Get \\\&#34;http://localhost:8080/api?timeout=32s\\\&#34;: dial tcp [::1]:8080: connect: connection refused\&#34;\nThe connection to the server localhost:8080 was refused - did you specify the right host or port?\n&#34;,&#xA;                            },&#xA;                        ],&#xA;                    },&#xA;                    &lt;*errors.errorString | 0x140002c38d0&gt;{&#xA;                        s: &#34;cmd: kubectl delete virtualmachineclasses.virtualization.deckhouse.io -l &#39;id=head-45bdb83d&#39; --ignore-not-found\nstderr: E1008 22:20:59.535013   54477 memcache.go:265] \&#34;Unhandled Error\&#34; err=\&#34;couldn&#39;t get current server API group list: Get \\\&#34;http://localhost:8080/api?timeout=32s\\\&#34;: dial tcp [::1]:8080: connect: connection refused\&#34;\nE1008 22:20:59.536766   54477 memcache.go:265] \&#34;Unhandled Error\&#34; err=\&#34;couldn&#39;t get current server API group list: Get \\\&#34;http://localhost:8080/api?timeout=32s\\\&#34;: dial tcp [::1]:8080: connect: connection refused\&#34;\nE1008 22:20:59.538452   54477 memcache.go:265] \&#34;Unhandled Error\&#34; err=\&#34;couldn&#39;t get current server API group list: Get \\\&#34;http://localhost:8080/api?timeout=32s\\\&#34;: dial tcp [::1]:8080: connect: connection refused\&#34;\nE1008 22:20:59.540150   54477 memcache.go:265] \&#34;Unhandled Error\&#34; err=\&#34;couldn&#39;t get current server API group list: Get \\\&#34;http://localhost:8080/api?timeout=32s\\\&#34;: dial tcp [::1]:8080: connect: connection refused\&#34;\nE1008 22:20:59.541823   54477 memcache.go:265] \&#34;Unhandled Error\&#34; err=\&#34;couldn&#39;t get current server API group list: Get \\\&#34;http://localhost:8080/api?timeout=32s\\\&#34;: dial tcp [::1]:8080: connect: connection refused\&#34;\nE1008 22:20:59.543394   54477 memcache.go:265] \&#34;Unhandled Error\&#34; err=\&#34;couldn&#39;t get current server API group list: Get \\\&#34;http://localhost:8080/api?timeout=32s\\\&#34;: dial tcp [::1]:8080: connect: connection refused\&#34;\nE1008 22:20:59.545068   54477 memcache.go:265] \&#34;Unhandled Error\&#34; err=\&#34;couldn&#39;t get current server API group list: Get \\\&#34;http://localhost:8080/api?timeout=32s\\\&#34;: dial tcp [::1]:8080: connect: connection refused\&#34;\nThe connection to the server localhost:8080 was refused - did you specify the right host or port?\n&#34;,&#xA;                    },&#xA;   ...&#xA;&#xA;Gomega truncated this representation as it exceeds &#39;format.MaxLength&#39;.&#xA;Consider having the object provide a custom &#39;GomegaStringer&#39; representation&#xA;or adjust the parameters in Gomega&#39;s &#39;format&#39; package.&#xA;&#xA;Learn more here: https://onsi.github.io/gomega/#adjusting-output&#xA;In [DeferCleanup (Suite)] at: /Users/antont/ansible_deckhouse/virtualization-full/tests/e2e/e2e_test.go:177 @ 10/08/25 22:21:01.758&#xA;&lt; Exit [DeferCleanup (Suite)] TOP-LEVEL - /Users/antont/ansible_deckhouse/virtualization-full/tests/e2e/e2e_test.go:175 @ 10/08/25 22:21:01.759 (2.426s)&#xA;</system-err>
          </testcase>
      </testsuite>
  </testsuites>