<?xml version="1.0" encoding="UTF-8"?>
  <testsuites tests="214" disabled="89" errors="0" failures="8" time="3864.278238542">
      <testsuite name="Tests" package="/Users/antont/ansible_deckhouse/virtualization-full/tests/e2e" tests="214" disabled="0" skipped="89" errors="0" failures="8" time="3864.278238542" timestamp="2025-10-01T10:24:38">
          <properties>
              <property name="SuiteSucceeded" value="false"></property>
              <property name="SuiteHasProgrammaticFocus" value="false"></property>
              <property name="SpecialSuiteFailureReason" value=""></property>
              <property name="SuiteLabels" value="[]"></property>
              <property name="RandomSeed" value="1759303470"></property>
              <property name="RandomizeAllSpecs" value="false"></property>
              <property name="LabelFilter" value=""></property>
              <property name="FocusStrings" value=""></property>
              <property name="SkipStrings" value=""></property>
              <property name="FocusFiles" value=""></property>
              <property name="SkipFiles" value=""></property>
              <property name="FailOnPending" value="false"></property>
              <property name="FailOnEmpty" value="false"></property>
              <property name="FailFast" value="false"></property>
              <property name="FlakeAttempts" value="0"></property>
              <property name="DryRun" value="false"></property>
              <property name="ParallelTotal" value="1"></property>
              <property name="OutputInterceptorMode" value=""></property>
          </properties>
          <testcase name="[SynchronizedBeforeSuite]" classname="Tests" status="passed" time="4.435986542">
              <system-err>&gt; Enter [SynchronizedBeforeSuite] TOP-LEVEL - /Users/antont/ansible_deckhouse/virtualization-full/tests/e2e/e2e_test.go:137 @ 10/01/25 10:24:38.084&#xA;&lt; Exit [SynchronizedBeforeSuite] TOP-LEVEL - /Users/antont/ansible_deckhouse/virtualization-full/tests/e2e/e2e_test.go:137 @ 10/01/25 10:24:42.52 (4.436s)&#xA;&gt; Enter [SynchronizedBeforeSuite] TOP-LEVEL - /Users/antont/ansible_deckhouse/virtualization-full/tests/e2e/e2e_test.go:137 @ 10/01/25 10:24:42.52&#xA;&lt; Exit [SynchronizedBeforeSuite] TOP-LEVEL - /Users/antont/ansible_deckhouse/virtualization-full/tests/e2e/e2e_test.go:137 @ 10/01/25 10:24:42.52 (0s)&#xA;</system-err>
          </testcase>
          <testcase name="[It] VirtualMachineEvacuation Evacuation [SIG-Migration]" classname="Tests" status="passed" time="146.298158375">
              <system-err>&gt; Enter [BeforeAll] VirtualMachineEvacuation - /Users/antont/ansible_deckhouse/virtualization-full/tests/e2e/vm_evacuation_test.go:42 @ 10/01/25 10:24:42.521&#xA;&lt; Exit [BeforeAll] VirtualMachineEvacuation - /Users/antont/ansible_deckhouse/virtualization-full/tests/e2e/vm_evacuation_test.go:42 @ 10/01/25 10:24:44.3 (1.78s)&#xA;&gt; Enter [BeforeEach] VirtualMachineEvacuation - /Users/antont/ansible_deckhouse/virtualization-full/tests/e2e/vm_evacuation_test.go:51 @ 10/01/25 10:24:44.3&#xA;&lt; Exit [BeforeEach] VirtualMachineEvacuation - /Users/antont/ansible_deckhouse/virtualization-full/tests/e2e/vm_evacuation_test.go:51 @ 10/01/25 10:24:50.967 (6.667s)&#xA;&gt; Enter [It] Evacuation - /Users/antont/ansible_deckhouse/virtualization-full/tests/e2e/vm_evacuation_test.go:96 @ 10/01/25 10:24:50.967&#xA;STEP: Virtual machine agents should be ready - /Users/antont/ansible_deckhouse/virtualization-full/tests/e2e/vm_evacuation_test.go:97 @ 10/01/25 10:24:50.968&#xA;STEP: Evacuate virtual machines - /Users/antont/ansible_deckhouse/virtualization-full/tests/e2e/vm_evacuation_test.go:113 @ 10/01/25 10:26:31.314&#xA;STEP: Waiting for all VMOPs to be finished - /Users/antont/ansible_deckhouse/virtualization-full/tests/e2e/vm_evacuation_test.go:116 @ 10/01/25 10:26:32.65&#xA;&lt; Exit [It] Evacuation - /Users/antont/ansible_deckhouse/virtualization-full/tests/e2e/vm_evacuation_test.go:96 @ 10/01/25 10:26:47.768 (1m56.801s)&#xA;&gt; Enter [AfterEach] VirtualMachineEvacuation - /Users/antont/ansible_deckhouse/virtualization-full/tests/e2e/vm_evacuation_test.go:59 @ 10/01/25 10:26:47.768&#xA;STEP: Response on deletion request should be successful - /Users/antont/ansible_deckhouse/virtualization-full/tests/e2e/util_test.go:604 @ 10/01/25 10:26:47.768&#xA;END STEP: Response on deletion request should be successful - /Users/antont/ansible_deckhouse/virtualization-full/tests/e2e/util_test.go:604 @ 10/01/25 10:27:08.818 (21.051s)&#xA;&lt; Exit [AfterEach] VirtualMachineEvacuation - /Users/antont/ansible_deckhouse/virtualization-full/tests/e2e/vm_evacuation_test.go:59 @ 10/01/25 10:27:08.818 (21.051s)&#xA;</system-err>
          </testcase>
          <testcase name="[It] VirtualMachineConnectivity When resources are applied result should be succeeded" classname="Tests" status="passed" time="5.797936417">
              <system-err>&gt; Enter [BeforeAll] VirtualMachineConnectivity - /Users/antont/ansible_deckhouse/virtualization-full/tests/e2e/vm_connectivity_test.go:57 @ 10/01/25 10:27:08.818&#xA;&lt; Exit [BeforeAll] VirtualMachineConnectivity - /Users/antont/ansible_deckhouse/virtualization-full/tests/e2e/vm_connectivity_test.go:57 @ 10/01/25 10:27:10.558 (1.74s)&#xA;&gt; Enter [It] result should be succeeded - /Users/antont/ansible_deckhouse/virtualization-full/tests/e2e/vm_connectivity_test.go:73 @ 10/01/25 10:27:10.558&#xA;&lt; Exit [It] result should be succeeded - /Users/antont/ansible_deckhouse/virtualization-full/tests/e2e/vm_connectivity_test.go:73 @ 10/01/25 10:27:14.616 (4.058s)&#xA;&gt; Enter [AfterEach] VirtualMachineConnectivity - /Users/antont/ansible_deckhouse/virtualization-full/tests/e2e/vm_connectivity_test.go:66 @ 10/01/25 10:27:14.616&#xA;&lt; Exit [AfterEach] VirtualMachineConnectivity - /Users/antont/ansible_deckhouse/virtualization-full/tests/e2e/vm_connectivity_test.go:66 @ 10/01/25 10:27:14.616 (0s)&#xA;</system-err>
          </testcase>
          <testcase name="[It] VirtualMachineConnectivity When virtual images are applied checks VIs phases" classname="Tests" status="passed" time="14.495897292">
              <system-err>&gt; Enter [It] checks VIs phases - /Users/antont/ansible_deckhouse/virtualization-full/tests/e2e/vm_connectivity_test.go:96 @ 10/01/25 10:27:14.617&#xA;STEP: VIs should be in Ready phases - /Users/antont/ansible_deckhouse/virtualization-full/tests/e2e/vm_connectivity_test.go:97 @ 10/01/25 10:27:14.617&#xA;&lt; Exit [It] checks VIs phases - /Users/antont/ansible_deckhouse/virtualization-full/tests/e2e/vm_connectivity_test.go:96 @ 10/01/25 10:27:29.112 (14.496s)&#xA;&gt; Enter [AfterEach] VirtualMachineConnectivity - /Users/antont/ansible_deckhouse/virtualization-full/tests/e2e/vm_connectivity_test.go:66 @ 10/01/25 10:27:29.112&#xA;&lt; Exit [AfterEach] VirtualMachineConnectivity - /Users/antont/ansible_deckhouse/virtualization-full/tests/e2e/vm_connectivity_test.go:66 @ 10/01/25 10:27:29.112 (0s)&#xA;</system-err>
          </testcase>
          <testcase name="[It] VirtualMachineConnectivity When virtual disks are applied checks VDs phases" classname="Tests" status="passed" time="78.555266375">
              <system-err>&gt; Enter [It] checks VDs phases - /Users/antont/ansible_deckhouse/virtualization-full/tests/e2e/vm_connectivity_test.go:107 @ 10/01/25 10:27:29.113&#xA;STEP: VDs should be in Ready phase - /Users/antont/ansible_deckhouse/virtualization-full/tests/e2e/vm_connectivity_test.go:108 @ 10/01/25 10:27:29.113&#xA;&lt; Exit [It] checks VDs phases - /Users/antont/ansible_deckhouse/virtualization-full/tests/e2e/vm_connectivity_test.go:107 @ 10/01/25 10:28:47.668 (1m18.555s)&#xA;&gt; Enter [AfterEach] VirtualMachineConnectivity - /Users/antont/ansible_deckhouse/virtualization-full/tests/e2e/vm_connectivity_test.go:66 @ 10/01/25 10:28:47.668&#xA;&lt; Exit [AfterEach] VirtualMachineConnectivity - /Users/antont/ansible_deckhouse/virtualization-full/tests/e2e/vm_connectivity_test.go:66 @ 10/01/25 10:28:47.668 (0s)&#xA;</system-err>
          </testcase>
          <testcase name="[It] VirtualMachineConnectivity When virtual machines are applied checks VMs phases" classname="Tests" status="passed" time="74.071736542">
              <system-err>&gt; Enter [It] checks VMs phases - /Users/antont/ansible_deckhouse/virtualization-full/tests/e2e/vm_connectivity_test.go:118 @ 10/01/25 10:28:47.668&#xA;STEP: Virtual machine agents should be ready - /Users/antont/ansible_deckhouse/virtualization-full/tests/e2e/vm_connectivity_test.go:119 @ 10/01/25 10:28:47.668&#xA;&lt; Exit [It] checks VMs phases - /Users/antont/ansible_deckhouse/virtualization-full/tests/e2e/vm_connectivity_test.go:118 @ 10/01/25 10:30:01.74 (1m14.072s)&#xA;&gt; Enter [AfterEach] VirtualMachineConnectivity - /Users/antont/ansible_deckhouse/virtualization-full/tests/e2e/vm_connectivity_test.go:66 @ 10/01/25 10:30:01.74&#xA;&lt; Exit [AfterEach] VirtualMachineConnectivity - /Users/antont/ansible_deckhouse/virtualization-full/tests/e2e/vm_connectivity_test.go:66 @ 10/01/25 10:30:01.74 (0s)&#xA;</system-err>
          </testcase>
          <testcase name="[It] VirtualMachineConnectivity When run curl-helper status should be in Running phase" classname="Tests" status="passed" time="3.6534028750000003">
              <system-err>&gt; Enter [It] status should be in Running phase - /Users/antont/ansible_deckhouse/virtualization-full/tests/e2e/vm_connectivity_test.go:129 @ 10/01/25 10:30:01.74&#xA;&lt; Exit [It] status should be in Running phase - /Users/antont/ansible_deckhouse/virtualization-full/tests/e2e/vm_connectivity_test.go:129 @ 10/01/25 10:30:05.393 (3.653s)&#xA;&gt; Enter [AfterEach] VirtualMachineConnectivity - /Users/antont/ansible_deckhouse/virtualization-full/tests/e2e/vm_connectivity_test.go:66 @ 10/01/25 10:30:05.393&#xA;&lt; Exit [AfterEach] VirtualMachineConnectivity - /Users/antont/ansible_deckhouse/virtualization-full/tests/e2e/vm_connectivity_test.go:66 @ 10/01/25 10:30:05.393 (0s)&#xA;</system-err>
          </testcase>
          <testcase name="[It] VirtualMachineConnectivity When virtual machine agents are ready gets VMs and SVCs objects" classname="Tests" status="passed" time="3.968476166">
              <system-err>&gt; Enter [It] gets VMs and SVCs objects - /Users/antont/ansible_deckhouse/virtualization-full/tests/e2e/vm_connectivity_test.go:142 @ 10/01/25 10:30:05.393&#xA;&lt; Exit [It] gets VMs and SVCs objects - /Users/antont/ansible_deckhouse/virtualization-full/tests/e2e/vm_connectivity_test.go:142 @ 10/01/25 10:30:09.361 (3.968s)&#xA;&gt; Enter [AfterEach] VirtualMachineConnectivity - /Users/antont/ansible_deckhouse/virtualization-full/tests/e2e/vm_connectivity_test.go:66 @ 10/01/25 10:30:09.362&#xA;&lt; Exit [AfterEach] VirtualMachineConnectivity - /Users/antont/ansible_deckhouse/virtualization-full/tests/e2e/vm_connectivity_test.go:66 @ 10/01/25 10:30:09.362 (0s)&#xA;</system-err>
          </testcase>
          <testcase name="[It] VirtualMachineConnectivity When virtual machine agents are ready check ssh connection via `d8 v` to VMs" classname="Tests" status="failed" time="95.149329584">
              <failure message="Timed out after 90.001s.&#xA;The function passed to Eventually returned the following error:&#xA;    &lt;*errors.errorString | 0x14000a01b60&gt;: &#xA;    cmd: d8 v ssh head-45bdb83d-vm-connectivity-a -c &#39;hostname&#39; --local-ssh=true --local-ssh-opts=&#39;-o StrictHostKeyChecking=no&#39; --local-ssh-opts=&#39;-o UserKnownHostsFile=/dev/null&#39; --local-ssh-opts=&#39;-o LogLevel=ERROR&#39; --local-ssh-opts=&#39;-o ConnectTimeout=10s&#39; -n head-45bdb83d-end-to-end-connectivity --username=cloud --identity-file=/tmp/testdata/sshkeys/id_ed&#xA;    stderr: bash: d8: command not found&#xA;    &#xA;    {&#xA;        s: &#34;cmd: d8 v ssh head-45bdb83d-vm-connectivity-a -c &#39;hostname&#39; --local-ssh=true --local-ssh-opts=&#39;-o StrictHostKeyChecking=no&#39; --local-ssh-opts=&#39;-o UserKnownHostsFile=/dev/null&#39; --local-ssh-opts=&#39;-o LogLevel=ERROR&#39; --local-ssh-opts=&#39;-o ConnectTimeout=10s&#39; -n head-45bdb83d-end-to-end-connectivity --username=cloud --identity-file=/tmp/testdata/sshkeys/id_ed\nstderr: bash: d8: command not found\n&#34;,&#xA;    }" type="failed">[FAILED] Timed out after 90.001s.&#xA;The function passed to Eventually returned the following error:&#xA;    &lt;*errors.errorString | 0x14000a01b60&gt;: &#xA;    cmd: d8 v ssh head-45bdb83d-vm-connectivity-a -c &#39;hostname&#39; --local-ssh=true --local-ssh-opts=&#39;-o StrictHostKeyChecking=no&#39; --local-ssh-opts=&#39;-o UserKnownHostsFile=/dev/null&#39; --local-ssh-opts=&#39;-o LogLevel=ERROR&#39; --local-ssh-opts=&#39;-o ConnectTimeout=10s&#39; -n head-45bdb83d-end-to-end-connectivity --username=cloud --identity-file=/tmp/testdata/sshkeys/id_ed&#xA;    stderr: bash: d8: command not found&#xA;    &#xA;    {&#xA;        s: &#34;cmd: d8 v ssh head-45bdb83d-vm-connectivity-a -c &#39;hostname&#39; --local-ssh=true --local-ssh-opts=&#39;-o StrictHostKeyChecking=no&#39; --local-ssh-opts=&#39;-o UserKnownHostsFile=/dev/null&#39; --local-ssh-opts=&#39;-o LogLevel=ERROR&#39; --local-ssh-opts=&#39;-o ConnectTimeout=10s&#39; -n head-45bdb83d-end-to-end-connectivity --username=cloud --identity-file=/tmp/testdata/sshkeys/id_ed\nstderr: bash: d8: command not found\n&#34;,&#xA;    }&#xA;In [It] at: /Users/antont/ansible_deckhouse/virtualization-full/tests/e2e/vm_connectivity_test.go:170 @ 10/01/25 10:31:39.363&#xA;</failure>
              <system-err>&gt; Enter [It] check ssh connection via `d8 v` to VMs - /Users/antont/ansible_deckhouse/virtualization-full/tests/e2e/vm_connectivity_test.go:166 @ 10/01/25 10:30:09.362&#xA;STEP: VirtualMachine &#34;head-45bdb83d-vm-connectivity-a&#34; - /Users/antont/ansible_deckhouse/virtualization-full/tests/e2e/vm_connectivity_test.go:169 @ 10/01/25 10:30:09.362&#xA;[FAILED] Timed out after 90.001s.&#xA;The function passed to Eventually returned the following error:&#xA;    &lt;*errors.errorString | 0x14000a01b60&gt;: &#xA;    cmd: d8 v ssh head-45bdb83d-vm-connectivity-a -c &#39;hostname&#39; --local-ssh=true --local-ssh-opts=&#39;-o StrictHostKeyChecking=no&#39; --local-ssh-opts=&#39;-o UserKnownHostsFile=/dev/null&#39; --local-ssh-opts=&#39;-o LogLevel=ERROR&#39; --local-ssh-opts=&#39;-o ConnectTimeout=10s&#39; -n head-45bdb83d-end-to-end-connectivity --username=cloud --identity-file=/tmp/testdata/sshkeys/id_ed&#xA;    stderr: bash: d8: command not found&#xA;    &#xA;    {&#xA;        s: &#34;cmd: d8 v ssh head-45bdb83d-vm-connectivity-a -c &#39;hostname&#39; --local-ssh=true --local-ssh-opts=&#39;-o StrictHostKeyChecking=no&#39; --local-ssh-opts=&#39;-o UserKnownHostsFile=/dev/null&#39; --local-ssh-opts=&#39;-o LogLevel=ERROR&#39; --local-ssh-opts=&#39;-o ConnectTimeout=10s&#39; -n head-45bdb83d-end-to-end-connectivity --username=cloud --identity-file=/tmp/testdata/sshkeys/id_ed\nstderr: bash: d8: command not found\n&#34;,&#xA;    }&#xA;In [It] at: /Users/antont/ansible_deckhouse/virtualization-full/tests/e2e/vm_connectivity_test.go:170 @ 10/01/25 10:31:39.363&#xA;&lt; Exit [It] check ssh connection via `d8 v` to VMs - /Users/antont/ansible_deckhouse/virtualization-full/tests/e2e/vm_connectivity_test.go:166 @ 10/01/25 10:31:39.363 (1m30.002s)&#xA;&gt; Enter [AfterEach] VirtualMachineConnectivity - /Users/antont/ansible_deckhouse/virtualization-full/tests/e2e/vm_connectivity_test.go:66 @ 10/01/25 10:31:39.363&#xA;&lt; Exit [AfterEach] VirtualMachineConnectivity - /Users/antont/ansible_deckhouse/virtualization-full/tests/e2e/vm_connectivity_test.go:66 @ 10/01/25 10:31:44.511 (5.147s)&#xA;</system-err>
          </testcase>
          <testcase name="[It] VirtualMachineConnectivity When virtual machine agents are ready checks VMs connection to external network" classname="Tests" status="skipped" time="0">
              <skipped message="skipped - Spec skipped because an earlier spec in an ordered container failed"></skipped>
              <system-err>[SKIPPED] Spec skipped because an earlier spec in an ordered container failed&#xA;In [It] at: /Users/antont/ansible_deckhouse/virtualization-full/tests/e2e/vm_connectivity_test.go:174 @ 10/01/25 10:31:44.511&#xA;</system-err>
          </testcase>
          <testcase name="[It] VirtualMachineConnectivity When virtual machine agents are ready check nginx status via `d8 v` on VMs" classname="Tests" status="skipped" time="0">
              <skipped message="skipped - Spec skipped because an earlier spec in an ordered container failed"></skipped>
              <system-err>[SKIPPED] Spec skipped because an earlier spec in an ordered container failed&#xA;In [It] at: /Users/antont/ansible_deckhouse/virtualization-full/tests/e2e/vm_connectivity_test.go:179 @ 10/01/25 10:31:44.511&#xA;</system-err>
          </testcase>
          <testcase name="[It] VirtualMachineConnectivity When virtual machine agents are ready gets page from service head-45bdb83d-vm-connectivity-a" classname="Tests" status="skipped" time="0">
              <skipped message="skipped - Spec skipped because an earlier spec in an ordered container failed"></skipped>
              <system-err>[SKIPPED] Spec skipped because an earlier spec in an ordered container failed&#xA;In [It] at: /Users/antont/ansible_deckhouse/virtualization-full/tests/e2e/vm_connectivity_test.go:187 @ 10/01/25 10:31:44.511&#xA;</system-err>
          </testcase>
          <testcase name="[It] VirtualMachineConnectivity When virtual machine agents are ready gets page from service head-45bdb83d-vm-connectivity-b" classname="Tests" status="skipped" time="0">
              <skipped message="skipped - Spec skipped because an earlier spec in an ordered container failed"></skipped>
              <system-err>[SKIPPED] Spec skipped because an earlier spec in an ordered container failed&#xA;In [It] at: /Users/antont/ansible_deckhouse/virtualization-full/tests/e2e/vm_connectivity_test.go:198 @ 10/01/25 10:31:44.511&#xA;</system-err>
          </testcase>
          <testcase name="[It] VirtualMachineConnectivity When virtual machine agents are ready changes selector in service head-45bdb83d-vm-connectivity-a with selector from service head-45bdb83d-vm-connectivity-b" classname="Tests" status="skipped" time="0">
              <skipped message="skipped - Spec skipped because an earlier spec in an ordered container failed"></skipped>
              <system-err>[SKIPPED] Spec skipped because an earlier spec in an ordered container failed&#xA;In [It] at: /Users/antont/ansible_deckhouse/virtualization-full/tests/e2e/vm_connectivity_test.go:209 @ 10/01/25 10:31:44.511&#xA;</system-err>
          </testcase>
          <testcase name="[It] VirtualMachineConnectivity When virtual machine agents are ready checks selector in service head-45bdb83d-vm-connectivity-a" classname="Tests" status="skipped" time="0">
              <skipped message="skipped - Spec skipped because an earlier spec in an ordered container failed"></skipped>
              <system-err>[SKIPPED] Spec skipped because an earlier spec in an ordered container failed&#xA;In [It] at: /Users/antont/ansible_deckhouse/virtualization-full/tests/e2e/vm_connectivity_test.go:222 @ 10/01/25 10:31:44.511&#xA;</system-err>
          </testcase>
          <testcase name="[It] VirtualMachineConnectivity When virtual machine agents are ready gets page from service head-45bdb83d-vm-connectivity-a" classname="Tests" status="skipped" time="0">
              <skipped message="skipped - Spec skipped because an earlier spec in an ordered container failed"></skipped>
              <system-err>[SKIPPED] Spec skipped because an earlier spec in an ordered container failed&#xA;In [It] at: /Users/antont/ansible_deckhouse/virtualization-full/tests/e2e/vm_connectivity_test.go:228 @ 10/01/25 10:31:44.511&#xA;</system-err>
          </testcase>
          <testcase name="[It] VirtualMachineConnectivity When virtual machine agents are ready changes back selector in service head-45bdb83d-vm-connectivity-a" classname="Tests" status="skipped" time="0">
              <skipped message="skipped - Spec skipped because an earlier spec in an ordered container failed"></skipped>
              <system-err>[SKIPPED] Spec skipped because an earlier spec in an ordered container failed&#xA;In [It] at: /Users/antont/ansible_deckhouse/virtualization-full/tests/e2e/vm_connectivity_test.go:240 @ 10/01/25 10:31:44.511&#xA;</system-err>
          </testcase>
          <testcase name="[It] VirtualMachineConnectivity When virtual machine agents are ready checks selector in service head-45bdb83d-vm-connectivity-a" classname="Tests" status="skipped" time="0">
              <skipped message="skipped - Spec skipped because an earlier spec in an ordered container failed"></skipped>
              <system-err>[SKIPPED] Spec skipped because an earlier spec in an ordered container failed&#xA;In [It] at: /Users/antont/ansible_deckhouse/virtualization-full/tests/e2e/vm_connectivity_test.go:250 @ 10/01/25 10:31:44.511&#xA;</system-err>
          </testcase>
          <testcase name="[It] VirtualMachineConnectivity When test is completed deletes test case resources" classname="Tests" status="skipped" time="0">
              <skipped message="skipped - Spec skipped because an earlier spec in an ordered container failed"></skipped>
              <system-err>[SKIPPED] Spec skipped because an earlier spec in an ordered container failed&#xA;In [It] at: /Users/antont/ansible_deckhouse/virtualization-full/tests/e2e/vm_connectivity_test.go:258 @ 10/01/25 10:31:44.511&#xA;</system-err>
          </testcase>
          <testcase name="[It] VirtualMachineRestoreForce When the virtualization resources are applied result should be succeeded [SIG-Restoration]" classname="Tests" status="passed" time="8.928289458">
              <system-err>&gt; Enter [BeforeAll] VirtualMachineRestoreForce - /Users/antont/ansible_deckhouse/virtualization-full/tests/e2e/vm_restore_force_test.go:55 @ 10/01/25 10:31:44.511&#xA;&lt; Exit [BeforeAll] VirtualMachineRestoreForce - /Users/antont/ansible_deckhouse/virtualization-full/tests/e2e/vm_restore_force_test.go:55 @ 10/01/25 10:31:46.259 (1.748s)&#xA;&gt; Enter [BeforeEach] VirtualMachineRestoreForce - /Users/antont/ansible_deckhouse/virtualization-full/tests/e2e/vm_restore_force_test.go:64 @ 10/01/25 10:31:46.259&#xA;&lt; Exit [BeforeEach] VirtualMachineRestoreForce - /Users/antont/ansible_deckhouse/virtualization-full/tests/e2e/vm_restore_force_test.go:64 @ 10/01/25 10:31:46.259 (0s)&#xA;&gt; Enter [It] result should be succeeded - /Users/antont/ansible_deckhouse/virtualization-full/tests/e2e/vm_restore_force_test.go:80 @ 10/01/25 10:31:46.259&#xA;&lt; Exit [It] result should be succeeded - /Users/antont/ansible_deckhouse/virtualization-full/tests/e2e/vm_restore_force_test.go:80 @ 10/01/25 10:31:53.44 (7.18s)&#xA;&gt; Enter [AfterEach] VirtualMachineRestoreForce - /Users/antont/ansible_deckhouse/virtualization-full/tests/e2e/vm_restore_force_test.go:71 @ 10/01/25 10:31:53.44&#xA;&lt; Exit [AfterEach] VirtualMachineRestoreForce - /Users/antont/ansible_deckhouse/virtualization-full/tests/e2e/vm_restore_force_test.go:71 @ 10/01/25 10:31:53.44 (0s)&#xA;</system-err>
          </testcase>
          <testcase name="[It] VirtualMachineRestoreForce When the virtualization resources are applied checks the resources phase [SIG-Restoration]" classname="Tests" status="passed" time="82.485472666">
              <system-err>&gt; Enter [BeforeEach] VirtualMachineRestoreForce - /Users/antont/ansible_deckhouse/virtualization-full/tests/e2e/vm_restore_force_test.go:64 @ 10/01/25 10:31:53.44&#xA;&lt; Exit [BeforeEach] VirtualMachineRestoreForce - /Users/antont/ansible_deckhouse/virtualization-full/tests/e2e/vm_restore_force_test.go:64 @ 10/01/25 10:31:53.44 (0s)&#xA;&gt; Enter [It] checks the resources phase - /Users/antont/ansible_deckhouse/virtualization-full/tests/e2e/vm_restore_force_test.go:111 @ 10/01/25 10:31:53.44&#xA;STEP: `VirtualMachine` agent should be ready - /Users/antont/ansible_deckhouse/virtualization-full/tests/e2e/vm_restore_force_test.go:112 @ 10/01/25 10:31:53.44&#xA;END STEP: `VirtualMachine` agent should be ready - /Users/antont/ansible_deckhouse/virtualization-full/tests/e2e/vm_restore_force_test.go:112 @ 10/01/25 10:33:13.859 (1m20.42s)&#xA;STEP: `VirtualMachineBlockDeviceAttachment` should be attached - /Users/antont/ansible_deckhouse/virtualization-full/tests/e2e/vm_restore_force_test.go:119 @ 10/01/25 10:33:13.859&#xA;END STEP: `VirtualMachineBlockDeviceAttachment` should be attached - /Users/antont/ansible_deckhouse/virtualization-full/tests/e2e/vm_restore_force_test.go:119 @ 10/01/25 10:33:15.925 (2.065s)&#xA;&lt; Exit [It] checks the resources phase - /Users/antont/ansible_deckhouse/virtualization-full/tests/e2e/vm_restore_force_test.go:111 @ 10/01/25 10:33:15.925 (1m22.485s)&#xA;&gt; Enter [AfterEach] VirtualMachineRestoreForce - /Users/antont/ansible_deckhouse/virtualization-full/tests/e2e/vm_restore_force_test.go:71 @ 10/01/25 10:33:15.925&#xA;&lt; Exit [AfterEach] VirtualMachineRestoreForce - /Users/antont/ansible_deckhouse/virtualization-full/tests/e2e/vm_restore_force_test.go:71 @ 10/01/25 10:33:15.925 (0s)&#xA;</system-err>
          </testcase>
          <testcase name="[It] VirtualMachineRestoreForce When the virtualization resources are applied add additional interface to virtual machines [SIG-Restoration]" classname="Tests" status="passed" time="45.826800917">
              <system-err>&gt; Enter [BeforeEach] VirtualMachineRestoreForce - /Users/antont/ansible_deckhouse/virtualization-full/tests/e2e/vm_restore_force_test.go:64 @ 10/01/25 10:33:15.925&#xA;&lt; Exit [BeforeEach] VirtualMachineRestoreForce - /Users/antont/ansible_deckhouse/virtualization-full/tests/e2e/vm_restore_force_test.go:64 @ 10/01/25 10:33:15.925 (0s)&#xA;&gt; Enter [It] add additional interface to virtual machines - /Users/antont/ansible_deckhouse/virtualization-full/tests/e2e/vm_restore_force_test.go:131 @ 10/01/25 10:33:15.925&#xA;STEP: patch virtual machines for add additional network interface - /Users/antont/ansible_deckhouse/virtualization-full/tests/e2e/vm_restore_force_test.go:137 @ 10/01/25 10:33:16.049&#xA;END STEP: patch virtual machines for add additional network interface - /Users/antont/ansible_deckhouse/virtualization-full/tests/e2e/vm_restore_force_test.go:137 @ 10/01/25 10:33:18.943 (2.893s)&#xA;STEP: `VirtualMachine` agent should be ready after patching - /Users/antont/ansible_deckhouse/virtualization-full/tests/e2e/vm_restore_force_test.go:155 @ 10/01/25 10:33:18.943&#xA;END STEP: `VirtualMachine` agent should be ready after patching - /Users/antont/ansible_deckhouse/virtualization-full/tests/e2e/vm_restore_force_test.go:155 @ 10/01/25 10:34:00.785 (41.838s)&#xA;STEP: remembering the .status.networks of each VM after patching - /Users/antont/ansible_deckhouse/virtualization-full/tests/e2e/vm_restore_force_test.go:163 @ 10/01/25 10:34:00.785&#xA;END STEP: remembering the .status.networks of each VM after patching - /Users/antont/ansible_deckhouse/virtualization-full/tests/e2e/vm_restore_force_test.go:163 @ 10/01/25 10:34:01.757 (971ms)&#xA;&lt; Exit [It] add additional interface to virtual machines - /Users/antont/ansible_deckhouse/virtualization-full/tests/e2e/vm_restore_force_test.go:131 @ 10/01/25 10:34:01.757 (45.827s)&#xA;&gt; Enter [AfterEach] VirtualMachineRestoreForce - /Users/antont/ansible_deckhouse/virtualization-full/tests/e2e/vm_restore_force_test.go:71 @ 10/01/25 10:34:01.757&#xA;&lt; Exit [AfterEach] VirtualMachineRestoreForce - /Users/antont/ansible_deckhouse/virtualization-full/tests/e2e/vm_restore_force_test.go:71 @ 10/01/25 10:34:01.757 (0s)&#xA;</system-err>
          </testcase>
          <testcase name="[It] VirtualMachineRestoreForce When the resources are ready to use restore the `VirtualMachines` with `forced` mode [SIG-Restoration]" classname="Tests" status="passed" time="317.866161959">
              <system-err>&gt; Enter [BeforeEach] VirtualMachineRestoreForce - /Users/antont/ansible_deckhouse/virtualization-full/tests/e2e/vm_restore_force_test.go:64 @ 10/01/25 10:34:01.757&#xA;&lt; Exit [BeforeEach] VirtualMachineRestoreForce - /Users/antont/ansible_deckhouse/virtualization-full/tests/e2e/vm_restore_force_test.go:64 @ 10/01/25 10:34:01.757 (0s)&#xA;&gt; Enter [It] restore the `VirtualMachines` with `forced` mode - /Users/antont/ansible_deckhouse/virtualization-full/tests/e2e/vm_restore_force_test.go:177 @ 10/01/25 10:34:01.757&#xA;STEP: Getting `VirtualMachines` - /Users/antont/ansible_deckhouse/virtualization-full/tests/e2e/vm_restore_force_test.go:181 @ 10/01/25 10:34:01.757&#xA;END STEP: Getting `VirtualMachines` - /Users/antont/ansible_deckhouse/virtualization-full/tests/e2e/vm_restore_force_test.go:181 @ 10/01/25 10:34:02.302 (544ms)&#xA;STEP: Creating `VirtualMachineSnapshots` - /Users/antont/ansible_deckhouse/virtualization-full/tests/e2e/vm_restore_force_test.go:189 @ 10/01/25 10:34:02.302&#xA;END STEP: Creating `VirtualMachineSnapshots` - /Users/antont/ansible_deckhouse/virtualization-full/tests/e2e/vm_restore_force_test.go:189 @ 10/01/25 10:34:13.016 (10.708s)&#xA;STEP: Attaching `VirtualDisk` after `VirtualMachine` snapshotting - /Users/antont/ansible_deckhouse/virtualization-full/tests/e2e/vm_restore_force_test.go:209 @ 10/01/25 10:34:13.016&#xA;END STEP: Attaching `VirtualDisk` after `VirtualMachine` snapshotting - /Users/antont/ansible_deckhouse/virtualization-full/tests/e2e/vm_restore_force_test.go:209 @ 10/01/25 10:34:39.783 (26.762s)&#xA;STEP: Creating `VirtualMachineRestores` - /Users/antont/ansible_deckhouse/virtualization-full/tests/e2e/vm_restore_force_test.go:231 @ 10/01/25 10:34:39.783&#xA;END STEP: Creating `VirtualMachineRestores` - /Users/antont/ansible_deckhouse/virtualization-full/tests/e2e/vm_restore_force_test.go:231 @ 10/01/25 10:39:08.565 (4m28.781s)&#xA;STEP: Checking the result of restoration - /Users/antont/ansible_deckhouse/virtualization-full/tests/e2e/vm_restore_force_test.go:292 @ 10/01/25 10:39:08.566&#xA;END STEP: Checking the result of restoration - /Users/antont/ansible_deckhouse/virtualization-full/tests/e2e/vm_restore_force_test.go:292 @ 10/01/25 10:39:19.636 (11.071s)&#xA;&lt; Exit [It] restore the `VirtualMachines` with `forced` mode - /Users/antont/ansible_deckhouse/virtualization-full/tests/e2e/vm_restore_force_test.go:177 @ 10/01/25 10:39:19.636 (5m17.866s)&#xA;&gt; Enter [AfterEach] VirtualMachineRestoreForce - /Users/antont/ansible_deckhouse/virtualization-full/tests/e2e/vm_restore_force_test.go:71 @ 10/01/25 10:39:19.636&#xA;&lt; Exit [AfterEach] VirtualMachineRestoreForce - /Users/antont/ansible_deckhouse/virtualization-full/tests/e2e/vm_restore_force_test.go:71 @ 10/01/25 10:39:19.636 (0s)&#xA;</system-err>
          </testcase>
          <testcase name="[It] VirtualMachineRestoreForce When the resources are ready to use check the .status.networks of each VM after restore [SIG-Restoration]" classname="Tests" status="passed" time="4.499898167">
              <system-err>&gt; Enter [BeforeEach] VirtualMachineRestoreForce - /Users/antont/ansible_deckhouse/virtualization-full/tests/e2e/vm_restore_force_test.go:64 @ 10/01/25 10:39:19.637&#xA;&lt; Exit [BeforeEach] VirtualMachineRestoreForce - /Users/antont/ansible_deckhouse/virtualization-full/tests/e2e/vm_restore_force_test.go:64 @ 10/01/25 10:39:19.637 (0s)&#xA;&gt; Enter [It] check the .status.networks of each VM after restore - /Users/antont/ansible_deckhouse/virtualization-full/tests/e2e/vm_restore_force_test.go:341 @ 10/01/25 10:39:19.637&#xA;&lt; Exit [It] check the .status.networks of each VM after restore - /Users/antont/ansible_deckhouse/virtualization-full/tests/e2e/vm_restore_force_test.go:341 @ 10/01/25 10:39:24.136 (4.5s)&#xA;&gt; Enter [AfterEach] VirtualMachineRestoreForce - /Users/antont/ansible_deckhouse/virtualization-full/tests/e2e/vm_restore_force_test.go:71 @ 10/01/25 10:39:24.136&#xA;&lt; Exit [AfterEach] VirtualMachineRestoreForce - /Users/antont/ansible_deckhouse/virtualization-full/tests/e2e/vm_restore_force_test.go:71 @ 10/01/25 10:39:24.136 (0s)&#xA;</system-err>
          </testcase>
          <testcase name="[It] VirtualMachineRestoreForce When test is completed deletes test case resources [SIG-Restoration]" classname="Tests" status="passed" time="27.143486875">
              <system-err>&gt; Enter [BeforeEach] VirtualMachineRestoreForce - /Users/antont/ansible_deckhouse/virtualization-full/tests/e2e/vm_restore_force_test.go:64 @ 10/01/25 10:39:24.137&#xA;&lt; Exit [BeforeEach] VirtualMachineRestoreForce - /Users/antont/ansible_deckhouse/virtualization-full/tests/e2e/vm_restore_force_test.go:64 @ 10/01/25 10:39:24.137 (0s)&#xA;&gt; Enter [It] deletes test case resources - /Users/antont/ansible_deckhouse/virtualization-full/tests/e2e/vm_restore_force_test.go:367 @ 10/01/25 10:39:24.137&#xA;STEP: Response on deletion request should be successful - /Users/antont/ansible_deckhouse/virtualization-full/tests/e2e/util_test.go:604 @ 10/01/25 10:39:24.137&#xA;END STEP: Response on deletion request should be successful - /Users/antont/ansible_deckhouse/virtualization-full/tests/e2e/util_test.go:604 @ 10/01/25 10:39:51.28 (27.143s)&#xA;&lt; Exit [It] deletes test case resources - /Users/antont/ansible_deckhouse/virtualization-full/tests/e2e/vm_restore_force_test.go:367 @ 10/01/25 10:39:51.28 (27.143s)&#xA;&gt; Enter [AfterEach] VirtualMachineRestoreForce - /Users/antont/ansible_deckhouse/virtualization-full/tests/e2e/vm_restore_force_test.go:71 @ 10/01/25 10:39:51.28&#xA;&lt; Exit [AfterEach] VirtualMachineRestoreForce - /Users/antont/ansible_deckhouse/virtualization-full/tests/e2e/vm_restore_force_test.go:71 @ 10/01/25 10:39:51.28 (0s)&#xA;</system-err>
          </testcase>
          <testcase name="[It] ImporterNetworkPolicy Project creates project" classname="Tests" status="passed" time="1.6118277079999999">
              <system-err>&gt; Enter [BeforeAll] ImporterNetworkPolicy - /Users/antont/ansible_deckhouse/virtualization-full/tests/e2e/importer_network_policy_test.go:36 @ 10/01/25 10:39:51.28&#xA;&lt; Exit [BeforeAll] ImporterNetworkPolicy - /Users/antont/ansible_deckhouse/virtualization-full/tests/e2e/importer_network_policy_test.go:36 @ 10/01/25 10:39:51.282 (2ms)&#xA;&gt; Enter [BeforeEach] ImporterNetworkPolicy - /Users/antont/ansible_deckhouse/virtualization-full/tests/e2e/importer_network_policy_test.go:43 @ 10/01/25 10:39:51.282&#xA;&lt; Exit [BeforeEach] ImporterNetworkPolicy - /Users/antont/ansible_deckhouse/virtualization-full/tests/e2e/importer_network_policy_test.go:43 @ 10/01/25 10:39:51.282 (0s)&#xA;&gt; Enter [It] creates project - /Users/antont/ansible_deckhouse/virtualization-full/tests/e2e/importer_network_policy_test.go:61 @ 10/01/25 10:39:51.282&#xA;&lt; Exit [It] creates project - /Users/antont/ansible_deckhouse/virtualization-full/tests/e2e/importer_network_policy_test.go:61 @ 10/01/25 10:39:52.892 (1.61s)&#xA;&gt; Enter [AfterEach] ImporterNetworkPolicy - /Users/antont/ansible_deckhouse/virtualization-full/tests/e2e/importer_network_policy_test.go:54 @ 10/01/25 10:39:52.892&#xA;&lt; Exit [AfterEach] ImporterNetworkPolicy - /Users/antont/ansible_deckhouse/virtualization-full/tests/e2e/importer_network_policy_test.go:54 @ 10/01/25 10:39:52.892 (0s)&#xA;</system-err>
          </testcase>
          <testcase name="[It] ImporterNetworkPolicy Project checks project readiness" classname="Tests" status="passed" time="2.246243792">
              <system-err>&gt; Enter [BeforeEach] ImporterNetworkPolicy - /Users/antont/ansible_deckhouse/virtualization-full/tests/e2e/importer_network_policy_test.go:43 @ 10/01/25 10:39:52.892&#xA;&lt; Exit [BeforeEach] ImporterNetworkPolicy - /Users/antont/ansible_deckhouse/virtualization-full/tests/e2e/importer_network_policy_test.go:43 @ 10/01/25 10:39:52.892 (0s)&#xA;&gt; Enter [It] checks project readiness - /Users/antont/ansible_deckhouse/virtualization-full/tests/e2e/importer_network_policy_test.go:72 @ 10/01/25 10:39:52.892&#xA;STEP: Project should be deployed - /Users/antont/ansible_deckhouse/virtualization-full/tests/e2e/importer_network_policy_test.go:73 @ 10/01/25 10:39:52.892&#xA;&lt; Exit [It] checks project readiness - /Users/antont/ansible_deckhouse/virtualization-full/tests/e2e/importer_network_policy_test.go:72 @ 10/01/25 10:39:55.138 (2.246s)&#xA;&gt; Enter [AfterEach] ImporterNetworkPolicy - /Users/antont/ansible_deckhouse/virtualization-full/tests/e2e/importer_network_policy_test.go:54 @ 10/01/25 10:39:55.138&#xA;&lt; Exit [AfterEach] ImporterNetworkPolicy - /Users/antont/ansible_deckhouse/virtualization-full/tests/e2e/importer_network_policy_test.go:54 @ 10/01/25 10:39:55.138 (0s)&#xA;</system-err>
          </testcase>
          <testcase name="[It] ImporterNetworkPolicy When resources are applied result should be succeeded" classname="Tests" status="passed" time="2.9911935">
              <system-err>&gt; Enter [BeforeEach] ImporterNetworkPolicy - /Users/antont/ansible_deckhouse/virtualization-full/tests/e2e/importer_network_policy_test.go:43 @ 10/01/25 10:39:55.139&#xA;&lt; Exit [BeforeEach] ImporterNetworkPolicy - /Users/antont/ansible_deckhouse/virtualization-full/tests/e2e/importer_network_policy_test.go:43 @ 10/01/25 10:39:55.139 (0s)&#xA;&gt; Enter [It] result should be succeeded - /Users/antont/ansible_deckhouse/virtualization-full/tests/e2e/importer_network_policy_test.go:83 @ 10/01/25 10:39:55.139&#xA;&lt; Exit [It] result should be succeeded - /Users/antont/ansible_deckhouse/virtualization-full/tests/e2e/importer_network_policy_test.go:83 @ 10/01/25 10:39:58.13 (2.991s)&#xA;&gt; Enter [AfterEach] ImporterNetworkPolicy - /Users/antont/ansible_deckhouse/virtualization-full/tests/e2e/importer_network_policy_test.go:54 @ 10/01/25 10:39:58.13&#xA;&lt; Exit [AfterEach] ImporterNetworkPolicy - /Users/antont/ansible_deckhouse/virtualization-full/tests/e2e/importer_network_policy_test.go:54 @ 10/01/25 10:39:58.13 (0s)&#xA;</system-err>
          </testcase>
          <testcase name="[It] ImporterNetworkPolicy When resources are applied When virtual images are applied" classname="Tests" status="passed" time="6.307960667">
              <system-err>&gt; Enter [BeforeEach] ImporterNetworkPolicy - /Users/antont/ansible_deckhouse/virtualization-full/tests/e2e/importer_network_policy_test.go:43 @ 10/01/25 10:39:58.13&#xA;&lt; Exit [BeforeEach] ImporterNetworkPolicy - /Users/antont/ansible_deckhouse/virtualization-full/tests/e2e/importer_network_policy_test.go:43 @ 10/01/25 10:39:58.13 (0s)&#xA;&gt; Enter [It] When virtual images are applied - /Users/antont/ansible_deckhouse/virtualization-full/tests/e2e/importer_network_policy_test.go:101 @ 10/01/25 10:39:58.13&#xA;STEP: VIs should be in Ready phases - /Users/antont/ansible_deckhouse/virtualization-full/tests/e2e/importer_network_policy_test.go:94 @ 10/01/25 10:39:58.13&#xA;&lt; Exit [It] When virtual images are applied - /Users/antont/ansible_deckhouse/virtualization-full/tests/e2e/importer_network_policy_test.go:101 @ 10/01/25 10:40:04.438 (6.308s)&#xA;&gt; Enter [AfterEach] ImporterNetworkPolicy - /Users/antont/ansible_deckhouse/virtualization-full/tests/e2e/importer_network_policy_test.go:54 @ 10/01/25 10:40:04.438&#xA;&lt; Exit [AfterEach] ImporterNetworkPolicy - /Users/antont/ansible_deckhouse/virtualization-full/tests/e2e/importer_network_policy_test.go:54 @ 10/01/25 10:40:04.438 (0s)&#xA;</system-err>
          </testcase>
          <testcase name="[It] ImporterNetworkPolicy When resources are applied When virtual disks are applied" classname="Tests" status="passed" time="37.598070791">
              <system-err>&gt; Enter [BeforeEach] ImporterNetworkPolicy - /Users/antont/ansible_deckhouse/virtualization-full/tests/e2e/importer_network_policy_test.go:43 @ 10/01/25 10:40:04.438&#xA;&lt; Exit [BeforeEach] ImporterNetworkPolicy - /Users/antont/ansible_deckhouse/virtualization-full/tests/e2e/importer_network_policy_test.go:43 @ 10/01/25 10:40:04.438 (0s)&#xA;&gt; Enter [It] When virtual disks are applied - /Users/antont/ansible_deckhouse/virtualization-full/tests/e2e/importer_network_policy_test.go:102 @ 10/01/25 10:40:04.438&#xA;STEP: VDs should be in Ready phases - /Users/antont/ansible_deckhouse/virtualization-full/tests/e2e/importer_network_policy_test.go:94 @ 10/01/25 10:40:04.438&#xA;&lt; Exit [It] When virtual disks are applied - /Users/antont/ansible_deckhouse/virtualization-full/tests/e2e/importer_network_policy_test.go:102 @ 10/01/25 10:40:42.036 (37.598s)&#xA;&gt; Enter [AfterEach] ImporterNetworkPolicy - /Users/antont/ansible_deckhouse/virtualization-full/tests/e2e/importer_network_policy_test.go:54 @ 10/01/25 10:40:42.036&#xA;&lt; Exit [AfterEach] ImporterNetworkPolicy - /Users/antont/ansible_deckhouse/virtualization-full/tests/e2e/importer_network_policy_test.go:54 @ 10/01/25 10:40:42.036 (0s)&#xA;</system-err>
          </testcase>
          <testcase name="[It] ImporterNetworkPolicy When resources are applied When virtual machines are applied" classname="Tests" status="passed" time="93.20614925">
              <system-err>&gt; Enter [BeforeEach] ImporterNetworkPolicy - /Users/antont/ansible_deckhouse/virtualization-full/tests/e2e/importer_network_policy_test.go:43 @ 10/01/25 10:40:42.036&#xA;&lt; Exit [BeforeEach] ImporterNetworkPolicy - /Users/antont/ansible_deckhouse/virtualization-full/tests/e2e/importer_network_policy_test.go:43 @ 10/01/25 10:40:42.036 (0s)&#xA;&gt; Enter [It] When virtual machines are applied - /Users/antont/ansible_deckhouse/virtualization-full/tests/e2e/importer_network_policy_test.go:103 @ 10/01/25 10:40:42.036&#xA;STEP: VMs should be in Running phases - /Users/antont/ansible_deckhouse/virtualization-full/tests/e2e/importer_network_policy_test.go:94 @ 10/01/25 10:40:42.037&#xA;&lt; Exit [It] When virtual machines are applied - /Users/antont/ansible_deckhouse/virtualization-full/tests/e2e/importer_network_policy_test.go:103 @ 10/01/25 10:41:11.095 (29.058s)&#xA;&gt; Enter [AfterEach] ImporterNetworkPolicy - /Users/antont/ansible_deckhouse/virtualization-full/tests/e2e/importer_network_policy_test.go:54 @ 10/01/25 10:41:11.095&#xA;&lt; Exit [AfterEach] ImporterNetworkPolicy - /Users/antont/ansible_deckhouse/virtualization-full/tests/e2e/importer_network_policy_test.go:54 @ 10/01/25 10:41:11.095 (0s)&#xA;&gt; Enter [AfterAll] ImporterNetworkPolicy - /Users/antont/ansible_deckhouse/virtualization-full/tests/e2e/importer_network_policy_test.go:49 @ 10/01/25 10:41:11.095&#xA;STEP: Delete manifests - /Users/antont/ansible_deckhouse/virtualization-full/tests/e2e/importer_network_policy_test.go:50 @ 10/01/25 10:41:11.095&#xA;STEP: Response on deletion request should be successful - /Users/antont/ansible_deckhouse/virtualization-full/tests/e2e/util_test.go:604 @ 10/01/25 10:41:11.095&#xA;END STEP: Response on deletion request should be successful - /Users/antont/ansible_deckhouse/virtualization-full/tests/e2e/util_test.go:604 @ 10/01/25 10:42:15.243 (1m4.148s)&#xA;&lt; Exit [AfterAll] ImporterNetworkPolicy - /Users/antont/ansible_deckhouse/virtualization-full/tests/e2e/importer_network_policy_test.go:49 @ 10/01/25 10:42:15.243 (1m4.148s)&#xA;</system-err>
          </testcase>
          <testcase name="[It] VirtualMachineConfiguration 1 When resources are applied result should be succeeded" classname="Tests" status="passed" time="6.898317833">
              <system-err>&gt; Enter [BeforeAll] VirtualMachineConfiguration 1 - /Users/antont/ansible_deckhouse/virtualization-full/tests/e2e/vm_configuration_test.go:49 @ 10/01/25 10:42:15.243&#xA;&lt; Exit [BeforeAll] VirtualMachineConfiguration 1 - /Users/antont/ansible_deckhouse/virtualization-full/tests/e2e/vm_configuration_test.go:49 @ 10/01/25 10:42:17.02 (1.777s)&#xA;&gt; Enter [It] result should be succeeded - /Users/antont/ansible_deckhouse/virtualization-full/tests/e2e/vm_configuration_test.go:65 @ 10/01/25 10:42:17.02&#xA;&lt; Exit [It] result should be succeeded - /Users/antont/ansible_deckhouse/virtualization-full/tests/e2e/vm_configuration_test.go:65 @ 10/01/25 10:42:22.141 (5.121s)&#xA;&gt; Enter [AfterEach] VirtualMachineConfiguration 1 - /Users/antont/ansible_deckhouse/virtualization-full/tests/e2e/vm_configuration_test.go:58 @ 10/01/25 10:42:22.141&#xA;&lt; Exit [AfterEach] VirtualMachineConfiguration 1 - /Users/antont/ansible_deckhouse/virtualization-full/tests/e2e/vm_configuration_test.go:58 @ 10/01/25 10:42:22.141 (0s)&#xA;</system-err>
          </testcase>
          <testcase name="[It] VirtualMachineConfiguration 1 When virtual images are applied checks VIs phases" classname="Tests" status="passed" time="6.390981792">
              <system-err>&gt; Enter [It] checks VIs phases - /Users/antont/ansible_deckhouse/virtualization-full/tests/e2e/vm_configuration_test.go:88 @ 10/01/25 10:42:22.142&#xA;STEP: VIs should be in Ready phases - /Users/antont/ansible_deckhouse/virtualization-full/tests/e2e/vm_configuration_test.go:89 @ 10/01/25 10:42:22.142&#xA;&lt; Exit [It] checks VIs phases - /Users/antont/ansible_deckhouse/virtualization-full/tests/e2e/vm_configuration_test.go:88 @ 10/01/25 10:42:28.533 (6.391s)&#xA;&gt; Enter [AfterEach] VirtualMachineConfiguration 1 - /Users/antont/ansible_deckhouse/virtualization-full/tests/e2e/vm_configuration_test.go:58 @ 10/01/25 10:42:28.533&#xA;&lt; Exit [AfterEach] VirtualMachineConfiguration 1 - /Users/antont/ansible_deckhouse/virtualization-full/tests/e2e/vm_configuration_test.go:58 @ 10/01/25 10:42:28.533 (0s)&#xA;</system-err>
          </testcase>
          <testcase name="[It] VirtualMachineConfiguration 1 When virtual disks are applied should be in Ready phase" classname="Tests" status="passed" time="40.772653583">
              <system-err>&gt; Enter [It] should be in Ready phase - /Users/antont/ansible_deckhouse/virtualization-full/tests/e2e/vm_configuration_test.go:99 @ 10/01/25 10:42:28.533&#xA;&lt; Exit [It] should be in Ready phase - /Users/antont/ansible_deckhouse/virtualization-full/tests/e2e/vm_configuration_test.go:99 @ 10/01/25 10:43:09.306 (40.773s)&#xA;&gt; Enter [AfterEach] VirtualMachineConfiguration 1 - /Users/antont/ansible_deckhouse/virtualization-full/tests/e2e/vm_configuration_test.go:58 @ 10/01/25 10:43:09.306&#xA;&lt; Exit [AfterEach] VirtualMachineConfiguration 1 - /Users/antont/ansible_deckhouse/virtualization-full/tests/e2e/vm_configuration_test.go:58 @ 10/01/25 10:43:09.306 (0s)&#xA;</system-err>
          </testcase>
          <testcase name="[It] VirtualMachineConfiguration 1 When virtual machines are applied should be ready" classname="Tests" status="passed" time="53.060174166">
              <system-err>&gt; Enter [It] should be ready - /Users/antont/ansible_deckhouse/virtualization-full/tests/e2e/vm_configuration_test.go:109 @ 10/01/25 10:43:09.306&#xA;&lt; Exit [It] should be ready - /Users/antont/ansible_deckhouse/virtualization-full/tests/e2e/vm_configuration_test.go:109 @ 10/01/25 10:44:02.366 (53.06s)&#xA;&gt; Enter [AfterEach] VirtualMachineConfiguration 1 - /Users/antont/ansible_deckhouse/virtualization-full/tests/e2e/vm_configuration_test.go:58 @ 10/01/25 10:44:02.366&#xA;&lt; Exit [AfterEach] VirtualMachineConfiguration 1 - /Users/antont/ansible_deckhouse/virtualization-full/tests/e2e/vm_configuration_test.go:58 @ 10/01/25 10:44:02.366 (0s)&#xA;</system-err>
          </testcase>
          <testcase name="[It] VirtualMachineConfiguration 1 Manual restart approval mode 1 When virtual machine agents are ready changes the number of processor cores" classname="Tests" status="passed" time="4.146355958">
              <system-err>&gt; Enter [It] changes the number of processor cores - /Users/antont/ansible_deckhouse/virtualization-full/tests/e2e/vm_configuration_test.go:123 @ 10/01/25 10:44:02.366&#xA;STEP: Checking the number of processor cores before changing - /Users/antont/ansible_deckhouse/virtualization-full/tests/e2e/vm_configuration_test.go:303 @ 10/01/25 10:44:04.381&#xA;STEP: Patching virtual machine specification - /Users/antont/ansible_deckhouse/virtualization-full/tests/e2e/vm_configuration_test.go:296 @ 10/01/25 10:44:05.396&#xA;&lt; Exit [It] changes the number of processor cores - /Users/antont/ansible_deckhouse/virtualization-full/tests/e2e/vm_configuration_test.go:123 @ 10/01/25 10:44:06.512 (4.146s)&#xA;&gt; Enter [AfterEach] VirtualMachineConfiguration 1 - /Users/antont/ansible_deckhouse/virtualization-full/tests/e2e/vm_configuration_test.go:58 @ 10/01/25 10:44:06.512&#xA;&lt; Exit [AfterEach] VirtualMachineConfiguration 1 - /Users/antont/ansible_deckhouse/virtualization-full/tests/e2e/vm_configuration_test.go:58 @ 10/01/25 10:44:06.512 (0s)&#xA;</system-err>
          </testcase>
          <testcase name="[It] VirtualMachineConfiguration 1 Manual restart approval mode 1 When virtual machine is patched checks the number of processor cores in specification" classname="Tests" status="passed" time="2.508010584">
              <system-err>&gt; Enter [It] checks the number of processor cores in specification - /Users/antont/ansible_deckhouse/virtualization-full/tests/e2e/vm_configuration_test.go:147 @ 10/01/25 10:44:06.513&#xA;STEP: Checking the number of processor cores after changing - /Users/antont/ansible_deckhouse/virtualization-full/tests/e2e/vm_configuration_test.go:303 @ 10/01/25 10:44:07.773&#xA;&lt; Exit [It] checks the number of processor cores in specification - /Users/antont/ansible_deckhouse/virtualization-full/tests/e2e/vm_configuration_test.go:147 @ 10/01/25 10:44:09.021 (2.508s)&#xA;&gt; Enter [AfterEach] VirtualMachineConfiguration 1 - /Users/antont/ansible_deckhouse/virtualization-full/tests/e2e/vm_configuration_test.go:58 @ 10/01/25 10:44:09.021&#xA;&lt; Exit [AfterEach] VirtualMachineConfiguration 1 - /Users/antont/ansible_deckhouse/virtualization-full/tests/e2e/vm_configuration_test.go:58 @ 10/01/25 10:44:09.021 (0s)&#xA;</system-err>
          </testcase>
          <testcase name="[It] VirtualMachineConfiguration 1 Manual restart approval mode 1 When virtual machine is restarted should be ready" classname="Tests" status="failed" time="97.019712583">
              <failure message="Timed out after 90.001s.&#xA;Unexpected error:&#xA;    &lt;*errors.errorString | 0x14001188800&gt;: &#xA;    cmd: d8 v ssh head-45bdb83d-vm-manual-conf -c &#39;sudo nohup reboot -f &gt; /dev/null 2&gt;&amp;1 &amp;&#39; --local-ssh=true --local-ssh-opts=&#39;-o StrictHostKeyChecking=no&#39; --local-ssh-opts=&#39;-o UserKnownHostsFile=/dev/null&#39; --local-ssh-opts=&#39;-o LogLevel=ERROR&#39; --local-ssh-opts=&#39;-o ConnectTimeout=10s&#39; -n head-45bdb83d-end-to-end-vm-configuration --username=cloud --identity-file=/tmp/testdata/sshkeys/id_ed&#xA;    stderr: bash: d8: command not found&#xA;    &#xA;    {&#xA;        s: &#34;cmd: d8 v ssh head-45bdb83d-vm-manual-conf -c &#39;sudo nohup reboot -f &gt; /dev/null 2&gt;&amp;1 &amp;&#39; --local-ssh=true --local-ssh-opts=&#39;-o StrictHostKeyChecking=no&#39; --local-ssh-opts=&#39;-o UserKnownHostsFile=/dev/null&#39; --local-ssh-opts=&#39;-o LogLevel=ERROR&#39; --local-ssh-opts=&#39;-o ConnectTimeout=10s&#39; -n head-45bdb83d-end-to-end-vm-configuration --username=cloud --identity-file=/tmp/testdata/sshkeys/id_ed\nstderr: bash: d8: command not found\n&#34;,&#xA;    }&#xA;occurred" type="failed">[FAILED] Timed out after 90.001s.&#xA;Unexpected error:&#xA;    &lt;*errors.errorString | 0x14001188800&gt;: &#xA;    cmd: d8 v ssh head-45bdb83d-vm-manual-conf -c &#39;sudo nohup reboot -f &gt; /dev/null 2&gt;&amp;1 &amp;&#39; --local-ssh=true --local-ssh-opts=&#39;-o StrictHostKeyChecking=no&#39; --local-ssh-opts=&#39;-o UserKnownHostsFile=/dev/null&#39; --local-ssh-opts=&#39;-o LogLevel=ERROR&#39; --local-ssh-opts=&#39;-o ConnectTimeout=10s&#39; -n head-45bdb83d-end-to-end-vm-configuration --username=cloud --identity-file=/tmp/testdata/sshkeys/id_ed&#xA;    stderr: bash: d8: command not found&#xA;    &#xA;    {&#xA;        s: &#34;cmd: d8 v ssh head-45bdb83d-vm-manual-conf -c &#39;sudo nohup reboot -f &gt; /dev/null 2&gt;&amp;1 &amp;&#39; --local-ssh=true --local-ssh-opts=&#39;-o StrictHostKeyChecking=no&#39; --local-ssh-opts=&#39;-o UserKnownHostsFile=/dev/null&#39; --local-ssh-opts=&#39;-o LogLevel=ERROR&#39; --local-ssh-opts=&#39;-o ConnectTimeout=10s&#39; -n head-45bdb83d-end-to-end-vm-configuration --username=cloud --identity-file=/tmp/testdata/sshkeys/id_ed\nstderr: bash: d8: command not found\n&#34;,&#xA;    }&#xA;occurred&#xA;In [It] at: /Users/antont/ansible_deckhouse/virtualization-full/tests/e2e/vm_configuration_test.go:172 @ 10/01/25 10:45:40.275&#xA;</failure>
              <system-err>&gt; Enter [It] should be ready - /Users/antont/ansible_deckhouse/virtualization-full/tests/e2e/vm_configuration_test.go:161 @ 10/01/25 10:44:09.021&#xA;[FAILED] Timed out after 90.001s.&#xA;Unexpected error:&#xA;    &lt;*errors.errorString | 0x14001188800&gt;: &#xA;    cmd: d8 v ssh head-45bdb83d-vm-manual-conf -c &#39;sudo nohup reboot -f &gt; /dev/null 2&gt;&amp;1 &amp;&#39; --local-ssh=true --local-ssh-opts=&#39;-o StrictHostKeyChecking=no&#39; --local-ssh-opts=&#39;-o UserKnownHostsFile=/dev/null&#39; --local-ssh-opts=&#39;-o LogLevel=ERROR&#39; --local-ssh-opts=&#39;-o ConnectTimeout=10s&#39; -n head-45bdb83d-end-to-end-vm-configuration --username=cloud --identity-file=/tmp/testdata/sshkeys/id_ed&#xA;    stderr: bash: d8: command not found&#xA;    &#xA;    {&#xA;        s: &#34;cmd: d8 v ssh head-45bdb83d-vm-manual-conf -c &#39;sudo nohup reboot -f &gt; /dev/null 2&gt;&amp;1 &amp;&#39; --local-ssh=true --local-ssh-opts=&#39;-o StrictHostKeyChecking=no&#39; --local-ssh-opts=&#39;-o UserKnownHostsFile=/dev/null&#39; --local-ssh-opts=&#39;-o LogLevel=ERROR&#39; --local-ssh-opts=&#39;-o ConnectTimeout=10s&#39; -n head-45bdb83d-end-to-end-vm-configuration --username=cloud --identity-file=/tmp/testdata/sshkeys/id_ed\nstderr: bash: d8: command not found\n&#34;,&#xA;    }&#xA;occurred&#xA;In [It] at: /Users/antont/ansible_deckhouse/virtualization-full/tests/e2e/vm_configuration_test.go:172 @ 10/01/25 10:45:40.275&#xA;&lt; Exit [It] should be ready - /Users/antont/ansible_deckhouse/virtualization-full/tests/e2e/vm_configuration_test.go:161 @ 10/01/25 10:45:40.276 (1m31.255s)&#xA;&gt; Enter [AfterEach] VirtualMachineConfiguration 1 - /Users/antont/ansible_deckhouse/virtualization-full/tests/e2e/vm_configuration_test.go:58 @ 10/01/25 10:45:40.276&#xA;&lt; Exit [AfterEach] VirtualMachineConfiguration 1 - /Users/antont/ansible_deckhouse/virtualization-full/tests/e2e/vm_configuration_test.go:58 @ 10/01/25 10:45:46.04 (5.765s)&#xA;</system-err>
          </testcase>
          <testcase name="[It] VirtualMachineConfiguration 1 Manual restart approval mode 1 When virtual machine agents are ready checks that the number of processor cores was changed" classname="Tests" status="skipped" time="0">
              <skipped message="skipped - Spec skipped because an earlier spec in an ordered container failed"></skipped>
              <system-err>[SKIPPED] Spec skipped because an earlier spec in an ordered container failed&#xA;In [It] at: /Users/antont/ansible_deckhouse/virtualization-full/tests/e2e/vm_configuration_test.go:183 @ 10/01/25 10:45:46.041&#xA;</system-err>
          </testcase>
          <testcase name="[It] VirtualMachineConfiguration 1 Automatic restart approval mode 1 When virtual machine is in Running phase changes the number of processor cores" classname="Tests" status="skipped" time="0">
              <skipped message="skipped - Spec skipped because an earlier spec in an ordered container failed"></skipped>
              <system-err>[SKIPPED] Spec skipped because an earlier spec in an ordered container failed&#xA;In [It] at: /Users/antont/ansible_deckhouse/virtualization-full/tests/e2e/vm_configuration_test.go:202 @ 10/01/25 10:45:46.041&#xA;</system-err>
          </testcase>
          <testcase name="[It] VirtualMachineConfiguration 1 Automatic restart approval mode 1 When virtual machine is patched checks the number of processor cores in specification" classname="Tests" status="skipped" time="0">
              <skipped message="skipped - Spec skipped because an earlier spec in an ordered container failed"></skipped>
              <system-err>[SKIPPED] Spec skipped because an earlier spec in an ordered container failed&#xA;In [It] at: /Users/antont/ansible_deckhouse/virtualization-full/tests/e2e/vm_configuration_test.go:226 @ 10/01/25 10:45:46.041&#xA;</system-err>
          </testcase>
          <testcase name="[It] VirtualMachineConfiguration 1 Automatic restart approval mode 1 When virtual machine is restarted should be ready" classname="Tests" status="skipped" time="0">
              <skipped message="skipped - Spec skipped because an earlier spec in an ordered container failed"></skipped>
              <system-err>[SKIPPED] Spec skipped because an earlier spec in an ordered container failed&#xA;In [It] at: /Users/antont/ansible_deckhouse/virtualization-full/tests/e2e/vm_configuration_test.go:240 @ 10/01/25 10:45:46.041&#xA;</system-err>
          </testcase>
          <testcase name="[It] VirtualMachineConfiguration 1 Automatic restart approval mode 1 When virtual machine agents are ready checks that the number of processor cores was changed" classname="Tests" status="skipped" time="0">
              <skipped message="skipped - Spec skipped because an earlier spec in an ordered container failed"></skipped>
              <system-err>[SKIPPED] Spec skipped because an earlier spec in an ordered container failed&#xA;In [It] at: /Users/antont/ansible_deckhouse/virtualization-full/tests/e2e/vm_configuration_test.go:250 @ 10/01/25 10:45:46.041&#xA;</system-err>
          </testcase>
          <testcase name="[It] VirtualMachineConfiguration 1 When test is completed deletes test case resources" classname="Tests" status="skipped" time="0">
              <skipped message="skipped - Spec skipped because an earlier spec in an ordered container failed"></skipped>
              <system-err>[SKIPPED] Spec skipped because an earlier spec in an ordered container failed&#xA;In [It] at: /Users/antont/ansible_deckhouse/virtualization-full/tests/e2e/vm_configuration_test.go:265 @ 10/01/25 10:45:46.041&#xA;</system-err>
          </testcase>
          <testcase name="[It] [sig-storage] Volume migration with local disks should be successful when only root disk on local storage [SIG-Storage]" classname="Tests" status="skipped" time="0.000132417">
              <skipped message="skipped - This test case is not working everytime. Should be fixed."></skipped>
              <system-err>&gt; Enter [BeforeEach] [sig-storage] Volume migration with local disks - /Users/antont/ansible_deckhouse/virtualization-full/tests/e2e/storage/volume_migration_local_disks.go:53 @ 10/01/25 10:45:46.041&#xA;[SKIPPED] This test case is not working everytime. Should be fixed.&#xA;In [BeforeEach] at: /Users/antont/ansible_deckhouse/virtualization-full/tests/e2e/storage/volume_migration_local_disks.go:55 @ 10/01/25 10:45:46.041&#xA;&lt; Exit [BeforeEach] [sig-storage] Volume migration with local disks - /Users/antont/ansible_deckhouse/virtualization-full/tests/e2e/storage/volume_migration_local_disks.go:53 @ 10/01/25 10:45:46.041 (0s)&#xA;</system-err>
          </testcase>
          <testcase name="[It] [sig-storage] Volume migration with local disks should be successful when root disk on local storage and one additional disk [SIG-Storage]" classname="Tests" status="skipped" time="6.675e-05">
              <skipped message="skipped - This test case is not working everytime. Should be fixed."></skipped>
              <system-err>&gt; Enter [BeforeEach] [sig-storage] Volume migration with local disks - /Users/antont/ansible_deckhouse/virtualization-full/tests/e2e/storage/volume_migration_local_disks.go:53 @ 10/01/25 10:45:46.041&#xA;[SKIPPED] This test case is not working everytime. Should be fixed.&#xA;In [BeforeEach] at: /Users/antont/ansible_deckhouse/virtualization-full/tests/e2e/storage/volume_migration_local_disks.go:55 @ 10/01/25 10:45:46.041&#xA;&lt; Exit [BeforeEach] [sig-storage] Volume migration with local disks - /Users/antont/ansible_deckhouse/virtualization-full/tests/e2e/storage/volume_migration_local_disks.go:53 @ 10/01/25 10:45:46.041 (0s)&#xA;</system-err>
          </testcase>
          <testcase name="[It] [sig-storage] Volume migration with local disks should be successful when only additional disk on local storage [SIG-Storage]" classname="Tests" status="skipped" time="0.000186792">
              <skipped message="skipped - This test case is not working everytime. Should be fixed."></skipped>
              <system-err>&gt; Enter [BeforeEach] [sig-storage] Volume migration with local disks - /Users/antont/ansible_deckhouse/virtualization-full/tests/e2e/storage/volume_migration_local_disks.go:53 @ 10/01/25 10:45:46.041&#xA;[SKIPPED] This test case is not working everytime. Should be fixed.&#xA;In [BeforeEach] at: /Users/antont/ansible_deckhouse/virtualization-full/tests/e2e/storage/volume_migration_local_disks.go:55 @ 10/01/25 10:45:46.041&#xA;&lt; Exit [BeforeEach] [sig-storage] Volume migration with local disks - /Users/antont/ansible_deckhouse/virtualization-full/tests/e2e/storage/volume_migration_local_disks.go:53 @ 10/01/25 10:45:46.041 (0s)&#xA;</system-err>
          </testcase>
          <testcase name="[It] [sig-storage] Volume migration with local disks should be reverted when only root disk on local storage [SIG-Storage]" classname="Tests" status="skipped" time="0.000104792">
              <skipped message="skipped - This test case is not working everytime. Should be fixed."></skipped>
              <system-err>&gt; Enter [BeforeEach] [sig-storage] Volume migration with local disks - /Users/antont/ansible_deckhouse/virtualization-full/tests/e2e/storage/volume_migration_local_disks.go:53 @ 10/01/25 10:45:46.042&#xA;[SKIPPED] This test case is not working everytime. Should be fixed.&#xA;In [BeforeEach] at: /Users/antont/ansible_deckhouse/virtualization-full/tests/e2e/storage/volume_migration_local_disks.go:55 @ 10/01/25 10:45:46.042&#xA;&lt; Exit [BeforeEach] [sig-storage] Volume migration with local disks - /Users/antont/ansible_deckhouse/virtualization-full/tests/e2e/storage/volume_migration_local_disks.go:53 @ 10/01/25 10:45:46.042 (0s)&#xA;</system-err>
          </testcase>
          <testcase name="[It] [sig-storage] Volume migration with local disks should be reverted when root disk on local storage and one additional disk [SIG-Storage]" classname="Tests" status="skipped" time="0.000112791">
              <skipped message="skipped - This test case is not working everytime. Should be fixed."></skipped>
              <system-err>&gt; Enter [BeforeEach] [sig-storage] Volume migration with local disks - /Users/antont/ansible_deckhouse/virtualization-full/tests/e2e/storage/volume_migration_local_disks.go:53 @ 10/01/25 10:45:46.042&#xA;[SKIPPED] This test case is not working everytime. Should be fixed.&#xA;In [BeforeEach] at: /Users/antont/ansible_deckhouse/virtualization-full/tests/e2e/storage/volume_migration_local_disks.go:55 @ 10/01/25 10:45:46.042&#xA;&lt; Exit [BeforeEach] [sig-storage] Volume migration with local disks - /Users/antont/ansible_deckhouse/virtualization-full/tests/e2e/storage/volume_migration_local_disks.go:53 @ 10/01/25 10:45:46.042 (0s)&#xA;</system-err>
          </testcase>
          <testcase name="[It] [sig-storage] Volume migration with local disks should be reverted when only additional disk on local storage [SIG-Storage]" classname="Tests" status="skipped" time="7.375e-05">
              <skipped message="skipped - This test case is not working everytime. Should be fixed."></skipped>
              <system-err>&gt; Enter [BeforeEach] [sig-storage] Volume migration with local disks - /Users/antont/ansible_deckhouse/virtualization-full/tests/e2e/storage/volume_migration_local_disks.go:53 @ 10/01/25 10:45:46.042&#xA;[SKIPPED] This test case is not working everytime. Should be fixed.&#xA;In [BeforeEach] at: /Users/antont/ansible_deckhouse/virtualization-full/tests/e2e/storage/volume_migration_local_disks.go:55 @ 10/01/25 10:45:46.042&#xA;&lt; Exit [BeforeEach] [sig-storage] Volume migration with local disks - /Users/antont/ansible_deckhouse/virtualization-full/tests/e2e/storage/volume_migration_local_disks.go:53 @ 10/01/25 10:45:46.042 (0s)&#xA;</system-err>
          </testcase>
          <testcase name="[It] [sig-storage] Volume migration with local disks should be successful two migrations in a row [SIG-Storage]" classname="Tests" status="skipped" time="7.3875e-05">
              <skipped message="skipped - This test case is not working everytime. Should be fixed."></skipped>
              <system-err>&gt; Enter [BeforeEach] [sig-storage] Volume migration with local disks - /Users/antont/ansible_deckhouse/virtualization-full/tests/e2e/storage/volume_migration_local_disks.go:53 @ 10/01/25 10:45:46.042&#xA;[SKIPPED] This test case is not working everytime. Should be fixed.&#xA;In [BeforeEach] at: /Users/antont/ansible_deckhouse/virtualization-full/tests/e2e/storage/volume_migration_local_disks.go:55 @ 10/01/25 10:45:46.042&#xA;&lt; Exit [BeforeEach] [sig-storage] Volume migration with local disks - /Users/antont/ansible_deckhouse/virtualization-full/tests/e2e/storage/volume_migration_local_disks.go:53 @ 10/01/25 10:45:46.042 (0s)&#xA;</system-err>
          </testcase>
          <testcase name="[It] [sig-storage] Volume migration with local disks should be reverted first and completed second [SIG-Storage]" classname="Tests" status="skipped" time="7.3125e-05">
              <skipped message="skipped - This test case is not working everytime. Should be fixed."></skipped>
              <system-err>&gt; Enter [BeforeEach] [sig-storage] Volume migration with local disks - /Users/antont/ansible_deckhouse/virtualization-full/tests/e2e/storage/volume_migration_local_disks.go:53 @ 10/01/25 10:45:46.042&#xA;[SKIPPED] This test case is not working everytime. Should be fixed.&#xA;In [BeforeEach] at: /Users/antont/ansible_deckhouse/virtualization-full/tests/e2e/storage/volume_migration_local_disks.go:55 @ 10/01/25 10:45:46.042&#xA;&lt; Exit [BeforeEach] [sig-storage] Volume migration with local disks - /Users/antont/ansible_deckhouse/virtualization-full/tests/e2e/storage/volume_migration_local_disks.go:53 @ 10/01/25 10:45:46.042 (0s)&#xA;</system-err>
          </testcase>
          <testcase name="[It] [sig-storage] Volume migration with local disks should be reverted because virtual machine stopped when virtual machine deleting [SIG-Storage]" classname="Tests" status="skipped" time="8.3375e-05">
              <skipped message="skipped - This test case is not working everytime. Should be fixed."></skipped>
              <system-err>&gt; Enter [BeforeEach] [sig-storage] Volume migration with local disks - /Users/antont/ansible_deckhouse/virtualization-full/tests/e2e/storage/volume_migration_local_disks.go:53 @ 10/01/25 10:45:46.042&#xA;[SKIPPED] This test case is not working everytime. Should be fixed.&#xA;In [BeforeEach] at: /Users/antont/ansible_deckhouse/virtualization-full/tests/e2e/storage/volume_migration_local_disks.go:55 @ 10/01/25 10:45:46.042&#xA;&lt; Exit [BeforeEach] [sig-storage] Volume migration with local disks - /Users/antont/ansible_deckhouse/virtualization-full/tests/e2e/storage/volume_migration_local_disks.go:53 @ 10/01/25 10:45:46.042 (0s)&#xA;</system-err>
          </testcase>
          <testcase name="[It] [sig-storage] Volume migration with local disks should be reverted because virtual machine stopped when virtual machine stopped from OS [SIG-Storage]" classname="Tests" status="skipped" time="6.9666e-05">
              <skipped message="skipped - This test case is not working everytime. Should be fixed."></skipped>
              <system-err>&gt; Enter [BeforeEach] [sig-storage] Volume migration with local disks - /Users/antont/ansible_deckhouse/virtualization-full/tests/e2e/storage/volume_migration_local_disks.go:53 @ 10/01/25 10:45:46.042&#xA;[SKIPPED] This test case is not working everytime. Should be fixed.&#xA;In [BeforeEach] at: /Users/antont/ansible_deckhouse/virtualization-full/tests/e2e/storage/volume_migration_local_disks.go:55 @ 10/01/25 10:45:46.042&#xA;&lt; Exit [BeforeEach] [sig-storage] Volume migration with local disks - /Users/antont/ansible_deckhouse/virtualization-full/tests/e2e/storage/volume_migration_local_disks.go:53 @ 10/01/25 10:45:46.042 (0s)&#xA;</system-err>
          </testcase>
          <testcase name="[It] [sig-storage] Volume migration with local disks Migrate to not matched node should reverted because migration canceled when pod pending [SIG-Storage]" classname="Tests" status="skipped" time="7.5875e-05">
              <skipped message="skipped - This test case is not working everytime. Should be fixed."></skipped>
              <system-err>&gt; Enter [BeforeEach] [sig-storage] Volume migration with local disks - /Users/antont/ansible_deckhouse/virtualization-full/tests/e2e/storage/volume_migration_local_disks.go:53 @ 10/01/25 10:45:46.042&#xA;[SKIPPED] This test case is not working everytime. Should be fixed.&#xA;In [BeforeEach] at: /Users/antont/ansible_deckhouse/virtualization-full/tests/e2e/storage/volume_migration_local_disks.go:55 @ 10/01/25 10:45:46.042&#xA;&lt; Exit [BeforeEach] [sig-storage] Volume migration with local disks - /Users/antont/ansible_deckhouse/virtualization-full/tests/e2e/storage/volume_migration_local_disks.go:53 @ 10/01/25 10:45:46.042 (0s)&#xA;</system-err>
          </testcase>
          <testcase name="[It] [sig-storage] Volume migration with local disks should be failed with RWO VMBDA [SIG-Storage]" classname="Tests" status="skipped" time="7.025e-05">
              <skipped message="skipped - This test case is not working everytime. Should be fixed."></skipped>
              <system-err>&gt; Enter [BeforeEach] [sig-storage] Volume migration with local disks - /Users/antont/ansible_deckhouse/virtualization-full/tests/e2e/storage/volume_migration_local_disks.go:53 @ 10/01/25 10:45:46.043&#xA;[SKIPPED] This test case is not working everytime. Should be fixed.&#xA;In [BeforeEach] at: /Users/antont/ansible_deckhouse/virtualization-full/tests/e2e/storage/volume_migration_local_disks.go:55 @ 10/01/25 10:45:46.043&#xA;&lt; Exit [BeforeEach] [sig-storage] Volume migration with local disks - /Users/antont/ansible_deckhouse/virtualization-full/tests/e2e/storage/volume_migration_local_disks.go:53 @ 10/01/25 10:45:46.043 (0s)&#xA;</system-err>
          </testcase>
          <testcase name="[It] SizingPolicy When resources are applied result should be succeeded" classname="Tests" status="passed" time="9.091918333">
              <system-err>&gt; Enter [BeforeAll] SizingPolicy - /Users/antont/ansible_deckhouse/virtualization-full/tests/e2e/sizing_policy_test.go:52 @ 10/01/25 10:45:46.043&#xA;&lt; Exit [BeforeAll] SizingPolicy - /Users/antont/ansible_deckhouse/virtualization-full/tests/e2e/sizing_policy_test.go:52 @ 10/01/25 10:45:47.797 (1.754s)&#xA;&gt; Enter [BeforeEach] SizingPolicy - /Users/antont/ansible_deckhouse/virtualization-full/tests/e2e/sizing_policy_test.go:67 @ 10/01/25 10:45:47.797&#xA;&lt; Exit [BeforeEach] SizingPolicy - /Users/antont/ansible_deckhouse/virtualization-full/tests/e2e/sizing_policy_test.go:67 @ 10/01/25 10:45:47.797 (0s)&#xA;&gt; Enter [It] result should be succeeded - /Users/antont/ansible_deckhouse/virtualization-full/tests/e2e/sizing_policy_test.go:80 @ 10/01/25 10:45:47.797&#xA;&lt; Exit [It] result should be succeeded - /Users/antont/ansible_deckhouse/virtualization-full/tests/e2e/sizing_policy_test.go:80 @ 10/01/25 10:45:55.135 (7.337s)&#xA;&gt; Enter [AfterEach] SizingPolicy - /Users/antont/ansible_deckhouse/virtualization-full/tests/e2e/sizing_policy_test.go:73 @ 10/01/25 10:45:55.135&#xA;&lt; Exit [AfterEach] SizingPolicy - /Users/antont/ansible_deckhouse/virtualization-full/tests/e2e/sizing_policy_test.go:73 @ 10/01/25 10:45:55.135 (0s)&#xA;</system-err>
          </testcase>
          <testcase name="[It] SizingPolicy When virtual images are applied checks VIs phases" classname="Tests" status="passed" time="4.240015333">
              <system-err>&gt; Enter [BeforeEach] SizingPolicy - /Users/antont/ansible_deckhouse/virtualization-full/tests/e2e/sizing_policy_test.go:67 @ 10/01/25 10:45:55.135&#xA;&lt; Exit [BeforeEach] SizingPolicy - /Users/antont/ansible_deckhouse/virtualization-full/tests/e2e/sizing_policy_test.go:67 @ 10/01/25 10:45:55.135 (0s)&#xA;&gt; Enter [It] checks VIs phases - /Users/antont/ansible_deckhouse/virtualization-full/tests/e2e/sizing_policy_test.go:90 @ 10/01/25 10:45:55.135&#xA;STEP: VIs should be in Ready phases - /Users/antont/ansible_deckhouse/virtualization-full/tests/e2e/sizing_policy_test.go:91 @ 10/01/25 10:45:55.135&#xA;&lt; Exit [It] checks VIs phases - /Users/antont/ansible_deckhouse/virtualization-full/tests/e2e/sizing_policy_test.go:90 @ 10/01/25 10:45:59.375 (4.24s)&#xA;&gt; Enter [AfterEach] SizingPolicy - /Users/antont/ansible_deckhouse/virtualization-full/tests/e2e/sizing_policy_test.go:73 @ 10/01/25 10:45:59.375&#xA;&lt; Exit [AfterEach] SizingPolicy - /Users/antont/ansible_deckhouse/virtualization-full/tests/e2e/sizing_policy_test.go:73 @ 10/01/25 10:45:59.375 (0s)&#xA;</system-err>
          </testcase>
          <testcase name="[It] SizingPolicy When virtual disks are applied checks VDs phases with map[vm:not-existing-vmclass-with-changing] and map[vm:not-existing-vmclass-with-creating] label" classname="Tests" status="passed" time="47.652911375">
              <system-err>&gt; Enter [BeforeEach] SizingPolicy - /Users/antont/ansible_deckhouse/virtualization-full/tests/e2e/sizing_policy_test.go:67 @ 10/01/25 10:45:59.375&#xA;&lt; Exit [BeforeEach] SizingPolicy - /Users/antont/ansible_deckhouse/virtualization-full/tests/e2e/sizing_policy_test.go:67 @ 10/01/25 10:45:59.375 (0s)&#xA;&gt; Enter [It] checks VDs phases with map[vm:not-existing-vmclass-with-changing] and map[vm:not-existing-vmclass-with-creating] label - /Users/antont/ansible_deckhouse/virtualization-full/tests/e2e/sizing_policy_test.go:101 @ 10/01/25 10:45:59.375&#xA;STEP: VDs should be in Ready phases - /Users/antont/ansible_deckhouse/virtualization-full/tests/e2e/sizing_policy_test.go:102 @ 10/01/25 10:45:59.375&#xA;&lt; Exit [It] checks VDs phases with map[vm:not-existing-vmclass-with-changing] and map[vm:not-existing-vmclass-with-creating] label - /Users/antont/ansible_deckhouse/virtualization-full/tests/e2e/sizing_policy_test.go:101 @ 10/01/25 10:46:47.028 (47.653s)&#xA;&gt; Enter [AfterEach] SizingPolicy - /Users/antont/ansible_deckhouse/virtualization-full/tests/e2e/sizing_policy_test.go:73 @ 10/01/25 10:46:47.028&#xA;&lt; Exit [AfterEach] SizingPolicy - /Users/antont/ansible_deckhouse/virtualization-full/tests/e2e/sizing_policy_test.go:73 @ 10/01/25 10:46:47.028 (0s)&#xA;</system-err>
          </testcase>
          <testcase name="[It] SizingPolicy When virtual disks are applied checks VDs phases with map[vm:existing-vmclass] label" classname="Tests" status="passed" time="2.294028334">
              <system-err>&gt; Enter [BeforeEach] SizingPolicy - /Users/antont/ansible_deckhouse/virtualization-full/tests/e2e/sizing_policy_test.go:67 @ 10/01/25 10:46:47.028&#xA;&lt; Exit [BeforeEach] SizingPolicy - /Users/antont/ansible_deckhouse/virtualization-full/tests/e2e/sizing_policy_test.go:67 @ 10/01/25 10:46:47.028 (0s)&#xA;&gt; Enter [It] checks VDs phases with map[vm:existing-vmclass] label - /Users/antont/ansible_deckhouse/virtualization-full/tests/e2e/sizing_policy_test.go:115 @ 10/01/25 10:46:47.028&#xA;STEP: VDs should be in Ready phases - /Users/antont/ansible_deckhouse/virtualization-full/tests/e2e/sizing_policy_test.go:116 @ 10/01/25 10:46:47.028&#xA;&lt; Exit [It] checks VDs phases with map[vm:existing-vmclass] label - /Users/antont/ansible_deckhouse/virtualization-full/tests/e2e/sizing_policy_test.go:115 @ 10/01/25 10:46:49.322 (2.294s)&#xA;&gt; Enter [AfterEach] SizingPolicy - /Users/antont/ansible_deckhouse/virtualization-full/tests/e2e/sizing_policy_test.go:73 @ 10/01/25 10:46:49.322&#xA;&lt; Exit [AfterEach] SizingPolicy - /Users/antont/ansible_deckhouse/virtualization-full/tests/e2e/sizing_policy_test.go:73 @ 10/01/25 10:46:49.322 (0s)&#xA;</system-err>
          </testcase>
          <testcase name="[It] SizingPolicy When virtual machines are applied checks VMs phases with map[vm:not-existing-vmclass-with-changing] and map[vm:not-existing-vmclass-with-creating] label" classname="Tests" status="passed" time="4.586131417">
              <system-err>&gt; Enter [BeforeEach] SizingPolicy - /Users/antont/ansible_deckhouse/virtualization-full/tests/e2e/sizing_policy_test.go:67 @ 10/01/25 10:46:49.322&#xA;&lt; Exit [BeforeEach] SizingPolicy - /Users/antont/ansible_deckhouse/virtualization-full/tests/e2e/sizing_policy_test.go:67 @ 10/01/25 10:46:49.322 (0s)&#xA;&gt; Enter [It] checks VMs phases with map[vm:not-existing-vmclass-with-changing] and map[vm:not-existing-vmclass-with-creating] label - /Users/antont/ansible_deckhouse/virtualization-full/tests/e2e/sizing_policy_test.go:126 @ 10/01/25 10:46:49.322&#xA;STEP: VMs should be in Pending phases - /Users/antont/ansible_deckhouse/virtualization-full/tests/e2e/sizing_policy_test.go:127 @ 10/01/25 10:46:49.322&#xA;&lt; Exit [It] checks VMs phases with map[vm:not-existing-vmclass-with-changing] and map[vm:not-existing-vmclass-with-creating] label - /Users/antont/ansible_deckhouse/virtualization-full/tests/e2e/sizing_policy_test.go:126 @ 10/01/25 10:46:53.908 (4.586s)&#xA;&gt; Enter [AfterEach] SizingPolicy - /Users/antont/ansible_deckhouse/virtualization-full/tests/e2e/sizing_policy_test.go:73 @ 10/01/25 10:46:53.908&#xA;&lt; Exit [AfterEach] SizingPolicy - /Users/antont/ansible_deckhouse/virtualization-full/tests/e2e/sizing_policy_test.go:73 @ 10/01/25 10:46:53.908 (0s)&#xA;</system-err>
          </testcase>
          <testcase name="[It] SizingPolicy When virtual machines are applied checks VMs phases with map[vm:existing-vmclass] label" classname="Tests" status="passed" time="47.45808275">
              <system-err>&gt; Enter [BeforeEach] SizingPolicy - /Users/antont/ansible_deckhouse/virtualization-full/tests/e2e/sizing_policy_test.go:67 @ 10/01/25 10:46:53.908&#xA;&lt; Exit [BeforeEach] SizingPolicy - /Users/antont/ansible_deckhouse/virtualization-full/tests/e2e/sizing_policy_test.go:67 @ 10/01/25 10:46:53.909 (0s)&#xA;&gt; Enter [It] checks VMs phases with map[vm:existing-vmclass] label - /Users/antont/ansible_deckhouse/virtualization-full/tests/e2e/sizing_policy_test.go:140 @ 10/01/25 10:46:53.909&#xA;STEP: Virtual machine agents should be ready - /Users/antont/ansible_deckhouse/virtualization-full/tests/e2e/sizing_policy_test.go:141 @ 10/01/25 10:46:53.909&#xA;&lt; Exit [It] checks VMs phases with map[vm:existing-vmclass] label - /Users/antont/ansible_deckhouse/virtualization-full/tests/e2e/sizing_policy_test.go:140 @ 10/01/25 10:47:41.367 (47.458s)&#xA;&gt; Enter [AfterEach] SizingPolicy - /Users/antont/ansible_deckhouse/virtualization-full/tests/e2e/sizing_policy_test.go:73 @ 10/01/25 10:47:41.367&#xA;&lt; Exit [AfterEach] SizingPolicy - /Users/antont/ansible_deckhouse/virtualization-full/tests/e2e/sizing_policy_test.go:73 @ 10/01/25 10:47:41.367 (0s)&#xA;</system-err>
          </testcase>
          <testcase name="[It] SizingPolicy Not existing virtual machine class When virtual machine with label map[vm:not-existing-vmclass-with-changing] in phase Pending checks condition status before changing &#39;virtulaMachineCLass` field with existing class" classname="Tests" status="passed" time="1.296167">
              <system-err>&gt; Enter [BeforeEach] SizingPolicy - /Users/antont/ansible_deckhouse/virtualization-full/tests/e2e/sizing_policy_test.go:67 @ 10/01/25 10:47:41.367&#xA;&lt; Exit [BeforeEach] SizingPolicy - /Users/antont/ansible_deckhouse/virtualization-full/tests/e2e/sizing_policy_test.go:67 @ 10/01/25 10:47:41.367 (0s)&#xA;&gt; Enter [It] checks condition status before changing &#39;virtulaMachineCLass` field with existing class - /Users/antont/ansible_deckhouse/virtualization-full/tests/e2e/sizing_policy_test.go:152 @ 10/01/25 10:47:41.367&#xA;STEP: VirtualMachineClassReady status should be &#39;False&#39; before changing - /Users/antont/ansible_deckhouse/virtualization-full/tests/e2e/sizing_policy_test.go:153 @ 10/01/25 10:47:41.367&#xA;&lt; Exit [It] checks condition status before changing &#39;virtulaMachineCLass` field with existing class - /Users/antont/ansible_deckhouse/virtualization-full/tests/e2e/sizing_policy_test.go:152 @ 10/01/25 10:47:42.663 (1.296s)&#xA;&gt; Enter [AfterEach] SizingPolicy - /Users/antont/ansible_deckhouse/virtualization-full/tests/e2e/sizing_policy_test.go:73 @ 10/01/25 10:47:42.663&#xA;&lt; Exit [AfterEach] SizingPolicy - /Users/antont/ansible_deckhouse/virtualization-full/tests/e2e/sizing_policy_test.go:73 @ 10/01/25 10:47:42.663 (0s)&#xA;</system-err>
          </testcase>
          <testcase name="[It] SizingPolicy Not existing virtual machine class When virtual machine with label map[vm:not-existing-vmclass-with-changing] in phase Pending changes VMClassName in VM specification with existing VMClass" classname="Tests" status="passed" time="1.409929833">
              <system-err>&gt; Enter [BeforeEach] SizingPolicy - /Users/antont/ansible_deckhouse/virtualization-full/tests/e2e/sizing_policy_test.go:67 @ 10/01/25 10:47:42.663&#xA;&lt; Exit [BeforeEach] SizingPolicy - /Users/antont/ansible_deckhouse/virtualization-full/tests/e2e/sizing_policy_test.go:67 @ 10/01/25 10:47:42.663 (0s)&#xA;&gt; Enter [It] changes VMClassName in VM specification with existing VMClass - /Users/antont/ansible_deckhouse/virtualization-full/tests/e2e/sizing_policy_test.go:157 @ 10/01/25 10:47:42.663&#xA;&lt; Exit [It] changes VMClassName in VM specification with existing VMClass - /Users/antont/ansible_deckhouse/virtualization-full/tests/e2e/sizing_policy_test.go:157 @ 10/01/25 10:47:44.073 (1.41s)&#xA;&gt; Enter [AfterEach] SizingPolicy - /Users/antont/ansible_deckhouse/virtualization-full/tests/e2e/sizing_policy_test.go:73 @ 10/01/25 10:47:44.073&#xA;&lt; Exit [AfterEach] SizingPolicy - /Users/antont/ansible_deckhouse/virtualization-full/tests/e2e/sizing_policy_test.go:73 @ 10/01/25 10:47:44.073 (0s)&#xA;</system-err>
          </testcase>
          <testcase name="[It] SizingPolicy Not existing virtual machine class When virtual machine with label map[vm:not-existing-vmclass-with-changing] in phase Pending checks VM phase and condition status after changing" classname="Tests" status="passed" time="44.091899083">
              <system-err>&gt; Enter [BeforeEach] SizingPolicy - /Users/antont/ansible_deckhouse/virtualization-full/tests/e2e/sizing_policy_test.go:67 @ 10/01/25 10:47:44.073&#xA;&lt; Exit [BeforeEach] SizingPolicy - /Users/antont/ansible_deckhouse/virtualization-full/tests/e2e/sizing_policy_test.go:67 @ 10/01/25 10:47:44.073 (0s)&#xA;&gt; Enter [It] checks VM phase and condition status after changing - /Users/antont/ansible_deckhouse/virtualization-full/tests/e2e/sizing_policy_test.go:163 @ 10/01/25 10:47:44.073&#xA;STEP: VM should be ready - /Users/antont/ansible_deckhouse/virtualization-full/tests/e2e/sizing_policy_test.go:164 @ 10/01/25 10:47:44.073&#xA;STEP: VirtualMachineClassReady status should be &#39;True&#39; after changing - /Users/antont/ansible_deckhouse/virtualization-full/tests/e2e/sizing_policy_test.go:170 @ 10/01/25 10:48:27.246&#xA;&lt; Exit [It] checks VM phase and condition status after changing - /Users/antont/ansible_deckhouse/virtualization-full/tests/e2e/sizing_policy_test.go:163 @ 10/01/25 10:48:28.165 (44.092s)&#xA;&gt; Enter [AfterEach] SizingPolicy - /Users/antont/ansible_deckhouse/virtualization-full/tests/e2e/sizing_policy_test.go:73 @ 10/01/25 10:48:28.165&#xA;&lt; Exit [AfterEach] SizingPolicy - /Users/antont/ansible_deckhouse/virtualization-full/tests/e2e/sizing_policy_test.go:73 @ 10/01/25 10:48:28.165 (0s)&#xA;</system-err>
          </testcase>
          <testcase name="[It] SizingPolicy Not existing virtual machine class When virtual machine with label map[vm:not-existing-vmclass-with-creating] in phase Pending checks condition status before creating `VirtualMachineClass`" classname="Tests" status="passed" time="1.0847375">
              <system-err>&gt; Enter [BeforeEach] SizingPolicy - /Users/antont/ansible_deckhouse/virtualization-full/tests/e2e/sizing_policy_test.go:67 @ 10/01/25 10:48:28.165&#xA;&lt; Exit [BeforeEach] SizingPolicy - /Users/antont/ansible_deckhouse/virtualization-full/tests/e2e/sizing_policy_test.go:67 @ 10/01/25 10:48:28.165 (0s)&#xA;&gt; Enter [It] checks condition status before creating `VirtualMachineClass` - /Users/antont/ansible_deckhouse/virtualization-full/tests/e2e/sizing_policy_test.go:176 @ 10/01/25 10:48:28.165&#xA;STEP: VirtualMachineClassReady status should be &#39;False&#39; before creating - /Users/antont/ansible_deckhouse/virtualization-full/tests/e2e/sizing_policy_test.go:177 @ 10/01/25 10:48:28.165&#xA;&lt; Exit [It] checks condition status before creating `VirtualMachineClass` - /Users/antont/ansible_deckhouse/virtualization-full/tests/e2e/sizing_policy_test.go:176 @ 10/01/25 10:48:29.25 (1.085s)&#xA;&gt; Enter [AfterEach] SizingPolicy - /Users/antont/ansible_deckhouse/virtualization-full/tests/e2e/sizing_policy_test.go:73 @ 10/01/25 10:48:29.25&#xA;&lt; Exit [AfterEach] SizingPolicy - /Users/antont/ansible_deckhouse/virtualization-full/tests/e2e/sizing_policy_test.go:73 @ 10/01/25 10:48:29.25 (0s)&#xA;</system-err>
          </testcase>
          <testcase name="[It] SizingPolicy Not existing virtual machine class When virtual machine with label map[vm:not-existing-vmclass-with-creating] in phase Pending changes VMClassName in VM specification with not existing VMClass which have correct prefix for creating" classname="Tests" status="passed" time="1.070325">
              <system-err>&gt; Enter [BeforeEach] SizingPolicy - /Users/antont/ansible_deckhouse/virtualization-full/tests/e2e/sizing_policy_test.go:67 @ 10/01/25 10:48:29.25&#xA;&lt; Exit [BeforeEach] SizingPolicy - /Users/antont/ansible_deckhouse/virtualization-full/tests/e2e/sizing_policy_test.go:67 @ 10/01/25 10:48:29.25 (0s)&#xA;&gt; Enter [It] changes VMClassName in VM specification with not existing VMClass which have correct prefix for creating - /Users/antont/ansible_deckhouse/virtualization-full/tests/e2e/sizing_policy_test.go:181 @ 10/01/25 10:48:29.25&#xA;&lt; Exit [It] changes VMClassName in VM specification with not existing VMClass which have correct prefix for creating - /Users/antont/ansible_deckhouse/virtualization-full/tests/e2e/sizing_policy_test.go:181 @ 10/01/25 10:48:30.32 (1.07s)&#xA;&gt; Enter [AfterEach] SizingPolicy - /Users/antont/ansible_deckhouse/virtualization-full/tests/e2e/sizing_policy_test.go:73 @ 10/01/25 10:48:30.32&#xA;&lt; Exit [AfterEach] SizingPolicy - /Users/antont/ansible_deckhouse/virtualization-full/tests/e2e/sizing_policy_test.go:73 @ 10/01/25 10:48:30.32 (0s)&#xA;</system-err>
          </testcase>
          <testcase name="[It] SizingPolicy Not existing virtual machine class When virtual machine with label map[vm:not-existing-vmclass-with-creating] in phase Pending creates new `VirtualMachineClass`" classname="Tests" status="passed" time="2.5778989169999997">
              <system-err>&gt; Enter [BeforeEach] SizingPolicy - /Users/antont/ansible_deckhouse/virtualization-full/tests/e2e/sizing_policy_test.go:67 @ 10/01/25 10:48:30.321&#xA;&lt; Exit [BeforeEach] SizingPolicy - /Users/antont/ansible_deckhouse/virtualization-full/tests/e2e/sizing_policy_test.go:67 @ 10/01/25 10:48:30.321 (0s)&#xA;&gt; Enter [It] creates new `VirtualMachineClass` - /Users/antont/ansible_deckhouse/virtualization-full/tests/e2e/sizing_policy_test.go:187 @ 10/01/25 10:48:30.321&#xA;&lt; Exit [It] creates new `VirtualMachineClass` - /Users/antont/ansible_deckhouse/virtualization-full/tests/e2e/sizing_policy_test.go:187 @ 10/01/25 10:48:32.898 (2.578s)&#xA;&gt; Enter [AfterEach] SizingPolicy - /Users/antont/ansible_deckhouse/virtualization-full/tests/e2e/sizing_policy_test.go:73 @ 10/01/25 10:48:32.898&#xA;&lt; Exit [AfterEach] SizingPolicy - /Users/antont/ansible_deckhouse/virtualization-full/tests/e2e/sizing_policy_test.go:73 @ 10/01/25 10:48:32.898 (0s)&#xA;</system-err>
          </testcase>
          <testcase name="[It] SizingPolicy Not existing virtual machine class When virtual machine with label map[vm:not-existing-vmclass-with-creating] in phase Pending checks VM phase and condition after creating" classname="Tests" status="passed" time="45.489612">
              <system-err>&gt; Enter [BeforeEach] SizingPolicy - /Users/antont/ansible_deckhouse/virtualization-full/tests/e2e/sizing_policy_test.go:67 @ 10/01/25 10:48:32.899&#xA;&lt; Exit [BeforeEach] SizingPolicy - /Users/antont/ansible_deckhouse/virtualization-full/tests/e2e/sizing_policy_test.go:67 @ 10/01/25 10:48:32.899 (0s)&#xA;&gt; Enter [It] checks VM phase and condition after creating - /Users/antont/ansible_deckhouse/virtualization-full/tests/e2e/sizing_policy_test.go:202 @ 10/01/25 10:48:32.899&#xA;STEP: VM should be ready - /Users/antont/ansible_deckhouse/virtualization-full/tests/e2e/sizing_policy_test.go:203 @ 10/01/25 10:48:32.899&#xA;STEP: VirtualMachineClassReady status should be &#39;True&#39; after creating - /Users/antont/ansible_deckhouse/virtualization-full/tests/e2e/sizing_policy_test.go:209 @ 10/01/25 10:49:17.424&#xA;&lt; Exit [It] checks VM phase and condition after creating - /Users/antont/ansible_deckhouse/virtualization-full/tests/e2e/sizing_policy_test.go:202 @ 10/01/25 10:49:18.388 (45.489s)&#xA;&gt; Enter [AfterEach] SizingPolicy - /Users/antont/ansible_deckhouse/virtualization-full/tests/e2e/sizing_policy_test.go:73 @ 10/01/25 10:49:18.388&#xA;&lt; Exit [AfterEach] SizingPolicy - /Users/antont/ansible_deckhouse/virtualization-full/tests/e2e/sizing_policy_test.go:73 @ 10/01/25 10:49:18.388 (0s)&#xA;</system-err>
          </testcase>
          <testcase name="[It] SizingPolicy When virtual machines in phase Running checks sizing policy match" classname="Tests" status="passed" time="5.0909195">
              <system-err>&gt; Enter [BeforeEach] SizingPolicy - /Users/antont/ansible_deckhouse/virtualization-full/tests/e2e/sizing_policy_test.go:67 @ 10/01/25 10:49:18.389&#xA;&lt; Exit [BeforeEach] SizingPolicy - /Users/antont/ansible_deckhouse/virtualization-full/tests/e2e/sizing_policy_test.go:67 @ 10/01/25 10:49:18.389 (0s)&#xA;&gt; Enter [It] checks sizing policy match - /Users/antont/ansible_deckhouse/virtualization-full/tests/e2e/sizing_policy_test.go:216 @ 10/01/25 10:49:18.389&#xA;STEP: Check virtual machine: head-45bdb83d-vm-existing-vmclass - /Users/antont/ansible_deckhouse/virtualization-full/tests/e2e/sizing_policy_test.go:230 @ 10/01/25 10:49:20.372&#xA;STEP: Check virtual machine: head-45bdb83d-vm-not-existing-vmclass-with-changing - /Users/antont/ansible_deckhouse/virtualization-full/tests/e2e/sizing_policy_test.go:230 @ 10/01/25 10:49:21.479&#xA;STEP: Check virtual machine: head-45bdb83d-vm-not-existing-vmclass-with-creating - /Users/antont/ansible_deckhouse/virtualization-full/tests/e2e/sizing_policy_test.go:230 @ 10/01/25 10:49:22.388&#xA;&lt; Exit [It] checks sizing policy match - /Users/antont/ansible_deckhouse/virtualization-full/tests/e2e/sizing_policy_test.go:216 @ 10/01/25 10:49:23.479 (5.091s)&#xA;&gt; Enter [AfterEach] SizingPolicy - /Users/antont/ansible_deckhouse/virtualization-full/tests/e2e/sizing_policy_test.go:73 @ 10/01/25 10:49:23.479&#xA;&lt; Exit [AfterEach] SizingPolicy - /Users/antont/ansible_deckhouse/virtualization-full/tests/e2e/sizing_policy_test.go:73 @ 10/01/25 10:49:23.479 (0s)&#xA;</system-err>
          </testcase>
          <testcase name="[It] SizingPolicy When test is completed deletes test case resources" classname="Tests" status="passed" time="27.085916709">
              <system-err>&gt; Enter [BeforeEach] SizingPolicy - /Users/antont/ansible_deckhouse/virtualization-full/tests/e2e/sizing_policy_test.go:67 @ 10/01/25 10:49:23.48&#xA;&lt; Exit [BeforeEach] SizingPolicy - /Users/antont/ansible_deckhouse/virtualization-full/tests/e2e/sizing_policy_test.go:67 @ 10/01/25 10:49:23.48 (0s)&#xA;&gt; Enter [It] deletes test case resources - /Users/antont/ansible_deckhouse/virtualization-full/tests/e2e/sizing_policy_test.go:240 @ 10/01/25 10:49:23.48&#xA;STEP: Response on deletion request should be successful - /Users/antont/ansible_deckhouse/virtualization-full/tests/e2e/util_test.go:604 @ 10/01/25 10:49:23.48&#xA;END STEP: Response on deletion request should be successful - /Users/antont/ansible_deckhouse/virtualization-full/tests/e2e/util_test.go:604 @ 10/01/25 10:49:50.569 (27.086s)&#xA;&lt; Exit [It] deletes test case resources - /Users/antont/ansible_deckhouse/virtualization-full/tests/e2e/sizing_policy_test.go:240 @ 10/01/25 10:49:50.569 (27.086s)&#xA;&gt; Enter [AfterEach] SizingPolicy - /Users/antont/ansible_deckhouse/virtualization-full/tests/e2e/sizing_policy_test.go:73 @ 10/01/25 10:49:50.569&#xA;&lt; Exit [AfterEach] SizingPolicy - /Users/antont/ansible_deckhouse/virtualization-full/tests/e2e/sizing_policy_test.go:73 @ 10/01/25 10:49:50.569 (0s)&#xA;</system-err>
          </testcase>
          <testcase name="[It] VirtualMachineVersions When virtualization resources are applied: result should be succeeded" classname="Tests" status="passed" time="3.835348041">
              <system-err>&gt; Enter [BeforeAll] VirtualMachineVersions - /Users/antont/ansible_deckhouse/virtualization-full/tests/e2e/vm_version_test.go:35 @ 10/01/25 10:49:50.569&#xA;&lt; Exit [BeforeAll] VirtualMachineVersions - /Users/antont/ansible_deckhouse/virtualization-full/tests/e2e/vm_version_test.go:35 @ 10/01/25 10:49:52.328 (1.757s)&#xA;&gt; Enter [BeforeEach] VirtualMachineVersions - /Users/antont/ansible_deckhouse/virtualization-full/tests/e2e/vm_version_test.go:44 @ 10/01/25 10:49:52.328&#xA;&lt; Exit [BeforeEach] VirtualMachineVersions - /Users/antont/ansible_deckhouse/virtualization-full/tests/e2e/vm_version_test.go:44 @ 10/01/25 10:49:52.328 (0s)&#xA;&gt; Enter [It] result should be succeeded - /Users/antont/ansible_deckhouse/virtualization-full/tests/e2e/vm_version_test.go:57 @ 10/01/25 10:49:52.328&#xA;&lt; Exit [It] result should be succeeded - /Users/antont/ansible_deckhouse/virtualization-full/tests/e2e/vm_version_test.go:57 @ 10/01/25 10:49:54.407 (2.078s)&#xA;&gt; Enter [AfterEach] VirtualMachineVersions - /Users/antont/ansible_deckhouse/virtualization-full/tests/e2e/vm_version_test.go:50 @ 10/01/25 10:49:54.407&#xA;&lt; Exit [AfterEach] VirtualMachineVersions - /Users/antont/ansible_deckhouse/virtualization-full/tests/e2e/vm_version_test.go:50 @ 10/01/25 10:49:54.407 (0s)&#xA;</system-err>
          </testcase>
          <testcase name="[It] VirtualMachineVersions When virtual disks are applied: checks VDs phases" classname="Tests" status="passed" time="14.640029458">
              <system-err>&gt; Enter [BeforeEach] VirtualMachineVersions - /Users/antont/ansible_deckhouse/virtualization-full/tests/e2e/vm_version_test.go:44 @ 10/01/25 10:49:54.407&#xA;&lt; Exit [BeforeEach] VirtualMachineVersions - /Users/antont/ansible_deckhouse/virtualization-full/tests/e2e/vm_version_test.go:44 @ 10/01/25 10:49:54.407 (0s)&#xA;&gt; Enter [It] checks VDs phases - /Users/antont/ansible_deckhouse/virtualization-full/tests/e2e/vm_version_test.go:67 @ 10/01/25 10:49:54.407&#xA;STEP: VDs should be in Ready phase - /Users/antont/ansible_deckhouse/virtualization-full/tests/e2e/vm_version_test.go:68 @ 10/01/25 10:49:54.407&#xA;&lt; Exit [It] checks VDs phases - /Users/antont/ansible_deckhouse/virtualization-full/tests/e2e/vm_version_test.go:67 @ 10/01/25 10:50:09.051 (14.64s)&#xA;&gt; Enter [AfterEach] VirtualMachineVersions - /Users/antont/ansible_deckhouse/virtualization-full/tests/e2e/vm_version_test.go:50 @ 10/01/25 10:50:09.051&#xA;&lt; Exit [AfterEach] VirtualMachineVersions - /Users/antont/ansible_deckhouse/virtualization-full/tests/e2e/vm_version_test.go:50 @ 10/01/25 10:50:09.051 (0s)&#xA;</system-err>
          </testcase>
          <testcase name="[It] VirtualMachineVersions When virtual machines are applied: checks VMs phases" classname="Tests" status="passed" time="56.024773209">
              <system-err>&gt; Enter [BeforeEach] VirtualMachineVersions - /Users/antont/ansible_deckhouse/virtualization-full/tests/e2e/vm_version_test.go:44 @ 10/01/25 10:50:09.052&#xA;&lt; Exit [BeforeEach] VirtualMachineVersions - /Users/antont/ansible_deckhouse/virtualization-full/tests/e2e/vm_version_test.go:44 @ 10/01/25 10:50:09.052 (0s)&#xA;&gt; Enter [It] checks VMs phases - /Users/antont/ansible_deckhouse/virtualization-full/tests/e2e/vm_version_test.go:78 @ 10/01/25 10:50:09.052&#xA;STEP: VM should be in Running phase - /Users/antont/ansible_deckhouse/virtualization-full/tests/e2e/vm_version_test.go:79 @ 10/01/25 10:50:09.052&#xA;&lt; Exit [It] checks VMs phases - /Users/antont/ansible_deckhouse/virtualization-full/tests/e2e/vm_version_test.go:78 @ 10/01/25 10:51:05.079 (56.025s)&#xA;&gt; Enter [AfterEach] VirtualMachineVersions - /Users/antont/ansible_deckhouse/virtualization-full/tests/e2e/vm_version_test.go:50 @ 10/01/25 10:51:05.079&#xA;&lt; Exit [AfterEach] VirtualMachineVersions - /Users/antont/ansible_deckhouse/virtualization-full/tests/e2e/vm_version_test.go:50 @ 10/01/25 10:51:05.079 (0s)&#xA;</system-err>
          </testcase>
          <testcase name="[It] VirtualMachineVersions When virtual machines are ready: has qemu version in the status" classname="Tests" status="passed" time="0.000120583">
              <system-err>&gt; Enter [BeforeEach] VirtualMachineVersions - /Users/antont/ansible_deckhouse/virtualization-full/tests/e2e/vm_version_test.go:44 @ 10/01/25 10:51:05.08&#xA;&lt; Exit [BeforeEach] VirtualMachineVersions - /Users/antont/ansible_deckhouse/virtualization-full/tests/e2e/vm_version_test.go:44 @ 10/01/25 10:51:05.08 (0s)&#xA;&gt; Enter [It] has qemu version in the status - /Users/antont/ansible_deckhouse/virtualization-full/tests/e2e/vm_version_test.go:97 @ 10/01/25 10:51:05.08&#xA;&lt; Exit [It] has qemu version in the status - /Users/antont/ansible_deckhouse/virtualization-full/tests/e2e/vm_version_test.go:97 @ 10/01/25 10:51:05.08 (0s)&#xA;&gt; Enter [AfterEach] VirtualMachineVersions - /Users/antont/ansible_deckhouse/virtualization-full/tests/e2e/vm_version_test.go:50 @ 10/01/25 10:51:05.08&#xA;&lt; Exit [AfterEach] VirtualMachineVersions - /Users/antont/ansible_deckhouse/virtualization-full/tests/e2e/vm_version_test.go:50 @ 10/01/25 10:51:05.08 (0s)&#xA;</system-err>
          </testcase>
          <testcase name="[It] VirtualMachineVersions When virtual machines are ready: has libvirt version in the status" classname="Tests" status="passed" time="8.1084e-05">
              <system-err>&gt; Enter [BeforeEach] VirtualMachineVersions - /Users/antont/ansible_deckhouse/virtualization-full/tests/e2e/vm_version_test.go:44 @ 10/01/25 10:51:05.08&#xA;&lt; Exit [BeforeEach] VirtualMachineVersions - /Users/antont/ansible_deckhouse/virtualization-full/tests/e2e/vm_version_test.go:44 @ 10/01/25 10:51:05.08 (0s)&#xA;&gt; Enter [It] has libvirt version in the status - /Users/antont/ansible_deckhouse/virtualization-full/tests/e2e/vm_version_test.go:103 @ 10/01/25 10:51:05.08&#xA;&lt; Exit [It] has libvirt version in the status - /Users/antont/ansible_deckhouse/virtualization-full/tests/e2e/vm_version_test.go:103 @ 10/01/25 10:51:05.08 (0s)&#xA;&gt; Enter [AfterEach] VirtualMachineVersions - /Users/antont/ansible_deckhouse/virtualization-full/tests/e2e/vm_version_test.go:50 @ 10/01/25 10:51:05.08&#xA;&lt; Exit [AfterEach] VirtualMachineVersions - /Users/antont/ansible_deckhouse/virtualization-full/tests/e2e/vm_version_test.go:50 @ 10/01/25 10:51:05.08 (0s)&#xA;</system-err>
          </testcase>
          <testcase name="[It] VirtualMachineVersions When test is completed deletes test case resources" classname="Tests" status="passed" time="60.324673083">
              <system-err>&gt; Enter [BeforeEach] VirtualMachineVersions - /Users/antont/ansible_deckhouse/virtualization-full/tests/e2e/vm_version_test.go:44 @ 10/01/25 10:51:05.08&#xA;&lt; Exit [BeforeEach] VirtualMachineVersions - /Users/antont/ansible_deckhouse/virtualization-full/tests/e2e/vm_version_test.go:44 @ 10/01/25 10:51:05.08 (0s)&#xA;&gt; Enter [It] deletes test case resources - /Users/antont/ansible_deckhouse/virtualization-full/tests/e2e/vm_version_test.go:114 @ 10/01/25 10:51:05.08&#xA;STEP: Response on deletion request should be successful - /Users/antont/ansible_deckhouse/virtualization-full/tests/e2e/util_test.go:604 @ 10/01/25 10:51:05.08&#xA;END STEP: Response on deletion request should be successful - /Users/antont/ansible_deckhouse/virtualization-full/tests/e2e/util_test.go:604 @ 10/01/25 10:52:05.405 (1m0.324s)&#xA;&lt; Exit [It] deletes test case resources - /Users/antont/ansible_deckhouse/virtualization-full/tests/e2e/vm_version_test.go:114 @ 10/01/25 10:52:05.405 (1m0.324s)&#xA;&gt; Enter [AfterEach] VirtualMachineVersions - /Users/antont/ansible_deckhouse/virtualization-full/tests/e2e/vm_version_test.go:50 @ 10/01/25 10:52:05.405&#xA;&lt; Exit [AfterEach] VirtualMachineVersions - /Users/antont/ansible_deckhouse/virtualization-full/tests/e2e/vm_version_test.go:50 @ 10/01/25 10:52:05.405 (0s)&#xA;</system-err>
          </testcase>
          <testcase name="[It] VirtualMachineCancelMigration Cancel migrate [SIG-Migration]" classname="Tests" status="skipped" time="4.482970375">
              <skipped message="skipped - This test case is not working everytime. Should be fixed."></skipped>
              <system-err>&gt; Enter [BeforeAll] VirtualMachineCancelMigration - /Users/antont/ansible_deckhouse/virtualization-full/tests/e2e/vm_migration_cancel_test.go:39 @ 10/01/25 10:52:05.405&#xA;[SKIPPED] This test case is not working everytime. Should be fixed.&#xA;In [BeforeAll] at: /Users/antont/ansible_deckhouse/virtualization-full/tests/e2e/vm_migration_cancel_test.go:41 @ 10/01/25 10:52:05.406&#xA;&lt; Exit [BeforeAll] VirtualMachineCancelMigration - /Users/antont/ansible_deckhouse/virtualization-full/tests/e2e/vm_migration_cancel_test.go:39 @ 10/01/25 10:52:05.406 (1ms)&#xA;&gt; Enter [AfterEach] VirtualMachineCancelMigration - /Users/antont/ansible_deckhouse/virtualization-full/tests/e2e/vm_migration_cancel_test.go:59 @ 10/01/25 10:52:05.406&#xA;STEP: Response on deletion request should be successful - /Users/antont/ansible_deckhouse/virtualization-full/tests/e2e/util_test.go:604 @ 10/01/25 10:52:05.406&#xA;END STEP: Response on deletion request should be successful - /Users/antont/ansible_deckhouse/virtualization-full/tests/e2e/util_test.go:604 @ 10/01/25 10:52:09.888 (4.482s)&#xA;&lt; Exit [AfterEach] VirtualMachineCancelMigration - /Users/antont/ansible_deckhouse/virtualization-full/tests/e2e/vm_migration_cancel_test.go:59 @ 10/01/25 10:52:09.888 (4.482s)&#xA;</system-err>
          </testcase>
          <testcase name="[It] VirtualMachineRestoreSafe When the virtualization resources are applied result should be succeeded [SIG-Restoration]" classname="Tests" status="passed" time="6.32970075">
              <system-err>&gt; Enter [BeforeAll] VirtualMachineRestoreSafe - /Users/antont/ansible_deckhouse/virtualization-full/tests/e2e/vm_restore_safe_test.go:52 @ 10/01/25 10:52:09.888&#xA;&lt; Exit [BeforeAll] VirtualMachineRestoreSafe - /Users/antont/ansible_deckhouse/virtualization-full/tests/e2e/vm_restore_safe_test.go:52 @ 10/01/25 10:52:11.677 (1.789s)&#xA;&gt; Enter [BeforeEach] VirtualMachineRestoreSafe - /Users/antont/ansible_deckhouse/virtualization-full/tests/e2e/vm_restore_safe_test.go:61 @ 10/01/25 10:52:11.677&#xA;&lt; Exit [BeforeEach] VirtualMachineRestoreSafe - /Users/antont/ansible_deckhouse/virtualization-full/tests/e2e/vm_restore_safe_test.go:61 @ 10/01/25 10:52:11.677 (0s)&#xA;&gt; Enter [It] result should be succeeded - /Users/antont/ansible_deckhouse/virtualization-full/tests/e2e/vm_restore_safe_test.go:74 @ 10/01/25 10:52:11.677&#xA;&lt; Exit [It] result should be succeeded - /Users/antont/ansible_deckhouse/virtualization-full/tests/e2e/vm_restore_safe_test.go:74 @ 10/01/25 10:52:16.218 (4.541s)&#xA;&gt; Enter [AfterEach] VirtualMachineRestoreSafe - /Users/antont/ansible_deckhouse/virtualization-full/tests/e2e/vm_restore_safe_test.go:65 @ 10/01/25 10:52:16.218&#xA;&lt; Exit [AfterEach] VirtualMachineRestoreSafe - /Users/antont/ansible_deckhouse/virtualization-full/tests/e2e/vm_restore_safe_test.go:65 @ 10/01/25 10:52:16.218 (0s)&#xA;</system-err>
          </testcase>
          <testcase name="[It] VirtualMachineRestoreSafe When the virtualization resources are applied checks the resources phase [SIG-Restoration]" classname="Tests" status="passed" time="76.197889833">
              <system-err>&gt; Enter [BeforeEach] VirtualMachineRestoreSafe - /Users/antont/ansible_deckhouse/virtualization-full/tests/e2e/vm_restore_safe_test.go:61 @ 10/01/25 10:52:16.218&#xA;&lt; Exit [BeforeEach] VirtualMachineRestoreSafe - /Users/antont/ansible_deckhouse/virtualization-full/tests/e2e/vm_restore_safe_test.go:61 @ 10/01/25 10:52:16.218 (0s)&#xA;&gt; Enter [It] checks the resources phase - /Users/antont/ansible_deckhouse/virtualization-full/tests/e2e/vm_restore_safe_test.go:105 @ 10/01/25 10:52:16.218&#xA;STEP: `VirtualMachine` agent should be ready - /Users/antont/ansible_deckhouse/virtualization-full/tests/e2e/vm_restore_safe_test.go:106 @ 10/01/25 10:52:16.218&#xA;END STEP: `VirtualMachine` agent should be ready - /Users/antont/ansible_deckhouse/virtualization-full/tests/e2e/vm_restore_safe_test.go:106 @ 10/01/25 10:53:32.416 (1m16.198s)&#xA;&lt; Exit [It] checks the resources phase - /Users/antont/ansible_deckhouse/virtualization-full/tests/e2e/vm_restore_safe_test.go:105 @ 10/01/25 10:53:32.416 (1m16.198s)&#xA;&gt; Enter [AfterEach] VirtualMachineRestoreSafe - /Users/antont/ansible_deckhouse/virtualization-full/tests/e2e/vm_restore_safe_test.go:65 @ 10/01/25 10:53:32.416&#xA;&lt; Exit [AfterEach] VirtualMachineRestoreSafe - /Users/antont/ansible_deckhouse/virtualization-full/tests/e2e/vm_restore_safe_test.go:65 @ 10/01/25 10:53:32.417 (0s)&#xA;</system-err>
          </testcase>
          <testcase name="[It] VirtualMachineRestoreSafe When the virtualization resources are applied add additional interface to virtual machines [SIG-Restoration]" classname="Tests" status="passed" time="44.057723875">
              <system-err>&gt; Enter [BeforeEach] VirtualMachineRestoreSafe - /Users/antont/ansible_deckhouse/virtualization-full/tests/e2e/vm_restore_safe_test.go:61 @ 10/01/25 10:53:32.417&#xA;&lt; Exit [BeforeEach] VirtualMachineRestoreSafe - /Users/antont/ansible_deckhouse/virtualization-full/tests/e2e/vm_restore_safe_test.go:61 @ 10/01/25 10:53:32.417 (0s)&#xA;&gt; Enter [It] add additional interface to virtual machines - /Users/antont/ansible_deckhouse/virtualization-full/tests/e2e/vm_restore_safe_test.go:115 @ 10/01/25 10:53:32.417&#xA;STEP: patch virtual machine for add additional network interface - /Users/antont/ansible_deckhouse/virtualization-full/tests/e2e/vm_restore_safe_test.go:120 @ 10/01/25 10:53:33.123&#xA;END STEP: patch virtual machine for add additional network interface - /Users/antont/ansible_deckhouse/virtualization-full/tests/e2e/vm_restore_safe_test.go:120 @ 10/01/25 10:53:35.857 (2.733s)&#xA;STEP: `VirtualMachine` agent should be ready after patching - /Users/antont/ansible_deckhouse/virtualization-full/tests/e2e/vm_restore_safe_test.go:137 @ 10/01/25 10:53:35.857&#xA;END STEP: `VirtualMachine` agent should be ready after patching - /Users/antont/ansible_deckhouse/virtualization-full/tests/e2e/vm_restore_safe_test.go:137 @ 10/01/25 10:54:15.879 (40.022s)&#xA;STEP: remembering the .status.networks of each VM after patching - /Users/antont/ansible_deckhouse/virtualization-full/tests/e2e/vm_restore_safe_test.go:144 @ 10/01/25 10:54:15.879&#xA;END STEP: remembering the .status.networks of each VM after patching - /Users/antont/ansible_deckhouse/virtualization-full/tests/e2e/vm_restore_safe_test.go:144 @ 10/01/25 10:54:16.475 (595ms)&#xA;&lt; Exit [It] add additional interface to virtual machines - /Users/antont/ansible_deckhouse/virtualization-full/tests/e2e/vm_restore_safe_test.go:115 @ 10/01/25 10:54:16.475 (44.058s)&#xA;&gt; Enter [AfterEach] VirtualMachineRestoreSafe - /Users/antont/ansible_deckhouse/virtualization-full/tests/e2e/vm_restore_safe_test.go:65 @ 10/01/25 10:54:16.475&#xA;&lt; Exit [AfterEach] VirtualMachineRestoreSafe - /Users/antont/ansible_deckhouse/virtualization-full/tests/e2e/vm_restore_safe_test.go:65 @ 10/01/25 10:54:16.475 (0s)&#xA;</system-err>
          </testcase>
          <testcase name="[It] VirtualMachineRestoreSafe When the resources are ready to use restore the `VirtualMachines` with `Safe` mode [SIG-Restoration]" classname="Tests" status="passed" time="127.173102">
              <system-err>&gt; Enter [BeforeEach] VirtualMachineRestoreSafe - /Users/antont/ansible_deckhouse/virtualization-full/tests/e2e/vm_restore_safe_test.go:61 @ 10/01/25 10:54:16.475&#xA;&lt; Exit [BeforeEach] VirtualMachineRestoreSafe - /Users/antont/ansible_deckhouse/virtualization-full/tests/e2e/vm_restore_safe_test.go:61 @ 10/01/25 10:54:16.475 (0s)&#xA;&gt; Enter [It] restore the `VirtualMachines` with `Safe` mode - /Users/antont/ansible_deckhouse/virtualization-full/tests/e2e/vm_restore_safe_test.go:158 @ 10/01/25 10:54:16.475&#xA;STEP: Getting `VirtualMachines` - /Users/antont/ansible_deckhouse/virtualization-full/tests/e2e/vm_restore_safe_test.go:162 @ 10/01/25 10:54:16.475&#xA;END STEP: Getting `VirtualMachines` - /Users/antont/ansible_deckhouse/virtualization-full/tests/e2e/vm_restore_safe_test.go:162 @ 10/01/25 10:54:17.375 (900ms)&#xA;STEP: Creating `VirtualMachineSnapshots` - /Users/antont/ansible_deckhouse/virtualization-full/tests/e2e/vm_restore_safe_test.go:170 @ 10/01/25 10:54:17.375&#xA;END STEP: Creating `VirtualMachineSnapshots` - /Users/antont/ansible_deckhouse/virtualization-full/tests/e2e/vm_restore_safe_test.go:170 @ 10/01/25 10:54:25.043 (7.668s)&#xA;STEP: Attaching `VirtualDisk` after `VirtualMachine` snapshotting - /Users/antont/ansible_deckhouse/virtualization-full/tests/e2e/vm_restore_safe_test.go:190 @ 10/01/25 10:54:25.043&#xA;END STEP: Attaching `VirtualDisk` after `VirtualMachine` snapshotting - /Users/antont/ansible_deckhouse/virtualization-full/tests/e2e/vm_restore_safe_test.go:190 @ 10/01/25 10:54:35.528 (10.485s)&#xA;STEP: Deleting `VirtualMachines` and their resources for `Safe` restoring - /Users/antont/ansible_deckhouse/virtualization-full/tests/e2e/vm_restore_safe_test.go:212 @ 10/01/25 10:54:35.528&#xA;END STEP: Deleting `VirtualMachines` and their resources for `Safe` restoring - /Users/antont/ansible_deckhouse/virtualization-full/tests/e2e/vm_restore_safe_test.go:212 @ 10/01/25 10:54:58.709 (23.181s)&#xA;STEP: Creating `VirtualMachineRestores` - /Users/antont/ansible_deckhouse/virtualization-full/tests/e2e/vm_restore_safe_test.go:275 @ 10/01/25 10:54:58.709&#xA;END STEP: Creating `VirtualMachineRestores` - /Users/antont/ansible_deckhouse/virtualization-full/tests/e2e/vm_restore_safe_test.go:275 @ 10/01/25 10:56:18.185 (1m19.475s)&#xA;STEP: Checking the result of restoration - /Users/antont/ansible_deckhouse/virtualization-full/tests/e2e/vm_restore_safe_test.go:300 @ 10/01/25 10:56:18.185&#xA;END STEP: Checking the result of restoration - /Users/antont/ansible_deckhouse/virtualization-full/tests/e2e/vm_restore_safe_test.go:300 @ 10/01/25 10:56:23.648 (5.464s)&#xA;&lt; Exit [It] restore the `VirtualMachines` with `Safe` mode - /Users/antont/ansible_deckhouse/virtualization-full/tests/e2e/vm_restore_safe_test.go:158 @ 10/01/25 10:56:23.648 (2m7.173s)&#xA;&gt; Enter [AfterEach] VirtualMachineRestoreSafe - /Users/antont/ansible_deckhouse/virtualization-full/tests/e2e/vm_restore_safe_test.go:65 @ 10/01/25 10:56:23.648&#xA;&lt; Exit [AfterEach] VirtualMachineRestoreSafe - /Users/antont/ansible_deckhouse/virtualization-full/tests/e2e/vm_restore_safe_test.go:65 @ 10/01/25 10:56:23.648 (0s)&#xA;</system-err>
          </testcase>
          <testcase name="[It] VirtualMachineRestoreSafe When the resources are ready to use check the .status.networks of each VM after restore [SIG-Restoration]" classname="Tests" status="passed" time="2.99215075">
              <system-err>&gt; Enter [BeforeEach] VirtualMachineRestoreSafe - /Users/antont/ansible_deckhouse/virtualization-full/tests/e2e/vm_restore_safe_test.go:61 @ 10/01/25 10:56:23.649&#xA;&lt; Exit [BeforeEach] VirtualMachineRestoreSafe - /Users/antont/ansible_deckhouse/virtualization-full/tests/e2e/vm_restore_safe_test.go:61 @ 10/01/25 10:56:23.649 (0s)&#xA;&gt; Enter [It] check the .status.networks of each VM after restore - /Users/antont/ansible_deckhouse/virtualization-full/tests/e2e/vm_restore_safe_test.go:348 @ 10/01/25 10:56:23.649&#xA;&lt; Exit [It] check the .status.networks of each VM after restore - /Users/antont/ansible_deckhouse/virtualization-full/tests/e2e/vm_restore_safe_test.go:348 @ 10/01/25 10:56:26.641 (2.992s)&#xA;&gt; Enter [AfterEach] VirtualMachineRestoreSafe - /Users/antont/ansible_deckhouse/virtualization-full/tests/e2e/vm_restore_safe_test.go:65 @ 10/01/25 10:56:26.641&#xA;&lt; Exit [AfterEach] VirtualMachineRestoreSafe - /Users/antont/ansible_deckhouse/virtualization-full/tests/e2e/vm_restore_safe_test.go:65 @ 10/01/25 10:56:26.641 (0s)&#xA;</system-err>
          </testcase>
          <testcase name="[It] VirtualMachineRestoreSafe When test is completed deletes test case resources [SIG-Restoration]" classname="Tests" status="passed" time="8.0126605">
              <system-err>&gt; Enter [BeforeEach] VirtualMachineRestoreSafe - /Users/antont/ansible_deckhouse/virtualization-full/tests/e2e/vm_restore_safe_test.go:61 @ 10/01/25 10:56:26.641&#xA;&lt; Exit [BeforeEach] VirtualMachineRestoreSafe - /Users/antont/ansible_deckhouse/virtualization-full/tests/e2e/vm_restore_safe_test.go:61 @ 10/01/25 10:56:26.641 (0s)&#xA;&gt; Enter [It] deletes test case resources - /Users/antont/ansible_deckhouse/virtualization-full/tests/e2e/vm_restore_safe_test.go:374 @ 10/01/25 10:56:26.641&#xA;STEP: Response on deletion request should be successful - /Users/antont/ansible_deckhouse/virtualization-full/tests/e2e/util_test.go:604 @ 10/01/25 10:56:26.641&#xA;END STEP: Response on deletion request should be successful - /Users/antont/ansible_deckhouse/virtualization-full/tests/e2e/util_test.go:604 @ 10/01/25 10:56:34.654 (8.013s)&#xA;&lt; Exit [It] deletes test case resources - /Users/antont/ansible_deckhouse/virtualization-full/tests/e2e/vm_restore_safe_test.go:374 @ 10/01/25 10:56:34.654 (8.013s)&#xA;&gt; Enter [AfterEach] VirtualMachineRestoreSafe - /Users/antont/ansible_deckhouse/virtualization-full/tests/e2e/vm_restore_safe_test.go:65 @ 10/01/25 10:56:34.654&#xA;&lt; Exit [AfterEach] VirtualMachineRestoreSafe - /Users/antont/ansible_deckhouse/virtualization-full/tests/e2e/vm_restore_safe_test.go:65 @ 10/01/25 10:56:34.654 (0s)&#xA;</system-err>
          </testcase>
          <testcase name="[It] [sig-storage] Volume migration when storage class changed should be successful when only root disk changed storage class [SIG-Storage]" classname="Tests" status="skipped" time="0.000567709">
              <skipped message="skipped - This test case is not working everytime. Should be fixed."></skipped>
              <system-err>&gt; Enter [BeforeEach] [sig-storage] Volume migration when storage class changed - /Users/antont/ansible_deckhouse/virtualization-full/tests/e2e/storage/volume_migration_storage_class_changed.go:50 @ 10/01/25 10:56:34.654&#xA;[SKIPPED] This test case is not working everytime. Should be fixed.&#xA;In [BeforeEach] at: /Users/antont/ansible_deckhouse/virtualization-full/tests/e2e/storage/volume_migration_storage_class_changed.go:52 @ 10/01/25 10:56:34.655&#xA;&lt; Exit [BeforeEach] [sig-storage] Volume migration when storage class changed - /Users/antont/ansible_deckhouse/virtualization-full/tests/e2e/storage/volume_migration_storage_class_changed.go:50 @ 10/01/25 10:56:34.655 (1ms)&#xA;</system-err>
          </testcase>
          <testcase name="[It] [sig-storage] Volume migration when storage class changed should be successful when root disk changed storage class and one local additional disk [SIG-Storage]" classname="Tests" status="skipped" time="0.000156792">
              <skipped message="skipped - This test case is not working everytime. Should be fixed."></skipped>
              <system-err>&gt; Enter [BeforeEach] [sig-storage] Volume migration when storage class changed - /Users/antont/ansible_deckhouse/virtualization-full/tests/e2e/storage/volume_migration_storage_class_changed.go:50 @ 10/01/25 10:56:34.655&#xA;[SKIPPED] This test case is not working everytime. Should be fixed.&#xA;In [BeforeEach] at: /Users/antont/ansible_deckhouse/virtualization-full/tests/e2e/storage/volume_migration_storage_class_changed.go:52 @ 10/01/25 10:56:34.655&#xA;&lt; Exit [BeforeEach] [sig-storage] Volume migration when storage class changed - /Users/antont/ansible_deckhouse/virtualization-full/tests/e2e/storage/volume_migration_storage_class_changed.go:50 @ 10/01/25 10:56:34.655 (0s)&#xA;</system-err>
          </testcase>
          <testcase name="[It] [sig-storage] Volume migration when storage class changed should be successful when root disk changed storage class and one additional disk [SIG-Storage]" classname="Tests" status="skipped" time="0.000194125">
              <skipped message="skipped - This test case is not working everytime. Should be fixed."></skipped>
              <system-err>&gt; Enter [BeforeEach] [sig-storage] Volume migration when storage class changed - /Users/antont/ansible_deckhouse/virtualization-full/tests/e2e/storage/volume_migration_storage_class_changed.go:50 @ 10/01/25 10:56:34.655&#xA;[SKIPPED] This test case is not working everytime. Should be fixed.&#xA;In [BeforeEach] at: /Users/antont/ansible_deckhouse/virtualization-full/tests/e2e/storage/volume_migration_storage_class_changed.go:52 @ 10/01/25 10:56:34.655&#xA;&lt; Exit [BeforeEach] [sig-storage] Volume migration when storage class changed - /Users/antont/ansible_deckhouse/virtualization-full/tests/e2e/storage/volume_migration_storage_class_changed.go:50 @ 10/01/25 10:56:34.655 (0s)&#xA;</system-err>
          </testcase>
          <testcase name="[It] [sig-storage] Volume migration when storage class changed should be successful when only additional disk changed storage class [SIG-Storage]" classname="Tests" status="skipped" time="0.000137125">
              <skipped message="skipped - This test case is not working everytime. Should be fixed."></skipped>
              <system-err>&gt; Enter [BeforeEach] [sig-storage] Volume migration when storage class changed - /Users/antont/ansible_deckhouse/virtualization-full/tests/e2e/storage/volume_migration_storage_class_changed.go:50 @ 10/01/25 10:56:34.655&#xA;[SKIPPED] This test case is not working everytime. Should be fixed.&#xA;In [BeforeEach] at: /Users/antont/ansible_deckhouse/virtualization-full/tests/e2e/storage/volume_migration_storage_class_changed.go:52 @ 10/01/25 10:56:34.655&#xA;&lt; Exit [BeforeEach] [sig-storage] Volume migration when storage class changed - /Users/antont/ansible_deckhouse/virtualization-full/tests/e2e/storage/volume_migration_storage_class_changed.go:50 @ 10/01/25 10:56:34.655 (0s)&#xA;</system-err>
          </testcase>
          <testcase name="[It] [sig-storage] Volume migration when storage class changed should be reverted when only root disk changed storage class [SIG-Storage]" classname="Tests" status="skipped" time="0.000119166">
              <skipped message="skipped - This test case is not working everytime. Should be fixed."></skipped>
              <system-err>&gt; Enter [BeforeEach] [sig-storage] Volume migration when storage class changed - /Users/antont/ansible_deckhouse/virtualization-full/tests/e2e/storage/volume_migration_storage_class_changed.go:50 @ 10/01/25 10:56:34.655&#xA;[SKIPPED] This test case is not working everytime. Should be fixed.&#xA;In [BeforeEach] at: /Users/antont/ansible_deckhouse/virtualization-full/tests/e2e/storage/volume_migration_storage_class_changed.go:52 @ 10/01/25 10:56:34.656&#xA;&lt; Exit [BeforeEach] [sig-storage] Volume migration when storage class changed - /Users/antont/ansible_deckhouse/virtualization-full/tests/e2e/storage/volume_migration_storage_class_changed.go:50 @ 10/01/25 10:56:34.656 (0s)&#xA;</system-err>
          </testcase>
          <testcase name="[It] [sig-storage] Volume migration when storage class changed should be reverted when root disk changed storage class and one local additional disk [SIG-Storage]" classname="Tests" status="skipped" time="0.000149042">
              <skipped message="skipped - This test case is not working everytime. Should be fixed."></skipped>
              <system-err>&gt; Enter [BeforeEach] [sig-storage] Volume migration when storage class changed - /Users/antont/ansible_deckhouse/virtualization-full/tests/e2e/storage/volume_migration_storage_class_changed.go:50 @ 10/01/25 10:56:34.656&#xA;[SKIPPED] This test case is not working everytime. Should be fixed.&#xA;In [BeforeEach] at: /Users/antont/ansible_deckhouse/virtualization-full/tests/e2e/storage/volume_migration_storage_class_changed.go:52 @ 10/01/25 10:56:34.656&#xA;&lt; Exit [BeforeEach] [sig-storage] Volume migration when storage class changed - /Users/antont/ansible_deckhouse/virtualization-full/tests/e2e/storage/volume_migration_storage_class_changed.go:50 @ 10/01/25 10:56:34.656 (0s)&#xA;</system-err>
          </testcase>
          <testcase name="[It] [sig-storage] Volume migration when storage class changed should be reverted when root disk changed storage class and one additional disk [SIG-Storage]" classname="Tests" status="skipped" time="0.000298834">
              <skipped message="skipped - This test case is not working everytime. Should be fixed."></skipped>
              <system-err>&gt; Enter [BeforeEach] [sig-storage] Volume migration when storage class changed - /Users/antont/ansible_deckhouse/virtualization-full/tests/e2e/storage/volume_migration_storage_class_changed.go:50 @ 10/01/25 10:56:34.656&#xA;[SKIPPED] This test case is not working everytime. Should be fixed.&#xA;In [BeforeEach] at: /Users/antont/ansible_deckhouse/virtualization-full/tests/e2e/storage/volume_migration_storage_class_changed.go:52 @ 10/01/25 10:56:34.656&#xA;&lt; Exit [BeforeEach] [sig-storage] Volume migration when storage class changed - /Users/antont/ansible_deckhouse/virtualization-full/tests/e2e/storage/volume_migration_storage_class_changed.go:50 @ 10/01/25 10:56:34.656 (0s)&#xA;</system-err>
          </testcase>
          <testcase name="[It] [sig-storage] Volume migration when storage class changed should be reverted when only additional disk changed storage class [SIG-Storage]" classname="Tests" status="skipped" time="0.000128208">
              <skipped message="skipped - This test case is not working everytime. Should be fixed."></skipped>
              <system-err>&gt; Enter [BeforeEach] [sig-storage] Volume migration when storage class changed - /Users/antont/ansible_deckhouse/virtualization-full/tests/e2e/storage/volume_migration_storage_class_changed.go:50 @ 10/01/25 10:56:34.656&#xA;[SKIPPED] This test case is not working everytime. Should be fixed.&#xA;In [BeforeEach] at: /Users/antont/ansible_deckhouse/virtualization-full/tests/e2e/storage/volume_migration_storage_class_changed.go:52 @ 10/01/25 10:56:34.657&#xA;&lt; Exit [BeforeEach] [sig-storage] Volume migration when storage class changed - /Users/antont/ansible_deckhouse/virtualization-full/tests/e2e/storage/volume_migration_storage_class_changed.go:50 @ 10/01/25 10:56:34.657 (0s)&#xA;</system-err>
          </testcase>
          <testcase name="[It] [sig-storage] Volume migration when storage class changed should be successful two migrations in a row [SIG-Storage]" classname="Tests" status="skipped" time="0.000142542">
              <skipped message="skipped - This test case is not working everytime. Should be fixed."></skipped>
              <system-err>&gt; Enter [BeforeEach] [sig-storage] Volume migration when storage class changed - /Users/antont/ansible_deckhouse/virtualization-full/tests/e2e/storage/volume_migration_storage_class_changed.go:50 @ 10/01/25 10:56:34.657&#xA;[SKIPPED] This test case is not working everytime. Should be fixed.&#xA;In [BeforeEach] at: /Users/antont/ansible_deckhouse/virtualization-full/tests/e2e/storage/volume_migration_storage_class_changed.go:52 @ 10/01/25 10:56:34.657&#xA;&lt; Exit [BeforeEach] [sig-storage] Volume migration when storage class changed - /Users/antont/ansible_deckhouse/virtualization-full/tests/e2e/storage/volume_migration_storage_class_changed.go:50 @ 10/01/25 10:56:34.657 (0s)&#xA;</system-err>
          </testcase>
          <testcase name="[It] VirtualDiskAttachment When resources are applied result should be succeeded" classname="Tests" status="passed" time="5.093657792">
              <system-err>&gt; Enter [BeforeAll] VirtualDiskAttachment - /Users/antont/ansible_deckhouse/virtualization-full/tests/e2e/vm_disk_attachment_test.go:52 @ 10/01/25 10:56:34.657&#xA;&lt; Exit [BeforeAll] VirtualDiskAttachment - /Users/antont/ansible_deckhouse/virtualization-full/tests/e2e/vm_disk_attachment_test.go:52 @ 10/01/25 10:56:36.38 (1.723s)&#xA;&gt; Enter [BeforeEach] VirtualDiskAttachment - /Users/antont/ansible_deckhouse/virtualization-full/tests/e2e/vm_disk_attachment_test.go:64 @ 10/01/25 10:56:36.38&#xA;&lt; Exit [BeforeEach] VirtualDiskAttachment - /Users/antont/ansible_deckhouse/virtualization-full/tests/e2e/vm_disk_attachment_test.go:64 @ 10/01/25 10:56:36.38 (0s)&#xA;&gt; Enter [It] result should be succeeded - /Users/antont/ansible_deckhouse/virtualization-full/tests/e2e/vm_disk_attachment_test.go:77 @ 10/01/25 10:56:36.38&#xA;&lt; Exit [It] result should be succeeded - /Users/antont/ansible_deckhouse/virtualization-full/tests/e2e/vm_disk_attachment_test.go:77 @ 10/01/25 10:56:39.75 (3.37s)&#xA;&gt; Enter [AfterEach] VirtualDiskAttachment - /Users/antont/ansible_deckhouse/virtualization-full/tests/e2e/vm_disk_attachment_test.go:70 @ 10/01/25 10:56:39.751&#xA;&lt; Exit [AfterEach] VirtualDiskAttachment - /Users/antont/ansible_deckhouse/virtualization-full/tests/e2e/vm_disk_attachment_test.go:70 @ 10/01/25 10:56:39.751 (0s)&#xA;</system-err>
          </testcase>
          <testcase name="[It] VirtualDiskAttachment When virtual images are applied checks VIs phases" classname="Tests" status="passed" time="5.664249834">
              <system-err>&gt; Enter [BeforeEach] VirtualDiskAttachment - /Users/antont/ansible_deckhouse/virtualization-full/tests/e2e/vm_disk_attachment_test.go:64 @ 10/01/25 10:56:39.751&#xA;&lt; Exit [BeforeEach] VirtualDiskAttachment - /Users/antont/ansible_deckhouse/virtualization-full/tests/e2e/vm_disk_attachment_test.go:64 @ 10/01/25 10:56:39.751 (0s)&#xA;&gt; Enter [It] checks VIs phases - /Users/antont/ansible_deckhouse/virtualization-full/tests/e2e/vm_disk_attachment_test.go:87 @ 10/01/25 10:56:39.751&#xA;STEP: VIs should be in Ready phases - /Users/antont/ansible_deckhouse/virtualization-full/tests/e2e/vm_disk_attachment_test.go:88 @ 10/01/25 10:56:39.751&#xA;&lt; Exit [It] checks VIs phases - /Users/antont/ansible_deckhouse/virtualization-full/tests/e2e/vm_disk_attachment_test.go:87 @ 10/01/25 10:56:45.415 (5.664s)&#xA;&gt; Enter [AfterEach] VirtualDiskAttachment - /Users/antont/ansible_deckhouse/virtualization-full/tests/e2e/vm_disk_attachment_test.go:70 @ 10/01/25 10:56:45.415&#xA;&lt; Exit [AfterEach] VirtualDiskAttachment - /Users/antont/ansible_deckhouse/virtualization-full/tests/e2e/vm_disk_attachment_test.go:70 @ 10/01/25 10:56:45.415 (0s)&#xA;</system-err>
          </testcase>
          <testcase name="[It] VirtualDiskAttachment When virtual disks are applied checks VDs phases" classname="Tests" status="passed" time="12.618096292">
              <system-err>&gt; Enter [BeforeEach] VirtualDiskAttachment - /Users/antont/ansible_deckhouse/virtualization-full/tests/e2e/vm_disk_attachment_test.go:64 @ 10/01/25 10:56:45.415&#xA;&lt; Exit [BeforeEach] VirtualDiskAttachment - /Users/antont/ansible_deckhouse/virtualization-full/tests/e2e/vm_disk_attachment_test.go:64 @ 10/01/25 10:56:45.415 (0s)&#xA;&gt; Enter [It] checks VDs phases - /Users/antont/ansible_deckhouse/virtualization-full/tests/e2e/vm_disk_attachment_test.go:98 @ 10/01/25 10:56:45.415&#xA;STEP: VDs with consumers should be in Ready phases - /Users/antont/ansible_deckhouse/virtualization-full/tests/e2e/vm_disk_attachment_test.go:99 @ 10/01/25 10:56:45.415&#xA;STEP: VDs without consumers should be in Ready phases - /Users/antont/ansible_deckhouse/virtualization-full/tests/e2e/vm_disk_attachment_test.go:106 @ 10/01/25 10:56:55.759&#xA;&lt; Exit [It] checks VDs phases - /Users/antont/ansible_deckhouse/virtualization-full/tests/e2e/vm_disk_attachment_test.go:98 @ 10/01/25 10:56:58.033 (12.618s)&#xA;&gt; Enter [AfterEach] VirtualDiskAttachment - /Users/antont/ansible_deckhouse/virtualization-full/tests/e2e/vm_disk_attachment_test.go:70 @ 10/01/25 10:56:58.033&#xA;&lt; Exit [AfterEach] VirtualDiskAttachment - /Users/antont/ansible_deckhouse/virtualization-full/tests/e2e/vm_disk_attachment_test.go:70 @ 10/01/25 10:56:58.033 (0s)&#xA;</system-err>
          </testcase>
          <testcase name="[It] VirtualDiskAttachment When virtual machines are applied checks VMs phases" classname="Tests" status="passed" time="79.772545083">
              <system-err>&gt; Enter [BeforeEach] VirtualDiskAttachment - /Users/antont/ansible_deckhouse/virtualization-full/tests/e2e/vm_disk_attachment_test.go:64 @ 10/01/25 10:56:58.034&#xA;&lt; Exit [BeforeEach] VirtualDiskAttachment - /Users/antont/ansible_deckhouse/virtualization-full/tests/e2e/vm_disk_attachment_test.go:64 @ 10/01/25 10:56:58.034 (0s)&#xA;&gt; Enter [It] checks VMs phases - /Users/antont/ansible_deckhouse/virtualization-full/tests/e2e/vm_disk_attachment_test.go:116 @ 10/01/25 10:56:58.034&#xA;STEP: Virtual machine agents should be ready - /Users/antont/ansible_deckhouse/virtualization-full/tests/e2e/vm_disk_attachment_test.go:117 @ 10/01/25 10:56:58.034&#xA;&lt; Exit [It] checks VMs phases - /Users/antont/ansible_deckhouse/virtualization-full/tests/e2e/vm_disk_attachment_test.go:116 @ 10/01/25 10:58:17.806 (1m19.772s)&#xA;&gt; Enter [AfterEach] VirtualDiskAttachment - /Users/antont/ansible_deckhouse/virtualization-full/tests/e2e/vm_disk_attachment_test.go:70 @ 10/01/25 10:58:17.806&#xA;&lt; Exit [AfterEach] VirtualDiskAttachment - /Users/antont/ansible_deckhouse/virtualization-full/tests/e2e/vm_disk_attachment_test.go:70 @ 10/01/25 10:58:17.807 (0s)&#xA;</system-err>
          </testcase>
          <testcase name="[It] VirtualDiskAttachment Attachment When virtual machine agents are ready get disk count before attachment" classname="Tests" status="failed" time="95.944591334">
              <failure message="Timed out after 90.001s.&#xA;virtualMachine: head-45bdb83d-vm-automatic-with-hotplug-standalone&#xA;Unexpected error:&#xA;    &lt;*errors.errorString | 0x14001295f30&gt;: &#xA;    cmd: d8 v ssh head-45bdb83d-vm-automatic-with-hotplug-standalone -c &#39;lsblk --nodeps --json&#39; --local-ssh=true --local-ssh-opts=&#39;-o StrictHostKeyChecking=no&#39; --local-ssh-opts=&#39;-o UserKnownHostsFile=/dev/null&#39; --local-ssh-opts=&#39;-o LogLevel=ERROR&#39; --local-ssh-opts=&#39;-o ConnectTimeout=10s&#39; -n head-45bdb83d-end-to-end-vm-disk-attachment --username=cloud --identity-file=/tmp/testdata/sshkeys/id_ed&#xA;    stderr: bash: d8: command not found&#xA;    &#xA;    {&#xA;        s: &#34;cmd: d8 v ssh head-45bdb83d-vm-automatic-with-hotplug-standalone -c &#39;lsblk --nodeps --json&#39; --local-ssh=true --local-ssh-opts=&#39;-o StrictHostKeyChecking=no&#39; --local-ssh-opts=&#39;-o UserKnownHostsFile=/dev/null&#39; --local-ssh-opts=&#39;-o LogLevel=ERROR&#39; --local-ssh-opts=&#39;-o ConnectTimeout=10s&#39; -n head-45bdb83d-end-to-end-vm-disk-attachment --username=cloud --identity-file=/tmp/testdata/sshkeys/id_ed\nstderr: bash: d8: command not found\n&#34;,&#xA;    }&#xA;occurred" type="failed">[FAILED] Timed out after 90.001s.&#xA;virtualMachine: head-45bdb83d-vm-automatic-with-hotplug-standalone&#xA;Unexpected error:&#xA;    &lt;*errors.errorString | 0x14001295f30&gt;: &#xA;    cmd: d8 v ssh head-45bdb83d-vm-automatic-with-hotplug-standalone -c &#39;lsblk --nodeps --json&#39; --local-ssh=true --local-ssh-opts=&#39;-o StrictHostKeyChecking=no&#39; --local-ssh-opts=&#39;-o UserKnownHostsFile=/dev/null&#39; --local-ssh-opts=&#39;-o LogLevel=ERROR&#39; --local-ssh-opts=&#39;-o ConnectTimeout=10s&#39; -n head-45bdb83d-end-to-end-vm-disk-attachment --username=cloud --identity-file=/tmp/testdata/sshkeys/id_ed&#xA;    stderr: bash: d8: command not found&#xA;    &#xA;    {&#xA;        s: &#34;cmd: d8 v ssh head-45bdb83d-vm-automatic-with-hotplug-standalone -c &#39;lsblk --nodeps --json&#39; --local-ssh=true --local-ssh-opts=&#39;-o StrictHostKeyChecking=no&#39; --local-ssh-opts=&#39;-o UserKnownHostsFile=/dev/null&#39; --local-ssh-opts=&#39;-o LogLevel=ERROR&#39; --local-ssh-opts=&#39;-o ConnectTimeout=10s&#39; -n head-45bdb83d-end-to-end-vm-disk-attachment --username=cloud --identity-file=/tmp/testdata/sshkeys/id_ed\nstderr: bash: d8: command not found\n&#34;,&#xA;    }&#xA;occurred&#xA;In [It] at: /Users/antont/ansible_deckhouse/virtualization-full/tests/e2e/vm_disk_attachment_test.go:131 @ 10/01/25 10:59:47.809&#xA;</failure>
              <system-err>&gt; Enter [BeforeEach] VirtualDiskAttachment - /Users/antont/ansible_deckhouse/virtualization-full/tests/e2e/vm_disk_attachment_test.go:64 @ 10/01/25 10:58:17.807&#xA;&lt; Exit [BeforeEach] VirtualDiskAttachment - /Users/antont/ansible_deckhouse/virtualization-full/tests/e2e/vm_disk_attachment_test.go:64 @ 10/01/25 10:58:17.807 (0s)&#xA;&gt; Enter [It] get disk count before attachment - /Users/antont/ansible_deckhouse/virtualization-full/tests/e2e/vm_disk_attachment_test.go:128 @ 10/01/25 10:58:17.807&#xA;[FAILED] Timed out after 90.001s.&#xA;virtualMachine: head-45bdb83d-vm-automatic-with-hotplug-standalone&#xA;Unexpected error:&#xA;    &lt;*errors.errorString | 0x14001295f30&gt;: &#xA;    cmd: d8 v ssh head-45bdb83d-vm-automatic-with-hotplug-standalone -c &#39;lsblk --nodeps --json&#39; --local-ssh=true --local-ssh-opts=&#39;-o StrictHostKeyChecking=no&#39; --local-ssh-opts=&#39;-o UserKnownHostsFile=/dev/null&#39; --local-ssh-opts=&#39;-o LogLevel=ERROR&#39; --local-ssh-opts=&#39;-o ConnectTimeout=10s&#39; -n head-45bdb83d-end-to-end-vm-disk-attachment --username=cloud --identity-file=/tmp/testdata/sshkeys/id_ed&#xA;    stderr: bash: d8: command not found&#xA;    &#xA;    {&#xA;        s: &#34;cmd: d8 v ssh head-45bdb83d-vm-automatic-with-hotplug-standalone -c &#39;lsblk --nodeps --json&#39; --local-ssh=true --local-ssh-opts=&#39;-o StrictHostKeyChecking=no&#39; --local-ssh-opts=&#39;-o UserKnownHostsFile=/dev/null&#39; --local-ssh-opts=&#39;-o LogLevel=ERROR&#39; --local-ssh-opts=&#39;-o ConnectTimeout=10s&#39; -n head-45bdb83d-end-to-end-vm-disk-attachment --username=cloud --identity-file=/tmp/testdata/sshkeys/id_ed\nstderr: bash: d8: command not found\n&#34;,&#xA;    }&#xA;occurred&#xA;In [It] at: /Users/antont/ansible_deckhouse/virtualization-full/tests/e2e/vm_disk_attachment_test.go:131 @ 10/01/25 10:59:47.809&#xA;&lt; Exit [It] get disk count before attachment - /Users/antont/ansible_deckhouse/virtualization-full/tests/e2e/vm_disk_attachment_test.go:128 @ 10/01/25 10:59:47.809 (1m30.002s)&#xA;&gt; Enter [AfterEach] VirtualDiskAttachment - /Users/antont/ansible_deckhouse/virtualization-full/tests/e2e/vm_disk_attachment_test.go:70 @ 10/01/25 10:59:47.809&#xA;&lt; Exit [AfterEach] VirtualDiskAttachment - /Users/antont/ansible_deckhouse/virtualization-full/tests/e2e/vm_disk_attachment_test.go:70 @ 10/01/25 10:59:53.752 (5.943s)&#xA;</system-err>
          </testcase>
          <testcase name="[It] VirtualDiskAttachment Attachment When virtual machine agents are ready attaches virtual disk" classname="Tests" status="skipped" time="0">
              <skipped message="skipped - Spec skipped because an earlier spec in an ordered container failed"></skipped>
              <system-err>[SKIPPED] Spec skipped because an earlier spec in an ordered container failed&#xA;In [It] at: /Users/antont/ansible_deckhouse/virtualization-full/tests/e2e/vm_disk_attachment_test.go:133 @ 10/01/25 10:59:53.752&#xA;</system-err>
          </testcase>
          <testcase name="[It] VirtualDiskAttachment Attachment When virtual machine agents are ready checks VM and VMBDA phases" classname="Tests" status="skipped" time="0">
              <skipped message="skipped - Spec skipped because an earlier spec in an ordered container failed"></skipped>
              <system-err>[SKIPPED] Spec skipped because an earlier spec in an ordered container failed&#xA;In [It] at: /Users/antont/ansible_deckhouse/virtualization-full/tests/e2e/vm_disk_attachment_test.go:136 @ 10/01/25 10:59:53.752&#xA;</system-err>
          </testcase>
          <testcase name="[It] VirtualDiskAttachment Attachment When virtual machine agents are ready compares disk count before and after attachment" classname="Tests" status="skipped" time="0">
              <skipped message="skipped - Spec skipped because an earlier spec in an ordered container failed"></skipped>
              <system-err>[SKIPPED] Spec skipped because an earlier spec in an ordered container failed&#xA;In [It] at: /Users/antont/ansible_deckhouse/virtualization-full/tests/e2e/vm_disk_attachment_test.go:150 @ 10/01/25 10:59:53.752&#xA;</system-err>
          </testcase>
          <testcase name="[It] VirtualDiskAttachment Detachment When virtual machines are in Running phases get disk count before detachment" classname="Tests" status="skipped" time="0">
              <skipped message="skipped - Spec skipped because an earlier spec in an ordered container failed"></skipped>
              <system-err>[SKIPPED] Spec skipped because an earlier spec in an ordered container failed&#xA;In [It] at: /Users/antont/ansible_deckhouse/virtualization-full/tests/e2e/vm_disk_attachment_test.go:166 @ 10/01/25 10:59:53.752&#xA;</system-err>
          </testcase>
          <testcase name="[It] VirtualDiskAttachment Detachment When virtual machines are in Running phases detaches virtual disk" classname="Tests" status="skipped" time="0">
              <skipped message="skipped - Spec skipped because an earlier spec in an ordered container failed"></skipped>
              <system-err>[SKIPPED] Spec skipped because an earlier spec in an ordered container failed&#xA;In [It] at: /Users/antont/ansible_deckhouse/virtualization-full/tests/e2e/vm_disk_attachment_test.go:171 @ 10/01/25 10:59:53.752&#xA;</system-err>
          </testcase>
          <testcase name="[It] VirtualDiskAttachment Detachment When virtual machines are in Running phases checks VM phase" classname="Tests" status="skipped" time="0">
              <skipped message="skipped - Spec skipped because an earlier spec in an ordered container failed"></skipped>
              <system-err>[SKIPPED] Spec skipped because an earlier spec in an ordered container failed&#xA;In [It] at: /Users/antont/ansible_deckhouse/virtualization-full/tests/e2e/vm_disk_attachment_test.go:179 @ 10/01/25 10:59:53.752&#xA;</system-err>
          </testcase>
          <testcase name="[It] VirtualDiskAttachment Detachment When virtual machines are in Running phases compares disk count before and after detachment" classname="Tests" status="skipped" time="0">
              <skipped message="skipped - Spec skipped because an earlier spec in an ordered container failed"></skipped>
              <system-err>[SKIPPED] Spec skipped because an earlier spec in an ordered container failed&#xA;In [It] at: /Users/antont/ansible_deckhouse/virtualization-full/tests/e2e/vm_disk_attachment_test.go:187 @ 10/01/25 10:59:53.752&#xA;</system-err>
          </testcase>
          <testcase name="[It] VirtualDiskAttachment When test is completed deletes test case resources" classname="Tests" status="skipped" time="0">
              <skipped message="skipped - Spec skipped because an earlier spec in an ordered container failed"></skipped>
              <system-err>[SKIPPED] Spec skipped because an earlier spec in an ordered container failed&#xA;In [It] at: /Users/antont/ansible_deckhouse/virtualization-full/tests/e2e/vm_disk_attachment_test.go:201 @ 10/01/25 10:59:53.752&#xA;</system-err>
          </testcase>
          <testcase name="[It] ImageHotplug When the virtualization resources are applied result should be succeeded" classname="Tests" status="passed" time="6.768414583">
              <system-err>&gt; Enter [BeforeAll] ImageHotplug - /Users/antont/ansible_deckhouse/virtualization-full/tests/e2e/image_hotplug_test.go:54 @ 10/01/25 10:59:53.752&#xA;&lt; Exit [BeforeAll] ImageHotplug - /Users/antont/ansible_deckhouse/virtualization-full/tests/e2e/image_hotplug_test.go:54 @ 10/01/25 10:59:56.431 (2.679s)&#xA;&gt; Enter [It] result should be succeeded - /Users/antont/ansible_deckhouse/virtualization-full/tests/e2e/image_hotplug_test.go:77 @ 10/01/25 10:59:56.431&#xA;&lt; Exit [It] result should be succeeded - /Users/antont/ansible_deckhouse/virtualization-full/tests/e2e/image_hotplug_test.go:77 @ 10/01/25 11:00:00.521 (4.089s)&#xA;&gt; Enter [AfterEach] ImageHotplug - /Users/antont/ansible_deckhouse/virtualization-full/tests/e2e/image_hotplug_test.go:70 @ 10/01/25 11:00:00.521&#xA;&lt; Exit [AfterEach] ImageHotplug - /Users/antont/ansible_deckhouse/virtualization-full/tests/e2e/image_hotplug_test.go:70 @ 10/01/25 11:00:00.521 (0s)&#xA;</system-err>
          </testcase>
          <testcase name="[It] ImageHotplug When the virtualization resources are applied checks the resources phase" classname="Tests" status="passed" time="79.144961875">
              <system-err>&gt; Enter [It] checks the resources phase - /Users/antont/ansible_deckhouse/virtualization-full/tests/e2e/image_hotplug_test.go:112 @ 10/01/25 11:00:00.521&#xA;STEP: `VirtualImages` should be in the &#34;Ready&#34; phase - /Users/antont/ansible_deckhouse/virtualization-full/tests/e2e/image_hotplug_test.go:113 @ 10/01/25 11:00:00.521&#xA;END STEP: `VirtualImages` should be in the &#34;Ready&#34; phase - /Users/antont/ansible_deckhouse/virtualization-full/tests/e2e/image_hotplug_test.go:113 @ 10/01/25 11:00:14.348 (13.827s)&#xA;STEP: `ClusterVirtualImages` should be in the &#34;Ready&#34; phase - /Users/antont/ansible_deckhouse/virtualization-full/tests/e2e/image_hotplug_test.go:120 @ 10/01/25 11:00:14.348&#xA;END STEP: `ClusterVirtualImages` should be in the &#34;Ready&#34; phase - /Users/antont/ansible_deckhouse/virtualization-full/tests/e2e/image_hotplug_test.go:120 @ 10/01/25 11:00:59.154 (44.806s)&#xA;STEP: `VirtualDisk` should be in the &#34;Ready&#34; phase - /Users/antont/ansible_deckhouse/virtualization-full/tests/e2e/image_hotplug_test.go:127 @ 10/01/25 11:00:59.155&#xA;END STEP: `VirtualDisk` should be in the &#34;Ready&#34; phase - /Users/antont/ansible_deckhouse/virtualization-full/tests/e2e/image_hotplug_test.go:127 @ 10/01/25 11:01:01.934 (2.779s)&#xA;STEP: `VirtualMachine` agent should be ready - /Users/antont/ansible_deckhouse/virtualization-full/tests/e2e/image_hotplug_test.go:134 @ 10/01/25 11:01:01.934&#xA;END STEP: `VirtualMachine` agent should be ready - /Users/antont/ansible_deckhouse/virtualization-full/tests/e2e/image_hotplug_test.go:134 @ 10/01/25 11:01:19.666 (17.732s)&#xA;&lt; Exit [It] checks the resources phase - /Users/antont/ansible_deckhouse/virtualization-full/tests/e2e/image_hotplug_test.go:112 @ 10/01/25 11:01:19.666 (1m19.145s)&#xA;&gt; Enter [AfterEach] ImageHotplug - /Users/antont/ansible_deckhouse/virtualization-full/tests/e2e/image_hotplug_test.go:70 @ 10/01/25 11:01:19.666&#xA;&lt; Exit [AfterEach] ImageHotplug - /Users/antont/ansible_deckhouse/virtualization-full/tests/e2e/image_hotplug_test.go:70 @ 10/01/25 11:01:19.666 (0s)&#xA;</system-err>
          </testcase>
          <testcase name="[It] ImageHotplug When the resources are ready to use retrieves the test objects" classname="Tests" status="passed" time="2.109422208">
              <system-err>&gt; Enter [It] retrieves the test objects - /Users/antont/ansible_deckhouse/virtualization-full/tests/e2e/image_hotplug_test.go:147 @ 10/01/25 11:01:19.666&#xA;STEP: `VirtualMachine` - /Users/antont/ansible_deckhouse/virtualization-full/tests/e2e/image_hotplug_test.go:148 @ 10/01/25 11:01:19.666&#xA;END STEP: `VirtualMachine` - /Users/antont/ansible_deckhouse/virtualization-full/tests/e2e/image_hotplug_test.go:148 @ 10/01/25 11:01:20.288 (621ms)&#xA;STEP: `VirtualImages` - /Users/antont/ansible_deckhouse/virtualization-full/tests/e2e/image_hotplug_test.go:158 @ 10/01/25 11:01:20.288&#xA;END STEP: `VirtualImages` - /Users/antont/ansible_deckhouse/virtualization-full/tests/e2e/image_hotplug_test.go:158 @ 10/01/25 11:01:21.184 (896ms)&#xA;STEP: `ClusterVirtualImages` - /Users/antont/ansible_deckhouse/virtualization-full/tests/e2e/image_hotplug_test.go:173 @ 10/01/25 11:01:21.184&#xA;END STEP: `ClusterVirtualImages` - /Users/antont/ansible_deckhouse/virtualization-full/tests/e2e/image_hotplug_test.go:173 @ 10/01/25 11:01:21.776 (591ms)&#xA;&lt; Exit [It] retrieves the test objects - /Users/antont/ansible_deckhouse/virtualization-full/tests/e2e/image_hotplug_test.go:147 @ 10/01/25 11:01:21.776 (2.109s)&#xA;&gt; Enter [AfterEach] ImageHotplug - /Users/antont/ansible_deckhouse/virtualization-full/tests/e2e/image_hotplug_test.go:70 @ 10/01/25 11:01:21.776&#xA;&lt; Exit [AfterEach] ImageHotplug - /Users/antont/ansible_deckhouse/virtualization-full/tests/e2e/image_hotplug_test.go:70 @ 10/01/25 11:01:21.776 (0s)&#xA;</system-err>
          </testcase>
          <testcase name="[It] ImageHotplug When the resources are ready to use retrieves the disk count before the images attachment" classname="Tests" status="failed" time="96.711343084">
              <failure message="Timed out after 90.000s.&#xA;virtualMachine: head-45bdb83d-vm-image-hotplug&#xA;Unexpected error:&#xA;    &lt;*errors.errorString | 0x14001295940&gt;: &#xA;    cmd: d8 v ssh head-45bdb83d-vm-image-hotplug -c &#39;lsblk --nodeps --json&#39; --local-ssh=true --local-ssh-opts=&#39;-o StrictHostKeyChecking=no&#39; --local-ssh-opts=&#39;-o UserKnownHostsFile=/dev/null&#39; --local-ssh-opts=&#39;-o LogLevel=ERROR&#39; --local-ssh-opts=&#39;-o ConnectTimeout=10s&#39; -n head-45bdb83d-end-to-end-image-hotplug --username=cloud --identity-file=/tmp/testdata/sshkeys/id_ed&#xA;    stderr: bash: d8: command not found&#xA;    &#xA;    {&#xA;        s: &#34;cmd: d8 v ssh head-45bdb83d-vm-image-hotplug -c &#39;lsblk --nodeps --json&#39; --local-ssh=true --local-ssh-opts=&#39;-o StrictHostKeyChecking=no&#39; --local-ssh-opts=&#39;-o UserKnownHostsFile=/dev/null&#39; --local-ssh-opts=&#39;-o LogLevel=ERROR&#39; --local-ssh-opts=&#39;-o ConnectTimeout=10s&#39; -n head-45bdb83d-end-to-end-image-hotplug --username=cloud --identity-file=/tmp/testdata/sshkeys/id_ed\nstderr: bash: d8: command not found\n&#34;,&#xA;    }&#xA;occurred" type="failed">[FAILED] Timed out after 90.000s.&#xA;virtualMachine: head-45bdb83d-vm-image-hotplug&#xA;Unexpected error:&#xA;    &lt;*errors.errorString | 0x14001295940&gt;: &#xA;    cmd: d8 v ssh head-45bdb83d-vm-image-hotplug -c &#39;lsblk --nodeps --json&#39; --local-ssh=true --local-ssh-opts=&#39;-o StrictHostKeyChecking=no&#39; --local-ssh-opts=&#39;-o UserKnownHostsFile=/dev/null&#39; --local-ssh-opts=&#39;-o LogLevel=ERROR&#39; --local-ssh-opts=&#39;-o ConnectTimeout=10s&#39; -n head-45bdb83d-end-to-end-image-hotplug --username=cloud --identity-file=/tmp/testdata/sshkeys/id_ed&#xA;    stderr: bash: d8: command not found&#xA;    &#xA;    {&#xA;        s: &#34;cmd: d8 v ssh head-45bdb83d-vm-image-hotplug -c &#39;lsblk --nodeps --json&#39; --local-ssh=true --local-ssh-opts=&#39;-o StrictHostKeyChecking=no&#39; --local-ssh-opts=&#39;-o UserKnownHostsFile=/dev/null&#39; --local-ssh-opts=&#39;-o LogLevel=ERROR&#39; --local-ssh-opts=&#39;-o ConnectTimeout=10s&#39; -n head-45bdb83d-end-to-end-image-hotplug --username=cloud --identity-file=/tmp/testdata/sshkeys/id_ed\nstderr: bash: d8: command not found\n&#34;,&#xA;    }&#xA;occurred&#xA;In [It] at: /Users/antont/ansible_deckhouse/virtualization-full/tests/e2e/image_hotplug_test.go:193 @ 10/01/25 11:02:51.777&#xA;</failure>
              <system-err>&gt; Enter [It] retrieves the disk count before the images attachment - /Users/antont/ansible_deckhouse/virtualization-full/tests/e2e/image_hotplug_test.go:190 @ 10/01/25 11:01:21.776&#xA;[FAILED] Timed out after 90.000s.&#xA;virtualMachine: head-45bdb83d-vm-image-hotplug&#xA;Unexpected error:&#xA;    &lt;*errors.errorString | 0x14001295940&gt;: &#xA;    cmd: d8 v ssh head-45bdb83d-vm-image-hotplug -c &#39;lsblk --nodeps --json&#39; --local-ssh=true --local-ssh-opts=&#39;-o StrictHostKeyChecking=no&#39; --local-ssh-opts=&#39;-o UserKnownHostsFile=/dev/null&#39; --local-ssh-opts=&#39;-o LogLevel=ERROR&#39; --local-ssh-opts=&#39;-o ConnectTimeout=10s&#39; -n head-45bdb83d-end-to-end-image-hotplug --username=cloud --identity-file=/tmp/testdata/sshkeys/id_ed&#xA;    stderr: bash: d8: command not found&#xA;    &#xA;    {&#xA;        s: &#34;cmd: d8 v ssh head-45bdb83d-vm-image-hotplug -c &#39;lsblk --nodeps --json&#39; --local-ssh=true --local-ssh-opts=&#39;-o StrictHostKeyChecking=no&#39; --local-ssh-opts=&#39;-o UserKnownHostsFile=/dev/null&#39; --local-ssh-opts=&#39;-o LogLevel=ERROR&#39; --local-ssh-opts=&#39;-o ConnectTimeout=10s&#39; -n head-45bdb83d-end-to-end-image-hotplug --username=cloud --identity-file=/tmp/testdata/sshkeys/id_ed\nstderr: bash: d8: command not found\n&#34;,&#xA;    }&#xA;occurred&#xA;In [It] at: /Users/antont/ansible_deckhouse/virtualization-full/tests/e2e/image_hotplug_test.go:193 @ 10/01/25 11:02:51.777&#xA;&lt; Exit [It] retrieves the disk count before the images attachment - /Users/antont/ansible_deckhouse/virtualization-full/tests/e2e/image_hotplug_test.go:190 @ 10/01/25 11:02:51.777 (1m30.001s)&#xA;&gt; Enter [AfterEach] ImageHotplug - /Users/antont/ansible_deckhouse/virtualization-full/tests/e2e/image_hotplug_test.go:70 @ 10/01/25 11:02:51.777&#xA;&lt; Exit [AfterEach] ImageHotplug - /Users/antont/ansible_deckhouse/virtualization-full/tests/e2e/image_hotplug_test.go:70 @ 10/01/25 11:02:58.488 (6.71s)&#xA;</system-err>
          </testcase>
          <testcase name="[It] ImageHotplug When the resources are ready to use attaches the images into the `VirtualMachine`" classname="Tests" status="skipped" time="0">
              <skipped message="skipped - Spec skipped because an earlier spec in an ordered container failed"></skipped>
              <system-err>[SKIPPED] Spec skipped because an earlier spec in an ordered container failed&#xA;In [It] at: /Users/antont/ansible_deckhouse/virtualization-full/tests/e2e/image_hotplug_test.go:196 @ 10/01/25 11:02:58.488&#xA;</system-err>
          </testcase>
          <testcase name="[It] ImageHotplug When the resources are ready to use checks the `VirtualMachine` and the `VirtualMachineBlockDeviceAttachments` phases" classname="Tests" status="skipped" time="0">
              <skipped message="skipped - Spec skipped because an earlier spec in an ordered container failed"></skipped>
              <system-err>[SKIPPED] Spec skipped because an earlier spec in an ordered container failed&#xA;In [It] at: /Users/antont/ansible_deckhouse/virtualization-full/tests/e2e/image_hotplug_test.go:204 @ 10/01/25 11:02:58.488&#xA;</system-err>
          </testcase>
          <testcase name="[It] ImageHotplug When the resources are ready to use compares the disk count before and after attachment" classname="Tests" status="skipped" time="0">
              <skipped message="skipped - Spec skipped because an earlier spec in an ordered container failed"></skipped>
              <system-err>[SKIPPED] Spec skipped because an earlier spec in an ordered container failed&#xA;In [It] at: /Users/antont/ansible_deckhouse/virtualization-full/tests/e2e/image_hotplug_test.go:224 @ 10/01/25 11:02:58.488&#xA;</system-err>
          </testcase>
          <testcase name="[It] ImageHotplug When the resources are ready to use checks that the `ISO` image is attached as `CD-ROM`" classname="Tests" status="skipped" time="0">
              <skipped message="skipped - Spec skipped because an earlier spec in an ordered container failed"></skipped>
              <system-err>[SKIPPED] Spec skipped because an earlier spec in an ordered container failed&#xA;In [It] at: /Users/antont/ansible_deckhouse/virtualization-full/tests/e2e/image_hotplug_test.go:236 @ 10/01/25 11:02:58.488&#xA;</system-err>
          </testcase>
          <testcase name="[It] ImageHotplug When the resources are ready to use check that the images are attached as the `ReadOnly` devices" classname="Tests" status="skipped" time="0">
              <skipped message="skipped - Spec skipped because an earlier spec in an ordered container failed"></skipped>
              <system-err>[SKIPPED] Spec skipped because an earlier spec in an ordered container failed&#xA;In [It] at: /Users/antont/ansible_deckhouse/virtualization-full/tests/e2e/image_hotplug_test.go:258 @ 10/01/25 11:02:58.488&#xA;</system-err>
          </testcase>
          <testcase name="[It] ImageHotplug When the resources are ready to use detaches the images" classname="Tests" status="skipped" time="0">
              <skipped message="skipped - Spec skipped because an earlier spec in an ordered container failed"></skipped>
              <system-err>[SKIPPED] Spec skipped because an earlier spec in an ordered container failed&#xA;In [It] at: /Users/antont/ansible_deckhouse/virtualization-full/tests/e2e/image_hotplug_test.go:284 @ 10/01/25 11:02:58.488&#xA;</system-err>
          </testcase>
          <testcase name="[It] ImageHotplug When the resources are ready to use compares the disk count after detachment" classname="Tests" status="skipped" time="0">
              <skipped message="skipped - Spec skipped because an earlier spec in an ordered container failed"></skipped>
              <system-err>[SKIPPED] Spec skipped because an earlier spec in an ordered container failed&#xA;In [It] at: /Users/antont/ansible_deckhouse/virtualization-full/tests/e2e/image_hotplug_test.go:294 @ 10/01/25 11:02:58.488&#xA;</system-err>
          </testcase>
          <testcase name="[It] ImageHotplug When test is completed deletes test case resources" classname="Tests" status="skipped" time="0">
              <skipped message="skipped - Spec skipped because an earlier spec in an ordered container failed"></skipped>
              <system-err>[SKIPPED] Spec skipped because an earlier spec in an ordered container failed&#xA;In [It] at: /Users/antont/ansible_deckhouse/virtualization-full/tests/e2e/image_hotplug_test.go:309 @ 10/01/25 11:02:58.488&#xA;</system-err>
          </testcase>
          <testcase name="[It] VirtualDiskSnapshots When virtualization resources are applied: result should be succeeded" classname="Tests" status="passed" time="7.504377875">
              <system-err>&gt; Enter [BeforeAll] VirtualDiskSnapshots - /Users/antont/ansible_deckhouse/virtualization-full/tests/e2e/vd_snapshots_test.go:54 @ 10/01/25 11:02:58.489&#xA;&lt; Exit [BeforeAll] VirtualDiskSnapshots - /Users/antont/ansible_deckhouse/virtualization-full/tests/e2e/vd_snapshots_test.go:54 @ 10/01/25 11:03:00.248 (1.76s)&#xA;&gt; Enter [It] result should be succeeded - /Users/antont/ansible_deckhouse/virtualization-full/tests/e2e/vd_snapshots_test.go:85 @ 10/01/25 11:03:00.248&#xA;&lt; Exit [It] result should be succeeded - /Users/antont/ansible_deckhouse/virtualization-full/tests/e2e/vd_snapshots_test.go:85 @ 10/01/25 11:03:05.993 (5.744s)&#xA;&gt; Enter [AfterEach] VirtualDiskSnapshots - /Users/antont/ansible_deckhouse/virtualization-full/tests/e2e/vd_snapshots_test.go:78 @ 10/01/25 11:03:05.993&#xA;&lt; Exit [AfterEach] VirtualDiskSnapshots - /Users/antont/ansible_deckhouse/virtualization-full/tests/e2e/vd_snapshots_test.go:78 @ 10/01/25 11:03:05.993 (0s)&#xA;</system-err>
          </testcase>
          <testcase name="[It] VirtualDiskSnapshots When virtual images are applied: checks VIs phases" classname="Tests" status="passed" time="11.125827167">
              <system-err>&gt; Enter [It] checks VIs phases - /Users/antont/ansible_deckhouse/virtualization-full/tests/e2e/vd_snapshots_test.go:95 @ 10/01/25 11:03:05.993&#xA;STEP: VIs should be in Ready phases - /Users/antont/ansible_deckhouse/virtualization-full/tests/e2e/vd_snapshots_test.go:96 @ 10/01/25 11:03:05.993&#xA;&lt; Exit [It] checks VIs phases - /Users/antont/ansible_deckhouse/virtualization-full/tests/e2e/vd_snapshots_test.go:95 @ 10/01/25 11:03:17.119 (11.126s)&#xA;&gt; Enter [AfterEach] VirtualDiskSnapshots - /Users/antont/ansible_deckhouse/virtualization-full/tests/e2e/vd_snapshots_test.go:78 @ 10/01/25 11:03:17.119&#xA;&lt; Exit [AfterEach] VirtualDiskSnapshots - /Users/antont/ansible_deckhouse/virtualization-full/tests/e2e/vd_snapshots_test.go:78 @ 10/01/25 11:03:17.119 (0s)&#xA;</system-err>
          </testcase>
          <testcase name="[It] VirtualDiskSnapshots When virtual disks are applied: checks VDs phases" classname="Tests" status="passed" time="51.950846458">
              <system-err>&gt; Enter [It] checks VDs phases - /Users/antont/ansible_deckhouse/virtualization-full/tests/e2e/vd_snapshots_test.go:106 @ 10/01/25 11:03:17.119&#xA;STEP: VDs should be in Ready phases - /Users/antont/ansible_deckhouse/virtualization-full/tests/e2e/vd_snapshots_test.go:107 @ 10/01/25 11:03:17.119&#xA;&lt; Exit [It] checks VDs phases - /Users/antont/ansible_deckhouse/virtualization-full/tests/e2e/vd_snapshots_test.go:106 @ 10/01/25 11:04:09.07 (51.951s)&#xA;&gt; Enter [AfterEach] VirtualDiskSnapshots - /Users/antont/ansible_deckhouse/virtualization-full/tests/e2e/vd_snapshots_test.go:78 @ 10/01/25 11:04:09.07&#xA;&lt; Exit [AfterEach] VirtualDiskSnapshots - /Users/antont/ansible_deckhouse/virtualization-full/tests/e2e/vd_snapshots_test.go:78 @ 10/01/25 11:04:09.07 (0s)&#xA;</system-err>
          </testcase>
          <testcase name="[It] VirtualDiskSnapshots When virtual machines are applied: checks VMs phases" classname="Tests" status="passed" time="80.24425975">
              <system-err>&gt; Enter [It] checks VMs phases - /Users/antont/ansible_deckhouse/virtualization-full/tests/e2e/vd_snapshots_test.go:117 @ 10/01/25 11:04:09.07&#xA;STEP: Virtual machine agents should be ready - /Users/antont/ansible_deckhouse/virtualization-full/tests/e2e/vd_snapshots_test.go:118 @ 10/01/25 11:04:09.07&#xA;&lt; Exit [It] checks VMs phases - /Users/antont/ansible_deckhouse/virtualization-full/tests/e2e/vd_snapshots_test.go:117 @ 10/01/25 11:05:29.315 (1m20.244s)&#xA;&gt; Enter [AfterEach] VirtualDiskSnapshots - /Users/antont/ansible_deckhouse/virtualization-full/tests/e2e/vd_snapshots_test.go:78 @ 10/01/25 11:05:29.315&#xA;&lt; Exit [AfterEach] VirtualDiskSnapshots - /Users/antont/ansible_deckhouse/virtualization-full/tests/e2e/vd_snapshots_test.go:78 @ 10/01/25 11:05:29.315 (0s)&#xA;</system-err>
          </testcase>
          <testcase name="[It] VirtualDiskSnapshots When virtual machine block device attachments are applied: checks VMBDAs phases" classname="Tests" status="passed" time="2.246107125">
              <system-err>&gt; Enter [It] checks VMBDAs phases - /Users/antont/ansible_deckhouse/virtualization-full/tests/e2e/vd_snapshots_test.go:128 @ 10/01/25 11:05:29.315&#xA;STEP: VMBDAs should be in Attached phases - /Users/antont/ansible_deckhouse/virtualization-full/tests/e2e/vd_snapshots_test.go:129 @ 10/01/25 11:05:29.315&#xA;&lt; Exit [It] checks VMBDAs phases - /Users/antont/ansible_deckhouse/virtualization-full/tests/e2e/vd_snapshots_test.go:128 @ 10/01/25 11:05:31.561 (2.246s)&#xA;&gt; Enter [AfterEach] VirtualDiskSnapshots - /Users/antont/ansible_deckhouse/virtualization-full/tests/e2e/vd_snapshots_test.go:78 @ 10/01/25 11:05:31.561&#xA;&lt; Exit [AfterEach] VirtualDiskSnapshots - /Users/antont/ansible_deckhouse/virtualization-full/tests/e2e/vd_snapshots_test.go:78 @ 10/01/25 11:05:31.561 (0s)&#xA;</system-err>
          </testcase>
          <testcase name="[It] VirtualDiskSnapshots When unattached VDs in phase Ready: creates VDs snapshots with `requiredConsistency`" classname="Tests" status="passed" time="2.320992125">
              <system-err>&gt; Enter [It] creates VDs snapshots with `requiredConsistency` - /Users/antont/ansible_deckhouse/virtualization-full/tests/e2e/vd_snapshots_test.go:139 @ 10/01/25 11:05:31.561&#xA;STEP: Create snapshot for &#34;head-45bdb83d-vd-ubuntu-http&#34; - /Users/antont/ansible_deckhouse/virtualization-full/tests/e2e/vd_snapshots_test.go:150 @ 10/01/25 11:05:32.717&#xA;&lt; Exit [It] creates VDs snapshots with `requiredConsistency` - /Users/antont/ansible_deckhouse/virtualization-full/tests/e2e/vd_snapshots_test.go:139 @ 10/01/25 11:05:33.882 (2.321s)&#xA;&gt; Enter [AfterEach] VirtualDiskSnapshots - /Users/antont/ansible_deckhouse/virtualization-full/tests/e2e/vd_snapshots_test.go:78 @ 10/01/25 11:05:33.882&#xA;&lt; Exit [AfterEach] VirtualDiskSnapshots - /Users/antont/ansible_deckhouse/virtualization-full/tests/e2e/vd_snapshots_test.go:78 @ 10/01/25 11:05:33.882 (0s)&#xA;</system-err>
          </testcase>
          <testcase name="[It] VirtualDiskSnapshots When unattached VDs in phase Ready: checks snapshots of unattached VDs" classname="Tests" status="passed" time="2.225023958">
              <system-err>&gt; Enter [It] checks snapshots of unattached VDs - /Users/antont/ansible_deckhouse/virtualization-full/tests/e2e/vd_snapshots_test.go:159 @ 10/01/25 11:05:33.883&#xA;STEP: Snapshots should be in Ready phase - /Users/antont/ansible_deckhouse/virtualization-full/tests/e2e/vd_snapshots_test.go:160 @ 10/01/25 11:05:33.883&#xA;&lt; Exit [It] checks snapshots of unattached VDs - /Users/antont/ansible_deckhouse/virtualization-full/tests/e2e/vd_snapshots_test.go:159 @ 10/01/25 11:05:36.108 (2.225s)&#xA;&gt; Enter [AfterEach] VirtualDiskSnapshots - /Users/antont/ansible_deckhouse/virtualization-full/tests/e2e/vd_snapshots_test.go:78 @ 10/01/25 11:05:36.108&#xA;&lt; Exit [AfterEach] VirtualDiskSnapshots - /Users/antont/ansible_deckhouse/virtualization-full/tests/e2e/vd_snapshots_test.go:78 @ 10/01/25 11:05:36.108 (0s)&#xA;</system-err>
          </testcase>
          <testcase name="[It] VirtualDiskSnapshots When virtual machines in Running phase creates snapshots with `requiredConsistency` of attached VDs" classname="Tests" status="passed" time="18.028185958">
              <system-err>&gt; Enter [It] creates snapshots with `requiredConsistency` of attached VDs - /Users/antont/ansible_deckhouse/virtualization-full/tests/e2e/vd_snapshots_test.go:180 @ 10/01/25 11:05:36.108&#xA;STEP: Create snapshot for &#34;head-45bdb83d-vd-root-automatic&#34; - /Users/antont/ansible_deckhouse/virtualization-full/tests/e2e/vd_snapshots_test.go:201 @ 10/01/25 11:05:38.068&#xA;STEP: Create snapshot for &#34;head-45bdb83d-vd-root-automatic-with-hotplug&#34; - /Users/antont/ansible_deckhouse/virtualization-full/tests/e2e/vd_snapshots_test.go:201 @ 10/01/25 11:05:45.653&#xA;STEP: Create snapshot for &#34;head-45bdb83d-vd-attach-automatic-with-hotplug&#34; - /Users/antont/ansible_deckhouse/virtualization-full/tests/e2e/vd_snapshots_test.go:201 @ 10/01/25 11:05:51.942&#xA;&lt; Exit [It] creates snapshots with `requiredConsistency` of attached VDs - /Users/antont/ansible_deckhouse/virtualization-full/tests/e2e/vd_snapshots_test.go:180 @ 10/01/25 11:05:54.139 (18.028s)&#xA;&gt; Enter [AfterEach] VirtualDiskSnapshots - /Users/antont/ansible_deckhouse/virtualization-full/tests/e2e/vd_snapshots_test.go:78 @ 10/01/25 11:05:54.139&#xA;&lt; Exit [AfterEach] VirtualDiskSnapshots - /Users/antont/ansible_deckhouse/virtualization-full/tests/e2e/vd_snapshots_test.go:78 @ 10/01/25 11:05:54.139 (0s)&#xA;</system-err>
          </testcase>
          <testcase name="[It] VirtualDiskSnapshots When virtual machines in Running phase creates `vdSnapshots` concurrently" classname="Tests" status="passed" time="15.150547417">
              <system-err>&gt; Enter [It] creates `vdSnapshots` concurrently - /Users/antont/ansible_deckhouse/virtualization-full/tests/e2e/vd_snapshots_test.go:224 @ 10/01/25 11:05:54.139&#xA;STEP: Create five snapshots for &#34;head-45bdb83d-vd-root-automatic-with-hotplug&#34; of &#34;head-45bdb83d-vm-automatic-with-hotplug&#34; - /Users/antont/ansible_deckhouse/virtualization-full/tests/e2e/vd_snapshots_test.go:248 @ 10/01/25 11:06:02.791&#xA;STEP: Create five snapshots for &#34;head-45bdb83d-vd-attach-automatic-with-hotplug&#34; of &#34;head-45bdb83d-vm-automatic-with-hotplug&#34; - /Users/antont/ansible_deckhouse/virtualization-full/tests/e2e/vd_snapshots_test.go:248 @ 10/01/25 11:06:07.089&#xA;&lt; Exit [It] creates `vdSnapshots` concurrently - /Users/antont/ansible_deckhouse/virtualization-full/tests/e2e/vd_snapshots_test.go:224 @ 10/01/25 11:06:09.294 (15.15s)&#xA;&gt; Enter [AfterEach] VirtualDiskSnapshots - /Users/antont/ansible_deckhouse/virtualization-full/tests/e2e/vd_snapshots_test.go:78 @ 10/01/25 11:06:09.294&#xA;&lt; Exit [AfterEach] VirtualDiskSnapshots - /Users/antont/ansible_deckhouse/virtualization-full/tests/e2e/vd_snapshots_test.go:78 @ 10/01/25 11:06:09.294 (0s)&#xA;</system-err>
          </testcase>
          <testcase name="[It] VirtualDiskSnapshots When virtual machines in Running phase checks snapshots" classname="Tests" status="passed" time="19.106850125">
              <system-err>&gt; Enter [It] checks snapshots - /Users/antont/ansible_deckhouse/virtualization-full/tests/e2e/vd_snapshots_test.go:285 @ 10/01/25 11:06:09.294&#xA;STEP: Snapshots should be `Ready` - /Users/antont/ansible_deckhouse/virtualization-full/tests/e2e/vd_snapshots_test.go:286 @ 10/01/25 11:06:09.294&#xA;&lt; Exit [It] checks snapshots - /Users/antont/ansible_deckhouse/virtualization-full/tests/e2e/vd_snapshots_test.go:285 @ 10/01/25 11:06:28.402 (19.107s)&#xA;&gt; Enter [AfterEach] VirtualDiskSnapshots - /Users/antont/ansible_deckhouse/virtualization-full/tests/e2e/vd_snapshots_test.go:78 @ 10/01/25 11:06:28.402&#xA;&lt; Exit [AfterEach] VirtualDiskSnapshots - /Users/antont/ansible_deckhouse/virtualization-full/tests/e2e/vd_snapshots_test.go:78 @ 10/01/25 11:06:28.402 (0s)&#xA;</system-err>
          </testcase>
          <testcase name="[It] VirtualDiskSnapshots When virtual machines in Running phase checks `FileSystemFrozen` status of VMs" classname="Tests" status="passed" time="3.088674708">
              <system-err>&gt; Enter [It] checks `FileSystemFrozen` status of VMs - /Users/antont/ansible_deckhouse/virtualization-full/tests/e2e/vd_snapshots_test.go:331 @ 10/01/25 11:06:28.402&#xA;STEP: Status should not be `Frozen` - /Users/antont/ansible_deckhouse/virtualization-full/tests/e2e/vd_snapshots_test.go:332 @ 10/01/25 11:06:28.402&#xA;&lt; Exit [It] checks `FileSystemFrozen` status of VMs - /Users/antont/ansible_deckhouse/virtualization-full/tests/e2e/vd_snapshots_test.go:331 @ 10/01/25 11:06:31.491 (3.088s)&#xA;&gt; Enter [AfterEach] VirtualDiskSnapshots - /Users/antont/ansible_deckhouse/virtualization-full/tests/e2e/vd_snapshots_test.go:78 @ 10/01/25 11:06:31.491&#xA;&lt; Exit [AfterEach] VirtualDiskSnapshots - /Users/antont/ansible_deckhouse/virtualization-full/tests/e2e/vd_snapshots_test.go:78 @ 10/01/25 11:06:31.491 (0s)&#xA;</system-err>
          </testcase>
          <testcase name="[It] VirtualDiskSnapshots When test is completed deletes test case resources" classname="Tests" status="passed" time="20.390322583">
              <system-err>&gt; Enter [It] deletes test case resources - /Users/antont/ansible_deckhouse/virtualization-full/tests/e2e/vd_snapshots_test.go:357 @ 10/01/25 11:06:31.491&#xA;STEP: Response on deletion request should be successful - /Users/antont/ansible_deckhouse/virtualization-full/tests/e2e/util_test.go:604 @ 10/01/25 11:06:31.491&#xA;END STEP: Response on deletion request should be successful - /Users/antont/ansible_deckhouse/virtualization-full/tests/e2e/util_test.go:604 @ 10/01/25 11:06:51.882 (20.39s)&#xA;&lt; Exit [It] deletes test case resources - /Users/antont/ansible_deckhouse/virtualization-full/tests/e2e/vd_snapshots_test.go:357 @ 10/01/25 11:06:51.882 (20.39s)&#xA;&gt; Enter [AfterEach] VirtualDiskSnapshots - /Users/antont/ansible_deckhouse/virtualization-full/tests/e2e/vd_snapshots_test.go:78 @ 10/01/25 11:06:51.882&#xA;&lt; Exit [AfterEach] VirtualDiskSnapshots - /Users/antont/ansible_deckhouse/virtualization-full/tests/e2e/vd_snapshots_test.go:78 @ 10/01/25 11:06:51.882 (0s)&#xA;</system-err>
          </testcase>
          <testcase name="[It] VirtualMachineAdditionalNetworkInterfaces When resources are applied result should be succeeded [SIG-Migration]" classname="Tests" status="passed" time="6.704853416">
              <system-err>&gt; Enter [BeforeAll] VirtualMachineAdditionalNetworkInterfaces - /Users/antont/ansible_deckhouse/virtualization-full/tests/e2e/vm_vpc_test.go:47 @ 10/01/25 11:06:51.882&#xA;&lt; Exit [BeforeAll] VirtualMachineAdditionalNetworkInterfaces - /Users/antont/ansible_deckhouse/virtualization-full/tests/e2e/vm_vpc_test.go:47 @ 10/01/25 11:06:54.163 (2.281s)&#xA;&gt; Enter [It] result should be succeeded - /Users/antont/ansible_deckhouse/virtualization-full/tests/e2e/vm_vpc_test.go:67 @ 10/01/25 11:06:54.163&#xA;&lt; Exit [It] result should be succeeded - /Users/antont/ansible_deckhouse/virtualization-full/tests/e2e/vm_vpc_test.go:67 @ 10/01/25 11:06:58.587 (4.424s)&#xA;</system-err>
          </testcase>
          <testcase name="[It] VirtualMachineAdditionalNetworkInterfaces When virtual machines are applied checks VMs phases [SIG-Migration]" classname="Tests" status="passed" time="74.117115208">
              <system-err>&gt; Enter [It] checks VMs phases - /Users/antont/ansible_deckhouse/virtualization-full/tests/e2e/vm_vpc_test.go:90 @ 10/01/25 11:06:58.588&#xA;STEP: Virtual machine should be running - /Users/antont/ansible_deckhouse/virtualization-full/tests/e2e/vm_vpc_test.go:91 @ 10/01/25 11:06:58.588&#xA;&lt; Exit [It] checks VMs phases - /Users/antont/ansible_deckhouse/virtualization-full/tests/e2e/vm_vpc_test.go:90 @ 10/01/25 11:08:12.705 (1m14.117s)&#xA;</system-err>
          </testcase>
          <testcase name="[It] VirtualMachineAdditionalNetworkInterfaces When virtual machines are applied checks network availability [SIG-Migration]" classname="Tests" status="failed" time="99.101296167">
              <failure message="Timed out after 90.001s.&#xA;The function passed to Eventually returned the following error:&#xA;    &lt;*errors.errorString | 0x1400071cc20&gt;: &#xA;    cmd: d8 v ssh head-45bdb83d-vm-bar -c &#39;ping -c 2 -W 2 -w 5 -q 192.168.1.11 2&gt;&amp;1 | grep -o &#34;[0-9]\+%\s*packet loss&#34;&#39; --local-ssh=true --local-ssh-opts=&#39;-o StrictHostKeyChecking=no&#39; --local-ssh-opts=&#39;-o UserKnownHostsFile=/dev/null&#39; --local-ssh-opts=&#39;-o LogLevel=ERROR&#39; --local-ssh-opts=&#39;-o ConnectTimeout=10s&#39; -n head-45bdb83d-end-to-end-vm-vpc --username=cloud --identity-file=/tmp/testdata/sshkeys/id_ed&#xA;    stderr: bash: d8: command not found&#xA;    &#xA;    {&#xA;        s: &#34;cmd: d8 v ssh head-45bdb83d-vm-bar -c &#39;ping -c 2 -W 2 -w 5 -q 192.168.1.11 2&gt;&amp;1 | grep -o \&#34;[0-9]\\+%\\s*packet loss\&#34;&#39; --local-ssh=true --local-ssh-opts=&#39;-o StrictHostKeyChecking=no&#39; --local-ssh-opts=&#39;-o UserKnownHostsFile=/dev/null&#39; --local-ssh-opts=&#39;-o LogLevel=ERROR&#39; --local-ssh-opts=&#39;-o ConnectTimeout=10s&#39; -n head-45bdb83d-end-to-end-vm-vpc --username=cloud --identity-file=/tmp/testdata/sshkeys/id_ed\nstderr: bash: d8: command not found\n&#34;,&#xA;    }" type="failed">[FAILED] Timed out after 90.001s.&#xA;The function passed to Eventually returned the following error:&#xA;    &lt;*errors.errorString | 0x1400071cc20&gt;: &#xA;    cmd: d8 v ssh head-45bdb83d-vm-bar -c &#39;ping -c 2 -W 2 -w 5 -q 192.168.1.11 2&gt;&amp;1 | grep -o &#34;[0-9]\+%\s*packet loss&#34;&#39; --local-ssh=true --local-ssh-opts=&#39;-o StrictHostKeyChecking=no&#39; --local-ssh-opts=&#39;-o UserKnownHostsFile=/dev/null&#39; --local-ssh-opts=&#39;-o LogLevel=ERROR&#39; --local-ssh-opts=&#39;-o ConnectTimeout=10s&#39; -n head-45bdb83d-end-to-end-vm-vpc --username=cloud --identity-file=/tmp/testdata/sshkeys/id_ed&#xA;    stderr: bash: d8: command not found&#xA;    &#xA;    {&#xA;        s: &#34;cmd: d8 v ssh head-45bdb83d-vm-bar -c &#39;ping -c 2 -W 2 -w 5 -q 192.168.1.11 2&gt;&amp;1 | grep -o \&#34;[0-9]\\+%\\s*packet loss\&#34;&#39; --local-ssh=true --local-ssh-opts=&#39;-o StrictHostKeyChecking=no&#39; --local-ssh-opts=&#39;-o UserKnownHostsFile=/dev/null&#39; --local-ssh-opts=&#39;-o LogLevel=ERROR&#39; --local-ssh-opts=&#39;-o ConnectTimeout=10s&#39; -n head-45bdb83d-end-to-end-vm-vpc --username=cloud --identity-file=/tmp/testdata/sshkeys/id_ed\nstderr: bash: d8: command not found\n&#34;,&#xA;    }&#xA;In [It] at: /Users/antont/ansible_deckhouse/virtualization-full/tests/e2e/vm_vpc_test.go:213 @ 10/01/25 11:09:46.019&#xA;</failure>
              <system-err>&gt; Enter [It] checks network availability - /Users/antont/ansible_deckhouse/virtualization-full/tests/e2e/vm_vpc_test.go:98 @ 10/01/25 11:08:12.706&#xA;STEP: Network condition should be true - /Users/antont/ansible_deckhouse/virtualization-full/tests/e2e/vm_vpc_test.go:99 @ 10/01/25 11:08:12.706&#xA;STEP: VM &#34;head-45bdb83d-vm-bar&#34; should have connectivity to 192.168.1.11 (target: vm-foo) - /Users/antont/ansible_deckhouse/virtualization-full/tests/e2e/vm_vpc_test.go:212 @ 10/01/25 11:08:16.017&#xA;[FAILED] Timed out after 90.001s.&#xA;The function passed to Eventually returned the following error:&#xA;    &lt;*errors.errorString | 0x1400071cc20&gt;: &#xA;    cmd: d8 v ssh head-45bdb83d-vm-bar -c &#39;ping -c 2 -W 2 -w 5 -q 192.168.1.11 2&gt;&amp;1 | grep -o &#34;[0-9]\+%\s*packet loss&#34;&#39; --local-ssh=true --local-ssh-opts=&#39;-o StrictHostKeyChecking=no&#39; --local-ssh-opts=&#39;-o UserKnownHostsFile=/dev/null&#39; --local-ssh-opts=&#39;-o LogLevel=ERROR&#39; --local-ssh-opts=&#39;-o ConnectTimeout=10s&#39; -n head-45bdb83d-end-to-end-vm-vpc --username=cloud --identity-file=/tmp/testdata/sshkeys/id_ed&#xA;    stderr: bash: d8: command not found&#xA;    &#xA;    {&#xA;        s: &#34;cmd: d8 v ssh head-45bdb83d-vm-bar -c &#39;ping -c 2 -W 2 -w 5 -q 192.168.1.11 2&gt;&amp;1 | grep -o \&#34;[0-9]\\+%\\s*packet loss\&#34;&#39; --local-ssh=true --local-ssh-opts=&#39;-o StrictHostKeyChecking=no&#39; --local-ssh-opts=&#39;-o UserKnownHostsFile=/dev/null&#39; --local-ssh-opts=&#39;-o LogLevel=ERROR&#39; --local-ssh-opts=&#39;-o ConnectTimeout=10s&#39; -n head-45bdb83d-end-to-end-vm-vpc --username=cloud --identity-file=/tmp/testdata/sshkeys/id_ed\nstderr: bash: d8: command not found\n&#34;,&#xA;    }&#xA;In [It] at: /Users/antont/ansible_deckhouse/virtualization-full/tests/e2e/vm_vpc_test.go:213 @ 10/01/25 11:09:46.019&#xA;&lt; Exit [It] checks network availability - /Users/antont/ansible_deckhouse/virtualization-full/tests/e2e/vm_vpc_test.go:98 @ 10/01/25 11:09:46.019 (1m33.313s)&#xA;&gt; Enter [AfterAll] VirtualMachineAdditionalNetworkInterfaces - /Users/antont/ansible_deckhouse/virtualization-full/tests/e2e/vm_vpc_test.go:60 @ 10/01/25 11:09:46.019&#xA;&lt; Exit [AfterAll] VirtualMachineAdditionalNetworkInterfaces - /Users/antont/ansible_deckhouse/virtualization-full/tests/e2e/vm_vpc_test.go:60 @ 10/01/25 11:09:51.808 (5.788s)&#xA;</system-err>
          </testcase>
          <testcase name="[It] VirtualMachineAdditionalNetworkInterfaces When virtual machine agents and network are ready starts migrations [SIG-Migration]" classname="Tests" status="skipped" time="0">
              <skipped message="skipped - Spec skipped because an earlier spec in an ordered container failed"></skipped>
              <system-err>[SKIPPED] Spec skipped because an earlier spec in an ordered container failed&#xA;In [It] at: /Users/antont/ansible_deckhouse/virtualization-full/tests/e2e/vm_vpc_test.go:111 @ 10/01/25 11:09:51.808&#xA;</system-err>
          </testcase>
          <testcase name="[It] VirtualMachineAdditionalNetworkInterfaces When VMs migrations are applied checks VMs and VMOPs phases [SIG-Migration]" classname="Tests" status="skipped" time="0">
              <skipped message="skipped - Spec skipped because an earlier spec in an ordered container failed"></skipped>
              <system-err>[SKIPPED] Spec skipped because an earlier spec in an ordered container failed&#xA;In [It] at: /Users/antont/ansible_deckhouse/virtualization-full/tests/e2e/vm_vpc_test.go:125 @ 10/01/25 11:09:51.808&#xA;</system-err>
          </testcase>
          <testcase name="[It] VirtualMachineAdditionalNetworkInterfaces When VMs migrations are applied checks VMs external connection after migrations [SIG-Migration]" classname="Tests" status="skipped" time="0">
              <skipped message="skipped - Spec skipped because an earlier spec in an ordered container failed"></skipped>
              <system-err>[SKIPPED] Spec skipped because an earlier spec in an ordered container failed&#xA;In [It] at: /Users/antont/ansible_deckhouse/virtualization-full/tests/e2e/vm_vpc_test.go:141 @ 10/01/25 11:09:51.808&#xA;</system-err>
          </testcase>
          <testcase name="[It] VirtualMachineAdditionalNetworkInterfaces When VMs migrations are applied checks network availability after migrations [SIG-Migration]" classname="Tests" status="skipped" time="0">
              <skipped message="skipped - Spec skipped because an earlier spec in an ordered container failed"></skipped>
              <system-err>[SKIPPED] Spec skipped because an earlier spec in an ordered container failed&#xA;In [It] at: /Users/antont/ansible_deckhouse/virtualization-full/tests/e2e/vm_vpc_test.go:156 @ 10/01/25 11:09:51.808&#xA;</system-err>
          </testcase>
          <testcase name="[It] VirtualMachineAdditionalNetworkInterfaces When test is completed deletes test case resources [SIG-Migration]" classname="Tests" status="skipped" time="0">
              <skipped message="skipped - Spec skipped because an earlier spec in an ordered container failed"></skipped>
              <system-err>[SKIPPED] Spec skipped because an earlier spec in an ordered container failed&#xA;In [It] at: /Users/antont/ansible_deckhouse/virtualization-full/tests/e2e/vm_vpc_test.go:169 @ 10/01/25 11:09:51.808&#xA;</system-err>
          </testcase>
          <testcase name="[It] VirtualMachineLabelAndAnnotation When resources are applied result should be succeeded" classname="Tests" status="passed" time="4.671335083">
              <system-err>&gt; Enter [BeforeAll] VirtualMachineLabelAndAnnotation - /Users/antont/ansible_deckhouse/virtualization-full/tests/e2e/vm_label_annotation_test.go:42 @ 10/01/25 11:09:51.809&#xA;&lt; Exit [BeforeAll] VirtualMachineLabelAndAnnotation - /Users/antont/ansible_deckhouse/virtualization-full/tests/e2e/vm_label_annotation_test.go:42 @ 10/01/25 11:09:53.546 (1.737s)&#xA;&gt; Enter [BeforeEach] VirtualMachineLabelAndAnnotation - /Users/antont/ansible_deckhouse/virtualization-full/tests/e2e/vm_label_annotation_test.go:51 @ 10/01/25 11:09:53.546&#xA;&lt; Exit [BeforeEach] VirtualMachineLabelAndAnnotation - /Users/antont/ansible_deckhouse/virtualization-full/tests/e2e/vm_label_annotation_test.go:51 @ 10/01/25 11:09:53.546 (0s)&#xA;&gt; Enter [It] result should be succeeded - /Users/antont/ansible_deckhouse/virtualization-full/tests/e2e/vm_label_annotation_test.go:64 @ 10/01/25 11:09:53.546&#xA;&lt; Exit [It] result should be succeeded - /Users/antont/ansible_deckhouse/virtualization-full/tests/e2e/vm_label_annotation_test.go:64 @ 10/01/25 11:09:56.48 (2.934s)&#xA;&gt; Enter [AfterEach] VirtualMachineLabelAndAnnotation - /Users/antont/ansible_deckhouse/virtualization-full/tests/e2e/vm_label_annotation_test.go:57 @ 10/01/25 11:09:56.48&#xA;&lt; Exit [AfterEach] VirtualMachineLabelAndAnnotation - /Users/antont/ansible_deckhouse/virtualization-full/tests/e2e/vm_label_annotation_test.go:57 @ 10/01/25 11:09:56.48 (0s)&#xA;</system-err>
          </testcase>
          <testcase name="[It] VirtualMachineLabelAndAnnotation When virtual images are applied checks VIs phases" classname="Tests" status="passed" time="5.751437042">
              <system-err>&gt; Enter [BeforeEach] VirtualMachineLabelAndAnnotation - /Users/antont/ansible_deckhouse/virtualization-full/tests/e2e/vm_label_annotation_test.go:51 @ 10/01/25 11:09:56.48&#xA;&lt; Exit [BeforeEach] VirtualMachineLabelAndAnnotation - /Users/antont/ansible_deckhouse/virtualization-full/tests/e2e/vm_label_annotation_test.go:51 @ 10/01/25 11:09:56.48 (0s)&#xA;&gt; Enter [It] checks VIs phases - /Users/antont/ansible_deckhouse/virtualization-full/tests/e2e/vm_label_annotation_test.go:74 @ 10/01/25 11:09:56.48&#xA;STEP: VIs should be in Ready phases - /Users/antont/ansible_deckhouse/virtualization-full/tests/e2e/vm_label_annotation_test.go:75 @ 10/01/25 11:09:56.48&#xA;&lt; Exit [It] checks VIs phases - /Users/antont/ansible_deckhouse/virtualization-full/tests/e2e/vm_label_annotation_test.go:74 @ 10/01/25 11:10:02.231 (5.751s)&#xA;&gt; Enter [AfterEach] VirtualMachineLabelAndAnnotation - /Users/antont/ansible_deckhouse/virtualization-full/tests/e2e/vm_label_annotation_test.go:57 @ 10/01/25 11:10:02.231&#xA;&lt; Exit [AfterEach] VirtualMachineLabelAndAnnotation - /Users/antont/ansible_deckhouse/virtualization-full/tests/e2e/vm_label_annotation_test.go:57 @ 10/01/25 11:10:02.231 (0s)&#xA;</system-err>
          </testcase>
          <testcase name="[It] VirtualMachineLabelAndAnnotation When virtual disks are applied checks VDs phases" classname="Tests" status="passed" time="12.448432125">
              <system-err>&gt; Enter [BeforeEach] VirtualMachineLabelAndAnnotation - /Users/antont/ansible_deckhouse/virtualization-full/tests/e2e/vm_label_annotation_test.go:51 @ 10/01/25 11:10:02.232&#xA;&lt; Exit [BeforeEach] VirtualMachineLabelAndAnnotation - /Users/antont/ansible_deckhouse/virtualization-full/tests/e2e/vm_label_annotation_test.go:51 @ 10/01/25 11:10:02.232 (0s)&#xA;&gt; Enter [It] checks VDs phases - /Users/antont/ansible_deckhouse/virtualization-full/tests/e2e/vm_label_annotation_test.go:85 @ 10/01/25 11:10:02.232&#xA;STEP: VDs should be in Ready phases - /Users/antont/ansible_deckhouse/virtualization-full/tests/e2e/vm_label_annotation_test.go:86 @ 10/01/25 11:10:02.232&#xA;&lt; Exit [It] checks VDs phases - /Users/antont/ansible_deckhouse/virtualization-full/tests/e2e/vm_label_annotation_test.go:85 @ 10/01/25 11:10:14.68 (12.448s)&#xA;&gt; Enter [AfterEach] VirtualMachineLabelAndAnnotation - /Users/antont/ansible_deckhouse/virtualization-full/tests/e2e/vm_label_annotation_test.go:57 @ 10/01/25 11:10:14.68&#xA;&lt; Exit [AfterEach] VirtualMachineLabelAndAnnotation - /Users/antont/ansible_deckhouse/virtualization-full/tests/e2e/vm_label_annotation_test.go:57 @ 10/01/25 11:10:14.68 (0s)&#xA;</system-err>
          </testcase>
          <testcase name="[It] VirtualMachineLabelAndAnnotation When virtual machines are applied checks VMs phases" classname="Tests" status="passed" time="48.002510208">
              <system-err>&gt; Enter [BeforeEach] VirtualMachineLabelAndAnnotation - /Users/antont/ansible_deckhouse/virtualization-full/tests/e2e/vm_label_annotation_test.go:51 @ 10/01/25 11:10:14.68&#xA;&lt; Exit [BeforeEach] VirtualMachineLabelAndAnnotation - /Users/antont/ansible_deckhouse/virtualization-full/tests/e2e/vm_label_annotation_test.go:51 @ 10/01/25 11:10:14.68 (0s)&#xA;&gt; Enter [It] checks VMs phases - /Users/antont/ansible_deckhouse/virtualization-full/tests/e2e/vm_label_annotation_test.go:96 @ 10/01/25 11:10:14.68&#xA;STEP: Virtual machine phase should be Running - /Users/antont/ansible_deckhouse/virtualization-full/tests/e2e/vm_label_annotation_test.go:97 @ 10/01/25 11:10:14.68&#xA;&lt; Exit [It] checks VMs phases - /Users/antont/ansible_deckhouse/virtualization-full/tests/e2e/vm_label_annotation_test.go:96 @ 10/01/25 11:11:02.683 (48.002s)&#xA;&gt; Enter [AfterEach] VirtualMachineLabelAndAnnotation - /Users/antont/ansible_deckhouse/virtualization-full/tests/e2e/vm_label_annotation_test.go:57 @ 10/01/25 11:11:02.683&#xA;&lt; Exit [AfterEach] VirtualMachineLabelAndAnnotation - /Users/antont/ansible_deckhouse/virtualization-full/tests/e2e/vm_label_annotation_test.go:57 @ 10/01/25 11:11:02.683 (0s)&#xA;</system-err>
          </testcase>
          <testcase name="[It] VirtualMachineLabelAndAnnotation When virtual machine is running marks VMs with label map[&#34;specialKey&#34;:&#34;specialValue&#34;]" classname="Tests" status="passed" time="2.197241917">
              <system-err>&gt; Enter [BeforeEach] VirtualMachineLabelAndAnnotation - /Users/antont/ansible_deckhouse/virtualization-full/tests/e2e/vm_label_annotation_test.go:51 @ 10/01/25 11:11:02.683&#xA;&lt; Exit [BeforeEach] VirtualMachineLabelAndAnnotation - /Users/antont/ansible_deckhouse/virtualization-full/tests/e2e/vm_label_annotation_test.go:51 @ 10/01/25 11:11:02.683 (0s)&#xA;&gt; Enter [It] marks VMs with label map[&#34;specialKey&#34;:&#34;specialValue&#34;] - /Users/antont/ansible_deckhouse/virtualization-full/tests/e2e/vm_label_annotation_test.go:107 @ 10/01/25 11:11:02.683&#xA;&lt; Exit [It] marks VMs with label map[&#34;specialKey&#34;:&#34;specialValue&#34;] - /Users/antont/ansible_deckhouse/virtualization-full/tests/e2e/vm_label_annotation_test.go:107 @ 10/01/25 11:11:04.88 (2.197s)&#xA;&gt; Enter [AfterEach] VirtualMachineLabelAndAnnotation - /Users/antont/ansible_deckhouse/virtualization-full/tests/e2e/vm_label_annotation_test.go:57 @ 10/01/25 11:11:04.88&#xA;&lt; Exit [AfterEach] VirtualMachineLabelAndAnnotation - /Users/antont/ansible_deckhouse/virtualization-full/tests/e2e/vm_label_annotation_test.go:57 @ 10/01/25 11:11:04.881 (0s)&#xA;</system-err>
          </testcase>
          <testcase name="[It] VirtualMachineLabelAndAnnotation When virtual machine is running checks VMs and pods labels after VMs labeling" classname="Tests" status="passed" time="2.262710583">
              <system-err>&gt; Enter [BeforeEach] VirtualMachineLabelAndAnnotation - /Users/antont/ansible_deckhouse/virtualization-full/tests/e2e/vm_label_annotation_test.go:51 @ 10/01/25 11:11:04.881&#xA;&lt; Exit [BeforeEach] VirtualMachineLabelAndAnnotation - /Users/antont/ansible_deckhouse/virtualization-full/tests/e2e/vm_label_annotation_test.go:51 @ 10/01/25 11:11:04.881 (0s)&#xA;&gt; Enter [It] checks VMs and pods labels after VMs labeling - /Users/antont/ansible_deckhouse/virtualization-full/tests/e2e/vm_label_annotation_test.go:120 @ 10/01/25 11:11:04.881&#xA;&lt; Exit [It] checks VMs and pods labels after VMs labeling - /Users/antont/ansible_deckhouse/virtualization-full/tests/e2e/vm_label_annotation_test.go:120 @ 10/01/25 11:11:07.143 (2.263s)&#xA;&gt; Enter [AfterEach] VirtualMachineLabelAndAnnotation - /Users/antont/ansible_deckhouse/virtualization-full/tests/e2e/vm_label_annotation_test.go:57 @ 10/01/25 11:11:07.143&#xA;&lt; Exit [AfterEach] VirtualMachineLabelAndAnnotation - /Users/antont/ansible_deckhouse/virtualization-full/tests/e2e/vm_label_annotation_test.go:57 @ 10/01/25 11:11:07.143 (0s)&#xA;</system-err>
          </testcase>
          <testcase name="[It] VirtualMachineLabelAndAnnotation When virtual machine is running removes label map[specialKey:specialValue] from VMs" classname="Tests" status="passed" time="2.677687208">
              <system-err>&gt; Enter [BeforeEach] VirtualMachineLabelAndAnnotation - /Users/antont/ansible_deckhouse/virtualization-full/tests/e2e/vm_label_annotation_test.go:51 @ 10/01/25 11:11:07.144&#xA;&lt; Exit [BeforeEach] VirtualMachineLabelAndAnnotation - /Users/antont/ansible_deckhouse/virtualization-full/tests/e2e/vm_label_annotation_test.go:51 @ 10/01/25 11:11:07.144 (0s)&#xA;&gt; Enter [It] removes label map[specialKey:specialValue] from VMs - /Users/antont/ansible_deckhouse/virtualization-full/tests/e2e/vm_label_annotation_test.go:152 @ 10/01/25 11:11:07.144&#xA;&lt; Exit [It] removes label map[specialKey:specialValue] from VMs - /Users/antont/ansible_deckhouse/virtualization-full/tests/e2e/vm_label_annotation_test.go:152 @ 10/01/25 11:11:09.821 (2.678s)&#xA;&gt; Enter [AfterEach] VirtualMachineLabelAndAnnotation - /Users/antont/ansible_deckhouse/virtualization-full/tests/e2e/vm_label_annotation_test.go:57 @ 10/01/25 11:11:09.821&#xA;&lt; Exit [AfterEach] VirtualMachineLabelAndAnnotation - /Users/antont/ansible_deckhouse/virtualization-full/tests/e2e/vm_label_annotation_test.go:57 @ 10/01/25 11:11:09.821 (0s)&#xA;</system-err>
          </testcase>
          <testcase name="[It] VirtualMachineLabelAndAnnotation When virtual machine is running checks VMs and pods labels after VMs unlabeling" classname="Tests" status="passed" time="1.80904525">
              <system-err>&gt; Enter [BeforeEach] VirtualMachineLabelAndAnnotation - /Users/antont/ansible_deckhouse/virtualization-full/tests/e2e/vm_label_annotation_test.go:51 @ 10/01/25 11:11:09.821&#xA;&lt; Exit [BeforeEach] VirtualMachineLabelAndAnnotation - /Users/antont/ansible_deckhouse/virtualization-full/tests/e2e/vm_label_annotation_test.go:51 @ 10/01/25 11:11:09.821 (0s)&#xA;&gt; Enter [It] checks VMs and pods labels after VMs unlabeling - /Users/antont/ansible_deckhouse/virtualization-full/tests/e2e/vm_label_annotation_test.go:165 @ 10/01/25 11:11:09.821&#xA;&lt; Exit [It] checks VMs and pods labels after VMs unlabeling - /Users/antont/ansible_deckhouse/virtualization-full/tests/e2e/vm_label_annotation_test.go:165 @ 10/01/25 11:11:11.63 (1.809s)&#xA;&gt; Enter [AfterEach] VirtualMachineLabelAndAnnotation - /Users/antont/ansible_deckhouse/virtualization-full/tests/e2e/vm_label_annotation_test.go:57 @ 10/01/25 11:11:11.63&#xA;&lt; Exit [AfterEach] VirtualMachineLabelAndAnnotation - /Users/antont/ansible_deckhouse/virtualization-full/tests/e2e/vm_label_annotation_test.go:57 @ 10/01/25 11:11:11.63 (0s)&#xA;</system-err>
          </testcase>
          <testcase name="[It] VirtualMachineLabelAndAnnotation Annotate `VirtualMachines` in Running phase marks VMs with annotation map[&#34;specialKey&#34;:&#34;specialValue&#34;]" classname="Tests" status="passed" time="2.689880458">
              <system-err>&gt; Enter [BeforeEach] VirtualMachineLabelAndAnnotation - /Users/antont/ansible_deckhouse/virtualization-full/tests/e2e/vm_label_annotation_test.go:51 @ 10/01/25 11:11:11.631&#xA;&lt; Exit [BeforeEach] VirtualMachineLabelAndAnnotation - /Users/antont/ansible_deckhouse/virtualization-full/tests/e2e/vm_label_annotation_test.go:51 @ 10/01/25 11:11:11.631 (0s)&#xA;&gt; Enter [It] marks VMs with annotation map[&#34;specialKey&#34;:&#34;specialValue&#34;] - /Users/antont/ansible_deckhouse/virtualization-full/tests/e2e/vm_label_annotation_test.go:199 @ 10/01/25 11:11:11.631&#xA;&lt; Exit [It] marks VMs with annotation map[&#34;specialKey&#34;:&#34;specialValue&#34;] - /Users/antont/ansible_deckhouse/virtualization-full/tests/e2e/vm_label_annotation_test.go:199 @ 10/01/25 11:11:14.32 (2.69s)&#xA;&gt; Enter [AfterEach] VirtualMachineLabelAndAnnotation - /Users/antont/ansible_deckhouse/virtualization-full/tests/e2e/vm_label_annotation_test.go:57 @ 10/01/25 11:11:14.32&#xA;&lt; Exit [AfterEach] VirtualMachineLabelAndAnnotation - /Users/antont/ansible_deckhouse/virtualization-full/tests/e2e/vm_label_annotation_test.go:57 @ 10/01/25 11:11:14.32 (0s)&#xA;</system-err>
          </testcase>
          <testcase name="[It] VirtualMachineLabelAndAnnotation Annotate `VirtualMachines` in Running phase checks VMs and pods annotations after VMs annotating" classname="Tests" status="passed" time="1.754890333">
              <system-err>&gt; Enter [BeforeEach] VirtualMachineLabelAndAnnotation - /Users/antont/ansible_deckhouse/virtualization-full/tests/e2e/vm_label_annotation_test.go:51 @ 10/01/25 11:11:14.321&#xA;&lt; Exit [BeforeEach] VirtualMachineLabelAndAnnotation - /Users/antont/ansible_deckhouse/virtualization-full/tests/e2e/vm_label_annotation_test.go:51 @ 10/01/25 11:11:14.321 (0s)&#xA;&gt; Enter [It] checks VMs and pods annotations after VMs annotating - /Users/antont/ansible_deckhouse/virtualization-full/tests/e2e/vm_label_annotation_test.go:212 @ 10/01/25 11:11:14.321&#xA;&lt; Exit [It] checks VMs and pods annotations after VMs annotating - /Users/antont/ansible_deckhouse/virtualization-full/tests/e2e/vm_label_annotation_test.go:212 @ 10/01/25 11:11:16.075 (1.755s)&#xA;&gt; Enter [AfterEach] VirtualMachineLabelAndAnnotation - /Users/antont/ansible_deckhouse/virtualization-full/tests/e2e/vm_label_annotation_test.go:57 @ 10/01/25 11:11:16.075&#xA;&lt; Exit [AfterEach] VirtualMachineLabelAndAnnotation - /Users/antont/ansible_deckhouse/virtualization-full/tests/e2e/vm_label_annotation_test.go:57 @ 10/01/25 11:11:16.075 (0s)&#xA;</system-err>
          </testcase>
          <testcase name="[It] VirtualMachineLabelAndAnnotation Annotate `VirtualMachines` in Running phase removes annotation map[specialKey:specialValue] from VMs" classname="Tests" status="passed" time="2.17722275">
              <system-err>&gt; Enter [BeforeEach] VirtualMachineLabelAndAnnotation - /Users/antont/ansible_deckhouse/virtualization-full/tests/e2e/vm_label_annotation_test.go:51 @ 10/01/25 11:11:16.076&#xA;&lt; Exit [BeforeEach] VirtualMachineLabelAndAnnotation - /Users/antont/ansible_deckhouse/virtualization-full/tests/e2e/vm_label_annotation_test.go:51 @ 10/01/25 11:11:16.076 (0s)&#xA;&gt; Enter [It] removes annotation map[specialKey:specialValue] from VMs - /Users/antont/ansible_deckhouse/virtualization-full/tests/e2e/vm_label_annotation_test.go:244 @ 10/01/25 11:11:16.076&#xA;&lt; Exit [It] removes annotation map[specialKey:specialValue] from VMs - /Users/antont/ansible_deckhouse/virtualization-full/tests/e2e/vm_label_annotation_test.go:244 @ 10/01/25 11:11:18.253 (2.177s)&#xA;&gt; Enter [AfterEach] VirtualMachineLabelAndAnnotation - /Users/antont/ansible_deckhouse/virtualization-full/tests/e2e/vm_label_annotation_test.go:57 @ 10/01/25 11:11:18.253&#xA;&lt; Exit [AfterEach] VirtualMachineLabelAndAnnotation - /Users/antont/ansible_deckhouse/virtualization-full/tests/e2e/vm_label_annotation_test.go:57 @ 10/01/25 11:11:18.253 (0s)&#xA;</system-err>
          </testcase>
          <testcase name="[It] VirtualMachineLabelAndAnnotation Annotate `VirtualMachines` in Running phase checks VMs and pods annotations after VMs unannotating" classname="Tests" status="passed" time="1.8002664579999998">
              <system-err>&gt; Enter [BeforeEach] VirtualMachineLabelAndAnnotation - /Users/antont/ansible_deckhouse/virtualization-full/tests/e2e/vm_label_annotation_test.go:51 @ 10/01/25 11:11:18.253&#xA;&lt; Exit [BeforeEach] VirtualMachineLabelAndAnnotation - /Users/antont/ansible_deckhouse/virtualization-full/tests/e2e/vm_label_annotation_test.go:51 @ 10/01/25 11:11:18.253 (0s)&#xA;&gt; Enter [It] checks VMs and pods annotations after VMs unannotating - /Users/antont/ansible_deckhouse/virtualization-full/tests/e2e/vm_label_annotation_test.go:257 @ 10/01/25 11:11:18.253&#xA;&lt; Exit [It] checks VMs and pods annotations after VMs unannotating - /Users/antont/ansible_deckhouse/virtualization-full/tests/e2e/vm_label_annotation_test.go:257 @ 10/01/25 11:11:20.053 (1.8s)&#xA;&gt; Enter [AfterEach] VirtualMachineLabelAndAnnotation - /Users/antont/ansible_deckhouse/virtualization-full/tests/e2e/vm_label_annotation_test.go:57 @ 10/01/25 11:11:20.053&#xA;&lt; Exit [AfterEach] VirtualMachineLabelAndAnnotation - /Users/antont/ansible_deckhouse/virtualization-full/tests/e2e/vm_label_annotation_test.go:57 @ 10/01/25 11:11:20.053 (0s)&#xA;</system-err>
          </testcase>
          <testcase name="[It] VirtualMachineLabelAndAnnotation When test is completed deletes test case resources" classname="Tests" status="passed" time="45.84564075">
              <system-err>&gt; Enter [BeforeEach] VirtualMachineLabelAndAnnotation - /Users/antont/ansible_deckhouse/virtualization-full/tests/e2e/vm_label_annotation_test.go:51 @ 10/01/25 11:11:20.054&#xA;&lt; Exit [BeforeEach] VirtualMachineLabelAndAnnotation - /Users/antont/ansible_deckhouse/virtualization-full/tests/e2e/vm_label_annotation_test.go:51 @ 10/01/25 11:11:20.054 (0s)&#xA;&gt; Enter [It] deletes test case resources - /Users/antont/ansible_deckhouse/virtualization-full/tests/e2e/vm_label_annotation_test.go:291 @ 10/01/25 11:11:20.054&#xA;STEP: Response on deletion request should be successful - /Users/antont/ansible_deckhouse/virtualization-full/tests/e2e/util_test.go:604 @ 10/01/25 11:11:20.054&#xA;END STEP: Response on deletion request should be successful - /Users/antont/ansible_deckhouse/virtualization-full/tests/e2e/util_test.go:604 @ 10/01/25 11:12:05.899 (45.845s)&#xA;&lt; Exit [It] deletes test case resources - /Users/antont/ansible_deckhouse/virtualization-full/tests/e2e/vm_label_annotation_test.go:291 @ 10/01/25 11:12:05.899 (45.845s)&#xA;&gt; Enter [AfterEach] VirtualMachineLabelAndAnnotation - /Users/antont/ansible_deckhouse/virtualization-full/tests/e2e/vm_label_annotation_test.go:57 @ 10/01/25 11:12:05.899&#xA;&lt; Exit [AfterEach] VirtualMachineLabelAndAnnotation - /Users/antont/ansible_deckhouse/virtualization-full/tests/e2e/vm_label_annotation_test.go:57 @ 10/01/25 11:12:05.899 (0s)&#xA;</system-err>
          </testcase>
          <testcase name="[It] IPAM vmip with type Auto Creates vmip with type Auto" classname="Tests" status="passed" time="4.236812">
              <system-err>&gt; Enter [BeforeAll] IPAM - /Users/antont/ansible_deckhouse/virtualization-full/tests/e2e/ipam_test.go:50 @ 10/01/25 11:12:05.9&#xA;&lt; Exit [BeforeAll] IPAM - /Users/antont/ansible_deckhouse/virtualization-full/tests/e2e/ipam_test.go:50 @ 10/01/25 11:12:08.838 (2.938s)&#xA;&gt; Enter [BeforeEach] IPAM - /Users/antont/ansible_deckhouse/virtualization-full/tests/e2e/ipam_test.go:65 @ 10/01/25 11:12:08.838&#xA;&lt; Exit [BeforeEach] IPAM - /Users/antont/ansible_deckhouse/virtualization-full/tests/e2e/ipam_test.go:65 @ 10/01/25 11:12:08.838 (0s)&#xA;&gt; Enter [It] Creates vmip with type Auto - /Users/antont/ansible_deckhouse/virtualization-full/tests/e2e/ipam_test.go:80 @ 10/01/25 11:12:08.838&#xA;STEP: Create a vmip automatically and check its binding with a lease - /Users/antont/ansible_deckhouse/virtualization-full/tests/e2e/ipam_test.go:81 @ 10/01/25 11:12:08.838&#xA;STEP: Remove label from the lease - /Users/antont/ansible_deckhouse/virtualization-full/tests/e2e/ipam_test.go:87 @ 10/01/25 11:12:09.724&#xA;STEP: Wait for the label to be restored by the controller - /Users/antont/ansible_deckhouse/virtualization-full/tests/e2e/ipam_test.go:96 @ 10/01/25 11:12:09.864&#xA;&lt; Exit [It] Creates vmip with type Auto - /Users/antont/ansible_deckhouse/virtualization-full/tests/e2e/ipam_test.go:80 @ 10/01/25 11:12:10.137 (1.299s)&#xA;&gt; Enter [AfterEach] IPAM - /Users/antont/ansible_deckhouse/virtualization-full/tests/e2e/ipam_test.go:157 @ 10/01/25 11:12:10.137&#xA;&lt; Exit [AfterEach] IPAM - /Users/antont/ansible_deckhouse/virtualization-full/tests/e2e/ipam_test.go:157 @ 10/01/25 11:12:10.137 (0s)&#xA;</system-err>
          </testcase>
          <testcase name="[It] IPAM vmip with type Static Creates vmip with type Static" classname="Tests" status="passed" time="1.8170228750000001">
              <system-err>&gt; Enter [BeforeEach] IPAM - /Users/antont/ansible_deckhouse/virtualization-full/tests/e2e/ipam_test.go:65 @ 10/01/25 11:12:10.137&#xA;&lt; Exit [BeforeEach] IPAM - /Users/antont/ansible_deckhouse/virtualization-full/tests/e2e/ipam_test.go:65 @ 10/01/25 11:12:10.137 (0s)&#xA;&gt; Enter [It] Creates vmip with type Static - /Users/antont/ansible_deckhouse/virtualization-full/tests/e2e/ipam_test.go:108 @ 10/01/25 11:12:10.137&#xA;STEP: Create an intermediate vmip automatically to allocate a new ip address - /Users/antont/ansible_deckhouse/virtualization-full/tests/e2e/ipam_test.go:109 @ 10/01/25 11:12:10.137&#xA;STEP: Delete the intermediate vmip automatically and check that the lease is released - /Users/antont/ansible_deckhouse/virtualization-full/tests/e2e/ipam_test.go:115 @ 10/01/25 11:12:10.54&#xA;STEP: Reuse the released lease with a static vmip - /Users/antont/ansible_deckhouse/virtualization-full/tests/e2e/ipam_test.go:124 @ 10/01/25 11:12:10.805&#xA;STEP: Delete the static vmip and lease, then create another static vmip with this ip address - /Users/antont/ansible_deckhouse/virtualization-full/tests/e2e/ipam_test.go:132 @ 10/01/25 11:12:11.215&#xA;&lt; Exit [It] Creates vmip with type Static - /Users/antont/ansible_deckhouse/virtualization-full/tests/e2e/ipam_test.go:108 @ 10/01/25 11:12:11.954 (1.817s)&#xA;&gt; Enter [AfterEach] IPAM - /Users/antont/ansible_deckhouse/virtualization-full/tests/e2e/ipam_test.go:157 @ 10/01/25 11:12:11.954&#xA;&lt; Exit [AfterEach] IPAM - /Users/antont/ansible_deckhouse/virtualization-full/tests/e2e/ipam_test.go:157 @ 10/01/25 11:12:11.954 (0s)&#xA;</system-err>
          </testcase>
          <testcase name="[It] VirtualMachineMigration When resources are applied result should be succeeded [SIG-Migration]" classname="Tests" status="passed" time="7.787473375">
              <system-err>&gt; Enter [BeforeAll] VirtualMachineMigration - /Users/antont/ansible_deckhouse/virtualization-full/tests/e2e/vm_migration_test.go:36 @ 10/01/25 11:12:11.954&#xA;&lt; Exit [BeforeAll] VirtualMachineMigration - /Users/antont/ansible_deckhouse/virtualization-full/tests/e2e/vm_migration_test.go:36 @ 10/01/25 11:12:13.699 (1.744s)&#xA;&gt; Enter [It] result should be succeeded - /Users/antont/ansible_deckhouse/virtualization-full/tests/e2e/vm_migration_test.go:52 @ 10/01/25 11:12:13.699&#xA;&lt; Exit [It] result should be succeeded - /Users/antont/ansible_deckhouse/virtualization-full/tests/e2e/vm_migration_test.go:52 @ 10/01/25 11:12:19.742 (6.043s)&#xA;&gt; Enter [AfterEach] VirtualMachineMigration - /Users/antont/ansible_deckhouse/virtualization-full/tests/e2e/vm_migration_test.go:45 @ 10/01/25 11:12:19.742&#xA;&lt; Exit [AfterEach] VirtualMachineMigration - /Users/antont/ansible_deckhouse/virtualization-full/tests/e2e/vm_migration_test.go:45 @ 10/01/25 11:12:19.742 (0s)&#xA;</system-err>
          </testcase>
          <testcase name="[It] VirtualMachineMigration When virtual machines are applied checks VMs phases [SIG-Migration]" classname="Tests" status="passed" time="98.3646665">
              <system-err>&gt; Enter [It] checks VMs phases - /Users/antont/ansible_deckhouse/virtualization-full/tests/e2e/vm_migration_test.go:75 @ 10/01/25 11:12:19.742&#xA;STEP: Virtual machine agents should be ready - /Users/antont/ansible_deckhouse/virtualization-full/tests/e2e/vm_migration_test.go:76 @ 10/01/25 11:12:19.742&#xA;&lt; Exit [It] checks VMs phases - /Users/antont/ansible_deckhouse/virtualization-full/tests/e2e/vm_migration_test.go:75 @ 10/01/25 11:13:58.107 (1m38.364s)&#xA;&gt; Enter [AfterEach] VirtualMachineMigration - /Users/antont/ansible_deckhouse/virtualization-full/tests/e2e/vm_migration_test.go:45 @ 10/01/25 11:13:58.107&#xA;&lt; Exit [AfterEach] VirtualMachineMigration - /Users/antont/ansible_deckhouse/virtualization-full/tests/e2e/vm_migration_test.go:45 @ 10/01/25 11:13:58.107 (0s)&#xA;</system-err>
          </testcase>
          <testcase name="[It] VirtualMachineMigration When virtual machine agents are ready starts migrations [SIG-Migration]" classname="Tests" status="passed" time="1.906768709">
              <system-err>&gt; Enter [It] starts migrations - /Users/antont/ansible_deckhouse/virtualization-full/tests/e2e/vm_migration_test.go:86 @ 10/01/25 11:13:58.107&#xA;&lt; Exit [It] starts migrations - /Users/antont/ansible_deckhouse/virtualization-full/tests/e2e/vm_migration_test.go:86 @ 10/01/25 11:14:00.014 (1.907s)&#xA;&gt; Enter [AfterEach] VirtualMachineMigration - /Users/antont/ansible_deckhouse/virtualization-full/tests/e2e/vm_migration_test.go:45 @ 10/01/25 11:14:00.014&#xA;&lt; Exit [AfterEach] VirtualMachineMigration - /Users/antont/ansible_deckhouse/virtualization-full/tests/e2e/vm_migration_test.go:45 @ 10/01/25 11:14:00.014 (0s)&#xA;</system-err>
          </testcase>
          <testcase name="[It] VirtualMachineMigration When VMs migrations are applied checks VMs and VMOPs phases [SIG-Migration]" classname="Tests" status="passed" time="25.825862917">
              <system-err>&gt; Enter [It] checks VMs and VMOPs phases - /Users/antont/ansible_deckhouse/virtualization-full/tests/e2e/vm_migration_test.go:100 @ 10/01/25 11:14:00.014&#xA;STEP: VMOPs should be in Completed phases - /Users/antont/ansible_deckhouse/virtualization-full/tests/e2e/vm_migration_test.go:101 @ 10/01/25 11:14:00.014&#xA;STEP: Virtual machines should be migrated - /Users/antont/ansible_deckhouse/virtualization-full/tests/e2e/vm_migration_test.go:107 @ 10/01/25 11:14:23.518&#xA;&lt; Exit [It] checks VMs and VMOPs phases - /Users/antont/ansible_deckhouse/virtualization-full/tests/e2e/vm_migration_test.go:100 @ 10/01/25 11:14:25.84 (25.826s)&#xA;&gt; Enter [AfterEach] VirtualMachineMigration - /Users/antont/ansible_deckhouse/virtualization-full/tests/e2e/vm_migration_test.go:45 @ 10/01/25 11:14:25.84&#xA;&lt; Exit [AfterEach] VirtualMachineMigration - /Users/antont/ansible_deckhouse/virtualization-full/tests/e2e/vm_migration_test.go:45 @ 10/01/25 11:14:25.84 (0s)&#xA;</system-err>
          </testcase>
          <testcase name="[It] VirtualMachineMigration When VMs migrations are applied checks VMs external connection after migrations [SIG-Migration]" classname="Tests" status="failed" time="141.757870083">
              <failure message="Timed out after 90.001s.&#xA;The function passed to Eventually returned the following error:&#xA;    &lt;*errors.errorString | 0x1400098aa00&gt;: &#xA;    cmd: d8 v ssh head-45bdb83d-vm-migration-bios -c &#39;curl -o /dev/null -s -w &#34;%{http_code}\n&#34; https://flant.com&#39; --local-ssh=true --local-ssh-opts=&#39;-o StrictHostKeyChecking=no&#39; --local-ssh-opts=&#39;-o UserKnownHostsFile=/dev/null&#39; --local-ssh-opts=&#39;-o LogLevel=ERROR&#39; --local-ssh-opts=&#39;-o ConnectTimeout=10s&#39; -n head-45bdb83d-end-to-end-vm-migration --username=cloud --identity-file=/tmp/testdata/sshkeys/id_ed&#xA;    stderr: bash: d8: command not found&#xA;    &#xA;    {&#xA;        s: &#34;cmd: d8 v ssh head-45bdb83d-vm-migration-bios -c &#39;curl -o /dev/null -s -w \&#34;%{http_code}\\n\&#34; https://flant.com&#39; --local-ssh=true --local-ssh-opts=&#39;-o StrictHostKeyChecking=no&#39; --local-ssh-opts=&#39;-o UserKnownHostsFile=/dev/null&#39; --local-ssh-opts=&#39;-o LogLevel=ERROR&#39; --local-ssh-opts=&#39;-o ConnectTimeout=10s&#39; -n head-45bdb83d-end-to-end-vm-migration --username=cloud --identity-file=/tmp/testdata/sshkeys/id_ed\nstderr: bash: d8: command not found\n&#34;,&#xA;    }" type="failed">[FAILED] Timed out after 90.001s.&#xA;The function passed to Eventually returned the following error:&#xA;    &lt;*errors.errorString | 0x1400098aa00&gt;: &#xA;    cmd: d8 v ssh head-45bdb83d-vm-migration-bios -c &#39;curl -o /dev/null -s -w &#34;%{http_code}\n&#34; https://flant.com&#39; --local-ssh=true --local-ssh-opts=&#39;-o StrictHostKeyChecking=no&#39; --local-ssh-opts=&#39;-o UserKnownHostsFile=/dev/null&#39; --local-ssh-opts=&#39;-o LogLevel=ERROR&#39; --local-ssh-opts=&#39;-o ConnectTimeout=10s&#39; -n head-45bdb83d-end-to-end-vm-migration --username=cloud --identity-file=/tmp/testdata/sshkeys/id_ed&#xA;    stderr: bash: d8: command not found&#xA;    &#xA;    {&#xA;        s: &#34;cmd: d8 v ssh head-45bdb83d-vm-migration-bios -c &#39;curl -o /dev/null -s -w \&#34;%{http_code}\\n\&#34; https://flant.com&#39; --local-ssh=true --local-ssh-opts=&#39;-o StrictHostKeyChecking=no&#39; --local-ssh-opts=&#39;-o UserKnownHostsFile=/dev/null&#39; --local-ssh-opts=&#39;-o LogLevel=ERROR&#39; --local-ssh-opts=&#39;-o ConnectTimeout=10s&#39; -n head-45bdb83d-end-to-end-vm-migration --username=cloud --identity-file=/tmp/testdata/sshkeys/id_ed\nstderr: bash: d8: command not found\n&#34;,&#xA;    }&#xA;In [It] at: /Users/antont/ansible_deckhouse/virtualization-full/tests/e2e/vm_migration_test.go:126 @ 10/01/25 11:16:29.551&#xA;</failure>
              <system-err>&gt; Enter [It] checks VMs external connection after migrations - /Users/antont/ansible_deckhouse/virtualization-full/tests/e2e/vm_migration_test.go:116 @ 10/01/25 11:14:25.84&#xA;STEP: Cilium agent should be OK&#39;s for VM: head-45bdb83d-vm-migration-bios - /Users/antont/ansible_deckhouse/virtualization-full/tests/e2e/vm_migration_test.go:125 @ 10/01/25 11:14:26.776&#xA;STEP: Cilium agent should be OK&#39;s for VM: head-45bdb83d-vm-migration-uefi - /Users/antont/ansible_deckhouse/virtualization-full/tests/e2e/vm_migration_test.go:125 @ 10/01/25 11:14:43.434&#xA;STEP: Response code from &#34;https://flant.com&#34; should be &#34;200&#34; for &#34;head-45bdb83d-vm-migration-bios&#34; - /Users/antont/ansible_deckhouse/virtualization-full/tests/e2e/vm_migration_test.go:126 @ 10/01/25 11:14:59.548&#xA;[FAILED] Timed out after 90.001s.&#xA;The function passed to Eventually returned the following error:&#xA;    &lt;*errors.errorString | 0x1400098aa00&gt;: &#xA;    cmd: d8 v ssh head-45bdb83d-vm-migration-bios -c &#39;curl -o /dev/null -s -w &#34;%{http_code}\n&#34; https://flant.com&#39; --local-ssh=true --local-ssh-opts=&#39;-o StrictHostKeyChecking=no&#39; --local-ssh-opts=&#39;-o UserKnownHostsFile=/dev/null&#39; --local-ssh-opts=&#39;-o LogLevel=ERROR&#39; --local-ssh-opts=&#39;-o ConnectTimeout=10s&#39; -n head-45bdb83d-end-to-end-vm-migration --username=cloud --identity-file=/tmp/testdata/sshkeys/id_ed&#xA;    stderr: bash: d8: command not found&#xA;    &#xA;    {&#xA;        s: &#34;cmd: d8 v ssh head-45bdb83d-vm-migration-bios -c &#39;curl -o /dev/null -s -w \&#34;%{http_code}\\n\&#34; https://flant.com&#39; --local-ssh=true --local-ssh-opts=&#39;-o StrictHostKeyChecking=no&#39; --local-ssh-opts=&#39;-o UserKnownHostsFile=/dev/null&#39; --local-ssh-opts=&#39;-o LogLevel=ERROR&#39; --local-ssh-opts=&#39;-o ConnectTimeout=10s&#39; -n head-45bdb83d-end-to-end-vm-migration --username=cloud --identity-file=/tmp/testdata/sshkeys/id_ed\nstderr: bash: d8: command not found\n&#34;,&#xA;    }&#xA;In [It] at: /Users/antont/ansible_deckhouse/virtualization-full/tests/e2e/vm_migration_test.go:126 @ 10/01/25 11:16:29.551&#xA;&lt; Exit [It] checks VMs external connection after migrations - /Users/antont/ansible_deckhouse/virtualization-full/tests/e2e/vm_migration_test.go:116 @ 10/01/25 11:16:29.551 (2m3.71s)&#xA;&gt; Enter [AfterEach] VirtualMachineMigration - /Users/antont/ansible_deckhouse/virtualization-full/tests/e2e/vm_migration_test.go:45 @ 10/01/25 11:16:29.551&#xA;&lt; Exit [AfterEach] VirtualMachineMigration - /Users/antont/ansible_deckhouse/virtualization-full/tests/e2e/vm_migration_test.go:45 @ 10/01/25 11:16:47.599 (18.048s)&#xA;</system-err>
          </testcase>
          <testcase name="[It] VirtualMachineMigration When test is completed deletes test case resources [SIG-Migration]" classname="Tests" status="skipped" time="0">
              <skipped message="skipped - Spec skipped because an earlier spec in an ordered container failed"></skipped>
              <system-err>[SKIPPED] Spec skipped because an earlier spec in an ordered container failed&#xA;In [It] at: /Users/antont/ansible_deckhouse/virtualization-full/tests/e2e/vm_migration_test.go:131 @ 10/01/25 11:16:47.599&#xA;</system-err>
          </testcase>
          <testcase name="[It] ComplexTest When virtualization resources are applied result should be succeeded [Serial]" classname="Tests" status="passed" time="57.14108375">
              <system-err>&gt; Enter [BeforeAll] ComplexTest - /Users/antont/ansible_deckhouse/virtualization-full/tests/e2e/complex_test.go:51 @ 10/01/25 11:16:47.599&#xA;&lt; Exit [BeforeAll] ComplexTest - /Users/antont/ansible_deckhouse/virtualization-full/tests/e2e/complex_test.go:51 @ 10/01/25 11:16:52.255 (4.656s)&#xA;&gt; Enter [It] result should be succeeded - /Users/antont/ansible_deckhouse/virtualization-full/tests/e2e/complex_test.go:61 @ 10/01/25 11:16:52.255&#xA;&lt; Exit [It] result should be succeeded - /Users/antont/ansible_deckhouse/virtualization-full/tests/e2e/complex_test.go:61 @ 10/01/25 11:17:44.741 (52.485s)&#xA;&gt; Enter [AfterEach] ComplexTest - /Users/antont/ansible_deckhouse/virtualization-full/tests/e2e/complex_test.go:45 @ 10/01/25 11:17:44.741&#xA;&lt; Exit [AfterEach] ComplexTest - /Users/antont/ansible_deckhouse/virtualization-full/tests/e2e/complex_test.go:45 @ 10/01/25 11:17:44.741 (0s)&#xA;</system-err>
          </testcase>
          <testcase name="[It] ComplexTest When virtualization resources are applied should fill empty virtualMachineClassName with the default class name [Serial]" classname="Tests" status="passed" time="1.173060292">
              <system-err>&gt; Enter [It] should fill empty virtualMachineClassName with the default class name - /Users/antont/ansible_deckhouse/virtualization-full/tests/e2e/complex_test.go:82 @ 10/01/25 11:17:44.741&#xA;&lt; Exit [It] should fill empty virtualMachineClassName with the default class name - /Users/antont/ansible_deckhouse/virtualization-full/tests/e2e/complex_test.go:82 @ 10/01/25 11:17:45.914 (1.173s)&#xA;&gt; Enter [AfterEach] ComplexTest - /Users/antont/ansible_deckhouse/virtualization-full/tests/e2e/complex_test.go:45 @ 10/01/25 11:17:45.914&#xA;&lt; Exit [AfterEach] ComplexTest - /Users/antont/ansible_deckhouse/virtualization-full/tests/e2e/complex_test.go:45 @ 10/01/25 11:17:45.914 (0s)&#xA;</system-err>
          </testcase>
          <testcase name="[It] ComplexTest When virtual images are applied checks VIs phases [Serial]" classname="Tests" status="passed" time="0.852066792">
              <system-err>&gt; Enter [It] checks VIs phases - /Users/antont/ansible_deckhouse/virtualization-full/tests/e2e/complex_test.go:97 @ 10/01/25 11:17:45.914&#xA;STEP: VIs should be in Ready phases - /Users/antont/ansible_deckhouse/virtualization-full/tests/e2e/complex_test.go:98 @ 10/01/25 11:17:45.914&#xA;&lt; Exit [It] checks VIs phases - /Users/antont/ansible_deckhouse/virtualization-full/tests/e2e/complex_test.go:97 @ 10/01/25 11:17:46.766 (852ms)&#xA;&gt; Enter [AfterEach] ComplexTest - /Users/antont/ansible_deckhouse/virtualization-full/tests/e2e/complex_test.go:45 @ 10/01/25 11:17:46.766&#xA;&lt; Exit [AfterEach] ComplexTest - /Users/antont/ansible_deckhouse/virtualization-full/tests/e2e/complex_test.go:45 @ 10/01/25 11:17:46.766 (0s)&#xA;</system-err>
          </testcase>
          <testcase name="[It] ComplexTest When cluster virtual images are applied checks CVIs phases [Serial]" classname="Tests" status="passed" time="1.209272042">
              <system-err>&gt; Enter [It] checks CVIs phases - /Users/antont/ansible_deckhouse/virtualization-full/tests/e2e/complex_test.go:108 @ 10/01/25 11:17:46.766&#xA;STEP: CVIs should be in Ready phases - /Users/antont/ansible_deckhouse/virtualization-full/tests/e2e/complex_test.go:109 @ 10/01/25 11:17:46.766&#xA;&lt; Exit [It] checks CVIs phases - /Users/antont/ansible_deckhouse/virtualization-full/tests/e2e/complex_test.go:108 @ 10/01/25 11:17:47.975 (1.209s)&#xA;&gt; Enter [AfterEach] ComplexTest - /Users/antont/ansible_deckhouse/virtualization-full/tests/e2e/complex_test.go:45 @ 10/01/25 11:17:47.975&#xA;&lt; Exit [AfterEach] ComplexTest - /Users/antont/ansible_deckhouse/virtualization-full/tests/e2e/complex_test.go:45 @ 10/01/25 11:17:47.975 (0s)&#xA;</system-err>
          </testcase>
          <testcase name="[It] ComplexTest When virtual machine classes are applied checks VMClasses phases [Serial]" classname="Tests" status="passed" time="1.22802175">
              <system-err>&gt; Enter [It] checks VMClasses phases - /Users/antont/ansible_deckhouse/virtualization-full/tests/e2e/complex_test.go:119 @ 10/01/25 11:17:47.976&#xA;STEP: VMClasses should be in Ready phases - /Users/antont/ansible_deckhouse/virtualization-full/tests/e2e/complex_test.go:120 @ 10/01/25 11:17:47.976&#xA;&lt; Exit [It] checks VMClasses phases - /Users/antont/ansible_deckhouse/virtualization-full/tests/e2e/complex_test.go:119 @ 10/01/25 11:17:49.204 (1.228s)&#xA;&gt; Enter [AfterEach] ComplexTest - /Users/antont/ansible_deckhouse/virtualization-full/tests/e2e/complex_test.go:45 @ 10/01/25 11:17:49.204&#xA;&lt; Exit [AfterEach] ComplexTest - /Users/antont/ansible_deckhouse/virtualization-full/tests/e2e/complex_test.go:45 @ 10/01/25 11:17:49.204 (0s)&#xA;</system-err>
          </testcase>
          <testcase name="[It] ComplexTest When virtual machines IP addresses are applied patches custom VMIP with unassigned address [Serial]" classname="Tests" status="passed" time="5.361882583">
              <system-err>&gt; Enter [It] patches custom VMIP with unassigned address - /Users/antont/ansible_deckhouse/virtualization-full/tests/e2e/complex_test.go:130 @ 10/01/25 11:17:49.204&#xA;&lt; Exit [It] patches custom VMIP with unassigned address - /Users/antont/ansible_deckhouse/virtualization-full/tests/e2e/complex_test.go:130 @ 10/01/25 11:17:54.566 (5.362s)&#xA;&gt; Enter [AfterEach] ComplexTest - /Users/antont/ansible_deckhouse/virtualization-full/tests/e2e/complex_test.go:45 @ 10/01/25 11:17:54.566&#xA;&lt; Exit [AfterEach] ComplexTest - /Users/antont/ansible_deckhouse/virtualization-full/tests/e2e/complex_test.go:45 @ 10/01/25 11:17:54.566 (0s)&#xA;</system-err>
          </testcase>
          <testcase name="[It] ComplexTest When virtual machines IP addresses are applied checks VMIPs phases [Serial]" classname="Tests" status="passed" time="1.057945">
              <system-err>&gt; Enter [It] checks VMIPs phases - /Users/antont/ansible_deckhouse/virtualization-full/tests/e2e/complex_test.go:137 @ 10/01/25 11:17:54.566&#xA;STEP: VMIPs should be in Attached phases - /Users/antont/ansible_deckhouse/virtualization-full/tests/e2e/complex_test.go:138 @ 10/01/25 11:17:54.566&#xA;&lt; Exit [It] checks VMIPs phases - /Users/antont/ansible_deckhouse/virtualization-full/tests/e2e/complex_test.go:137 @ 10/01/25 11:17:55.624 (1.058s)&#xA;&gt; Enter [AfterEach] ComplexTest - /Users/antont/ansible_deckhouse/virtualization-full/tests/e2e/complex_test.go:45 @ 10/01/25 11:17:55.624&#xA;&lt; Exit [AfterEach] ComplexTest - /Users/antont/ansible_deckhouse/virtualization-full/tests/e2e/complex_test.go:45 @ 10/01/25 11:17:55.624 (0s)&#xA;</system-err>
          </testcase>
          <testcase name="[It] ComplexTest When virtual disks are applied checks VDs phases with consumers [Serial]" classname="Tests" status="passed" time="67.230956375">
              <system-err>&gt; Enter [It] checks VDs phases with consumers - /Users/antont/ansible_deckhouse/virtualization-full/tests/e2e/complex_test.go:148 @ 10/01/25 11:17:55.624&#xA;STEP: VDs should be in Ready phases - /Users/antont/ansible_deckhouse/virtualization-full/tests/e2e/complex_test.go:149 @ 10/01/25 11:17:55.624&#xA;&lt; Exit [It] checks VDs phases with consumers - /Users/antont/ansible_deckhouse/virtualization-full/tests/e2e/complex_test.go:148 @ 10/01/25 11:19:02.855 (1m7.231s)&#xA;&gt; Enter [AfterEach] ComplexTest - /Users/antont/ansible_deckhouse/virtualization-full/tests/e2e/complex_test.go:45 @ 10/01/25 11:19:02.855&#xA;&lt; Exit [AfterEach] ComplexTest - /Users/antont/ansible_deckhouse/virtualization-full/tests/e2e/complex_test.go:45 @ 10/01/25 11:19:02.855 (0s)&#xA;</system-err>
          </testcase>
          <testcase name="[It] ComplexTest When virtual disks are applied checks VDs phases with no consumers [Serial]" classname="Tests" status="passed" time="3.4881245">
              <system-err>&gt; Enter [It] checks VDs phases with no consumers - /Users/antont/ansible_deckhouse/virtualization-full/tests/e2e/complex_test.go:158 @ 10/01/25 11:19:02.856&#xA;STEP: VDs should be in Ready phases - /Users/antont/ansible_deckhouse/virtualization-full/tests/e2e/complex_test.go:159 @ 10/01/25 11:19:02.856&#xA;&lt; Exit [It] checks VDs phases with no consumers - /Users/antont/ansible_deckhouse/virtualization-full/tests/e2e/complex_test.go:158 @ 10/01/25 11:19:06.344 (3.488s)&#xA;&gt; Enter [AfterEach] ComplexTest - /Users/antont/ansible_deckhouse/virtualization-full/tests/e2e/complex_test.go:45 @ 10/01/25 11:19:06.344&#xA;&lt; Exit [AfterEach] ComplexTest - /Users/antont/ansible_deckhouse/virtualization-full/tests/e2e/complex_test.go:45 @ 10/01/25 11:19:06.344 (0s)&#xA;</system-err>
          </testcase>
          <testcase name="[It] ComplexTest When virtual machines are applied checks VMs phases [Serial]" classname="Tests" status="passed" time="50.475060916">
              <system-err>&gt; Enter [It] checks VMs phases - /Users/antont/ansible_deckhouse/virtualization-full/tests/e2e/complex_test.go:169 @ 10/01/25 11:19:06.344&#xA;STEP: Virtual machine agents should be ready - /Users/antont/ansible_deckhouse/virtualization-full/tests/e2e/complex_test.go:170 @ 10/01/25 11:19:06.344&#xA;&lt; Exit [It] checks VMs phases - /Users/antont/ansible_deckhouse/virtualization-full/tests/e2e/complex_test.go:169 @ 10/01/25 11:19:56.819 (50.475s)&#xA;&gt; Enter [AfterEach] ComplexTest - /Users/antont/ansible_deckhouse/virtualization-full/tests/e2e/complex_test.go:45 @ 10/01/25 11:19:56.819&#xA;&lt; Exit [AfterEach] ComplexTest - /Users/antont/ansible_deckhouse/virtualization-full/tests/e2e/complex_test.go:45 @ 10/01/25 11:19:56.819 (0s)&#xA;</system-err>
          </testcase>
          <testcase name="[It] ComplexTest When virtual machine block device attachments are applied checks VMBDAs phases [Serial]" classname="Tests" status="passed" time="1.127548458">
              <system-err>&gt; Enter [It] checks VMBDAs phases - /Users/antont/ansible_deckhouse/virtualization-full/tests/e2e/complex_test.go:180 @ 10/01/25 11:19:56.819&#xA;STEP: VMBDAs should be in Attached phases - /Users/antont/ansible_deckhouse/virtualization-full/tests/e2e/complex_test.go:181 @ 10/01/25 11:19:56.819&#xA;&lt; Exit [It] checks VMBDAs phases - /Users/antont/ansible_deckhouse/virtualization-full/tests/e2e/complex_test.go:180 @ 10/01/25 11:19:57.947 (1.127s)&#xA;&gt; Enter [AfterEach] ComplexTest - /Users/antont/ansible_deckhouse/virtualization-full/tests/e2e/complex_test.go:45 @ 10/01/25 11:19:57.947&#xA;&lt; Exit [AfterEach] ComplexTest - /Users/antont/ansible_deckhouse/virtualization-full/tests/e2e/complex_test.go:45 @ 10/01/25 11:19:57.947 (0s)&#xA;</system-err>
          </testcase>
          <testcase name="[It] ComplexTest External connection When Virtual machine agents are ready checks VMs external connectivity [Serial]" classname="Tests" status="failed" time="113.668902125">
              <failure message="Timed out after 90.001s.&#xA;The function passed to Eventually returned the following error:&#xA;    &lt;*errors.errorString | 0x1400158e280&gt;: &#xA;    cmd: d8 v ssh head-45bdb83d-vm-default -c &#39;curl -o /dev/null -s -w &#34;%{http_code}\n&#34; https://flant.com&#39; --local-ssh=true --local-ssh-opts=&#39;-o StrictHostKeyChecking=no&#39; --local-ssh-opts=&#39;-o UserKnownHostsFile=/dev/null&#39; --local-ssh-opts=&#39;-o LogLevel=ERROR&#39; --local-ssh-opts=&#39;-o ConnectTimeout=10s&#39; -n head-45bdb83d-end-to-end-complex-test --username=cloud --identity-file=/tmp/testdata/sshkeys/id_ed&#xA;    stderr: bash: d8: command not found&#xA;    &#xA;    {&#xA;        s: &#34;cmd: d8 v ssh head-45bdb83d-vm-default -c &#39;curl -o /dev/null -s -w \&#34;%{http_code}\\n\&#34; https://flant.com&#39; --local-ssh=true --local-ssh-opts=&#39;-o StrictHostKeyChecking=no&#39; --local-ssh-opts=&#39;-o UserKnownHostsFile=/dev/null&#39; --local-ssh-opts=&#39;-o LogLevel=ERROR&#39; --local-ssh-opts=&#39;-o ConnectTimeout=10s&#39; -n head-45bdb83d-end-to-end-complex-test --username=cloud --identity-file=/tmp/testdata/sshkeys/id_ed\nstderr: bash: d8: command not found\n&#34;,&#xA;    }" type="failed">[FAILED] Timed out after 90.001s.&#xA;The function passed to Eventually returned the following error:&#xA;    &lt;*errors.errorString | 0x1400158e280&gt;: &#xA;    cmd: d8 v ssh head-45bdb83d-vm-default -c &#39;curl -o /dev/null -s -w &#34;%{http_code}\n&#34; https://flant.com&#39; --local-ssh=true --local-ssh-opts=&#39;-o StrictHostKeyChecking=no&#39; --local-ssh-opts=&#39;-o UserKnownHostsFile=/dev/null&#39; --local-ssh-opts=&#39;-o LogLevel=ERROR&#39; --local-ssh-opts=&#39;-o ConnectTimeout=10s&#39; -n head-45bdb83d-end-to-end-complex-test --username=cloud --identity-file=/tmp/testdata/sshkeys/id_ed&#xA;    stderr: bash: d8: command not found&#xA;    &#xA;    {&#xA;        s: &#34;cmd: d8 v ssh head-45bdb83d-vm-default -c &#39;curl -o /dev/null -s -w \&#34;%{http_code}\\n\&#34; https://flant.com&#39; --local-ssh=true --local-ssh-opts=&#39;-o StrictHostKeyChecking=no&#39; --local-ssh-opts=&#39;-o UserKnownHostsFile=/dev/null&#39; --local-ssh-opts=&#39;-o LogLevel=ERROR&#39; --local-ssh-opts=&#39;-o ConnectTimeout=10s&#39; -n head-45bdb83d-end-to-end-complex-test --username=cloud --identity-file=/tmp/testdata/sshkeys/id_ed\nstderr: bash: d8: command not found\n&#34;,&#xA;    }&#xA;In [It] at: /Users/antont/ansible_deckhouse/virtualization-full/tests/e2e/complex_test.go:202 @ 10/01/25 11:21:45.832&#xA;</failure>
              <system-err>&gt; Enter [It] checks VMs external connectivity - /Users/antont/ansible_deckhouse/virtualization-full/tests/e2e/complex_test.go:192 @ 10/01/25 11:19:57.947&#xA;STEP: Cilium agent should be OK&#39;s for VM: head-45bdb83d-vm-default - /Users/antont/ansible_deckhouse/virtualization-full/tests/e2e/complex_test.go:201 @ 10/01/25 11:19:58.866&#xA;STEP: Response code from &#34;https://flant.com&#34; should be &#34;200&#34; for &#34;head-45bdb83d-vm-default&#34; - /Users/antont/ansible_deckhouse/virtualization-full/tests/e2e/complex_test.go:202 @ 10/01/25 11:20:15.882&#xA;[FAILED] Timed out after 90.001s.&#xA;The function passed to Eventually returned the following error:&#xA;    &lt;*errors.errorString | 0x1400158e280&gt;: &#xA;    cmd: d8 v ssh head-45bdb83d-vm-default -c &#39;curl -o /dev/null -s -w &#34;%{http_code}\n&#34; https://flant.com&#39; --local-ssh=true --local-ssh-opts=&#39;-o StrictHostKeyChecking=no&#39; --local-ssh-opts=&#39;-o UserKnownHostsFile=/dev/null&#39; --local-ssh-opts=&#39;-o LogLevel=ERROR&#39; --local-ssh-opts=&#39;-o ConnectTimeout=10s&#39; -n head-45bdb83d-end-to-end-complex-test --username=cloud --identity-file=/tmp/testdata/sshkeys/id_ed&#xA;    stderr: bash: d8: command not found&#xA;    &#xA;    {&#xA;        s: &#34;cmd: d8 v ssh head-45bdb83d-vm-default -c &#39;curl -o /dev/null -s -w \&#34;%{http_code}\\n\&#34; https://flant.com&#39; --local-ssh=true --local-ssh-opts=&#39;-o StrictHostKeyChecking=no&#39; --local-ssh-opts=&#39;-o UserKnownHostsFile=/dev/null&#39; --local-ssh-opts=&#39;-o LogLevel=ERROR&#39; --local-ssh-opts=&#39;-o ConnectTimeout=10s&#39; -n head-45bdb83d-end-to-end-complex-test --username=cloud --identity-file=/tmp/testdata/sshkeys/id_ed\nstderr: bash: d8: command not found\n&#34;,&#xA;    }&#xA;In [It] at: /Users/antont/ansible_deckhouse/virtualization-full/tests/e2e/complex_test.go:202 @ 10/01/25 11:21:45.832&#xA;&lt; Exit [It] checks VMs external connectivity - /Users/antont/ansible_deckhouse/virtualization-full/tests/e2e/complex_test.go:192 @ 10/01/25 11:21:45.832 (1m47.936s)&#xA;&gt; Enter [AfterEach] ComplexTest - /Users/antont/ansible_deckhouse/virtualization-full/tests/e2e/complex_test.go:45 @ 10/01/25 11:21:45.832&#xA;&lt; Exit [AfterEach] ComplexTest - /Users/antont/ansible_deckhouse/virtualization-full/tests/e2e/complex_test.go:45 @ 10/01/25 11:21:51.565 (5.732s)&#xA;</system-err>
          </testcase>
          <testcase name="[It] ComplexTest Power state checks Verify that the virtual machines are stopping by VMOPs stops VMs by VMOPs [Serial]" classname="Tests" status="skipped" time="0">
              <skipped message="skipped - Spec skipped because an earlier spec in an ordered container failed"></skipped>
              <system-err>[SKIPPED] Spec skipped because an earlier spec in an ordered container failed&#xA;In [It] at: /Users/antont/ansible_deckhouse/virtualization-full/tests/e2e/complex_test.go:216 @ 10/01/25 11:21:51.565&#xA;</system-err>
          </testcase>
          <testcase name="[It] ComplexTest Power state checks Verify that the virtual machines are stopping by VMOPs checks VMOPs and VMs phases [Serial]" classname="Tests" status="skipped" time="0">
              <skipped message="skipped - Spec skipped because an earlier spec in an ordered container failed"></skipped>
              <system-err>[SKIPPED] Spec skipped because an earlier spec in an ordered container failed&#xA;In [It] at: /Users/antont/ansible_deckhouse/virtualization-full/tests/e2e/complex_test.go:240 @ 10/01/25 11:21:51.565&#xA;</system-err>
          </testcase>
          <testcase name="[It] ComplexTest Power state checks Verify that the virtual machines are stopping by VMOPs cleanup AlwaysOn VM VMOPs [Serial]" classname="Tests" status="skipped" time="0">
              <skipped message="skipped - Spec skipped because an earlier spec in an ordered container failed"></skipped>
              <system-err>[SKIPPED] Spec skipped because an earlier spec in an ordered container failed&#xA;In [It] at: /Users/antont/ansible_deckhouse/virtualization-full/tests/e2e/complex_test.go:263 @ 10/01/25 11:21:51.565&#xA;</system-err>
          </testcase>
          <testcase name="[It] ComplexTest Power state checks Verify that the virtual machines are starting starts VMs by VMOP [Serial]" classname="Tests" status="skipped" time="0">
              <skipped message="skipped - Spec skipped because an earlier spec in an ordered container failed"></skipped>
              <system-err>[SKIPPED] Spec skipped because an earlier spec in an ordered container failed&#xA;In [It] at: /Users/antont/ansible_deckhouse/virtualization-full/tests/e2e/complex_test.go:275 @ 10/01/25 11:21:51.565&#xA;</system-err>
          </testcase>
          <testcase name="[It] ComplexTest Power state checks Verify that the virtual machines are starting checks VMs and VMOPs phases [Serial]" classname="Tests" status="skipped" time="0">
              <skipped message="skipped - Spec skipped because an earlier spec in an ordered container failed"></skipped>
              <system-err>[SKIPPED] Spec skipped because an earlier spec in an ordered container failed&#xA;In [It] at: /Users/antont/ansible_deckhouse/virtualization-full/tests/e2e/complex_test.go:293 @ 10/01/25 11:21:51.565&#xA;</system-err>
          </testcase>
          <testcase name="[It] ComplexTest Power state checks Verify that the virtual machines are stopping by ssh stops VMs by ssh [Serial]" classname="Tests" status="skipped" time="0">
              <skipped message="skipped - Spec skipped because an earlier spec in an ordered container failed"></skipped>
              <system-err>[SKIPPED] Spec skipped because an earlier spec in an ordered container failed&#xA;In [It] at: /Users/antont/ansible_deckhouse/virtualization-full/tests/e2e/complex_test.go:310 @ 10/01/25 11:21:51.565&#xA;</system-err>
          </testcase>
          <testcase name="[It] ComplexTest Power state checks Verify that the virtual machines are stopping by ssh checks VMs phases [Serial]" classname="Tests" status="skipped" time="0">
              <skipped message="skipped - Spec skipped because an earlier spec in an ordered container failed"></skipped>
              <system-err>[SKIPPED] Spec skipped because an earlier spec in an ordered container failed&#xA;In [It] at: /Users/antont/ansible_deckhouse/virtualization-full/tests/e2e/complex_test.go:334 @ 10/01/25 11:21:51.565&#xA;</system-err>
          </testcase>
          <testcase name="[It] ComplexTest Power state checks Verify that the virtual machines are stopping by ssh start not AlwaysOn VMs [Serial]" classname="Tests" status="skipped" time="0">
              <skipped message="skipped - Spec skipped because an earlier spec in an ordered container failed"></skipped>
              <system-err>[SKIPPED] Spec skipped because an earlier spec in an ordered container failed&#xA;In [It] at: /Users/antont/ansible_deckhouse/virtualization-full/tests/e2e/complex_test.go:347 @ 10/01/25 11:21:51.565&#xA;</system-err>
          </testcase>
          <testcase name="[It] ComplexTest Power state checks Verify that the virtual machines are stopping by ssh checks VMs and VMOPs phases [Serial]" classname="Tests" status="skipped" time="0">
              <skipped message="skipped - Spec skipped because an earlier spec in an ordered container failed"></skipped>
              <system-err>[SKIPPED] Spec skipped because an earlier spec in an ordered container failed&#xA;In [It] at: /Users/antont/ansible_deckhouse/virtualization-full/tests/e2e/complex_test.go:351 @ 10/01/25 11:21:51.565&#xA;</system-err>
          </testcase>
          <testcase name="[It] ComplexTest Power state checks Verify that the virtual machines are restarting by VMOP reboot VMs by VMOP [Serial]" classname="Tests" status="skipped" time="0">
              <skipped message="skipped - Spec skipped because an earlier spec in an ordered container failed"></skipped>
              <system-err>[SKIPPED] Spec skipped because an earlier spec in an ordered container failed&#xA;In [It] at: /Users/antont/ansible_deckhouse/virtualization-full/tests/e2e/complex_test.go:368 @ 10/01/25 11:21:51.565&#xA;</system-err>
          </testcase>
          <testcase name="[It] ComplexTest Power state checks Verify that the virtual machines are restarting by VMOP checks VMs and VMOPs phases [Serial]" classname="Tests" status="skipped" time="0">
              <skipped message="skipped - Spec skipped because an earlier spec in an ordered container failed"></skipped>
              <system-err>[SKIPPED] Spec skipped because an earlier spec in an ordered container failed&#xA;In [It] at: /Users/antont/ansible_deckhouse/virtualization-full/tests/e2e/complex_test.go:381 @ 10/01/25 11:21:51.565&#xA;</system-err>
          </testcase>
          <testcase name="[It] ComplexTest Power state checks Verify that the virtual machines are restarting by ssh reboot VMs by ssh [Serial]" classname="Tests" status="skipped" time="0">
              <skipped message="skipped - Spec skipped because an earlier spec in an ordered container failed"></skipped>
              <system-err>[SKIPPED] Spec skipped because an earlier spec in an ordered container failed&#xA;In [It] at: /Users/antont/ansible_deckhouse/virtualization-full/tests/e2e/complex_test.go:398 @ 10/01/25 11:21:51.565&#xA;</system-err>
          </testcase>
          <testcase name="[It] ComplexTest Power state checks Verify that the virtual machines are restarting after deleting their pods reboots the VMs by deleting their pods [Serial]" classname="Tests" status="skipped" time="0">
              <skipped message="skipped - Spec skipped because an earlier spec in an ordered container failed"></skipped>
              <system-err>[SKIPPED] Spec skipped because an earlier spec in an ordered container failed&#xA;In [It] at: /Users/antont/ansible_deckhouse/virtualization-full/tests/e2e/complex_test.go:437 @ 10/01/25 11:21:51.565&#xA;</system-err>
          </testcase>
          <testcase name="[It] ComplexTest Power state checks Verify that the virtual machines are restarting after deleting their pods checks VMs external connection after reboot [Serial]" classname="Tests" status="skipped" time="0">
              <skipped message="skipped - Spec skipped because an earlier spec in an ordered container failed"></skipped>
              <system-err>[SKIPPED] Spec skipped because an earlier spec in an ordered container failed&#xA;In [It] at: /Users/antont/ansible_deckhouse/virtualization-full/tests/e2e/complex_test.go:472 @ 10/01/25 11:21:51.565&#xA;</system-err>
          </testcase>
          <testcase name="[It] ComplexTest Migrations When Virtual machine agents are ready starts migrations [Serial]" classname="Tests" status="skipped" time="0">
              <skipped message="skipped - Spec skipped because an earlier spec in an ordered container failed"></skipped>
              <system-err>[SKIPPED] Spec skipped because an earlier spec in an ordered container failed&#xA;In [It] at: /Users/antont/ansible_deckhouse/virtualization-full/tests/e2e/complex_test.go:490 @ 10/01/25 11:21:51.565&#xA;</system-err>
          </testcase>
          <testcase name="[It] ComplexTest Migrations When VMs migrations are applied checks VMs and VMOPs phases [Serial]" classname="Tests" status="skipped" time="0">
              <skipped message="skipped - Spec skipped because an earlier spec in an ordered container failed"></skipped>
              <system-err>[SKIPPED] Spec skipped because an earlier spec in an ordered container failed&#xA;In [It] at: /Users/antont/ansible_deckhouse/virtualization-full/tests/e2e/complex_test.go:505 @ 10/01/25 11:21:51.565&#xA;</system-err>
          </testcase>
          <testcase name="[It] ComplexTest Migrations When VMs migrations are applied checks VMs external connection after migrations [Serial]" classname="Tests" status="skipped" time="0">
              <skipped message="skipped - Spec skipped because an earlier spec in an ordered container failed"></skipped>
              <system-err>[SKIPPED] Spec skipped because an earlier spec in an ordered container failed&#xA;In [It] at: /Users/antont/ansible_deckhouse/virtualization-full/tests/e2e/complex_test.go:521 @ 10/01/25 11:21:51.565&#xA;</system-err>
          </testcase>
          <testcase name="[It] ComplexTest When test is completed deletes test case resources [Serial]" classname="Tests" status="skipped" time="0">
              <skipped message="skipped - Spec skipped because an earlier spec in an ordered container failed"></skipped>
              <system-err>[SKIPPED] Spec skipped because an earlier spec in an ordered container failed&#xA;In [It] at: /Users/antont/ansible_deckhouse/virtualization-full/tests/e2e/complex_test.go:538 @ 10/01/25 11:21:51.565&#xA;</system-err>
          </testcase>
          <testcase name="[It] VirtualMachineAffinityAndToleration When the virtualization resources are applied: result should be succeeded" classname="Tests" status="passed" time="11.465954458">
              <system-err>&gt; Enter [BeforeAll] VirtualMachineAffinityAndToleration - /Users/antont/ansible_deckhouse/virtualization-full/tests/e2e/affinity_toleration_test.go:59 @ 10/01/25 11:21:51.565&#xA;&lt; Exit [BeforeAll] VirtualMachineAffinityAndToleration - /Users/antont/ansible_deckhouse/virtualization-full/tests/e2e/affinity_toleration_test.go:59 @ 10/01/25 11:21:53.323 (1.758s)&#xA;&gt; Enter [It] result should be succeeded - /Users/antont/ansible_deckhouse/virtualization-full/tests/e2e/affinity_toleration_test.go:79 @ 10/01/25 11:21:53.323&#xA;&lt; Exit [It] result should be succeeded - /Users/antont/ansible_deckhouse/virtualization-full/tests/e2e/affinity_toleration_test.go:79 @ 10/01/25 11:22:03.031 (9.708s)&#xA;&gt; Enter [AfterEach] VirtualMachineAffinityAndToleration - /Users/antont/ansible_deckhouse/virtualization-full/tests/e2e/affinity_toleration_test.go:72 @ 10/01/25 11:22:03.031&#xA;&lt; Exit [AfterEach] VirtualMachineAffinityAndToleration - /Users/antont/ansible_deckhouse/virtualization-full/tests/e2e/affinity_toleration_test.go:72 @ 10/01/25 11:22:03.031 (0s)&#xA;</system-err>
          </testcase>
          <testcase name="[It] VirtualMachineAffinityAndToleration When the virtualization resources are applied: checks the resources phase" classname="Tests" status="passed" time="144.236179625">
              <system-err>&gt; Enter [It] checks the resources phase - /Users/antont/ansible_deckhouse/virtualization-full/tests/e2e/affinity_toleration_test.go:87 @ 10/01/25 11:22:03.031&#xA;STEP: `VirtualImages` should be in the &#34;Ready&#34; phase - /Users/antont/ansible_deckhouse/virtualization-full/tests/e2e/affinity_toleration_test.go:88 @ 10/01/25 11:22:03.032&#xA;END STEP: `VirtualImages` should be in the &#34;Ready&#34; phase - /Users/antont/ansible_deckhouse/virtualization-full/tests/e2e/affinity_toleration_test.go:88 @ 10/01/25 11:22:10.398 (7.367s)&#xA;STEP: `VirtualMachineClasses` should be in Ready phases - /Users/antont/ansible_deckhouse/virtualization-full/tests/e2e/affinity_toleration_test.go:95 @ 10/01/25 11:22:10.398&#xA;END STEP: `VirtualMachineClasses` should be in Ready phases - /Users/antont/ansible_deckhouse/virtualization-full/tests/e2e/affinity_toleration_test.go:95 @ 10/01/25 11:22:12.602 (2.204s)&#xA;STEP: `VirtualDisks` should be in the &#34;Ready&#34; phase - /Users/antont/ansible_deckhouse/virtualization-full/tests/e2e/affinity_toleration_test.go:102 @ 10/01/25 11:22:12.602&#xA;END STEP: `VirtualDisks` should be in the &#34;Ready&#34; phase - /Users/antont/ansible_deckhouse/virtualization-full/tests/e2e/affinity_toleration_test.go:102 @ 10/01/25 11:23:08.927 (56.325s)&#xA;STEP: `VirtualMachines` agents should be ready - /Users/antont/ansible_deckhouse/virtualization-full/tests/e2e/affinity_toleration_test.go:109 @ 10/01/25 11:23:08.927&#xA;END STEP: `VirtualMachines` agents should be ready - /Users/antont/ansible_deckhouse/virtualization-full/tests/e2e/affinity_toleration_test.go:109 @ 10/01/25 11:24:27.267 (1m18.34s)&#xA;&lt; Exit [It] checks the resources phase - /Users/antont/ansible_deckhouse/virtualization-full/tests/e2e/affinity_toleration_test.go:87 @ 10/01/25 11:24:27.267 (2m24.236s)&#xA;&gt; Enter [AfterEach] VirtualMachineAffinityAndToleration - /Users/antont/ansible_deckhouse/virtualization-full/tests/e2e/affinity_toleration_test.go:72 @ 10/01/25 11:24:27.267&#xA;&lt; Exit [AfterEach] VirtualMachineAffinityAndToleration - /Users/antont/ansible_deckhouse/virtualization-full/tests/e2e/affinity_toleration_test.go:72 @ 10/01/25 11:24:27.267 (0s)&#xA;</system-err>
          </testcase>
          <testcase name="[It] VirtualMachineAffinityAndToleration When the virtual machines agents are ready checks the `status.nodeName` field of the `VirtualMachines`" classname="Tests" status="passed" time="55.227658375">
              <system-err>&gt; Enter [It] checks the `status.nodeName` field of the `VirtualMachines` - /Users/antont/ansible_deckhouse/virtualization-full/tests/e2e/affinity_toleration_test.go:120 @ 10/01/25 11:24:27.267&#xA;STEP: Obtain the `VirtualMachine` objects - /Users/antont/ansible_deckhouse/virtualization-full/tests/e2e/affinity_toleration_test.go:128 @ 10/01/25 11:24:27.267&#xA;END STEP: Obtain the `VirtualMachine` objects - /Users/antont/ansible_deckhouse/virtualization-full/tests/e2e/affinity_toleration_test.go:128 @ 10/01/25 11:24:38.498 (11.231s)&#xA;STEP: Set affinity when creating the `VirtualMachines`.`: `vm-a` and `vm-c` should be running on the same node - /Users/antont/ansible_deckhouse/virtualization-full/tests/e2e/affinity_toleration_test.go:138 @ 10/01/25 11:24:38.498&#xA;END STEP: Set affinity when creating the `VirtualMachines`.`: `vm-a` and `vm-c` should be running on the same node - /Users/antont/ansible_deckhouse/virtualization-full/tests/e2e/affinity_toleration_test.go:138 @ 10/01/25 11:24:38.498 (0s)&#xA;STEP: Set anti-affinity when creating the `VirtualMachines`: `vm-a` and `vm-b` should be running on the different nodes - /Users/antont/ansible_deckhouse/virtualization-full/tests/e2e/affinity_toleration_test.go:141 @ 10/01/25 11:24:38.498&#xA;END STEP: Set anti-affinity when creating the `VirtualMachines`: `vm-a` and `vm-b` should be running on the different nodes - /Users/antont/ansible_deckhouse/virtualization-full/tests/e2e/affinity_toleration_test.go:141 @ 10/01/25 11:24:38.498 (0s)&#xA;STEP: Set toleration when creating the `VirtualMachines`: `vm-d` should be running on a master node - /Users/antont/ansible_deckhouse/virtualization-full/tests/e2e/affinity_toleration_test.go:144 @ 10/01/25 11:24:38.498&#xA;END STEP: Set toleration when creating the `VirtualMachines`: `vm-d` should be running on a master node - /Users/antont/ansible_deckhouse/virtualization-full/tests/e2e/affinity_toleration_test.go:144 @ 10/01/25 11:24:39.295 (796ms)&#xA;STEP: Change affinity to anti-affinity when the `VirtualMachines` are runnning: `vm-a` and `vm-c` should be running on the different nodes - /Users/antont/ansible_deckhouse/virtualization-full/tests/e2e/affinity_toleration_test.go:150 @ 10/01/25 11:24:39.295&#xA;END STEP: Change affinity to anti-affinity when the `VirtualMachines` are runnning: `vm-a` and `vm-c` should be running on the different nodes - /Users/antont/ansible_deckhouse/virtualization-full/tests/e2e/affinity_toleration_test.go:150 @ 10/01/25 11:24:53.941 (14.647s)&#xA;STEP: Change anti-affinity to affinity when the `VirtualMachines` are runnning: `vm-a` and `vm-c` should be running on the same node - /Users/antont/ansible_deckhouse/virtualization-full/tests/e2e/affinity_toleration_test.go:207 @ 10/01/25 11:24:53.941&#xA;END STEP: Change anti-affinity to affinity when the `VirtualMachines` are runnning: `vm-a` and `vm-c` should be running on the same node - /Users/antont/ansible_deckhouse/virtualization-full/tests/e2e/affinity_toleration_test.go:207 @ 10/01/25 11:25:22.495 (28.553s)&#xA;&lt; Exit [It] checks the `status.nodeName` field of the `VirtualMachines` - /Users/antont/ansible_deckhouse/virtualization-full/tests/e2e/affinity_toleration_test.go:120 @ 10/01/25 11:25:22.495 (55.228s)&#xA;&gt; Enter [AfterEach] VirtualMachineAffinityAndToleration - /Users/antont/ansible_deckhouse/virtualization-full/tests/e2e/affinity_toleration_test.go:72 @ 10/01/25 11:25:22.495&#xA;&lt; Exit [AfterEach] VirtualMachineAffinityAndToleration - /Users/antont/ansible_deckhouse/virtualization-full/tests/e2e/affinity_toleration_test.go:72 @ 10/01/25 11:25:22.495 (0s)&#xA;</system-err>
          </testcase>
          <testcase name="[It] VirtualMachineAffinityAndToleration When the virtual machine `node-selector` agent is ready sets the `spec.nodeSelector` field" classname="Tests" status="passed" time="38.331704875">
              <system-err>&gt; Enter [It] sets the `spec.nodeSelector` field - /Users/antont/ansible_deckhouse/virtualization-full/tests/e2e/affinity_toleration_test.go:283 @ 10/01/25 11:25:22.495&#xA;STEP: Sets the `spec.nodeSelector` with the `status.nodeSelector` value - /Users/antont/ansible_deckhouse/virtualization-full/tests/e2e/affinity_toleration_test.go:290 @ 10/01/25 11:25:22.495&#xA;END STEP: Sets the `spec.nodeSelector` with the `status.nodeSelector` value - /Users/antont/ansible_deckhouse/virtualization-full/tests/e2e/affinity_toleration_test.go:290 @ 10/01/25 11:25:24.644 (2.149s)&#xA;STEP: The `VirtualMachine` should not be migrated - /Users/antont/ansible_deckhouse/virtualization-full/tests/e2e/affinity_toleration_test.go:300 @ 10/01/25 11:25:24.644&#xA;END STEP: The `VirtualMachine` should not be migrated - /Users/antont/ansible_deckhouse/virtualization-full/tests/e2e/affinity_toleration_test.go:300 @ 10/01/25 11:25:45.562 (20.918s)&#xA;STEP: Sets the `spec.nodeSelector` with `another node` value - /Users/antont/ansible_deckhouse/virtualization-full/tests/e2e/affinity_toleration_test.go:315 @ 10/01/25 11:25:45.562&#xA;END STEP: Sets the `spec.nodeSelector` with `another node` value - /Users/antont/ansible_deckhouse/virtualization-full/tests/e2e/affinity_toleration_test.go:315 @ 10/01/25 11:25:54.954 (9.393s)&#xA;STEP: The `VirtualMachine` should be migrated - /Users/antont/ansible_deckhouse/virtualization-full/tests/e2e/affinity_toleration_test.go:353 @ 10/01/25 11:25:54.954&#xA;END STEP: The `VirtualMachine` should be migrated - /Users/antont/ansible_deckhouse/virtualization-full/tests/e2e/affinity_toleration_test.go:353 @ 10/01/25 11:26:00.827 (5.872s)&#xA;&lt; Exit [It] sets the `spec.nodeSelector` field - /Users/antont/ansible_deckhouse/virtualization-full/tests/e2e/affinity_toleration_test.go:283 @ 10/01/25 11:26:00.827 (38.332s)&#xA;&gt; Enter [AfterEach] VirtualMachineAffinityAndToleration - /Users/antont/ansible_deckhouse/virtualization-full/tests/e2e/affinity_toleration_test.go:72 @ 10/01/25 11:26:00.827&#xA;&lt; Exit [AfterEach] VirtualMachineAffinityAndToleration - /Users/antont/ansible_deckhouse/virtualization-full/tests/e2e/affinity_toleration_test.go:72 @ 10/01/25 11:26:00.827 (0s)&#xA;</system-err>
          </testcase>
          <testcase name="[It] VirtualMachineAffinityAndToleration When the virtual machine `node-affinity` agent is ready sets the `spec.affinity.nodeAffinity` field" classname="Tests" status="passed" time="41.529602375">
              <system-err>&gt; Enter [It] sets the `spec.affinity.nodeAffinity` field - /Users/antont/ansible_deckhouse/virtualization-full/tests/e2e/affinity_toleration_test.go:372 @ 10/01/25 11:26:00.827&#xA;STEP: Sets the `spec.affinity.nodeAffinity` with the `status.nodeSelector` value - /Users/antont/ansible_deckhouse/virtualization-full/tests/e2e/affinity_toleration_test.go:379 @ 10/01/25 11:26:00.827&#xA;END STEP: Sets the `spec.affinity.nodeAffinity` with the `status.nodeSelector` value - /Users/antont/ansible_deckhouse/virtualization-full/tests/e2e/affinity_toleration_test.go:379 @ 10/01/25 11:26:02.973 (2.146s)&#xA;STEP: The `VirtualMachine` should not be migrated - /Users/antont/ansible_deckhouse/virtualization-full/tests/e2e/affinity_toleration_test.go:392 @ 10/01/25 11:26:02.973&#xA;END STEP: The `VirtualMachine` should not be migrated - /Users/antont/ansible_deckhouse/virtualization-full/tests/e2e/affinity_toleration_test.go:392 @ 10/01/25 11:26:23.561 (20.589s)&#xA;STEP: Sets the `spec.affinity.nodeAffinity` with `another node` value - /Users/antont/ansible_deckhouse/virtualization-full/tests/e2e/affinity_toleration_test.go:407 @ 10/01/25 11:26:23.561&#xA;END STEP: Sets the `spec.affinity.nodeAffinity` with `another node` value - /Users/antont/ansible_deckhouse/virtualization-full/tests/e2e/affinity_toleration_test.go:407 @ 10/01/25 11:26:36.808 (13.247s)&#xA;STEP: The `VirtualMachine` should be migrated - /Users/antont/ansible_deckhouse/virtualization-full/tests/e2e/affinity_toleration_test.go:448 @ 10/01/25 11:26:36.808&#xA;END STEP: The `VirtualMachine` should be migrated - /Users/antont/ansible_deckhouse/virtualization-full/tests/e2e/affinity_toleration_test.go:448 @ 10/01/25 11:26:42.356 (5.548s)&#xA;&lt; Exit [It] sets the `spec.affinity.nodeAffinity` field - /Users/antont/ansible_deckhouse/virtualization-full/tests/e2e/affinity_toleration_test.go:372 @ 10/01/25 11:26:42.356 (41.53s)&#xA;&gt; Enter [AfterEach] VirtualMachineAffinityAndToleration - /Users/antont/ansible_deckhouse/virtualization-full/tests/e2e/affinity_toleration_test.go:72 @ 10/01/25 11:26:42.356&#xA;&lt; Exit [AfterEach] VirtualMachineAffinityAndToleration - /Users/antont/ansible_deckhouse/virtualization-full/tests/e2e/affinity_toleration_test.go:72 @ 10/01/25 11:26:42.356 (0s)&#xA;</system-err>
          </testcase>
          <testcase name="[It] VirtualMachineAffinityAndToleration When test is completed deletes test case resources" classname="Tests" status="passed" time="17.482998">
              <system-err>&gt; Enter [It] deletes test case resources - /Users/antont/ansible_deckhouse/virtualization-full/tests/e2e/affinity_toleration_test.go:467 @ 10/01/25 11:26:42.357&#xA;STEP: Response on deletion request should be successful - /Users/antont/ansible_deckhouse/virtualization-full/tests/e2e/util_test.go:604 @ 10/01/25 11:26:42.357&#xA;END STEP: Response on deletion request should be successful - /Users/antont/ansible_deckhouse/virtualization-full/tests/e2e/util_test.go:604 @ 10/01/25 11:26:59.839 (17.483s)&#xA;&lt; Exit [It] deletes test case resources - /Users/antont/ansible_deckhouse/virtualization-full/tests/e2e/affinity_toleration_test.go:467 @ 10/01/25 11:26:59.839 (17.483s)&#xA;&gt; Enter [AfterEach] VirtualMachineAffinityAndToleration - /Users/antont/ansible_deckhouse/virtualization-full/tests/e2e/affinity_toleration_test.go:72 @ 10/01/25 11:26:59.839&#xA;&lt; Exit [AfterEach] VirtualMachineAffinityAndToleration - /Users/antont/ansible_deckhouse/virtualization-full/tests/e2e/affinity_toleration_test.go:72 @ 10/01/25 11:26:59.839 (0s)&#xA;</system-err>
          </testcase>
          <testcase name="[It] VirtualImageCreation When resources are applied result should be succeeded" classname="Tests" status="passed" time="21.863899625">
              <system-err>&gt; Enter [BeforeAll] VirtualImageCreation - /Users/antont/ansible_deckhouse/virtualization-full/tests/e2e/images_creation_test.go:38 @ 10/01/25 11:26:59.84&#xA;&lt; Exit [BeforeAll] VirtualImageCreation - /Users/antont/ansible_deckhouse/virtualization-full/tests/e2e/images_creation_test.go:38 @ 10/01/25 11:27:01.578 (1.738s)&#xA;&gt; Enter [It] result should be succeeded - /Users/antont/ansible_deckhouse/virtualization-full/tests/e2e/images_creation_test.go:77 @ 10/01/25 11:27:01.578&#xA;&lt; Exit [It] result should be succeeded - /Users/antont/ansible_deckhouse/virtualization-full/tests/e2e/images_creation_test.go:77 @ 10/01/25 11:27:21.703 (20.125s)&#xA;&gt; Enter [AfterEach] VirtualImageCreation - /Users/antont/ansible_deckhouse/virtualization-full/tests/e2e/images_creation_test.go:70 @ 10/01/25 11:27:21.703&#xA;&lt; Exit [AfterEach] VirtualImageCreation - /Users/antont/ansible_deckhouse/virtualization-full/tests/e2e/images_creation_test.go:70 @ 10/01/25 11:27:21.703 (0s)&#xA;</system-err>
          </testcase>
          <testcase name="[It] VirtualImageCreation When base virtual resources are ready checks VD phase" classname="Tests" status="passed" time="16.633821917">
              <system-err>&gt; Enter [It] checks VD phase - /Users/antont/ansible_deckhouse/virtualization-full/tests/e2e/images_creation_test.go:87 @ 10/01/25 11:27:21.704&#xA;STEP: VD should be in Ready phase - /Users/antont/ansible_deckhouse/virtualization-full/tests/e2e/images_creation_test.go:88 @ 10/01/25 11:27:21.704&#xA;&lt; Exit [It] checks VD phase - /Users/antont/ansible_deckhouse/virtualization-full/tests/e2e/images_creation_test.go:87 @ 10/01/25 11:27:38.337 (16.633s)&#xA;&gt; Enter [AfterEach] VirtualImageCreation - /Users/antont/ansible_deckhouse/virtualization-full/tests/e2e/images_creation_test.go:70 @ 10/01/25 11:27:38.337&#xA;&lt; Exit [AfterEach] VirtualImageCreation - /Users/antont/ansible_deckhouse/virtualization-full/tests/e2e/images_creation_test.go:70 @ 10/01/25 11:27:38.337 (0s)&#xA;</system-err>
          </testcase>
          <testcase name="[It] VirtualImageCreation When base virtual resources are ready checks VDSnapshot phase" classname="Tests" status="passed" time="2.776644333">
              <system-err>&gt; Enter [It] checks VDSnapshot phase - /Users/antont/ansible_deckhouse/virtualization-full/tests/e2e/images_creation_test.go:96 @ 10/01/25 11:27:38.338&#xA;STEP: VDSnapshot should be in Ready phase - /Users/antont/ansible_deckhouse/virtualization-full/tests/e2e/images_creation_test.go:97 @ 10/01/25 11:27:38.338&#xA;&lt; Exit [It] checks VDSnapshot phase - /Users/antont/ansible_deckhouse/virtualization-full/tests/e2e/images_creation_test.go:96 @ 10/01/25 11:27:41.114 (2.776s)&#xA;&gt; Enter [AfterEach] VirtualImageCreation - /Users/antont/ansible_deckhouse/virtualization-full/tests/e2e/images_creation_test.go:70 @ 10/01/25 11:27:41.114&#xA;&lt; Exit [AfterEach] VirtualImageCreation - /Users/antont/ansible_deckhouse/virtualization-full/tests/e2e/images_creation_test.go:70 @ 10/01/25 11:27:41.114 (0s)&#xA;</system-err>
          </testcase>
          <testcase name="[It] VirtualImageCreation When virtual images are applied checks VIs phases" classname="Tests" status="passed" time="39.967512666">
              <system-err>&gt; Enter [It] checks VIs phases - /Users/antont/ansible_deckhouse/virtualization-full/tests/e2e/images_creation_test.go:107 @ 10/01/25 11:27:41.114&#xA;STEP: VIs should be in Ready phases - /Users/antont/ansible_deckhouse/virtualization-full/tests/e2e/images_creation_test.go:108 @ 10/01/25 11:27:41.114&#xA;&lt; Exit [It] checks VIs phases - /Users/antont/ansible_deckhouse/virtualization-full/tests/e2e/images_creation_test.go:107 @ 10/01/25 11:28:21.082 (39.967s)&#xA;&gt; Enter [AfterEach] VirtualImageCreation - /Users/antont/ansible_deckhouse/virtualization-full/tests/e2e/images_creation_test.go:70 @ 10/01/25 11:28:21.082&#xA;&lt; Exit [AfterEach] VirtualImageCreation - /Users/antont/ansible_deckhouse/virtualization-full/tests/e2e/images_creation_test.go:70 @ 10/01/25 11:28:21.082 (0s)&#xA;</system-err>
          </testcase>
          <testcase name="[It] VirtualImageCreation When virtual images are applied checks CVIs phases" classname="Tests" status="passed" time="5.011480958">
              <system-err>&gt; Enter [It] checks CVIs phases - /Users/antont/ansible_deckhouse/virtualization-full/tests/e2e/images_creation_test.go:116 @ 10/01/25 11:28:21.082&#xA;STEP: CVIs should be in Ready phases - /Users/antont/ansible_deckhouse/virtualization-full/tests/e2e/images_creation_test.go:117 @ 10/01/25 11:28:21.082&#xA;&lt; Exit [It] checks CVIs phases - /Users/antont/ansible_deckhouse/virtualization-full/tests/e2e/images_creation_test.go:116 @ 10/01/25 11:28:26.093 (5.011s)&#xA;&gt; Enter [AfterEach] VirtualImageCreation - /Users/antont/ansible_deckhouse/virtualization-full/tests/e2e/images_creation_test.go:70 @ 10/01/25 11:28:26.093&#xA;&lt; Exit [AfterEach] VirtualImageCreation - /Users/antont/ansible_deckhouse/virtualization-full/tests/e2e/images_creation_test.go:70 @ 10/01/25 11:28:26.093 (0s)&#xA;</system-err>
          </testcase>
          <testcase name="[It] VirtualImageCreation When test is completed deletes test case resources" classname="Tests" status="passed" time="15.310024083">
              <system-err>&gt; Enter [It] deletes test case resources - /Users/antont/ansible_deckhouse/virtualization-full/tests/e2e/images_creation_test.go:127 @ 10/01/25 11:28:26.094&#xA;STEP: Response on deletion request should be successful - /Users/antont/ansible_deckhouse/virtualization-full/tests/e2e/util_test.go:604 @ 10/01/25 11:28:26.094&#xA;END STEP: Response on deletion request should be successful - /Users/antont/ansible_deckhouse/virtualization-full/tests/e2e/util_test.go:604 @ 10/01/25 11:28:41.403 (15.31s)&#xA;&lt; Exit [It] deletes test case resources - /Users/antont/ansible_deckhouse/virtualization-full/tests/e2e/images_creation_test.go:127 @ 10/01/25 11:28:41.403 (15.31s)&#xA;&gt; Enter [AfterEach] VirtualImageCreation - /Users/antont/ansible_deckhouse/virtualization-full/tests/e2e/images_creation_test.go:70 @ 10/01/25 11:28:41.403&#xA;&lt; Exit [AfterEach] VirtualImageCreation - /Users/antont/ansible_deckhouse/virtualization-full/tests/e2e/images_creation_test.go:70 @ 10/01/25 11:28:41.403 (0s)&#xA;</system-err>
          </testcase>
          <testcase name="[It] VirtualDiskResizing When the resources are applied result should be succeeded" classname="Tests" status="skipped" time="0.000411583">
              <skipped message="skipped - This test case is not working everytime. Should be fixed."></skipped>
              <system-err>&gt; Enter [BeforeAll] VirtualDiskResizing - /Users/antont/ansible_deckhouse/virtualization-full/tests/e2e/vm_disk_resizing_test.go:47 @ 10/01/25 11:28:41.404&#xA;[SKIPPED] This test case is not working everytime. Should be fixed.&#xA;In [BeforeAll] at: /Users/antont/ansible_deckhouse/virtualization-full/tests/e2e/vm_disk_resizing_test.go:51 @ 10/01/25 11:28:41.404&#xA;&lt; Exit [BeforeAll] VirtualDiskResizing - /Users/antont/ansible_deckhouse/virtualization-full/tests/e2e/vm_disk_resizing_test.go:47 @ 10/01/25 11:28:41.404 (0s)&#xA;&gt; Enter [AfterEach] VirtualDiskResizing - /Users/antont/ansible_deckhouse/virtualization-full/tests/e2e/vm_disk_resizing_test.go:65 @ 10/01/25 11:28:41.404&#xA;&lt; Exit [AfterEach] VirtualDiskResizing - /Users/antont/ansible_deckhouse/virtualization-full/tests/e2e/vm_disk_resizing_test.go:65 @ 10/01/25 11:28:41.404 (0s)&#xA;</system-err>
          </testcase>
          <testcase name="[It] VirtualDiskResizing When the virtual images are applied checks `VirtualImages` phase" classname="Tests" status="skipped" time="0">
              <skipped message="skipped - Spec skipped because Skip() was called in BeforeAll"></skipped>
              <system-err>[SKIPPED] Spec skipped because Skip() was called in BeforeAll&#xA;In [It] at: /Users/antont/ansible_deckhouse/virtualization-full/tests/e2e/vm_disk_resizing_test.go:82 @ 10/01/25 11:28:41.404&#xA;</system-err>
          </testcase>
          <testcase name="[It] VirtualDiskResizing When the virtual disks are applied checks `VirtualDisks` phase" classname="Tests" status="skipped" time="0">
              <skipped message="skipped - Spec skipped because Skip() was called in BeforeAll"></skipped>
              <system-err>[SKIPPED] Spec skipped because Skip() was called in BeforeAll&#xA;In [It] at: /Users/antont/ansible_deckhouse/virtualization-full/tests/e2e/vm_disk_resizing_test.go:94 @ 10/01/25 11:28:41.404&#xA;</system-err>
          </testcase>
          <testcase name="[It] VirtualDiskResizing When the virtual machine are applied checks `VirtualMachine` phase" classname="Tests" status="skipped" time="0">
              <skipped message="skipped - Spec skipped because Skip() was called in BeforeAll"></skipped>
              <system-err>[SKIPPED] Spec skipped because Skip() was called in BeforeAll&#xA;In [It] at: /Users/antont/ansible_deckhouse/virtualization-full/tests/e2e/vm_disk_resizing_test.go:106 @ 10/01/25 11:28:41.404&#xA;</system-err>
          </testcase>
          <testcase name="[It] VirtualDiskResizing When the virtual machine are applied retrieves the test objects" classname="Tests" status="skipped" time="0">
              <skipped message="skipped - Spec skipped because Skip() was called in BeforeAll"></skipped>
              <system-err>[SKIPPED] Spec skipped because Skip() was called in BeforeAll&#xA;In [It] at: /Users/antont/ansible_deckhouse/virtualization-full/tests/e2e/vm_disk_resizing_test.go:116 @ 10/01/25 11:28:41.404&#xA;</system-err>
          </testcase>
          <testcase name="[It] VirtualDiskResizing When the virtual machine block device attachment is applied checks `VirtualMachineBlockDeviceAttachment` phase" classname="Tests" status="skipped" time="0">
              <skipped message="skipped - Spec skipped because Skip() was called in BeforeAll"></skipped>
              <system-err>[SKIPPED] Spec skipped because Skip() was called in BeforeAll&#xA;In [It] at: /Users/antont/ansible_deckhouse/virtualization-full/tests/e2e/vm_disk_resizing_test.go:132 @ 10/01/25 11:28:41.405&#xA;</system-err>
          </testcase>
          <testcase name="[It] VirtualDiskResizing Resizing When the virtual machine is ready obtains the disks metadata before resizing" classname="Tests" status="skipped" time="0">
              <skipped message="skipped - Spec skipped because Skip() was called in BeforeAll"></skipped>
              <system-err>[SKIPPED] Spec skipped because Skip() was called in BeforeAll&#xA;In [It] at: /Users/antont/ansible_deckhouse/virtualization-full/tests/e2e/vm_disk_resizing_test.go:151 @ 10/01/25 11:28:41.405&#xA;</system-err>
          </testcase>
          <testcase name="[It] VirtualDiskResizing Resizing When the virtual machine is ready resizes the disks" classname="Tests" status="skipped" time="0">
              <skipped message="skipped - Spec skipped because Skip() was called in BeforeAll"></skipped>
              <system-err>[SKIPPED] Spec skipped because Skip() was called in BeforeAll&#xA;In [It] at: /Users/antont/ansible_deckhouse/virtualization-full/tests/e2e/vm_disk_resizing_test.go:157 @ 10/01/25 11:28:41.405&#xA;</system-err>
          </testcase>
          <testcase name="[It] VirtualDiskResizing Resizing When the virtual machine is ready checks `VirtualDisks`, `VirtualMachine` and `VirtualMachineBlockDeviceAttachment` phases" classname="Tests" status="skipped" time="0">
              <skipped message="skipped - Spec skipped because Skip() was called in BeforeAll"></skipped>
              <system-err>[SKIPPED] Spec skipped because Skip() was called in BeforeAll&#xA;In [It] at: /Users/antont/ansible_deckhouse/virtualization-full/tests/e2e/vm_disk_resizing_test.go:189 @ 10/01/25 11:28:41.405&#xA;</system-err>
          </testcase>
          <testcase name="[It] VirtualDiskResizing Resizing When the virtual machine is ready obtains and compares the disks metadata after resizing" classname="Tests" status="skipped" time="0">
              <skipped message="skipped - Spec skipped because Skip() was called in BeforeAll"></skipped>
              <system-err>[SKIPPED] Spec skipped because Skip() was called in BeforeAll&#xA;In [It] at: /Users/antont/ansible_deckhouse/virtualization-full/tests/e2e/vm_disk_resizing_test.go:216 @ 10/01/25 11:28:41.405&#xA;</system-err>
          </testcase>
          <testcase name="[It] VirtualDiskResizing When test is completed deletes test case resources" classname="Tests" status="skipped" time="0">
              <skipped message="skipped - Spec skipped because Skip() was called in BeforeAll"></skipped>
              <system-err>[SKIPPED] Spec skipped because Skip() was called in BeforeAll&#xA;In [It] at: /Users/antont/ansible_deckhouse/virtualization-full/tests/e2e/vm_disk_resizing_test.go:252 @ 10/01/25 11:28:41.405&#xA;</system-err>
          </testcase>
          <testcase name="[SynchronizedAfterSuite]" classname="Tests" status="failed" time="1.015427208">
              <failure message="Expected success, but got an error:&#xA;    &lt;*errors.joinError | 0x14000538dc8&gt;: &#xA;    http2: client connection lost&#xA;    http2: client connection lost&#xA;    http2: client connection lost&#xA;    {&#xA;        errs: [&#xA;            &lt;*errors.joinError | 0x14000710450&gt;{&#xA;                errs: [&#xA;                    &lt;*errors.joinError | 0x14000710438&gt;{&#xA;                        errs: [&#xA;                            &lt;*errors.errorString | 0x14000448c40&gt;{&#xA;                                s: &#34;http2: client connection lost&#34;,&#xA;                            },&#xA;                        ],&#xA;                    },&#xA;                    &lt;*errors.errorString | 0x14000448c40&gt;{&#xA;                        s: &#34;http2: client connection lost&#34;,&#xA;                    },&#xA;                ],&#xA;            },&#xA;            &lt;*errors.errorString | 0x14000448c40&gt;{&#xA;                s: &#34;http2: client connection lost&#34;,&#xA;            },&#xA;        ],&#xA;    }" type="failed">[FAILED] Expected success, but got an error:&#xA;    &lt;*errors.joinError | 0x14000538dc8&gt;: &#xA;    http2: client connection lost&#xA;    http2: client connection lost&#xA;    http2: client connection lost&#xA;    {&#xA;        errs: [&#xA;            &lt;*errors.joinError | 0x14000710450&gt;{&#xA;                errs: [&#xA;                    &lt;*errors.joinError | 0x14000710438&gt;{&#xA;                        errs: [&#xA;                            &lt;*errors.errorString | 0x14000448c40&gt;{&#xA;                                s: &#34;http2: client connection lost&#34;,&#xA;                            },&#xA;                        ],&#xA;                    },&#xA;                    &lt;*errors.errorString | 0x14000448c40&gt;{&#xA;                        s: &#34;http2: client connection lost&#34;,&#xA;                    },&#xA;                ],&#xA;            },&#xA;            &lt;*errors.errorString | 0x14000448c40&gt;{&#xA;                s: &#34;http2: client connection lost&#34;,&#xA;            },&#xA;        ],&#xA;    }&#xA;In [SynchronizedAfterSuite] at: /Users/antont/ansible_deckhouse/virtualization-full/tests/e2e/e2e_test.go:184 @ 10/01/25 11:28:42.42&#xA;</failure>
              <system-err>&gt; Enter [SynchronizedAfterSuite] TOP-LEVEL - /Users/antont/ansible_deckhouse/virtualization-full/tests/e2e/e2e_test.go:182 @ 10/01/25 11:28:41.405&#xA;&lt; Exit [SynchronizedAfterSuite] TOP-LEVEL - /Users/antont/ansible_deckhouse/virtualization-full/tests/e2e/e2e_test.go:182 @ 10/01/25 11:28:41.405 (0s)&#xA;&gt; Enter [SynchronizedAfterSuite] TOP-LEVEL - /Users/antont/ansible_deckhouse/virtualization-full/tests/e2e/e2e_test.go:182 @ 10/01/25 11:28:41.405&#xA;[FAILED] Expected success, but got an error:&#xA;    &lt;*errors.joinError | 0x14000538dc8&gt;: &#xA;    http2: client connection lost&#xA;    http2: client connection lost&#xA;    http2: client connection lost&#xA;    {&#xA;        errs: [&#xA;            &lt;*errors.joinError | 0x14000710450&gt;{&#xA;                errs: [&#xA;                    &lt;*errors.joinError | 0x14000710438&gt;{&#xA;                        errs: [&#xA;                            &lt;*errors.errorString | 0x14000448c40&gt;{&#xA;                                s: &#34;http2: client connection lost&#34;,&#xA;                            },&#xA;                        ],&#xA;                    },&#xA;                    &lt;*errors.errorString | 0x14000448c40&gt;{&#xA;                        s: &#34;http2: client connection lost&#34;,&#xA;                    },&#xA;                ],&#xA;            },&#xA;            &lt;*errors.errorString | 0x14000448c40&gt;{&#xA;                s: &#34;http2: client connection lost&#34;,&#xA;            },&#xA;        ],&#xA;    }&#xA;In [SynchronizedAfterSuite] at: /Users/antont/ansible_deckhouse/virtualization-full/tests/e2e/e2e_test.go:184 @ 10/01/25 11:28:42.42&#xA;&lt; Exit [SynchronizedAfterSuite] TOP-LEVEL - /Users/antont/ansible_deckhouse/virtualization-full/tests/e2e/e2e_test.go:182 @ 10/01/25 11:28:42.42 (1.015s)&#xA;</system-err>
          </testcase>
          <testcase name="[DeferCleanup (Suite)]" classname="Tests" status="passed" time="19.936421875">
              <system-err>&gt; Enter [DeferCleanup (Suite)] TOP-LEVEL - /Users/antont/ansible_deckhouse/virtualization-full/tests/e2e/e2e_test.go:175 @ 10/01/25 11:28:42.421&#xA;&lt; Exit [DeferCleanup (Suite)] TOP-LEVEL - /Users/antont/ansible_deckhouse/virtualization-full/tests/e2e/e2e_test.go:175 @ 10/01/25 11:29:02.357 (19.936s)&#xA;</system-err>
          </testcase>
      </testsuite>
  </testsuites>