<?xml version="1.0" encoding="UTF-8"?>
  <testsuites tests="0" disabled="0" errors="0" failures="0" time="0"></testsuites>