<?xml version="1.0" encoding="UTF-8"?>
  <testsuites tests="214" disabled="209" errors="0" failures="2" time="68.0159155">
      <testsuite name="Tests" package="/Users/antont/ansible_deckhouse/virtualization-full/tests/e2e" tests="214" disabled="0" skipped="209" errors="0" failures="2" time="68.0159155" timestamp="2025-10-09T09:20:05">
          <properties>
              <property name="SuiteSucceeded" value="false"></property>
              <property name="SuiteHasProgrammaticFocus" value="false"></property>
              <property name="SpecialSuiteFailureReason" value="Suite Timeout Elapsed"></property>
              <property name="SuiteLabels" value="[]"></property>
              <property name="RandomSeed" value="1759990795"></property>
              <property name="RandomizeAllSpecs" value="false"></property>
              <property name="LabelFilter" value=""></property>
              <property name="FocusStrings" value=""></property>
              <property name="SkipStrings" value=""></property>
              <property name="FocusFiles" value=""></property>
              <property name="SkipFiles" value=""></property>
              <property name="FailOnPending" value="false"></property>
              <property name="FailOnEmpty" value="false"></property>
              <property name="FailFast" value="false"></property>
              <property name="FlakeAttempts" value="0"></property>
              <property name="DryRun" value="false"></property>
              <property name="ParallelTotal" value="1"></property>
              <property name="OutputInterceptorMode" value=""></property>
          </properties>
          <testcase name="[SynchronizedBeforeSuite]" classname="Tests" status="passed" time="4.325581292">
              <system-err>&gt; Enter [SynchronizedBeforeSuite] TOP-LEVEL - /Users/antont/ansible_deckhouse/virtualization-full/tests/e2e/e2e_test.go:137 @ 10/09/25 09:20:05.868&#xA;&lt; Exit [SynchronizedBeforeSuite] TOP-LEVEL - /Users/antont/ansible_deckhouse/virtualization-full/tests/e2e/e2e_test.go:137 @ 10/09/25 09:20:10.193 (4.325s)&#xA;&gt; Enter [SynchronizedBeforeSuite] TOP-LEVEL - /Users/antont/ansible_deckhouse/virtualization-full/tests/e2e/e2e_test.go:137 @ 10/09/25 09:20:10.193&#xA;&lt; Exit [SynchronizedBeforeSuite] TOP-LEVEL - /Users/antont/ansible_deckhouse/virtualization-full/tests/e2e/e2e_test.go:137 @ 10/09/25 09:20:10.194 (0s)&#xA;</system-err>
          </testcase>
          <testcase name="[It] SizingPolicy When resources are applied result should be succeeded" classname="Tests" status="passed" time="9.185097208">
              <system-err>&gt; Enter [BeforeAll] SizingPolicy - /Users/antont/ansible_deckhouse/virtualization-full/tests/e2e/sizing_policy_test.go:52 @ 10/09/25 09:20:10.195&#xA;&lt; Exit [BeforeAll] SizingPolicy - /Users/antont/ansible_deckhouse/virtualization-full/tests/e2e/sizing_policy_test.go:52 @ 10/09/25 09:20:12.165 (1.97s)&#xA;&gt; Enter [BeforeEach] SizingPolicy - /Users/antont/ansible_deckhouse/virtualization-full/tests/e2e/sizing_policy_test.go:67 @ 10/09/25 09:20:12.165&#xA;&lt; Exit [BeforeEach] SizingPolicy - /Users/antont/ansible_deckhouse/virtualization-full/tests/e2e/sizing_policy_test.go:67 @ 10/09/25 09:20:12.165 (0s)&#xA;&gt; Enter [It] result should be succeeded - /Users/antont/ansible_deckhouse/virtualization-full/tests/e2e/sizing_policy_test.go:80 @ 10/09/25 09:20:12.165&#xA;�[31m�[1m&#xA;this is the `Virtualization-controller` error! not the current `Ginkgo` context error:&#xA;�[0m�[31m{&#xA;  &#34;level&#34;: &#34;error&#34;,&#xA;  &#34;msg&#34;: &#34;The handler failed with an error&#34;,&#xA;  &#34;err&#34;: &#34;failed to sync virtual disk data source blank: get volume and access modes: storage profile \&#34;sds-local-storage\&#34; not found: storage profile not found&#34;,&#xA;  &#34;controller&#34;: &#34;vd-controller&#34;,&#xA;  &#34;handler&#34;: &#34;LifeCycleHandler&#34;,&#xA;  &#34;ds&#34;: &#34;&#34;,&#xA;  &#34;collector&#34;: &#34;&#34;,&#xA;  &#34;name&#34;: &#34;head-45bdb83d-vd-blank-existing-vmclass&#34;,&#xA;  &#34;namespace&#34;: &#34;head-45bdb83d-end-to-end-sizing-policy&#34;,&#xA;  &#34;reconcileID&#34;: &#34;9d2cd021-2d44-4ce0-b6d3-d1fb6d6bd332&#34;,&#xA;  &#34;time&#34;: &#34;2025-10-09T06:20:15Z&#34;&#xA;}�[0m&#xA;�[31m�[1m&#xA;this is the `Virtualization-controller` error! not the current `Ginkgo` context error:&#xA;�[0m�[31m{&#xA;  &#34;level&#34;: &#34;error&#34;,&#xA;  &#34;msg&#34;: &#34;Error occurred during reconciliation&#34;,&#xA;  &#34;err&#34;: &#34;failed to sync virtual disk data source blank: get volume and access modes: storage profile \&#34;sds-local-storage\&#34; not found: storage profile not found&#34;,&#xA;  &#34;controller&#34;: &#34;vd-controller&#34;,&#xA;  &#34;handler&#34;: &#34;&#34;,&#xA;  &#34;ds&#34;: &#34;&#34;,&#xA;  &#34;collector&#34;: &#34;&#34;,&#xA;  &#34;name&#34;: &#34;head-45bdb83d-vd-blank-existing-vmclass&#34;,&#xA;  &#34;namespace&#34;: &#34;head-45bdb83d-end-to-end-sizing-policy&#34;,&#xA;  &#34;reconcileID&#34;: &#34;9d2cd021-2d44-4ce0-b6d3-d1fb6d6bd332&#34;,&#xA;  &#34;time&#34;: &#34;2025-10-09T06:20:15Z&#34;&#xA;}�[0m&#xA;�[31m�[1m&#xA;this is the `Virtualization-controller` error! not the current `Ginkgo` context error:&#xA;�[0m�[31m{&#xA;  &#34;level&#34;: &#34;error&#34;,&#xA;  &#34;msg&#34;: &#34;Reconciler error&#34;,&#xA;  &#34;err&#34;: &#34;failed to sync virtual disk data source blank: get volume and access modes: storage profile \&#34;sds-local-storage\&#34; not found: storage profile not found&#34;,&#xA;  &#34;controller&#34;: &#34;vd-controller&#34;,&#xA;  &#34;handler&#34;: &#34;&#34;,&#xA;  &#34;ds&#34;: &#34;&#34;,&#xA;  &#34;collector&#34;: &#34;&#34;,&#xA;  &#34;name&#34;: &#34;head-45bdb83d-vd-blank-existing-vmclass&#34;,&#xA;  &#34;namespace&#34;: &#34;head-45bdb83d-end-to-end-sizing-policy&#34;,&#xA;  &#34;reconcileID&#34;: &#34;9d2cd021-2d44-4ce0-b6d3-d1fb6d6bd332&#34;,&#xA;  &#34;time&#34;: &#34;2025-10-09T06:20:15Z&#34;&#xA;}�[0m&#xA;�[31m�[1m&#xA;this is the `Virtualization-controller` error! not the current `Ginkgo` context error:&#xA;�[0m�[31m{&#xA;  &#34;level&#34;: &#34;error&#34;,&#xA;  &#34;msg&#34;: &#34;The handler failed with an error&#34;,&#xA;  &#34;err&#34;: &#34;failed to sync virtual disk data source blank: get volume and access modes: storage profile \&#34;sds-local-storage\&#34; not found: storage profile not found&#34;,&#xA;  &#34;controller&#34;: &#34;vd-controller&#34;,&#xA;  &#34;handler&#34;: &#34;LifeCycleHandler&#34;,&#xA;  &#34;ds&#34;: &#34;&#34;,&#xA;  &#34;collector&#34;: &#34;&#34;,&#xA;  &#34;name&#34;: &#34;head-45bdb83d-vd-blank-existing-vmclass&#34;,&#xA;  &#34;namespace&#34;: &#34;head-45bdb83d-end-to-end-sizing-policy&#34;,&#xA;  &#34;reconcileID&#34;: &#34;90e9697a-01f6-464c-984a-5b71de907be8&#34;,&#xA;  &#34;time&#34;: &#34;2025-10-09T06:20:15Z&#34;&#xA;}�[0m&#xA;�[31m�[1m&#xA;this is the `Virtualization-controller` error! not the current `Ginkgo` context error:&#xA;�[0m�[31m{&#xA;  &#34;level&#34;: &#34;error&#34;,&#xA;  &#34;msg&#34;: &#34;Error occurred during reconciliation&#34;,&#xA;  &#34;err&#34;: &#34;failed to sync virtual disk data source blank: get volume and access modes: storage profile \&#34;sds-local-storage\&#34; not found: storage profile not found&#34;,&#xA;  &#34;controller&#34;: &#34;vd-controller&#34;,&#xA;  &#34;handler&#34;: &#34;&#34;,&#xA;  &#34;ds&#34;: &#34;&#34;,&#xA;  &#34;collector&#34;: &#34;&#34;,&#xA;  &#34;name&#34;: &#34;head-45bdb83d-vd-blank-existing-vmclass&#34;,&#xA;  &#34;namespace&#34;: &#34;head-45bdb83d-end-to-end-sizing-policy&#34;,&#xA;  &#34;reconcileID&#34;: &#34;90e9697a-01f6-464c-984a-5b71de907be8&#34;,&#xA;  &#34;time&#34;: &#34;2025-10-09T06:20:15Z&#34;&#xA;}�[0m&#xA;�[31m�[1m&#xA;this is the `Virtualization-controller` error! not the current `Ginkgo` context error:&#xA;�[0m�[31m{&#xA;  &#34;level&#34;: &#34;error&#34;,&#xA;  &#34;msg&#34;: &#34;Reconciler error&#34;,&#xA;  &#34;err&#34;: &#34;failed to sync virtual disk data source blank: get volume and access modes: storage profile \&#34;sds-local-storage\&#34; not found: storage profile not found&#34;,&#xA;  &#34;controller&#34;: &#34;vd-controller&#34;,&#xA;  &#34;handler&#34;: &#34;&#34;,&#xA;  &#34;ds&#34;: &#34;&#34;,&#xA;  &#34;collector&#34;: &#34;&#34;,&#xA;  &#34;name&#34;: &#34;head-45bdb83d-vd-blank-existing-vmclass&#34;,&#xA;  &#34;namespace&#34;: &#34;head-45bdb83d-end-to-end-sizing-policy&#34;,&#xA;  &#34;reconcileID&#34;: &#34;90e9697a-01f6-464c-984a-5b71de907be8&#34;,&#xA;  &#34;time&#34;: &#34;2025-10-09T06:20:15Z&#34;&#xA;}�[0m&#xA;�[31m�[1m&#xA;this is the `Virtualization-controller` error! not the current `Ginkgo` context error:&#xA;�[0m�[31m{&#xA;  &#34;level&#34;: &#34;error&#34;,&#xA;  &#34;msg&#34;: &#34;The handler failed with an error&#34;,&#xA;  &#34;err&#34;: &#34;failed to sync virtual disk data source blank: get volume and access modes: storage profile \&#34;sds-local-storage\&#34; not found: storage profile not found&#34;,&#xA;  &#34;controller&#34;: &#34;vd-controller&#34;,&#xA;  &#34;handler&#34;: &#34;LifeCycleHandler&#34;,&#xA;  &#34;ds&#34;: &#34;&#34;,&#xA;  &#34;collector&#34;: &#34;&#34;,&#xA;  &#34;name&#34;: &#34;head-45bdb83d-vd-blank-existing-vmclass&#34;,&#xA;  &#34;namespace&#34;: &#34;head-45bdb83d-end-to-end-sizing-policy&#34;,&#xA;  &#34;reconcileID&#34;: &#34;4461bbe2-aca0-41cc-b127-ae5aebc69fa1&#34;,&#xA;  &#34;time&#34;: &#34;2025-10-09T06:20:15Z&#34;&#xA;}�[0m&#xA;�[31m�[1m&#xA;this is the `Virtualization-controller` error! not the current `Ginkgo` context error:&#xA;�[0m�[31m{&#xA;  &#34;level&#34;: &#34;error&#34;,&#xA;  &#34;msg&#34;: &#34;Error occurred during reconciliation&#34;,&#xA;  &#34;err&#34;: &#34;failed to sync virtual disk data source blank: get volume and access modes: storage profile \&#34;sds-local-storage\&#34; not found: storage profile not found&#34;,&#xA;  &#34;controller&#34;: &#34;vd-controller&#34;,&#xA;  &#34;handler&#34;: &#34;&#34;,&#xA;  &#34;ds&#34;: &#34;&#34;,&#xA;  &#34;collector&#34;: &#34;&#34;,&#xA;  &#34;name&#34;: &#34;head-45bdb83d-vd-blank-existing-vmclass&#34;,&#xA;  &#34;namespace&#34;: &#34;head-45bdb83d-end-to-end-sizing-policy&#34;,&#xA;  &#34;reconcileID&#34;: &#34;4461bbe2-aca0-41cc-b127-ae5aebc69fa1&#34;,&#xA;  &#34;time&#34;: &#34;2025-10-09T06:20:15Z&#34;&#xA;}�[0m&#xA;�[31m�[1m&#xA;this is the `Virtualization-controller` error! not the current `Ginkgo` context error:&#xA;�[0m�[31m{&#xA;  &#34;level&#34;: &#34;error&#34;,&#xA;  &#34;msg&#34;: &#34;Reconciler error&#34;,&#xA;  &#34;err&#34;: &#34;failed to sync virtual disk data source blank: get volume and access modes: storage profile \&#34;sds-local-storage\&#34; not found: storage profile not found&#34;,&#xA;  &#34;controller&#34;: &#34;vd-controller&#34;,&#xA;  &#34;handler&#34;: &#34;&#34;,&#xA;  &#34;ds&#34;: &#34;&#34;,&#xA;  &#34;collector&#34;: &#34;&#34;,&#xA;  &#34;name&#34;: &#34;head-45bdb83d-vd-blank-existing-vmclass&#34;,&#xA;  &#34;namespace&#34;: &#34;head-45bdb83d-end-to-end-sizing-policy&#34;,&#xA;  &#34;reconcileID&#34;: &#34;4461bbe2-aca0-41cc-b127-ae5aebc69fa1&#34;,&#xA;  &#34;time&#34;: &#34;2025-10-09T06:20:15Z&#34;&#xA;}�[0m&#xA;�[31m�[1m&#xA;this is the `Virtualization-controller` error! not the current `Ginkgo` context error:&#xA;�[0m�[31m{&#xA;  &#34;level&#34;: &#34;error&#34;,&#xA;  &#34;msg&#34;: &#34;The handler failed with an error&#34;,&#xA;  &#34;err&#34;: &#34;failed to sync virtual disk data source blank: get volume and access modes: storage profile \&#34;sds-local-storage\&#34; not found: storage profile not found&#34;,&#xA;  &#34;controller&#34;: &#34;vd-controller&#34;,&#xA;  &#34;handler&#34;: &#34;LifeCycleHandler&#34;,&#xA;  &#34;ds&#34;: &#34;&#34;,&#xA;  &#34;collector&#34;: &#34;&#34;,&#xA;  &#34;name&#34;: &#34;head-45bdb83d-vd-blank-existing-vmclass&#34;,&#xA;  &#34;namespace&#34;: &#34;head-45bdb83d-end-to-end-sizing-policy&#34;,&#xA;  &#34;reconcileID&#34;: &#34;dcc6658c-e59a-42a8-9c41-44626f7b8fbb&#34;,&#xA;  &#34;time&#34;: &#34;2025-10-09T06:20:15Z&#34;&#xA;}�[0m&#xA;�[31m�[1m&#xA;this is the `Virtualization-controller` error! not the current `Ginkgo` context error:&#xA;�[0m�[31m{&#xA;  &#34;level&#34;: &#34;error&#34;,&#xA;  &#34;msg&#34;: &#34;Error occurred during reconciliation&#34;,&#xA;  &#34;err&#34;: &#34;failed to sync virtual disk data source blank: get volume and access modes: storage profile \&#34;sds-local-storage\&#34; not found: storage profile not found&#34;,&#xA;  &#34;controller&#34;: &#34;vd-controller&#34;,&#xA;  &#34;handler&#34;: &#34;&#34;,&#xA;  &#34;ds&#34;: &#34;&#34;,&#xA;  &#34;collector&#34;: &#34;&#34;,&#xA;  &#34;name&#34;: &#34;head-45bdb83d-vd-blank-existing-vmclass&#34;,&#xA;  &#34;namespace&#34;: &#34;head-45bdb83d-end-to-end-sizing-policy&#34;,&#xA;  &#34;reconcileID&#34;: &#34;dcc6658c-e59a-42a8-9c41-44626f7b8fbb&#34;,&#xA;  &#34;time&#34;: &#34;2025-10-09T06:20:15Z&#34;&#xA;}�[0m&#xA;�[31m�[1m&#xA;this is the `Virtualization-controller` error! not the current `Ginkgo` context error:&#xA;�[0m�[31m{&#xA;  &#34;level&#34;: &#34;error&#34;,&#xA;  &#34;msg&#34;: &#34;Reconciler error&#34;,&#xA;  &#34;err&#34;: &#34;failed to sync virtual disk data source blank: get volume and access modes: storage profile \&#34;sds-local-storage\&#34; not found: storage profile not found&#34;,&#xA;  &#34;controller&#34;: &#34;vd-controller&#34;,&#xA;  &#34;handler&#34;: &#34;&#34;,&#xA;  &#34;ds&#34;: &#34;&#34;,&#xA;  &#34;collector&#34;: &#34;&#34;,&#xA;  &#34;name&#34;: &#34;head-45bdb83d-vd-blank-existing-vmclass&#34;,&#xA;  &#34;namespace&#34;: &#34;head-45bdb83d-end-to-end-sizing-policy&#34;,&#xA;  &#34;reconcileID&#34;: &#34;dcc6658c-e59a-42a8-9c41-44626f7b8fbb&#34;,&#xA;  &#34;time&#34;: &#34;2025-10-09T06:20:15Z&#34;&#xA;}�[0m&#xA;�[31m�[1m&#xA;this is the `Virtualization-controller` error! not the current `Ginkgo` context error:&#xA;�[0m�[31m{&#xA;  &#34;level&#34;: &#34;error&#34;,&#xA;  &#34;msg&#34;: &#34;The handler failed with an error&#34;,&#xA;  &#34;err&#34;: &#34;failed to sync virtual disk data source blank: get volume and access modes: storage profile \&#34;sds-local-storage\&#34; not found: storage profile not found&#34;,&#xA;  &#34;controller&#34;: &#34;vd-controller&#34;,&#xA;  &#34;handler&#34;: &#34;LifeCycleHandler&#34;,&#xA;  &#34;ds&#34;: &#34;&#34;,&#xA;  &#34;collector&#34;: &#34;&#34;,&#xA;  &#34;name&#34;: &#34;head-45bdb83d-vd-blank-existing-vmclass&#34;,&#xA;  &#34;namespace&#34;: &#34;head-45bdb83d-end-to-end-sizing-policy&#34;,&#xA;  &#34;reconcileID&#34;: &#34;5b0ae1da-2b96-4de4-9bdc-6cebc44842b1&#34;,&#xA;  &#34;time&#34;: &#34;2025-10-09T06:20:15Z&#34;&#xA;}�[0m&#xA;�[31m�[1m&#xA;this is the `Virtualization-controller` error! not the current `Ginkgo` context error:&#xA;�[0m�[31m{&#xA;  &#34;level&#34;: &#34;error&#34;,&#xA;  &#34;msg&#34;: &#34;Error occurred during reconciliation&#34;,&#xA;  &#34;err&#34;: &#34;failed to sync virtual disk data source blank: get volume and access modes: storage profile \&#34;sds-local-storage\&#34; not found: storage profile not found&#34;,&#xA;  &#34;controller&#34;: &#34;vd-controller&#34;,&#xA;  &#34;handler&#34;: &#34;&#34;,&#xA;  &#34;ds&#34;: &#34;&#34;,&#xA;  &#34;collector&#34;: &#34;&#34;,&#xA;  &#34;name&#34;: &#34;head-45bdb83d-vd-blank-existing-vmclass&#34;,&#xA;  &#34;namespace&#34;: &#34;head-45bdb83d-end-to-end-sizing-policy&#34;,&#xA;  &#34;reconcileID&#34;: &#34;5b0ae1da-2b96-4de4-9bdc-6cebc44842b1&#34;,&#xA;  &#34;time&#34;: &#34;2025-10-09T06:20:15Z&#34;&#xA;}�[0m&#xA;�[31m�[1m&#xA;this is the `Virtualization-controller` error! not the current `Ginkgo` context error:&#xA;�[0m�[31m{&#xA;  &#34;level&#34;: &#34;error&#34;,&#xA;  &#34;msg&#34;: &#34;Reconciler error&#34;,&#xA;  &#34;err&#34;: &#34;failed to sync virtual disk data source blank: get volume and access modes: storage profile \&#34;sds-local-storage\&#34; not found: storage profile not found&#34;,&#xA;  &#34;controller&#34;: &#34;vd-controller&#34;,&#xA;  &#34;handler&#34;: &#34;&#34;,&#xA;  &#34;ds&#34;: &#34;&#34;,&#xA;  &#34;collector&#34;: &#34;&#34;,&#xA;  &#34;name&#34;: &#34;head-45bdb83d-vd-blank-existing-vmclass&#34;,&#xA;  &#34;namespace&#34;: &#34;head-45bdb83d-end-to-end-sizing-policy&#34;,&#xA;  &#34;reconcileID&#34;: &#34;5b0ae1da-2b96-4de4-9bdc-6cebc44842b1&#34;,&#xA;  &#34;time&#34;: &#34;2025-10-09T06:20:15Z&#34;&#xA;}�[0m&#xA;�[31m�[1m&#xA;this is the `Virtualization-controller` error! not the current `Ginkgo` context error:&#xA;�[0m�[31m{&#xA;  &#34;level&#34;: &#34;error&#34;,&#xA;  &#34;msg&#34;: &#34;The handler failed with an error&#34;,&#xA;  &#34;err&#34;: &#34;failed to sync virtual disk data source blank: get volume and access modes: storage profile \&#34;sds-local-storage\&#34; not found: storage profile not found&#34;,&#xA;  &#34;controller&#34;: &#34;vd-controller&#34;,&#xA;  &#34;handler&#34;: &#34;LifeCycleHandler&#34;,&#xA;  &#34;ds&#34;: &#34;&#34;,&#xA;  &#34;collector&#34;: &#34;&#34;,&#xA;  &#34;name&#34;: &#34;head-45bdb83d-vd-blank-existing-vmclass&#34;,&#xA;  &#34;namespace&#34;: &#34;head-45bdb83d-end-to-end-sizing-policy&#34;,&#xA;  &#34;reconcileID&#34;: &#34;d8b00353-9d6d-4ffd-855b-bddbce57793f&#34;,&#xA;  &#34;time&#34;: &#34;2025-10-09T06:20:15Z&#34;&#xA;}�[0m&#xA;�[31m�[1m&#xA;this is the `Virtualization-controller` error! not the current `Ginkgo` context error:&#xA;�[0m�[31m{&#xA;  &#34;level&#34;: &#34;error&#34;,&#xA;  &#34;msg&#34;: &#34;Error occurred during reconciliation&#34;,&#xA;  &#34;err&#34;: &#34;failed to sync virtual disk data source blank: get volume and access modes: storage profile \&#34;sds-local-storage\&#34; not found: storage profile not found&#34;,&#xA;  &#34;controller&#34;: &#34;vd-controller&#34;,&#xA;  &#34;handler&#34;: &#34;&#34;,&#xA;  &#34;ds&#34;: &#34;&#34;,&#xA;  &#34;collector&#34;: &#34;&#34;,&#xA;  &#34;name&#34;: &#34;head-45bdb83d-vd-blank-existing-vmclass&#34;,&#xA;  &#34;namespace&#34;: &#34;head-45bdb83d-end-to-end-sizing-policy&#34;,&#xA;  &#34;reconcileID&#34;: &#34;d8b00353-9d6d-4ffd-855b-bddbce57793f&#34;,&#xA;  &#34;time&#34;: &#34;2025-10-09T06:20:15Z&#34;&#xA;}�[0m&#xA;�[31m�[1m&#xA;this is the `Virtualization-controller` error! not the current `Ginkgo` context error:&#xA;�[0m�[31m{&#xA;  &#34;level&#34;: &#34;error&#34;,&#xA;  &#34;msg&#34;: &#34;Reconciler error&#34;,&#xA;  &#34;err&#34;: &#34;failed to sync virtual disk data source blank: get volume and access modes: storage profile \&#34;sds-local-storage\&#34; not found: storage profile not found&#34;,&#xA;  &#34;controller&#34;: &#34;vd-controller&#34;,&#xA;  &#34;handler&#34;: &#34;&#34;,&#xA;  &#34;ds&#34;: &#34;&#34;,&#xA;  &#34;collector&#34;: &#34;&#34;,&#xA;  &#34;name&#34;: &#34;head-45bdb83d-vd-blank-existing-vmclass&#34;,&#xA;  &#34;namespace&#34;: &#34;head-45bdb83d-end-to-end-sizing-policy&#34;,&#xA;  &#34;reconcileID&#34;: &#34;d8b00353-9d6d-4ffd-855b-bddbce57793f&#34;,&#xA;  &#34;time&#34;: &#34;2025-10-09T06:20:15Z&#34;&#xA;}�[0m&#xA;�[31m�[1m&#xA;this is the `Virtualization-controller` error! not the current `Ginkgo` context error:&#xA;�[0m�[31m{&#xA;  &#34;level&#34;: &#34;error&#34;,&#xA;  &#34;msg&#34;: &#34;The handler failed with an error&#34;,&#xA;  &#34;err&#34;: &#34;failed to sync virtual disk data source blank: get volume and access modes: storage profile \&#34;sds-local-storage\&#34; not found: storage profile not found&#34;,&#xA;  &#34;controller&#34;: &#34;vd-controller&#34;,&#xA;  &#34;handler&#34;: &#34;LifeCycleHandler&#34;,&#xA;  &#34;ds&#34;: &#34;&#34;,&#xA;  &#34;collector&#34;: &#34;&#34;,&#xA;  &#34;name&#34;: &#34;head-45bdb83d-vd-blank-not-existing-vmclass-with-changing&#34;,&#xA;  &#34;namespace&#34;: &#34;head-45bdb83d-end-to-end-sizing-policy&#34;,&#xA;  &#34;reconcileID&#34;: &#34;0a697e7a-9e34-4e9a-81d1-df3651b98137&#34;,&#xA;  &#34;time&#34;: &#34;2025-10-09T06:20:15Z&#34;&#xA;}�[0m&#xA;�[31m�[1m&#xA;this is the `Virtualization-controller` error! not the current `Ginkgo` context error:&#xA;�[0m�[31m{&#xA;  &#34;level&#34;: &#34;error&#34;,&#xA;  &#34;msg&#34;: &#34;Error occurred during reconciliation&#34;,&#xA;  &#34;err&#34;: &#34;failed to sync virtual disk data source blank: get volume and access modes: storage profile \&#34;sds-local-storage\&#34; not found: storage profile not found&#34;,&#xA;  &#34;controller&#34;: &#34;vd-controller&#34;,&#xA;  &#34;handler&#34;: &#34;&#34;,&#xA;  &#34;ds&#34;: &#34;&#34;,&#xA;  &#34;collector&#34;: &#34;&#34;,&#xA;  &#34;name&#34;: &#34;head-45bdb83d-vd-blank-not-existing-vmclass-with-changing&#34;,&#xA;  &#34;namespace&#34;: &#34;head-45bdb83d-end-to-end-sizing-policy&#34;,&#xA;  &#34;reconcileID&#34;: &#34;0a697e7a-9e34-4e9a-81d1-df3651b98137&#34;,&#xA;  &#34;time&#34;: &#34;2025-10-09T06:20:15Z&#34;&#xA;}�[0m&#xA;�[31m�[1m&#xA;this is the `Virtualization-controller` error! not the current `Ginkgo` context error:&#xA;�[0m�[31m{&#xA;  &#34;level&#34;: &#34;error&#34;,&#xA;  &#34;msg&#34;: &#34;Reconciler error&#34;,&#xA;  &#34;err&#34;: &#34;failed to sync virtual disk data source blank: get volume and access modes: storage profile \&#34;sds-local-storage\&#34; not found: storage profile not found&#34;,&#xA;  &#34;controller&#34;: &#34;vd-controller&#34;,&#xA;  &#34;handler&#34;: &#34;&#34;,&#xA;  &#34;ds&#34;: &#34;&#34;,&#xA;  &#34;collector&#34;: &#34;&#34;,&#xA;  &#34;name&#34;: &#34;head-45bdb83d-vd-blank-not-existing-vmclass-with-changing&#34;,&#xA;  &#34;namespace&#34;: &#34;head-45bdb83d-end-to-end-sizing-policy&#34;,&#xA;  &#34;reconcileID&#34;: &#34;0a697e7a-9e34-4e9a-81d1-df3651b98137&#34;,&#xA;  &#34;time&#34;: &#34;2025-10-09T06:20:15Z&#34;&#xA;}�[0m&#xA;�[31m�[1m&#xA;this is the `Virtualization-controller` error! not the current `Ginkgo` context error:&#xA;�[0m�[31m{&#xA;  &#34;level&#34;: &#34;error&#34;,&#xA;  &#34;msg&#34;: &#34;The handler failed with an error&#34;,&#xA;  &#34;err&#34;: &#34;failed to sync virtual disk data source blank: get volume and access modes: storage profile \&#34;sds-local-storage\&#34; not found: storage profile not found&#34;,&#xA;  &#34;controller&#34;: &#34;vd-controller&#34;,&#xA;  &#34;handler&#34;: &#34;LifeCycleHandler&#34;,&#xA;  &#34;ds&#34;: &#34;&#34;,&#xA;  &#34;collector&#34;: &#34;&#34;,&#xA;  &#34;name&#34;: &#34;head-45bdb83d-vd-blank-not-existing-vmclass-with-changing&#34;,&#xA;  &#34;namespace&#34;: &#34;head-45bdb83d-end-to-end-sizing-policy&#34;,&#xA;  &#34;reconcileID&#34;: &#34;66723a27-4f49-447f-a0f9-6749b19b6d36&#34;,&#xA;  &#34;time&#34;: &#34;2025-10-09T06:20:15Z&#34;&#xA;}�[0m&#xA;�[31m�[1m&#xA;this is the `Virtualization-controller` error! not the current `Ginkgo` context error:&#xA;�[0m�[31m{&#xA;  &#34;level&#34;: &#34;error&#34;,&#xA;  &#34;msg&#34;: &#34;Error occurred during reconciliation&#34;,&#xA;  &#34;err&#34;: &#34;failed to sync virtual disk data source blank: get volume and access modes: storage profile \&#34;sds-local-storage\&#34; not found: storage profile not found&#34;,&#xA;  &#34;controller&#34;: &#34;vd-controller&#34;,&#xA;  &#34;handler&#34;: &#34;&#34;,&#xA;  &#34;ds&#34;: &#34;&#34;,&#xA;  &#34;collector&#34;: &#34;&#34;,&#xA;  &#34;name&#34;: &#34;head-45bdb83d-vd-blank-not-existing-vmclass-with-changing&#34;,&#xA;  &#34;namespace&#34;: &#34;head-45bdb83d-end-to-end-sizing-policy&#34;,&#xA;  &#34;reconcileID&#34;: &#34;66723a27-4f49-447f-a0f9-6749b19b6d36&#34;,&#xA;  &#34;time&#34;: &#34;2025-10-09T06:20:15Z&#34;&#xA;}�[0m&#xA;�[31m�[1m&#xA;this is the `Virtualization-controller` error! not the current `Ginkgo` context error:&#xA;�[0m�[31m{&#xA;  &#34;level&#34;: &#34;error&#34;,&#xA;  &#34;msg&#34;: &#34;Reconciler error&#34;,&#xA;  &#34;err&#34;: &#34;failed to sync virtual disk data source blank: get volume and access modes: storage profile \&#34;sds-local-storage\&#34; not found: storage profile not found&#34;,&#xA;  &#34;controller&#34;: &#34;vd-controller&#34;,&#xA;  &#34;handler&#34;: &#34;&#34;,&#xA;  &#34;ds&#34;: &#34;&#34;,&#xA;  &#34;collector&#34;: &#34;&#34;,&#xA;  &#34;name&#34;: &#34;head-45bdb83d-vd-blank-not-existing-vmclass-with-changing&#34;,&#xA;  &#34;namespace&#34;: &#34;head-45bdb83d-end-to-end-sizing-policy&#34;,&#xA;  &#34;reconcileID&#34;: &#34;66723a27-4f49-447f-a0f9-6749b19b6d36&#34;,&#xA;  &#34;time&#34;: &#34;2025-10-09T06:20:15Z&#34;&#xA;}�[0m&#xA;�[31m�[1m&#xA;this is the `Virtualization-controller` error! not the current `Ginkgo` context error:&#xA;�[0m�[31m{&#xA;  &#34;level&#34;: &#34;error&#34;,&#xA;  &#34;msg&#34;: &#34;The handler failed with an error&#34;,&#xA;  &#34;err&#34;: &#34;failed to sync virtual disk data source blank: get volume and access modes: storage profile \&#34;sds-local-storage\&#34; not found: storage profile not found&#34;,&#xA;  &#34;controller&#34;: &#34;vd-controller&#34;,&#xA;  &#34;handler&#34;: &#34;LifeCycleHandler&#34;,&#xA;  &#34;ds&#34;: &#34;&#34;,&#xA;  &#34;collector&#34;: &#34;&#34;,&#xA;  &#34;name&#34;: &#34;head-45bdb83d-vd-blank-not-existing-vmclass-with-changing&#34;,&#xA;  &#34;namespace&#34;: &#34;head-45bdb83d-end-to-end-sizing-policy&#34;,&#xA;  &#34;reconcileID&#34;: &#34;e805a68b-44bf-407b-bcb1-09f91ab15243&#34;,&#xA;  &#34;time&#34;: &#34;2025-10-09T06:20:15Z&#34;&#xA;}�[0m&#xA;�[31m�[1m&#xA;this is the `Virtualization-controller` error! not the current `Ginkgo` context error:&#xA;�[0m�[31m{&#xA;  &#34;level&#34;: &#34;error&#34;,&#xA;  &#34;msg&#34;: &#34;Error occurred during reconciliation&#34;,&#xA;  &#34;err&#34;: &#34;failed to sync virtual disk data source blank: get volume and access modes: storage profile \&#34;sds-local-storage\&#34; not found: storage profile not found&#34;,&#xA;  &#34;controller&#34;: &#34;vd-controller&#34;,&#xA;  &#34;handler&#34;: &#34;&#34;,&#xA;  &#34;ds&#34;: &#34;&#34;,&#xA;  &#34;collector&#34;: &#34;&#34;,&#xA;  &#34;name&#34;: &#34;head-45bdb83d-vd-blank-not-existing-vmclass-with-changing&#34;,&#xA;  &#34;namespace&#34;: &#34;head-45bdb83d-end-to-end-sizing-policy&#34;,&#xA;  &#34;reconcileID&#34;: &#34;e805a68b-44bf-407b-bcb1-09f91ab15243&#34;,&#xA;  &#34;time&#34;: &#34;2025-10-09T06:20:15Z&#34;&#xA;}�[0m&#xA;�[31m�[1m&#xA;this is the `Virtualization-controller` error! not the current `Ginkgo` context error:&#xA;�[0m�[31m{&#xA;  &#34;level&#34;: &#34;error&#34;,&#xA;  &#34;msg&#34;: &#34;Reconciler error&#34;,&#xA;  &#34;err&#34;: &#34;failed to sync virtual disk data source blank: get volume and access modes: storage profile \&#34;sds-local-storage\&#34; not found: storage profile not found&#34;,&#xA;  &#34;controller&#34;: &#34;vd-controller&#34;,&#xA;  &#34;handler&#34;: &#34;&#34;,&#xA;  &#34;ds&#34;: &#34;&#34;,&#xA;  &#34;collector&#34;: &#34;&#34;,&#xA;  &#34;name&#34;: &#34;head-45bdb83d-vd-blank-not-existing-vmclass-with-changing&#34;,&#xA;  &#34;namespace&#34;: &#34;head-45bdb83d-end-to-end-sizing-policy&#34;,&#xA;  &#34;reconcileID&#34;: &#34;e805a68b-44bf-407b-bcb1-09f91ab15243&#34;,&#xA;  &#34;time&#34;: &#34;2025-10-09T06:20:15Z&#34;&#xA;}�[0m&#xA;�[31m�[1m&#xA;this is the `Virtualization-controller` error! not the current `Ginkgo` context error:&#xA;�[0m�[31m{&#xA;  &#34;level&#34;: &#34;error&#34;,&#xA;  &#34;msg&#34;: &#34;The handler failed with an error&#34;,&#xA;  &#34;err&#34;: &#34;failed to sync virtual disk data source blank: get volume and access modes: storage profile \&#34;sds-local-storage\&#34; not found: storage profile not found&#34;,&#xA;  &#34;controller&#34;: &#34;vd-controller&#34;,&#xA;  &#34;handler&#34;: &#34;LifeCycleHandler&#34;,&#xA;  &#34;ds&#34;: &#34;&#34;,&#xA;  &#34;collector&#34;: &#34;&#34;,&#xA;  &#34;name&#34;: &#34;head-45bdb83d-vd-blank-not-existing-vmclass-with-changing&#34;,&#xA;  &#34;namespace&#34;: &#34;head-45bdb83d-end-to-end-sizing-policy&#34;,&#xA;  &#34;reconcileID&#34;: &#34;259ac93a-bc3c-478d-9116-a2c2316c59f4&#34;,&#xA;  &#34;time&#34;: &#34;2025-10-09T06:20:15Z&#34;&#xA;}�[0m&#xA;�[31m�[1m&#xA;this is the `Virtualization-controller` error! not the current `Ginkgo` context error:&#xA;�[0m�[31m{&#xA;  &#34;level&#34;: &#34;error&#34;,&#xA;  &#34;msg&#34;: &#34;Error occurred during reconciliation&#34;,&#xA;  &#34;err&#34;: &#34;failed to sync virtual disk data source blank: get volume and access modes: storage profile \&#34;sds-local-storage\&#34; not found: storage profile not found&#34;,&#xA;  &#34;controller&#34;: &#34;vd-controller&#34;,&#xA;  &#34;handler&#34;: &#34;&#34;,&#xA;  &#34;ds&#34;: &#34;&#34;,&#xA;  &#34;collector&#34;: &#34;&#34;,&#xA;  &#34;name&#34;: &#34;head-45bdb83d-vd-blank-not-existing-vmclass-with-changing&#34;,&#xA;  &#34;namespace&#34;: &#34;head-45bdb83d-end-to-end-sizing-policy&#34;,&#xA;  &#34;reconcileID&#34;: &#34;259ac93a-bc3c-478d-9116-a2c2316c59f4&#34;,&#xA;  &#34;time&#34;: &#34;2025-10-09T06:20:15Z&#34;&#xA;}�[0m&#xA;�[31m�[1m&#xA;this is the `Virtualization-controller` error! not the current `Ginkgo` context error:&#xA;�[0m�[31m{&#xA;  &#34;level&#34;: &#34;error&#34;,&#xA;  &#34;msg&#34;: &#34;Reconciler error&#34;,&#xA;  &#34;err&#34;: &#34;failed to sync virtual disk data source blank: get volume and access modes: storage profile \&#34;sds-local-storage\&#34; not found: storage profile not found&#34;,&#xA;  &#34;controller&#34;: &#34;vd-controller&#34;,&#xA;  &#34;handler&#34;: &#34;&#34;,&#xA;  &#34;ds&#34;: &#34;&#34;,&#xA;  &#34;collector&#34;: &#34;&#34;,&#xA;  &#34;name&#34;: &#34;head-45bdb83d-vd-blank-not-existing-vmclass-with-changing&#34;,&#xA;  &#34;namespace&#34;: &#34;head-45bdb83d-end-to-end-sizing-policy&#34;,&#xA;  &#34;reconcileID&#34;: &#34;259ac93a-bc3c-478d-9116-a2c2316c59f4&#34;,&#xA;  &#34;time&#34;: &#34;2025-10-09T06:20:15Z&#34;&#xA;}�[0m&#xA;�[31m�[1m&#xA;this is the `Virtualization-controller` error! not the current `Ginkgo` context error:&#xA;�[0m�[31m{&#xA;  &#34;level&#34;: &#34;error&#34;,&#xA;  &#34;msg&#34;: &#34;The handler failed with an error&#34;,&#xA;  &#34;err&#34;: &#34;failed to sync virtual disk data source blank: get volume and access modes: storage profile \&#34;sds-local-storage\&#34; not found: storage profile not found&#34;,&#xA;  &#34;controller&#34;: &#34;vd-controller&#34;,&#xA;  &#34;handler&#34;: &#34;LifeCycleHandler&#34;,&#xA;  &#34;ds&#34;: &#34;&#34;,&#xA;  &#34;collector&#34;: &#34;&#34;,&#xA;  &#34;name&#34;: &#34;head-45bdb83d-vd-blank-not-existing-vmclass-with-changing&#34;,&#xA;  &#34;namespace&#34;: &#34;head-45bdb83d-end-to-end-sizing-policy&#34;,&#xA;  &#34;reconcileID&#34;: &#34;a6ccf856-9a69-49fb-acf3-25be8ba3b90a&#34;,&#xA;  &#34;time&#34;: &#34;2025-10-09T06:20:15Z&#34;&#xA;}�[0m&#xA;�[31m�[1m&#xA;this is the `Virtualization-controller` error! not the current `Ginkgo` context error:&#xA;�[0m�[31m{&#xA;  &#34;level&#34;: &#34;error&#34;,&#xA;  &#34;msg&#34;: &#34;Error occurred during reconciliation&#34;,&#xA;  &#34;err&#34;: &#34;failed to sync virtual disk data source blank: get volume and access modes: storage profile \&#34;sds-local-storage\&#34; not found: storage profile not found&#34;,&#xA;  &#34;controller&#34;: &#34;vd-controller&#34;,&#xA;  &#34;handler&#34;: &#34;&#34;,&#xA;  &#34;ds&#34;: &#34;&#34;,&#xA;  &#34;collector&#34;: &#34;&#34;,&#xA;  &#34;name&#34;: &#34;head-45bdb83d-vd-blank-not-existing-vmclass-with-changing&#34;,&#xA;  &#34;namespace&#34;: &#34;head-45bdb83d-end-to-end-sizing-policy&#34;,&#xA;  &#34;reconcileID&#34;: &#34;a6ccf856-9a69-49fb-acf3-25be8ba3b90a&#34;,&#xA;  &#34;time&#34;: &#34;2025-10-09T06:20:16Z&#34;&#xA;}�[0m&#xA;�[31m�[1m&#xA;this is the `Virtualization-controller` error! not the current `Ginkgo` context error:&#xA;�[0m�[31m{&#xA;  &#34;level&#34;: &#34;error&#34;,&#xA;  &#34;msg&#34;: &#34;Reconciler error&#34;,&#xA;  &#34;err&#34;: &#34;failed to sync virtual disk data source blank: get volume and access modes: storage profile \&#34;sds-local-storage\&#34; not found: storage profile not found&#34;,&#xA;  &#34;controller&#34;: &#34;vd-controller&#34;,&#xA;  &#34;handler&#34;: &#34;&#34;,&#xA;  &#34;ds&#34;: &#34;&#34;,&#xA;  &#34;collector&#34;: &#34;&#34;,&#xA;  &#34;name&#34;: &#34;head-45bdb83d-vd-blank-not-existing-vmclass-with-changing&#34;,&#xA;  &#34;namespace&#34;: &#34;head-45bdb83d-end-to-end-sizing-policy&#34;,&#xA;  &#34;reconcileID&#34;: &#34;a6ccf856-9a69-49fb-acf3-25be8ba3b90a&#34;,&#xA;  &#34;time&#34;: &#34;2025-10-09T06:20:16Z&#34;&#xA;}�[0m&#xA;�[31m�[1m&#xA;this is the `Virtualization-controller` error! not the current `Ginkgo` context error:&#xA;�[0m�[31m{&#xA;  &#34;level&#34;: &#34;error&#34;,&#xA;  &#34;msg&#34;: &#34;The handler failed with an error&#34;,&#xA;  &#34;err&#34;: &#34;failed to sync virtual disk data source blank: get volume and access modes: storage profile \&#34;sds-local-storage\&#34; not found: storage profile not found&#34;,&#xA;  &#34;controller&#34;: &#34;vd-controller&#34;,&#xA;  &#34;handler&#34;: &#34;LifeCycleHandler&#34;,&#xA;  &#34;ds&#34;: &#34;&#34;,&#xA;  &#34;collector&#34;: &#34;&#34;,&#xA;  &#34;name&#34;: &#34;head-45bdb83d-vd-blank-existing-vmclass&#34;,&#xA;  &#34;namespace&#34;: &#34;head-45bdb83d-end-to-end-sizing-policy&#34;,&#xA;  &#34;reconcileID&#34;: &#34;5c121396-cb7c-4a4d-b62a-95e0c77b36b4&#34;,&#xA;  &#34;time&#34;: &#34;2025-10-09T06:20:16Z&#34;&#xA;}�[0m&#xA;�[31m�[1m&#xA;this is the `Virtualization-controller` error! not the current `Ginkgo` context error:&#xA;�[0m�[31m{&#xA;  &#34;level&#34;: &#34;error&#34;,&#xA;  &#34;msg&#34;: &#34;Error occurred during reconciliation&#34;,&#xA;  &#34;err&#34;: &#34;failed to sync virtual disk data source blank: get volume and access modes: storage profile \&#34;sds-local-storage\&#34; not found: storage profile not found&#34;,&#xA;  &#34;controller&#34;: &#34;vd-controller&#34;,&#xA;  &#34;handler&#34;: &#34;&#34;,&#xA;  &#34;ds&#34;: &#34;&#34;,&#xA;  &#34;collector&#34;: &#34;&#34;,&#xA;  &#34;name&#34;: &#34;head-45bdb83d-vd-blank-existing-vmclass&#34;,&#xA;  &#34;namespace&#34;: &#34;head-45bdb83d-end-to-end-sizing-policy&#34;,&#xA;  &#34;reconcileID&#34;: &#34;5c121396-cb7c-4a4d-b62a-95e0c77b36b4&#34;,&#xA;  &#34;time&#34;: &#34;2025-10-09T06:20:16Z&#34;&#xA;}�[0m&#xA;�[31m�[1m&#xA;this is the `Virtualization-controller` error! not the current `Ginkgo` context error:&#xA;�[0m�[31m{&#xA;  &#34;level&#34;: &#34;error&#34;,&#xA;  &#34;msg&#34;: &#34;Reconciler error&#34;,&#xA;  &#34;err&#34;: &#34;failed to sync virtual disk data source blank: get volume and access modes: storage profile \&#34;sds-local-storage\&#34; not found: storage profile not found&#34;,&#xA;  &#34;controller&#34;: &#34;vd-controller&#34;,&#xA;  &#34;handler&#34;: &#34;&#34;,&#xA;  &#34;ds&#34;: &#34;&#34;,&#xA;  &#34;collector&#34;: &#34;&#34;,&#xA;  &#34;name&#34;: &#34;head-45bdb83d-vd-blank-existing-vmclass&#34;,&#xA;  &#34;namespace&#34;: &#34;head-45bdb83d-end-to-end-sizing-policy&#34;,&#xA;  &#34;reconcileID&#34;: &#34;5c121396-cb7c-4a4d-b62a-95e0c77b36b4&#34;,&#xA;  &#34;time&#34;: &#34;2025-10-09T06:20:16Z&#34;&#xA;}�[0m&#xA;�[31m�[1m&#xA;this is the `Virtualization-controller` error! not the current `Ginkgo` context error:&#xA;�[0m�[31m{&#xA;  &#34;level&#34;: &#34;error&#34;,&#xA;  &#34;msg&#34;: &#34;The handler failed with an error&#34;,&#xA;  &#34;err&#34;: &#34;failed to sync virtual disk data source blank: get volume and access modes: storage profile \&#34;sds-local-storage\&#34; not found: storage profile not found&#34;,&#xA;  &#34;controller&#34;: &#34;vd-controller&#34;,&#xA;  &#34;handler&#34;: &#34;LifeCycleHandler&#34;,&#xA;  &#34;ds&#34;: &#34;&#34;,&#xA;  &#34;collector&#34;: &#34;&#34;,&#xA;  &#34;name&#34;: &#34;head-45bdb83d-vd-blank-not-existing-vmclass-with-changing&#34;,&#xA;  &#34;namespace&#34;: &#34;head-45bdb83d-end-to-end-sizing-policy&#34;,&#xA;  &#34;reconcileID&#34;: &#34;ec493041-df89-4eea-a261-6adc418b10c8&#34;,&#xA;  &#34;time&#34;: &#34;2025-10-09T06:20:16Z&#34;&#xA;}�[0m&#xA;�[31m�[1m&#xA;this is the `Virtualization-controller` error! not the current `Ginkgo` context error:&#xA;�[0m�[31m{&#xA;  &#34;level&#34;: &#34;error&#34;,&#xA;  &#34;msg&#34;: &#34;Error occurred during reconciliation&#34;,&#xA;  &#34;err&#34;: &#34;failed to sync virtual disk data source blank: get volume and access modes: storage profile \&#34;sds-local-storage\&#34; not found: storage profile not found&#34;,&#xA;  &#34;controller&#34;: &#34;vd-controller&#34;,&#xA;  &#34;handler&#34;: &#34;&#34;,&#xA;  &#34;ds&#34;: &#34;&#34;,&#xA;  &#34;collector&#34;: &#34;&#34;,&#xA;  &#34;name&#34;: &#34;head-45bdb83d-vd-blank-not-existing-vmclass-with-changing&#34;,&#xA;  &#34;namespace&#34;: &#34;head-45bdb83d-end-to-end-sizing-policy&#34;,&#xA;  &#34;reconcileID&#34;: &#34;ec493041-df89-4eea-a261-6adc418b10c8&#34;,&#xA;  &#34;time&#34;: &#34;2025-10-09T06:20:16Z&#34;&#xA;}�[0m&#xA;�[31m�[1m&#xA;this is the `Virtualization-controller` error! not the current `Ginkgo` context error:&#xA;�[0m�[31m{&#xA;  &#34;level&#34;: &#34;error&#34;,&#xA;  &#34;msg&#34;: &#34;Reconciler error&#34;,&#xA;  &#34;err&#34;: &#34;failed to sync virtual disk data source blank: get volume and access modes: storage profile \&#34;sds-local-storage\&#34; not found: storage profile not found&#34;,&#xA;  &#34;controller&#34;: &#34;vd-controller&#34;,&#xA;  &#34;handler&#34;: &#34;&#34;,&#xA;  &#34;ds&#34;: &#34;&#34;,&#xA;  &#34;collector&#34;: &#34;&#34;,&#xA;  &#34;name&#34;: &#34;head-45bdb83d-vd-blank-not-existing-vmclass-with-changing&#34;,&#xA;  &#34;namespace&#34;: &#34;head-45bdb83d-end-to-end-sizing-policy&#34;,&#xA;  &#34;reconcileID&#34;: &#34;ec493041-df89-4eea-a261-6adc418b10c8&#34;,&#xA;  &#34;time&#34;: &#34;2025-10-09T06:20:16Z&#34;&#xA;}�[0m&#xA;�[31m�[1m&#xA;this is the `Virtualization-controller` error! not the current `Ginkgo` context error:&#xA;�[0m�[31m{&#xA;  &#34;level&#34;: &#34;error&#34;,&#xA;  &#34;msg&#34;: &#34;The handler failed with an error&#34;,&#xA;  &#34;err&#34;: &#34;failed to sync virtual disk data source blank: get volume and access modes: storage profile \&#34;sds-local-storage\&#34; not found: storage profile not found&#34;,&#xA;  &#34;controller&#34;: &#34;vd-controller&#34;,&#xA;  &#34;handler&#34;: &#34;LifeCycleHandler&#34;,&#xA;  &#34;ds&#34;: &#34;&#34;,&#xA;  &#34;collector&#34;: &#34;&#34;,&#xA;  &#34;name&#34;: &#34;head-45bdb83d-vd-blank-not-existing-vmclass-with-changing&#34;,&#xA;  &#34;namespace&#34;: &#34;head-45bdb83d-end-to-end-sizing-policy&#34;,&#xA;  &#34;reconcileID&#34;: &#34;c87ebe6b-7f90-44b8-82c5-431799502144&#34;,&#xA;  &#34;time&#34;: &#34;2025-10-09T06:20:16Z&#34;&#xA;}�[0m&#xA;�[31m�[1m&#xA;this is the `Virtualization-controller` error! not the current `Ginkgo` context error:&#xA;�[0m�[31m{&#xA;  &#34;level&#34;: &#34;error&#34;,&#xA;  &#34;msg&#34;: &#34;Error occurred during reconciliation&#34;,&#xA;  &#34;err&#34;: &#34;failed to sync virtual disk data source blank: get volume and access modes: storage profile \&#34;sds-local-storage\&#34; not found: storage profile not found&#34;,&#xA;  &#34;controller&#34;: &#34;vd-controller&#34;,&#xA;  &#34;handler&#34;: &#34;&#34;,&#xA;  &#34;ds&#34;: &#34;&#34;,&#xA;  &#34;collector&#34;: &#34;&#34;,&#xA;  &#34;name&#34;: &#34;head-45bdb83d-vd-blank-not-existing-vmclass-with-changing&#34;,&#xA;  &#34;namespace&#34;: &#34;head-45bdb83d-end-to-end-sizing-policy&#34;,&#xA;  &#34;reconcileID&#34;: &#34;c87ebe6b-7f90-44b8-82c5-431799502144&#34;,&#xA;  &#34;time&#34;: &#34;2025-10-09T06:20:16Z&#34;&#xA;}�[0m&#xA;�[31m�[1m&#xA;this is the `Virtualization-controller` error! not the current `Ginkgo` context error:&#xA;�[0m�[31m{&#xA;  &#34;level&#34;: &#34;error&#34;,&#xA;  &#34;msg&#34;: &#34;Reconciler error&#34;,&#xA;  &#34;err&#34;: &#34;failed to sync virtual disk data source blank: get volume and access modes: storage profile \&#34;sds-local-storage\&#34; not found: storage profile not found&#34;,&#xA;  &#34;controller&#34;: &#34;vd-controller&#34;,&#xA;  &#34;handler&#34;: &#34;&#34;,&#xA;  &#34;ds&#34;: &#34;&#34;,&#xA;  &#34;collector&#34;: &#34;&#34;,&#xA;  &#34;name&#34;: &#34;head-45bdb83d-vd-blank-not-existing-vmclass-with-changing&#34;,&#xA;  &#34;namespace&#34;: &#34;head-45bdb83d-end-to-end-sizing-policy&#34;,&#xA;  &#34;reconcileID&#34;: &#34;c87ebe6b-7f90-44b8-82c5-431799502144&#34;,&#xA;  &#34;time&#34;: &#34;2025-10-09T06:20:16Z&#34;&#xA;}�[0m&#xA;�[31m�[1m&#xA;this is the `Virtualization-controller` error! not the current `Ginkgo` context error:&#xA;�[0m�[31m{&#xA;  &#34;level&#34;: &#34;error&#34;,&#xA;  &#34;msg&#34;: &#34;The handler failed with an error&#34;,&#xA;  &#34;err&#34;: &#34;failed to sync virtual disk data source blank: get volume and access modes: storage profile \&#34;sds-local-storage\&#34; not found: storage profile not found&#34;,&#xA;  &#34;controller&#34;: &#34;vd-controller&#34;,&#xA;  &#34;handler&#34;: &#34;LifeCycleHandler&#34;,&#xA;  &#34;ds&#34;: &#34;&#34;,&#xA;  &#34;collector&#34;: &#34;&#34;,&#xA;  &#34;name&#34;: &#34;head-45bdb83d-vd-blank-not-existing-vmclass-with-creating&#34;,&#xA;  &#34;namespace&#34;: &#34;head-45bdb83d-end-to-end-sizing-policy&#34;,&#xA;  &#34;reconcileID&#34;: &#34;656f7f1a-ae1f-4025-ba57-2b376a20540e&#34;,&#xA;  &#34;time&#34;: &#34;2025-10-09T06:20:16Z&#34;&#xA;}�[0m&#xA;�[31m�[1m&#xA;this is the `Virtualization-controller` error! not the current `Ginkgo` context error:&#xA;�[0m�[31m{&#xA;  &#34;level&#34;: &#34;error&#34;,&#xA;  &#34;msg&#34;: &#34;Error occurred during reconciliation&#34;,&#xA;  &#34;err&#34;: &#34;failed to sync virtual disk data source blank: get volume and access modes: storage profile \&#34;sds-local-storage\&#34; not found: storage profile not found&#34;,&#xA;  &#34;controller&#34;: &#34;vd-controller&#34;,&#xA;  &#34;handler&#34;: &#34;&#34;,&#xA;  &#34;ds&#34;: &#34;&#34;,&#xA;  &#34;collector&#34;: &#34;&#34;,&#xA;  &#34;name&#34;: &#34;head-45bdb83d-vd-blank-not-existing-vmclass-with-creating&#34;,&#xA;  &#34;namespace&#34;: &#34;head-45bdb83d-end-to-end-sizing-policy&#34;,&#xA;  &#34;reconcileID&#34;: &#34;656f7f1a-ae1f-4025-ba57-2b376a20540e&#34;,&#xA;  &#34;time&#34;: &#34;2025-10-09T06:20:16Z&#34;&#xA;}�[0m&#xA;�[31m�[1m&#xA;this is the `Virtualization-controller` error! not the current `Ginkgo` context error:&#xA;�[0m�[31m{&#xA;  &#34;level&#34;: &#34;error&#34;,&#xA;  &#34;msg&#34;: &#34;Reconciler error&#34;,&#xA;  &#34;err&#34;: &#34;failed to sync virtual disk data source blank: get volume and access modes: storage profile \&#34;sds-local-storage\&#34; not found: storage profile not found&#34;,&#xA;  &#34;controller&#34;: &#34;vd-controller&#34;,&#xA;  &#34;handler&#34;: &#34;&#34;,&#xA;  &#34;ds&#34;: &#34;&#34;,&#xA;  &#34;collector&#34;: &#34;&#34;,&#xA;  &#34;name&#34;: &#34;head-45bdb83d-vd-blank-not-existing-vmclass-with-creating&#34;,&#xA;  &#34;namespace&#34;: &#34;head-45bdb83d-end-to-end-sizing-policy&#34;,&#xA;  &#34;reconcileID&#34;: &#34;656f7f1a-ae1f-4025-ba57-2b376a20540e&#34;,&#xA;  &#34;time&#34;: &#34;2025-10-09T06:20:16Z&#34;&#xA;}�[0m&#xA;�[31m�[1m&#xA;this is the `Virtualization-controller` error! not the current `Ginkgo` context error:&#xA;�[0m�[31m{&#xA;  &#34;level&#34;: &#34;error&#34;,&#xA;  &#34;msg&#34;: &#34;The handler failed with an error&#34;,&#xA;  &#34;err&#34;: &#34;failed to sync virtual disk data source blank: get volume and access modes: storage profile \&#34;sds-local-storage\&#34; not found: storage profile not found&#34;,&#xA;  &#34;controller&#34;: &#34;vd-controller&#34;,&#xA;  &#34;handler&#34;: &#34;LifeCycleHandler&#34;,&#xA;  &#34;ds&#34;: &#34;&#34;,&#xA;  &#34;collector&#34;: &#34;&#34;,&#xA;  &#34;name&#34;: &#34;head-45bdb83d-vd-blank-not-existing-vmclass-with-creating&#34;,&#xA;  &#34;namespace&#34;: &#34;head-45bdb83d-end-to-end-sizing-policy&#34;,&#xA;  &#34;reconcileID&#34;: &#34;8b799964-41ac-4f85-8fbd-8340a5027c72&#34;,&#xA;  &#34;time&#34;: &#34;2025-10-09T06:20:16Z&#34;&#xA;}�[0m&#xA;�[31m�[1m&#xA;this is the `Virtualization-controller` error! not the current `Ginkgo` context error:&#xA;�[0m�[31m{&#xA;  &#34;level&#34;: &#34;error&#34;,&#xA;  &#34;msg&#34;: &#34;Error occurred during reconciliation&#34;,&#xA;  &#34;err&#34;: &#34;failed to sync virtual disk data source blank: get volume and access modes: storage profile \&#34;sds-local-storage\&#34; not found: storage profile not found&#34;,&#xA;  &#34;controller&#34;: &#34;vd-controller&#34;,&#xA;  &#34;handler&#34;: &#34;&#34;,&#xA;  &#34;ds&#34;: &#34;&#34;,&#xA;  &#34;collector&#34;: &#34;&#34;,&#xA;  &#34;name&#34;: &#34;head-45bdb83d-vd-blank-not-existing-vmclass-with-creating&#34;,&#xA;  &#34;namespace&#34;: &#34;head-45bdb83d-end-to-end-sizing-policy&#34;,&#xA;  &#34;reconcileID&#34;: &#34;8b799964-41ac-4f85-8fbd-8340a5027c72&#34;,&#xA;  &#34;time&#34;: &#34;2025-10-09T06:20:16Z&#34;&#xA;}�[0m&#xA;�[31m�[1m&#xA;this is the `Virtualization-controller` error! not the current `Ginkgo` context error:&#xA;�[0m�[31m{&#xA;  &#34;level&#34;: &#34;error&#34;,&#xA;  &#34;msg&#34;: &#34;Reconciler error&#34;,&#xA;  &#34;err&#34;: &#34;failed to sync virtual disk data source blank: get volume and access modes: storage profile \&#34;sds-local-storage\&#34; not found: storage profile not found&#34;,&#xA;  &#34;controller&#34;: &#34;vd-controller&#34;,&#xA;  &#34;handler&#34;: &#34;&#34;,&#xA;  &#34;ds&#34;: &#34;&#34;,&#xA;  &#34;collector&#34;: &#34;&#34;,&#xA;  &#34;name&#34;: &#34;head-45bdb83d-vd-blank-not-existing-vmclass-with-creating&#34;,&#xA;  &#34;namespace&#34;: &#34;head-45bdb83d-end-to-end-sizing-policy&#34;,&#xA;  &#34;reconcileID&#34;: &#34;8b799964-41ac-4f85-8fbd-8340a5027c72&#34;,&#xA;  &#34;time&#34;: &#34;2025-10-09T06:20:16Z&#34;&#xA;}�[0m&#xA;�[31m�[1m&#xA;this is the `Virtualization-controller` error! not the current `Ginkgo` context error:&#xA;�[0m�[31m{&#xA;  &#34;level&#34;: &#34;error&#34;,&#xA;  &#34;msg&#34;: &#34;The handler failed with an error&#34;,&#xA;  &#34;err&#34;: &#34;failed to sync virtual disk data source blank: get volume and access modes: storage profile \&#34;sds-local-storage\&#34; not found: storage profile not found&#34;,&#xA;  &#34;controller&#34;: &#34;vd-controller&#34;,&#xA;  &#34;handler&#34;: &#34;LifeCycleHandler&#34;,&#xA;  &#34;ds&#34;: &#34;&#34;,&#xA;  &#34;collector&#34;: &#34;&#34;,&#xA;  &#34;name&#34;: &#34;head-45bdb83d-vd-blank-not-existing-vmclass-with-creating&#34;,&#xA;  &#34;namespace&#34;: &#34;head-45bdb83d-end-to-end-sizing-policy&#34;,&#xA;  &#34;reconcileID&#34;: &#34;66094f95-8e4a-4cac-b050-39821f166a0f&#34;,&#xA;  &#34;time&#34;: &#34;2025-10-09T06:20:16Z&#34;&#xA;}�[0m&#xA;�[31m�[1m&#xA;this is the `Virtualization-controller` error! not the current `Ginkgo` context error:&#xA;�[0m�[31m{&#xA;  &#34;level&#34;: &#34;error&#34;,&#xA;  &#34;msg&#34;: &#34;Error occurred during reconciliation&#34;,&#xA;  &#34;err&#34;: &#34;failed to sync virtual disk data source blank: get volume and access modes: storage profile \&#34;sds-local-storage\&#34; not found: storage profile not found&#34;,&#xA;  &#34;controller&#34;: &#34;vd-controller&#34;,&#xA;  &#34;handler&#34;: &#34;&#34;,&#xA;  &#34;ds&#34;: &#34;&#34;,&#xA;  &#34;collector&#34;: &#34;&#34;,&#xA;  &#34;name&#34;: &#34;head-45bdb83d-vd-blank-not-existing-vmclass-with-creating&#34;,&#xA;  &#34;namespace&#34;: &#34;head-45bdb83d-end-to-end-sizing-policy&#34;,&#xA;  &#34;reconcileID&#34;: &#34;66094f95-8e4a-4cac-b050-39821f166a0f&#34;,&#xA;  &#34;time&#34;: &#34;2025-10-09T06:20:16Z&#34;&#xA;}�[0m&#xA;�[31m�[1m&#xA;this is the `Virtualization-controller` error! not the current `Ginkgo` context error:&#xA;�[0m�[31m{&#xA;  &#34;level&#34;: &#34;error&#34;,&#xA;  &#34;msg&#34;: &#34;Reconciler error&#34;,&#xA;  &#34;err&#34;: &#34;failed to sync virtual disk data source blank: get volume and access modes: storage profile \&#34;sds-local-storage\&#34; not found: storage profile not found&#34;,&#xA;  &#34;controller&#34;: &#34;vd-controller&#34;,&#xA;  &#34;handler&#34;: &#34;&#34;,&#xA;  &#34;ds&#34;: &#34;&#34;,&#xA;  &#34;collector&#34;: &#34;&#34;,&#xA;  &#34;name&#34;: &#34;head-45bdb83d-vd-blank-not-existing-vmclass-with-creating&#34;,&#xA;  &#34;namespace&#34;: &#34;head-45bdb83d-end-to-end-sizing-policy&#34;,&#xA;  &#34;reconcileID&#34;: &#34;66094f95-8e4a-4cac-b050-39821f166a0f&#34;,&#xA;  &#34;time&#34;: &#34;2025-10-09T06:20:16Z&#34;&#xA;}�[0m&#xA;�[31m�[1m&#xA;this is the `Virtualization-controller` error! not the current `Ginkgo` context error:&#xA;�[0m�[31m{&#xA;  &#34;level&#34;: &#34;error&#34;,&#xA;  &#34;msg&#34;: &#34;The handler failed with an error&#34;,&#xA;  &#34;err&#34;: &#34;failed to sync virtual disk data source blank: get volume and access modes: storage profile \&#34;sds-local-storage\&#34; not found: storage profile not found&#34;,&#xA;  &#34;controller&#34;: &#34;vd-controller&#34;,&#xA;  &#34;handler&#34;: &#34;LifeCycleHandler&#34;,&#xA;  &#34;ds&#34;: &#34;&#34;,&#xA;  &#34;collector&#34;: &#34;&#34;,&#xA;  &#34;name&#34;: &#34;head-45bdb83d-vd-blank-existing-vmclass&#34;,&#xA;  &#34;namespace&#34;: &#34;head-45bdb83d-end-to-end-sizing-policy&#34;,&#xA;  &#34;reconcileID&#34;: &#34;8996cf6c-51d6-4176-b80c-096f184c6cc6&#34;,&#xA;  &#34;time&#34;: &#34;2025-10-09T06:20:16Z&#34;&#xA;}�[0m&#xA;�[31m�[1m&#xA;this is the `Virtualization-controller` error! not the current `Ginkgo` context error:&#xA;�[0m�[31m{&#xA;  &#34;level&#34;: &#34;error&#34;,&#xA;  &#34;msg&#34;: &#34;Error occurred during reconciliation&#34;,&#xA;  &#34;err&#34;: &#34;failed to sync virtual disk data source blank: get volume and access modes: storage profile \&#34;sds-local-storage\&#34; not found: storage profile not found&#34;,&#xA;  &#34;controller&#34;: &#34;vd-controller&#34;,&#xA;  &#34;handler&#34;: &#34;&#34;,&#xA;  &#34;ds&#34;: &#34;&#34;,&#xA;  &#34;collector&#34;: &#34;&#34;,&#xA;  &#34;name&#34;: &#34;head-45bdb83d-vd-blank-existing-vmclass&#34;,&#xA;  &#34;namespace&#34;: &#34;head-45bdb83d-end-to-end-sizing-policy&#34;,&#xA;  &#34;reconcileID&#34;: &#34;8996cf6c-51d6-4176-b80c-096f184c6cc6&#34;,&#xA;  &#34;time&#34;: &#34;2025-10-09T06:20:16Z&#34;&#xA;}�[0m&#xA;�[31m�[1m&#xA;this is the `Virtualization-controller` error! not the current `Ginkgo` context error:&#xA;�[0m�[31m{&#xA;  &#34;level&#34;: &#34;error&#34;,&#xA;  &#34;msg&#34;: &#34;Reconciler error&#34;,&#xA;  &#34;err&#34;: &#34;failed to sync virtual disk data source blank: get volume and access modes: storage profile \&#34;sds-local-storage\&#34; not found: storage profile not found&#34;,&#xA;  &#34;controller&#34;: &#34;vd-controller&#34;,&#xA;  &#34;handler&#34;: &#34;&#34;,&#xA;  &#34;ds&#34;: &#34;&#34;,&#xA;  &#34;collector&#34;: &#34;&#34;,&#xA;  &#34;name&#34;: &#34;head-45bdb83d-vd-blank-existing-vmclass&#34;,&#xA;  &#34;namespace&#34;: &#34;head-45bdb83d-end-to-end-sizing-policy&#34;,&#xA;  &#34;reconcileID&#34;: &#34;8996cf6c-51d6-4176-b80c-096f184c6cc6&#34;,&#xA;  &#34;time&#34;: &#34;2025-10-09T06:20:16Z&#34;&#xA;}�[0m&#xA;�[31m�[1m&#xA;this is the `Virtualization-controller` error! not the current `Ginkgo` context error:&#xA;�[0m�[31m{&#xA;  &#34;level&#34;: &#34;error&#34;,&#xA;  &#34;msg&#34;: &#34;The handler failed with an error&#34;,&#xA;  &#34;err&#34;: &#34;failed to sync virtual disk data source blank: get volume and access modes: storage profile \&#34;sds-local-storage\&#34; not found: storage profile not found&#34;,&#xA;  &#34;controller&#34;: &#34;vd-controller&#34;,&#xA;  &#34;handler&#34;: &#34;LifeCycleHandler&#34;,&#xA;  &#34;ds&#34;: &#34;&#34;,&#xA;  &#34;collector&#34;: &#34;&#34;,&#xA;  &#34;name&#34;: &#34;head-45bdb83d-vd-blank-not-existing-vmclass-with-creating&#34;,&#xA;  &#34;namespace&#34;: &#34;head-45bdb83d-end-to-end-sizing-policy&#34;,&#xA;  &#34;reconcileID&#34;: &#34;18278a3d-c31b-48c3-8a90-07389d754e2f&#34;,&#xA;  &#34;time&#34;: &#34;2025-10-09T06:20:16Z&#34;&#xA;}�[0m&#xA;�[31m�[1m&#xA;this is the `Virtualization-controller` error! not the current `Ginkgo` context error:&#xA;�[0m�[31m{&#xA;  &#34;level&#34;: &#34;error&#34;,&#xA;  &#34;msg&#34;: &#34;Error occurred during reconciliation&#34;,&#xA;  &#34;err&#34;: &#34;failed to sync virtual disk data source blank: get volume and access modes: storage profile \&#34;sds-local-storage\&#34; not found: storage profile not found&#34;,&#xA;  &#34;controller&#34;: &#34;vd-controller&#34;,&#xA;  &#34;handler&#34;: &#34;&#34;,&#xA;  &#34;ds&#34;: &#34;&#34;,&#xA;  &#34;collector&#34;: &#34;&#34;,&#xA;  &#34;name&#34;: &#34;head-45bdb83d-vd-blank-not-existing-vmclass-with-creating&#34;,&#xA;  &#34;namespace&#34;: &#34;head-45bdb83d-end-to-end-sizing-policy&#34;,&#xA;  &#34;reconcileID&#34;: &#34;18278a3d-c31b-48c3-8a90-07389d754e2f&#34;,&#xA;  &#34;time&#34;: &#34;2025-10-09T06:20:16Z&#34;&#xA;}�[0m&#xA;�[31m�[1m&#xA;this is the `Virtualization-controller` error! not the current `Ginkgo` context error:&#xA;�[0m�[31m{&#xA;  &#34;level&#34;: &#34;error&#34;,&#xA;  &#34;msg&#34;: &#34;Reconciler error&#34;,&#xA;  &#34;err&#34;: &#34;failed to sync virtual disk data source blank: get volume and access modes: storage profile \&#34;sds-local-storage\&#34; not found: storage profile not found&#34;,&#xA;  &#34;controller&#34;: &#34;vd-controller&#34;,&#xA;  &#34;handler&#34;: &#34;&#34;,&#xA;  &#34;ds&#34;: &#34;&#34;,&#xA;  &#34;collector&#34;: &#34;&#34;,&#xA;  &#34;name&#34;: &#34;head-45bdb83d-vd-blank-not-existing-vmclass-with-creating&#34;,&#xA;  &#34;namespace&#34;: &#34;head-45bdb83d-end-to-end-sizing-policy&#34;,&#xA;  &#34;reconcileID&#34;: &#34;18278a3d-c31b-48c3-8a90-07389d754e2f&#34;,&#xA;  &#34;time&#34;: &#34;2025-10-09T06:20:16Z&#34;&#xA;}�[0m&#xA;�[31m�[1m&#xA;this is the `Virtualization-controller` error! not the current `Ginkgo` context error:&#xA;�[0m�[31m{&#xA;  &#34;level&#34;: &#34;error&#34;,&#xA;  &#34;msg&#34;: &#34;The handler failed with an error&#34;,&#xA;  &#34;err&#34;: &#34;failed to sync virtual disk data source blank: get volume and access modes: storage profile \&#34;sds-local-storage\&#34; not found: storage profile not found&#34;,&#xA;  &#34;controller&#34;: &#34;vd-controller&#34;,&#xA;  &#34;handler&#34;: &#34;LifeCycleHandler&#34;,&#xA;  &#34;ds&#34;: &#34;&#34;,&#xA;  &#34;collector&#34;: &#34;&#34;,&#xA;  &#34;name&#34;: &#34;head-45bdb83d-vd-blank-not-existing-vmclass-with-creating&#34;,&#xA;  &#34;namespace&#34;: &#34;head-45bdb83d-end-to-end-sizing-policy&#34;,&#xA;  &#34;reconcileID&#34;: &#34;7005bad0-9144-4128-a02a-c7601b55208b&#34;,&#xA;  &#34;time&#34;: &#34;2025-10-09T06:20:16Z&#34;&#xA;}�[0m&#xA;�[31m�[1m&#xA;this is the `Virtualization-controller` error! not the current `Ginkgo` context error:&#xA;�[0m�[31m{&#xA;  &#34;level&#34;: &#34;error&#34;,&#xA;  &#34;msg&#34;: &#34;Error occurred during reconciliation&#34;,&#xA;  &#34;err&#34;: &#34;failed to sync virtual disk data source blank: get volume and access modes: storage profile \&#34;sds-local-storage\&#34; not found: storage profile not found&#34;,&#xA;  &#34;controller&#34;: &#34;vd-controller&#34;,&#xA;  &#34;handler&#34;: &#34;&#34;,&#xA;  &#34;ds&#34;: &#34;&#34;,&#xA;  &#34;collector&#34;: &#34;&#34;,&#xA;  &#34;name&#34;: &#34;head-45bdb83d-vd-blank-not-existing-vmclass-with-creating&#34;,&#xA;  &#34;namespace&#34;: &#34;head-45bdb83d-end-to-end-sizing-policy&#34;,&#xA;  &#34;reconcileID&#34;: &#34;7005bad0-9144-4128-a02a-c7601b55208b&#34;,&#xA;  &#34;time&#34;: &#34;2025-10-09T06:20:16Z&#34;&#xA;}�[0m&#xA;�[31m�[1m&#xA;this is the `Virtualization-controller` error! not the current `Ginkgo` context error:&#xA;�[0m�[31m{&#xA;  &#34;level&#34;: &#34;error&#34;,&#xA;  &#34;msg&#34;: &#34;Reconciler error&#34;,&#xA;  &#34;err&#34;: &#34;failed to sync virtual disk data source blank: get volume and access modes: storage profile \&#34;sds-local-storage\&#34; not found: storage profile not found&#34;,&#xA;  &#34;controller&#34;: &#34;vd-controller&#34;,&#xA;  &#34;handler&#34;: &#34;&#34;,&#xA;  &#34;ds&#34;: &#34;&#34;,&#xA;  &#34;collector&#34;: &#34;&#34;,&#xA;  &#34;name&#34;: &#34;head-45bdb83d-vd-blank-not-existing-vmclass-with-creating&#34;,&#xA;  &#34;namespace&#34;: &#34;head-45bdb83d-end-to-end-sizing-policy&#34;,&#xA;  &#34;reconcileID&#34;: &#34;7005bad0-9144-4128-a02a-c7601b55208b&#34;,&#xA;  &#34;time&#34;: &#34;2025-10-09T06:20:16Z&#34;&#xA;}�[0m&#xA;�[31m�[1m&#xA;this is the `Virtualization-controller` error! not the current `Ginkgo` context error:&#xA;�[0m�[31m{&#xA;  &#34;level&#34;: &#34;error&#34;,&#xA;  &#34;msg&#34;: &#34;The handler failed with an error&#34;,&#xA;  &#34;err&#34;: &#34;failed to sync virtual disk data source blank: get volume and access modes: storage profile \&#34;sds-local-storage\&#34; not found: storage profile not found&#34;,&#xA;  &#34;controller&#34;: &#34;vd-controller&#34;,&#xA;  &#34;handler&#34;: &#34;LifeCycleHandler&#34;,&#xA;  &#34;ds&#34;: &#34;&#34;,&#xA;  &#34;collector&#34;: &#34;&#34;,&#xA;  &#34;name&#34;: &#34;head-45bdb83d-vd-blank-not-existing-vmclass-with-creating&#34;,&#xA;  &#34;namespace&#34;: &#34;head-45bdb83d-end-to-end-sizing-policy&#34;,&#xA;  &#34;reconcileID&#34;: &#34;2792fafd-294a-4612-96b1-7704fc0d911a&#34;,&#xA;  &#34;time&#34;: &#34;2025-10-09T06:20:16Z&#34;&#xA;}�[0m&#xA;�[31m�[1m&#xA;this is the `Virtualization-controller` error! not the current `Ginkgo` context error:&#xA;�[0m�[31m{&#xA;  &#34;level&#34;: &#34;error&#34;,&#xA;  &#34;msg&#34;: &#34;Error occurred during reconciliation&#34;,&#xA;  &#34;err&#34;: &#34;failed to sync virtual disk data source blank: get volume and access modes: storage profile \&#34;sds-local-storage\&#34; not found: storage profile not found&#34;,&#xA;  &#34;controller&#34;: &#34;vd-controller&#34;,&#xA;  &#34;handler&#34;: &#34;&#34;,&#xA;  &#34;ds&#34;: &#34;&#34;,&#xA;  &#34;collector&#34;: &#34;&#34;,&#xA;  &#34;name&#34;: &#34;head-45bdb83d-vd-blank-not-existing-vmclass-with-creating&#34;,&#xA;  &#34;namespace&#34;: &#34;head-45bdb83d-end-to-end-sizing-policy&#34;,&#xA;  &#34;reconcileID&#34;: &#34;2792fafd-294a-4612-96b1-7704fc0d911a&#34;,&#xA;  &#34;time&#34;: &#34;2025-10-09T06:20:16Z&#34;&#xA;}�[0m&#xA;�[31m�[1m&#xA;this is the `Virtualization-controller` error! not the current `Ginkgo` context error:&#xA;�[0m�[31m{&#xA;  &#34;level&#34;: &#34;error&#34;,&#xA;  &#34;msg&#34;: &#34;Reconciler error&#34;,&#xA;  &#34;err&#34;: &#34;failed to sync virtual disk data source blank: get volume and access modes: storage profile \&#34;sds-local-storage\&#34; not found: storage profile not found&#34;,&#xA;  &#34;controller&#34;: &#34;vd-controller&#34;,&#xA;  &#34;handler&#34;: &#34;&#34;,&#xA;  &#34;ds&#34;: &#34;&#34;,&#xA;  &#34;collector&#34;: &#34;&#34;,&#xA;  &#34;name&#34;: &#34;head-45bdb83d-vd-blank-not-existing-vmclass-with-creating&#34;,&#xA;  &#34;namespace&#34;: &#34;head-45bdb83d-end-to-end-sizing-policy&#34;,&#xA;  &#34;reconcileID&#34;: &#34;2792fafd-294a-4612-96b1-7704fc0d911a&#34;,&#xA;  &#34;time&#34;: &#34;2025-10-09T06:20:16Z&#34;&#xA;}�[0m&#xA;�[31m�[1m&#xA;this is the `Virtualization-controller` error! not the current `Ginkgo` context error:&#xA;�[0m�[31m{&#xA;  &#34;level&#34;: &#34;error&#34;,&#xA;  &#34;msg&#34;: &#34;The handler failed with an error&#34;,&#xA;  &#34;err&#34;: &#34;failed to sync virtual disk data source blank: get volume and access modes: storage profile \&#34;sds-local-storage\&#34; not found: storage profile not found&#34;,&#xA;  &#34;controller&#34;: &#34;vd-controller&#34;,&#xA;  &#34;handler&#34;: &#34;LifeCycleHandler&#34;,&#xA;  &#34;ds&#34;: &#34;&#34;,&#xA;  &#34;collector&#34;: &#34;&#34;,&#xA;  &#34;name&#34;: &#34;head-45bdb83d-vd-blank-not-existing-vmclass-with-changing&#34;,&#xA;  &#34;namespace&#34;: &#34;head-45bdb83d-end-to-end-sizing-policy&#34;,&#xA;  &#34;reconcileID&#34;: &#34;36551206-ff82-48e6-865b-1fc21d841113&#34;,&#xA;  &#34;time&#34;: &#34;2025-10-09T06:20:16Z&#34;&#xA;}�[0m&#xA;�[31m�[1m&#xA;this is the `Virtualization-controller` error! not the current `Ginkgo` context error:&#xA;�[0m�[31m{&#xA;  &#34;level&#34;: &#34;error&#34;,&#xA;  &#34;msg&#34;: &#34;Error occurred during reconciliation&#34;,&#xA;  &#34;err&#34;: &#34;failed to sync virtual disk data source blank: get volume and access modes: storage profile \&#34;sds-local-storage\&#34; not found: storage profile not found&#34;,&#xA;  &#34;controller&#34;: &#34;vd-controller&#34;,&#xA;  &#34;handler&#34;: &#34;&#34;,&#xA;  &#34;ds&#34;: &#34;&#34;,&#xA;  &#34;collector&#34;: &#34;&#34;,&#xA;  &#34;name&#34;: &#34;head-45bdb83d-vd-blank-not-existing-vmclass-with-changing&#34;,&#xA;  &#34;namespace&#34;: &#34;head-45bdb83d-end-to-end-sizing-policy&#34;,&#xA;  &#34;reconcileID&#34;: &#34;36551206-ff82-48e6-865b-1fc21d841113&#34;,&#xA;  &#34;time&#34;: &#34;2025-10-09T06:20:16Z&#34;&#xA;}�[0m&#xA;�[31m�[1m&#xA;this is the `Virtualization-controller` error! not the current `Ginkgo` context error:&#xA;�[0m�[31m{&#xA;  &#34;level&#34;: &#34;error&#34;,&#xA;  &#34;msg&#34;: &#34;Reconciler error&#34;,&#xA;  &#34;err&#34;: &#34;failed to sync virtual disk data source blank: get volume and access modes: storage profile \&#34;sds-local-storage\&#34; not found: storage profile not found&#34;,&#xA;  &#34;controller&#34;: &#34;vd-controller&#34;,&#xA;  &#34;handler&#34;: &#34;&#34;,&#xA;  &#34;ds&#34;: &#34;&#34;,&#xA;  &#34;collector&#34;: &#34;&#34;,&#xA;  &#34;name&#34;: &#34;head-45bdb83d-vd-blank-not-existing-vmclass-with-changing&#34;,&#xA;  &#34;namespace&#34;: &#34;head-45bdb83d-end-to-end-sizing-policy&#34;,&#xA;  &#34;reconcileID&#34;: &#34;36551206-ff82-48e6-865b-1fc21d841113&#34;,&#xA;  &#34;time&#34;: &#34;2025-10-09T06:20:16Z&#34;&#xA;}�[0m&#xA;�[31m�[1m&#xA;this is the `Virtualization-controller` error! not the current `Ginkgo` context error:&#xA;�[0m�[31m{&#xA;  &#34;level&#34;: &#34;error&#34;,&#xA;  &#34;msg&#34;: &#34;The handler failed with an error&#34;,&#xA;  &#34;err&#34;: &#34;failed to sync virtual disk data source blank: get volume and access modes: storage profile \&#34;sds-local-storage\&#34; not found: storage profile not found&#34;,&#xA;  &#34;controller&#34;: &#34;vd-controller&#34;,&#xA;  &#34;handler&#34;: &#34;LifeCycleHandler&#34;,&#xA;  &#34;ds&#34;: &#34;&#34;,&#xA;  &#34;collector&#34;: &#34;&#34;,&#xA;  &#34;name&#34;: &#34;head-45bdb83d-vd-blank-not-existing-vmclass-with-creating&#34;,&#xA;  &#34;namespace&#34;: &#34;head-45bdb83d-end-to-end-sizing-policy&#34;,&#xA;  &#34;reconcileID&#34;: &#34;110429e5-c649-4b66-925e-464d6ba4de0d&#34;,&#xA;  &#34;time&#34;: &#34;2025-10-09T06:20:16Z&#34;&#xA;}�[0m&#xA;�[31m�[1m&#xA;this is the `Virtualization-controller` error! not the current `Ginkgo` context error:&#xA;�[0m�[31m{&#xA;  &#34;level&#34;: &#34;error&#34;,&#xA;  &#34;msg&#34;: &#34;Error occurred during reconciliation&#34;,&#xA;  &#34;err&#34;: &#34;failed to sync virtual disk data source blank: get volume and access modes: storage profile \&#34;sds-local-storage\&#34; not found: storage profile not found&#34;,&#xA;  &#34;controller&#34;: &#34;vd-controller&#34;,&#xA;  &#34;handler&#34;: &#34;&#34;,&#xA;  &#34;ds&#34;: &#34;&#34;,&#xA;  &#34;collector&#34;: &#34;&#34;,&#xA;  &#34;name&#34;: &#34;head-45bdb83d-vd-blank-not-existing-vmclass-with-creating&#34;,&#xA;  &#34;namespace&#34;: &#34;head-45bdb83d-end-to-end-sizing-policy&#34;,&#xA;  &#34;reconcileID&#34;: &#34;110429e5-c649-4b66-925e-464d6ba4de0d&#34;,&#xA;  &#34;time&#34;: &#34;2025-10-09T06:20:16Z&#34;&#xA;}�[0m&#xA;�[31m�[1m&#xA;this is the `Virtualization-controller` error! not the current `Ginkgo` context error:&#xA;�[0m�[31m{&#xA;  &#34;level&#34;: &#34;error&#34;,&#xA;  &#34;msg&#34;: &#34;Reconciler error&#34;,&#xA;  &#34;err&#34;: &#34;failed to sync virtual disk data source blank: get volume and access modes: storage profile \&#34;sds-local-storage\&#34; not found: storage profile not found&#34;,&#xA;  &#34;controller&#34;: &#34;vd-controller&#34;,&#xA;  &#34;handler&#34;: &#34;&#34;,&#xA;  &#34;ds&#34;: &#34;&#34;,&#xA;  &#34;collector&#34;: &#34;&#34;,&#xA;  &#34;name&#34;: &#34;head-45bdb83d-vd-blank-not-existing-vmclass-with-creating&#34;,&#xA;  &#34;namespace&#34;: &#34;head-45bdb83d-end-to-end-sizing-policy&#34;,&#xA;  &#34;reconcileID&#34;: &#34;110429e5-c649-4b66-925e-464d6ba4de0d&#34;,&#xA;  &#34;time&#34;: &#34;2025-10-09T06:20:16Z&#34;&#xA;}�[0m&#xA;�[31m�[1m&#xA;this is the `Virtualization-controller` error! not the current `Ginkgo` context error:&#xA;�[0m�[31m{&#xA;  &#34;level&#34;: &#34;error&#34;,&#xA;  &#34;msg&#34;: &#34;The handler failed with an error&#34;,&#xA;  &#34;err&#34;: &#34;failed to sync virtual disk data source blank: get volume and access modes: storage profile \&#34;sds-local-storage\&#34; not found: storage profile not found&#34;,&#xA;  &#34;controller&#34;: &#34;vd-controller&#34;,&#xA;  &#34;handler&#34;: &#34;LifeCycleHandler&#34;,&#xA;  &#34;ds&#34;: &#34;&#34;,&#xA;  &#34;collector&#34;: &#34;&#34;,&#xA;  &#34;name&#34;: &#34;head-45bdb83d-vd-blank-not-existing-vmclass-with-creating&#34;,&#xA;  &#34;namespace&#34;: &#34;head-45bdb83d-end-to-end-sizing-policy&#34;,&#xA;  &#34;reconcileID&#34;: &#34;da7abd21-12c1-4fb9-88a0-f849ecead2ba&#34;,&#xA;  &#34;time&#34;: &#34;2025-10-09T06:20:17Z&#34;&#xA;}�[0m&#xA;�[31m�[1m&#xA;this is the `Virtualization-controller` error! not the current `Ginkgo` context error:&#xA;�[0m�[31m{&#xA;  &#34;level&#34;: &#34;error&#34;,&#xA;  &#34;msg&#34;: &#34;Error occurred during reconciliation&#34;,&#xA;  &#34;err&#34;: &#34;failed to sync virtual disk data source blank: get volume and access modes: storage profile \&#34;sds-local-storage\&#34; not found: storage profile not found&#34;,&#xA;  &#34;controller&#34;: &#34;vd-controller&#34;,&#xA;  &#34;handler&#34;: &#34;&#34;,&#xA;  &#34;ds&#34;: &#34;&#34;,&#xA;  &#34;collector&#34;: &#34;&#34;,&#xA;  &#34;name&#34;: &#34;head-45bdb83d-vd-blank-not-existing-vmclass-with-creating&#34;,&#xA;  &#34;namespace&#34;: &#34;head-45bdb83d-end-to-end-sizing-policy&#34;,&#xA;  &#34;reconcileID&#34;: &#34;da7abd21-12c1-4fb9-88a0-f849ecead2ba&#34;,&#xA;  &#34;time&#34;: &#34;2025-10-09T06:20:17Z&#34;&#xA;}�[0m&#xA;�[31m�[1m&#xA;this is the `Virtualization-controller` error! not the current `Ginkgo` context error:&#xA;�[0m�[31m{&#xA;  &#34;level&#34;: &#34;error&#34;,&#xA;  &#34;msg&#34;: &#34;Reconciler error&#34;,&#xA;  &#34;err&#34;: &#34;failed to sync virtual disk data source blank: get volume and access modes: storage profile \&#34;sds-local-storage\&#34; not found: storage profile not found&#34;,&#xA;  &#34;controller&#34;: &#34;vd-controller&#34;,&#xA;  &#34;handler&#34;: &#34;&#34;,&#xA;  &#34;ds&#34;: &#34;&#34;,&#xA;  &#34;collector&#34;: &#34;&#34;,&#xA;  &#34;name&#34;: &#34;head-45bdb83d-vd-blank-not-existing-vmclass-with-creating&#34;,&#xA;  &#34;namespace&#34;: &#34;head-45bdb83d-end-to-end-sizing-policy&#34;,&#xA;  &#34;reconcileID&#34;: &#34;da7abd21-12c1-4fb9-88a0-f849ecead2ba&#34;,&#xA;  &#34;time&#34;: &#34;2025-10-09T06:20:17Z&#34;&#xA;}�[0m&#xA;�[31m�[1m&#xA;this is the `Virtualization-controller` error! not the current `Ginkgo` context error:&#xA;�[0m�[31m{&#xA;  &#34;level&#34;: &#34;error&#34;,&#xA;  &#34;msg&#34;: &#34;The handler failed with an error&#34;,&#xA;  &#34;err&#34;: &#34;failed to sync virtual disk data source blank: get volume and access modes: storage profile \&#34;sds-local-storage\&#34; not found: storage profile not found&#34;,&#xA;  &#34;controller&#34;: &#34;vd-controller&#34;,&#xA;  &#34;handler&#34;: &#34;LifeCycleHandler&#34;,&#xA;  &#34;ds&#34;: &#34;&#34;,&#xA;  &#34;collector&#34;: &#34;&#34;,&#xA;  &#34;name&#34;: &#34;head-45bdb83d-vd-blank-existing-vmclass&#34;,&#xA;  &#34;namespace&#34;: &#34;head-45bdb83d-end-to-end-sizing-policy&#34;,&#xA;  &#34;reconcileID&#34;: &#34;9ef100b3-54d1-4903-b8da-ad588e6cb9f4&#34;,&#xA;  &#34;time&#34;: &#34;2025-10-09T06:20:17Z&#34;&#xA;}�[0m&#xA;�[31m�[1m&#xA;this is the `Virtualization-controller` error! not the current `Ginkgo` context error:&#xA;�[0m�[31m{&#xA;  &#34;level&#34;: &#34;error&#34;,&#xA;  &#34;msg&#34;: &#34;Error occurred during reconciliation&#34;,&#xA;  &#34;err&#34;: &#34;failed to sync virtual disk data source blank: get volume and access modes: storage profile \&#34;sds-local-storage\&#34; not found: storage profile not found&#34;,&#xA;  &#34;controller&#34;: &#34;vd-controller&#34;,&#xA;  &#34;handler&#34;: &#34;&#34;,&#xA;  &#34;ds&#34;: &#34;&#34;,&#xA;  &#34;collector&#34;: &#34;&#34;,&#xA;  &#34;name&#34;: &#34;head-45bdb83d-vd-blank-existing-vmclass&#34;,&#xA;  &#34;namespace&#34;: &#34;head-45bdb83d-end-to-end-sizing-policy&#34;,&#xA;  &#34;reconcileID&#34;: &#34;9ef100b3-54d1-4903-b8da-ad588e6cb9f4&#34;,&#xA;  &#34;time&#34;: &#34;2025-10-09T06:20:17Z&#34;&#xA;}�[0m&#xA;�[31m�[1m&#xA;this is the `Virtualization-controller` error! not the current `Ginkgo` context error:&#xA;�[0m�[31m{&#xA;  &#34;level&#34;: &#34;error&#34;,&#xA;  &#34;msg&#34;: &#34;Reconciler error&#34;,&#xA;  &#34;err&#34;: &#34;failed to sync virtual disk data source blank: get volume and access modes: storage profile \&#34;sds-local-storage\&#34; not found: storage profile not found&#34;,&#xA;  &#34;controller&#34;: &#34;vd-controller&#34;,&#xA;  &#34;handler&#34;: &#34;&#34;,&#xA;  &#34;ds&#34;: &#34;&#34;,&#xA;  &#34;collector&#34;: &#34;&#34;,&#xA;  &#34;name&#34;: &#34;head-45bdb83d-vd-blank-existing-vmclass&#34;,&#xA;  &#34;namespace&#34;: &#34;head-45bdb83d-end-to-end-sizing-policy&#34;,&#xA;  &#34;reconcileID&#34;: &#34;9ef100b3-54d1-4903-b8da-ad588e6cb9f4&#34;,&#xA;  &#34;time&#34;: &#34;2025-10-09T06:20:17Z&#34;&#xA;}�[0m&#xA;�[31m�[1m&#xA;this is the `Virtualization-controller` error! not the current `Ginkgo` context error:&#xA;�[0m�[31m{&#xA;  &#34;level&#34;: &#34;error&#34;,&#xA;  &#34;msg&#34;: &#34;The handler failed with an error&#34;,&#xA;  &#34;err&#34;: &#34;failed to sync virtual disk data source blank: get volume and access modes: storage profile \&#34;sds-local-storage\&#34; not found: storage profile not found&#34;,&#xA;  &#34;controller&#34;: &#34;vd-controller&#34;,&#xA;  &#34;handler&#34;: &#34;LifeCycleHandler&#34;,&#xA;  &#34;ds&#34;: &#34;&#34;,&#xA;  &#34;collector&#34;: &#34;&#34;,&#xA;  &#34;name&#34;: &#34;head-45bdb83d-vd-blank-not-existing-vmclass-with-changing&#34;,&#xA;  &#34;namespace&#34;: &#34;head-45bdb83d-end-to-end-sizing-policy&#34;,&#xA;  &#34;reconcileID&#34;: &#34;d3c3ccab-ef12-427f-82cf-337dbd13a85e&#34;,&#xA;  &#34;time&#34;: &#34;2025-10-09T06:20:17Z&#34;&#xA;}�[0m&#xA;�[31m�[1m&#xA;this is the `Virtualization-controller` error! not the current `Ginkgo` context error:&#xA;�[0m�[31m{&#xA;  &#34;level&#34;: &#34;error&#34;,&#xA;  &#34;msg&#34;: &#34;Error occurred during reconciliation&#34;,&#xA;  &#34;err&#34;: &#34;failed to sync virtual disk data source blank: get volume and access modes: storage profile \&#34;sds-local-storage\&#34; not found: storage profile not found&#34;,&#xA;  &#34;controller&#34;: &#34;vd-controller&#34;,&#xA;  &#34;handler&#34;: &#34;&#34;,&#xA;  &#34;ds&#34;: &#34;&#34;,&#xA;  &#34;collector&#34;: &#34;&#34;,&#xA;  &#34;name&#34;: &#34;head-45bdb83d-vd-blank-not-existing-vmclass-with-changing&#34;,&#xA;  &#34;namespace&#34;: &#34;head-45bdb83d-end-to-end-sizing-policy&#34;,&#xA;  &#34;reconcileID&#34;: &#34;d3c3ccab-ef12-427f-82cf-337dbd13a85e&#34;,&#xA;  &#34;time&#34;: &#34;2025-10-09T06:20:17Z&#34;&#xA;}�[0m&#xA;�[31m�[1m&#xA;this is the `Virtualization-controller` error! not the current `Ginkgo` context error:&#xA;�[0m�[31m{&#xA;  &#34;level&#34;: &#34;error&#34;,&#xA;  &#34;msg&#34;: &#34;Reconciler error&#34;,&#xA;  &#34;err&#34;: &#34;failed to sync virtual disk data source blank: get volume and access modes: storage profile \&#34;sds-local-storage\&#34; not found: storage profile not found&#34;,&#xA;  &#34;controller&#34;: &#34;vd-controller&#34;,&#xA;  &#34;handler&#34;: &#34;&#34;,&#xA;  &#34;ds&#34;: &#34;&#34;,&#xA;  &#34;collector&#34;: &#34;&#34;,&#xA;  &#34;name&#34;: &#34;head-45bdb83d-vd-blank-not-existing-vmclass-with-changing&#34;,&#xA;  &#34;namespace&#34;: &#34;head-45bdb83d-end-to-end-sizing-policy&#34;,&#xA;  &#34;reconcileID&#34;: &#34;d3c3ccab-ef12-427f-82cf-337dbd13a85e&#34;,&#xA;  &#34;time&#34;: &#34;2025-10-09T06:20:17Z&#34;&#xA;}�[0m&#xA;�[31m�[1m&#xA;this is the `Virtualization-controller` error! not the current `Ginkgo` context error:&#xA;�[0m�[31m{&#xA;  &#34;level&#34;: &#34;error&#34;,&#xA;  &#34;msg&#34;: &#34;The handler failed with an error&#34;,&#xA;  &#34;err&#34;: &#34;failed to sync virtual disk data source blank: get volume and access modes: storage profile \&#34;sds-local-storage\&#34; not found: storage profile not found&#34;,&#xA;  &#34;controller&#34;: &#34;vd-controller&#34;,&#xA;  &#34;handler&#34;: &#34;LifeCycleHandler&#34;,&#xA;  &#34;ds&#34;: &#34;&#34;,&#xA;  &#34;collector&#34;: &#34;&#34;,&#xA;  &#34;name&#34;: &#34;head-45bdb83d-vd-blank-not-existing-vmclass-with-creating&#34;,&#xA;  &#34;namespace&#34;: &#34;head-45bdb83d-end-to-end-sizing-policy&#34;,&#xA;  &#34;reconcileID&#34;: &#34;746eb8a5-9afc-4e54-a263-c5938330001f&#34;,&#xA;  &#34;time&#34;: &#34;2025-10-09T06:20:17Z&#34;&#xA;}�[0m&#xA;�[31m�[1m&#xA;this is the `Virtualization-controller` error! not the current `Ginkgo` context error:&#xA;�[0m�[31m{&#xA;  &#34;level&#34;: &#34;error&#34;,&#xA;  &#34;msg&#34;: &#34;Error occurred during reconciliation&#34;,&#xA;  &#34;err&#34;: &#34;failed to sync virtual disk data source blank: get volume and access modes: storage profile \&#34;sds-local-storage\&#34; not found: storage profile not found&#34;,&#xA;  &#34;controller&#34;: &#34;vd-controller&#34;,&#xA;  &#34;handler&#34;: &#34;&#34;,&#xA;  &#34;ds&#34;: &#34;&#34;,&#xA;  &#34;collector&#34;: &#34;&#34;,&#xA;  &#34;name&#34;: &#34;head-45bdb83d-vd-blank-not-existing-vmclass-with-creating&#34;,&#xA;  &#34;namespace&#34;: &#34;head-45bdb83d-end-to-end-sizing-policy&#34;,&#xA;  &#34;reconcileID&#34;: &#34;746eb8a5-9afc-4e54-a263-c5938330001f&#34;,&#xA;  &#34;time&#34;: &#34;2025-10-09T06:20:17Z&#34;&#xA;}�[0m&#xA;�[31m�[1m&#xA;this is the `Virtualization-controller` error! not the current `Ginkgo` context error:&#xA;�[0m�[31m{&#xA;  &#34;level&#34;: &#34;error&#34;,&#xA;  &#34;msg&#34;: &#34;Reconciler error&#34;,&#xA;  &#34;err&#34;: &#34;failed to sync virtual disk data source blank: get volume and access modes: storage profile \&#34;sds-local-storage\&#34; not found: storage profile not found&#34;,&#xA;  &#34;controller&#34;: &#34;vd-controller&#34;,&#xA;  &#34;handler&#34;: &#34;&#34;,&#xA;  &#34;ds&#34;: &#34;&#34;,&#xA;  &#34;collector&#34;: &#34;&#34;,&#xA;  &#34;name&#34;: &#34;head-45bdb83d-vd-blank-not-existing-vmclass-with-creating&#34;,&#xA;  &#34;namespace&#34;: &#34;head-45bdb83d-end-to-end-sizing-policy&#34;,&#xA;  &#34;reconcileID&#34;: &#34;746eb8a5-9afc-4e54-a263-c5938330001f&#34;,&#xA;  &#34;time&#34;: &#34;2025-10-09T06:20:17Z&#34;&#xA;}�[0m&#xA;�[31m�[1m&#xA;this is the `Virtualization-controller` error! not the current `Ginkgo` context error:&#xA;�[0m�[31m{&#xA;  &#34;level&#34;: &#34;error&#34;,&#xA;  &#34;msg&#34;: &#34;The handler failed with an error&#34;,&#xA;  &#34;err&#34;: &#34;failed to sync virtual disk data source blank: get volume and access modes: storage profile \&#34;sds-local-storage\&#34; not found: storage profile not found&#34;,&#xA;  &#34;controller&#34;: &#34;vd-controller&#34;,&#xA;  &#34;handler&#34;: &#34;LifeCycleHandler&#34;,&#xA;  &#34;ds&#34;: &#34;&#34;,&#xA;  &#34;collector&#34;: &#34;&#34;,&#xA;  &#34;name&#34;: &#34;head-45bdb83d-vd-blank-existing-vmclass&#34;,&#xA;  &#34;namespace&#34;: &#34;head-45bdb83d-end-to-end-sizing-policy&#34;,&#xA;  &#34;reconcileID&#34;: &#34;7d075fe2-fbdd-4f52-8d08-0a6993da4c6e&#34;,&#xA;  &#34;time&#34;: &#34;2025-10-09T06:20:18Z&#34;&#xA;}�[0m&#xA;�[31m�[1m&#xA;this is the `Virtualization-controller` error! not the current `Ginkgo` context error:&#xA;�[0m�[31m{&#xA;  &#34;level&#34;: &#34;error&#34;,&#xA;  &#34;msg&#34;: &#34;Error occurred during reconciliation&#34;,&#xA;  &#34;err&#34;: &#34;failed to sync virtual disk data source blank: get volume and access modes: storage profile \&#34;sds-local-storage\&#34; not found: storage profile not found&#34;,&#xA;  &#34;controller&#34;: &#34;vd-controller&#34;,&#xA;  &#34;handler&#34;: &#34;&#34;,&#xA;  &#34;ds&#34;: &#34;&#34;,&#xA;  &#34;collector&#34;: &#34;&#34;,&#xA;  &#34;name&#34;: &#34;head-45bdb83d-vd-blank-existing-vmclass&#34;,&#xA;  &#34;namespace&#34;: &#34;head-45bdb83d-end-to-end-sizing-policy&#34;,&#xA;  &#34;reconcileID&#34;: &#34;7d075fe2-fbdd-4f52-8d08-0a6993da4c6e&#34;,&#xA;  &#34;time&#34;: &#34;2025-10-09T06:20:18Z&#34;&#xA;}�[0m&#xA;�[31m�[1m&#xA;this is the `Virtualization-controller` error! not the current `Ginkgo` context error:&#xA;�[0m�[31m{&#xA;  &#34;level&#34;: &#34;error&#34;,&#xA;  &#34;msg&#34;: &#34;Reconciler error&#34;,&#xA;  &#34;err&#34;: &#34;failed to sync virtual disk data source blank: get volume and access modes: storage profile \&#34;sds-local-storage\&#34; not found: storage profile not found&#34;,&#xA;  &#34;controller&#34;: &#34;vd-controller&#34;,&#xA;  &#34;handler&#34;: &#34;&#34;,&#xA;  &#34;ds&#34;: &#34;&#34;,&#xA;  &#34;collector&#34;: &#34;&#34;,&#xA;  &#34;name&#34;: &#34;head-45bdb83d-vd-blank-existing-vmclass&#34;,&#xA;  &#34;namespace&#34;: &#34;head-45bdb83d-end-to-end-sizing-policy&#34;,&#xA;  &#34;reconcileID&#34;: &#34;7d075fe2-fbdd-4f52-8d08-0a6993da4c6e&#34;,&#xA;  &#34;time&#34;: &#34;2025-10-09T06:20:18Z&#34;&#xA;}�[0m&#xA;�[31m�[1m&#xA;this is the `Virtualization-controller` error! not the current `Ginkgo` context error:&#xA;�[0m�[31m{&#xA;  &#34;level&#34;: &#34;error&#34;,&#xA;  &#34;msg&#34;: &#34;The handler failed with an error&#34;,&#xA;  &#34;err&#34;: &#34;failed to sync virtual disk data source blank: get volume and access modes: storage profile \&#34;sds-local-storage\&#34; not found: storage profile not found&#34;,&#xA;  &#34;controller&#34;: &#34;vd-controller&#34;,&#xA;  &#34;handler&#34;: &#34;LifeCycleHandler&#34;,&#xA;  &#34;ds&#34;: &#34;&#34;,&#xA;  &#34;collector&#34;: &#34;&#34;,&#xA;  &#34;name&#34;: &#34;head-45bdb83d-vd-blank-existing-vmclass&#34;,&#xA;  &#34;namespace&#34;: &#34;head-45bdb83d-end-to-end-sizing-policy&#34;,&#xA;  &#34;reconcileID&#34;: &#34;029064b7-b3ff-4e2c-a903-fcc5f791a94f&#34;,&#xA;  &#34;time&#34;: &#34;2025-10-09T06:20:18Z&#34;&#xA;}�[0m&#xA;�[31m�[1m&#xA;this is the `Virtualization-controller` error! not the current `Ginkgo` context error:&#xA;�[0m�[31m{&#xA;  &#34;level&#34;: &#34;error&#34;,&#xA;  &#34;msg&#34;: &#34;Error occurred during reconciliation&#34;,&#xA;  &#34;err&#34;: &#34;failed to sync virtual disk data source blank: get volume and access modes: storage profile \&#34;sds-local-storage\&#34; not found: storage profile not found&#34;,&#xA;  &#34;controller&#34;: &#34;vd-controller&#34;,&#xA;  &#34;handler&#34;: &#34;&#34;,&#xA;  &#34;ds&#34;: &#34;&#34;,&#xA;  &#34;collector&#34;: &#34;&#34;,&#xA;  &#34;name&#34;: &#34;head-45bdb83d-vd-blank-existing-vmclass&#34;,&#xA;  &#34;namespace&#34;: &#34;head-45bdb83d-end-to-end-sizing-policy&#34;,&#xA;  &#34;reconcileID&#34;: &#34;029064b7-b3ff-4e2c-a903-fcc5f791a94f&#34;,&#xA;  &#34;time&#34;: &#34;2025-10-09T06:20:18Z&#34;&#xA;}�[0m&#xA;�[31m�[1m&#xA;this is the `Virtualization-controller` error! not the current `Ginkgo` context error:&#xA;�[0m�[31m{&#xA;  &#34;level&#34;: &#34;error&#34;,&#xA;  &#34;msg&#34;: &#34;Reconciler error&#34;,&#xA;  &#34;err&#34;: &#34;failed to sync virtual disk data source blank: get volume and access modes: storage profile \&#34;sds-local-storage\&#34; not found: storage profile not found&#34;,&#xA;  &#34;controller&#34;: &#34;vd-controller&#34;,&#xA;  &#34;handler&#34;: &#34;&#34;,&#xA;  &#34;ds&#34;: &#34;&#34;,&#xA;  &#34;collector&#34;: &#34;&#34;,&#xA;  &#34;name&#34;: &#34;head-45bdb83d-vd-blank-existing-vmclass&#34;,&#xA;  &#34;namespace&#34;: &#34;head-45bdb83d-end-to-end-sizing-policy&#34;,&#xA;  &#34;reconcileID&#34;: &#34;029064b7-b3ff-4e2c-a903-fcc5f791a94f&#34;,&#xA;  &#34;time&#34;: &#34;2025-10-09T06:20:18Z&#34;&#xA;}�[0m&#xA;�[31m�[1m&#xA;this is the `Virtualization-controller` error! not the current `Ginkgo` context error:&#xA;�[0m�[31m{&#xA;  &#34;level&#34;: &#34;error&#34;,&#xA;  &#34;msg&#34;: &#34;The handler failed with an error&#34;,&#xA;  &#34;err&#34;: &#34;failed to sync virtual disk data source blank: get volume and access modes: storage profile \&#34;sds-local-storage\&#34; not found: storage profile not found&#34;,&#xA;  &#34;controller&#34;: &#34;vd-controller&#34;,&#xA;  &#34;handler&#34;: &#34;LifeCycleHandler&#34;,&#xA;  &#34;ds&#34;: &#34;&#34;,&#xA;  &#34;collector&#34;: &#34;&#34;,&#xA;  &#34;name&#34;: &#34;head-45bdb83d-vd-blank-existing-vmclass&#34;,&#xA;  &#34;namespace&#34;: &#34;head-45bdb83d-end-to-end-sizing-policy&#34;,&#xA;  &#34;reconcileID&#34;: &#34;3388c4ab-aaf3-4391-91ab-f7ee5bdfa0c0&#34;,&#xA;  &#34;time&#34;: &#34;2025-10-09T06:20:18Z&#34;&#xA;}�[0m&#xA;�[31m�[1m&#xA;this is the `Virtualization-controller` error! not the current `Ginkgo` context error:&#xA;�[0m�[31m{&#xA;  &#34;level&#34;: &#34;error&#34;,&#xA;  &#34;msg&#34;: &#34;Error occurred during reconciliation&#34;,&#xA;  &#34;err&#34;: &#34;failed to sync virtual disk data source blank: get volume and access modes: storage profile \&#34;sds-local-storage\&#34; not found: storage profile not found&#34;,&#xA;  &#34;controller&#34;: &#34;vd-controller&#34;,&#xA;  &#34;handler&#34;: &#34;&#34;,&#xA;  &#34;ds&#34;: &#34;&#34;,&#xA;  &#34;collector&#34;: &#34;&#34;,&#xA;  &#34;name&#34;: &#34;head-45bdb83d-vd-blank-existing-vmclass&#34;,&#xA;  &#34;namespace&#34;: &#34;head-45bdb83d-end-to-end-sizing-policy&#34;,&#xA;  &#34;reconcileID&#34;: &#34;3388c4ab-aaf3-4391-91ab-f7ee5bdfa0c0&#34;,&#xA;  &#34;time&#34;: &#34;2025-10-09T06:20:18Z&#34;&#xA;}�[0m&#xA;�[31m�[1m&#xA;this is the `Virtualization-controller` error! not the current `Ginkgo` context error:&#xA;�[0m�[31m{&#xA;  &#34;level&#34;: &#34;error&#34;,&#xA;  &#34;msg&#34;: &#34;Reconciler error&#34;,&#xA;  &#34;err&#34;: &#34;failed to sync virtual disk data source blank: get volume and access modes: storage profile \&#34;sds-local-storage\&#34; not found: storage profile not found&#34;,&#xA;  &#34;controller&#34;: &#34;vd-controller&#34;,&#xA;  &#34;handler&#34;: &#34;&#34;,&#xA;  &#34;ds&#34;: &#34;&#34;,&#xA;  &#34;collector&#34;: &#34;&#34;,&#xA;  &#34;name&#34;: &#34;head-45bdb83d-vd-blank-existing-vmclass&#34;,&#xA;  &#34;namespace&#34;: &#34;head-45bdb83d-end-to-end-sizing-policy&#34;,&#xA;  &#34;reconcileID&#34;: &#34;3388c4ab-aaf3-4391-91ab-f7ee5bdfa0c0&#34;,&#xA;  &#34;time&#34;: &#34;2025-10-09T06:20:18Z&#34;&#xA;}�[0m&#xA;�[31m�[1m&#xA;this is the `Virtualization-controller` error! not the current `Ginkgo` context error:&#xA;�[0m�[31m{&#xA;  &#34;level&#34;: &#34;error&#34;,&#xA;  &#34;msg&#34;: &#34;The handler failed with an error&#34;,&#xA;  &#34;err&#34;: &#34;failed to sync virtual disk data source blank: get volume and access modes: storage profile \&#34;sds-local-storage\&#34; not found: storage profile not found&#34;,&#xA;  &#34;controller&#34;: &#34;vd-controller&#34;,&#xA;  &#34;handler&#34;: &#34;LifeCycleHandler&#34;,&#xA;  &#34;ds&#34;: &#34;&#34;,&#xA;  &#34;collector&#34;: &#34;&#34;,&#xA;  &#34;name&#34;: &#34;head-45bdb83d-vd-blank-existing-vmclass&#34;,&#xA;  &#34;namespace&#34;: &#34;head-45bdb83d-end-to-end-sizing-policy&#34;,&#xA;  &#34;reconcileID&#34;: &#34;4a81d209-2120-4701-8c24-05fd46d7de1d&#34;,&#xA;  &#34;time&#34;: &#34;2025-10-09T06:20:18Z&#34;&#xA;}�[0m&#xA;�[31m�[1m&#xA;this is the `Virtualization-controller` error! not the current `Ginkgo` context error:&#xA;�[0m�[31m{&#xA;  &#34;level&#34;: &#34;error&#34;,&#xA;  &#34;msg&#34;: &#34;Error occurred during reconciliation&#34;,&#xA;  &#34;err&#34;: &#34;failed to sync virtual disk data source blank: get volume and access modes: storage profile \&#34;sds-local-storage\&#34; not found: storage profile not found&#34;,&#xA;  &#34;controller&#34;: &#34;vd-controller&#34;,&#xA;  &#34;handler&#34;: &#34;&#34;,&#xA;  &#34;ds&#34;: &#34;&#34;,&#xA;  &#34;collector&#34;: &#34;&#34;,&#xA;  &#34;name&#34;: &#34;head-45bdb83d-vd-blank-existing-vmclass&#34;,&#xA;  &#34;namespace&#34;: &#34;head-45bdb83d-end-to-end-sizing-policy&#34;,&#xA;  &#34;reconcileID&#34;: &#34;4a81d209-2120-4701-8c24-05fd46d7de1d&#34;,&#xA;  &#34;time&#34;: &#34;2025-10-09T06:20:18Z&#34;&#xA;}�[0m&#xA;�[31m�[1m&#xA;this is the `Virtualization-controller` error! not the current `Ginkgo` context error:&#xA;�[0m�[31m{&#xA;  &#34;level&#34;: &#34;error&#34;,&#xA;  &#34;msg&#34;: &#34;Reconciler error&#34;,&#xA;  &#34;err&#34;: &#34;failed to sync virtual disk data source blank: get volume and access modes: storage profile \&#34;sds-local-storage\&#34; not found: storage profile not found&#34;,&#xA;  &#34;controller&#34;: &#34;vd-controller&#34;,&#xA;  &#34;handler&#34;: &#34;&#34;,&#xA;  &#34;ds&#34;: &#34;&#34;,&#xA;  &#34;collector&#34;: &#34;&#34;,&#xA;  &#34;name&#34;: &#34;head-45bdb83d-vd-blank-existing-vmclass&#34;,&#xA;  &#34;namespace&#34;: &#34;head-45bdb83d-end-to-end-sizing-policy&#34;,&#xA;  &#34;reconcileID&#34;: &#34;4a81d209-2120-4701-8c24-05fd46d7de1d&#34;,&#xA;  &#34;time&#34;: &#34;2025-10-09T06:20:18Z&#34;&#xA;}�[0m&#xA;�[31m�[1m&#xA;this is the `Virtualization-controller` error! not the current `Ginkgo` context error:&#xA;�[0m�[31m{&#xA;  &#34;level&#34;: &#34;error&#34;,&#xA;  &#34;msg&#34;: &#34;The handler failed with an error&#34;,&#xA;  &#34;err&#34;: &#34;failed to sync virtual disk data source blank: get volume and access modes: storage profile \&#34;sds-local-storage\&#34; not found: storage profile not found&#34;,&#xA;  &#34;controller&#34;: &#34;vd-controller&#34;,&#xA;  &#34;handler&#34;: &#34;LifeCycleHandler&#34;,&#xA;  &#34;ds&#34;: &#34;&#34;,&#xA;  &#34;collector&#34;: &#34;&#34;,&#xA;  &#34;name&#34;: &#34;head-45bdb83d-vd-blank-existing-vmclass&#34;,&#xA;  &#34;namespace&#34;: &#34;head-45bdb83d-end-to-end-sizing-policy&#34;,&#xA;  &#34;reconcileID&#34;: &#34;a03f3b74-7945-42f6-9f53-f6fba50672b1&#34;,&#xA;  &#34;time&#34;: &#34;2025-10-09T06:20:18Z&#34;&#xA;}�[0m&#xA;�[31m�[1m&#xA;this is the `Virtualization-controller` error! not the current `Ginkgo` context error:&#xA;�[0m�[31m{&#xA;  &#34;level&#34;: &#34;error&#34;,&#xA;  &#34;msg&#34;: &#34;Error occurred during reconciliation&#34;,&#xA;  &#34;err&#34;: &#34;failed to sync virtual disk data source blank: get volume and access modes: storage profile \&#34;sds-local-storage\&#34; not found: storage profile not found&#34;,&#xA;  &#34;controller&#34;: &#34;vd-controller&#34;,&#xA;  &#34;handler&#34;: &#34;&#34;,&#xA;  &#34;ds&#34;: &#34;&#34;,&#xA;  &#34;collector&#34;: &#34;&#34;,&#xA;  &#34;name&#34;: &#34;head-45bdb83d-vd-blank-existing-vmclass&#34;,&#xA;  &#34;namespace&#34;: &#34;head-45bdb83d-end-to-end-sizing-policy&#34;,&#xA;  &#34;reconcileID&#34;: &#34;a03f3b74-7945-42f6-9f53-f6fba50672b1&#34;,&#xA;  &#34;time&#34;: &#34;2025-10-09T06:20:18Z&#34;&#xA;}�[0m&#xA;�[31m�[1m&#xA;this is the `Virtualization-controller` error! not the current `Ginkgo` context error:&#xA;�[0m�[31m{&#xA;  &#34;level&#34;: &#34;error&#34;,&#xA;  &#34;msg&#34;: &#34;Reconciler error&#34;,&#xA;  &#34;err&#34;: &#34;failed to sync virtual disk data source blank: get volume and access modes: storage profile \&#34;sds-local-storage\&#34; not found: storage profile not found&#34;,&#xA;  &#34;controller&#34;: &#34;vd-controller&#34;,&#xA;  &#34;handler&#34;: &#34;&#34;,&#xA;  &#34;ds&#34;: &#34;&#34;,&#xA;  &#34;collector&#34;: &#34;&#34;,&#xA;  &#34;name&#34;: &#34;head-45bdb83d-vd-blank-existing-vmclass&#34;,&#xA;  &#34;namespace&#34;: &#34;head-45bdb83d-end-to-end-sizing-policy&#34;,&#xA;  &#34;reconcileID&#34;: &#34;a03f3b74-7945-42f6-9f53-f6fba50672b1&#34;,&#xA;  &#34;time&#34;: &#34;2025-10-09T06:20:18Z&#34;&#xA;}�[0m&#xA;�[31m�[1m&#xA;this is the `Virtualization-controller` error! not the current `Ginkgo` context error:&#xA;�[0m�[31m{&#xA;  &#34;level&#34;: &#34;error&#34;,&#xA;  &#34;msg&#34;: &#34;The handler failed with an error&#34;,&#xA;  &#34;err&#34;: &#34;failed to sync virtual disk data source blank: get volume and access modes: storage profile \&#34;sds-local-storage\&#34; not found: storage profile not found&#34;,&#xA;  &#34;controller&#34;: &#34;vd-controller&#34;,&#xA;  &#34;handler&#34;: &#34;LifeCycleHandler&#34;,&#xA;  &#34;ds&#34;: &#34;&#34;,&#xA;  &#34;collector&#34;: &#34;&#34;,&#xA;  &#34;name&#34;: &#34;head-45bdb83d-vd-blank-not-existing-vmclass-with-changing&#34;,&#xA;  &#34;namespace&#34;: &#34;head-45bdb83d-end-to-end-sizing-policy&#34;,&#xA;  &#34;reconcileID&#34;: &#34;2a44366f-d1b0-411c-960a-2494b5bf6b0e&#34;,&#xA;  &#34;time&#34;: &#34;2025-10-09T06:20:18Z&#34;&#xA;}�[0m&#xA;�[31m�[1m&#xA;this is the `Virtualization-controller` error! not the current `Ginkgo` context error:&#xA;�[0m�[31m{&#xA;  &#34;level&#34;: &#34;error&#34;,&#xA;  &#34;msg&#34;: &#34;Error occurred during reconciliation&#34;,&#xA;  &#34;err&#34;: &#34;failed to sync virtual disk data source blank: get volume and access modes: storage profile \&#34;sds-local-storage\&#34; not found: storage profile not found&#34;,&#xA;  &#34;controller&#34;: &#34;vd-controller&#34;,&#xA;  &#34;handler&#34;: &#34;&#34;,&#xA;  &#34;ds&#34;: &#34;&#34;,&#xA;  &#34;collector&#34;: &#34;&#34;,&#xA;  &#34;name&#34;: &#34;head-45bdb83d-vd-blank-not-existing-vmclass-with-changing&#34;,&#xA;  &#34;namespace&#34;: &#34;head-45bdb83d-end-to-end-sizing-policy&#34;,&#xA;  &#34;reconcileID&#34;: &#34;2a44366f-d1b0-411c-960a-2494b5bf6b0e&#34;,&#xA;  &#34;time&#34;: &#34;2025-10-09T06:20:18Z&#34;&#xA;}�[0m&#xA;�[31m�[1m&#xA;this is the `Virtualization-controller` error! not the current `Ginkgo` context error:&#xA;�[0m�[31m{&#xA;  &#34;level&#34;: &#34;error&#34;,&#xA;  &#34;msg&#34;: &#34;Reconciler error&#34;,&#xA;  &#34;err&#34;: &#34;failed to sync virtual disk data source blank: get volume and access modes: storage profile \&#34;sds-local-storage\&#34; not found: storage profile not found&#34;,&#xA;  &#34;controller&#34;: &#34;vd-controller&#34;,&#xA;  &#34;handler&#34;: &#34;&#34;,&#xA;  &#34;ds&#34;: &#34;&#34;,&#xA;  &#34;collector&#34;: &#34;&#34;,&#xA;  &#34;name&#34;: &#34;head-45bdb83d-vd-blank-not-existing-vmclass-with-changing&#34;,&#xA;  &#34;namespace&#34;: &#34;head-45bdb83d-end-to-end-sizing-policy&#34;,&#xA;  &#34;reconcileID&#34;: &#34;2a44366f-d1b0-411c-960a-2494b5bf6b0e&#34;,&#xA;  &#34;time&#34;: &#34;2025-10-09T06:20:18Z&#34;&#xA;}�[0m&#xA;�[31m�[1m&#xA;this is the `Virtualization-controller` error! not the current `Ginkgo` context error:&#xA;�[0m�[31m{&#xA;  &#34;level&#34;: &#34;error&#34;,&#xA;  &#34;msg&#34;: &#34;The handler failed with an error&#34;,&#xA;  &#34;err&#34;: &#34;failed to sync virtual disk data source blank: get volume and access modes: storage profile \&#34;sds-local-storage\&#34; not found: storage profile not found&#34;,&#xA;  &#34;controller&#34;: &#34;vd-controller&#34;,&#xA;  &#34;handler&#34;: &#34;LifeCycleHandler&#34;,&#xA;  &#34;ds&#34;: &#34;&#34;,&#xA;  &#34;collector&#34;: &#34;&#34;,&#xA;  &#34;name&#34;: &#34;head-45bdb83d-vd-blank-not-existing-vmclass-with-creating&#34;,&#xA;  &#34;namespace&#34;: &#34;head-45bdb83d-end-to-end-sizing-policy&#34;,&#xA;  &#34;reconcileID&#34;: &#34;ded2fd16-0f0a-4bf4-bb53-ff5970a21430&#34;,&#xA;  &#34;time&#34;: &#34;2025-10-09T06:20:18Z&#34;&#xA;}�[0m&#xA;�[31m�[1m&#xA;this is the `Virtualization-controller` error! not the current `Ginkgo` context error:&#xA;�[0m�[31m{&#xA;  &#34;level&#34;: &#34;error&#34;,&#xA;  &#34;msg&#34;: &#34;Error occurred during reconciliation&#34;,&#xA;  &#34;err&#34;: &#34;failed to sync virtual disk data source blank: get volume and access modes: storage profile \&#34;sds-local-storage\&#34; not found: storage profile not found&#34;,&#xA;  &#34;controller&#34;: &#34;vd-controller&#34;,&#xA;  &#34;handler&#34;: &#34;&#34;,&#xA;  &#34;ds&#34;: &#34;&#34;,&#xA;  &#34;collector&#34;: &#34;&#34;,&#xA;  &#34;name&#34;: &#34;head-45bdb83d-vd-blank-not-existing-vmclass-with-creating&#34;,&#xA;  &#34;namespace&#34;: &#34;head-45bdb83d-end-to-end-sizing-policy&#34;,&#xA;  &#34;reconcileID&#34;: &#34;ded2fd16-0f0a-4bf4-bb53-ff5970a21430&#34;,&#xA;  &#34;time&#34;: &#34;2025-10-09T06:20:18Z&#34;&#xA;}�[0m&#xA;�[31m�[1m&#xA;this is the `Virtualization-controller` error! not the current `Ginkgo` context error:&#xA;�[0m�[31m{&#xA;  &#34;level&#34;: &#34;error&#34;,&#xA;  &#34;msg&#34;: &#34;Reconciler error&#34;,&#xA;  &#34;err&#34;: &#34;failed to sync virtual disk data source blank: get volume and access modes: storage profile \&#34;sds-local-storage\&#34; not found: storage profile not found&#34;,&#xA;  &#34;controller&#34;: &#34;vd-controller&#34;,&#xA;  &#34;handler&#34;: &#34;&#34;,&#xA;  &#34;ds&#34;: &#34;&#34;,&#xA;  &#34;collector&#34;: &#34;&#34;,&#xA;  &#34;name&#34;: &#34;head-45bdb83d-vd-blank-not-existing-vmclass-with-creating&#34;,&#xA;  &#34;namespace&#34;: &#34;head-45bdb83d-end-to-end-sizing-policy&#34;,&#xA;  &#34;reconcileID&#34;: &#34;ded2fd16-0f0a-4bf4-bb53-ff5970a21430&#34;,&#xA;  &#34;time&#34;: &#34;2025-10-09T06:20:18Z&#34;&#xA;}�[0m&#xA;�[31m�[1m&#xA;this is the `Virtualization-controller` error! not the current `Ginkgo` context error:&#xA;�[0m�[31m{&#xA;  &#34;level&#34;: &#34;error&#34;,&#xA;  &#34;msg&#34;: &#34;The handler failed with an error&#34;,&#xA;  &#34;err&#34;: &#34;failed to sync virtual disk data source blank: get volume and access modes: storage profile \&#34;sds-local-storage\&#34; not found: storage profile not found&#34;,&#xA;  &#34;controller&#34;: &#34;vd-controller&#34;,&#xA;  &#34;handler&#34;: &#34;LifeCycleHandler&#34;,&#xA;  &#34;ds&#34;: &#34;&#34;,&#xA;  &#34;collector&#34;: &#34;&#34;,&#xA;  &#34;name&#34;: &#34;head-45bdb83d-vd-blank-existing-vmclass&#34;,&#xA;  &#34;namespace&#34;: &#34;head-45bdb83d-end-to-end-sizing-policy&#34;,&#xA;  &#34;reconcileID&#34;: &#34;f0e159b0-396a-461f-b431-9fdd07742ae1&#34;,&#xA;  &#34;time&#34;: &#34;2025-10-09T06:20:18Z&#34;&#xA;}�[0m&#xA;�[31m�[1m&#xA;this is the `Virtualization-controller` error! not the current `Ginkgo` context error:&#xA;�[0m�[31m{&#xA;  &#34;level&#34;: &#34;error&#34;,&#xA;  &#34;msg&#34;: &#34;Error occurred during reconciliation&#34;,&#xA;  &#34;err&#34;: &#34;failed to sync virtual disk data source blank: get volume and access modes: storage profile \&#34;sds-local-storage\&#34; not found: storage profile not found&#34;,&#xA;  &#34;controller&#34;: &#34;vd-controller&#34;,&#xA;  &#34;handler&#34;: &#34;&#34;,&#xA;  &#34;ds&#34;: &#34;&#34;,&#xA;  &#34;collector&#34;: &#34;&#34;,&#xA;  &#34;name&#34;: &#34;head-45bdb83d-vd-blank-existing-vmclass&#34;,&#xA;  &#34;namespace&#34;: &#34;head-45bdb83d-end-to-end-sizing-policy&#34;,&#xA;  &#34;reconcileID&#34;: &#34;f0e159b0-396a-461f-b431-9fdd07742ae1&#34;,&#xA;  &#34;time&#34;: &#34;2025-10-09T06:20:18Z&#34;&#xA;}�[0m&#xA;�[31m�[1m&#xA;this is the `Virtualization-controller` error! not the current `Ginkgo` context error:&#xA;�[0m�[31m{&#xA;  &#34;level&#34;: &#34;error&#34;,&#xA;  &#34;msg&#34;: &#34;Reconciler error&#34;,&#xA;  &#34;err&#34;: &#34;failed to sync virtual disk data source blank: get volume and access modes: storage profile \&#34;sds-local-storage\&#34; not found: storage profile not found&#34;,&#xA;  &#34;controller&#34;: &#34;vd-controller&#34;,&#xA;  &#34;handler&#34;: &#34;&#34;,&#xA;  &#34;ds&#34;: &#34;&#34;,&#xA;  &#34;collector&#34;: &#34;&#34;,&#xA;  &#34;name&#34;: &#34;head-45bdb83d-vd-blank-existing-vmclass&#34;,&#xA;  &#34;namespace&#34;: &#34;head-45bdb83d-end-to-end-sizing-policy&#34;,&#xA;  &#34;reconcileID&#34;: &#34;f0e159b0-396a-461f-b431-9fdd07742ae1&#34;,&#xA;  &#34;time&#34;: &#34;2025-10-09T06:20:18Z&#34;&#xA;}�[0m&#xA;�[31m�[1m&#xA;this is the `Virtualization-controller` error! not the current `Ginkgo` context error:&#xA;�[0m�[31m{&#xA;  &#34;level&#34;: &#34;error&#34;,&#xA;  &#34;msg&#34;: &#34;The handler failed with an error&#34;,&#xA;  &#34;err&#34;: &#34;failed to sync virtual disk data source blank: get volume and access modes: storage profile \&#34;sds-local-storage\&#34; not found: storage profile not found&#34;,&#xA;  &#34;controller&#34;: &#34;vd-controller&#34;,&#xA;  &#34;handler&#34;: &#34;LifeCycleHandler&#34;,&#xA;  &#34;ds&#34;: &#34;&#34;,&#xA;  &#34;collector&#34;: &#34;&#34;,&#xA;  &#34;name&#34;: &#34;head-45bdb83d-vd-blank-not-existing-vmclass-with-changing&#34;,&#xA;  &#34;namespace&#34;: &#34;head-45bdb83d-end-to-end-sizing-policy&#34;,&#xA;  &#34;reconcileID&#34;: &#34;33c82a6a-6ae4-49cb-a92d-e604fd2327f4&#34;,&#xA;  &#34;time&#34;: &#34;2025-10-09T06:20:19Z&#34;&#xA;}�[0m&#xA;�[31m�[1m&#xA;this is the `Virtualization-controller` error! not the current `Ginkgo` context error:&#xA;�[0m�[31m{&#xA;  &#34;level&#34;: &#34;error&#34;,&#xA;  &#34;msg&#34;: &#34;Error occurred during reconciliation&#34;,&#xA;  &#34;err&#34;: &#34;failed to sync virtual disk data source blank: get volume and access modes: storage profile \&#34;sds-local-storage\&#34; not found: storage profile not found&#34;,&#xA;  &#34;controller&#34;: &#34;vd-controller&#34;,&#xA;  &#34;handler&#34;: &#34;&#34;,&#xA;  &#34;ds&#34;: &#34;&#34;,&#xA;  &#34;collector&#34;: &#34;&#34;,&#xA;  &#34;name&#34;: &#34;head-45bdb83d-vd-blank-not-existing-vmclass-with-changing&#34;,&#xA;  &#34;namespace&#34;: &#34;head-45bdb83d-end-to-end-sizing-policy&#34;,&#xA;  &#34;reconcileID&#34;: &#34;33c82a6a-6ae4-49cb-a92d-e604fd2327f4&#34;,&#xA;  &#34;time&#34;: &#34;2025-10-09T06:20:19Z&#34;&#xA;}�[0m&#xA;�[31m�[1m&#xA;this is the `Virtualization-controller` error! not the current `Ginkgo` context error:&#xA;�[0m�[31m{&#xA;  &#34;level&#34;: &#34;error&#34;,&#xA;  &#34;msg&#34;: &#34;Reconciler error&#34;,&#xA;  &#34;err&#34;: &#34;failed to sync virtual disk data source blank: get volume and access modes: storage profile \&#34;sds-local-storage\&#34; not found: storage profile not found&#34;,&#xA;  &#34;controller&#34;: &#34;vd-controller&#34;,&#xA;  &#34;handler&#34;: &#34;&#34;,&#xA;  &#34;ds&#34;: &#34;&#34;,&#xA;  &#34;collector&#34;: &#34;&#34;,&#xA;  &#34;name&#34;: &#34;head-45bdb83d-vd-blank-not-existing-vmclass-with-changing&#34;,&#xA;  &#34;namespace&#34;: &#34;head-45bdb83d-end-to-end-sizing-policy&#34;,&#xA;  &#34;reconcileID&#34;: &#34;33c82a6a-6ae4-49cb-a92d-e604fd2327f4&#34;,&#xA;  &#34;time&#34;: &#34;2025-10-09T06:20:19Z&#34;&#xA;}�[0m&#xA;�[31m�[1m&#xA;this is the `Virtualization-controller` error! not the current `Ginkgo` context error:&#xA;�[0m�[31m{&#xA;  &#34;level&#34;: &#34;error&#34;,&#xA;  &#34;msg&#34;: &#34;The handler failed with an error&#34;,&#xA;  &#34;err&#34;: &#34;failed to sync virtual disk data source blank: get volume and access modes: storage profile \&#34;sds-local-storage\&#34; not found: storage profile not found&#34;,&#xA;  &#34;controller&#34;: &#34;vd-controller&#34;,&#xA;  &#34;handler&#34;: &#34;LifeCycleHandler&#34;,&#xA;  &#34;ds&#34;: &#34;&#34;,&#xA;  &#34;collector&#34;: &#34;&#34;,&#xA;  &#34;name&#34;: &#34;head-45bdb83d-vd-blank-not-existing-vmclass-with-changing&#34;,&#xA;  &#34;namespace&#34;: &#34;head-45bdb83d-end-to-end-sizing-policy&#34;,&#xA;  &#34;reconcileID&#34;: &#34;b8f6d354-5a84-4955-bdc9-8a614d6ddb2e&#34;,&#xA;  &#34;time&#34;: &#34;2025-10-09T06:20:19Z&#34;&#xA;}�[0m&#xA;�[31m�[1m&#xA;this is the `Virtualization-controller` error! not the current `Ginkgo` context error:&#xA;�[0m�[31m{&#xA;  &#34;level&#34;: &#34;error&#34;,&#xA;  &#34;msg&#34;: &#34;Error occurred during reconciliation&#34;,&#xA;  &#34;err&#34;: &#34;failed to sync virtual disk data source blank: get volume and access modes: storage profile \&#34;sds-local-storage\&#34; not found: storage profile not found&#34;,&#xA;  &#34;controller&#34;: &#34;vd-controller&#34;,&#xA;  &#34;handler&#34;: &#34;&#34;,&#xA;  &#34;ds&#34;: &#34;&#34;,&#xA;  &#34;collector&#34;: &#34;&#34;,&#xA;  &#34;name&#34;: &#34;head-45bdb83d-vd-blank-not-existing-vmclass-with-changing&#34;,&#xA;  &#34;namespace&#34;: &#34;head-45bdb83d-end-to-end-sizing-policy&#34;,&#xA;  &#34;reconcileID&#34;: &#34;b8f6d354-5a84-4955-bdc9-8a614d6ddb2e&#34;,&#xA;  &#34;time&#34;: &#34;2025-10-09T06:20:19Z&#34;&#xA;}�[0m&#xA;�[31m�[1m&#xA;this is the `Virtualization-controller` error! not the current `Ginkgo` context error:&#xA;�[0m�[31m{&#xA;  &#34;level&#34;: &#34;error&#34;,&#xA;  &#34;msg&#34;: &#34;Reconciler error&#34;,&#xA;  &#34;err&#34;: &#34;failed to sync virtual disk data source blank: get volume and access modes: storage profile \&#34;sds-local-storage\&#34; not found: storage profile not found&#34;,&#xA;  &#34;controller&#34;: &#34;vd-controller&#34;,&#xA;  &#34;handler&#34;: &#34;&#34;,&#xA;  &#34;ds&#34;: &#34;&#34;,&#xA;  &#34;collector&#34;: &#34;&#34;,&#xA;  &#34;name&#34;: &#34;head-45bdb83d-vd-blank-not-existing-vmclass-with-changing&#34;,&#xA;  &#34;namespace&#34;: &#34;head-45bdb83d-end-to-end-sizing-policy&#34;,&#xA;  &#34;reconcileID&#34;: &#34;b8f6d354-5a84-4955-bdc9-8a614d6ddb2e&#34;,&#xA;  &#34;time&#34;: &#34;2025-10-09T06:20:19Z&#34;&#xA;}�[0m&#xA;�[31m�[1m&#xA;this is the `Virtualization-controller` error! not the current `Ginkgo` context error:&#xA;�[0m�[31m{&#xA;  &#34;level&#34;: &#34;error&#34;,&#xA;  &#34;msg&#34;: &#34;The handler failed with an error&#34;,&#xA;  &#34;err&#34;: &#34;failed to sync virtual disk data source blank: get volume and access modes: storage profile \&#34;sds-local-storage\&#34; not found: storage profile not found&#34;,&#xA;  &#34;controller&#34;: &#34;vd-controller&#34;,&#xA;  &#34;handler&#34;: &#34;LifeCycleHandler&#34;,&#xA;  &#34;ds&#34;: &#34;&#34;,&#xA;  &#34;collector&#34;: &#34;&#34;,&#xA;  &#34;name&#34;: &#34;head-45bdb83d-vd-blank-not-existing-vmclass-with-changing&#34;,&#xA;  &#34;namespace&#34;: &#34;head-45bdb83d-end-to-end-sizing-policy&#34;,&#xA;  &#34;reconcileID&#34;: &#34;27169726-3f33-41ea-aab1-56739827feef&#34;,&#xA;  &#34;time&#34;: &#34;2025-10-09T06:20:19Z&#34;&#xA;}�[0m&#xA;�[31m�[1m&#xA;this is the `Virtualization-controller` error! not the current `Ginkgo` context error:&#xA;�[0m�[31m{&#xA;  &#34;level&#34;: &#34;error&#34;,&#xA;  &#34;msg&#34;: &#34;Error occurred during reconciliation&#34;,&#xA;  &#34;err&#34;: &#34;failed to sync virtual disk data source blank: get volume and access modes: storage profile \&#34;sds-local-storage\&#34; not found: storage profile not found&#34;,&#xA;  &#34;controller&#34;: &#34;vd-controller&#34;,&#xA;  &#34;handler&#34;: &#34;&#34;,&#xA;  &#34;ds&#34;: &#34;&#34;,&#xA;  &#34;collector&#34;: &#34;&#34;,&#xA;  &#34;name&#34;: &#34;head-45bdb83d-vd-blank-not-existing-vmclass-with-changing&#34;,&#xA;  &#34;namespace&#34;: &#34;head-45bdb83d-end-to-end-sizing-policy&#34;,&#xA;  &#34;reconcileID&#34;: &#34;27169726-3f33-41ea-aab1-56739827feef&#34;,&#xA;  &#34;time&#34;: &#34;2025-10-09T06:20:19Z&#34;&#xA;}�[0m&#xA;�[31m�[1m&#xA;this is the `Virtualization-controller` error! not the current `Ginkgo` context error:&#xA;�[0m�[31m{&#xA;  &#34;level&#34;: &#34;error&#34;,&#xA;  &#34;msg&#34;: &#34;Reconciler error&#34;,&#xA;  &#34;err&#34;: &#34;failed to sync virtual disk data source blank: get volume and access modes: storage profile \&#34;sds-local-storage\&#34; not found: storage profile not found&#34;,&#xA;  &#34;controller&#34;: &#34;vd-controller&#34;,&#xA;  &#34;handler&#34;: &#34;&#34;,&#xA;  &#34;ds&#34;: &#34;&#34;,&#xA;  &#34;collector&#34;: &#34;&#34;,&#xA;  &#34;name&#34;: &#34;head-45bdb83d-vd-blank-not-existing-vmclass-with-changing&#34;,&#xA;  &#34;namespace&#34;: &#34;head-45bdb83d-end-to-end-sizing-policy&#34;,&#xA;  &#34;reconcileID&#34;: &#34;27169726-3f33-41ea-aab1-56739827feef&#34;,&#xA;  &#34;time&#34;: &#34;2025-10-09T06:20:19Z&#34;&#xA;}�[0m&#xA;�[31m�[1m&#xA;this is the `Virtualization-controller` error! not the current `Ginkgo` context error:&#xA;�[0m�[31m{&#xA;  &#34;level&#34;: &#34;error&#34;,&#xA;  &#34;msg&#34;: &#34;The handler failed with an error&#34;,&#xA;  &#34;err&#34;: &#34;failed to sync virtual disk data source blank: get volume and access modes: storage profile \&#34;sds-local-storage\&#34; not found: storage profile not found&#34;,&#xA;  &#34;controller&#34;: &#34;vd-controller&#34;,&#xA;  &#34;handler&#34;: &#34;LifeCycleHandler&#34;,&#xA;  &#34;ds&#34;: &#34;&#34;,&#xA;  &#34;collector&#34;: &#34;&#34;,&#xA;  &#34;name&#34;: &#34;head-45bdb83d-vd-blank-existing-vmclass&#34;,&#xA;  &#34;namespace&#34;: &#34;head-45bdb83d-end-to-end-sizing-policy&#34;,&#xA;  &#34;reconcileID&#34;: &#34;01b8a99d-f226-4dad-a055-c2b3eb89bd4f&#34;,&#xA;  &#34;time&#34;: &#34;2025-10-09T06:20:19Z&#34;&#xA;}�[0m&#xA;�[31m�[1m&#xA;this is the `Virtualization-controller` error! not the current `Ginkgo` context error:&#xA;�[0m�[31m{&#xA;  &#34;level&#34;: &#34;error&#34;,&#xA;  &#34;msg&#34;: &#34;Error occurred during reconciliation&#34;,&#xA;  &#34;err&#34;: &#34;failed to sync virtual disk data source blank: get volume and access modes: storage profile \&#34;sds-local-storage\&#34; not found: storage profile not found&#34;,&#xA;  &#34;controller&#34;: &#34;vd-controller&#34;,&#xA;  &#34;handler&#34;: &#34;&#34;,&#xA;  &#34;ds&#34;: &#34;&#34;,&#xA;  &#34;collector&#34;: &#34;&#34;,&#xA;  &#34;name&#34;: &#34;head-45bdb83d-vd-blank-existing-vmclass&#34;,&#xA;  &#34;namespace&#34;: &#34;head-45bdb83d-end-to-end-sizing-policy&#34;,&#xA;  &#34;reconcileID&#34;: &#34;01b8a99d-f226-4dad-a055-c2b3eb89bd4f&#34;,&#xA;  &#34;time&#34;: &#34;2025-10-09T06:20:19Z&#34;&#xA;}�[0m&#xA;�[31m�[1m&#xA;this is the `Virtualization-controller` error! not the current `Ginkgo` context error:&#xA;�[0m�[31m{&#xA;  &#34;level&#34;: &#34;error&#34;,&#xA;  &#34;msg&#34;: &#34;Reconciler error&#34;,&#xA;  &#34;err&#34;: &#34;failed to sync virtual disk data source blank: get volume and access modes: storage profile \&#34;sds-local-storage\&#34; not found: storage profile not found&#34;,&#xA;  &#34;controller&#34;: &#34;vd-controller&#34;,&#xA;  &#34;handler&#34;: &#34;&#34;,&#xA;  &#34;ds&#34;: &#34;&#34;,&#xA;  &#34;collector&#34;: &#34;&#34;,&#xA;  &#34;name&#34;: &#34;head-45bdb83d-vd-blank-existing-vmclass&#34;,&#xA;  &#34;namespace&#34;: &#34;head-45bdb83d-end-to-end-sizing-policy&#34;,&#xA;  &#34;reconcileID&#34;: &#34;01b8a99d-f226-4dad-a055-c2b3eb89bd4f&#34;,&#xA;  &#34;time&#34;: &#34;2025-10-09T06:20:19Z&#34;&#xA;}�[0m&#xA;�[31m�[1m&#xA;this is the `Virtualization-controller` error! not the current `Ginkgo` context error:&#xA;�[0m�[31m{&#xA;  &#34;level&#34;: &#34;error&#34;,&#xA;  &#34;msg&#34;: &#34;The handler failed with an error&#34;,&#xA;  &#34;err&#34;: &#34;failed to sync virtual disk data source blank: get volume and access modes: storage profile \&#34;sds-local-storage\&#34; not found: storage profile not found&#34;,&#xA;  &#34;controller&#34;: &#34;vd-controller&#34;,&#xA;  &#34;handler&#34;: &#34;LifeCycleHandler&#34;,&#xA;  &#34;ds&#34;: &#34;&#34;,&#xA;  &#34;collector&#34;: &#34;&#34;,&#xA;  &#34;name&#34;: &#34;head-45bdb83d-vd-blank-existing-vmclass&#34;,&#xA;  &#34;namespace&#34;: &#34;head-45bdb83d-end-to-end-sizing-policy&#34;,&#xA;  &#34;reconcileID&#34;: &#34;96ddb7c1-d40f-45ea-82b7-06dcd0936c88&#34;,&#xA;  &#34;time&#34;: &#34;2025-10-09T06:20:19Z&#34;&#xA;}�[0m&#xA;�[31m�[1m&#xA;this is the `Virtualization-controller` error! not the current `Ginkgo` context error:&#xA;�[0m�[31m{&#xA;  &#34;level&#34;: &#34;error&#34;,&#xA;  &#34;msg&#34;: &#34;Error occurred during reconciliation&#34;,&#xA;  &#34;err&#34;: &#34;failed to sync virtual disk data source blank: get volume and access modes: storage profile \&#34;sds-local-storage\&#34; not found: storage profile not found&#34;,&#xA;  &#34;controller&#34;: &#34;vd-controller&#34;,&#xA;  &#34;handler&#34;: &#34;&#34;,&#xA;  &#34;ds&#34;: &#34;&#34;,&#xA;  &#34;collector&#34;: &#34;&#34;,&#xA;  &#34;name&#34;: &#34;head-45bdb83d-vd-blank-existing-vmclass&#34;,&#xA;  &#34;namespace&#34;: &#34;head-45bdb83d-end-to-end-sizing-policy&#34;,&#xA;  &#34;reconcileID&#34;: &#34;96ddb7c1-d40f-45ea-82b7-06dcd0936c88&#34;,&#xA;  &#34;time&#34;: &#34;2025-10-09T06:20:19Z&#34;&#xA;}�[0m&#xA;�[31m�[1m&#xA;this is the `Virtualization-controller` error! not the current `Ginkgo` context error:&#xA;�[0m�[31m{&#xA;  &#34;level&#34;: &#34;error&#34;,&#xA;  &#34;msg&#34;: &#34;Reconciler error&#34;,&#xA;  &#34;err&#34;: &#34;failed to sync virtual disk data source blank: get volume and access modes: storage profile \&#34;sds-local-storage\&#34; not found: storage profile not found&#34;,&#xA;  &#34;controller&#34;: &#34;vd-controller&#34;,&#xA;  &#34;handler&#34;: &#34;&#34;,&#xA;  &#34;ds&#34;: &#34;&#34;,&#xA;  &#34;collector&#34;: &#34;&#34;,&#xA;  &#34;name&#34;: &#34;head-45bdb83d-vd-blank-existing-vmclass&#34;,&#xA;  &#34;namespace&#34;: &#34;head-45bdb83d-end-to-end-sizing-policy&#34;,&#xA;  &#34;reconcileID&#34;: &#34;96ddb7c1-d40f-45ea-82b7-06dcd0936c88&#34;,&#xA;  &#34;time&#34;: &#34;2025-10-09T06:20:19Z&#34;&#xA;}�[0m&#xA;�[31m�[1m&#xA;this is the `Virtualization-controller` error! not the current `Ginkgo` context error:&#xA;�[0m�[31m{&#xA;  &#34;level&#34;: &#34;error&#34;,&#xA;  &#34;msg&#34;: &#34;The handler failed with an error&#34;,&#xA;  &#34;err&#34;: &#34;failed to sync virtual disk data source blank: get volume and access modes: storage profile \&#34;sds-local-storage\&#34; not found: storage profile not found&#34;,&#xA;  &#34;controller&#34;: &#34;vd-controller&#34;,&#xA;  &#34;handler&#34;: &#34;LifeCycleHandler&#34;,&#xA;  &#34;ds&#34;: &#34;&#34;,&#xA;  &#34;collector&#34;: &#34;&#34;,&#xA;  &#34;name&#34;: &#34;head-45bdb83d-vd-blank-existing-vmclass&#34;,&#xA;  &#34;namespace&#34;: &#34;head-45bdb83d-end-to-end-sizing-policy&#34;,&#xA;  &#34;reconcileID&#34;: &#34;adf286b8-2ce7-4e1d-8bfa-1cccd470ed34&#34;,&#xA;  &#34;time&#34;: &#34;2025-10-09T06:20:19Z&#34;&#xA;}�[0m&#xA;�[31m�[1m&#xA;this is the `Virtualization-controller` error! not the current `Ginkgo` context error:&#xA;�[0m�[31m{&#xA;  &#34;level&#34;: &#34;error&#34;,&#xA;  &#34;msg&#34;: &#34;Error occurred during reconciliation&#34;,&#xA;  &#34;err&#34;: &#34;failed to sync virtual disk data source blank: get volume and access modes: storage profile \&#34;sds-local-storage\&#34; not found: storage profile not found&#34;,&#xA;  &#34;controller&#34;: &#34;vd-controller&#34;,&#xA;  &#34;handler&#34;: &#34;&#34;,&#xA;  &#34;ds&#34;: &#34;&#34;,&#xA;  &#34;collector&#34;: &#34;&#34;,&#xA;  &#34;name&#34;: &#34;head-45bdb83d-vd-blank-existing-vmclass&#34;,&#xA;  &#34;namespace&#34;: &#34;head-45bdb83d-end-to-end-sizing-policy&#34;,&#xA;  &#34;reconcileID&#34;: &#34;adf286b8-2ce7-4e1d-8bfa-1cccd470ed34&#34;,&#xA;  &#34;time&#34;: &#34;2025-10-09T06:20:19Z&#34;&#xA;}�[0m&#xA;�[31m�[1m&#xA;this is the `Virtualization-controller` error! not the current `Ginkgo` context error:&#xA;�[0m�[31m{&#xA;  &#34;level&#34;: &#34;error&#34;,&#xA;  &#34;msg&#34;: &#34;Reconciler error&#34;,&#xA;  &#34;err&#34;: &#34;failed to sync virtual disk data source blank: get volume and access modes: storage profile \&#34;sds-local-storage\&#34; not found: storage profile not found&#34;,&#xA;  &#34;controller&#34;: &#34;vd-controller&#34;,&#xA;  &#34;handler&#34;: &#34;&#34;,&#xA;  &#34;ds&#34;: &#34;&#34;,&#xA;  &#34;collector&#34;: &#34;&#34;,&#xA;  &#34;name&#34;: &#34;head-45bdb83d-vd-blank-existing-vmclass&#34;,&#xA;  &#34;namespace&#34;: &#34;head-45bdb83d-end-to-end-sizing-policy&#34;,&#xA;  &#34;reconcileID&#34;: &#34;adf286b8-2ce7-4e1d-8bfa-1cccd470ed34&#34;,&#xA;  &#34;time&#34;: &#34;2025-10-09T06:20:19Z&#34;&#xA;}�[0m&#xA;�[31m�[1m&#xA;this is the `Virtualization-controller` error! not the current `Ginkgo` context error:&#xA;�[0m�[31m{&#xA;  &#34;level&#34;: &#34;error&#34;,&#xA;  &#34;msg&#34;: &#34;The handler failed with an error&#34;,&#xA;  &#34;err&#34;: &#34;failed to sync virtual disk data source blank: get volume and access modes: storage profile \&#34;sds-local-storage\&#34; not found: storage profile not found&#34;,&#xA;  &#34;controller&#34;: &#34;vd-controller&#34;,&#xA;  &#34;handler&#34;: &#34;LifeCycleHandler&#34;,&#xA;  &#34;ds&#34;: &#34;&#34;,&#xA;  &#34;collector&#34;: &#34;&#34;,&#xA;  &#34;name&#34;: &#34;head-45bdb83d-vd-blank-not-existing-vmclass-with-changing&#34;,&#xA;  &#34;namespace&#34;: &#34;head-45bdb83d-end-to-end-sizing-policy&#34;,&#xA;  &#34;reconcileID&#34;: &#34;963e4333-0c50-4b9b-beca-53021d4b18c4&#34;,&#xA;  &#34;time&#34;: &#34;2025-10-09T06:20:19Z&#34;&#xA;}�[0m&#xA;�[31m�[1m&#xA;this is the `Virtualization-controller` error! not the current `Ginkgo` context error:&#xA;�[0m�[31m{&#xA;  &#34;level&#34;: &#34;error&#34;,&#xA;  &#34;msg&#34;: &#34;Error occurred during reconciliation&#34;,&#xA;  &#34;err&#34;: &#34;failed to sync virtual disk data source blank: get volume and access modes: storage profile \&#34;sds-local-storage\&#34; not found: storage profile not found&#34;,&#xA;  &#34;controller&#34;: &#34;vd-controller&#34;,&#xA;  &#34;handler&#34;: &#34;&#34;,&#xA;  &#34;ds&#34;: &#34;&#34;,&#xA;  &#34;collector&#34;: &#34;&#34;,&#xA;  &#34;name&#34;: &#34;head-45bdb83d-vd-blank-not-existing-vmclass-with-changing&#34;,&#xA;  &#34;namespace&#34;: &#34;head-45bdb83d-end-to-end-sizing-policy&#34;,&#xA;  &#34;reconcileID&#34;: &#34;963e4333-0c50-4b9b-beca-53021d4b18c4&#34;,&#xA;  &#34;time&#34;: &#34;2025-10-09T06:20:19Z&#34;&#xA;}�[0m&#xA;�[31m�[1m&#xA;this is the `Virtualization-controller` error! not the current `Ginkgo` context error:&#xA;�[0m�[31m{&#xA;  &#34;level&#34;: &#34;error&#34;,&#xA;  &#34;msg&#34;: &#34;Reconciler error&#34;,&#xA;  &#34;err&#34;: &#34;failed to sync virtual disk data source blank: get volume and access modes: storage profile \&#34;sds-local-storage\&#34; not found: storage profile not found&#34;,&#xA;  &#34;controller&#34;: &#34;vd-controller&#34;,&#xA;  &#34;handler&#34;: &#34;&#34;,&#xA;  &#34;ds&#34;: &#34;&#34;,&#xA;  &#34;collector&#34;: &#34;&#34;,&#xA;  &#34;name&#34;: &#34;head-45bdb83d-vd-blank-not-existing-vmclass-with-changing&#34;,&#xA;  &#34;namespace&#34;: &#34;head-45bdb83d-end-to-end-sizing-policy&#34;,&#xA;  &#34;reconcileID&#34;: &#34;963e4333-0c50-4b9b-beca-53021d4b18c4&#34;,&#xA;  &#34;time&#34;: &#34;2025-10-09T06:20:19Z&#34;&#xA;}�[0m&#xA;�[31m�[1m&#xA;this is the `Virtualization-controller` error! not the current `Ginkgo` context error:&#xA;�[0m�[31m{&#xA;  &#34;level&#34;: &#34;error&#34;,&#xA;  &#34;msg&#34;: &#34;The handler failed with an error&#34;,&#xA;  &#34;err&#34;: &#34;failed to sync virtual disk data source blank: get volume and access modes: storage profile \&#34;sds-local-storage\&#34; not found: storage profile not found&#34;,&#xA;  &#34;controller&#34;: &#34;vd-controller&#34;,&#xA;  &#34;handler&#34;: &#34;LifeCycleHandler&#34;,&#xA;  &#34;ds&#34;: &#34;&#34;,&#xA;  &#34;collector&#34;: &#34;&#34;,&#xA;  &#34;name&#34;: &#34;head-45bdb83d-vd-blank-not-existing-vmclass-with-changing&#34;,&#xA;  &#34;namespace&#34;: &#34;head-45bdb83d-end-to-end-sizing-policy&#34;,&#xA;  &#34;reconcileID&#34;: &#34;5d82290a-6468-4047-859e-b3c3f1b9d00b&#34;,&#xA;  &#34;time&#34;: &#34;2025-10-09T06:20:19Z&#34;&#xA;}�[0m&#xA;�[31m�[1m&#xA;this is the `Virtualization-controller` error! not the current `Ginkgo` context error:&#xA;�[0m�[31m{&#xA;  &#34;level&#34;: &#34;error&#34;,&#xA;  &#34;msg&#34;: &#34;Error occurred during reconciliation&#34;,&#xA;  &#34;err&#34;: &#34;failed to sync virtual disk data source blank: get volume and access modes: storage profile \&#34;sds-local-storage\&#34; not found: storage profile not found&#34;,&#xA;  &#34;controller&#34;: &#34;vd-controller&#34;,&#xA;  &#34;handler&#34;: &#34;&#34;,&#xA;  &#34;ds&#34;: &#34;&#34;,&#xA;  &#34;collector&#34;: &#34;&#34;,&#xA;  &#34;name&#34;: &#34;head-45bdb83d-vd-blank-not-existing-vmclass-with-changing&#34;,&#xA;  &#34;namespace&#34;: &#34;head-45bdb83d-end-to-end-sizing-policy&#34;,&#xA;  &#34;reconcileID&#34;: &#34;5d82290a-6468-4047-859e-b3c3f1b9d00b&#34;,&#xA;  &#34;time&#34;: &#34;2025-10-09T06:20:19Z&#34;&#xA;}�[0m&#xA;�[31m�[1m&#xA;this is the `Virtualization-controller` error! not the current `Ginkgo` context error:&#xA;�[0m�[31m{&#xA;  &#34;level&#34;: &#34;error&#34;,&#xA;  &#34;msg&#34;: &#34;Reconciler error&#34;,&#xA;  &#34;err&#34;: &#34;failed to sync virtual disk data source blank: get volume and access modes: storage profile \&#34;sds-local-storage\&#34; not found: storage profile not found&#34;,&#xA;  &#34;controller&#34;: &#34;vd-controller&#34;,&#xA;  &#34;handler&#34;: &#34;&#34;,&#xA;  &#34;ds&#34;: &#34;&#34;,&#xA;  &#34;collector&#34;: &#34;&#34;,&#xA;  &#34;name&#34;: &#34;head-45bdb83d-vd-blank-not-existing-vmclass-with-changing&#34;,&#xA;  &#34;namespace&#34;: &#34;head-45bdb83d-end-to-end-sizing-policy&#34;,&#xA;  &#34;reconcileID&#34;: &#34;5d82290a-6468-4047-859e-b3c3f1b9d00b&#34;,&#xA;  &#34;time&#34;: &#34;2025-10-09T06:20:19Z&#34;&#xA;}�[0m&#xA;&lt; Exit [It] result should be succeeded - /Users/antont/ansible_deckhouse/virtualization-full/tests/e2e/sizing_policy_test.go:80 @ 10/09/25 09:20:19.38 (7.215s)&#xA;&gt; Enter [AfterEach] SizingPolicy - /Users/antont/ansible_deckhouse/virtualization-full/tests/e2e/sizing_policy_test.go:73 @ 10/09/25 09:20:19.38&#xA;&lt; Exit [AfterEach] SizingPolicy - /Users/antont/ansible_deckhouse/virtualization-full/tests/e2e/sizing_policy_test.go:73 @ 10/09/25 09:20:19.38 (0s)&#xA;</system-err>
          </testcase>
          <testcase name="[It] SizingPolicy When virtual images are applied checks VIs phases" classname="Tests" status="timedout" time="46.498329625">
              <failure message="A suite timeout occurred" type="timedout">[TIMEDOUT] A suite timeout occurred&#xA;In [It] at: /Users/antont/ansible_deckhouse/virtualization-full/tests/e2e/sizing_policy_test.go:90 @ 10/09/25 09:21:00.772&#xA;&#xA;This is the Progress Report generated when the suite timeout occurred:&#xA;  SizingPolicy When virtual images are applied checks VIs phases (Spec Runtime: 41.391s)&#xA;    /Users/antont/ansible_deckhouse/virtualization-full/tests/e2e/sizing_policy_test.go:90&#xA;    In [It] (Node Runtime: 41.391s)&#xA;      /Users/antont/ansible_deckhouse/virtualization-full/tests/e2e/sizing_policy_test.go:90&#xA;      At [By Step] VIs should be in Ready phases (Step Runtime: 41.391s)&#xA;        /Users/antont/ansible_deckhouse/virtualization-full/tests/e2e/sizing_policy_test.go:91&#xA;&#xA;      Spec Goroutine&#xA;      goroutine 56 [sync.WaitGroup.Wait]&#xA;        sync.runtime_SemacquireWaitGroup(0x104a78b30?, 0x80?)&#xA;          /opt/homebrew/Cellar/go/1.25.1/libexec/src/runtime/sema.go:114&#xA;        sync.(*WaitGroup).Wait(0x14000a84490)&#xA;          /opt/homebrew/Cellar/go/1.25.1/libexec/src/sync/waitgroup.go:206&#xA;      &gt; github.com/deckhouse/virtualization/tests/e2e.WaitResources({0x140006c4400, 0x1, 0x1064e8e70?}, {0x106204d43, 0x29}, {{0x0, 0x0, 0x0}, 0x14000553620, {0x1400048cb40, ...}, ...})&#xA;          /Users/antont/ansible_deckhouse/virtualization-full/tests/e2e/util_test.go:349&#xA;            | &#x9;&#x9;}()&#xA;            | &#x9;}&#xA;            &gt; &#x9;wg.Wait()&#xA;            | &#x9;Expect(waitErr).To(BeEmpty())&#xA;            | }&#xA;      &gt; github.com/deckhouse/virtualization/tests/e2e.WaitByLabel({0x106204d43, 0x29}, {{0x0, 0x0, 0x0}, 0x14000553620, {0x1400048cb40, 0x26}, {0x140007e4160, 0x20}, ...})&#xA;          /Users/antont/ansible_deckhouse/virtualization-full/tests/e2e/util_test.go:308&#xA;            | &#x9;&#x9;resources = strings.Split(res.StdOut(), &#34; &#34;)&#xA;            | &#x9;}&#xA;            &gt; &#x9;WaitResources(resources, resource, opts)&#xA;            | }&#xA;            | &#xA;      &gt; github.com/deckhouse/virtualization/tests/e2e.WaitPhaseByLabel({0x106204d43, 0x29}, {0x1061c1865, 0x5}, {{0x0, 0x0, 0x0}, 0x14000553620, {0x1400048cb40, 0x26}, ...})&#xA;          /Users/antont/ansible_deckhouse/virtualization-full/tests/e2e/util_test.go:290&#xA;            | &#x9;GinkgoHelper()&#xA;            | &#x9;opts.For = fmt.Sprintf(&#34;&#39;jsonpath={.status.phase}=%s&#39;&#34;, phase)&#xA;            &gt; &#x9;WaitByLabel(resource, opts)&#xA;            | }&#xA;            | &#xA;      &gt; github.com/deckhouse/virtualization/tests/e2e.init.func9.5.1()&#xA;          /Users/antont/ansible_deckhouse/virtualization-full/tests/e2e/sizing_policy_test.go:92&#xA;            | It(&#34;checks VIs phases&#34;, func() {&#xA;            | &#x9;By(fmt.Sprintf(&#34;VIs should be in %s phases&#34;, PhaseReady))&#xA;            &gt; &#x9;WaitPhaseByLabel(kc.ResourceVI, PhaseReady, kc.WaitOptions{&#xA;            | &#x9;&#x9;Labels:    testCaseLabel,&#xA;            | &#x9;&#x9;Namespace: ns,&#xA;        github.com/onsi/ginkgo/v2/internal.extractBodyFunction.func3({0x14000514180?, 0x0?})&#xA;          /Users/antont/go/pkg/mod/github.com/onsi/ginkgo/v2@v2.22.0/internal/node.go:475&#xA;        github.com/onsi/ginkgo/v2/internal.(*Suite).runNode.func3()&#xA;          /Users/antont/go/pkg/mod/github.com/onsi/ginkgo/v2@v2.22.0/internal/suite.go:894&#xA;        github.com/onsi/ginkgo/v2/internal.(*Suite).runNode in goroutine 5&#xA;          /Users/antont/go/pkg/mod/github.com/onsi/ginkgo/v2@v2.22.0/internal/suite.go:881&#xA;&#xA;      Goroutines of Interest&#xA;      goroutine 119 [sync.Cond.Wait]&#xA;        sync.runtime_notifyListWait(0x140006c27c8, 0x228)&#xA;          /opt/homebrew/Cellar/go/1.25.1/libexec/src/runtime/sema.go:606&#xA;        sync.(*Cond).Wait(0x140006c27b8)&#xA;          /opt/homebrew/Cellar/go/1.25.1/libexec/src/sync/cond.go:71&#xA;        golang.org/x/net/http2.(*pipe).Read(0x140006c27b0, {0x140009b0000, 0x1000, 0x1000})&#xA;          /Users/antont/go/pkg/mod/golang.org/x/net@v0.39.0/http2/pipe.go:76&#xA;        golang.org/x/net/http2.transportResponseBody.Read({0x1400052a150?}, {0x140009b0000?, 0x106655640?, 0x140008d4dc0?})&#xA;          /Users/antont/go/pkg/mod/golang.org/x/net@v0.39.0/http2/transport.go:2560&#xA;        bufio.(*Reader).fill(0x14000118720)&#xA;          /opt/homebrew/Cellar/go/1.25.1/libexec/src/bufio/bufio.go:113&#xA;        bufio.(*Reader).ReadByte(0x14000118720)&#xA;          /opt/homebrew/Cellar/go/1.25.1/libexec/src/bufio/bufio.go:273&#xA;        compress/flate.(*decompressor).moreBits(0x140009b2008)&#xA;          /opt/homebrew/Cellar/go/1.25.1/libexec/src/compress/flate/inflate.go:697&#xA;        compress/flate.(*decompressor).nextBlock(0x140009b2008)&#xA;          /opt/homebrew/Cellar/go/1.25.1/libexec/src/compress/flate/inflate.go:304&#xA;        compress/flate.(*decompressor).Read(0x140009b2008, {0x14000b03216, 0x9edea, 0x104bbdc74?})&#xA;          /opt/homebrew/Cellar/go/1.25.1/libexec/src/compress/flate/inflate.go:348&#xA;        compress/gzip.(*Reader).Read(0x1400027c008, {0x14000b03216, 0x9edea, 0x9edea})&#xA;          /opt/homebrew/Cellar/go/1.25.1/libexec/src/compress/gzip/gunzip.go:252&#xA;        golang.org/x/net/http2.(*gzipReader).Read(0x0?, {0x14000b03216?, 0x140008d3588?, 0x14000b02f68?})&#xA;          /Users/antont/go/pkg/mod/golang.org/x/net@v0.39.0/http2/transport.go:3151&#xA;        bufio.(*Scanner).Scan(0x14000733da0)&#xA;          /opt/homebrew/Cellar/go/1.25.1/libexec/src/bufio/scan.go:219&#xA;      &gt; github.com/deckhouse/virtualization/tests/e2e/errlogger.(*LogStreamer).Stream(0x140004bc870, {0x11461fd58, 0x140008fa090}, {0x106b79920, 0x14000075320})&#xA;          /Users/antont/ansible_deckhouse/virtualization-full/tests/e2e/errlogger/errlogger.go:78&#xA;            | num := 0&#xA;            | &#xA;            &gt; for scanner.Scan() {&#xA;            | &#x9;rawEntry := scanner.Bytes()&#xA;            | &#xA;      &gt; github.com/deckhouse/virtualization/tests/e2e.(*logStreamer).Start.func1()&#xA;          /Users/antont/ansible_deckhouse/virtualization-full/tests/e2e/e2e_test.go:248&#xA;            | defer l.wg.Done()&#xA;            | &#xA;            &gt; n, err := logStreamer.Stream(readCloser, GinkgoWriter)&#xA;            | l.mu.Lock()&#xA;            | defer l.mu.Unlock()&#xA;      &gt; github.com/deckhouse/virtualization/tests/e2e.(*logStreamer).Start in goroutine 15&#xA;          /Users/antont/ansible_deckhouse/virtualization-full/tests/e2e/e2e_test.go:245&#xA;            | &#xA;            | l.wg.Add(1)&#xA;            &gt; go func() {&#xA;            | &#x9;defer l.wg.Done()&#xA;            | &#xA;&#xA;      goroutine 141 [syscall]&#xA;        syscall.syscall6(0x100a844d0?, 0x1090a6448?, 0x108dd18a0?, 0x90?, 0x14000500808?, 0x1400021a090?, 0x14000771a68?)&#xA;          /opt/homebrew/Cellar/go/1.25.1/libexec/src/runtime/sys_darwin.go:60&#xA;        syscall.wait4(0x14000771a98?, 0x104afa6fc?, 0x90?, 0x106ae8660?)&#xA;          /opt/homebrew/Cellar/go/1.25.1/libexec/src/syscall/zsyscall_darwin_arm64.go:44&#xA;        syscall.Wait4(0x1400029c380?, 0x14000771ad4, 0x14000a844d0?, 0x1400029c310?)&#xA;          /opt/homebrew/Cellar/go/1.25.1/libexec/src/syscall/syscall_bsd.go:144&#xA;        os.(*Process).pidWait.func1(...)&#xA;          /opt/homebrew/Cellar/go/1.25.1/libexec/src/os/exec_unix.go:64&#xA;        os.ignoringEINTR2[...](...)&#xA;          /opt/homebrew/Cellar/go/1.25.1/libexec/src/os/file_posix.go:266&#xA;        os.(*Process).pidWait(0x14000994200)&#xA;          /opt/homebrew/Cellar/go/1.25.1/libexec/src/os/exec_unix.go:63&#xA;        os.(*Process).wait(0x14000f7c408?)&#xA;          /opt/homebrew/Cellar/go/1.25.1/libexec/src/os/exec_unix.go:28&#xA;        os.(*Process).Wait(...)&#xA;          /opt/homebrew/Cellar/go/1.25.1/libexec/src/os/exec.go:340&#xA;        os/exec.(*Cmd).Wait(0x14000171500)&#xA;          /opt/homebrew/Cellar/go/1.25.1/libexec/src/os/exec/exec.go:922&#xA;        os/exec.(*Cmd).Run(0x14000171500)&#xA;          /opt/homebrew/Cellar/go/1.25.1/libexec/src/os/exec/exec.go:626&#xA;      &gt; github.com/deckhouse/virtualization/tests/e2e/executor.CMDExecutor.ExecuteContext({{0x140002a3470?, 0x106b801e8?, 0x1400029c230?}}, {0x106ba0808?, 0x1400029c230?}, {0x14000064240?, 0xc231f3e830cdaae8?}, {0x106b79120, 0x14000994180}, {0x106b79120, ...})&#xA;          /Users/antont/ansible_deckhouse/virtualization-full/tests/e2e/executor/executor.go:76&#xA;            | &#x9;cmd.Stderr = stderr&#xA;            | &#x9;cmd.Stdout = stdout&#xA;            &gt; &#x9;return cmd.Run()&#xA;            | }&#xA;            | &#xA;      &gt; github.com/deckhouse/virtualization/tests/e2e/executor.CMDExecutor.ExecContext({{0x140002a3470?, 0x108087668?, 0x10805dee0?}}, {0x106ba0808, 0x1400029c230}, {0x14000064240, 0xbe})&#xA;          /Users/antont/ansible_deckhouse/virtualization-full/tests/e2e/executor/executor.go:49&#xA;            | stdout := new(Buffer)&#xA;            | stderr := new(Buffer)&#xA;            &gt; err := e.ExecuteContext(ctx, command, stdout, stderr)&#xA;            | cmdResult := &amp;CMDResult{&#xA;            | &#x9;stdOut:  stdout,&#xA;      &gt; github.com/deckhouse/virtualization/tests/e2e/kubectl.KubectlCMD.WaitResource({{0x106ba4e48?, 0x1400000fe48?}, {0x1061c4924?, 0x14000f96680?}}, {0x106204d43, 0x29}, {0x140008260c0, 0x1c}, {{0x0, 0x0, ...}, ...})&#xA;          /Users/antont/ansible_deckhouse/virtualization-full/tests/e2e/kubectl/kubectl.go:259&#xA;            | &#x9;ctx, cancel := context.WithTimeout(context.Background(), timeout)&#xA;            | &#x9;defer cancel()&#xA;            &gt; &#x9;return k.ExecContext(ctx, cmd)&#xA;            | }&#xA;            | &#xA;      &gt; github.com/deckhouse/virtualization/tests/e2e.WaitResources.func1()&#xA;          /Users/antont/ansible_deckhouse/virtualization-full/tests/e2e/util_test.go:341&#xA;            | go func() {&#xA;            | &#x9;defer wg.Done()&#xA;            &gt; &#x9;res := kubectl.WaitResource(resource, name, waitOpts)&#xA;            | &#x9;if res.Error() != nil {&#xA;            | &#x9;&#x9;mu.Lock()&#xA;      &gt; github.com/deckhouse/virtualization/tests/e2e.WaitResources in goroutine 56&#xA;          /Users/antont/ansible_deckhouse/virtualization-full/tests/e2e/util_test.go:339&#xA;            | for _, name := range resources {&#xA;            | &#x9;wg.Add(1)&#xA;            &gt; &#x9;go func() {&#xA;            | &#x9;&#x9;defer wg.Done()&#xA;            | &#x9;&#x9;res := kubectl.WaitResource(resource, name, waitOpts)&#xA;</failure>
              <system-err>&gt; Enter [BeforeEach] SizingPolicy - /Users/antont/ansible_deckhouse/virtualization-full/tests/e2e/sizing_policy_test.go:67 @ 10/09/25 09:20:19.38&#xA;&lt; Exit [BeforeEach] SizingPolicy - /Users/antont/ansible_deckhouse/virtualization-full/tests/e2e/sizing_policy_test.go:67 @ 10/09/25 09:20:19.38 (0s)&#xA;&gt; Enter [It] checks VIs phases - /Users/antont/ansible_deckhouse/virtualization-full/tests/e2e/sizing_policy_test.go:90 @ 10/09/25 09:20:19.38&#xA;STEP: VIs should be in Ready phases - /Users/antont/ansible_deckhouse/virtualization-full/tests/e2e/sizing_policy_test.go:91 @ 10/09/25 09:20:19.38&#xA;�[31m�[1m&#xA;this is the `Virtualization-controller` error! not the current `Ginkgo` context error:&#xA;�[0m�[31m{&#xA;  &#34;level&#34;: &#34;error&#34;,&#xA;  &#34;msg&#34;: &#34;The handler failed with an error&#34;,&#xA;  &#34;err&#34;: &#34;failed to sync virtual disk data source blank: get volume and access modes: storage profile \&#34;sds-local-storage\&#34; not found: storage profile not found&#34;,&#xA;  &#34;controller&#34;: &#34;vd-controller&#34;,&#xA;  &#34;handler&#34;: &#34;LifeCycleHandler&#34;,&#xA;  &#34;ds&#34;: &#34;&#34;,&#xA;  &#34;collector&#34;: &#34;&#34;,&#xA;  &#34;name&#34;: &#34;head-45bdb83d-vd-blank-not-existing-vmclass-with-changing&#34;,&#xA;  &#34;namespace&#34;: &#34;head-45bdb83d-end-to-end-sizing-policy&#34;,&#xA;  &#34;reconcileID&#34;: &#34;9648c457-58d3-4436-b86b-bc88e44d2e61&#34;,&#xA;  &#34;time&#34;: &#34;2025-10-09T06:20:19Z&#34;&#xA;}�[0m&#xA;�[31m�[1m&#xA;this is the `Virtualization-controller` error! not the current `Ginkgo` context error:&#xA;�[0m�[31m{&#xA;  &#34;level&#34;: &#34;error&#34;,&#xA;  &#34;msg&#34;: &#34;Error occurred during reconciliation&#34;,&#xA;  &#34;err&#34;: &#34;failed to sync virtual disk data source blank: get volume and access modes: storage profile \&#34;sds-local-storage\&#34; not found: storage profile not found&#34;,&#xA;  &#34;controller&#34;: &#34;vd-controller&#34;,&#xA;  &#34;handler&#34;: &#34;&#34;,&#xA;  &#34;ds&#34;: &#34;&#34;,&#xA;  &#34;collector&#34;: &#34;&#34;,&#xA;  &#34;name&#34;: &#34;head-45bdb83d-vd-blank-not-existing-vmclass-with-changing&#34;,&#xA;  &#34;namespace&#34;: &#34;head-45bdb83d-end-to-end-sizing-policy&#34;,&#xA;  &#34;reconcileID&#34;: &#34;9648c457-58d3-4436-b86b-bc88e44d2e61&#34;,&#xA;  &#34;time&#34;: &#34;2025-10-09T06:20:19Z&#34;&#xA;}�[0m&#xA;�[31m�[1m&#xA;this is the `Virtualization-controller` error! not the current `Ginkgo` context error:&#xA;�[0m�[31m{&#xA;  &#34;level&#34;: &#34;error&#34;,&#xA;  &#34;msg&#34;: &#34;Reconciler error&#34;,&#xA;  &#34;err&#34;: &#34;failed to sync virtual disk data source blank: get volume and access modes: storage profile \&#34;sds-local-storage\&#34; not found: storage profile not found&#34;,&#xA;  &#34;controller&#34;: &#34;vd-controller&#34;,&#xA;  &#34;handler&#34;: &#34;&#34;,&#xA;  &#34;ds&#34;: &#34;&#34;,&#xA;  &#34;collector&#34;: &#34;&#34;,&#xA;  &#34;name&#34;: &#34;head-45bdb83d-vd-blank-not-existing-vmclass-with-changing&#34;,&#xA;  &#34;namespace&#34;: &#34;head-45bdb83d-end-to-end-sizing-policy&#34;,&#xA;  &#34;reconcileID&#34;: &#34;9648c457-58d3-4436-b86b-bc88e44d2e61&#34;,&#xA;  &#34;time&#34;: &#34;2025-10-09T06:20:19Z&#34;&#xA;}�[0m&#xA;�[31m�[1m&#xA;this is the `Virtualization-controller` error! not the current `Ginkgo` context error:&#xA;�[0m�[31m{&#xA;  &#34;level&#34;: &#34;error&#34;,&#xA;  &#34;msg&#34;: &#34;The handler failed with an error&#34;,&#xA;  &#34;err&#34;: &#34;failed to sync virtual disk data source blank: get volume and access modes: storage profile \&#34;sds-local-storage\&#34; not found: storage profile not found&#34;,&#xA;  &#34;controller&#34;: &#34;vd-controller&#34;,&#xA;  &#34;handler&#34;: &#34;LifeCycleHandler&#34;,&#xA;  &#34;ds&#34;: &#34;&#34;,&#xA;  &#34;collector&#34;: &#34;&#34;,&#xA;  &#34;name&#34;: &#34;head-45bdb83d-vd-blank-not-existing-vmclass-with-creating&#34;,&#xA;  &#34;namespace&#34;: &#34;head-45bdb83d-end-to-end-sizing-policy&#34;,&#xA;  &#34;reconcileID&#34;: &#34;5e373c4f-127a-4250-923b-5532e20d415d&#34;,&#xA;  &#34;time&#34;: &#34;2025-10-09T06:20:19Z&#34;&#xA;}�[0m&#xA;�[31m�[1m&#xA;this is the `Virtualization-controller` error! not the current `Ginkgo` context error:&#xA;�[0m�[31m{&#xA;  &#34;level&#34;: &#34;error&#34;,&#xA;  &#34;msg&#34;: &#34;Error occurred during reconciliation&#34;,&#xA;  &#34;err&#34;: &#34;failed to sync virtual disk data source blank: get volume and access modes: storage profile \&#34;sds-local-storage\&#34; not found: storage profile not found&#34;,&#xA;  &#34;controller&#34;: &#34;vd-controller&#34;,&#xA;  &#34;handler&#34;: &#34;&#34;,&#xA;  &#34;ds&#34;: &#34;&#34;,&#xA;  &#34;collector&#34;: &#34;&#34;,&#xA;  &#34;name&#34;: &#34;head-45bdb83d-vd-blank-not-existing-vmclass-with-creating&#34;,&#xA;  &#34;namespace&#34;: &#34;head-45bdb83d-end-to-end-sizing-policy&#34;,&#xA;  &#34;reconcileID&#34;: &#34;5e373c4f-127a-4250-923b-5532e20d415d&#34;,&#xA;  &#34;time&#34;: &#34;2025-10-09T06:20:19Z&#34;&#xA;}�[0m&#xA;�[31m�[1m&#xA;this is the `Virtualization-controller` error! not the current `Ginkgo` context error:&#xA;�[0m�[31m{&#xA;  &#34;level&#34;: &#34;error&#34;,&#xA;  &#34;msg&#34;: &#34;Reconciler error&#34;,&#xA;  &#34;err&#34;: &#34;failed to sync virtual disk data source blank: get volume and access modes: storage profile \&#34;sds-local-storage\&#34; not found: storage profile not found&#34;,&#xA;  &#34;controller&#34;: &#34;vd-controller&#34;,&#xA;  &#34;handler&#34;: &#34;&#34;,&#xA;  &#34;ds&#34;: &#34;&#34;,&#xA;  &#34;collector&#34;: &#34;&#34;,&#xA;  &#34;name&#34;: &#34;head-45bdb83d-vd-blank-not-existing-vmclass-with-creating&#34;,&#xA;  &#34;namespace&#34;: &#34;head-45bdb83d-end-to-end-sizing-policy&#34;,&#xA;  &#34;reconcileID&#34;: &#34;5e373c4f-127a-4250-923b-5532e20d415d&#34;,&#xA;  &#34;time&#34;: &#34;2025-10-09T06:20:19Z&#34;&#xA;}�[0m&#xA;�[31m�[1m&#xA;this is the `Virtualization-controller` error! not the current `Ginkgo` context error:&#xA;�[0m�[31m{&#xA;  &#34;level&#34;: &#34;error&#34;,&#xA;  &#34;msg&#34;: &#34;The handler failed with an error&#34;,&#xA;  &#34;err&#34;: &#34;failed to sync virtual disk data source blank: get volume and access modes: storage profile \&#34;sds-local-storage\&#34; not found: storage profile not found&#34;,&#xA;  &#34;controller&#34;: &#34;vd-controller&#34;,&#xA;  &#34;handler&#34;: &#34;LifeCycleHandler&#34;,&#xA;  &#34;ds&#34;: &#34;&#34;,&#xA;  &#34;collector&#34;: &#34;&#34;,&#xA;  &#34;name&#34;: &#34;head-45bdb83d-vd-blank-not-existing-vmclass-with-creating&#34;,&#xA;  &#34;namespace&#34;: &#34;head-45bdb83d-end-to-end-sizing-policy&#34;,&#xA;  &#34;reconcileID&#34;: &#34;dd3cd82b-e276-4323-8549-104ed92b92eb&#34;,&#xA;  &#34;time&#34;: &#34;2025-10-09T06:20:19Z&#34;&#xA;}�[0m&#xA;�[31m�[1m&#xA;this is the `Virtualization-controller` error! not the current `Ginkgo` context error:&#xA;�[0m�[31m{&#xA;  &#34;level&#34;: &#34;error&#34;,&#xA;  &#34;msg&#34;: &#34;Error occurred during reconciliation&#34;,&#xA;  &#34;err&#34;: &#34;failed to sync virtual disk data source blank: get volume and access modes: storage profile \&#34;sds-local-storage\&#34; not found: storage profile not found&#34;,&#xA;  &#34;controller&#34;: &#34;vd-controller&#34;,&#xA;  &#34;handler&#34;: &#34;&#34;,&#xA;  &#34;ds&#34;: &#34;&#34;,&#xA;  &#34;collector&#34;: &#34;&#34;,&#xA;  &#34;name&#34;: &#34;head-45bdb83d-vd-blank-not-existing-vmclass-with-creating&#34;,&#xA;  &#34;namespace&#34;: &#34;head-45bdb83d-end-to-end-sizing-policy&#34;,&#xA;  &#34;reconcileID&#34;: &#34;dd3cd82b-e276-4323-8549-104ed92b92eb&#34;,&#xA;  &#34;time&#34;: &#34;2025-10-09T06:20:19Z&#34;&#xA;}�[0m&#xA;�[31m�[1m&#xA;this is the `Virtualization-controller` error! not the current `Ginkgo` context error:&#xA;�[0m�[31m{&#xA;  &#34;level&#34;: &#34;error&#34;,&#xA;  &#34;msg&#34;: &#34;Reconciler error&#34;,&#xA;  &#34;err&#34;: &#34;failed to sync virtual disk data source blank: get volume and access modes: storage profile \&#34;sds-local-storage\&#34; not found: storage profile not found&#34;,&#xA;  &#34;controller&#34;: &#34;vd-controller&#34;,&#xA;  &#34;handler&#34;: &#34;&#34;,&#xA;  &#34;ds&#34;: &#34;&#34;,&#xA;  &#34;collector&#34;: &#34;&#34;,&#xA;  &#34;name&#34;: &#34;head-45bdb83d-vd-blank-not-existing-vmclass-with-creating&#34;,&#xA;  &#34;namespace&#34;: &#34;head-45bdb83d-end-to-end-sizing-policy&#34;,&#xA;  &#34;reconcileID&#34;: &#34;dd3cd82b-e276-4323-8549-104ed92b92eb&#34;,&#xA;  &#34;time&#34;: &#34;2025-10-09T06:20:19Z&#34;&#xA;}�[0m&#xA;�[31m�[1m&#xA;this is the `Virtualization-controller` error! not the current `Ginkgo` context error:&#xA;�[0m�[31m{&#xA;  &#34;level&#34;: &#34;error&#34;,&#xA;  &#34;msg&#34;: &#34;The handler failed with an error&#34;,&#xA;  &#34;err&#34;: &#34;failed to sync virtual disk data source blank: get volume and access modes: storage profile \&#34;sds-local-storage\&#34; not found: storage profile not found&#34;,&#xA;  &#34;controller&#34;: &#34;vd-controller&#34;,&#xA;  &#34;handler&#34;: &#34;LifeCycleHandler&#34;,&#xA;  &#34;ds&#34;: &#34;&#34;,&#xA;  &#34;collector&#34;: &#34;&#34;,&#xA;  &#34;name&#34;: &#34;head-45bdb83d-vd-blank-existing-vmclass&#34;,&#xA;  &#34;namespace&#34;: &#34;head-45bdb83d-end-to-end-sizing-policy&#34;,&#xA;  &#34;reconcileID&#34;: &#34;cbfcb5a9-80a4-4100-804e-95e5de9456d3&#34;,&#xA;  &#34;time&#34;: &#34;2025-10-09T06:20:19Z&#34;&#xA;}�[0m&#xA;�[31m�[1m&#xA;this is the `Virtualization-controller` error! not the current `Ginkgo` context error:&#xA;�[0m�[31m{&#xA;  &#34;level&#34;: &#34;error&#34;,&#xA;  &#34;msg&#34;: &#34;Error occurred during reconciliation&#34;,&#xA;  &#34;err&#34;: &#34;failed to sync virtual disk data source blank: get volume and access modes: storage profile \&#34;sds-local-storage\&#34; not found: storage profile not found&#34;,&#xA;  &#34;controller&#34;: &#34;vd-controller&#34;,&#xA;  &#34;handler&#34;: &#34;&#34;,&#xA;  &#34;ds&#34;: &#34;&#34;,&#xA;  &#34;collector&#34;: &#34;&#34;,&#xA;  &#34;name&#34;: &#34;head-45bdb83d-vd-blank-existing-vmclass&#34;,&#xA;  &#34;namespace&#34;: &#34;head-45bdb83d-end-to-end-sizing-policy&#34;,&#xA;  &#34;reconcileID&#34;: &#34;cbfcb5a9-80a4-4100-804e-95e5de9456d3&#34;,&#xA;  &#34;time&#34;: &#34;2025-10-09T06:20:19Z&#34;&#xA;}�[0m&#xA;�[31m�[1m&#xA;this is the `Virtualization-controller` error! not the current `Ginkgo` context error:&#xA;�[0m�[31m{&#xA;  &#34;level&#34;: &#34;error&#34;,&#xA;  &#34;msg&#34;: &#34;Reconciler error&#34;,&#xA;  &#34;err&#34;: &#34;failed to sync virtual disk data source blank: get volume and access modes: storage profile \&#34;sds-local-storage\&#34; not found: storage profile not found&#34;,&#xA;  &#34;controller&#34;: &#34;vd-controller&#34;,&#xA;  &#34;handler&#34;: &#34;&#34;,&#xA;  &#34;ds&#34;: &#34;&#34;,&#xA;  &#34;collector&#34;: &#34;&#34;,&#xA;  &#34;name&#34;: &#34;head-45bdb83d-vd-blank-existing-vmclass&#34;,&#xA;  &#34;namespace&#34;: &#34;head-45bdb83d-end-to-end-sizing-policy&#34;,&#xA;  &#34;reconcileID&#34;: &#34;cbfcb5a9-80a4-4100-804e-95e5de9456d3&#34;,&#xA;  &#34;time&#34;: &#34;2025-10-09T06:20:19Z&#34;&#xA;}�[0m&#xA;�[31m�[1m&#xA;this is the `Virtualization-controller` error! not the current `Ginkgo` context error:&#xA;�[0m�[31m{&#xA;  &#34;level&#34;: &#34;error&#34;,&#xA;  &#34;msg&#34;: &#34;The handler failed with an error&#34;,&#xA;  &#34;err&#34;: &#34;failed to sync virtual disk data source blank: get volume and access modes: storage profile \&#34;sds-local-storage\&#34; not found: storage profile not found&#34;,&#xA;  &#34;controller&#34;: &#34;vd-controller&#34;,&#xA;  &#34;handler&#34;: &#34;LifeCycleHandler&#34;,&#xA;  &#34;ds&#34;: &#34;&#34;,&#xA;  &#34;collector&#34;: &#34;&#34;,&#xA;  &#34;name&#34;: &#34;head-45bdb83d-vd-blank-existing-vmclass&#34;,&#xA;  &#34;namespace&#34;: &#34;head-45bdb83d-end-to-end-sizing-policy&#34;,&#xA;  &#34;reconcileID&#34;: &#34;11dc4050-5753-449b-a746-9c8d210d8982&#34;,&#xA;  &#34;time&#34;: &#34;2025-10-09T06:20:19Z&#34;&#xA;}�[0m&#xA;�[31m�[1m&#xA;this is the `Virtualization-controller` error! not the current `Ginkgo` context error:&#xA;�[0m�[31m{&#xA;  &#34;level&#34;: &#34;error&#34;,&#xA;  &#34;msg&#34;: &#34;Error occurred during reconciliation&#34;,&#xA;  &#34;err&#34;: &#34;failed to sync virtual disk data source blank: get volume and access modes: storage profile \&#34;sds-local-storage\&#34; not found: storage profile not found&#34;,&#xA;  &#34;controller&#34;: &#34;vd-controller&#34;,&#xA;  &#34;handler&#34;: &#34;&#34;,&#xA;  &#34;ds&#34;: &#34;&#34;,&#xA;  &#34;collector&#34;: &#34;&#34;,&#xA;  &#34;name&#34;: &#34;head-45bdb83d-vd-blank-existing-vmclass&#34;,&#xA;  &#34;namespace&#34;: &#34;head-45bdb83d-end-to-end-sizing-policy&#34;,&#xA;  &#34;reconcileID&#34;: &#34;11dc4050-5753-449b-a746-9c8d210d8982&#34;,&#xA;  &#34;time&#34;: &#34;2025-10-09T06:20:19Z&#34;&#xA;}�[0m&#xA;�[31m�[1m&#xA;this is the `Virtualization-controller` error! not the current `Ginkgo` context error:&#xA;�[0m�[31m{&#xA;  &#34;level&#34;: &#34;error&#34;,&#xA;  &#34;msg&#34;: &#34;Reconciler error&#34;,&#xA;  &#34;err&#34;: &#34;failed to sync virtual disk data source blank: get volume and access modes: storage profile \&#34;sds-local-storage\&#34; not found: storage profile not found&#34;,&#xA;  &#34;controller&#34;: &#34;vd-controller&#34;,&#xA;  &#34;handler&#34;: &#34;&#34;,&#xA;  &#34;ds&#34;: &#34;&#34;,&#xA;  &#34;collector&#34;: &#34;&#34;,&#xA;  &#34;name&#34;: &#34;head-45bdb83d-vd-blank-existing-vmclass&#34;,&#xA;  &#34;namespace&#34;: &#34;head-45bdb83d-end-to-end-sizing-policy&#34;,&#xA;  &#34;reconcileID&#34;: &#34;11dc4050-5753-449b-a746-9c8d210d8982&#34;,&#xA;  &#34;time&#34;: &#34;2025-10-09T06:20:19Z&#34;&#xA;}�[0m&#xA;�[31m�[1m&#xA;this is the `Virtualization-controller` error! not the current `Ginkgo` context error:&#xA;�[0m�[31m{&#xA;  &#34;level&#34;: &#34;error&#34;,&#xA;  &#34;msg&#34;: &#34;The handler failed with an error&#34;,&#xA;  &#34;err&#34;: &#34;failed to sync virtual disk data source blank: get volume and access modes: storage profile \&#34;sds-local-storage\&#34; not found: storage profile not found&#34;,&#xA;  &#34;controller&#34;: &#34;vd-controller&#34;,&#xA;  &#34;handler&#34;: &#34;LifeCycleHandler&#34;,&#xA;  &#34;ds&#34;: &#34;&#34;,&#xA;  &#34;collector&#34;: &#34;&#34;,&#xA;  &#34;name&#34;: &#34;head-45bdb83d-vd-blank-not-existing-vmclass-with-changing&#34;,&#xA;  &#34;namespace&#34;: &#34;head-45bdb83d-end-to-end-sizing-policy&#34;,&#xA;  &#34;reconcileID&#34;: &#34;0f739caf-4dc0-4a6c-828f-016832288322&#34;,&#xA;  &#34;time&#34;: &#34;2025-10-09T06:20:19Z&#34;&#xA;}�[0m&#xA;�[31m�[1m&#xA;this is the `Virtualization-controller` error! not the current `Ginkgo` context error:&#xA;�[0m�[31m{&#xA;  &#34;level&#34;: &#34;error&#34;,&#xA;  &#34;msg&#34;: &#34;Error occurred during reconciliation&#34;,&#xA;  &#34;err&#34;: &#34;failed to sync virtual disk data source blank: get volume and access modes: storage profile \&#34;sds-local-storage\&#34; not found: storage profile not found&#34;,&#xA;  &#34;controller&#34;: &#34;vd-controller&#34;,&#xA;  &#34;handler&#34;: &#34;&#34;,&#xA;  &#34;ds&#34;: &#34;&#34;,&#xA;  &#34;collector&#34;: &#34;&#34;,&#xA;  &#34;name&#34;: &#34;head-45bdb83d-vd-blank-not-existing-vmclass-with-changing&#34;,&#xA;  &#34;namespace&#34;: &#34;head-45bdb83d-end-to-end-sizing-policy&#34;,&#xA;  &#34;reconcileID&#34;: &#34;0f739caf-4dc0-4a6c-828f-016832288322&#34;,&#xA;  &#34;time&#34;: &#34;2025-10-09T06:20:19Z&#34;&#xA;}�[0m&#xA;�[31m�[1m&#xA;this is the `Virtualization-controller` error! not the current `Ginkgo` context error:&#xA;�[0m�[31m{&#xA;  &#34;level&#34;: &#34;error&#34;,&#xA;  &#34;msg&#34;: &#34;Reconciler error&#34;,&#xA;  &#34;err&#34;: &#34;failed to sync virtual disk data source blank: get volume and access modes: storage profile \&#34;sds-local-storage\&#34; not found: storage profile not found&#34;,&#xA;  &#34;controller&#34;: &#34;vd-controller&#34;,&#xA;  &#34;handler&#34;: &#34;&#34;,&#xA;  &#34;ds&#34;: &#34;&#34;,&#xA;  &#34;collector&#34;: &#34;&#34;,&#xA;  &#34;name&#34;: &#34;head-45bdb83d-vd-blank-not-existing-vmclass-with-changing&#34;,&#xA;  &#34;namespace&#34;: &#34;head-45bdb83d-end-to-end-sizing-policy&#34;,&#xA;  &#34;reconcileID&#34;: &#34;0f739caf-4dc0-4a6c-828f-016832288322&#34;,&#xA;  &#34;time&#34;: &#34;2025-10-09T06:20:19Z&#34;&#xA;}�[0m&#xA;�[31m�[1m&#xA;this is the `Virtualization-controller` error! not the current `Ginkgo` context error:&#xA;�[0m�[31m{&#xA;  &#34;level&#34;: &#34;error&#34;,&#xA;  &#34;msg&#34;: &#34;The handler failed with an error&#34;,&#xA;  &#34;err&#34;: &#34;failed to sync virtual disk data source blank: get volume and access modes: storage profile \&#34;sds-local-storage\&#34; not found: storage profile not found&#34;,&#xA;  &#34;controller&#34;: &#34;vd-controller&#34;,&#xA;  &#34;handler&#34;: &#34;LifeCycleHandler&#34;,&#xA;  &#34;ds&#34;: &#34;&#34;,&#xA;  &#34;collector&#34;: &#34;&#34;,&#xA;  &#34;name&#34;: &#34;head-45bdb83d-vd-blank-not-existing-vmclass-with-changing&#34;,&#xA;  &#34;namespace&#34;: &#34;head-45bdb83d-end-to-end-sizing-policy&#34;,&#xA;  &#34;reconcileID&#34;: &#34;f596be85-56da-47f3-9e57-7e1a363b9c64&#34;,&#xA;  &#34;time&#34;: &#34;2025-10-09T06:20:19Z&#34;&#xA;}�[0m&#xA;�[31m�[1m&#xA;this is the `Virtualization-controller` error! not the current `Ginkgo` context error:&#xA;�[0m�[31m{&#xA;  &#34;level&#34;: &#34;error&#34;,&#xA;  &#34;msg&#34;: &#34;Error occurred during reconciliation&#34;,&#xA;  &#34;err&#34;: &#34;failed to sync virtual disk data source blank: get volume and access modes: storage profile \&#34;sds-local-storage\&#34; not found: storage profile not found&#34;,&#xA;  &#34;controller&#34;: &#34;vd-controller&#34;,&#xA;  &#34;handler&#34;: &#34;&#34;,&#xA;  &#34;ds&#34;: &#34;&#34;,&#xA;  &#34;collector&#34;: &#34;&#34;,&#xA;  &#34;name&#34;: &#34;head-45bdb83d-vd-blank-not-existing-vmclass-with-changing&#34;,&#xA;  &#34;namespace&#34;: &#34;head-45bdb83d-end-to-end-sizing-policy&#34;,&#xA;  &#34;reconcileID&#34;: &#34;f596be85-56da-47f3-9e57-7e1a363b9c64&#34;,&#xA;  &#34;time&#34;: &#34;2025-10-09T06:20:19Z&#34;&#xA;}�[0m&#xA;�[31m�[1m&#xA;this is the `Virtualization-controller` error! not the current `Ginkgo` context error:&#xA;�[0m�[31m{&#xA;  &#34;level&#34;: &#34;error&#34;,&#xA;  &#34;msg&#34;: &#34;Reconciler error&#34;,&#xA;  &#34;err&#34;: &#34;failed to sync virtual disk data source blank: get volume and access modes: storage profile \&#34;sds-local-storage\&#34; not found: storage profile not found&#34;,&#xA;  &#34;controller&#34;: &#34;vd-controller&#34;,&#xA;  &#34;handler&#34;: &#34;&#34;,&#xA;  &#34;ds&#34;: &#34;&#34;,&#xA;  &#34;collector&#34;: &#34;&#34;,&#xA;  &#34;name&#34;: &#34;head-45bdb83d-vd-blank-not-existing-vmclass-with-changing&#34;,&#xA;  &#34;namespace&#34;: &#34;head-45bdb83d-end-to-end-sizing-policy&#34;,&#xA;  &#34;reconcileID&#34;: &#34;f596be85-56da-47f3-9e57-7e1a363b9c64&#34;,&#xA;  &#34;time&#34;: &#34;2025-10-09T06:20:19Z&#34;&#xA;}�[0m&#xA;�[31m�[1m&#xA;this is the `Virtualization-controller` error! not the current `Ginkgo` context error:&#xA;�[0m�[31m{&#xA;  &#34;level&#34;: &#34;error&#34;,&#xA;  &#34;msg&#34;: &#34;The handler failed with an error&#34;,&#xA;  &#34;err&#34;: &#34;failed to sync virtual disk data source blank: get volume and access modes: storage profile \&#34;sds-local-storage\&#34; not found: storage profile not found&#34;,&#xA;  &#34;controller&#34;: &#34;vd-controller&#34;,&#xA;  &#34;handler&#34;: &#34;LifeCycleHandler&#34;,&#xA;  &#34;ds&#34;: &#34;&#34;,&#xA;  &#34;collector&#34;: &#34;&#34;,&#xA;  &#34;name&#34;: &#34;head-45bdb83d-vd-blank-not-existing-vmclass-with-changing&#34;,&#xA;  &#34;namespace&#34;: &#34;head-45bdb83d-end-to-end-sizing-policy&#34;,&#xA;  &#34;reconcileID&#34;: &#34;d435c265-e5ca-4c94-9415-9b9c74ccf46e&#34;,&#xA;  &#34;time&#34;: &#34;2025-10-09T06:20:19Z&#34;&#xA;}�[0m&#xA;�[31m�[1m&#xA;this is the `Virtualization-controller` error! not the current `Ginkgo` context error:&#xA;�[0m�[31m{&#xA;  &#34;level&#34;: &#34;error&#34;,&#xA;  &#34;msg&#34;: &#34;Error occurred during reconciliation&#34;,&#xA;  &#34;err&#34;: &#34;failed to sync virtual disk data source blank: get volume and access modes: storage profile \&#34;sds-local-storage\&#34; not found: storage profile not found&#34;,&#xA;  &#34;controller&#34;: &#34;vd-controller&#34;,&#xA;  &#34;handler&#34;: &#34;&#34;,&#xA;  &#34;ds&#34;: &#34;&#34;,&#xA;  &#34;collector&#34;: &#34;&#34;,&#xA;  &#34;name&#34;: &#34;head-45bdb83d-vd-blank-not-existing-vmclass-with-changing&#34;,&#xA;  &#34;namespace&#34;: &#34;head-45bdb83d-end-to-end-sizing-policy&#34;,&#xA;  &#34;reconcileID&#34;: &#34;d435c265-e5ca-4c94-9415-9b9c74ccf46e&#34;,&#xA;  &#34;time&#34;: &#34;2025-10-09T06:20:19Z&#34;&#xA;}�[0m&#xA;�[31m�[1m&#xA;this is the `Virtualization-controller` error! not the current `Ginkgo` context error:&#xA;�[0m�[31m{&#xA;  &#34;level&#34;: &#34;error&#34;,&#xA;  &#34;msg&#34;: &#34;Reconciler error&#34;,&#xA;  &#34;err&#34;: &#34;failed to sync virtual disk data source blank: get volume and access modes: storage profile \&#34;sds-local-storage\&#34; not found: storage profile not found&#34;,&#xA;  &#34;controller&#34;: &#34;vd-controller&#34;,&#xA;  &#34;handler&#34;: &#34;&#34;,&#xA;  &#34;ds&#34;: &#34;&#34;,&#xA;  &#34;collector&#34;: &#34;&#34;,&#xA;  &#34;name&#34;: &#34;head-45bdb83d-vd-blank-not-existing-vmclass-with-changing&#34;,&#xA;  &#34;namespace&#34;: &#34;head-45bdb83d-end-to-end-sizing-policy&#34;,&#xA;  &#34;reconcileID&#34;: &#34;d435c265-e5ca-4c94-9415-9b9c74ccf46e&#34;,&#xA;  &#34;time&#34;: &#34;2025-10-09T06:20:19Z&#34;&#xA;}�[0m&#xA;�[31m�[1m&#xA;this is the `Virtualization-controller` error! not the current `Ginkgo` context error:&#xA;�[0m�[31m{&#xA;  &#34;level&#34;: &#34;error&#34;,&#xA;  &#34;msg&#34;: &#34;The handler failed with an error&#34;,&#xA;  &#34;err&#34;: &#34;failed to sync virtual disk data source blank: get volume and access modes: storage profile \&#34;sds-local-storage\&#34; not found: storage profile not found&#34;,&#xA;  &#34;controller&#34;: &#34;vd-controller&#34;,&#xA;  &#34;handler&#34;: &#34;LifeCycleHandler&#34;,&#xA;  &#34;ds&#34;: &#34;&#34;,&#xA;  &#34;collector&#34;: &#34;&#34;,&#xA;  &#34;name&#34;: &#34;head-45bdb83d-vd-blank-not-existing-vmclass-with-creating&#34;,&#xA;  &#34;namespace&#34;: &#34;head-45bdb83d-end-to-end-sizing-policy&#34;,&#xA;  &#34;reconcileID&#34;: &#34;62d81cfc-febf-4ac3-9f19-c0b0559d8dcc&#34;,&#xA;  &#34;time&#34;: &#34;2025-10-09T06:20:19Z&#34;&#xA;}�[0m&#xA;�[31m�[1m&#xA;this is the `Virtualization-controller` error! not the current `Ginkgo` context error:&#xA;�[0m�[31m{&#xA;  &#34;level&#34;: &#34;error&#34;,&#xA;  &#34;msg&#34;: &#34;Error occurred during reconciliation&#34;,&#xA;  &#34;err&#34;: &#34;failed to sync virtual disk data source blank: get volume and access modes: storage profile \&#34;sds-local-storage\&#34; not found: storage profile not found&#34;,&#xA;  &#34;controller&#34;: &#34;vd-controller&#34;,&#xA;  &#34;handler&#34;: &#34;&#34;,&#xA;  &#34;ds&#34;: &#34;&#34;,&#xA;  &#34;collector&#34;: &#34;&#34;,&#xA;  &#34;name&#34;: &#34;head-45bdb83d-vd-blank-not-existing-vmclass-with-creating&#34;,&#xA;  &#34;namespace&#34;: &#34;head-45bdb83d-end-to-end-sizing-policy&#34;,&#xA;  &#34;reconcileID&#34;: &#34;62d81cfc-febf-4ac3-9f19-c0b0559d8dcc&#34;,&#xA;  &#34;time&#34;: &#34;2025-10-09T06:20:19Z&#34;&#xA;}�[0m&#xA;�[31m�[1m&#xA;this is the `Virtualization-controller` error! not the current `Ginkgo` context error:&#xA;�[0m�[31m{&#xA;  &#34;level&#34;: &#34;error&#34;,&#xA;  &#34;msg&#34;: &#34;Reconciler error&#34;,&#xA;  &#34;err&#34;: &#34;failed to sync virtual disk data source blank: get volume and access modes: storage profile \&#34;sds-local-storage\&#34; not found: storage profile not found&#34;,&#xA;  &#34;controller&#34;: &#34;vd-controller&#34;,&#xA;  &#34;handler&#34;: &#34;&#34;,&#xA;  &#34;ds&#34;: &#34;&#34;,&#xA;  &#34;collector&#34;: &#34;&#34;,&#xA;  &#34;name&#34;: &#34;head-45bdb83d-vd-blank-not-existing-vmclass-with-creating&#34;,&#xA;  &#34;namespace&#34;: &#34;head-45bdb83d-end-to-end-sizing-policy&#34;,&#xA;  &#34;reconcileID&#34;: &#34;62d81cfc-febf-4ac3-9f19-c0b0559d8dcc&#34;,&#xA;  &#34;time&#34;: &#34;2025-10-09T06:20:19Z&#34;&#xA;}�[0m&#xA;�[31m�[1m&#xA;this is the `Virtualization-controller` error! not the current `Ginkgo` context error:&#xA;�[0m�[31m{&#xA;  &#34;level&#34;: &#34;error&#34;,&#xA;  &#34;msg&#34;: &#34;The handler failed with an error&#34;,&#xA;  &#34;err&#34;: &#34;failed to sync virtual disk data source blank: get volume and access modes: storage profile \&#34;sds-local-storage\&#34; not found: storage profile not found&#34;,&#xA;  &#34;controller&#34;: &#34;vd-controller&#34;,&#xA;  &#34;handler&#34;: &#34;LifeCycleHandler&#34;,&#xA;  &#34;ds&#34;: &#34;&#34;,&#xA;  &#34;collector&#34;: &#34;&#34;,&#xA;  &#34;name&#34;: &#34;head-45bdb83d-vd-blank-not-existing-vmclass-with-creating&#34;,&#xA;  &#34;namespace&#34;: &#34;head-45bdb83d-end-to-end-sizing-policy&#34;,&#xA;  &#34;reconcileID&#34;: &#34;5003585a-c947-493e-a85d-f9d959c85191&#34;,&#xA;  &#34;time&#34;: &#34;2025-10-09T06:20:19Z&#34;&#xA;}�[0m&#xA;�[31m�[1m&#xA;this is the `Virtualization-controller` error! not the current `Ginkgo` context error:&#xA;�[0m�[31m{&#xA;  &#34;level&#34;: &#34;error&#34;,&#xA;  &#34;msg&#34;: &#34;Error occurred during reconciliation&#34;,&#xA;  &#34;err&#34;: &#34;failed to sync virtual disk data source blank: get volume and access modes: storage profile \&#34;sds-local-storage\&#34; not found: storage profile not found&#34;,&#xA;  &#34;controller&#34;: &#34;vd-controller&#34;,&#xA;  &#34;handler&#34;: &#34;&#34;,&#xA;  &#34;ds&#34;: &#34;&#34;,&#xA;  &#34;collector&#34;: &#34;&#34;,&#xA;  &#34;name&#34;: &#34;head-45bdb83d-vd-blank-not-existing-vmclass-with-creating&#34;,&#xA;  &#34;namespace&#34;: &#34;head-45bdb83d-end-to-end-sizing-policy&#34;,&#xA;  &#34;reconcileID&#34;: &#34;5003585a-c947-493e-a85d-f9d959c85191&#34;,&#xA;  &#34;time&#34;: &#34;2025-10-09T06:20:19Z&#34;&#xA;}�[0m&#xA;�[31m�[1m&#xA;this is the `Virtualization-controller` error! not the current `Ginkgo` context error:&#xA;�[0m�[31m{&#xA;  &#34;level&#34;: &#34;error&#34;,&#xA;  &#34;msg&#34;: &#34;Reconciler error&#34;,&#xA;  &#34;err&#34;: &#34;failed to sync virtual disk data source blank: get volume and access modes: storage profile \&#34;sds-local-storage\&#34; not found: storage profile not found&#34;,&#xA;  &#34;controller&#34;: &#34;vd-controller&#34;,&#xA;  &#34;handler&#34;: &#34;&#34;,&#xA;  &#34;ds&#34;: &#34;&#34;,&#xA;  &#34;collector&#34;: &#34;&#34;,&#xA;  &#34;name&#34;: &#34;head-45bdb83d-vd-blank-not-existing-vmclass-with-creating&#34;,&#xA;  &#34;namespace&#34;: &#34;head-45bdb83d-end-to-end-sizing-policy&#34;,&#xA;  &#34;reconcileID&#34;: &#34;5003585a-c947-493e-a85d-f9d959c85191&#34;,&#xA;  &#34;time&#34;: &#34;2025-10-09T06:20:19Z&#34;&#xA;}�[0m&#xA;�[31m�[1m&#xA;this is the `Virtualization-controller` error! not the current `Ginkgo` context error:&#xA;�[0m�[31m{&#xA;  &#34;level&#34;: &#34;error&#34;,&#xA;  &#34;msg&#34;: &#34;The handler failed with an error&#34;,&#xA;  &#34;err&#34;: &#34;failed to sync virtual disk data source blank: get volume and access modes: storage profile \&#34;sds-local-storage\&#34; not found: storage profile not found&#34;,&#xA;  &#34;controller&#34;: &#34;vd-controller&#34;,&#xA;  &#34;handler&#34;: &#34;LifeCycleHandler&#34;,&#xA;  &#34;ds&#34;: &#34;&#34;,&#xA;  &#34;collector&#34;: &#34;&#34;,&#xA;  &#34;name&#34;: &#34;head-45bdb83d-vd-blank-existing-vmclass&#34;,&#xA;  &#34;namespace&#34;: &#34;head-45bdb83d-end-to-end-sizing-policy&#34;,&#xA;  &#34;reconcileID&#34;: &#34;6b65656b-f398-4a58-8d55-78f1b236a782&#34;,&#xA;  &#34;time&#34;: &#34;2025-10-09T06:20:19Z&#34;&#xA;}�[0m&#xA;�[31m�[1m&#xA;this is the `Virtualization-controller` error! not the current `Ginkgo` context error:&#xA;�[0m�[31m{&#xA;  &#34;level&#34;: &#34;error&#34;,&#xA;  &#34;msg&#34;: &#34;Error occurred during reconciliation&#34;,&#xA;  &#34;err&#34;: &#34;failed to sync virtual disk data source blank: get volume and access modes: storage profile \&#34;sds-local-storage\&#34; not found: storage profile not found&#34;,&#xA;  &#34;controller&#34;: &#34;vd-controller&#34;,&#xA;  &#34;handler&#34;: &#34;&#34;,&#xA;  &#34;ds&#34;: &#34;&#34;,&#xA;  &#34;collector&#34;: &#34;&#34;,&#xA;  &#34;name&#34;: &#34;head-45bdb83d-vd-blank-existing-vmclass&#34;,&#xA;  &#34;namespace&#34;: &#34;head-45bdb83d-end-to-end-sizing-policy&#34;,&#xA;  &#34;reconcileID&#34;: &#34;6b65656b-f398-4a58-8d55-78f1b236a782&#34;,&#xA;  &#34;time&#34;: &#34;2025-10-09T06:20:19Z&#34;&#xA;}�[0m&#xA;�[31m�[1m&#xA;this is the `Virtualization-controller` error! not the current `Ginkgo` context error:&#xA;�[0m�[31m{&#xA;  &#34;level&#34;: &#34;error&#34;,&#xA;  &#34;msg&#34;: &#34;Reconciler error&#34;,&#xA;  &#34;err&#34;: &#34;failed to sync virtual disk data source blank: get volume and access modes: storage profile \&#34;sds-local-storage\&#34; not found: storage profile not found&#34;,&#xA;  &#34;controller&#34;: &#34;vd-controller&#34;,&#xA;  &#34;handler&#34;: &#34;&#34;,&#xA;  &#34;ds&#34;: &#34;&#34;,&#xA;  &#34;collector&#34;: &#34;&#34;,&#xA;  &#34;name&#34;: &#34;head-45bdb83d-vd-blank-existing-vmclass&#34;,&#xA;  &#34;namespace&#34;: &#34;head-45bdb83d-end-to-end-sizing-policy&#34;,&#xA;  &#34;reconcileID&#34;: &#34;6b65656b-f398-4a58-8d55-78f1b236a782&#34;,&#xA;  &#34;time&#34;: &#34;2025-10-09T06:20:19Z&#34;&#xA;}�[0m&#xA;�[31m�[1m&#xA;this is the `Virtualization-controller` error! not the current `Ginkgo` context error:&#xA;�[0m�[31m{&#xA;  &#34;level&#34;: &#34;error&#34;,&#xA;  &#34;msg&#34;: &#34;The handler failed with an error&#34;,&#xA;  &#34;err&#34;: &#34;failed to sync virtual disk data source blank: get volume and access modes: storage profile \&#34;sds-local-storage\&#34; not found: storage profile not found&#34;,&#xA;  &#34;controller&#34;: &#34;vd-controller&#34;,&#xA;  &#34;handler&#34;: &#34;LifeCycleHandler&#34;,&#xA;  &#34;ds&#34;: &#34;&#34;,&#xA;  &#34;collector&#34;: &#34;&#34;,&#xA;  &#34;name&#34;: &#34;head-45bdb83d-vd-blank-existing-vmclass&#34;,&#xA;  &#34;namespace&#34;: &#34;head-45bdb83d-end-to-end-sizing-policy&#34;,&#xA;  &#34;reconcileID&#34;: &#34;4c838b36-2fd9-489e-8560-b0c77cb68b67&#34;,&#xA;  &#34;time&#34;: &#34;2025-10-09T06:20:19Z&#34;&#xA;}�[0m&#xA;�[31m�[1m&#xA;this is the `Virtualization-controller` error! not the current `Ginkgo` context error:&#xA;�[0m�[31m{&#xA;  &#34;level&#34;: &#34;error&#34;,&#xA;  &#34;msg&#34;: &#34;Error occurred during reconciliation&#34;,&#xA;  &#34;err&#34;: &#34;failed to sync virtual disk data source blank: get volume and access modes: storage profile \&#34;sds-local-storage\&#34; not found: storage profile not found&#34;,&#xA;  &#34;controller&#34;: &#34;vd-controller&#34;,&#xA;  &#34;handler&#34;: &#34;&#34;,&#xA;  &#34;ds&#34;: &#34;&#34;,&#xA;  &#34;collector&#34;: &#34;&#34;,&#xA;  &#34;name&#34;: &#34;head-45bdb83d-vd-blank-existing-vmclass&#34;,&#xA;  &#34;namespace&#34;: &#34;head-45bdb83d-end-to-end-sizing-policy&#34;,&#xA;  &#34;reconcileID&#34;: &#34;4c838b36-2fd9-489e-8560-b0c77cb68b67&#34;,&#xA;  &#34;time&#34;: &#34;2025-10-09T06:20:19Z&#34;&#xA;}�[0m&#xA;�[31m�[1m&#xA;this is the `Virtualization-controller` error! not the current `Ginkgo` context error:&#xA;�[0m�[31m{&#xA;  &#34;level&#34;: &#34;error&#34;,&#xA;  &#34;msg&#34;: &#34;Reconciler error&#34;,&#xA;  &#34;err&#34;: &#34;failed to sync virtual disk data source blank: get volume and access modes: storage profile \&#34;sds-local-storage\&#34; not found: storage profile not found&#34;,&#xA;  &#34;controller&#34;: &#34;vd-controller&#34;,&#xA;  &#34;handler&#34;: &#34;&#34;,&#xA;  &#34;ds&#34;: &#34;&#34;,&#xA;  &#34;collector&#34;: &#34;&#34;,&#xA;  &#34;name&#34;: &#34;head-45bdb83d-vd-blank-existing-vmclass&#34;,&#xA;  &#34;namespace&#34;: &#34;head-45bdb83d-end-to-end-sizing-policy&#34;,&#xA;  &#34;reconcileID&#34;: &#34;4c838b36-2fd9-489e-8560-b0c77cb68b67&#34;,&#xA;  &#34;time&#34;: &#34;2025-10-09T06:20:19Z&#34;&#xA;}�[0m&#xA;�[31m�[1m&#xA;this is the `Virtualization-controller` error! not the current `Ginkgo` context error:&#xA;�[0m�[31m{&#xA;  &#34;level&#34;: &#34;error&#34;,&#xA;  &#34;msg&#34;: &#34;The handler failed with an error&#34;,&#xA;  &#34;err&#34;: &#34;failed to sync virtual disk data source blank: get volume and access modes: storage profile \&#34;sds-local-storage\&#34; not found: storage profile not found&#34;,&#xA;  &#34;controller&#34;: &#34;vd-controller&#34;,&#xA;  &#34;handler&#34;: &#34;LifeCycleHandler&#34;,&#xA;  &#34;ds&#34;: &#34;&#34;,&#xA;  &#34;collector&#34;: &#34;&#34;,&#xA;  &#34;name&#34;: &#34;head-45bdb83d-vd-blank-not-existing-vmclass-with-changing&#34;,&#xA;  &#34;namespace&#34;: &#34;head-45bdb83d-end-to-end-sizing-policy&#34;,&#xA;  &#34;reconcileID&#34;: &#34;3f414b6a-b284-4aee-8dbb-cac022e26938&#34;,&#xA;  &#34;time&#34;: &#34;2025-10-09T06:20:19Z&#34;&#xA;}�[0m&#xA;�[31m�[1m&#xA;this is the `Virtualization-controller` error! not the current `Ginkgo` context error:&#xA;�[0m�[31m{&#xA;  &#34;level&#34;: &#34;error&#34;,&#xA;  &#34;msg&#34;: &#34;Error occurred during reconciliation&#34;,&#xA;  &#34;err&#34;: &#34;failed to sync virtual disk data source blank: get volume and access modes: storage profile \&#34;sds-local-storage\&#34; not found: storage profile not found&#34;,&#xA;  &#34;controller&#34;: &#34;vd-controller&#34;,&#xA;  &#34;handler&#34;: &#34;&#34;,&#xA;  &#34;ds&#34;: &#34;&#34;,&#xA;  &#34;collector&#34;: &#34;&#34;,&#xA;  &#34;name&#34;: &#34;head-45bdb83d-vd-blank-not-existing-vmclass-with-changing&#34;,&#xA;  &#34;namespace&#34;: &#34;head-45bdb83d-end-to-end-sizing-policy&#34;,&#xA;  &#34;reconcileID&#34;: &#34;3f414b6a-b284-4aee-8dbb-cac022e26938&#34;,&#xA;  &#34;time&#34;: &#34;2025-10-09T06:20:19Z&#34;&#xA;}�[0m&#xA;�[31m�[1m&#xA;this is the `Virtualization-controller` error! not the current `Ginkgo` context error:&#xA;�[0m�[31m{&#xA;  &#34;level&#34;: &#34;error&#34;,&#xA;  &#34;msg&#34;: &#34;Reconciler error&#34;,&#xA;  &#34;err&#34;: &#34;failed to sync virtual disk data source blank: get volume and access modes: storage profile \&#34;sds-local-storage\&#34; not found: storage profile not found&#34;,&#xA;  &#34;controller&#34;: &#34;vd-controller&#34;,&#xA;  &#34;handler&#34;: &#34;&#34;,&#xA;  &#34;ds&#34;: &#34;&#34;,&#xA;  &#34;collector&#34;: &#34;&#34;,&#xA;  &#34;name&#34;: &#34;head-45bdb83d-vd-blank-not-existing-vmclass-with-changing&#34;,&#xA;  &#34;namespace&#34;: &#34;head-45bdb83d-end-to-end-sizing-policy&#34;,&#xA;  &#34;reconcileID&#34;: &#34;3f414b6a-b284-4aee-8dbb-cac022e26938&#34;,&#xA;  &#34;time&#34;: &#34;2025-10-09T06:20:19Z&#34;&#xA;}�[0m&#xA;�[31m�[1m&#xA;this is the `Virtualization-controller` error! not the current `Ginkgo` context error:&#xA;�[0m�[31m{&#xA;  &#34;level&#34;: &#34;error&#34;,&#xA;  &#34;msg&#34;: &#34;The handler failed with an error&#34;,&#xA;  &#34;err&#34;: &#34;failed to sync virtual disk data source blank: get volume and access modes: storage profile \&#34;sds-local-storage\&#34; not found: storage profile not found&#34;,&#xA;  &#34;controller&#34;: &#34;vd-controller&#34;,&#xA;  &#34;handler&#34;: &#34;LifeCycleHandler&#34;,&#xA;  &#34;ds&#34;: &#34;&#34;,&#xA;  &#34;collector&#34;: &#34;&#34;,&#xA;  &#34;name&#34;: &#34;head-45bdb83d-vd-blank-not-existing-vmclass-with-changing&#34;,&#xA;  &#34;namespace&#34;: &#34;head-45bdb83d-end-to-end-sizing-policy&#34;,&#xA;  &#34;reconcileID&#34;: &#34;44c2b112-d071-4c0b-ba76-f53de87f42c2&#34;,&#xA;  &#34;time&#34;: &#34;2025-10-09T06:20:19Z&#34;&#xA;}�[0m&#xA;�[31m�[1m&#xA;this is the `Virtualization-controller` error! not the current `Ginkgo` context error:&#xA;�[0m�[31m{&#xA;  &#34;level&#34;: &#34;error&#34;,&#xA;  &#34;msg&#34;: &#34;Error occurred during reconciliation&#34;,&#xA;  &#34;err&#34;: &#34;failed to sync virtual disk data source blank: get volume and access modes: storage profile \&#34;sds-local-storage\&#34; not found: storage profile not found&#34;,&#xA;  &#34;controller&#34;: &#34;vd-controller&#34;,&#xA;  &#34;handler&#34;: &#34;&#34;,&#xA;  &#34;ds&#34;: &#34;&#34;,&#xA;  &#34;collector&#34;: &#34;&#34;,&#xA;  &#34;name&#34;: &#34;head-45bdb83d-vd-blank-not-existing-vmclass-with-changing&#34;,&#xA;  &#34;namespace&#34;: &#34;head-45bdb83d-end-to-end-sizing-policy&#34;,&#xA;  &#34;reconcileID&#34;: &#34;44c2b112-d071-4c0b-ba76-f53de87f42c2&#34;,&#xA;  &#34;time&#34;: &#34;2025-10-09T06:20:19Z&#34;&#xA;}�[0m&#xA;�[31m�[1m&#xA;this is the `Virtualization-controller` error! not the current `Ginkgo` context error:&#xA;�[0m�[31m{&#xA;  &#34;level&#34;: &#34;error&#34;,&#xA;  &#34;msg&#34;: &#34;Reconciler error&#34;,&#xA;  &#34;err&#34;: &#34;failed to sync virtual disk data source blank: get volume and access modes: storage profile \&#34;sds-local-storage\&#34; not found: storage profile not found&#34;,&#xA;  &#34;controller&#34;: &#34;vd-controller&#34;,&#xA;  &#34;handler&#34;: &#34;&#34;,&#xA;  &#34;ds&#34;: &#34;&#34;,&#xA;  &#34;collector&#34;: &#34;&#34;,&#xA;  &#34;name&#34;: &#34;head-45bdb83d-vd-blank-not-existing-vmclass-with-changing&#34;,&#xA;  &#34;namespace&#34;: &#34;head-45bdb83d-end-to-end-sizing-policy&#34;,&#xA;  &#34;reconcileID&#34;: &#34;44c2b112-d071-4c0b-ba76-f53de87f42c2&#34;,&#xA;  &#34;time&#34;: &#34;2025-10-09T06:20:19Z&#34;&#xA;}�[0m&#xA;�[31m�[1m&#xA;this is the `Virtualization-controller` error! not the current `Ginkgo` context error:&#xA;�[0m�[31m{&#xA;  &#34;level&#34;: &#34;error&#34;,&#xA;  &#34;msg&#34;: &#34;The handler failed with an error&#34;,&#xA;  &#34;err&#34;: &#34;failed to sync virtual disk data source blank: get volume and access modes: storage profile \&#34;sds-local-storage\&#34; not found: storage profile not found&#34;,&#xA;  &#34;controller&#34;: &#34;vd-controller&#34;,&#xA;  &#34;handler&#34;: &#34;LifeCycleHandler&#34;,&#xA;  &#34;ds&#34;: &#34;&#34;,&#xA;  &#34;collector&#34;: &#34;&#34;,&#xA;  &#34;name&#34;: &#34;head-45bdb83d-vd-blank-not-existing-vmclass-with-creating&#34;,&#xA;  &#34;namespace&#34;: &#34;head-45bdb83d-end-to-end-sizing-policy&#34;,&#xA;  &#34;reconcileID&#34;: &#34;943ee62c-aef8-41e8-bcad-f776ec03b7a0&#34;,&#xA;  &#34;time&#34;: &#34;2025-10-09T06:20:19Z&#34;&#xA;}�[0m&#xA;�[31m�[1m&#xA;this is the `Virtualization-controller` error! not the current `Ginkgo` context error:&#xA;�[0m�[31m{&#xA;  &#34;level&#34;: &#34;error&#34;,&#xA;  &#34;msg&#34;: &#34;Error occurred during reconciliation&#34;,&#xA;  &#34;err&#34;: &#34;failed to sync virtual disk data source blank: get volume and access modes: storage profile \&#34;sds-local-storage\&#34; not found: storage profile not found&#34;,&#xA;  &#34;controller&#34;: &#34;vd-controller&#34;,&#xA;  &#34;handler&#34;: &#34;&#34;,&#xA;  &#34;ds&#34;: &#34;&#34;,&#xA;  &#34;collector&#34;: &#34;&#34;,&#xA;  &#34;name&#34;: &#34;head-45bdb83d-vd-blank-not-existing-vmclass-with-creating&#34;,&#xA;  &#34;namespace&#34;: &#34;head-45bdb83d-end-to-end-sizing-policy&#34;,&#xA;  &#34;reconcileID&#34;: &#34;943ee62c-aef8-41e8-bcad-f776ec03b7a0&#34;,&#xA;  &#34;time&#34;: &#34;2025-10-09T06:20:19Z&#34;&#xA;}�[0m&#xA;�[31m�[1m&#xA;this is the `Virtualization-controller` error! not the current `Ginkgo` context error:&#xA;�[0m�[31m{&#xA;  &#34;level&#34;: &#34;error&#34;,&#xA;  &#34;msg&#34;: &#34;Reconciler error&#34;,&#xA;  &#34;err&#34;: &#34;failed to sync virtual disk data source blank: get volume and access modes: storage profile \&#34;sds-local-storage\&#34; not found: storage profile not found&#34;,&#xA;  &#34;controller&#34;: &#34;vd-controller&#34;,&#xA;  &#34;handler&#34;: &#34;&#34;,&#xA;  &#34;ds&#34;: &#34;&#34;,&#xA;  &#34;collector&#34;: &#34;&#34;,&#xA;  &#34;name&#34;: &#34;head-45bdb83d-vd-blank-not-existing-vmclass-with-creating&#34;,&#xA;  &#34;namespace&#34;: &#34;head-45bdb83d-end-to-end-sizing-policy&#34;,&#xA;  &#34;reconcileID&#34;: &#34;943ee62c-aef8-41e8-bcad-f776ec03b7a0&#34;,&#xA;  &#34;time&#34;: &#34;2025-10-09T06:20:19Z&#34;&#xA;}�[0m&#xA;�[31m�[1m&#xA;this is the `Virtualization-controller` error! not the current `Ginkgo` context error:&#xA;�[0m�[31m{&#xA;  &#34;level&#34;: &#34;error&#34;,&#xA;  &#34;msg&#34;: &#34;The handler failed with an error&#34;,&#xA;  &#34;err&#34;: &#34;failed to sync virtual disk data source blank: get volume and access modes: storage profile \&#34;sds-local-storage\&#34; not found: storage profile not found&#34;,&#xA;  &#34;controller&#34;: &#34;vd-controller&#34;,&#xA;  &#34;handler&#34;: &#34;LifeCycleHandler&#34;,&#xA;  &#34;ds&#34;: &#34;&#34;,&#xA;  &#34;collector&#34;: &#34;&#34;,&#xA;  &#34;name&#34;: &#34;head-45bdb83d-vd-blank-not-existing-vmclass-with-creating&#34;,&#xA;  &#34;namespace&#34;: &#34;head-45bdb83d-end-to-end-sizing-policy&#34;,&#xA;  &#34;reconcileID&#34;: &#34;e9faf560-3375-4644-8a00-b1d4365a91a7&#34;,&#xA;  &#34;time&#34;: &#34;2025-10-09T06:20:19Z&#34;&#xA;}�[0m&#xA;�[31m�[1m&#xA;this is the `Virtualization-controller` error! not the current `Ginkgo` context error:&#xA;�[0m�[31m{&#xA;  &#34;level&#34;: &#34;error&#34;,&#xA;  &#34;msg&#34;: &#34;Error occurred during reconciliation&#34;,&#xA;  &#34;err&#34;: &#34;failed to sync virtual disk data source blank: get volume and access modes: storage profile \&#34;sds-local-storage\&#34; not found: storage profile not found&#34;,&#xA;  &#34;controller&#34;: &#34;vd-controller&#34;,&#xA;  &#34;handler&#34;: &#34;&#34;,&#xA;  &#34;ds&#34;: &#34;&#34;,&#xA;  &#34;collector&#34;: &#34;&#34;,&#xA;  &#34;name&#34;: &#34;head-45bdb83d-vd-blank-not-existing-vmclass-with-creating&#34;,&#xA;  &#34;namespace&#34;: &#34;head-45bdb83d-end-to-end-sizing-policy&#34;,&#xA;  &#34;reconcileID&#34;: &#34;e9faf560-3375-4644-8a00-b1d4365a91a7&#34;,&#xA;  &#34;time&#34;: &#34;2025-10-09T06:20:19Z&#34;&#xA;}�[0m&#xA;�[31m�[1m&#xA;this is the `Virtualization-controller` error! not the current `Ginkgo` context error:&#xA;�[0m�[31m{&#xA;  &#34;level&#34;: &#34;error&#34;,&#xA;  &#34;msg&#34;: &#34;Reconciler error&#34;,&#xA;  &#34;err&#34;: &#34;failed to sync virtual disk data source blank: get volume and access modes: storage profile \&#34;sds-local-storage\&#34; not found: storage profile not found&#34;,&#xA;  &#34;controller&#34;: &#34;vd-controller&#34;,&#xA;  &#34;handler&#34;: &#34;&#34;,&#xA;  &#34;ds&#34;: &#34;&#34;,&#xA;  &#34;collector&#34;: &#34;&#34;,&#xA;  &#34;name&#34;: &#34;head-45bdb83d-vd-blank-not-existing-vmclass-with-creating&#34;,&#xA;  &#34;namespace&#34;: &#34;head-45bdb83d-end-to-end-sizing-policy&#34;,&#xA;  &#34;reconcileID&#34;: &#34;e9faf560-3375-4644-8a00-b1d4365a91a7&#34;,&#xA;  &#34;time&#34;: &#34;2025-10-09T06:20:19Z&#34;&#xA;}�[0m&#xA;�[31m�[1m&#xA;this is the `Virtualization-controller` error! not the current `Ginkgo` context error:&#xA;�[0m�[31m{&#xA;  &#34;level&#34;: &#34;error&#34;,&#xA;  &#34;msg&#34;: &#34;The handler failed with an error&#34;,&#xA;  &#34;err&#34;: &#34;failed to sync virtual disk data source blank: get volume and access modes: storage profile \&#34;sds-local-storage\&#34; not found: storage profile not found&#34;,&#xA;  &#34;controller&#34;: &#34;vd-controller&#34;,&#xA;  &#34;handler&#34;: &#34;LifeCycleHandler&#34;,&#xA;  &#34;ds&#34;: &#34;&#34;,&#xA;  &#34;collector&#34;: &#34;&#34;,&#xA;  &#34;name&#34;: &#34;head-45bdb83d-vd-blank-not-existing-vmclass-with-creating&#34;,&#xA;  &#34;namespace&#34;: &#34;head-45bdb83d-end-to-end-sizing-policy&#34;,&#xA;  &#34;reconcileID&#34;: &#34;4bb98401-94c3-46e0-9ccf-829d2bedca9c&#34;,&#xA;  &#34;time&#34;: &#34;2025-10-09T06:20:20Z&#34;&#xA;}�[0m&#xA;�[31m�[1m&#xA;this is the `Virtualization-controller` error! not the current `Ginkgo` context error:&#xA;�[0m�[31m{&#xA;  &#34;level&#34;: &#34;error&#34;,&#xA;  &#34;msg&#34;: &#34;Error occurred during reconciliation&#34;,&#xA;  &#34;err&#34;: &#34;failed to sync virtual disk data source blank: get volume and access modes: storage profile \&#34;sds-local-storage\&#34; not found: storage profile not found&#34;,&#xA;  &#34;controller&#34;: &#34;vd-controller&#34;,&#xA;  &#34;handler&#34;: &#34;&#34;,&#xA;  &#34;ds&#34;: &#34;&#34;,&#xA;  &#34;collector&#34;: &#34;&#34;,&#xA;  &#34;name&#34;: &#34;head-45bdb83d-vd-blank-not-existing-vmclass-with-creating&#34;,&#xA;  &#34;namespace&#34;: &#34;head-45bdb83d-end-to-end-sizing-policy&#34;,&#xA;  &#34;reconcileID&#34;: &#34;4bb98401-94c3-46e0-9ccf-829d2bedca9c&#34;,&#xA;  &#34;time&#34;: &#34;2025-10-09T06:20:20Z&#34;&#xA;}�[0m&#xA;�[31m�[1m&#xA;this is the `Virtualization-controller` error! not the current `Ginkgo` context error:&#xA;�[0m�[31m{&#xA;  &#34;level&#34;: &#34;error&#34;,&#xA;  &#34;msg&#34;: &#34;Reconciler error&#34;,&#xA;  &#34;err&#34;: &#34;failed to sync virtual disk data source blank: get volume and access modes: storage profile \&#34;sds-local-storage\&#34; not found: storage profile not found&#34;,&#xA;  &#34;controller&#34;: &#34;vd-controller&#34;,&#xA;  &#34;handler&#34;: &#34;&#34;,&#xA;  &#34;ds&#34;: &#34;&#34;,&#xA;  &#34;collector&#34;: &#34;&#34;,&#xA;  &#34;name&#34;: &#34;head-45bdb83d-vd-blank-not-existing-vmclass-with-creating&#34;,&#xA;  &#34;namespace&#34;: &#34;head-45bdb83d-end-to-end-sizing-policy&#34;,&#xA;  &#34;reconcileID&#34;: &#34;4bb98401-94c3-46e0-9ccf-829d2bedca9c&#34;,&#xA;  &#34;time&#34;: &#34;2025-10-09T06:20:20Z&#34;&#xA;}�[0m&#xA;�[31m�[1m&#xA;this is the `Virtualization-controller` error! not the current `Ginkgo` context error:&#xA;�[0m�[31m{&#xA;  &#34;level&#34;: &#34;error&#34;,&#xA;  &#34;msg&#34;: &#34;The handler failed with an error&#34;,&#xA;  &#34;err&#34;: &#34;failed to sync virtual disk data source blank: get volume and access modes: storage profile \&#34;sds-local-storage\&#34; not found: storage profile not found&#34;,&#xA;  &#34;controller&#34;: &#34;vd-controller&#34;,&#xA;  &#34;handler&#34;: &#34;LifeCycleHandler&#34;,&#xA;  &#34;ds&#34;: &#34;&#34;,&#xA;  &#34;collector&#34;: &#34;&#34;,&#xA;  &#34;name&#34;: &#34;head-45bdb83d-vd-blank-existing-vmclass&#34;,&#xA;  &#34;namespace&#34;: &#34;head-45bdb83d-end-to-end-sizing-policy&#34;,&#xA;  &#34;reconcileID&#34;: &#34;4a1de953-c007-4509-86f9-1858ad25963b&#34;,&#xA;  &#34;time&#34;: &#34;2025-10-09T06:20:20Z&#34;&#xA;}�[0m&#xA;�[31m�[1m&#xA;this is the `Virtualization-controller` error! not the current `Ginkgo` context error:&#xA;�[0m�[31m{&#xA;  &#34;level&#34;: &#34;error&#34;,&#xA;  &#34;msg&#34;: &#34;Error occurred during reconciliation&#34;,&#xA;  &#34;err&#34;: &#34;failed to sync virtual disk data source blank: get volume and access modes: storage profile \&#34;sds-local-storage\&#34; not found: storage profile not found&#34;,&#xA;  &#34;controller&#34;: &#34;vd-controller&#34;,&#xA;  &#34;handler&#34;: &#34;&#34;,&#xA;  &#34;ds&#34;: &#34;&#34;,&#xA;  &#34;collector&#34;: &#34;&#34;,&#xA;  &#34;name&#34;: &#34;head-45bdb83d-vd-blank-existing-vmclass&#34;,&#xA;  &#34;namespace&#34;: &#34;head-45bdb83d-end-to-end-sizing-policy&#34;,&#xA;  &#34;reconcileID&#34;: &#34;4a1de953-c007-4509-86f9-1858ad25963b&#34;,&#xA;  &#34;time&#34;: &#34;2025-10-09T06:20:20Z&#34;&#xA;}�[0m&#xA;�[31m�[1m&#xA;this is the `Virtualization-controller` error! not the current `Ginkgo` context error:&#xA;�[0m�[31m{&#xA;  &#34;level&#34;: &#34;error&#34;,&#xA;  &#34;msg&#34;: &#34;Reconciler error&#34;,&#xA;  &#34;err&#34;: &#34;failed to sync virtual disk data source blank: get volume and access modes: storage profile \&#34;sds-local-storage\&#34; not found: storage profile not found&#34;,&#xA;  &#34;controller&#34;: &#34;vd-controller&#34;,&#xA;  &#34;handler&#34;: &#34;&#34;,&#xA;  &#34;ds&#34;: &#34;&#34;,&#xA;  &#34;collector&#34;: &#34;&#34;,&#xA;  &#34;name&#34;: &#34;head-45bdb83d-vd-blank-existing-vmclass&#34;,&#xA;  &#34;namespace&#34;: &#34;head-45bdb83d-end-to-end-sizing-policy&#34;,&#xA;  &#34;reconcileID&#34;: &#34;4a1de953-c007-4509-86f9-1858ad25963b&#34;,&#xA;  &#34;time&#34;: &#34;2025-10-09T06:20:20Z&#34;&#xA;}�[0m&#xA;�[31m�[1m&#xA;this is the `Virtualization-controller` error! not the current `Ginkgo` context error:&#xA;�[0m�[31m{&#xA;  &#34;level&#34;: &#34;error&#34;,&#xA;  &#34;msg&#34;: &#34;The handler failed with an error&#34;,&#xA;  &#34;err&#34;: &#34;failed to sync virtual disk data source blank: get volume and access modes: storage profile \&#34;sds-local-storage\&#34; not found: storage profile not found&#34;,&#xA;  &#34;controller&#34;: &#34;vd-controller&#34;,&#xA;  &#34;handler&#34;: &#34;LifeCycleHandler&#34;,&#xA;  &#34;ds&#34;: &#34;&#34;,&#xA;  &#34;collector&#34;: &#34;&#34;,&#xA;  &#34;name&#34;: &#34;head-45bdb83d-vd-blank-existing-vmclass&#34;,&#xA;  &#34;namespace&#34;: &#34;head-45bdb83d-end-to-end-sizing-policy&#34;,&#xA;  &#34;reconcileID&#34;: &#34;431240f3-c34e-4065-8aa9-99ccea98fb17&#34;,&#xA;  &#34;time&#34;: &#34;2025-10-09T06:20:21Z&#34;&#xA;}�[0m&#xA;�[31m�[1m&#xA;this is the `Virtualization-controller` error! not the current `Ginkgo` context error:&#xA;�[0m�[31m{&#xA;  &#34;level&#34;: &#34;error&#34;,&#xA;  &#34;msg&#34;: &#34;Error occurred during reconciliation&#34;,&#xA;  &#34;err&#34;: &#34;failed to sync virtual disk data source blank: get volume and access modes: storage profile \&#34;sds-local-storage\&#34; not found: storage profile not found&#34;,&#xA;  &#34;controller&#34;: &#34;vd-controller&#34;,&#xA;  &#34;handler&#34;: &#34;&#34;,&#xA;  &#34;ds&#34;: &#34;&#34;,&#xA;  &#34;collector&#34;: &#34;&#34;,&#xA;  &#34;name&#34;: &#34;head-45bdb83d-vd-blank-existing-vmclass&#34;,&#xA;  &#34;namespace&#34;: &#34;head-45bdb83d-end-to-end-sizing-policy&#34;,&#xA;  &#34;reconcileID&#34;: &#34;431240f3-c34e-4065-8aa9-99ccea98fb17&#34;,&#xA;  &#34;time&#34;: &#34;2025-10-09T06:20:21Z&#34;&#xA;}�[0m&#xA;�[31m�[1m&#xA;this is the `Virtualization-controller` error! not the current `Ginkgo` context error:&#xA;�[0m�[31m{&#xA;  &#34;level&#34;: &#34;error&#34;,&#xA;  &#34;msg&#34;: &#34;Reconciler error&#34;,&#xA;  &#34;err&#34;: &#34;failed to sync virtual disk data source blank: get volume and access modes: storage profile \&#34;sds-local-storage\&#34; not found: storage profile not found&#34;,&#xA;  &#34;controller&#34;: &#34;vd-controller&#34;,&#xA;  &#34;handler&#34;: &#34;&#34;,&#xA;  &#34;ds&#34;: &#34;&#34;,&#xA;  &#34;collector&#34;: &#34;&#34;,&#xA;  &#34;name&#34;: &#34;head-45bdb83d-vd-blank-existing-vmclass&#34;,&#xA;  &#34;namespace&#34;: &#34;head-45bdb83d-end-to-end-sizing-policy&#34;,&#xA;  &#34;reconcileID&#34;: &#34;431240f3-c34e-4065-8aa9-99ccea98fb17&#34;,&#xA;  &#34;time&#34;: &#34;2025-10-09T06:20:21Z&#34;&#xA;}�[0m&#xA;�[31m�[1m&#xA;this is the `Virtualization-controller` error! not the current `Ginkgo` context error:&#xA;�[0m�[31m{&#xA;  &#34;level&#34;: &#34;error&#34;,&#xA;  &#34;msg&#34;: &#34;The handler failed with an error&#34;,&#xA;  &#34;err&#34;: &#34;failed to sync virtual disk data source blank: get volume and access modes: storage profile \&#34;sds-local-storage\&#34; not found: storage profile not found&#34;,&#xA;  &#34;controller&#34;: &#34;vd-controller&#34;,&#xA;  &#34;handler&#34;: &#34;LifeCycleHandler&#34;,&#xA;  &#34;ds&#34;: &#34;&#34;,&#xA;  &#34;collector&#34;: &#34;&#34;,&#xA;  &#34;name&#34;: &#34;head-45bdb83d-vd-blank-existing-vmclass&#34;,&#xA;  &#34;namespace&#34;: &#34;head-45bdb83d-end-to-end-sizing-policy&#34;,&#xA;  &#34;reconcileID&#34;: &#34;3d179543-b1fe-43f3-99fe-9d11cd4dcd09&#34;,&#xA;  &#34;time&#34;: &#34;2025-10-09T06:20:21Z&#34;&#xA;}�[0m&#xA;�[31m�[1m&#xA;this is the `Virtualization-controller` error! not the current `Ginkgo` context error:&#xA;�[0m�[31m{&#xA;  &#34;level&#34;: &#34;error&#34;,&#xA;  &#34;msg&#34;: &#34;Error occurred during reconciliation&#34;,&#xA;  &#34;err&#34;: &#34;failed to sync virtual disk data source blank: get volume and access modes: storage profile \&#34;sds-local-storage\&#34; not found: storage profile not found&#34;,&#xA;  &#34;controller&#34;: &#34;vd-controller&#34;,&#xA;  &#34;handler&#34;: &#34;&#34;,&#xA;  &#34;ds&#34;: &#34;&#34;,&#xA;  &#34;collector&#34;: &#34;&#34;,&#xA;  &#34;name&#34;: &#34;head-45bdb83d-vd-blank-existing-vmclass&#34;,&#xA;  &#34;namespace&#34;: &#34;head-45bdb83d-end-to-end-sizing-policy&#34;,&#xA;  &#34;reconcileID&#34;: &#34;3d179543-b1fe-43f3-99fe-9d11cd4dcd09&#34;,&#xA;  &#34;time&#34;: &#34;2025-10-09T06:20:21Z&#34;&#xA;}�[0m&#xA;�[31m�[1m&#xA;this is the `Virtualization-controller` error! not the current `Ginkgo` context error:&#xA;�[0m�[31m{&#xA;  &#34;level&#34;: &#34;error&#34;,&#xA;  &#34;msg&#34;: &#34;Reconciler error&#34;,&#xA;  &#34;err&#34;: &#34;failed to sync virtual disk data source blank: get volume and access modes: storage profile \&#34;sds-local-storage\&#34; not found: storage profile not found&#34;,&#xA;  &#34;controller&#34;: &#34;vd-controller&#34;,&#xA;  &#34;handler&#34;: &#34;&#34;,&#xA;  &#34;ds&#34;: &#34;&#34;,&#xA;  &#34;collector&#34;: &#34;&#34;,&#xA;  &#34;name&#34;: &#34;head-45bdb83d-vd-blank-existing-vmclass&#34;,&#xA;  &#34;namespace&#34;: &#34;head-45bdb83d-end-to-end-sizing-policy&#34;,&#xA;  &#34;reconcileID&#34;: &#34;3d179543-b1fe-43f3-99fe-9d11cd4dcd09&#34;,&#xA;  &#34;time&#34;: &#34;2025-10-09T06:20:21Z&#34;&#xA;}�[0m&#xA;�[31m�[1m&#xA;this is the `Virtualization-controller` error! not the current `Ginkgo` context error:&#xA;�[0m�[31m{&#xA;  &#34;level&#34;: &#34;error&#34;,&#xA;  &#34;msg&#34;: &#34;The handler failed with an error&#34;,&#xA;  &#34;err&#34;: &#34;failed to sync virtual disk data source blank: get volume and access modes: storage profile \&#34;sds-local-storage\&#34; not found: storage profile not found&#34;,&#xA;  &#34;controller&#34;: &#34;vd-controller&#34;,&#xA;  &#34;handler&#34;: &#34;LifeCycleHandler&#34;,&#xA;  &#34;ds&#34;: &#34;&#34;,&#xA;  &#34;collector&#34;: &#34;&#34;,&#xA;  &#34;name&#34;: &#34;head-45bdb83d-vd-blank-not-existing-vmclass-with-changing&#34;,&#xA;  &#34;namespace&#34;: &#34;head-45bdb83d-end-to-end-sizing-policy&#34;,&#xA;  &#34;reconcileID&#34;: &#34;a693e670-9fa9-4f32-9f41-60c0c3b81c6d&#34;,&#xA;  &#34;time&#34;: &#34;2025-10-09T06:20:21Z&#34;&#xA;}�[0m&#xA;�[31m�[1m&#xA;this is the `Virtualization-controller` error! not the current `Ginkgo` context error:&#xA;�[0m�[31m{&#xA;  &#34;level&#34;: &#34;error&#34;,&#xA;  &#34;msg&#34;: &#34;Error occurred during reconciliation&#34;,&#xA;  &#34;err&#34;: &#34;failed to sync virtual disk data source blank: get volume and access modes: storage profile \&#34;sds-local-storage\&#34; not found: storage profile not found&#34;,&#xA;  &#34;controller&#34;: &#34;vd-controller&#34;,&#xA;  &#34;handler&#34;: &#34;&#34;,&#xA;  &#34;ds&#34;: &#34;&#34;,&#xA;  &#34;collector&#34;: &#34;&#34;,&#xA;  &#34;name&#34;: &#34;head-45bdb83d-vd-blank-not-existing-vmclass-with-changing&#34;,&#xA;  &#34;namespace&#34;: &#34;head-45bdb83d-end-to-end-sizing-policy&#34;,&#xA;  &#34;reconcileID&#34;: &#34;a693e670-9fa9-4f32-9f41-60c0c3b81c6d&#34;,&#xA;  &#34;time&#34;: &#34;2025-10-09T06:20:21Z&#34;&#xA;}�[0m&#xA;�[31m�[1m&#xA;this is the `Virtualization-controller` error! not the current `Ginkgo` context error:&#xA;�[0m�[31m{&#xA;  &#34;level&#34;: &#34;error&#34;,&#xA;  &#34;msg&#34;: &#34;Reconciler error&#34;,&#xA;  &#34;err&#34;: &#34;failed to sync virtual disk data source blank: get volume and access modes: storage profile \&#34;sds-local-storage\&#34; not found: storage profile not found&#34;,&#xA;  &#34;controller&#34;: &#34;vd-controller&#34;,&#xA;  &#34;handler&#34;: &#34;&#34;,&#xA;  &#34;ds&#34;: &#34;&#34;,&#xA;  &#34;collector&#34;: &#34;&#34;,&#xA;  &#34;name&#34;: &#34;head-45bdb83d-vd-blank-not-existing-vmclass-with-changing&#34;,&#xA;  &#34;namespace&#34;: &#34;head-45bdb83d-end-to-end-sizing-policy&#34;,&#xA;  &#34;reconcileID&#34;: &#34;a693e670-9fa9-4f32-9f41-60c0c3b81c6d&#34;,&#xA;  &#34;time&#34;: &#34;2025-10-09T06:20:21Z&#34;&#xA;}�[0m&#xA;�[31m�[1m&#xA;this is the `Virtualization-controller` error! not the current `Ginkgo` context error:&#xA;�[0m�[31m{&#xA;  &#34;level&#34;: &#34;error&#34;,&#xA;  &#34;msg&#34;: &#34;The handler failed with an error&#34;,&#xA;  &#34;err&#34;: &#34;failed to sync virtual disk data source blank: get volume and access modes: storage profile \&#34;sds-local-storage\&#34; not found: storage profile not found&#34;,&#xA;  &#34;controller&#34;: &#34;vd-controller&#34;,&#xA;  &#34;handler&#34;: &#34;LifeCycleHandler&#34;,&#xA;  &#34;ds&#34;: &#34;&#34;,&#xA;  &#34;collector&#34;: &#34;&#34;,&#xA;  &#34;name&#34;: &#34;head-45bdb83d-vd-blank-not-existing-vmclass-with-changing&#34;,&#xA;  &#34;namespace&#34;: &#34;head-45bdb83d-end-to-end-sizing-policy&#34;,&#xA;  &#34;reconcileID&#34;: &#34;3bf5a1ef-dfc5-4229-a0d5-5220d84573d1&#34;,&#xA;  &#34;time&#34;: &#34;2025-10-09T06:20:21Z&#34;&#xA;}�[0m&#xA;�[31m�[1m&#xA;this is the `Virtualization-controller` error! not the current `Ginkgo` context error:&#xA;�[0m�[31m{&#xA;  &#34;level&#34;: &#34;error&#34;,&#xA;  &#34;msg&#34;: &#34;Error occurred during reconciliation&#34;,&#xA;  &#34;err&#34;: &#34;failed to sync virtual disk data source blank: get volume and access modes: storage profile \&#34;sds-local-storage\&#34; not found: storage profile not found&#34;,&#xA;  &#34;controller&#34;: &#34;vd-controller&#34;,&#xA;  &#34;handler&#34;: &#34;&#34;,&#xA;  &#34;ds&#34;: &#34;&#34;,&#xA;  &#34;collector&#34;: &#34;&#34;,&#xA;  &#34;name&#34;: &#34;head-45bdb83d-vd-blank-not-existing-vmclass-with-changing&#34;,&#xA;  &#34;namespace&#34;: &#34;head-45bdb83d-end-to-end-sizing-policy&#34;,&#xA;  &#34;reconcileID&#34;: &#34;3bf5a1ef-dfc5-4229-a0d5-5220d84573d1&#34;,&#xA;  &#34;time&#34;: &#34;2025-10-09T06:20:21Z&#34;&#xA;}�[0m&#xA;�[31m�[1m&#xA;this is the `Virtualization-controller` error! not the current `Ginkgo` context error:&#xA;�[0m�[31m{&#xA;  &#34;level&#34;: &#34;error&#34;,&#xA;  &#34;msg&#34;: &#34;Reconciler error&#34;,&#xA;  &#34;err&#34;: &#34;failed to sync virtual disk data source blank: get volume and access modes: storage profile \&#34;sds-local-storage\&#34; not found: storage profile not found&#34;,&#xA;  &#34;controller&#34;: &#34;vd-controller&#34;,&#xA;  &#34;handler&#34;: &#34;&#34;,&#xA;  &#34;ds&#34;: &#34;&#34;,&#xA;  &#34;collector&#34;: &#34;&#34;,&#xA;  &#34;name&#34;: &#34;head-45bdb83d-vd-blank-not-existing-vmclass-with-changing&#34;,&#xA;  &#34;namespace&#34;: &#34;head-45bdb83d-end-to-end-sizing-policy&#34;,&#xA;  &#34;reconcileID&#34;: &#34;3bf5a1ef-dfc5-4229-a0d5-5220d84573d1&#34;,&#xA;  &#34;time&#34;: &#34;2025-10-09T06:20:21Z&#34;&#xA;}�[0m&#xA;�[31m�[1m&#xA;this is the `Virtualization-controller` error! not the current `Ginkgo` context error:&#xA;�[0m�[31m{&#xA;  &#34;level&#34;: &#34;error&#34;,&#xA;  &#34;msg&#34;: &#34;The handler failed with an error&#34;,&#xA;  &#34;err&#34;: &#34;failed to sync virtual disk data source blank: get volume and access modes: storage profile \&#34;sds-local-storage\&#34; not found: storage profile not found&#34;,&#xA;  &#34;controller&#34;: &#34;vd-controller&#34;,&#xA;  &#34;handler&#34;: &#34;LifeCycleHandler&#34;,&#xA;  &#34;ds&#34;: &#34;&#34;,&#xA;  &#34;collector&#34;: &#34;&#34;,&#xA;  &#34;name&#34;: &#34;head-45bdb83d-vd-blank-not-existing-vmclass-with-changing&#34;,&#xA;  &#34;namespace&#34;: &#34;head-45bdb83d-end-to-end-sizing-policy&#34;,&#xA;  &#34;reconcileID&#34;: &#34;e69e4e8e-e683-4dee-b326-dc2e25ed3f8f&#34;,&#xA;  &#34;time&#34;: &#34;2025-10-09T06:20:21Z&#34;&#xA;}�[0m&#xA;�[31m�[1m&#xA;this is the `Virtualization-controller` error! not the current `Ginkgo` context error:&#xA;�[0m�[31m{&#xA;  &#34;level&#34;: &#34;error&#34;,&#xA;  &#34;msg&#34;: &#34;Error occurred during reconciliation&#34;,&#xA;  &#34;err&#34;: &#34;failed to sync virtual disk data source blank: get volume and access modes: storage profile \&#34;sds-local-storage\&#34; not found: storage profile not found&#34;,&#xA;  &#34;controller&#34;: &#34;vd-controller&#34;,&#xA;  &#34;handler&#34;: &#34;&#34;,&#xA;  &#34;ds&#34;: &#34;&#34;,&#xA;  &#34;collector&#34;: &#34;&#34;,&#xA;  &#34;name&#34;: &#34;head-45bdb83d-vd-blank-not-existing-vmclass-with-changing&#34;,&#xA;  &#34;namespace&#34;: &#34;head-45bdb83d-end-to-end-sizing-policy&#34;,&#xA;  &#34;reconcileID&#34;: &#34;e69e4e8e-e683-4dee-b326-dc2e25ed3f8f&#34;,&#xA;  &#34;time&#34;: &#34;2025-10-09T06:20:21Z&#34;&#xA;}�[0m&#xA;�[31m�[1m&#xA;this is the `Virtualization-controller` error! not the current `Ginkgo` context error:&#xA;�[0m�[31m{&#xA;  &#34;level&#34;: &#34;error&#34;,&#xA;  &#34;msg&#34;: &#34;Reconciler error&#34;,&#xA;  &#34;err&#34;: &#34;failed to sync virtual disk data source blank: get volume and access modes: storage profile \&#34;sds-local-storage\&#34; not found: storage profile not found&#34;,&#xA;  &#34;controller&#34;: &#34;vd-controller&#34;,&#xA;  &#34;handler&#34;: &#34;&#34;,&#xA;  &#34;ds&#34;: &#34;&#34;,&#xA;  &#34;collector&#34;: &#34;&#34;,&#xA;  &#34;name&#34;: &#34;head-45bdb83d-vd-blank-not-existing-vmclass-with-changing&#34;,&#xA;  &#34;namespace&#34;: &#34;head-45bdb83d-end-to-end-sizing-policy&#34;,&#xA;  &#34;reconcileID&#34;: &#34;e69e4e8e-e683-4dee-b326-dc2e25ed3f8f&#34;,&#xA;  &#34;time&#34;: &#34;2025-10-09T06:20:21Z&#34;&#xA;}�[0m&#xA;�[31m�[1m&#xA;this is the `Virtualization-controller` error! not the current `Ginkgo` context error:&#xA;�[0m�[31m{&#xA;  &#34;level&#34;: &#34;error&#34;,&#xA;  &#34;msg&#34;: &#34;The handler failed with an error&#34;,&#xA;  &#34;err&#34;: &#34;failed to sync virtual disk data source blank: get volume and access modes: storage profile \&#34;sds-local-storage\&#34; not found: storage profile not found&#34;,&#xA;  &#34;controller&#34;: &#34;vd-controller&#34;,&#xA;  &#34;handler&#34;: &#34;LifeCycleHandler&#34;,&#xA;  &#34;ds&#34;: &#34;&#34;,&#xA;  &#34;collector&#34;: &#34;&#34;,&#xA;  &#34;name&#34;: &#34;head-45bdb83d-vd-blank-not-existing-vmclass-with-creating&#34;,&#xA;  &#34;namespace&#34;: &#34;head-45bdb83d-end-to-end-sizing-policy&#34;,&#xA;  &#34;reconcileID&#34;: &#34;811fe1f6-9ead-44bc-8418-e496916ba92c&#34;,&#xA;  &#34;time&#34;: &#34;2025-10-09T06:20:21Z&#34;&#xA;}�[0m&#xA;�[31m�[1m&#xA;this is the `Virtualization-controller` error! not the current `Ginkgo` context error:&#xA;�[0m�[31m{&#xA;  &#34;level&#34;: &#34;error&#34;,&#xA;  &#34;msg&#34;: &#34;Error occurred during reconciliation&#34;,&#xA;  &#34;err&#34;: &#34;failed to sync virtual disk data source blank: get volume and access modes: storage profile \&#34;sds-local-storage\&#34; not found: storage profile not found&#34;,&#xA;  &#34;controller&#34;: &#34;vd-controller&#34;,&#xA;  &#34;handler&#34;: &#34;&#34;,&#xA;  &#34;ds&#34;: &#34;&#34;,&#xA;  &#34;collector&#34;: &#34;&#34;,&#xA;  &#34;name&#34;: &#34;head-45bdb83d-vd-blank-not-existing-vmclass-with-creating&#34;,&#xA;  &#34;namespace&#34;: &#34;head-45bdb83d-end-to-end-sizing-policy&#34;,&#xA;  &#34;reconcileID&#34;: &#34;811fe1f6-9ead-44bc-8418-e496916ba92c&#34;,&#xA;  &#34;time&#34;: &#34;2025-10-09T06:20:21Z&#34;&#xA;}�[0m&#xA;�[31m�[1m&#xA;this is the `Virtualization-controller` error! not the current `Ginkgo` context error:&#xA;�[0m�[31m{&#xA;  &#34;level&#34;: &#34;error&#34;,&#xA;  &#34;msg&#34;: &#34;Reconciler error&#34;,&#xA;  &#34;err&#34;: &#34;failed to sync virtual disk data source blank: get volume and access modes: storage profile \&#34;sds-local-storage\&#34; not found: storage profile not found&#34;,&#xA;  &#34;controller&#34;: &#34;vd-controller&#34;,&#xA;  &#34;handler&#34;: &#34;&#34;,&#xA;  &#34;ds&#34;: &#34;&#34;,&#xA;  &#34;collector&#34;: &#34;&#34;,&#xA;  &#34;name&#34;: &#34;head-45bdb83d-vd-blank-not-existing-vmclass-with-creating&#34;,&#xA;  &#34;namespace&#34;: &#34;head-45bdb83d-end-to-end-sizing-policy&#34;,&#xA;  &#34;reconcileID&#34;: &#34;811fe1f6-9ead-44bc-8418-e496916ba92c&#34;,&#xA;  &#34;time&#34;: &#34;2025-10-09T06:20:21Z&#34;&#xA;}�[0m&#xA;�[31m�[1m&#xA;this is the `Virtualization-controller` error! not the current `Ginkgo` context error:&#xA;�[0m�[31m{&#xA;  &#34;level&#34;: &#34;error&#34;,&#xA;  &#34;msg&#34;: &#34;The handler failed with an error&#34;,&#xA;  &#34;err&#34;: &#34;failed to sync virtual disk data source blank: get volume and access modes: storage profile \&#34;sds-local-storage\&#34; not found: storage profile not found&#34;,&#xA;  &#34;controller&#34;: &#34;vd-controller&#34;,&#xA;  &#34;handler&#34;: &#34;LifeCycleHandler&#34;,&#xA;  &#34;ds&#34;: &#34;&#34;,&#xA;  &#34;collector&#34;: &#34;&#34;,&#xA;  &#34;name&#34;: &#34;head-45bdb83d-vd-blank-not-existing-vmclass-with-creating&#34;,&#xA;  &#34;namespace&#34;: &#34;head-45bdb83d-end-to-end-sizing-policy&#34;,&#xA;  &#34;reconcileID&#34;: &#34;0e7a30dc-6e38-4c1d-b7a6-ad4d7f6efb98&#34;,&#xA;  &#34;time&#34;: &#34;2025-10-09T06:20:21Z&#34;&#xA;}�[0m&#xA;�[31m�[1m&#xA;this is the `Virtualization-controller` error! not the current `Ginkgo` context error:&#xA;�[0m�[31m{&#xA;  &#34;level&#34;: &#34;error&#34;,&#xA;  &#34;msg&#34;: &#34;Error occurred during reconciliation&#34;,&#xA;  &#34;err&#34;: &#34;failed to sync virtual disk data source blank: get volume and access modes: storage profile \&#34;sds-local-storage\&#34; not found: storage profile not found&#34;,&#xA;  &#34;controller&#34;: &#34;vd-controller&#34;,&#xA;  &#34;handler&#34;: &#34;&#34;,&#xA;  &#34;ds&#34;: &#34;&#34;,&#xA;  &#34;collector&#34;: &#34;&#34;,&#xA;  &#34;name&#34;: &#34;head-45bdb83d-vd-blank-not-existing-vmclass-with-creating&#34;,&#xA;  &#34;namespace&#34;: &#34;head-45bdb83d-end-to-end-sizing-policy&#34;,&#xA;  &#34;reconcileID&#34;: &#34;0e7a30dc-6e38-4c1d-b7a6-ad4d7f6efb98&#34;,&#xA;  &#34;time&#34;: &#34;2025-10-09T06:20:21Z&#34;&#xA;}�[0m&#xA;�[31m�[1m&#xA;this is the `Virtualization-controller` error! not the current `Ginkgo` context error:&#xA;�[0m�[31m{&#xA;  &#34;level&#34;: &#34;error&#34;,&#xA;  &#34;msg&#34;: &#34;Reconciler error&#34;,&#xA;  &#34;err&#34;: &#34;failed to sync virtual disk data source blank: get volume and access modes: storage profile \&#34;sds-local-storage\&#34; not found: storage profile not found&#34;,&#xA;  &#34;controller&#34;: &#34;vd-controller&#34;,&#xA;  &#34;handler&#34;: &#34;&#34;,&#xA;  &#34;ds&#34;: &#34;&#34;,&#xA;  &#34;collector&#34;: &#34;&#34;,&#xA;  &#34;name&#34;: &#34;head-45bdb83d-vd-blank-not-existing-vmclass-with-creating&#34;,&#xA;  &#34;namespace&#34;: &#34;head-45bdb83d-end-to-end-sizing-policy&#34;,&#xA;  &#34;reconcileID&#34;: &#34;0e7a30dc-6e38-4c1d-b7a6-ad4d7f6efb98&#34;,&#xA;  &#34;time&#34;: &#34;2025-10-09T06:20:21Z&#34;&#xA;}�[0m&#xA;�[31m�[1m&#xA;this is the `Virtualization-controller` error! not the current `Ginkgo` context error:&#xA;�[0m�[31m{&#xA;  &#34;level&#34;: &#34;error&#34;,&#xA;  &#34;msg&#34;: &#34;The handler failed with an error&#34;,&#xA;  &#34;err&#34;: &#34;failed to sync virtual disk data source blank: get volume and access modes: storage profile \&#34;sds-local-storage\&#34; not found: storage profile not found&#34;,&#xA;  &#34;controller&#34;: &#34;vd-controller&#34;,&#xA;  &#34;handler&#34;: &#34;LifeCycleHandler&#34;,&#xA;  &#34;ds&#34;: &#34;&#34;,&#xA;  &#34;collector&#34;: &#34;&#34;,&#xA;  &#34;name&#34;: &#34;head-45bdb83d-vd-blank-not-existing-vmclass-with-creating&#34;,&#xA;  &#34;namespace&#34;: &#34;head-45bdb83d-end-to-end-sizing-policy&#34;,&#xA;  &#34;reconcileID&#34;: &#34;75097761-c663-48fa-a462-831fe3d5b0e3&#34;,&#xA;  &#34;time&#34;: &#34;2025-10-09T06:20:21Z&#34;&#xA;}�[0m&#xA;�[31m�[1m&#xA;this is the `Virtualization-controller` error! not the current `Ginkgo` context error:&#xA;�[0m�[31m{&#xA;  &#34;level&#34;: &#34;error&#34;,&#xA;  &#34;msg&#34;: &#34;Error occurred during reconciliation&#34;,&#xA;  &#34;err&#34;: &#34;failed to sync virtual disk data source blank: get volume and access modes: storage profile \&#34;sds-local-storage\&#34; not found: storage profile not found&#34;,&#xA;  &#34;controller&#34;: &#34;vd-controller&#34;,&#xA;  &#34;handler&#34;: &#34;&#34;,&#xA;  &#34;ds&#34;: &#34;&#34;,&#xA;  &#34;collector&#34;: &#34;&#34;,&#xA;  &#34;name&#34;: &#34;head-45bdb83d-vd-blank-not-existing-vmclass-with-creating&#34;,&#xA;  &#34;namespace&#34;: &#34;head-45bdb83d-end-to-end-sizing-policy&#34;,&#xA;  &#34;reconcileID&#34;: &#34;75097761-c663-48fa-a462-831fe3d5b0e3&#34;,&#xA;  &#34;time&#34;: &#34;2025-10-09T06:20:21Z&#34;&#xA;}�[0m&#xA;�[31m�[1m&#xA;this is the `Virtualization-controller` error! not the current `Ginkgo` context error:&#xA;�[0m�[31m{&#xA;  &#34;level&#34;: &#34;error&#34;,&#xA;  &#34;msg&#34;: &#34;Reconciler error&#34;,&#xA;  &#34;err&#34;: &#34;failed to sync virtual disk data source blank: get volume and access modes: storage profile \&#34;sds-local-storage\&#34; not found: storage profile not found&#34;,&#xA;  &#34;controller&#34;: &#34;vd-controller&#34;,&#xA;  &#34;handler&#34;: &#34;&#34;,&#xA;  &#34;ds&#34;: &#34;&#34;,&#xA;  &#34;collector&#34;: &#34;&#34;,&#xA;  &#34;name&#34;: &#34;head-45bdb83d-vd-blank-not-existing-vmclass-with-creating&#34;,&#xA;  &#34;namespace&#34;: &#34;head-45bdb83d-end-to-end-sizing-policy&#34;,&#xA;  &#34;reconcileID&#34;: &#34;75097761-c663-48fa-a462-831fe3d5b0e3&#34;,&#xA;  &#34;time&#34;: &#34;2025-10-09T06:20:21Z&#34;&#xA;}�[0m&#xA;�[31m�[1m&#xA;this is the `Virtualization-controller` error! not the current `Ginkgo` context error:&#xA;�[0m�[31m{&#xA;  &#34;level&#34;: &#34;error&#34;,&#xA;  &#34;msg&#34;: &#34;The handler failed with an error&#34;,&#xA;  &#34;err&#34;: &#34;failed to sync virtual disk data source blank: get volume and access modes: storage profile \&#34;sds-local-storage\&#34; not found: storage profile not found&#34;,&#xA;  &#34;controller&#34;: &#34;vd-controller&#34;,&#xA;  &#34;handler&#34;: &#34;LifeCycleHandler&#34;,&#xA;  &#34;ds&#34;: &#34;&#34;,&#xA;  &#34;collector&#34;: &#34;&#34;,&#xA;  &#34;name&#34;: &#34;head-45bdb83d-vd-blank-existing-vmclass&#34;,&#xA;  &#34;namespace&#34;: &#34;head-45bdb83d-end-to-end-sizing-policy&#34;,&#xA;  &#34;reconcileID&#34;: &#34;a1e2ee14-b66a-4ccd-abda-898625c981d5&#34;,&#xA;  &#34;time&#34;: &#34;2025-10-09T06:20:23Z&#34;&#xA;}�[0m&#xA;�[31m�[1m&#xA;this is the `Virtualization-controller` error! not the current `Ginkgo` context error:&#xA;�[0m�[31m{&#xA;  &#34;level&#34;: &#34;error&#34;,&#xA;  &#34;msg&#34;: &#34;Error occurred during reconciliation&#34;,&#xA;  &#34;err&#34;: &#34;failed to sync virtual disk data source blank: get volume and access modes: storage profile \&#34;sds-local-storage\&#34; not found: storage profile not found&#34;,&#xA;  &#34;controller&#34;: &#34;vd-controller&#34;,&#xA;  &#34;handler&#34;: &#34;&#34;,&#xA;  &#34;ds&#34;: &#34;&#34;,&#xA;  &#34;collector&#34;: &#34;&#34;,&#xA;  &#34;name&#34;: &#34;head-45bdb83d-vd-blank-existing-vmclass&#34;,&#xA;  &#34;namespace&#34;: &#34;head-45bdb83d-end-to-end-sizing-policy&#34;,&#xA;  &#34;reconcileID&#34;: &#34;a1e2ee14-b66a-4ccd-abda-898625c981d5&#34;,&#xA;  &#34;time&#34;: &#34;2025-10-09T06:20:23Z&#34;&#xA;}�[0m&#xA;�[31m�[1m&#xA;this is the `Virtualization-controller` error! not the current `Ginkgo` context error:&#xA;�[0m�[31m{&#xA;  &#34;level&#34;: &#34;error&#34;,&#xA;  &#34;msg&#34;: &#34;Reconciler error&#34;,&#xA;  &#34;err&#34;: &#34;failed to sync virtual disk data source blank: get volume and access modes: storage profile \&#34;sds-local-storage\&#34; not found: storage profile not found&#34;,&#xA;  &#34;controller&#34;: &#34;vd-controller&#34;,&#xA;  &#34;handler&#34;: &#34;&#34;,&#xA;  &#34;ds&#34;: &#34;&#34;,&#xA;  &#34;collector&#34;: &#34;&#34;,&#xA;  &#34;name&#34;: &#34;head-45bdb83d-vd-blank-existing-vmclass&#34;,&#xA;  &#34;namespace&#34;: &#34;head-45bdb83d-end-to-end-sizing-policy&#34;,&#xA;  &#34;reconcileID&#34;: &#34;a1e2ee14-b66a-4ccd-abda-898625c981d5&#34;,&#xA;  &#34;time&#34;: &#34;2025-10-09T06:20:23Z&#34;&#xA;}�[0m&#xA;�[31m�[1m&#xA;this is the `Virtualization-controller` error! not the current `Ginkgo` context error:&#xA;�[0m�[31m{&#xA;  &#34;level&#34;: &#34;error&#34;,&#xA;  &#34;msg&#34;: &#34;The handler failed with an error&#34;,&#xA;  &#34;err&#34;: &#34;failed to sync virtual disk data source blank: get volume and access modes: storage profile \&#34;sds-local-storage\&#34; not found: storage profile not found&#34;,&#xA;  &#34;controller&#34;: &#34;vd-controller&#34;,&#xA;  &#34;handler&#34;: &#34;LifeCycleHandler&#34;,&#xA;  &#34;ds&#34;: &#34;&#34;,&#xA;  &#34;collector&#34;: &#34;&#34;,&#xA;  &#34;name&#34;: &#34;head-45bdb83d-vd-blank-existing-vmclass&#34;,&#xA;  &#34;namespace&#34;: &#34;head-45bdb83d-end-to-end-sizing-policy&#34;,&#xA;  &#34;reconcileID&#34;: &#34;563804d6-7105-4ea4-9f8f-17c11f52dd36&#34;,&#xA;  &#34;time&#34;: &#34;2025-10-09T06:20:23Z&#34;&#xA;}�[0m&#xA;�[31m�[1m&#xA;this is the `Virtualization-controller` error! not the current `Ginkgo` context error:&#xA;�[0m�[31m{&#xA;  &#34;level&#34;: &#34;error&#34;,&#xA;  &#34;msg&#34;: &#34;Error occurred during reconciliation&#34;,&#xA;  &#34;err&#34;: &#34;failed to sync virtual disk data source blank: get volume and access modes: storage profile \&#34;sds-local-storage\&#34; not found: storage profile not found&#34;,&#xA;  &#34;controller&#34;: &#34;vd-controller&#34;,&#xA;  &#34;handler&#34;: &#34;&#34;,&#xA;  &#34;ds&#34;: &#34;&#34;,&#xA;  &#34;collector&#34;: &#34;&#34;,&#xA;  &#34;name&#34;: &#34;head-45bdb83d-vd-blank-existing-vmclass&#34;,&#xA;  &#34;namespace&#34;: &#34;head-45bdb83d-end-to-end-sizing-policy&#34;,&#xA;  &#34;reconcileID&#34;: &#34;563804d6-7105-4ea4-9f8f-17c11f52dd36&#34;,&#xA;  &#34;time&#34;: &#34;2025-10-09T06:20:23Z&#34;&#xA;}�[0m&#xA;�[31m�[1m&#xA;this is the `Virtualization-controller` error! not the current `Ginkgo` context error:&#xA;�[0m�[31m{&#xA;  &#34;level&#34;: &#34;error&#34;,&#xA;  &#34;msg&#34;: &#34;Reconciler error&#34;,&#xA;  &#34;err&#34;: &#34;failed to sync virtual disk data source blank: get volume and access modes: storage profile \&#34;sds-local-storage\&#34; not found: storage profile not found&#34;,&#xA;  &#34;controller&#34;: &#34;vd-controller&#34;,&#xA;  &#34;handler&#34;: &#34;&#34;,&#xA;  &#34;ds&#34;: &#34;&#34;,&#xA;  &#34;collector&#34;: &#34;&#34;,&#xA;  &#34;name&#34;: &#34;head-45bdb83d-vd-blank-existing-vmclass&#34;,&#xA;  &#34;namespace&#34;: &#34;head-45bdb83d-end-to-end-sizing-policy&#34;,&#xA;  &#34;reconcileID&#34;: &#34;563804d6-7105-4ea4-9f8f-17c11f52dd36&#34;,&#xA;  &#34;time&#34;: &#34;2025-10-09T06:20:23Z&#34;&#xA;}�[0m&#xA;�[31m�[1m&#xA;this is the `Virtualization-controller` error! not the current `Ginkgo` context error:&#xA;�[0m�[31m{&#xA;  &#34;level&#34;: &#34;error&#34;,&#xA;  &#34;msg&#34;: &#34;The handler failed with an error&#34;,&#xA;  &#34;err&#34;: &#34;failed to sync virtual disk data source blank: get volume and access modes: storage profile \&#34;sds-local-storage\&#34; not found: storage profile not found&#34;,&#xA;  &#34;controller&#34;: &#34;vd-controller&#34;,&#xA;  &#34;handler&#34;: &#34;LifeCycleHandler&#34;,&#xA;  &#34;ds&#34;: &#34;&#34;,&#xA;  &#34;collector&#34;: &#34;&#34;,&#xA;  &#34;name&#34;: &#34;head-45bdb83d-vd-blank-not-existing-vmclass-with-changing&#34;,&#xA;  &#34;namespace&#34;: &#34;head-45bdb83d-end-to-end-sizing-policy&#34;,&#xA;  &#34;reconcileID&#34;: &#34;50706e3d-c34f-4b9a-87a5-3915e3623d40&#34;,&#xA;  &#34;time&#34;: &#34;2025-10-09T06:20:23Z&#34;&#xA;}�[0m&#xA;�[31m�[1m&#xA;this is the `Virtualization-controller` error! not the current `Ginkgo` context error:&#xA;�[0m�[31m{&#xA;  &#34;level&#34;: &#34;error&#34;,&#xA;  &#34;msg&#34;: &#34;Error occurred during reconciliation&#34;,&#xA;  &#34;err&#34;: &#34;failed to sync virtual disk data source blank: get volume and access modes: storage profile \&#34;sds-local-storage\&#34; not found: storage profile not found&#34;,&#xA;  &#34;controller&#34;: &#34;vd-controller&#34;,&#xA;  &#34;handler&#34;: &#34;&#34;,&#xA;  &#34;ds&#34;: &#34;&#34;,&#xA;  &#34;collector&#34;: &#34;&#34;,&#xA;  &#34;name&#34;: &#34;head-45bdb83d-vd-blank-not-existing-vmclass-with-changing&#34;,&#xA;  &#34;namespace&#34;: &#34;head-45bdb83d-end-to-end-sizing-policy&#34;,&#xA;  &#34;reconcileID&#34;: &#34;50706e3d-c34f-4b9a-87a5-3915e3623d40&#34;,&#xA;  &#34;time&#34;: &#34;2025-10-09T06:20:23Z&#34;&#xA;}�[0m&#xA;�[31m�[1m&#xA;this is the `Virtualization-controller` error! not the current `Ginkgo` context error:&#xA;�[0m�[31m{&#xA;  &#34;level&#34;: &#34;error&#34;,&#xA;  &#34;msg&#34;: &#34;Reconciler error&#34;,&#xA;  &#34;err&#34;: &#34;failed to sync virtual disk data source blank: get volume and access modes: storage profile \&#34;sds-local-storage\&#34; not found: storage profile not found&#34;,&#xA;  &#34;controller&#34;: &#34;vd-controller&#34;,&#xA;  &#34;handler&#34;: &#34;&#34;,&#xA;  &#34;ds&#34;: &#34;&#34;,&#xA;  &#34;collector&#34;: &#34;&#34;,&#xA;  &#34;name&#34;: &#34;head-45bdb83d-vd-blank-not-existing-vmclass-with-changing&#34;,&#xA;  &#34;namespace&#34;: &#34;head-45bdb83d-end-to-end-sizing-policy&#34;,&#xA;  &#34;reconcileID&#34;: &#34;50706e3d-c34f-4b9a-87a5-3915e3623d40&#34;,&#xA;  &#34;time&#34;: &#34;2025-10-09T06:20:23Z&#34;&#xA;}�[0m&#xA;�[31m�[1m&#xA;this is the `Virtualization-controller` error! not the current `Ginkgo` context error:&#xA;�[0m�[31m{&#xA;  &#34;level&#34;: &#34;error&#34;,&#xA;  &#34;msg&#34;: &#34;The handler failed with an error&#34;,&#xA;  &#34;err&#34;: &#34;failed to sync virtual disk data source blank: get volume and access modes: storage profile \&#34;sds-local-storage\&#34; not found: storage profile not found&#34;,&#xA;  &#34;controller&#34;: &#34;vd-controller&#34;,&#xA;  &#34;handler&#34;: &#34;LifeCycleHandler&#34;,&#xA;  &#34;ds&#34;: &#34;&#34;,&#xA;  &#34;collector&#34;: &#34;&#34;,&#xA;  &#34;name&#34;: &#34;head-45bdb83d-vd-blank-not-existing-vmclass-with-changing&#34;,&#xA;  &#34;namespace&#34;: &#34;head-45bdb83d-end-to-end-sizing-policy&#34;,&#xA;  &#34;reconcileID&#34;: &#34;eee23e64-75ff-4215-a62d-7f9793d8cf39&#34;,&#xA;  &#34;time&#34;: &#34;2025-10-09T06:20:23Z&#34;&#xA;}�[0m&#xA;�[31m�[1m&#xA;this is the `Virtualization-controller` error! not the current `Ginkgo` context error:&#xA;�[0m�[31m{&#xA;  &#34;level&#34;: &#34;error&#34;,&#xA;  &#34;msg&#34;: &#34;Error occurred during reconciliation&#34;,&#xA;  &#34;err&#34;: &#34;failed to sync virtual disk data source blank: get volume and access modes: storage profile \&#34;sds-local-storage\&#34; not found: storage profile not found&#34;,&#xA;  &#34;controller&#34;: &#34;vd-controller&#34;,&#xA;  &#34;handler&#34;: &#34;&#34;,&#xA;  &#34;ds&#34;: &#34;&#34;,&#xA;  &#34;collector&#34;: &#34;&#34;,&#xA;  &#34;name&#34;: &#34;head-45bdb83d-vd-blank-not-existing-vmclass-with-changing&#34;,&#xA;  &#34;namespace&#34;: &#34;head-45bdb83d-end-to-end-sizing-policy&#34;,&#xA;  &#34;reconcileID&#34;: &#34;eee23e64-75ff-4215-a62d-7f9793d8cf39&#34;,&#xA;  &#34;time&#34;: &#34;2025-10-09T06:20:23Z&#34;&#xA;}�[0m&#xA;�[31m�[1m&#xA;this is the `Virtualization-controller` error! not the current `Ginkgo` context error:&#xA;�[0m�[31m{&#xA;  &#34;level&#34;: &#34;error&#34;,&#xA;  &#34;msg&#34;: &#34;Reconciler error&#34;,&#xA;  &#34;err&#34;: &#34;failed to sync virtual disk data source blank: get volume and access modes: storage profile \&#34;sds-local-storage\&#34; not found: storage profile not found&#34;,&#xA;  &#34;controller&#34;: &#34;vd-controller&#34;,&#xA;  &#34;handler&#34;: &#34;&#34;,&#xA;  &#34;ds&#34;: &#34;&#34;,&#xA;  &#34;collector&#34;: &#34;&#34;,&#xA;  &#34;name&#34;: &#34;head-45bdb83d-vd-blank-not-existing-vmclass-with-changing&#34;,&#xA;  &#34;namespace&#34;: &#34;head-45bdb83d-end-to-end-sizing-policy&#34;,&#xA;  &#34;reconcileID&#34;: &#34;eee23e64-75ff-4215-a62d-7f9793d8cf39&#34;,&#xA;  &#34;time&#34;: &#34;2025-10-09T06:20:23Z&#34;&#xA;}�[0m&#xA;�[31m�[1m&#xA;this is the `Virtualization-controller` error! not the current `Ginkgo` context error:&#xA;�[0m�[31m{&#xA;  &#34;level&#34;: &#34;error&#34;,&#xA;  &#34;msg&#34;: &#34;The handler failed with an error&#34;,&#xA;  &#34;err&#34;: &#34;failed to sync virtual disk data source blank: get volume and access modes: storage profile \&#34;sds-local-storage\&#34; not found: storage profile not found&#34;,&#xA;  &#34;controller&#34;: &#34;vd-controller&#34;,&#xA;  &#34;handler&#34;: &#34;LifeCycleHandler&#34;,&#xA;  &#34;ds&#34;: &#34;&#34;,&#xA;  &#34;collector&#34;: &#34;&#34;,&#xA;  &#34;name&#34;: &#34;head-45bdb83d-vd-blank-not-existing-vmclass-with-creating&#34;,&#xA;  &#34;namespace&#34;: &#34;head-45bdb83d-end-to-end-sizing-policy&#34;,&#xA;  &#34;reconcileID&#34;: &#34;10914226-8f4a-4940-a129-6b731fd4c94f&#34;,&#xA;  &#34;time&#34;: &#34;2025-10-09T06:20:24Z&#34;&#xA;}�[0m&#xA;�[31m�[1m&#xA;this is the `Virtualization-controller` error! not the current `Ginkgo` context error:&#xA;�[0m�[31m{&#xA;  &#34;level&#34;: &#34;error&#34;,&#xA;  &#34;msg&#34;: &#34;Error occurred during reconciliation&#34;,&#xA;  &#34;err&#34;: &#34;failed to sync virtual disk data source blank: get volume and access modes: storage profile \&#34;sds-local-storage\&#34; not found: storage profile not found&#34;,&#xA;  &#34;controller&#34;: &#34;vd-controller&#34;,&#xA;  &#34;handler&#34;: &#34;&#34;,&#xA;  &#34;ds&#34;: &#34;&#34;,&#xA;  &#34;collector&#34;: &#34;&#34;,&#xA;  &#34;name&#34;: &#34;head-45bdb83d-vd-blank-not-existing-vmclass-with-creating&#34;,&#xA;  &#34;namespace&#34;: &#34;head-45bdb83d-end-to-end-sizing-policy&#34;,&#xA;  &#34;reconcileID&#34;: &#34;10914226-8f4a-4940-a129-6b731fd4c94f&#34;,&#xA;  &#34;time&#34;: &#34;2025-10-09T06:20:24Z&#34;&#xA;}�[0m&#xA;�[31m�[1m&#xA;this is the `Virtualization-controller` error! not the current `Ginkgo` context error:&#xA;�[0m�[31m{&#xA;  &#34;level&#34;: &#34;error&#34;,&#xA;  &#34;msg&#34;: &#34;Reconciler error&#34;,&#xA;  &#34;err&#34;: &#34;failed to sync virtual disk data source blank: get volume and access modes: storage profile \&#34;sds-local-storage\&#34; not found: storage profile not found&#34;,&#xA;  &#34;controller&#34;: &#34;vd-controller&#34;,&#xA;  &#34;handler&#34;: &#34;&#34;,&#xA;  &#34;ds&#34;: &#34;&#34;,&#xA;  &#34;collector&#34;: &#34;&#34;,&#xA;  &#34;name&#34;: &#34;head-45bdb83d-vd-blank-not-existing-vmclass-with-creating&#34;,&#xA;  &#34;namespace&#34;: &#34;head-45bdb83d-end-to-end-sizing-policy&#34;,&#xA;  &#34;reconcileID&#34;: &#34;10914226-8f4a-4940-a129-6b731fd4c94f&#34;,&#xA;  &#34;time&#34;: &#34;2025-10-09T06:20:24Z&#34;&#xA;}�[0m&#xA;�[31m�[1m&#xA;this is the `Virtualization-controller` error! not the current `Ginkgo` context error:&#xA;�[0m�[31m{&#xA;  &#34;level&#34;: &#34;error&#34;,&#xA;  &#34;msg&#34;: &#34;The handler failed with an error&#34;,&#xA;  &#34;err&#34;: &#34;failed to sync virtual disk data source blank: get volume and access modes: storage profile \&#34;sds-local-storage\&#34; not found: storage profile not found&#34;,&#xA;  &#34;controller&#34;: &#34;vd-controller&#34;,&#xA;  &#34;handler&#34;: &#34;LifeCycleHandler&#34;,&#xA;  &#34;ds&#34;: &#34;&#34;,&#xA;  &#34;collector&#34;: &#34;&#34;,&#xA;  &#34;name&#34;: &#34;head-45bdb83d-vd-blank-not-existing-vmclass-with-creating&#34;,&#xA;  &#34;namespace&#34;: &#34;head-45bdb83d-end-to-end-sizing-policy&#34;,&#xA;  &#34;reconcileID&#34;: &#34;12b53183-8cd7-4586-b8c3-3beb57fab9ac&#34;,&#xA;  &#34;time&#34;: &#34;2025-10-09T06:20:24Z&#34;&#xA;}�[0m&#xA;�[31m�[1m&#xA;this is the `Virtualization-controller` error! not the current `Ginkgo` context error:&#xA;�[0m�[31m{&#xA;  &#34;level&#34;: &#34;error&#34;,&#xA;  &#34;msg&#34;: &#34;Error occurred during reconciliation&#34;,&#xA;  &#34;err&#34;: &#34;failed to sync virtual disk data source blank: get volume and access modes: storage profile \&#34;sds-local-storage\&#34; not found: storage profile not found&#34;,&#xA;  &#34;controller&#34;: &#34;vd-controller&#34;,&#xA;  &#34;handler&#34;: &#34;&#34;,&#xA;  &#34;ds&#34;: &#34;&#34;,&#xA;  &#34;collector&#34;: &#34;&#34;,&#xA;  &#34;name&#34;: &#34;head-45bdb83d-vd-blank-not-existing-vmclass-with-creating&#34;,&#xA;  &#34;namespace&#34;: &#34;head-45bdb83d-end-to-end-sizing-policy&#34;,&#xA;  &#34;reconcileID&#34;: &#34;12b53183-8cd7-4586-b8c3-3beb57fab9ac&#34;,&#xA;  &#34;time&#34;: &#34;2025-10-09T06:20:24Z&#34;&#xA;}�[0m&#xA;�[31m�[1m&#xA;this is the `Virtualization-controller` error! not the current `Ginkgo` context error:&#xA;�[0m�[31m{&#xA;  &#34;level&#34;: &#34;error&#34;,&#xA;  &#34;msg&#34;: &#34;Reconciler error&#34;,&#xA;  &#34;err&#34;: &#34;failed to sync virtual disk data source blank: get volume and access modes: storage profile \&#34;sds-local-storage\&#34; not found: storage profile not found&#34;,&#xA;  &#34;controller&#34;: &#34;vd-controller&#34;,&#xA;  &#34;handler&#34;: &#34;&#34;,&#xA;  &#34;ds&#34;: &#34;&#34;,&#xA;  &#34;collector&#34;: &#34;&#34;,&#xA;  &#34;name&#34;: &#34;head-45bdb83d-vd-blank-not-existing-vmclass-with-creating&#34;,&#xA;  &#34;namespace&#34;: &#34;head-45bdb83d-end-to-end-sizing-policy&#34;,&#xA;  &#34;reconcileID&#34;: &#34;12b53183-8cd7-4586-b8c3-3beb57fab9ac&#34;,&#xA;  &#34;time&#34;: &#34;2025-10-09T06:20:24Z&#34;&#xA;}�[0m&#xA;�[31m�[1m&#xA;this is the `Virtualization-controller` error! not the current `Ginkgo` context error:&#xA;�[0m�[31m{&#xA;  &#34;level&#34;: &#34;error&#34;,&#xA;  &#34;msg&#34;: &#34;The handler failed with an error&#34;,&#xA;  &#34;err&#34;: &#34;failed to sync virtual disk data source blank: get volume and access modes: storage profile \&#34;sds-local-storage\&#34; not found: storage profile not found&#34;,&#xA;  &#34;controller&#34;: &#34;vd-controller&#34;,&#xA;  &#34;handler&#34;: &#34;LifeCycleHandler&#34;,&#xA;  &#34;ds&#34;: &#34;&#34;,&#xA;  &#34;collector&#34;: &#34;&#34;,&#xA;  &#34;name&#34;: &#34;head-45bdb83d-vd-blank-existing-vmclass&#34;,&#xA;  &#34;namespace&#34;: &#34;head-45bdb83d-end-to-end-sizing-policy&#34;,&#xA;  &#34;reconcileID&#34;: &#34;02dd61a0-98e6-41a2-a930-fb31c93afcc7&#34;,&#xA;  &#34;time&#34;: &#34;2025-10-09T06:20:25Z&#34;&#xA;}�[0m&#xA;�[31m�[1m&#xA;this is the `Virtualization-controller` error! not the current `Ginkgo` context error:&#xA;�[0m�[31m{&#xA;  &#34;level&#34;: &#34;error&#34;,&#xA;  &#34;msg&#34;: &#34;Error occurred during reconciliation&#34;,&#xA;  &#34;err&#34;: &#34;failed to sync virtual disk data source blank: get volume and access modes: storage profile \&#34;sds-local-storage\&#34; not found: storage profile not found&#34;,&#xA;  &#34;controller&#34;: &#34;vd-controller&#34;,&#xA;  &#34;handler&#34;: &#34;&#34;,&#xA;  &#34;ds&#34;: &#34;&#34;,&#xA;  &#34;collector&#34;: &#34;&#34;,&#xA;  &#34;name&#34;: &#34;head-45bdb83d-vd-blank-existing-vmclass&#34;,&#xA;  &#34;namespace&#34;: &#34;head-45bdb83d-end-to-end-sizing-policy&#34;,&#xA;  &#34;reconcileID&#34;: &#34;02dd61a0-98e6-41a2-a930-fb31c93afcc7&#34;,&#xA;  &#34;time&#34;: &#34;2025-10-09T06:20:25Z&#34;&#xA;}�[0m&#xA;�[31m�[1m&#xA;this is the `Virtualization-controller` error! not the current `Ginkgo` context error:&#xA;�[0m�[31m{&#xA;  &#34;level&#34;: &#34;error&#34;,&#xA;  &#34;msg&#34;: &#34;Reconciler error&#34;,&#xA;  &#34;err&#34;: &#34;failed to sync virtual disk data source blank: get volume and access modes: storage profile \&#34;sds-local-storage\&#34; not found: storage profile not found&#34;,&#xA;  &#34;controller&#34;: &#34;vd-controller&#34;,&#xA;  &#34;handler&#34;: &#34;&#34;,&#xA;  &#34;ds&#34;: &#34;&#34;,&#xA;  &#34;collector&#34;: &#34;&#34;,&#xA;  &#34;name&#34;: &#34;head-45bdb83d-vd-blank-existing-vmclass&#34;,&#xA;  &#34;namespace&#34;: &#34;head-45bdb83d-end-to-end-sizing-policy&#34;,&#xA;  &#34;reconcileID&#34;: &#34;02dd61a0-98e6-41a2-a930-fb31c93afcc7&#34;,&#xA;  &#34;time&#34;: &#34;2025-10-09T06:20:25Z&#34;&#xA;}�[0m&#xA;�[31m�[1m&#xA;this is the `Virtualization-controller` error! not the current `Ginkgo` context error:&#xA;�[0m�[31m{&#xA;  &#34;level&#34;: &#34;error&#34;,&#xA;  &#34;msg&#34;: &#34;The handler failed with an error&#34;,&#xA;  &#34;err&#34;: &#34;failed to sync virtual disk data source blank: get volume and access modes: storage profile \&#34;sds-local-storage\&#34; not found: storage profile not found&#34;,&#xA;  &#34;controller&#34;: &#34;vd-controller&#34;,&#xA;  &#34;handler&#34;: &#34;LifeCycleHandler&#34;,&#xA;  &#34;ds&#34;: &#34;&#34;,&#xA;  &#34;collector&#34;: &#34;&#34;,&#xA;  &#34;name&#34;: &#34;head-45bdb83d-vd-blank-existing-vmclass&#34;,&#xA;  &#34;namespace&#34;: &#34;head-45bdb83d-end-to-end-sizing-policy&#34;,&#xA;  &#34;reconcileID&#34;: &#34;d1fb4f7a-efa5-46ce-8718-72fb680628d7&#34;,&#xA;  &#34;time&#34;: &#34;2025-10-09T06:20:25Z&#34;&#xA;}�[0m&#xA;�[31m�[1m&#xA;this is the `Virtualization-controller` error! not the current `Ginkgo` context error:&#xA;�[0m�[31m{&#xA;  &#34;level&#34;: &#34;error&#34;,&#xA;  &#34;msg&#34;: &#34;Error occurred during reconciliation&#34;,&#xA;  &#34;err&#34;: &#34;failed to sync virtual disk data source blank: get volume and access modes: storage profile \&#34;sds-local-storage\&#34; not found: storage profile not found&#34;,&#xA;  &#34;controller&#34;: &#34;vd-controller&#34;,&#xA;  &#34;handler&#34;: &#34;&#34;,&#xA;  &#34;ds&#34;: &#34;&#34;,&#xA;  &#34;collector&#34;: &#34;&#34;,&#xA;  &#34;name&#34;: &#34;head-45bdb83d-vd-blank-existing-vmclass&#34;,&#xA;  &#34;namespace&#34;: &#34;head-45bdb83d-end-to-end-sizing-policy&#34;,&#xA;  &#34;reconcileID&#34;: &#34;d1fb4f7a-efa5-46ce-8718-72fb680628d7&#34;,&#xA;  &#34;time&#34;: &#34;2025-10-09T06:20:25Z&#34;&#xA;}�[0m&#xA;�[31m�[1m&#xA;this is the `Virtualization-controller` error! not the current `Ginkgo` context error:&#xA;�[0m�[31m{&#xA;  &#34;level&#34;: &#34;error&#34;,&#xA;  &#34;msg&#34;: &#34;Reconciler error&#34;,&#xA;  &#34;err&#34;: &#34;failed to sync virtual disk data source blank: get volume and access modes: storage profile \&#34;sds-local-storage\&#34; not found: storage profile not found&#34;,&#xA;  &#34;controller&#34;: &#34;vd-controller&#34;,&#xA;  &#34;handler&#34;: &#34;&#34;,&#xA;  &#34;ds&#34;: &#34;&#34;,&#xA;  &#34;collector&#34;: &#34;&#34;,&#xA;  &#34;name&#34;: &#34;head-45bdb83d-vd-blank-existing-vmclass&#34;,&#xA;  &#34;namespace&#34;: &#34;head-45bdb83d-end-to-end-sizing-policy&#34;,&#xA;  &#34;reconcileID&#34;: &#34;d1fb4f7a-efa5-46ce-8718-72fb680628d7&#34;,&#xA;  &#34;time&#34;: &#34;2025-10-09T06:20:25Z&#34;&#xA;}�[0m&#xA;�[31m�[1m&#xA;this is the `Virtualization-controller` error! not the current `Ginkgo` context error:&#xA;�[0m�[31m{&#xA;  &#34;level&#34;: &#34;error&#34;,&#xA;  &#34;msg&#34;: &#34;The handler failed with an error&#34;,&#xA;  &#34;err&#34;: &#34;failed to sync virtual disk data source blank: get volume and access modes: storage profile \&#34;sds-local-storage\&#34; not found: storage profile not found&#34;,&#xA;  &#34;controller&#34;: &#34;vd-controller&#34;,&#xA;  &#34;handler&#34;: &#34;LifeCycleHandler&#34;,&#xA;  &#34;ds&#34;: &#34;&#34;,&#xA;  &#34;collector&#34;: &#34;&#34;,&#xA;  &#34;name&#34;: &#34;head-45bdb83d-vd-blank-not-existing-vmclass-with-changing&#34;,&#xA;  &#34;namespace&#34;: &#34;head-45bdb83d-end-to-end-sizing-policy&#34;,&#xA;  &#34;reconcileID&#34;: &#34;043f0d07-b69a-40a0-b68c-cc1d094a90da&#34;,&#xA;  &#34;time&#34;: &#34;2025-10-09T06:20:25Z&#34;&#xA;}�[0m&#xA;�[31m�[1m&#xA;this is the `Virtualization-controller` error! not the current `Ginkgo` context error:&#xA;�[0m�[31m{&#xA;  &#34;level&#34;: &#34;error&#34;,&#xA;  &#34;msg&#34;: &#34;Error occurred during reconciliation&#34;,&#xA;  &#34;err&#34;: &#34;failed to sync virtual disk data source blank: get volume and access modes: storage profile \&#34;sds-local-storage\&#34; not found: storage profile not found&#34;,&#xA;  &#34;controller&#34;: &#34;vd-controller&#34;,&#xA;  &#34;handler&#34;: &#34;&#34;,&#xA;  &#34;ds&#34;: &#34;&#34;,&#xA;  &#34;collector&#34;: &#34;&#34;,&#xA;  &#34;name&#34;: &#34;head-45bdb83d-vd-blank-not-existing-vmclass-with-changing&#34;,&#xA;  &#34;namespace&#34;: &#34;head-45bdb83d-end-to-end-sizing-policy&#34;,&#xA;  &#34;reconcileID&#34;: &#34;043f0d07-b69a-40a0-b68c-cc1d094a90da&#34;,&#xA;  &#34;time&#34;: &#34;2025-10-09T06:20:25Z&#34;&#xA;}�[0m&#xA;�[31m�[1m&#xA;this is the `Virtualization-controller` error! not the current `Ginkgo` context error:&#xA;�[0m�[31m{&#xA;  &#34;level&#34;: &#34;error&#34;,&#xA;  &#34;msg&#34;: &#34;Reconciler error&#34;,&#xA;  &#34;err&#34;: &#34;failed to sync virtual disk data source blank: get volume and access modes: storage profile \&#34;sds-local-storage\&#34; not found: storage profile not found&#34;,&#xA;  &#34;controller&#34;: &#34;vd-controller&#34;,&#xA;  &#34;handler&#34;: &#34;&#34;,&#xA;  &#34;ds&#34;: &#34;&#34;,&#xA;  &#34;collector&#34;: &#34;&#34;,&#xA;  &#34;name&#34;: &#34;head-45bdb83d-vd-blank-not-existing-vmclass-with-changing&#34;,&#xA;  &#34;namespace&#34;: &#34;head-45bdb83d-end-to-end-sizing-policy&#34;,&#xA;  &#34;reconcileID&#34;: &#34;043f0d07-b69a-40a0-b68c-cc1d094a90da&#34;,&#xA;  &#34;time&#34;: &#34;2025-10-09T06:20:25Z&#34;&#xA;}�[0m&#xA;�[31m�[1m&#xA;this is the `Virtualization-controller` error! not the current `Ginkgo` context error:&#xA;�[0m�[31m{&#xA;  &#34;level&#34;: &#34;error&#34;,&#xA;  &#34;msg&#34;: &#34;The handler failed with an error&#34;,&#xA;  &#34;err&#34;: &#34;failed to sync virtual disk data source blank: get volume and access modes: storage profile \&#34;sds-local-storage\&#34; not found: storage profile not found&#34;,&#xA;  &#34;controller&#34;: &#34;vd-controller&#34;,&#xA;  &#34;handler&#34;: &#34;LifeCycleHandler&#34;,&#xA;  &#34;ds&#34;: &#34;&#34;,&#xA;  &#34;collector&#34;: &#34;&#34;,&#xA;  &#34;name&#34;: &#34;head-45bdb83d-vd-blank-not-existing-vmclass-with-changing&#34;,&#xA;  &#34;namespace&#34;: &#34;head-45bdb83d-end-to-end-sizing-policy&#34;,&#xA;  &#34;reconcileID&#34;: &#34;eeab5622-e346-49c8-833f-e8edeb675aa3&#34;,&#xA;  &#34;time&#34;: &#34;2025-10-09T06:20:25Z&#34;&#xA;}�[0m&#xA;�[31m�[1m&#xA;this is the `Virtualization-controller` error! not the current `Ginkgo` context error:&#xA;�[0m�[31m{&#xA;  &#34;level&#34;: &#34;error&#34;,&#xA;  &#34;msg&#34;: &#34;Error occurred during reconciliation&#34;,&#xA;  &#34;err&#34;: &#34;failed to sync virtual disk data source blank: get volume and access modes: storage profile \&#34;sds-local-storage\&#34; not found: storage profile not found&#34;,&#xA;  &#34;controller&#34;: &#34;vd-controller&#34;,&#xA;  &#34;handler&#34;: &#34;&#34;,&#xA;  &#34;ds&#34;: &#34;&#34;,&#xA;  &#34;collector&#34;: &#34;&#34;,&#xA;  &#34;name&#34;: &#34;head-45bdb83d-vd-blank-not-existing-vmclass-with-changing&#34;,&#xA;  &#34;namespace&#34;: &#34;head-45bdb83d-end-to-end-sizing-policy&#34;,&#xA;  &#34;reconcileID&#34;: &#34;eeab5622-e346-49c8-833f-e8edeb675aa3&#34;,&#xA;  &#34;time&#34;: &#34;2025-10-09T06:20:25Z&#34;&#xA;}�[0m&#xA;�[31m�[1m&#xA;this is the `Virtualization-controller` error! not the current `Ginkgo` context error:&#xA;�[0m�[31m{&#xA;  &#34;level&#34;: &#34;error&#34;,&#xA;  &#34;msg&#34;: &#34;Reconciler error&#34;,&#xA;  &#34;err&#34;: &#34;failed to sync virtual disk data source blank: get volume and access modes: storage profile \&#34;sds-local-storage\&#34; not found: storage profile not found&#34;,&#xA;  &#34;controller&#34;: &#34;vd-controller&#34;,&#xA;  &#34;handler&#34;: &#34;&#34;,&#xA;  &#34;ds&#34;: &#34;&#34;,&#xA;  &#34;collector&#34;: &#34;&#34;,&#xA;  &#34;name&#34;: &#34;head-45bdb83d-vd-blank-not-existing-vmclass-with-changing&#34;,&#xA;  &#34;namespace&#34;: &#34;head-45bdb83d-end-to-end-sizing-policy&#34;,&#xA;  &#34;reconcileID&#34;: &#34;eeab5622-e346-49c8-833f-e8edeb675aa3&#34;,&#xA;  &#34;time&#34;: &#34;2025-10-09T06:20:25Z&#34;&#xA;}�[0m&#xA;�[31m�[1m&#xA;this is the `Virtualization-controller` error! not the current `Ginkgo` context error:&#xA;�[0m�[31m{&#xA;  &#34;level&#34;: &#34;error&#34;,&#xA;  &#34;msg&#34;: &#34;The handler failed with an error&#34;,&#xA;  &#34;err&#34;: &#34;failed to sync virtual disk data source blank: get volume and access modes: storage profile \&#34;sds-local-storage\&#34; not found: storage profile not found&#34;,&#xA;  &#34;controller&#34;: &#34;vd-controller&#34;,&#xA;  &#34;handler&#34;: &#34;LifeCycleHandler&#34;,&#xA;  &#34;ds&#34;: &#34;&#34;,&#xA;  &#34;collector&#34;: &#34;&#34;,&#xA;  &#34;name&#34;: &#34;head-45bdb83d-vd-blank-not-existing-vmclass-with-creating&#34;,&#xA;  &#34;namespace&#34;: &#34;head-45bdb83d-end-to-end-sizing-policy&#34;,&#xA;  &#34;reconcileID&#34;: &#34;a162a64b-3dc8-4bff-abce-68cd85665f1c&#34;,&#xA;  &#34;time&#34;: &#34;2025-10-09T06:20:26Z&#34;&#xA;}�[0m&#xA;�[31m�[1m&#xA;this is the `Virtualization-controller` error! not the current `Ginkgo` context error:&#xA;�[0m�[31m{&#xA;  &#34;level&#34;: &#34;error&#34;,&#xA;  &#34;msg&#34;: &#34;Error occurred during reconciliation&#34;,&#xA;  &#34;err&#34;: &#34;failed to sync virtual disk data source blank: get volume and access modes: storage profile \&#34;sds-local-storage\&#34; not found: storage profile not found&#34;,&#xA;  &#34;controller&#34;: &#34;vd-controller&#34;,&#xA;  &#34;handler&#34;: &#34;&#34;,&#xA;  &#34;ds&#34;: &#34;&#34;,&#xA;  &#34;collector&#34;: &#34;&#34;,&#xA;  &#34;name&#34;: &#34;head-45bdb83d-vd-blank-not-existing-vmclass-with-creating&#34;,&#xA;  &#34;namespace&#34;: &#34;head-45bdb83d-end-to-end-sizing-policy&#34;,&#xA;  &#34;reconcileID&#34;: &#34;a162a64b-3dc8-4bff-abce-68cd85665f1c&#34;,&#xA;  &#34;time&#34;: &#34;2025-10-09T06:20:26Z&#34;&#xA;}�[0m&#xA;�[31m�[1m&#xA;this is the `Virtualization-controller` error! not the current `Ginkgo` context error:&#xA;�[0m�[31m{&#xA;  &#34;level&#34;: &#34;error&#34;,&#xA;  &#34;msg&#34;: &#34;Reconciler error&#34;,&#xA;  &#34;err&#34;: &#34;failed to sync virtual disk data source blank: get volume and access modes: storage profile \&#34;sds-local-storage\&#34; not found: storage profile not found&#34;,&#xA;  &#34;controller&#34;: &#34;vd-controller&#34;,&#xA;  &#34;handler&#34;: &#34;&#34;,&#xA;  &#34;ds&#34;: &#34;&#34;,&#xA;  &#34;collector&#34;: &#34;&#34;,&#xA;  &#34;name&#34;: &#34;head-45bdb83d-vd-blank-not-existing-vmclass-with-creating&#34;,&#xA;  &#34;namespace&#34;: &#34;head-45bdb83d-end-to-end-sizing-policy&#34;,&#xA;  &#34;reconcileID&#34;: &#34;a162a64b-3dc8-4bff-abce-68cd85665f1c&#34;,&#xA;  &#34;time&#34;: &#34;2025-10-09T06:20:26Z&#34;&#xA;}�[0m&#xA;�[31m�[1m&#xA;this is the `Virtualization-controller` error! not the current `Ginkgo` context error:&#xA;�[0m�[31m{&#xA;  &#34;level&#34;: &#34;error&#34;,&#xA;  &#34;msg&#34;: &#34;The handler failed with an error&#34;,&#xA;  &#34;err&#34;: &#34;failed to sync virtual disk data source blank: get volume and access modes: storage profile \&#34;sds-local-storage\&#34; not found: storage profile not found&#34;,&#xA;  &#34;controller&#34;: &#34;vd-controller&#34;,&#xA;  &#34;handler&#34;: &#34;LifeCycleHandler&#34;,&#xA;  &#34;ds&#34;: &#34;&#34;,&#xA;  &#34;collector&#34;: &#34;&#34;,&#xA;  &#34;name&#34;: &#34;head-45bdb83d-vd-blank-not-existing-vmclass-with-creating&#34;,&#xA;  &#34;namespace&#34;: &#34;head-45bdb83d-end-to-end-sizing-policy&#34;,&#xA;  &#34;reconcileID&#34;: &#34;5440c3a7-f667-4773-965c-6dd98816d7f0&#34;,&#xA;  &#34;time&#34;: &#34;2025-10-09T06:20:26Z&#34;&#xA;}�[0m&#xA;�[31m�[1m&#xA;this is the `Virtualization-controller` error! not the current `Ginkgo` context error:&#xA;�[0m�[31m{&#xA;  &#34;level&#34;: &#34;error&#34;,&#xA;  &#34;msg&#34;: &#34;Error occurred during reconciliation&#34;,&#xA;  &#34;err&#34;: &#34;failed to sync virtual disk data source blank: get volume and access modes: storage profile \&#34;sds-local-storage\&#34; not found: storage profile not found&#34;,&#xA;  &#34;controller&#34;: &#34;vd-controller&#34;,&#xA;  &#34;handler&#34;: &#34;&#34;,&#xA;  &#34;ds&#34;: &#34;&#34;,&#xA;  &#34;collector&#34;: &#34;&#34;,&#xA;  &#34;name&#34;: &#34;head-45bdb83d-vd-blank-not-existing-vmclass-with-creating&#34;,&#xA;  &#34;namespace&#34;: &#34;head-45bdb83d-end-to-end-sizing-policy&#34;,&#xA;  &#34;reconcileID&#34;: &#34;5440c3a7-f667-4773-965c-6dd98816d7f0&#34;,&#xA;  &#34;time&#34;: &#34;2025-10-09T06:20:26Z&#34;&#xA;}�[0m&#xA;�[31m�[1m&#xA;this is the `Virtualization-controller` error! not the current `Ginkgo` context error:&#xA;�[0m�[31m{&#xA;  &#34;level&#34;: &#34;error&#34;,&#xA;  &#34;msg&#34;: &#34;Reconciler error&#34;,&#xA;  &#34;err&#34;: &#34;failed to sync virtual disk data source blank: get volume and access modes: storage profile \&#34;sds-local-storage\&#34; not found: storage profile not found&#34;,&#xA;  &#34;controller&#34;: &#34;vd-controller&#34;,&#xA;  &#34;handler&#34;: &#34;&#34;,&#xA;  &#34;ds&#34;: &#34;&#34;,&#xA;  &#34;collector&#34;: &#34;&#34;,&#xA;  &#34;name&#34;: &#34;head-45bdb83d-vd-blank-not-existing-vmclass-with-creating&#34;,&#xA;  &#34;namespace&#34;: &#34;head-45bdb83d-end-to-end-sizing-policy&#34;,&#xA;  &#34;reconcileID&#34;: &#34;5440c3a7-f667-4773-965c-6dd98816d7f0&#34;,&#xA;  &#34;time&#34;: &#34;2025-10-09T06:20:26Z&#34;&#xA;}�[0m&#xA;�[31m�[1m&#xA;this is the `Virtualization-controller` error! not the current `Ginkgo` context error:&#xA;�[0m�[31m{&#xA;  &#34;level&#34;: &#34;error&#34;,&#xA;  &#34;msg&#34;: &#34;The handler failed with an error&#34;,&#xA;  &#34;err&#34;: &#34;failed to sync virtual disk data source blank: get volume and access modes: storage profile \&#34;sds-local-storage\&#34; not found: storage profile not found&#34;,&#xA;  &#34;controller&#34;: &#34;vd-controller&#34;,&#xA;  &#34;handler&#34;: &#34;LifeCycleHandler&#34;,&#xA;  &#34;ds&#34;: &#34;&#34;,&#xA;  &#34;collector&#34;: &#34;&#34;,&#xA;  &#34;name&#34;: &#34;head-45bdb83d-vd-blank-existing-vmclass&#34;,&#xA;  &#34;namespace&#34;: &#34;head-45bdb83d-end-to-end-sizing-policy&#34;,&#xA;  &#34;reconcileID&#34;: &#34;9470f319-0c38-4081-b4cc-380338fe5168&#34;,&#xA;  &#34;time&#34;: &#34;2025-10-09T06:20:27Z&#34;&#xA;}�[0m&#xA;�[31m�[1m&#xA;this is the `Virtualization-controller` error! not the current `Ginkgo` context error:&#xA;�[0m�[31m{&#xA;  &#34;level&#34;: &#34;error&#34;,&#xA;  &#34;msg&#34;: &#34;Error occurred during reconciliation&#34;,&#xA;  &#34;err&#34;: &#34;failed to sync virtual disk data source blank: get volume and access modes: storage profile \&#34;sds-local-storage\&#34; not found: storage profile not found&#34;,&#xA;  &#34;controller&#34;: &#34;vd-controller&#34;,&#xA;  &#34;handler&#34;: &#34;&#34;,&#xA;  &#34;ds&#34;: &#34;&#34;,&#xA;  &#34;collector&#34;: &#34;&#34;,&#xA;  &#34;name&#34;: &#34;head-45bdb83d-vd-blank-existing-vmclass&#34;,&#xA;  &#34;namespace&#34;: &#34;head-45bdb83d-end-to-end-sizing-policy&#34;,&#xA;  &#34;reconcileID&#34;: &#34;9470f319-0c38-4081-b4cc-380338fe5168&#34;,&#xA;  &#34;time&#34;: &#34;2025-10-09T06:20:27Z&#34;&#xA;}�[0m&#xA;�[31m�[1m&#xA;this is the `Virtualization-controller` error! not the current `Ginkgo` context error:&#xA;�[0m�[31m{&#xA;  &#34;level&#34;: &#34;error&#34;,&#xA;  &#34;msg&#34;: &#34;Reconciler error&#34;,&#xA;  &#34;err&#34;: &#34;failed to sync virtual disk data source blank: get volume and access modes: storage profile \&#34;sds-local-storage\&#34; not found: storage profile not found&#34;,&#xA;  &#34;controller&#34;: &#34;vd-controller&#34;,&#xA;  &#34;handler&#34;: &#34;&#34;,&#xA;  &#34;ds&#34;: &#34;&#34;,&#xA;  &#34;collector&#34;: &#34;&#34;,&#xA;  &#34;name&#34;: &#34;head-45bdb83d-vd-blank-existing-vmclass&#34;,&#xA;  &#34;namespace&#34;: &#34;head-45bdb83d-end-to-end-sizing-policy&#34;,&#xA;  &#34;reconcileID&#34;: &#34;9470f319-0c38-4081-b4cc-380338fe5168&#34;,&#xA;  &#34;time&#34;: &#34;2025-10-09T06:20:27Z&#34;&#xA;}�[0m&#xA;�[31m�[1m&#xA;this is the `Virtualization-controller` error! not the current `Ginkgo` context error:&#xA;�[0m�[31m{&#xA;  &#34;level&#34;: &#34;error&#34;,&#xA;  &#34;msg&#34;: &#34;The handler failed with an error&#34;,&#xA;  &#34;err&#34;: &#34;failed to sync virtual disk data source blank: get volume and access modes: storage profile \&#34;sds-local-storage\&#34; not found: storage profile not found&#34;,&#xA;  &#34;controller&#34;: &#34;vd-controller&#34;,&#xA;  &#34;handler&#34;: &#34;LifeCycleHandler&#34;,&#xA;  &#34;ds&#34;: &#34;&#34;,&#xA;  &#34;collector&#34;: &#34;&#34;,&#xA;  &#34;name&#34;: &#34;head-45bdb83d-vd-blank-existing-vmclass&#34;,&#xA;  &#34;namespace&#34;: &#34;head-45bdb83d-end-to-end-sizing-policy&#34;,&#xA;  &#34;reconcileID&#34;: &#34;c7b094d2-6fa5-4f16-ab53-749d6cbafb9a&#34;,&#xA;  &#34;time&#34;: &#34;2025-10-09T06:20:27Z&#34;&#xA;}�[0m&#xA;�[31m�[1m&#xA;this is the `Virtualization-controller` error! not the current `Ginkgo` context error:&#xA;�[0m�[31m{&#xA;  &#34;level&#34;: &#34;error&#34;,&#xA;  &#34;msg&#34;: &#34;Error occurred during reconciliation&#34;,&#xA;  &#34;err&#34;: &#34;failed to sync virtual disk data source blank: get volume and access modes: storage profile \&#34;sds-local-storage\&#34; not found: storage profile not found&#34;,&#xA;  &#34;controller&#34;: &#34;vd-controller&#34;,&#xA;  &#34;handler&#34;: &#34;&#34;,&#xA;  &#34;ds&#34;: &#34;&#34;,&#xA;  &#34;collector&#34;: &#34;&#34;,&#xA;  &#34;name&#34;: &#34;head-45bdb83d-vd-blank-existing-vmclass&#34;,&#xA;  &#34;namespace&#34;: &#34;head-45bdb83d-end-to-end-sizing-policy&#34;,&#xA;  &#34;reconcileID&#34;: &#34;c7b094d2-6fa5-4f16-ab53-749d6cbafb9a&#34;,&#xA;  &#34;time&#34;: &#34;2025-10-09T06:20:27Z&#34;&#xA;}�[0m&#xA;�[31m�[1m&#xA;this is the `Virtualization-controller` error! not the current `Ginkgo` context error:&#xA;�[0m�[31m{&#xA;  &#34;level&#34;: &#34;error&#34;,&#xA;  &#34;msg&#34;: &#34;Reconciler error&#34;,&#xA;  &#34;err&#34;: &#34;failed to sync virtual disk data source blank: get volume and access modes: storage profile \&#34;sds-local-storage\&#34; not found: storage profile not found&#34;,&#xA;  &#34;controller&#34;: &#34;vd-controller&#34;,&#xA;  &#34;handler&#34;: &#34;&#34;,&#xA;  &#34;ds&#34;: &#34;&#34;,&#xA;  &#34;collector&#34;: &#34;&#34;,&#xA;  &#34;name&#34;: &#34;head-45bdb83d-vd-blank-existing-vmclass&#34;,&#xA;  &#34;namespace&#34;: &#34;head-45bdb83d-end-to-end-sizing-policy&#34;,&#xA;  &#34;reconcileID&#34;: &#34;c7b094d2-6fa5-4f16-ab53-749d6cbafb9a&#34;,&#xA;  &#34;time&#34;: &#34;2025-10-09T06:20:27Z&#34;&#xA;}�[0m&#xA;�[31m�[1m&#xA;this is the `Virtualization-controller` error! not the current `Ginkgo` context error:&#xA;�[0m�[31m{&#xA;  &#34;level&#34;: &#34;error&#34;,&#xA;  &#34;msg&#34;: &#34;The handler failed with an error&#34;,&#xA;  &#34;err&#34;: &#34;failed to sync virtual disk data source blank: get volume and access modes: storage profile \&#34;sds-local-storage\&#34; not found: storage profile not found&#34;,&#xA;  &#34;controller&#34;: &#34;vd-controller&#34;,&#xA;  &#34;handler&#34;: &#34;LifeCycleHandler&#34;,&#xA;  &#34;ds&#34;: &#34;&#34;,&#xA;  &#34;collector&#34;: &#34;&#34;,&#xA;  &#34;name&#34;: &#34;head-45bdb83d-vd-blank-not-existing-vmclass-with-changing&#34;,&#xA;  &#34;namespace&#34;: &#34;head-45bdb83d-end-to-end-sizing-policy&#34;,&#xA;  &#34;reconcileID&#34;: &#34;5e0e9292-6416-4dca-a97e-1333d200313b&#34;,&#xA;  &#34;time&#34;: &#34;2025-10-09T06:20:27Z&#34;&#xA;}�[0m&#xA;�[31m�[1m&#xA;this is the `Virtualization-controller` error! not the current `Ginkgo` context error:&#xA;�[0m�[31m{&#xA;  &#34;level&#34;: &#34;error&#34;,&#xA;  &#34;msg&#34;: &#34;Error occurred during reconciliation&#34;,&#xA;  &#34;err&#34;: &#34;failed to sync virtual disk data source blank: get volume and access modes: storage profile \&#34;sds-local-storage\&#34; not found: storage profile not found&#34;,&#xA;  &#34;controller&#34;: &#34;vd-controller&#34;,&#xA;  &#34;handler&#34;: &#34;&#34;,&#xA;  &#34;ds&#34;: &#34;&#34;,&#xA;  &#34;collector&#34;: &#34;&#34;,&#xA;  &#34;name&#34;: &#34;head-45bdb83d-vd-blank-not-existing-vmclass-with-changing&#34;,&#xA;  &#34;namespace&#34;: &#34;head-45bdb83d-end-to-end-sizing-policy&#34;,&#xA;  &#34;reconcileID&#34;: &#34;5e0e9292-6416-4dca-a97e-1333d200313b&#34;,&#xA;  &#34;time&#34;: &#34;2025-10-09T06:20:27Z&#34;&#xA;}�[0m&#xA;�[31m�[1m&#xA;this is the `Virtualization-controller` error! not the current `Ginkgo` context error:&#xA;�[0m�[31m{&#xA;  &#34;level&#34;: &#34;error&#34;,&#xA;  &#34;msg&#34;: &#34;Reconciler error&#34;,&#xA;  &#34;err&#34;: &#34;failed to sync virtual disk data source blank: get volume and access modes: storage profile \&#34;sds-local-storage\&#34; not found: storage profile not found&#34;,&#xA;  &#34;controller&#34;: &#34;vd-controller&#34;,&#xA;  &#34;handler&#34;: &#34;&#34;,&#xA;  &#34;ds&#34;: &#34;&#34;,&#xA;  &#34;collector&#34;: &#34;&#34;,&#xA;  &#34;name&#34;: &#34;head-45bdb83d-vd-blank-not-existing-vmclass-with-changing&#34;,&#xA;  &#34;namespace&#34;: &#34;head-45bdb83d-end-to-end-sizing-policy&#34;,&#xA;  &#34;reconcileID&#34;: &#34;5e0e9292-6416-4dca-a97e-1333d200313b&#34;,&#xA;  &#34;time&#34;: &#34;2025-10-09T06:20:27Z&#34;&#xA;}�[0m&#xA;�[31m�[1m&#xA;this is the `Virtualization-controller` error! not the current `Ginkgo` context error:&#xA;�[0m�[31m{&#xA;  &#34;level&#34;: &#34;error&#34;,&#xA;  &#34;msg&#34;: &#34;The handler failed with an error&#34;,&#xA;  &#34;err&#34;: &#34;failed to sync virtual disk data source blank: get volume and access modes: storage profile \&#34;sds-local-storage\&#34; not found: storage profile not found&#34;,&#xA;  &#34;controller&#34;: &#34;vd-controller&#34;,&#xA;  &#34;handler&#34;: &#34;LifeCycleHandler&#34;,&#xA;  &#34;ds&#34;: &#34;&#34;,&#xA;  &#34;collector&#34;: &#34;&#34;,&#xA;  &#34;name&#34;: &#34;head-45bdb83d-vd-blank-not-existing-vmclass-with-changing&#34;,&#xA;  &#34;namespace&#34;: &#34;head-45bdb83d-end-to-end-sizing-policy&#34;,&#xA;  &#34;reconcileID&#34;: &#34;26a1a0ab-d5c6-4fb5-9ce9-499bddc417c5&#34;,&#xA;  &#34;time&#34;: &#34;2025-10-09T06:20:27Z&#34;&#xA;}�[0m&#xA;�[31m�[1m&#xA;this is the `Virtualization-controller` error! not the current `Ginkgo` context error:&#xA;�[0m�[31m{&#xA;  &#34;level&#34;: &#34;error&#34;,&#xA;  &#34;msg&#34;: &#34;Error occurred during reconciliation&#34;,&#xA;  &#34;err&#34;: &#34;failed to sync virtual disk data source blank: get volume and access modes: storage profile \&#34;sds-local-storage\&#34; not found: storage profile not found&#34;,&#xA;  &#34;controller&#34;: &#34;vd-controller&#34;,&#xA;  &#34;handler&#34;: &#34;&#34;,&#xA;  &#34;ds&#34;: &#34;&#34;,&#xA;  &#34;collector&#34;: &#34;&#34;,&#xA;  &#34;name&#34;: &#34;head-45bdb83d-vd-blank-not-existing-vmclass-with-changing&#34;,&#xA;  &#34;namespace&#34;: &#34;head-45bdb83d-end-to-end-sizing-policy&#34;,&#xA;  &#34;reconcileID&#34;: &#34;26a1a0ab-d5c6-4fb5-9ce9-499bddc417c5&#34;,&#xA;  &#34;time&#34;: &#34;2025-10-09T06:20:27Z&#34;&#xA;}�[0m&#xA;�[31m�[1m&#xA;this is the `Virtualization-controller` error! not the current `Ginkgo` context error:&#xA;�[0m�[31m{&#xA;  &#34;level&#34;: &#34;error&#34;,&#xA;  &#34;msg&#34;: &#34;Reconciler error&#34;,&#xA;  &#34;err&#34;: &#34;failed to sync virtual disk data source blank: get volume and access modes: storage profile \&#34;sds-local-storage\&#34; not found: storage profile not found&#34;,&#xA;  &#34;controller&#34;: &#34;vd-controller&#34;,&#xA;  &#34;handler&#34;: &#34;&#34;,&#xA;  &#34;ds&#34;: &#34;&#34;,&#xA;  &#34;collector&#34;: &#34;&#34;,&#xA;  &#34;name&#34;: &#34;head-45bdb83d-vd-blank-not-existing-vmclass-with-changing&#34;,&#xA;  &#34;namespace&#34;: &#34;head-45bdb83d-end-to-end-sizing-policy&#34;,&#xA;  &#34;reconcileID&#34;: &#34;26a1a0ab-d5c6-4fb5-9ce9-499bddc417c5&#34;,&#xA;  &#34;time&#34;: &#34;2025-10-09T06:20:27Z&#34;&#xA;}�[0m&#xA;�[31m�[1m&#xA;this is the `Virtualization-controller` error! not the current `Ginkgo` context error:&#xA;�[0m�[31m{&#xA;  &#34;level&#34;: &#34;error&#34;,&#xA;  &#34;msg&#34;: &#34;The handler failed with an error&#34;,&#xA;  &#34;err&#34;: &#34;failed to sync virtual disk data source blank: get volume and access modes: storage profile \&#34;sds-local-storage\&#34; not found: storage profile not found&#34;,&#xA;  &#34;controller&#34;: &#34;vd-controller&#34;,&#xA;  &#34;handler&#34;: &#34;LifeCycleHandler&#34;,&#xA;  &#34;ds&#34;: &#34;&#34;,&#xA;  &#34;collector&#34;: &#34;&#34;,&#xA;  &#34;name&#34;: &#34;head-45bdb83d-vd-blank-not-existing-vmclass-with-creating&#34;,&#xA;  &#34;namespace&#34;: &#34;head-45bdb83d-end-to-end-sizing-policy&#34;,&#xA;  &#34;reconcileID&#34;: &#34;6431328e-8292-4db2-abcc-3e5571d18cbf&#34;,&#xA;  &#34;time&#34;: &#34;2025-10-09T06:20:29Z&#34;&#xA;}�[0m&#xA;�[31m�[1m&#xA;this is the `Virtualization-controller` error! not the current `Ginkgo` context error:&#xA;�[0m�[31m{&#xA;  &#34;level&#34;: &#34;error&#34;,&#xA;  &#34;msg&#34;: &#34;Error occurred during reconciliation&#34;,&#xA;  &#34;err&#34;: &#34;failed to sync virtual disk data source blank: get volume and access modes: storage profile \&#34;sds-local-storage\&#34; not found: storage profile not found&#34;,&#xA;  &#34;controller&#34;: &#34;vd-controller&#34;,&#xA;  &#34;handler&#34;: &#34;&#34;,&#xA;  &#34;ds&#34;: &#34;&#34;,&#xA;  &#34;collector&#34;: &#34;&#34;,&#xA;  &#34;name&#34;: &#34;head-45bdb83d-vd-blank-not-existing-vmclass-with-creating&#34;,&#xA;  &#34;namespace&#34;: &#34;head-45bdb83d-end-to-end-sizing-policy&#34;,&#xA;  &#34;reconcileID&#34;: &#34;6431328e-8292-4db2-abcc-3e5571d18cbf&#34;,&#xA;  &#34;time&#34;: &#34;2025-10-09T06:20:29Z&#34;&#xA;}�[0m&#xA;�[31m�[1m&#xA;this is the `Virtualization-controller` error! not the current `Ginkgo` context error:&#xA;�[0m�[31m{&#xA;  &#34;level&#34;: &#34;error&#34;,&#xA;  &#34;msg&#34;: &#34;Reconciler error&#34;,&#xA;  &#34;err&#34;: &#34;failed to sync virtual disk data source blank: get volume and access modes: storage profile \&#34;sds-local-storage\&#34; not found: storage profile not found&#34;,&#xA;  &#34;controller&#34;: &#34;vd-controller&#34;,&#xA;  &#34;handler&#34;: &#34;&#34;,&#xA;  &#34;ds&#34;: &#34;&#34;,&#xA;  &#34;collector&#34;: &#34;&#34;,&#xA;  &#34;name&#34;: &#34;head-45bdb83d-vd-blank-not-existing-vmclass-with-creating&#34;,&#xA;  &#34;namespace&#34;: &#34;head-45bdb83d-end-to-end-sizing-policy&#34;,&#xA;  &#34;reconcileID&#34;: &#34;6431328e-8292-4db2-abcc-3e5571d18cbf&#34;,&#xA;  &#34;time&#34;: &#34;2025-10-09T06:20:29Z&#34;&#xA;}�[0m&#xA;�[31m�[1m&#xA;this is the `Virtualization-controller` error! not the current `Ginkgo` context error:&#xA;�[0m�[31m{&#xA;  &#34;level&#34;: &#34;error&#34;,&#xA;  &#34;msg&#34;: &#34;The handler failed with an error&#34;,&#xA;  &#34;err&#34;: &#34;failed to sync virtual disk data source blank: get volume and access modes: storage profile \&#34;sds-local-storage\&#34; not found: storage profile not found&#34;,&#xA;  &#34;controller&#34;: &#34;vd-controller&#34;,&#xA;  &#34;handler&#34;: &#34;LifeCycleHandler&#34;,&#xA;  &#34;ds&#34;: &#34;&#34;,&#xA;  &#34;collector&#34;: &#34;&#34;,&#xA;  &#34;name&#34;: &#34;head-45bdb83d-vd-blank-not-existing-vmclass-with-creating&#34;,&#xA;  &#34;namespace&#34;: &#34;head-45bdb83d-end-to-end-sizing-policy&#34;,&#xA;  &#34;reconcileID&#34;: &#34;1f107ac3-256a-49c6-9e8a-8c67308411b0&#34;,&#xA;  &#34;time&#34;: &#34;2025-10-09T06:20:29Z&#34;&#xA;}�[0m&#xA;�[31m�[1m&#xA;this is the `Virtualization-controller` error! not the current `Ginkgo` context error:&#xA;�[0m�[31m{&#xA;  &#34;level&#34;: &#34;error&#34;,&#xA;  &#34;msg&#34;: &#34;Error occurred during reconciliation&#34;,&#xA;  &#34;err&#34;: &#34;failed to sync virtual disk data source blank: get volume and access modes: storage profile \&#34;sds-local-storage\&#34; not found: storage profile not found&#34;,&#xA;  &#34;controller&#34;: &#34;vd-controller&#34;,&#xA;  &#34;handler&#34;: &#34;&#34;,&#xA;  &#34;ds&#34;: &#34;&#34;,&#xA;  &#34;collector&#34;: &#34;&#34;,&#xA;  &#34;name&#34;: &#34;head-45bdb83d-vd-blank-not-existing-vmclass-with-creating&#34;,&#xA;  &#34;namespace&#34;: &#34;head-45bdb83d-end-to-end-sizing-policy&#34;,&#xA;  &#34;reconcileID&#34;: &#34;1f107ac3-256a-49c6-9e8a-8c67308411b0&#34;,&#xA;  &#34;time&#34;: &#34;2025-10-09T06:20:29Z&#34;&#xA;}�[0m&#xA;�[31m�[1m&#xA;this is the `Virtualization-controller` error! not the current `Ginkgo` context error:&#xA;�[0m�[31m{&#xA;  &#34;level&#34;: &#34;error&#34;,&#xA;  &#34;msg&#34;: &#34;Reconciler error&#34;,&#xA;  &#34;err&#34;: &#34;failed to sync virtual disk data source blank: get volume and access modes: storage profile \&#34;sds-local-storage\&#34; not found: storage profile not found&#34;,&#xA;  &#34;controller&#34;: &#34;vd-controller&#34;,&#xA;  &#34;handler&#34;: &#34;&#34;,&#xA;  &#34;ds&#34;: &#34;&#34;,&#xA;  &#34;collector&#34;: &#34;&#34;,&#xA;  &#34;name&#34;: &#34;head-45bdb83d-vd-blank-not-existing-vmclass-with-creating&#34;,&#xA;  &#34;namespace&#34;: &#34;head-45bdb83d-end-to-end-sizing-policy&#34;,&#xA;  &#34;reconcileID&#34;: &#34;1f107ac3-256a-49c6-9e8a-8c67308411b0&#34;,&#xA;  &#34;time&#34;: &#34;2025-10-09T06:20:29Z&#34;&#xA;}�[0m&#xA;�[31m�[1m&#xA;this is the `Virtualization-controller` error! not the current `Ginkgo` context error:&#xA;�[0m�[31m{&#xA;  &#34;level&#34;: &#34;error&#34;,&#xA;  &#34;msg&#34;: &#34;The handler failed with an error&#34;,&#xA;  &#34;err&#34;: &#34;failed to sync virtual disk data source blank: get volume and access modes: storage profile \&#34;sds-local-storage\&#34; not found: storage profile not found&#34;,&#xA;  &#34;controller&#34;: &#34;vd-controller&#34;,&#xA;  &#34;handler&#34;: &#34;LifeCycleHandler&#34;,&#xA;  &#34;ds&#34;: &#34;&#34;,&#xA;  &#34;collector&#34;: &#34;&#34;,&#xA;  &#34;name&#34;: &#34;head-45bdb83d-vd-blank-existing-vmclass&#34;,&#xA;  &#34;namespace&#34;: &#34;head-45bdb83d-end-to-end-sizing-policy&#34;,&#xA;  &#34;reconcileID&#34;: &#34;931747a1-1979-46a7-ab1d-744273c98f32&#34;,&#xA;  &#34;time&#34;: &#34;2025-10-09T06:20:30Z&#34;&#xA;}�[0m&#xA;�[31m�[1m&#xA;this is the `Virtualization-controller` error! not the current `Ginkgo` context error:&#xA;�[0m�[31m{&#xA;  &#34;level&#34;: &#34;error&#34;,&#xA;  &#34;msg&#34;: &#34;Error occurred during reconciliation&#34;,&#xA;  &#34;err&#34;: &#34;failed to sync virtual disk data source blank: get volume and access modes: storage profile \&#34;sds-local-storage\&#34; not found: storage profile not found&#34;,&#xA;  &#34;controller&#34;: &#34;vd-controller&#34;,&#xA;  &#34;handler&#34;: &#34;&#34;,&#xA;  &#34;ds&#34;: &#34;&#34;,&#xA;  &#34;collector&#34;: &#34;&#34;,&#xA;  &#34;name&#34;: &#34;head-45bdb83d-vd-blank-existing-vmclass&#34;,&#xA;  &#34;namespace&#34;: &#34;head-45bdb83d-end-to-end-sizing-policy&#34;,&#xA;  &#34;reconcileID&#34;: &#34;931747a1-1979-46a7-ab1d-744273c98f32&#34;,&#xA;  &#34;time&#34;: &#34;2025-10-09T06:20:30Z&#34;&#xA;}�[0m&#xA;�[31m�[1m&#xA;this is the `Virtualization-controller` error! not the current `Ginkgo` context error:&#xA;�[0m�[31m{&#xA;  &#34;level&#34;: &#34;error&#34;,&#xA;  &#34;msg&#34;: &#34;Reconciler error&#34;,&#xA;  &#34;err&#34;: &#34;failed to sync virtual disk data source blank: get volume and access modes: storage profile \&#34;sds-local-storage\&#34; not found: storage profile not found&#34;,&#xA;  &#34;controller&#34;: &#34;vd-controller&#34;,&#xA;  &#34;handler&#34;: &#34;&#34;,&#xA;  &#34;ds&#34;: &#34;&#34;,&#xA;  &#34;collector&#34;: &#34;&#34;,&#xA;  &#34;name&#34;: &#34;head-45bdb83d-vd-blank-existing-vmclass&#34;,&#xA;  &#34;namespace&#34;: &#34;head-45bdb83d-end-to-end-sizing-policy&#34;,&#xA;  &#34;reconcileID&#34;: &#34;931747a1-1979-46a7-ab1d-744273c98f32&#34;,&#xA;  &#34;time&#34;: &#34;2025-10-09T06:20:30Z&#34;&#xA;}�[0m&#xA;�[31m�[1m&#xA;this is the `Virtualization-controller` error! not the current `Ginkgo` context error:&#xA;�[0m�[31m{&#xA;  &#34;level&#34;: &#34;error&#34;,&#xA;  &#34;msg&#34;: &#34;The handler failed with an error&#34;,&#xA;  &#34;err&#34;: &#34;failed to sync virtual disk data source blank: get volume and access modes: storage profile \&#34;sds-local-storage\&#34; not found: storage profile not found&#34;,&#xA;  &#34;controller&#34;: &#34;vd-controller&#34;,&#xA;  &#34;handler&#34;: &#34;LifeCycleHandler&#34;,&#xA;  &#34;ds&#34;: &#34;&#34;,&#xA;  &#34;collector&#34;: &#34;&#34;,&#xA;  &#34;name&#34;: &#34;head-45bdb83d-vd-blank-existing-vmclass&#34;,&#xA;  &#34;namespace&#34;: &#34;head-45bdb83d-end-to-end-sizing-policy&#34;,&#xA;  &#34;reconcileID&#34;: &#34;ea2f6371-e139-473e-be16-6fe004ea9cb8&#34;,&#xA;  &#34;time&#34;: &#34;2025-10-09T06:20:30Z&#34;&#xA;}�[0m&#xA;�[31m�[1m&#xA;this is the `Virtualization-controller` error! not the current `Ginkgo` context error:&#xA;�[0m�[31m{&#xA;  &#34;level&#34;: &#34;error&#34;,&#xA;  &#34;msg&#34;: &#34;Error occurred during reconciliation&#34;,&#xA;  &#34;err&#34;: &#34;failed to sync virtual disk data source blank: get volume and access modes: storage profile \&#34;sds-local-storage\&#34; not found: storage profile not found&#34;,&#xA;  &#34;controller&#34;: &#34;vd-controller&#34;,&#xA;  &#34;handler&#34;: &#34;&#34;,&#xA;  &#34;ds&#34;: &#34;&#34;,&#xA;  &#34;collector&#34;: &#34;&#34;,&#xA;  &#34;name&#34;: &#34;head-45bdb83d-vd-blank-existing-vmclass&#34;,&#xA;  &#34;namespace&#34;: &#34;head-45bdb83d-end-to-end-sizing-policy&#34;,&#xA;  &#34;reconcileID&#34;: &#34;ea2f6371-e139-473e-be16-6fe004ea9cb8&#34;,&#xA;  &#34;time&#34;: &#34;2025-10-09T06:20:30Z&#34;&#xA;}�[0m&#xA;�[31m�[1m&#xA;this is the `Virtualization-controller` error! not the current `Ginkgo` context error:&#xA;�[0m�[31m{&#xA;  &#34;level&#34;: &#34;error&#34;,&#xA;  &#34;msg&#34;: &#34;Reconciler error&#34;,&#xA;  &#34;err&#34;: &#34;failed to sync virtual disk data source blank: get volume and access modes: storage profile \&#34;sds-local-storage\&#34; not found: storage profile not found&#34;,&#xA;  &#34;controller&#34;: &#34;vd-controller&#34;,&#xA;  &#34;handler&#34;: &#34;&#34;,&#xA;  &#34;ds&#34;: &#34;&#34;,&#xA;  &#34;collector&#34;: &#34;&#34;,&#xA;  &#34;name&#34;: &#34;head-45bdb83d-vd-blank-existing-vmclass&#34;,&#xA;  &#34;namespace&#34;: &#34;head-45bdb83d-end-to-end-sizing-policy&#34;,&#xA;  &#34;reconcileID&#34;: &#34;ea2f6371-e139-473e-be16-6fe004ea9cb8&#34;,&#xA;  &#34;time&#34;: &#34;2025-10-09T06:20:30Z&#34;&#xA;}�[0m&#xA;�[31m�[1m&#xA;this is the `Virtualization-controller` error! not the current `Ginkgo` context error:&#xA;�[0m�[31m{&#xA;  &#34;level&#34;: &#34;error&#34;,&#xA;  &#34;msg&#34;: &#34;The handler failed with an error&#34;,&#xA;  &#34;err&#34;: &#34;failed to sync virtual disk data source blank: get volume and access modes: storage profile \&#34;sds-local-storage\&#34; not found: storage profile not found&#34;,&#xA;  &#34;controller&#34;: &#34;vd-controller&#34;,&#xA;  &#34;handler&#34;: &#34;LifeCycleHandler&#34;,&#xA;  &#34;ds&#34;: &#34;&#34;,&#xA;  &#34;collector&#34;: &#34;&#34;,&#xA;  &#34;name&#34;: &#34;head-45bdb83d-vd-blank-not-existing-vmclass-with-changing&#34;,&#xA;  &#34;namespace&#34;: &#34;head-45bdb83d-end-to-end-sizing-policy&#34;,&#xA;  &#34;reconcileID&#34;: &#34;729a1fc8-d239-4063-89eb-525212acdfd0&#34;,&#xA;  &#34;time&#34;: &#34;2025-10-09T06:20:30Z&#34;&#xA;}�[0m&#xA;�[31m�[1m&#xA;this is the `Virtualization-controller` error! not the current `Ginkgo` context error:&#xA;�[0m�[31m{&#xA;  &#34;level&#34;: &#34;error&#34;,&#xA;  &#34;msg&#34;: &#34;Error occurred during reconciliation&#34;,&#xA;  &#34;err&#34;: &#34;failed to sync virtual disk data source blank: get volume and access modes: storage profile \&#34;sds-local-storage\&#34; not found: storage profile not found&#34;,&#xA;  &#34;controller&#34;: &#34;vd-controller&#34;,&#xA;  &#34;handler&#34;: &#34;&#34;,&#xA;  &#34;ds&#34;: &#34;&#34;,&#xA;  &#34;collector&#34;: &#34;&#34;,&#xA;  &#34;name&#34;: &#34;head-45bdb83d-vd-blank-not-existing-vmclass-with-changing&#34;,&#xA;  &#34;namespace&#34;: &#34;head-45bdb83d-end-to-end-sizing-policy&#34;,&#xA;  &#34;reconcileID&#34;: &#34;729a1fc8-d239-4063-89eb-525212acdfd0&#34;,&#xA;  &#34;time&#34;: &#34;2025-10-09T06:20:30Z&#34;&#xA;}�[0m&#xA;�[31m�[1m&#xA;this is the `Virtualization-controller` error! not the current `Ginkgo` context error:&#xA;�[0m�[31m{&#xA;  &#34;level&#34;: &#34;error&#34;,&#xA;  &#34;msg&#34;: &#34;Reconciler error&#34;,&#xA;  &#34;err&#34;: &#34;failed to sync virtual disk data source blank: get volume and access modes: storage profile \&#34;sds-local-storage\&#34; not found: storage profile not found&#34;,&#xA;  &#34;controller&#34;: &#34;vd-controller&#34;,&#xA;  &#34;handler&#34;: &#34;&#34;,&#xA;  &#34;ds&#34;: &#34;&#34;,&#xA;  &#34;collector&#34;: &#34;&#34;,&#xA;  &#34;name&#34;: &#34;head-45bdb83d-vd-blank-not-existing-vmclass-with-changing&#34;,&#xA;  &#34;namespace&#34;: &#34;head-45bdb83d-end-to-end-sizing-policy&#34;,&#xA;  &#34;reconcileID&#34;: &#34;729a1fc8-d239-4063-89eb-525212acdfd0&#34;,&#xA;  &#34;time&#34;: &#34;2025-10-09T06:20:30Z&#34;&#xA;}�[0m&#xA;�[31m�[1m&#xA;this is the `Virtualization-controller` error! not the current `Ginkgo` context error:&#xA;�[0m�[31m{&#xA;  &#34;level&#34;: &#34;error&#34;,&#xA;  &#34;msg&#34;: &#34;The handler failed with an error&#34;,&#xA;  &#34;err&#34;: &#34;failed to sync virtual disk data source blank: get volume and access modes: storage profile \&#34;sds-local-storage\&#34; not found: storage profile not found&#34;,&#xA;  &#34;controller&#34;: &#34;vd-controller&#34;,&#xA;  &#34;handler&#34;: &#34;LifeCycleHandler&#34;,&#xA;  &#34;ds&#34;: &#34;&#34;,&#xA;  &#34;collector&#34;: &#34;&#34;,&#xA;  &#34;name&#34;: &#34;head-45bdb83d-vd-blank-not-existing-vmclass-with-changing&#34;,&#xA;  &#34;namespace&#34;: &#34;head-45bdb83d-end-to-end-sizing-policy&#34;,&#xA;  &#34;reconcileID&#34;: &#34;42cffbf8-5545-4625-8de5-c0d63b7d2d8e&#34;,&#xA;  &#34;time&#34;: &#34;2025-10-09T06:20:30Z&#34;&#xA;}�[0m&#xA;�[31m�[1m&#xA;this is the `Virtualization-controller` error! not the current `Ginkgo` context error:&#xA;�[0m�[31m{&#xA;  &#34;level&#34;: &#34;error&#34;,&#xA;  &#34;msg&#34;: &#34;Error occurred during reconciliation&#34;,&#xA;  &#34;err&#34;: &#34;failed to sync virtual disk data source blank: get volume and access modes: storage profile \&#34;sds-local-storage\&#34; not found: storage profile not found&#34;,&#xA;  &#34;controller&#34;: &#34;vd-controller&#34;,&#xA;  &#34;handler&#34;: &#34;&#34;,&#xA;  &#34;ds&#34;: &#34;&#34;,&#xA;  &#34;collector&#34;: &#34;&#34;,&#xA;  &#34;name&#34;: &#34;head-45bdb83d-vd-blank-not-existing-vmclass-with-changing&#34;,&#xA;  &#34;namespace&#34;: &#34;head-45bdb83d-end-to-end-sizing-policy&#34;,&#xA;  &#34;reconcileID&#34;: &#34;42cffbf8-5545-4625-8de5-c0d63b7d2d8e&#34;,&#xA;  &#34;time&#34;: &#34;2025-10-09T06:20:30Z&#34;&#xA;}�[0m&#xA;�[31m�[1m&#xA;this is the `Virtualization-controller` error! not the current `Ginkgo` context error:&#xA;�[0m�[31m{&#xA;  &#34;level&#34;: &#34;error&#34;,&#xA;  &#34;msg&#34;: &#34;Reconciler error&#34;,&#xA;  &#34;err&#34;: &#34;failed to sync virtual disk data source blank: get volume and access modes: storage profile \&#34;sds-local-storage\&#34; not found: storage profile not found&#34;,&#xA;  &#34;controller&#34;: &#34;vd-controller&#34;,&#xA;  &#34;handler&#34;: &#34;&#34;,&#xA;  &#34;ds&#34;: &#34;&#34;,&#xA;  &#34;collector&#34;: &#34;&#34;,&#xA;  &#34;name&#34;: &#34;head-45bdb83d-vd-blank-not-existing-vmclass-with-changing&#34;,&#xA;  &#34;namespace&#34;: &#34;head-45bdb83d-end-to-end-sizing-policy&#34;,&#xA;  &#34;reconcileID&#34;: &#34;42cffbf8-5545-4625-8de5-c0d63b7d2d8e&#34;,&#xA;  &#34;time&#34;: &#34;2025-10-09T06:20:30Z&#34;&#xA;}�[0m&#xA;[TIMEDOUT] A suite timeout occurred&#xA;In [It] at: /Users/antont/ansible_deckhouse/virtualization-full/tests/e2e/sizing_policy_test.go:90 @ 10/09/25 09:21:00.772&#xA;&#xA;This is the Progress Report generated when the suite timeout occurred:&#xA;  SizingPolicy When virtual images are applied checks VIs phases (Spec Runtime: 41.391s)&#xA;    /Users/antont/ansible_deckhouse/virtualization-full/tests/e2e/sizing_policy_test.go:90&#xA;    In [It] (Node Runtime: 41.391s)&#xA;      /Users/antont/ansible_deckhouse/virtualization-full/tests/e2e/sizing_policy_test.go:90&#xA;      At [By Step] VIs should be in Ready phases (Step Runtime: 41.391s)&#xA;        /Users/antont/ansible_deckhouse/virtualization-full/tests/e2e/sizing_policy_test.go:91&#xA;&#xA;      Spec Goroutine&#xA;      goroutine 56 [sync.WaitGroup.Wait]&#xA;        sync.runtime_SemacquireWaitGroup(0x104a78b30?, 0x80?)&#xA;          /opt/homebrew/Cellar/go/1.25.1/libexec/src/runtime/sema.go:114&#xA;        sync.(*WaitGroup).Wait(0x14000a84490)&#xA;          /opt/homebrew/Cellar/go/1.25.1/libexec/src/sync/waitgroup.go:206&#xA;      &gt; github.com/deckhouse/virtualization/tests/e2e.WaitResources({0x140006c4400, 0x1, 0x1064e8e70?}, {0x106204d43, 0x29}, {{0x0, 0x0, 0x0}, 0x14000553620, {0x1400048cb40, ...}, ...})&#xA;          /Users/antont/ansible_deckhouse/virtualization-full/tests/e2e/util_test.go:349&#xA;            | &#x9;&#x9;}()&#xA;            | &#x9;}&#xA;            &gt; &#x9;wg.Wait()&#xA;            | &#x9;Expect(waitErr).To(BeEmpty())&#xA;            | }&#xA;      &gt; github.com/deckhouse/virtualization/tests/e2e.WaitByLabel({0x106204d43, 0x29}, {{0x0, 0x0, 0x0}, 0x14000553620, {0x1400048cb40, 0x26}, {0x140007e4160, 0x20}, ...})&#xA;          /Users/antont/ansible_deckhouse/virtualization-full/tests/e2e/util_test.go:308&#xA;            | &#x9;&#x9;resources = strings.Split(res.StdOut(), &#34; &#34;)&#xA;            | &#x9;}&#xA;            &gt; &#x9;WaitResources(resources, resource, opts)&#xA;            | }&#xA;            | &#xA;      &gt; github.com/deckhouse/virtualization/tests/e2e.WaitPhaseByLabel({0x106204d43, 0x29}, {0x1061c1865, 0x5}, {{0x0, 0x0, 0x0}, 0x14000553620, {0x1400048cb40, 0x26}, ...})&#xA;          /Users/antont/ansible_deckhouse/virtualization-full/tests/e2e/util_test.go:290&#xA;            | &#x9;GinkgoHelper()&#xA;            | &#x9;opts.For = fmt.Sprintf(&#34;&#39;jsonpath={.status.phase}=%s&#39;&#34;, phase)&#xA;            &gt; &#x9;WaitByLabel(resource, opts)&#xA;            | }&#xA;            | &#xA;      &gt; github.com/deckhouse/virtualization/tests/e2e.init.func9.5.1()&#xA;          /Users/antont/ansible_deckhouse/virtualization-full/tests/e2e/sizing_policy_test.go:92&#xA;            | It(&#34;checks VIs phases&#34;, func() {&#xA;            | &#x9;By(fmt.Sprintf(&#34;VIs should be in %s phases&#34;, PhaseReady))&#xA;            &gt; &#x9;WaitPhaseByLabel(kc.ResourceVI, PhaseReady, kc.WaitOptions{&#xA;            | &#x9;&#x9;Labels:    testCaseLabel,&#xA;            | &#x9;&#x9;Namespace: ns,&#xA;        github.com/onsi/ginkgo/v2/internal.extractBodyFunction.func3({0x14000514180?, 0x0?})&#xA;          /Users/antont/go/pkg/mod/github.com/onsi/ginkgo/v2@v2.22.0/internal/node.go:475&#xA;        github.com/onsi/ginkgo/v2/internal.(*Suite).runNode.func3()&#xA;          /Users/antont/go/pkg/mod/github.com/onsi/ginkgo/v2@v2.22.0/internal/suite.go:894&#xA;        github.com/onsi/ginkgo/v2/internal.(*Suite).runNode in goroutine 5&#xA;          /Users/antont/go/pkg/mod/github.com/onsi/ginkgo/v2@v2.22.0/internal/suite.go:881&#xA;&#xA;      Goroutines of Interest&#xA;      goroutine 119 [sync.Cond.Wait]&#xA;        sync.runtime_notifyListWait(0x140006c27c8, 0x228)&#xA;          /opt/homebrew/Cellar/go/1.25.1/libexec/src/runtime/sema.go:606&#xA;        sync.(*Cond).Wait(0x140006c27b8)&#xA;          /opt/homebrew/Cellar/go/1.25.1/libexec/src/sync/cond.go:71&#xA;        golang.org/x/net/http2.(*pipe).Read(0x140006c27b0, {0x140009b0000, 0x1000, 0x1000})&#xA;          /Users/antont/go/pkg/mod/golang.org/x/net@v0.39.0/http2/pipe.go:76&#xA;        golang.org/x/net/http2.transportResponseBody.Read({0x1400052a150?}, {0x140009b0000?, 0x106655640?, 0x140008d4dc0?})&#xA;          /Users/antont/go/pkg/mod/golang.org/x/net@v0.39.0/http2/transport.go:2560&#xA;        bufio.(*Reader).fill(0x14000118720)&#xA;          /opt/homebrew/Cellar/go/1.25.1/libexec/src/bufio/bufio.go:113&#xA;        bufio.(*Reader).ReadByte(0x14000118720)&#xA;          /opt/homebrew/Cellar/go/1.25.1/libexec/src/bufio/bufio.go:273&#xA;        compress/flate.(*decompressor).moreBits(0x140009b2008)&#xA;          /opt/homebrew/Cellar/go/1.25.1/libexec/src/compress/flate/inflate.go:697&#xA;        compress/flate.(*decompressor).nextBlock(0x140009b2008)&#xA;          /opt/homebrew/Cellar/go/1.25.1/libexec/src/compress/flate/inflate.go:304&#xA;        compress/flate.(*decompressor).Read(0x140009b2008, {0x14000b03216, 0x9edea, 0x104bbdc74?})&#xA;          /opt/homebrew/Cellar/go/1.25.1/libexec/src/compress/flate/inflate.go:348&#xA;        compress/gzip.(*Reader).Read(0x1400027c008, {0x14000b03216, 0x9edea, 0x9edea})&#xA;          /opt/homebrew/Cellar/go/1.25.1/libexec/src/compress/gzip/gunzip.go:252&#xA;        golang.org/x/net/http2.(*gzipReader).Read(0x0?, {0x14000b03216?, 0x140008d3588?, 0x14000b02f68?})&#xA;          /Users/antont/go/pkg/mod/golang.org/x/net@v0.39.0/http2/transport.go:3151&#xA;        bufio.(*Scanner).Scan(0x14000733da0)&#xA;          /opt/homebrew/Cellar/go/1.25.1/libexec/src/bufio/scan.go:219&#xA;      &gt; github.com/deckhouse/virtualization/tests/e2e/errlogger.(*LogStreamer).Stream(0x140004bc870, {0x11461fd58, 0x140008fa090}, {0x106b79920, 0x14000075320})&#xA;          /Users/antont/ansible_deckhouse/virtualization-full/tests/e2e/errlogger/errlogger.go:78&#xA;            | num := 0&#xA;            | &#xA;            &gt; for scanner.Scan() {&#xA;            | &#x9;rawEntry := scanner.Bytes()&#xA;            | &#xA;      &gt; github.com/deckhouse/virtualization/tests/e2e.(*logStreamer).Start.func1()&#xA;          /Users/antont/ansible_deckhouse/virtualization-full/tests/e2e/e2e_test.go:248&#xA;            | defer l.wg.Done()&#xA;            | &#xA;            &gt; n, err := logStreamer.Stream(readCloser, GinkgoWriter)&#xA;            | l.mu.Lock()&#xA;            | defer l.mu.Unlock()&#xA;      &gt; github.com/deckhouse/virtualization/tests/e2e.(*logStreamer).Start in goroutine 15&#xA;          /Users/antont/ansible_deckhouse/virtualization-full/tests/e2e/e2e_test.go:245&#xA;            | &#xA;            | l.wg.Add(1)&#xA;            &gt; go func() {&#xA;            | &#x9;defer l.wg.Done()&#xA;            | &#xA;&#xA;      goroutine 141 [syscall]&#xA;        syscall.syscall6(0x100a844d0?, 0x1090a6448?, 0x108dd18a0?, 0x90?, 0x14000500808?, 0x1400021a090?, 0x14000771a68?)&#xA;          /opt/homebrew/Cellar/go/1.25.1/libexec/src/runtime/sys_darwin.go:60&#xA;        syscall.wait4(0x14000771a98?, 0x104afa6fc?, 0x90?, 0x106ae8660?)&#xA;          /opt/homebrew/Cellar/go/1.25.1/libexec/src/syscall/zsyscall_darwin_arm64.go:44&#xA;        syscall.Wait4(0x1400029c380?, 0x14000771ad4, 0x14000a844d0?, 0x1400029c310?)&#xA;          /opt/homebrew/Cellar/go/1.25.1/libexec/src/syscall/syscall_bsd.go:144&#xA;        os.(*Process).pidWait.func1(...)&#xA;          /opt/homebrew/Cellar/go/1.25.1/libexec/src/os/exec_unix.go:64&#xA;        os.ignoringEINTR2[...](...)&#xA;          /opt/homebrew/Cellar/go/1.25.1/libexec/src/os/file_posix.go:266&#xA;        os.(*Process).pidWait(0x14000994200)&#xA;          /opt/homebrew/Cellar/go/1.25.1/libexec/src/os/exec_unix.go:63&#xA;        os.(*Process).wait(0x14000f7c408?)&#xA;          /opt/homebrew/Cellar/go/1.25.1/libexec/src/os/exec_unix.go:28&#xA;        os.(*Process).Wait(...)&#xA;          /opt/homebrew/Cellar/go/1.25.1/libexec/src/os/exec.go:340&#xA;        os/exec.(*Cmd).Wait(0x14000171500)&#xA;          /opt/homebrew/Cellar/go/1.25.1/libexec/src/os/exec/exec.go:922&#xA;        os/exec.(*Cmd).Run(0x14000171500)&#xA;          /opt/homebrew/Cellar/go/1.25.1/libexec/src/os/exec/exec.go:626&#xA;      &gt; github.com/deckhouse/virtualization/tests/e2e/executor.CMDExecutor.ExecuteContext({{0x140002a3470?, 0x106b801e8?, 0x1400029c230?}}, {0x106ba0808?, 0x1400029c230?}, {0x14000064240?, 0xc231f3e830cdaae8?}, {0x106b79120, 0x14000994180}, {0x106b79120, ...})&#xA;          /Users/antont/ansible_deckhouse/virtualization-full/tests/e2e/executor/executor.go:76&#xA;            | &#x9;cmd.Stderr = stderr&#xA;            | &#x9;cmd.Stdout = stdout&#xA;            &gt; &#x9;return cmd.Run()&#xA;            | }&#xA;            | &#xA;      &gt; github.com/deckhouse/virtualization/tests/e2e/executor.CMDExecutor.ExecContext({{0x140002a3470?, 0x108087668?, 0x10805dee0?}}, {0x106ba0808, 0x1400029c230}, {0x14000064240, 0xbe})&#xA;          /Users/antont/ansible_deckhouse/virtualization-full/tests/e2e/executor/executor.go:49&#xA;            | stdout := new(Buffer)&#xA;            | stderr := new(Buffer)&#xA;            &gt; err := e.ExecuteContext(ctx, command, stdout, stderr)&#xA;            | cmdResult := &amp;CMDResult{&#xA;            | &#x9;stdOut:  stdout,&#xA;      &gt; github.com/deckhouse/virtualization/tests/e2e/kubectl.KubectlCMD.WaitResource({{0x106ba4e48?, 0x1400000fe48?}, {0x1061c4924?, 0x14000f96680?}}, {0x106204d43, 0x29}, {0x140008260c0, 0x1c}, {{0x0, 0x0, ...}, ...})&#xA;          /Users/antont/ansible_deckhouse/virtualization-full/tests/e2e/kubectl/kubectl.go:259&#xA;            | &#x9;ctx, cancel := context.WithTimeout(context.Background(), timeout)&#xA;            | &#x9;defer cancel()&#xA;            &gt; &#x9;return k.ExecContext(ctx, cmd)&#xA;            | }&#xA;            | &#xA;      &gt; github.com/deckhouse/virtualization/tests/e2e.WaitResources.func1()&#xA;          /Users/antont/ansible_deckhouse/virtualization-full/tests/e2e/util_test.go:341&#xA;            | go func() {&#xA;            | &#x9;defer wg.Done()&#xA;            &gt; &#x9;res := kubectl.WaitResource(resource, name, waitOpts)&#xA;            | &#x9;if res.Error() != nil {&#xA;            | &#x9;&#x9;mu.Lock()&#xA;      &gt; github.com/deckhouse/virtualization/tests/e2e.WaitResources in goroutine 56&#xA;          /Users/antont/ansible_deckhouse/virtualization-full/tests/e2e/util_test.go:339&#xA;            | for _, name := range resources {&#xA;            | &#x9;wg.Add(1)&#xA;            &gt; &#x9;go func() {&#xA;            | &#x9;&#x9;defer wg.Done()&#xA;            | &#x9;&#x9;res := kubectl.WaitResource(resource, name, waitOpts)&#xA;&lt; Exit [It] checks VIs phases - /Users/antont/ansible_deckhouse/virtualization-full/tests/e2e/sizing_policy_test.go:90 @ 10/09/25 09:21:00.775 (41.394s)&#xA;&gt; Enter [AfterEach] SizingPolicy - /Users/antont/ansible_deckhouse/virtualization-full/tests/e2e/sizing_policy_test.go:73 @ 10/09/25 09:21:00.775&#xA;&lt; Exit [AfterEach] SizingPolicy - /Users/antont/ansible_deckhouse/virtualization-full/tests/e2e/sizing_policy_test.go:73 @ 10/09/25 09:21:05.879 (5.104s)&#xA;</system-err>
          </testcase>
          <testcase name="[It] SizingPolicy When virtual disks are applied checks VDs phases with map[vm:not-existing-vmclass-with-changing] and map[vm:not-existing-vmclass-with-creating] label" classname="Tests" status="skipped" time="0">
              <skipped message="skipped"></skipped>
          </testcase>
          <testcase name="[It] SizingPolicy When virtual disks are applied checks VDs phases with map[vm:existing-vmclass] label" classname="Tests" status="skipped" time="0">
              <skipped message="skipped"></skipped>
          </testcase>
          <testcase name="[It] SizingPolicy When virtual machines are applied checks VMs phases with map[vm:not-existing-vmclass-with-changing] and map[vm:not-existing-vmclass-with-creating] label" classname="Tests" status="skipped" time="0">
              <skipped message="skipped"></skipped>
          </testcase>
          <testcase name="[It] SizingPolicy When virtual machines are applied checks VMs phases with map[vm:existing-vmclass] label" classname="Tests" status="skipped" time="0">
              <skipped message="skipped"></skipped>
          </testcase>
          <testcase name="[It] SizingPolicy Not existing virtual machine class When virtual machine with label map[vm:not-existing-vmclass-with-changing] in phase Pending checks condition status before changing &#39;virtulaMachineCLass` field with existing class" classname="Tests" status="skipped" time="0">
              <skipped message="skipped"></skipped>
          </testcase>
          <testcase name="[It] SizingPolicy Not existing virtual machine class When virtual machine with label map[vm:not-existing-vmclass-with-changing] in phase Pending changes VMClassName in VM specification with existing VMClass" classname="Tests" status="skipped" time="0">
              <skipped message="skipped"></skipped>
          </testcase>
          <testcase name="[It] SizingPolicy Not existing virtual machine class When virtual machine with label map[vm:not-existing-vmclass-with-changing] in phase Pending checks VM phase and condition status after changing" classname="Tests" status="skipped" time="0">
              <skipped message="skipped"></skipped>
          </testcase>
          <testcase name="[It] SizingPolicy Not existing virtual machine class When virtual machine with label map[vm:not-existing-vmclass-with-creating] in phase Pending checks condition status before creating `VirtualMachineClass`" classname="Tests" status="skipped" time="0">
              <skipped message="skipped"></skipped>
          </testcase>
          <testcase name="[It] SizingPolicy Not existing virtual machine class When virtual machine with label map[vm:not-existing-vmclass-with-creating] in phase Pending changes VMClassName in VM specification with not existing VMClass which have correct prefix for creating" classname="Tests" status="skipped" time="0">
              <skipped message="skipped"></skipped>
          </testcase>
          <testcase name="[It] SizingPolicy Not existing virtual machine class When virtual machine with label map[vm:not-existing-vmclass-with-creating] in phase Pending creates new `VirtualMachineClass`" classname="Tests" status="skipped" time="0">
              <skipped message="skipped"></skipped>
          </testcase>
          <testcase name="[It] SizingPolicy Not existing virtual machine class When virtual machine with label map[vm:not-existing-vmclass-with-creating] in phase Pending checks VM phase and condition after creating" classname="Tests" status="skipped" time="0">
              <skipped message="skipped"></skipped>
          </testcase>
          <testcase name="[It] SizingPolicy When virtual machines in phase Running checks sizing policy match" classname="Tests" status="skipped" time="0">
              <skipped message="skipped"></skipped>
          </testcase>
          <testcase name="[It] SizingPolicy When test is completed deletes test case resources" classname="Tests" status="skipped" time="0">
              <skipped message="skipped"></skipped>
          </testcase>
          <testcase name="[It] IPAM vmip with type Auto Creates vmip with type Auto" classname="Tests" status="skipped" time="0">
              <skipped message="skipped"></skipped>
          </testcase>
          <testcase name="[It] IPAM vmip with type Static Creates vmip with type Static" classname="Tests" status="skipped" time="0">
              <skipped message="skipped"></skipped>
          </testcase>
          <testcase name="[It] ImageHotplug When the virtualization resources are applied result should be succeeded" classname="Tests" status="skipped" time="0">
              <skipped message="skipped"></skipped>
          </testcase>
          <testcase name="[It] ImageHotplug When the virtualization resources are applied checks the resources phase" classname="Tests" status="skipped" time="0">
              <skipped message="skipped"></skipped>
          </testcase>
          <testcase name="[It] ImageHotplug When the resources are ready to use retrieves the test objects" classname="Tests" status="skipped" time="0">
              <skipped message="skipped"></skipped>
          </testcase>
          <testcase name="[It] ImageHotplug When the resources are ready to use retrieves the disk count before the images attachment" classname="Tests" status="skipped" time="0">
              <skipped message="skipped"></skipped>
          </testcase>
          <testcase name="[It] ImageHotplug When the resources are ready to use attaches the images into the `VirtualMachine`" classname="Tests" status="skipped" time="0">
              <skipped message="skipped"></skipped>
          </testcase>
          <testcase name="[It] ImageHotplug When the resources are ready to use checks the `VirtualMachine` and the `VirtualMachineBlockDeviceAttachments` phases" classname="Tests" status="skipped" time="0">
              <skipped message="skipped"></skipped>
          </testcase>
          <testcase name="[It] ImageHotplug When the resources are ready to use compares the disk count before and after attachment" classname="Tests" status="skipped" time="0">
              <skipped message="skipped"></skipped>
          </testcase>
          <testcase name="[It] ImageHotplug When the resources are ready to use checks that the `ISO` image is attached as `CD-ROM`" classname="Tests" status="skipped" time="0">
              <skipped message="skipped"></skipped>
          </testcase>
          <testcase name="[It] ImageHotplug When the resources are ready to use check that the images are attached as the `ReadOnly` devices" classname="Tests" status="skipped" time="0">
              <skipped message="skipped"></skipped>
          </testcase>
          <testcase name="[It] ImageHotplug When the resources are ready to use detaches the images" classname="Tests" status="skipped" time="0">
              <skipped message="skipped"></skipped>
          </testcase>
          <testcase name="[It] ImageHotplug When the resources are ready to use compares the disk count after detachment" classname="Tests" status="skipped" time="0">
              <skipped message="skipped"></skipped>
          </testcase>
          <testcase name="[It] ImageHotplug When test is completed deletes test case resources" classname="Tests" status="skipped" time="0">
              <skipped message="skipped"></skipped>
          </testcase>
          <testcase name="[It] VirtualMachineConnectivity When resources are applied result should be succeeded" classname="Tests" status="skipped" time="0">
              <skipped message="skipped"></skipped>
          </testcase>
          <testcase name="[It] VirtualMachineConnectivity When virtual images are applied checks VIs phases" classname="Tests" status="skipped" time="0">
              <skipped message="skipped"></skipped>
          </testcase>
          <testcase name="[It] VirtualMachineConnectivity When virtual disks are applied checks VDs phases" classname="Tests" status="skipped" time="0">
              <skipped message="skipped"></skipped>
          </testcase>
          <testcase name="[It] VirtualMachineConnectivity When virtual machines are applied checks VMs phases" classname="Tests" status="skipped" time="0">
              <skipped message="skipped"></skipped>
          </testcase>
          <testcase name="[It] VirtualMachineConnectivity When run curl-helper status should be in Running phase" classname="Tests" status="skipped" time="0">
              <skipped message="skipped"></skipped>
          </testcase>
          <testcase name="[It] VirtualMachineConnectivity When virtual machine agents are ready gets VMs and SVCs objects" classname="Tests" status="skipped" time="0">
              <skipped message="skipped"></skipped>
          </testcase>
          <testcase name="[It] VirtualMachineConnectivity When virtual machine agents are ready check ssh connection via `d8 v` to VMs" classname="Tests" status="skipped" time="0">
              <skipped message="skipped"></skipped>
          </testcase>
          <testcase name="[It] VirtualMachineConnectivity When virtual machine agents are ready checks VMs connection to external network" classname="Tests" status="skipped" time="0">
              <skipped message="skipped"></skipped>
          </testcase>
          <testcase name="[It] VirtualMachineConnectivity When virtual machine agents are ready check nginx status via `d8 v` on VMs" classname="Tests" status="skipped" time="0">
              <skipped message="skipped"></skipped>
          </testcase>
          <testcase name="[It] VirtualMachineConnectivity When virtual machine agents are ready gets page from service head-45bdb83d-vm-connectivity-a" classname="Tests" status="skipped" time="0">
              <skipped message="skipped"></skipped>
          </testcase>
          <testcase name="[It] VirtualMachineConnectivity When virtual machine agents are ready gets page from service head-45bdb83d-vm-connectivity-b" classname="Tests" status="skipped" time="0">
              <skipped message="skipped"></skipped>
          </testcase>
          <testcase name="[It] VirtualMachineConnectivity When virtual machine agents are ready changes selector in service head-45bdb83d-vm-connectivity-a with selector from service head-45bdb83d-vm-connectivity-b" classname="Tests" status="skipped" time="0">
              <skipped message="skipped"></skipped>
          </testcase>
          <testcase name="[It] VirtualMachineConnectivity When virtual machine agents are ready checks selector in service head-45bdb83d-vm-connectivity-a" classname="Tests" status="skipped" time="0">
              <skipped message="skipped"></skipped>
          </testcase>
          <testcase name="[It] VirtualMachineConnectivity When virtual machine agents are ready gets page from service head-45bdb83d-vm-connectivity-a" classname="Tests" status="skipped" time="0">
              <skipped message="skipped"></skipped>
          </testcase>
          <testcase name="[It] VirtualMachineConnectivity When virtual machine agents are ready changes back selector in service head-45bdb83d-vm-connectivity-a" classname="Tests" status="skipped" time="0">
              <skipped message="skipped"></skipped>
          </testcase>
          <testcase name="[It] VirtualMachineConnectivity When virtual machine agents are ready checks selector in service head-45bdb83d-vm-connectivity-a" classname="Tests" status="skipped" time="0">
              <skipped message="skipped"></skipped>
          </testcase>
          <testcase name="[It] VirtualMachineConnectivity When test is completed deletes test case resources" classname="Tests" status="skipped" time="0">
              <skipped message="skipped"></skipped>
          </testcase>
          <testcase name="[It] VirtualMachineVersions When virtualization resources are applied: result should be succeeded" classname="Tests" status="skipped" time="0">
              <skipped message="skipped"></skipped>
          </testcase>
          <testcase name="[It] VirtualMachineVersions When virtual disks are applied: checks VDs phases" classname="Tests" status="skipped" time="0">
              <skipped message="skipped"></skipped>
          </testcase>
          <testcase name="[It] VirtualMachineVersions When virtual machines are applied: checks VMs phases" classname="Tests" status="skipped" time="0">
              <skipped message="skipped"></skipped>
          </testcase>
          <testcase name="[It] VirtualMachineVersions When virtual machines are ready: has qemu version in the status" classname="Tests" status="skipped" time="0">
              <skipped message="skipped"></skipped>
          </testcase>
          <testcase name="[It] VirtualMachineVersions When virtual machines are ready: has libvirt version in the status" classname="Tests" status="skipped" time="0">
              <skipped message="skipped"></skipped>
          </testcase>
          <testcase name="[It] VirtualMachineVersions When test is completed deletes test case resources" classname="Tests" status="skipped" time="0">
              <skipped message="skipped"></skipped>
          </testcase>
          <testcase name="[It] VirtualMachineConfiguration 1 When resources are applied result should be succeeded" classname="Tests" status="skipped" time="0">
              <skipped message="skipped"></skipped>
          </testcase>
          <testcase name="[It] VirtualMachineConfiguration 1 When virtual images are applied checks VIs phases" classname="Tests" status="skipped" time="0">
              <skipped message="skipped"></skipped>
          </testcase>
          <testcase name="[It] VirtualMachineConfiguration 1 When virtual disks are applied should be in Ready phase" classname="Tests" status="skipped" time="0">
              <skipped message="skipped"></skipped>
          </testcase>
          <testcase name="[It] VirtualMachineConfiguration 1 When virtual machines are applied should be ready" classname="Tests" status="skipped" time="0">
              <skipped message="skipped"></skipped>
          </testcase>
          <testcase name="[It] VirtualMachineConfiguration 1 Manual restart approval mode 1 When virtual machine agents are ready changes the number of processor cores" classname="Tests" status="skipped" time="0">
              <skipped message="skipped"></skipped>
          </testcase>
          <testcase name="[It] VirtualMachineConfiguration 1 Manual restart approval mode 1 When virtual machine is patched checks the number of processor cores in specification" classname="Tests" status="skipped" time="0">
              <skipped message="skipped"></skipped>
          </testcase>
          <testcase name="[It] VirtualMachineConfiguration 1 Manual restart approval mode 1 When virtual machine is restarted should be ready" classname="Tests" status="skipped" time="0">
              <skipped message="skipped"></skipped>
          </testcase>
          <testcase name="[It] VirtualMachineConfiguration 1 Manual restart approval mode 1 When virtual machine agents are ready checks that the number of processor cores was changed" classname="Tests" status="skipped" time="0">
              <skipped message="skipped"></skipped>
          </testcase>
          <testcase name="[It] VirtualMachineConfiguration 1 Automatic restart approval mode 1 When virtual machine is in Running phase changes the number of processor cores" classname="Tests" status="skipped" time="0">
              <skipped message="skipped"></skipped>
          </testcase>
          <testcase name="[It] VirtualMachineConfiguration 1 Automatic restart approval mode 1 When virtual machine is patched checks the number of processor cores in specification" classname="Tests" status="skipped" time="0">
              <skipped message="skipped"></skipped>
          </testcase>
          <testcase name="[It] VirtualMachineConfiguration 1 Automatic restart approval mode 1 When virtual machine is restarted should be ready" classname="Tests" status="skipped" time="0">
              <skipped message="skipped"></skipped>
          </testcase>
          <testcase name="[It] VirtualMachineConfiguration 1 Automatic restart approval mode 1 When virtual machine agents are ready checks that the number of processor cores was changed" classname="Tests" status="skipped" time="0">
              <skipped message="skipped"></skipped>
          </testcase>
          <testcase name="[It] VirtualMachineConfiguration 1 When test is completed deletes test case resources" classname="Tests" status="skipped" time="0">
              <skipped message="skipped"></skipped>
          </testcase>
          <testcase name="[It] VirtualMachineCancelMigration Cancel migrate [SIG-Migration]" classname="Tests" status="skipped" time="0">
              <skipped message="skipped"></skipped>
          </testcase>
          <testcase name="[It] VirtualMachineMigration When resources are applied result should be succeeded [SIG-Migration]" classname="Tests" status="skipped" time="0">
              <skipped message="skipped"></skipped>
          </testcase>
          <testcase name="[It] VirtualMachineMigration When virtual machines are applied checks VMs phases [SIG-Migration]" classname="Tests" status="skipped" time="0">
              <skipped message="skipped"></skipped>
          </testcase>
          <testcase name="[It] VirtualMachineMigration When virtual machine agents are ready starts migrations [SIG-Migration]" classname="Tests" status="skipped" time="0">
              <skipped message="skipped"></skipped>
          </testcase>
          <testcase name="[It] VirtualMachineMigration When VMs migrations are applied checks VMs and VMOPs phases [SIG-Migration]" classname="Tests" status="skipped" time="0">
              <skipped message="skipped"></skipped>
          </testcase>
          <testcase name="[It] VirtualMachineMigration When VMs migrations are applied checks VMs external connection after migrations [SIG-Migration]" classname="Tests" status="skipped" time="0">
              <skipped message="skipped"></skipped>
          </testcase>
          <testcase name="[It] VirtualMachineMigration When test is completed deletes test case resources [SIG-Migration]" classname="Tests" status="skipped" time="0">
              <skipped message="skipped"></skipped>
          </testcase>
          <testcase name="[It] ImporterNetworkPolicy Project creates project" classname="Tests" status="skipped" time="0">
              <skipped message="skipped"></skipped>
          </testcase>
          <testcase name="[It] ImporterNetworkPolicy Project checks project readiness" classname="Tests" status="skipped" time="0">
              <skipped message="skipped"></skipped>
          </testcase>
          <testcase name="[It] ImporterNetworkPolicy When resources are applied result should be succeeded" classname="Tests" status="skipped" time="0">
              <skipped message="skipped"></skipped>
          </testcase>
          <testcase name="[It] ImporterNetworkPolicy When resources are applied When virtual images are applied" classname="Tests" status="skipped" time="0">
              <skipped message="skipped"></skipped>
          </testcase>
          <testcase name="[It] ImporterNetworkPolicy When resources are applied When virtual disks are applied" classname="Tests" status="skipped" time="0">
              <skipped message="skipped"></skipped>
          </testcase>
          <testcase name="[It] ImporterNetworkPolicy When resources are applied When virtual machines are applied" classname="Tests" status="skipped" time="0">
              <skipped message="skipped"></skipped>
          </testcase>
          <testcase name="[It] VirtualMachineEvacuation Evacuation [SIG-Migration]" classname="Tests" status="skipped" time="0">
              <skipped message="skipped"></skipped>
          </testcase>
          <testcase name="[It] VirtualImageCreation When resources are applied result should be succeeded" classname="Tests" status="skipped" time="0">
              <skipped message="skipped"></skipped>
          </testcase>
          <testcase name="[It] VirtualImageCreation When base virtual resources are ready checks VD phase" classname="Tests" status="skipped" time="0">
              <skipped message="skipped"></skipped>
          </testcase>
          <testcase name="[It] VirtualImageCreation When base virtual resources are ready checks VDSnapshot phase" classname="Tests" status="skipped" time="0">
              <skipped message="skipped"></skipped>
          </testcase>
          <testcase name="[It] VirtualImageCreation When virtual images are applied checks VIs phases" classname="Tests" status="skipped" time="0">
              <skipped message="skipped"></skipped>
          </testcase>
          <testcase name="[It] VirtualImageCreation When virtual images are applied checks CVIs phases" classname="Tests" status="skipped" time="0">
              <skipped message="skipped"></skipped>
          </testcase>
          <testcase name="[It] VirtualImageCreation When test is completed deletes test case resources" classname="Tests" status="skipped" time="0">
              <skipped message="skipped"></skipped>
          </testcase>
          <testcase name="[It] VirtualMachineRestoreForce When the virtualization resources are applied result should be succeeded [SIG-Restoration]" classname="Tests" status="skipped" time="0">
              <skipped message="skipped"></skipped>
          </testcase>
          <testcase name="[It] VirtualMachineRestoreForce When the virtualization resources are applied checks the resources phase [SIG-Restoration]" classname="Tests" status="skipped" time="0">
              <skipped message="skipped"></skipped>
          </testcase>
          <testcase name="[It] VirtualMachineRestoreForce When the virtualization resources are applied add additional interface to virtual machines [SIG-Restoration]" classname="Tests" status="skipped" time="0">
              <skipped message="skipped"></skipped>
          </testcase>
          <testcase name="[It] VirtualMachineRestoreForce When the resources are ready to use restore the `VirtualMachines` with `forced` mode [SIG-Restoration]" classname="Tests" status="skipped" time="0">
              <skipped message="skipped"></skipped>
          </testcase>
          <testcase name="[It] VirtualMachineRestoreForce When the resources are ready to use check the .status.networks of each VM after restore [SIG-Restoration]" classname="Tests" status="skipped" time="0">
              <skipped message="skipped"></skipped>
          </testcase>
          <testcase name="[It] VirtualMachineRestoreForce When test is completed deletes test case resources [SIG-Restoration]" classname="Tests" status="skipped" time="0">
              <skipped message="skipped"></skipped>
          </testcase>
          <testcase name="[It] VirtualMachineAffinityAndToleration When the virtualization resources are applied: result should be succeeded" classname="Tests" status="skipped" time="0">
              <skipped message="skipped"></skipped>
          </testcase>
          <testcase name="[It] VirtualMachineAffinityAndToleration When the virtualization resources are applied: checks the resources phase" classname="Tests" status="skipped" time="0">
              <skipped message="skipped"></skipped>
          </testcase>
          <testcase name="[It] VirtualMachineAffinityAndToleration When the virtual machines agents are ready checks the `status.nodeName` field of the `VirtualMachines`" classname="Tests" status="skipped" time="0">
              <skipped message="skipped"></skipped>
          </testcase>
          <testcase name="[It] VirtualMachineAffinityAndToleration When the virtual machine `node-selector` agent is ready sets the `spec.nodeSelector` field" classname="Tests" status="skipped" time="0">
              <skipped message="skipped"></skipped>
          </testcase>
          <testcase name="[It] VirtualMachineAffinityAndToleration When the virtual machine `node-affinity` agent is ready sets the `spec.affinity.nodeAffinity` field" classname="Tests" status="skipped" time="0">
              <skipped message="skipped"></skipped>
          </testcase>
          <testcase name="[It] VirtualMachineAffinityAndToleration When test is completed deletes test case resources" classname="Tests" status="skipped" time="0">
              <skipped message="skipped"></skipped>
          </testcase>
          <testcase name="[It] VirtualDiskResizing When the resources are applied result should be succeeded" classname="Tests" status="skipped" time="0">
              <skipped message="skipped"></skipped>
          </testcase>
          <testcase name="[It] VirtualDiskResizing When the virtual images are applied checks `VirtualImages` phase" classname="Tests" status="skipped" time="0">
              <skipped message="skipped"></skipped>
          </testcase>
          <testcase name="[It] VirtualDiskResizing When the virtual disks are applied checks `VirtualDisks` phase" classname="Tests" status="skipped" time="0">
              <skipped message="skipped"></skipped>
          </testcase>
          <testcase name="[It] VirtualDiskResizing When the virtual machine are applied checks `VirtualMachine` phase" classname="Tests" status="skipped" time="0">
              <skipped message="skipped"></skipped>
          </testcase>
          <testcase name="[It] VirtualDiskResizing When the virtual machine are applied retrieves the test objects" classname="Tests" status="skipped" time="0">
              <skipped message="skipped"></skipped>
          </testcase>
          <testcase name="[It] VirtualDiskResizing When the virtual machine block device attachment is applied checks `VirtualMachineBlockDeviceAttachment` phase" classname="Tests" status="skipped" time="0">
              <skipped message="skipped"></skipped>
          </testcase>
          <testcase name="[It] VirtualDiskResizing Resizing When the virtual machine is ready obtains the disks metadata before resizing" classname="Tests" status="skipped" time="0">
              <skipped message="skipped"></skipped>
          </testcase>
          <testcase name="[It] VirtualDiskResizing Resizing When the virtual machine is ready resizes the disks" classname="Tests" status="skipped" time="0">
              <skipped message="skipped"></skipped>
          </testcase>
          <testcase name="[It] VirtualDiskResizing Resizing When the virtual machine is ready checks `VirtualDisks`, `VirtualMachine` and `VirtualMachineBlockDeviceAttachment` phases" classname="Tests" status="skipped" time="0">
              <skipped message="skipped"></skipped>
          </testcase>
          <testcase name="[It] VirtualDiskResizing Resizing When the virtual machine is ready obtains and compares the disks metadata after resizing" classname="Tests" status="skipped" time="0">
              <skipped message="skipped"></skipped>
          </testcase>
          <testcase name="[It] VirtualDiskResizing When test is completed deletes test case resources" classname="Tests" status="skipped" time="0">
              <skipped message="skipped"></skipped>
          </testcase>
          <testcase name="[It] ComplexTest When virtualization resources are applied result should be succeeded [Serial]" classname="Tests" status="skipped" time="0">
              <skipped message="skipped"></skipped>
          </testcase>
          <testcase name="[It] ComplexTest When virtualization resources are applied should fill empty virtualMachineClassName with the default class name [Serial]" classname="Tests" status="skipped" time="0">
              <skipped message="skipped"></skipped>
          </testcase>
          <testcase name="[It] ComplexTest When virtual images are applied checks VIs phases [Serial]" classname="Tests" status="skipped" time="0">
              <skipped message="skipped"></skipped>
          </testcase>
          <testcase name="[It] ComplexTest When cluster virtual images are applied checks CVIs phases [Serial]" classname="Tests" status="skipped" time="0">
              <skipped message="skipped"></skipped>
          </testcase>
          <testcase name="[It] ComplexTest When virtual machine classes are applied checks VMClasses phases [Serial]" classname="Tests" status="skipped" time="0">
              <skipped message="skipped"></skipped>
          </testcase>
          <testcase name="[It] ComplexTest When virtual machines IP addresses are applied patches custom VMIP with unassigned address [Serial]" classname="Tests" status="skipped" time="0">
              <skipped message="skipped"></skipped>
          </testcase>
          <testcase name="[It] ComplexTest When virtual machines IP addresses are applied checks VMIPs phases [Serial]" classname="Tests" status="skipped" time="0">
              <skipped message="skipped"></skipped>
          </testcase>
          <testcase name="[It] ComplexTest When virtual disks are applied checks VDs phases with consumers [Serial]" classname="Tests" status="skipped" time="0">
              <skipped message="skipped"></skipped>
          </testcase>
          <testcase name="[It] ComplexTest When virtual disks are applied checks VDs phases with no consumers [Serial]" classname="Tests" status="skipped" time="0">
              <skipped message="skipped"></skipped>
          </testcase>
          <testcase name="[It] ComplexTest When virtual machines are applied checks VMs phases [Serial]" classname="Tests" status="skipped" time="0">
              <skipped message="skipped"></skipped>
          </testcase>
          <testcase name="[It] ComplexTest When virtual machine block device attachments are applied checks VMBDAs phases [Serial]" classname="Tests" status="skipped" time="0">
              <skipped message="skipped"></skipped>
          </testcase>
          <testcase name="[It] ComplexTest External connection When Virtual machine agents are ready checks VMs external connectivity [Serial]" classname="Tests" status="skipped" time="0">
              <skipped message="skipped"></skipped>
          </testcase>
          <testcase name="[It] ComplexTest Power state checks Verify that the virtual machines are stopping by VMOPs stops VMs by VMOPs [Serial]" classname="Tests" status="skipped" time="0">
              <skipped message="skipped"></skipped>
          </testcase>
          <testcase name="[It] ComplexTest Power state checks Verify that the virtual machines are stopping by VMOPs checks VMOPs and VMs phases [Serial]" classname="Tests" status="skipped" time="0">
              <skipped message="skipped"></skipped>
          </testcase>
          <testcase name="[It] ComplexTest Power state checks Verify that the virtual machines are stopping by VMOPs cleanup AlwaysOn VM VMOPs [Serial]" classname="Tests" status="skipped" time="0">
              <skipped message="skipped"></skipped>
          </testcase>
          <testcase name="[It] ComplexTest Power state checks Verify that the virtual machines are starting starts VMs by VMOP [Serial]" classname="Tests" status="skipped" time="0">
              <skipped message="skipped"></skipped>
          </testcase>
          <testcase name="[It] ComplexTest Power state checks Verify that the virtual machines are starting checks VMs and VMOPs phases [Serial]" classname="Tests" status="skipped" time="0">
              <skipped message="skipped"></skipped>
          </testcase>
          <testcase name="[It] ComplexTest Power state checks Verify that the virtual machines are stopping by ssh stops VMs by ssh [Serial]" classname="Tests" status="skipped" time="0">
              <skipped message="skipped"></skipped>
          </testcase>
          <testcase name="[It] ComplexTest Power state checks Verify that the virtual machines are stopping by ssh checks VMs phases [Serial]" classname="Tests" status="skipped" time="0">
              <skipped message="skipped"></skipped>
          </testcase>
          <testcase name="[It] ComplexTest Power state checks Verify that the virtual machines are stopping by ssh start not AlwaysOn VMs [Serial]" classname="Tests" status="skipped" time="0">
              <skipped message="skipped"></skipped>
          </testcase>
          <testcase name="[It] ComplexTest Power state checks Verify that the virtual machines are stopping by ssh checks VMs and VMOPs phases [Serial]" classname="Tests" status="skipped" time="0">
              <skipped message="skipped"></skipped>
          </testcase>
          <testcase name="[It] ComplexTest Power state checks Verify that the virtual machines are restarting by VMOP reboot VMs by VMOP [Serial]" classname="Tests" status="skipped" time="0">
              <skipped message="skipped"></skipped>
          </testcase>
          <testcase name="[It] ComplexTest Power state checks Verify that the virtual machines are restarting by VMOP checks VMs and VMOPs phases [Serial]" classname="Tests" status="skipped" time="0">
              <skipped message="skipped"></skipped>
          </testcase>
          <testcase name="[It] ComplexTest Power state checks Verify that the virtual machines are restarting by ssh reboot VMs by ssh [Serial]" classname="Tests" status="skipped" time="0">
              <skipped message="skipped"></skipped>
          </testcase>
          <testcase name="[It] ComplexTest Power state checks Verify that the virtual machines are restarting after deleting their pods reboots the VMs by deleting their pods [Serial]" classname="Tests" status="skipped" time="0">
              <skipped message="skipped"></skipped>
          </testcase>
          <testcase name="[It] ComplexTest Power state checks Verify that the virtual machines are restarting after deleting their pods checks VMs external connection after reboot [Serial]" classname="Tests" status="skipped" time="0">
              <skipped message="skipped"></skipped>
          </testcase>
          <testcase name="[It] ComplexTest Migrations When Virtual machine agents are ready starts migrations [Serial]" classname="Tests" status="skipped" time="0">
              <skipped message="skipped"></skipped>
          </testcase>
          <testcase name="[It] ComplexTest Migrations When VMs migrations are applied checks VMs and VMOPs phases [Serial]" classname="Tests" status="skipped" time="0">
              <skipped message="skipped"></skipped>
          </testcase>
          <testcase name="[It] ComplexTest Migrations When VMs migrations are applied checks VMs external connection after migrations [Serial]" classname="Tests" status="skipped" time="0">
              <skipped message="skipped"></skipped>
          </testcase>
          <testcase name="[It] ComplexTest When test is completed deletes test case resources [Serial]" classname="Tests" status="skipped" time="0">
              <skipped message="skipped"></skipped>
          </testcase>
          <testcase name="[It] [sig-storage] Volume migration with local disks should be successful when only root disk on local storage [SIG-Storage]" classname="Tests" status="skipped" time="0">
              <skipped message="skipped"></skipped>
          </testcase>
          <testcase name="[It] [sig-storage] Volume migration with local disks should be successful when root disk on local storage and one additional disk [SIG-Storage]" classname="Tests" status="skipped" time="0">
              <skipped message="skipped"></skipped>
          </testcase>
          <testcase name="[It] [sig-storage] Volume migration with local disks should be successful when only additional disk on local storage [SIG-Storage]" classname="Tests" status="skipped" time="0">
              <skipped message="skipped"></skipped>
          </testcase>
          <testcase name="[It] [sig-storage] Volume migration with local disks should be reverted when only root disk on local storage [SIG-Storage]" classname="Tests" status="skipped" time="0">
              <skipped message="skipped"></skipped>
          </testcase>
          <testcase name="[It] [sig-storage] Volume migration with local disks should be reverted when root disk on local storage and one additional disk [SIG-Storage]" classname="Tests" status="skipped" time="0">
              <skipped message="skipped"></skipped>
          </testcase>
          <testcase name="[It] [sig-storage] Volume migration with local disks should be reverted when only additional disk on local storage [SIG-Storage]" classname="Tests" status="skipped" time="0">
              <skipped message="skipped"></skipped>
          </testcase>
          <testcase name="[It] [sig-storage] Volume migration with local disks should be successful two migrations in a row [SIG-Storage]" classname="Tests" status="skipped" time="0">
              <skipped message="skipped"></skipped>
          </testcase>
          <testcase name="[It] [sig-storage] Volume migration with local disks should be reverted first and completed second [SIG-Storage]" classname="Tests" status="skipped" time="0">
              <skipped message="skipped"></skipped>
          </testcase>
          <testcase name="[It] [sig-storage] Volume migration with local disks should be reverted because virtual machine stopped when virtual machine deleting [SIG-Storage]" classname="Tests" status="skipped" time="0">
              <skipped message="skipped"></skipped>
          </testcase>
          <testcase name="[It] [sig-storage] Volume migration with local disks should be reverted because virtual machine stopped when virtual machine stopped from OS [SIG-Storage]" classname="Tests" status="skipped" time="0">
              <skipped message="skipped"></skipped>
          </testcase>
          <testcase name="[It] [sig-storage] Volume migration with local disks Migrate to not matched node should reverted because migration canceled when pod pending [SIG-Storage]" classname="Tests" status="skipped" time="0">
              <skipped message="skipped"></skipped>
          </testcase>
          <testcase name="[It] [sig-storage] Volume migration with local disks should be failed with RWO VMBDA [SIG-Storage]" classname="Tests" status="skipped" time="0">
              <skipped message="skipped"></skipped>
          </testcase>
          <testcase name="[It] VirtualMachineAdditionalNetworkInterfaces When resources are applied result should be succeeded [SIG-Migration]" classname="Tests" status="skipped" time="0">
              <skipped message="skipped"></skipped>
          </testcase>
          <testcase name="[It] VirtualMachineAdditionalNetworkInterfaces When virtual machines are applied checks VMs phases [SIG-Migration]" classname="Tests" status="skipped" time="0">
              <skipped message="skipped"></skipped>
          </testcase>
          <testcase name="[It] VirtualMachineAdditionalNetworkInterfaces When virtual machines are applied checks network availability [SIG-Migration]" classname="Tests" status="skipped" time="0">
              <skipped message="skipped"></skipped>
          </testcase>
          <testcase name="[It] VirtualMachineAdditionalNetworkInterfaces When virtual machine agents and network are ready starts migrations [SIG-Migration]" classname="Tests" status="skipped" time="0">
              <skipped message="skipped"></skipped>
          </testcase>
          <testcase name="[It] VirtualMachineAdditionalNetworkInterfaces When VMs migrations are applied checks VMs and VMOPs phases [SIG-Migration]" classname="Tests" status="skipped" time="0">
              <skipped message="skipped"></skipped>
          </testcase>
          <testcase name="[It] VirtualMachineAdditionalNetworkInterfaces When VMs migrations are applied checks VMs external connection after migrations [SIG-Migration]" classname="Tests" status="skipped" time="0">
              <skipped message="skipped"></skipped>
          </testcase>
          <testcase name="[It] VirtualMachineAdditionalNetworkInterfaces When VMs migrations are applied checks network availability after migrations [SIG-Migration]" classname="Tests" status="skipped" time="0">
              <skipped message="skipped"></skipped>
          </testcase>
          <testcase name="[It] VirtualMachineAdditionalNetworkInterfaces When test is completed deletes test case resources [SIG-Migration]" classname="Tests" status="skipped" time="0">
              <skipped message="skipped"></skipped>
          </testcase>
          <testcase name="[It] VirtualMachineLabelAndAnnotation When resources are applied result should be succeeded" classname="Tests" status="skipped" time="0">
              <skipped message="skipped"></skipped>
          </testcase>
          <testcase name="[It] VirtualMachineLabelAndAnnotation When virtual images are applied checks VIs phases" classname="Tests" status="skipped" time="0">
              <skipped message="skipped"></skipped>
          </testcase>
          <testcase name="[It] VirtualMachineLabelAndAnnotation When virtual disks are applied checks VDs phases" classname="Tests" status="skipped" time="0">
              <skipped message="skipped"></skipped>
          </testcase>
          <testcase name="[It] VirtualMachineLabelAndAnnotation When virtual machines are applied checks VMs phases" classname="Tests" status="skipped" time="0">
              <skipped message="skipped"></skipped>
          </testcase>
          <testcase name="[It] VirtualMachineLabelAndAnnotation When virtual machine is running marks VMs with label map[&#34;specialKey&#34;:&#34;specialValue&#34;]" classname="Tests" status="skipped" time="0">
              <skipped message="skipped"></skipped>
          </testcase>
          <testcase name="[It] VirtualMachineLabelAndAnnotation When virtual machine is running checks VMs and pods labels after VMs labeling" classname="Tests" status="skipped" time="0">
              <skipped message="skipped"></skipped>
          </testcase>
          <testcase name="[It] VirtualMachineLabelAndAnnotation When virtual machine is running removes label map[specialKey:specialValue] from VMs" classname="Tests" status="skipped" time="0">
              <skipped message="skipped"></skipped>
          </testcase>
          <testcase name="[It] VirtualMachineLabelAndAnnotation When virtual machine is running checks VMs and pods labels after VMs unlabeling" classname="Tests" status="skipped" time="0">
              <skipped message="skipped"></skipped>
          </testcase>
          <testcase name="[It] VirtualMachineLabelAndAnnotation Annotate `VirtualMachines` in Running phase marks VMs with annotation map[&#34;specialKey&#34;:&#34;specialValue&#34;]" classname="Tests" status="skipped" time="0">
              <skipped message="skipped"></skipped>
          </testcase>
          <testcase name="[It] VirtualMachineLabelAndAnnotation Annotate `VirtualMachines` in Running phase checks VMs and pods annotations after VMs annotating" classname="Tests" status="skipped" time="0">
              <skipped message="skipped"></skipped>
          </testcase>
          <testcase name="[It] VirtualMachineLabelAndAnnotation Annotate `VirtualMachines` in Running phase removes annotation map[specialKey:specialValue] from VMs" classname="Tests" status="skipped" time="0">
              <skipped message="skipped"></skipped>
          </testcase>
          <testcase name="[It] VirtualMachineLabelAndAnnotation Annotate `VirtualMachines` in Running phase checks VMs and pods annotations after VMs unannotating" classname="Tests" status="skipped" time="0">
              <skipped message="skipped"></skipped>
          </testcase>
          <testcase name="[It] VirtualMachineLabelAndAnnotation When test is completed deletes test case resources" classname="Tests" status="skipped" time="0">
              <skipped message="skipped"></skipped>
          </testcase>
          <testcase name="[It] [sig-storage] Volume migration when storage class changed should be successful when only root disk changed storage class [SIG-Storage]" classname="Tests" status="skipped" time="0">
              <skipped message="skipped"></skipped>
          </testcase>
          <testcase name="[It] [sig-storage] Volume migration when storage class changed should be successful when root disk changed storage class and one local additional disk [SIG-Storage]" classname="Tests" status="skipped" time="0">
              <skipped message="skipped"></skipped>
          </testcase>
          <testcase name="[It] [sig-storage] Volume migration when storage class changed should be successful when root disk changed storage class and one additional disk [SIG-Storage]" classname="Tests" status="skipped" time="0">
              <skipped message="skipped"></skipped>
          </testcase>
          <testcase name="[It] [sig-storage] Volume migration when storage class changed should be successful when only additional disk changed storage class [SIG-Storage]" classname="Tests" status="skipped" time="0">
              <skipped message="skipped"></skipped>
          </testcase>
          <testcase name="[It] [sig-storage] Volume migration when storage class changed should be reverted when only root disk changed storage class [SIG-Storage]" classname="Tests" status="skipped" time="0">
              <skipped message="skipped"></skipped>
          </testcase>
          <testcase name="[It] [sig-storage] Volume migration when storage class changed should be reverted when root disk changed storage class and one local additional disk [SIG-Storage]" classname="Tests" status="skipped" time="0">
              <skipped message="skipped"></skipped>
          </testcase>
          <testcase name="[It] [sig-storage] Volume migration when storage class changed should be reverted when root disk changed storage class and one additional disk [SIG-Storage]" classname="Tests" status="skipped" time="0">
              <skipped message="skipped"></skipped>
          </testcase>
          <testcase name="[It] [sig-storage] Volume migration when storage class changed should be reverted when only additional disk changed storage class [SIG-Storage]" classname="Tests" status="skipped" time="0">
              <skipped message="skipped"></skipped>
          </testcase>
          <testcase name="[It] [sig-storage] Volume migration when storage class changed should be successful two migrations in a row [SIG-Storage]" classname="Tests" status="skipped" time="0">
              <skipped message="skipped"></skipped>
          </testcase>
          <testcase name="[It] VirtualMachineRestoreSafe When the virtualization resources are applied result should be succeeded [SIG-Restoration]" classname="Tests" status="skipped" time="0">
              <skipped message="skipped"></skipped>
          </testcase>
          <testcase name="[It] VirtualMachineRestoreSafe When the virtualization resources are applied checks the resources phase [SIG-Restoration]" classname="Tests" status="skipped" time="0">
              <skipped message="skipped"></skipped>
          </testcase>
          <testcase name="[It] VirtualMachineRestoreSafe When the virtualization resources are applied add additional interface to virtual machines [SIG-Restoration]" classname="Tests" status="skipped" time="0">
              <skipped message="skipped"></skipped>
          </testcase>
          <testcase name="[It] VirtualMachineRestoreSafe When the resources are ready to use restore the `VirtualMachines` with `Safe` mode [SIG-Restoration]" classname="Tests" status="skipped" time="0">
              <skipped message="skipped"></skipped>
          </testcase>
          <testcase name="[It] VirtualMachineRestoreSafe When the resources are ready to use check the .status.networks of each VM after restore [SIG-Restoration]" classname="Tests" status="skipped" time="0">
              <skipped message="skipped"></skipped>
          </testcase>
          <testcase name="[It] VirtualMachineRestoreSafe When test is completed deletes test case resources [SIG-Restoration]" classname="Tests" status="skipped" time="0">
              <skipped message="skipped"></skipped>
          </testcase>
          <testcase name="[It] VirtualDiskAttachment When resources are applied result should be succeeded" classname="Tests" status="skipped" time="0">
              <skipped message="skipped"></skipped>
          </testcase>
          <testcase name="[It] VirtualDiskAttachment When virtual images are applied checks VIs phases" classname="Tests" status="skipped" time="0">
              <skipped message="skipped"></skipped>
          </testcase>
          <testcase name="[It] VirtualDiskAttachment When virtual disks are applied checks VDs phases" classname="Tests" status="skipped" time="0">
              <skipped message="skipped"></skipped>
          </testcase>
          <testcase name="[It] VirtualDiskAttachment When virtual machines are applied checks VMs phases" classname="Tests" status="skipped" time="0">
              <skipped message="skipped"></skipped>
          </testcase>
          <testcase name="[It] VirtualDiskAttachment Attachment When virtual machine agents are ready get disk count before attachment" classname="Tests" status="skipped" time="0">
              <skipped message="skipped"></skipped>
          </testcase>
          <testcase name="[It] VirtualDiskAttachment Attachment When virtual machine agents are ready attaches virtual disk" classname="Tests" status="skipped" time="0">
              <skipped message="skipped"></skipped>
          </testcase>
          <testcase name="[It] VirtualDiskAttachment Attachment When virtual machine agents are ready checks VM and VMBDA phases" classname="Tests" status="skipped" time="0">
              <skipped message="skipped"></skipped>
          </testcase>
          <testcase name="[It] VirtualDiskAttachment Attachment When virtual machine agents are ready compares disk count before and after attachment" classname="Tests" status="skipped" time="0">
              <skipped message="skipped"></skipped>
          </testcase>
          <testcase name="[It] VirtualDiskAttachment Detachment When virtual machines are in Running phases get disk count before detachment" classname="Tests" status="skipped" time="0">
              <skipped message="skipped"></skipped>
          </testcase>
          <testcase name="[It] VirtualDiskAttachment Detachment When virtual machines are in Running phases detaches virtual disk" classname="Tests" status="skipped" time="0">
              <skipped message="skipped"></skipped>
          </testcase>
          <testcase name="[It] VirtualDiskAttachment Detachment When virtual machines are in Running phases checks VM phase" classname="Tests" status="skipped" time="0">
              <skipped message="skipped"></skipped>
          </testcase>
          <testcase name="[It] VirtualDiskAttachment Detachment When virtual machines are in Running phases compares disk count before and after detachment" classname="Tests" status="skipped" time="0">
              <skipped message="skipped"></skipped>
          </testcase>
          <testcase name="[It] VirtualDiskAttachment When test is completed deletes test case resources" classname="Tests" status="skipped" time="0">
              <skipped message="skipped"></skipped>
          </testcase>
          <testcase name="[It] VirtualDiskSnapshots When virtualization resources are applied: result should be succeeded" classname="Tests" status="skipped" time="0">
              <skipped message="skipped"></skipped>
          </testcase>
          <testcase name="[It] VirtualDiskSnapshots When virtual images are applied: checks VIs phases" classname="Tests" status="skipped" time="0">
              <skipped message="skipped"></skipped>
          </testcase>
          <testcase name="[It] VirtualDiskSnapshots When virtual disks are applied: checks VDs phases" classname="Tests" status="skipped" time="0">
              <skipped message="skipped"></skipped>
          </testcase>
          <testcase name="[It] VirtualDiskSnapshots When virtual machines are applied: checks VMs phases" classname="Tests" status="skipped" time="0">
              <skipped message="skipped"></skipped>
          </testcase>
          <testcase name="[It] VirtualDiskSnapshots When virtual machine block device attachments are applied: checks VMBDAs phases" classname="Tests" status="skipped" time="0">
              <skipped message="skipped"></skipped>
          </testcase>
          <testcase name="[It] VirtualDiskSnapshots When unattached VDs in phase Ready: creates VDs snapshots with `requiredConsistency`" classname="Tests" status="skipped" time="0">
              <skipped message="skipped"></skipped>
          </testcase>
          <testcase name="[It] VirtualDiskSnapshots When unattached VDs in phase Ready: checks snapshots of unattached VDs" classname="Tests" status="skipped" time="0">
              <skipped message="skipped"></skipped>
          </testcase>
          <testcase name="[It] VirtualDiskSnapshots When virtual machines in Running phase creates snapshots with `requiredConsistency` of attached VDs" classname="Tests" status="skipped" time="0">
              <skipped message="skipped"></skipped>
          </testcase>
          <testcase name="[It] VirtualDiskSnapshots When virtual machines in Running phase creates `vdSnapshots` concurrently" classname="Tests" status="skipped" time="0">
              <skipped message="skipped"></skipped>
          </testcase>
          <testcase name="[It] VirtualDiskSnapshots When virtual machines in Running phase checks snapshots" classname="Tests" status="skipped" time="0">
              <skipped message="skipped"></skipped>
          </testcase>
          <testcase name="[It] VirtualDiskSnapshots When virtual machines in Running phase checks `FileSystemFrozen` status of VMs" classname="Tests" status="skipped" time="0">
              <skipped message="skipped"></skipped>
          </testcase>
          <testcase name="[It] VirtualDiskSnapshots When test is completed deletes test case resources" classname="Tests" status="skipped" time="0">
              <skipped message="skipped"></skipped>
          </testcase>
          <testcase name="[SynchronizedAfterSuite]" classname="Tests" status="failed" time="0.260416291">
              <failure message="Expected success, but got an error:&#xA;    &lt;*errors.joinError | 0x14000cf1878&gt;: &#xA;    the container &#34;virtualization-controller&#34; was restarted: virtualization-controller-59bcb5f6db-mqg8n&#xA;    the container &#34;virtualization-controller&#34; was not found: virtualization-controller-6496c794f4-5vflb&#xA;    {&#xA;        errs: [&#xA;            &lt;*errors.joinError | 0x14000cf1860&gt;{&#xA;                errs: [&#xA;                    &lt;*errors.errorString | 0x140006e97a0&gt;{&#xA;                        s: &#34;the container \&#34;virtualization-controller\&#34; was restarted: virtualization-controller-59bcb5f6db-mqg8n&#34;,&#xA;                    },&#xA;                ],&#xA;            },&#xA;            &lt;*errors.errorString | 0x140006e97d0&gt;{&#xA;                s: &#34;the container \&#34;virtualization-controller\&#34; was not found: virtualization-controller-6496c794f4-5vflb&#34;,&#xA;            },&#xA;        ],&#xA;    }" type="failed">[FAILED] Expected success, but got an error:&#xA;    &lt;*errors.joinError | 0x14000cf1878&gt;: &#xA;    the container &#34;virtualization-controller&#34; was restarted: virtualization-controller-59bcb5f6db-mqg8n&#xA;    the container &#34;virtualization-controller&#34; was not found: virtualization-controller-6496c794f4-5vflb&#xA;    {&#xA;        errs: [&#xA;            &lt;*errors.joinError | 0x14000cf1860&gt;{&#xA;                errs: [&#xA;                    &lt;*errors.errorString | 0x140006e97a0&gt;{&#xA;                        s: &#34;the container \&#34;virtualization-controller\&#34; was restarted: virtualization-controller-59bcb5f6db-mqg8n&#34;,&#xA;                    },&#xA;                ],&#xA;            },&#xA;            &lt;*errors.errorString | 0x140006e97d0&gt;{&#xA;                s: &#34;the container \&#34;virtualization-controller\&#34; was not found: virtualization-controller-6496c794f4-5vflb&#34;,&#xA;            },&#xA;        ],&#xA;    }&#xA;In [SynchronizedAfterSuite] at: /Users/antont/ansible_deckhouse/virtualization-full/tests/e2e/e2e_test.go:183 @ 10/09/25 09:21:06.141&#xA;</failure>
              <system-err>&gt; Enter [SynchronizedAfterSuite] TOP-LEVEL - /Users/antont/ansible_deckhouse/virtualization-full/tests/e2e/e2e_test.go:182 @ 10/09/25 09:21:05.881&#xA;&lt; Exit [SynchronizedAfterSuite] TOP-LEVEL - /Users/antont/ansible_deckhouse/virtualization-full/tests/e2e/e2e_test.go:182 @ 10/09/25 09:21:05.881 (0s)&#xA;&gt; Enter [SynchronizedAfterSuite] TOP-LEVEL - /Users/antont/ansible_deckhouse/virtualization-full/tests/e2e/e2e_test.go:182 @ 10/09/25 09:21:05.881&#xA;[FAILED] Expected success, but got an error:&#xA;    &lt;*errors.joinError | 0x14000cf1878&gt;: &#xA;    the container &#34;virtualization-controller&#34; was restarted: virtualization-controller-59bcb5f6db-mqg8n&#xA;    the container &#34;virtualization-controller&#34; was not found: virtualization-controller-6496c794f4-5vflb&#xA;    {&#xA;        errs: [&#xA;            &lt;*errors.joinError | 0x14000cf1860&gt;{&#xA;                errs: [&#xA;                    &lt;*errors.errorString | 0x140006e97a0&gt;{&#xA;                        s: &#34;the container \&#34;virtualization-controller\&#34; was restarted: virtualization-controller-59bcb5f6db-mqg8n&#34;,&#xA;                    },&#xA;                ],&#xA;            },&#xA;            &lt;*errors.errorString | 0x140006e97d0&gt;{&#xA;                s: &#34;the container \&#34;virtualization-controller\&#34; was not found: virtualization-controller-6496c794f4-5vflb&#34;,&#xA;            },&#xA;        ],&#xA;    }&#xA;In [SynchronizedAfterSuite] at: /Users/antont/ansible_deckhouse/virtualization-full/tests/e2e/e2e_test.go:183 @ 10/09/25 09:21:06.141&#xA;&lt; Exit [SynchronizedAfterSuite] TOP-LEVEL - /Users/antont/ansible_deckhouse/virtualization-full/tests/e2e/e2e_test.go:182 @ 10/09/25 09:21:06.142 (260ms)&#xA;</system-err>
          </testcase>
          <testcase name="[DeferCleanup (Suite)]" classname="Tests" status="passed" time="7.742208625">
              <system-err>&gt; Enter [DeferCleanup (Suite)] TOP-LEVEL - /Users/antont/ansible_deckhouse/virtualization-full/tests/e2e/e2e_test.go:175 @ 10/09/25 09:21:06.142&#xA;&lt; Exit [DeferCleanup (Suite)] TOP-LEVEL - /Users/antont/ansible_deckhouse/virtualization-full/tests/e2e/e2e_test.go:175 @ 10/09/25 09:21:13.884 (7.742s)&#xA;</system-err>
          </testcase>
      </testsuite>
  </testsuites>