<?xml version="1.0" encoding="UTF-8"?>
  <testsuites tests="214" disabled="208" errors="0" failures="2" time="301.963763125">
      <testsuite name="Tests" package="/Users/antont/ansible_deckhouse/virtualization-full/tests/e2e" tests="214" disabled="0" skipped="208" errors="0" failures="2" time="301.963763125" timestamp="2025-10-08T23:05:46">
          <properties>
              <property name="SuiteSucceeded" value="false"></property>
              <property name="SuiteHasProgrammaticFocus" value="false"></property>
              <property name="SpecialSuiteFailureReason" value="Suite Timeout Elapsed"></property>
              <property name="SuiteLabels" value="[]"></property>
              <property name="RandomSeed" value="1759953932"></property>
              <property name="RandomizeAllSpecs" value="false"></property>
              <property name="LabelFilter" value=""></property>
              <property name="FocusStrings" value=""></property>
              <property name="SkipStrings" value=""></property>
              <property name="FocusFiles" value=""></property>
              <property name="SkipFiles" value=""></property>
              <property name="FailOnPending" value="false"></property>
              <property name="FailOnEmpty" value="false"></property>
              <property name="FailFast" value="false"></property>
              <property name="FlakeAttempts" value="0"></property>
              <property name="DryRun" value="false"></property>
              <property name="ParallelTotal" value="1"></property>
              <property name="OutputInterceptorMode" value=""></property>
          </properties>
          <testcase name="[SynchronizedBeforeSuite]" classname="Tests" status="passed" time="4.079324459">
              <system-err>&gt; Enter [SynchronizedBeforeSuite] TOP-LEVEL - /Users/antont/ansible_deckhouse/virtualization-full/tests/e2e/e2e_test.go:137 @ 10/08/25 23:05:46.294&#xA;&lt; Exit [SynchronizedBeforeSuite] TOP-LEVEL - /Users/antont/ansible_deckhouse/virtualization-full/tests/e2e/e2e_test.go:137 @ 10/08/25 23:05:50.374 (4.079s)&#xA;&gt; Enter [SynchronizedBeforeSuite] TOP-LEVEL - /Users/antont/ansible_deckhouse/virtualization-full/tests/e2e/e2e_test.go:137 @ 10/08/25 23:05:50.374&#xA;&lt; Exit [SynchronizedBeforeSuite] TOP-LEVEL - /Users/antont/ansible_deckhouse/virtualization-full/tests/e2e/e2e_test.go:137 @ 10/08/25 23:05:50.374 (0s)&#xA;</system-err>
          </testcase>
          <testcase name="[It] [sig-storage] Volume migration when storage class changed should be successful when only root disk changed storage class [SIG-Storage]" classname="Tests" status="skipped" time="0.000492958">
              <skipped message="skipped - This test case is not working everytime. Should be fixed."></skipped>
              <system-err>&gt; Enter [BeforeEach] [sig-storage] Volume migration when storage class changed - /Users/antont/ansible_deckhouse/virtualization-full/tests/e2e/storage/volume_migration_storage_class_changed.go:50 @ 10/08/25 23:05:50.377&#xA;[SKIPPED] This test case is not working everytime. Should be fixed.&#xA;In [BeforeEach] at: /Users/antont/ansible_deckhouse/virtualization-full/tests/e2e/storage/volume_migration_storage_class_changed.go:52 @ 10/08/25 23:05:50.377&#xA;&lt; Exit [BeforeEach] [sig-storage] Volume migration when storage class changed - /Users/antont/ansible_deckhouse/virtualization-full/tests/e2e/storage/volume_migration_storage_class_changed.go:50 @ 10/08/25 23:05:50.377 (0s)&#xA;</system-err>
          </testcase>
          <testcase name="[It] [sig-storage] Volume migration when storage class changed should be successful when root disk changed storage class and one local additional disk [SIG-Storage]" classname="Tests" status="skipped" time="8.6375e-05">
              <skipped message="skipped - This test case is not working everytime. Should be fixed."></skipped>
              <system-err>&gt; Enter [BeforeEach] [sig-storage] Volume migration when storage class changed - /Users/antont/ansible_deckhouse/virtualization-full/tests/e2e/storage/volume_migration_storage_class_changed.go:50 @ 10/08/25 23:05:50.377&#xA;[SKIPPED] This test case is not working everytime. Should be fixed.&#xA;In [BeforeEach] at: /Users/antont/ansible_deckhouse/virtualization-full/tests/e2e/storage/volume_migration_storage_class_changed.go:52 @ 10/08/25 23:05:50.377&#xA;&lt; Exit [BeforeEach] [sig-storage] Volume migration when storage class changed - /Users/antont/ansible_deckhouse/virtualization-full/tests/e2e/storage/volume_migration_storage_class_changed.go:50 @ 10/08/25 23:05:50.377 (0s)&#xA;</system-err>
          </testcase>
          <testcase name="[It] [sig-storage] Volume migration when storage class changed should be successful when root disk changed storage class and one additional disk [SIG-Storage]" classname="Tests" status="skipped" time="6.925e-05">
              <skipped message="skipped - This test case is not working everytime. Should be fixed."></skipped>
              <system-err>&gt; Enter [BeforeEach] [sig-storage] Volume migration when storage class changed - /Users/antont/ansible_deckhouse/virtualization-full/tests/e2e/storage/volume_migration_storage_class_changed.go:50 @ 10/08/25 23:05:50.378&#xA;[SKIPPED] This test case is not working everytime. Should be fixed.&#xA;In [BeforeEach] at: /Users/antont/ansible_deckhouse/virtualization-full/tests/e2e/storage/volume_migration_storage_class_changed.go:52 @ 10/08/25 23:05:50.378&#xA;&lt; Exit [BeforeEach] [sig-storage] Volume migration when storage class changed - /Users/antont/ansible_deckhouse/virtualization-full/tests/e2e/storage/volume_migration_storage_class_changed.go:50 @ 10/08/25 23:05:50.378 (0s)&#xA;</system-err>
          </testcase>
          <testcase name="[It] [sig-storage] Volume migration when storage class changed should be successful when only additional disk changed storage class [SIG-Storage]" classname="Tests" status="skipped" time="6.5792e-05">
              <skipped message="skipped - This test case is not working everytime. Should be fixed."></skipped>
              <system-err>&gt; Enter [BeforeEach] [sig-storage] Volume migration when storage class changed - /Users/antont/ansible_deckhouse/virtualization-full/tests/e2e/storage/volume_migration_storage_class_changed.go:50 @ 10/08/25 23:05:50.378&#xA;[SKIPPED] This test case is not working everytime. Should be fixed.&#xA;In [BeforeEach] at: /Users/antont/ansible_deckhouse/virtualization-full/tests/e2e/storage/volume_migration_storage_class_changed.go:52 @ 10/08/25 23:05:50.378&#xA;&lt; Exit [BeforeEach] [sig-storage] Volume migration when storage class changed - /Users/antont/ansible_deckhouse/virtualization-full/tests/e2e/storage/volume_migration_storage_class_changed.go:50 @ 10/08/25 23:05:50.378 (0s)&#xA;</system-err>
          </testcase>
          <testcase name="[It] [sig-storage] Volume migration when storage class changed should be reverted when only root disk changed storage class [SIG-Storage]" classname="Tests" status="skipped" time="6.2666e-05">
              <skipped message="skipped - This test case is not working everytime. Should be fixed."></skipped>
              <system-err>&gt; Enter [BeforeEach] [sig-storage] Volume migration when storage class changed - /Users/antont/ansible_deckhouse/virtualization-full/tests/e2e/storage/volume_migration_storage_class_changed.go:50 @ 10/08/25 23:05:50.378&#xA;[SKIPPED] This test case is not working everytime. Should be fixed.&#xA;In [BeforeEach] at: /Users/antont/ansible_deckhouse/virtualization-full/tests/e2e/storage/volume_migration_storage_class_changed.go:52 @ 10/08/25 23:05:50.378&#xA;&lt; Exit [BeforeEach] [sig-storage] Volume migration when storage class changed - /Users/antont/ansible_deckhouse/virtualization-full/tests/e2e/storage/volume_migration_storage_class_changed.go:50 @ 10/08/25 23:05:50.378 (0s)&#xA;</system-err>
          </testcase>
          <testcase name="[It] [sig-storage] Volume migration when storage class changed should be reverted when root disk changed storage class and one local additional disk [SIG-Storage]" classname="Tests" status="skipped" time="7.4542e-05">
              <skipped message="skipped - This test case is not working everytime. Should be fixed."></skipped>
              <system-err>&gt; Enter [BeforeEach] [sig-storage] Volume migration when storage class changed - /Users/antont/ansible_deckhouse/virtualization-full/tests/e2e/storage/volume_migration_storage_class_changed.go:50 @ 10/08/25 23:05:50.378&#xA;[SKIPPED] This test case is not working everytime. Should be fixed.&#xA;In [BeforeEach] at: /Users/antont/ansible_deckhouse/virtualization-full/tests/e2e/storage/volume_migration_storage_class_changed.go:52 @ 10/08/25 23:05:50.378&#xA;&lt; Exit [BeforeEach] [sig-storage] Volume migration when storage class changed - /Users/antont/ansible_deckhouse/virtualization-full/tests/e2e/storage/volume_migration_storage_class_changed.go:50 @ 10/08/25 23:05:50.378 (0s)&#xA;</system-err>
          </testcase>
          <testcase name="[It] [sig-storage] Volume migration when storage class changed should be reverted when root disk changed storage class and one additional disk [SIG-Storage]" classname="Tests" status="skipped" time="6.1875e-05">
              <skipped message="skipped - This test case is not working everytime. Should be fixed."></skipped>
              <system-err>&gt; Enter [BeforeEach] [sig-storage] Volume migration when storage class changed - /Users/antont/ansible_deckhouse/virtualization-full/tests/e2e/storage/volume_migration_storage_class_changed.go:50 @ 10/08/25 23:05:50.378&#xA;[SKIPPED] This test case is not working everytime. Should be fixed.&#xA;In [BeforeEach] at: /Users/antont/ansible_deckhouse/virtualization-full/tests/e2e/storage/volume_migration_storage_class_changed.go:52 @ 10/08/25 23:05:50.378&#xA;&lt; Exit [BeforeEach] [sig-storage] Volume migration when storage class changed - /Users/antont/ansible_deckhouse/virtualization-full/tests/e2e/storage/volume_migration_storage_class_changed.go:50 @ 10/08/25 23:05:50.378 (0s)&#xA;</system-err>
          </testcase>
          <testcase name="[It] [sig-storage] Volume migration when storage class changed should be reverted when only additional disk changed storage class [SIG-Storage]" classname="Tests" status="skipped" time="5.7917e-05">
              <skipped message="skipped - This test case is not working everytime. Should be fixed."></skipped>
              <system-err>&gt; Enter [BeforeEach] [sig-storage] Volume migration when storage class changed - /Users/antont/ansible_deckhouse/virtualization-full/tests/e2e/storage/volume_migration_storage_class_changed.go:50 @ 10/08/25 23:05:50.378&#xA;[SKIPPED] This test case is not working everytime. Should be fixed.&#xA;In [BeforeEach] at: /Users/antont/ansible_deckhouse/virtualization-full/tests/e2e/storage/volume_migration_storage_class_changed.go:52 @ 10/08/25 23:05:50.378&#xA;&lt; Exit [BeforeEach] [sig-storage] Volume migration when storage class changed - /Users/antont/ansible_deckhouse/virtualization-full/tests/e2e/storage/volume_migration_storage_class_changed.go:50 @ 10/08/25 23:05:50.378 (0s)&#xA;</system-err>
          </testcase>
          <testcase name="[It] [sig-storage] Volume migration when storage class changed should be successful two migrations in a row [SIG-Storage]" classname="Tests" status="skipped" time="7.2375e-05">
              <skipped message="skipped - This test case is not working everytime. Should be fixed."></skipped>
              <system-err>&gt; Enter [BeforeEach] [sig-storage] Volume migration when storage class changed - /Users/antont/ansible_deckhouse/virtualization-full/tests/e2e/storage/volume_migration_storage_class_changed.go:50 @ 10/08/25 23:05:50.378&#xA;[SKIPPED] This test case is not working everytime. Should be fixed.&#xA;In [BeforeEach] at: /Users/antont/ansible_deckhouse/virtualization-full/tests/e2e/storage/volume_migration_storage_class_changed.go:52 @ 10/08/25 23:05:50.378&#xA;&lt; Exit [BeforeEach] [sig-storage] Volume migration when storage class changed - /Users/antont/ansible_deckhouse/virtualization-full/tests/e2e/storage/volume_migration_storage_class_changed.go:50 @ 10/08/25 23:05:50.378 (0s)&#xA;</system-err>
          </testcase>
          <testcase name="[It] VirtualMachineLabelAndAnnotation When resources are applied result should be succeeded" classname="Tests" status="passed" time="5.300754958">
              <system-err>&gt; Enter [BeforeAll] VirtualMachineLabelAndAnnotation - /Users/antont/ansible_deckhouse/virtualization-full/tests/e2e/vm_label_annotation_test.go:42 @ 10/08/25 23:05:50.378&#xA;&lt; Exit [BeforeAll] VirtualMachineLabelAndAnnotation - /Users/antont/ansible_deckhouse/virtualization-full/tests/e2e/vm_label_annotation_test.go:42 @ 10/08/25 23:05:52.423 (2.045s)&#xA;&gt; Enter [BeforeEach] VirtualMachineLabelAndAnnotation - /Users/antont/ansible_deckhouse/virtualization-full/tests/e2e/vm_label_annotation_test.go:51 @ 10/08/25 23:05:52.423&#xA;&lt; Exit [BeforeEach] VirtualMachineLabelAndAnnotation - /Users/antont/ansible_deckhouse/virtualization-full/tests/e2e/vm_label_annotation_test.go:51 @ 10/08/25 23:05:52.423 (0s)&#xA;&gt; Enter [It] result should be succeeded - /Users/antont/ansible_deckhouse/virtualization-full/tests/e2e/vm_label_annotation_test.go:64 @ 10/08/25 23:05:52.423&#xA;&lt; Exit [It] result should be succeeded - /Users/antont/ansible_deckhouse/virtualization-full/tests/e2e/vm_label_annotation_test.go:64 @ 10/08/25 23:05:55.679 (3.256s)&#xA;&gt; Enter [AfterEach] VirtualMachineLabelAndAnnotation - /Users/antont/ansible_deckhouse/virtualization-full/tests/e2e/vm_label_annotation_test.go:57 @ 10/08/25 23:05:55.679&#xA;&lt; Exit [AfterEach] VirtualMachineLabelAndAnnotation - /Users/antont/ansible_deckhouse/virtualization-full/tests/e2e/vm_label_annotation_test.go:57 @ 10/08/25 23:05:55.679 (0s)&#xA;</system-err>
          </testcase>
          <testcase name="[It] VirtualMachineLabelAndAnnotation When virtual images are applied checks VIs phases" classname="Tests" status="passed" time="8.547268708">
              <system-err>&gt; Enter [BeforeEach] VirtualMachineLabelAndAnnotation - /Users/antont/ansible_deckhouse/virtualization-full/tests/e2e/vm_label_annotation_test.go:51 @ 10/08/25 23:05:55.68&#xA;&lt; Exit [BeforeEach] VirtualMachineLabelAndAnnotation - /Users/antont/ansible_deckhouse/virtualization-full/tests/e2e/vm_label_annotation_test.go:51 @ 10/08/25 23:05:55.68 (0s)&#xA;&gt; Enter [It] checks VIs phases - /Users/antont/ansible_deckhouse/virtualization-full/tests/e2e/vm_label_annotation_test.go:74 @ 10/08/25 23:05:55.68&#xA;STEP: VIs should be in Ready phases - /Users/antont/ansible_deckhouse/virtualization-full/tests/e2e/vm_label_annotation_test.go:75 @ 10/08/25 23:05:55.68&#xA;&lt; Exit [It] checks VIs phases - /Users/antont/ansible_deckhouse/virtualization-full/tests/e2e/vm_label_annotation_test.go:74 @ 10/08/25 23:06:04.227 (8.547s)&#xA;&gt; Enter [AfterEach] VirtualMachineLabelAndAnnotation - /Users/antont/ansible_deckhouse/virtualization-full/tests/e2e/vm_label_annotation_test.go:57 @ 10/08/25 23:06:04.227&#xA;&lt; Exit [AfterEach] VirtualMachineLabelAndAnnotation - /Users/antont/ansible_deckhouse/virtualization-full/tests/e2e/vm_label_annotation_test.go:57 @ 10/08/25 23:06:04.227 (0s)&#xA;</system-err>
          </testcase>
          <testcase name="[It] VirtualMachineLabelAndAnnotation When virtual disks are applied checks VDs phases" classname="Tests" status="timedout" time="280.065158125">
              <failure message="A suite timeout occurred" type="timedout">[TIMEDOUT] A suite timeout occurred&#xA;In [It] at: /Users/antont/ansible_deckhouse/virtualization-full/tests/e2e/vm_label_annotation_test.go:85 @ 10/08/25 23:10:39.16&#xA;&#xA;This is the Progress Report generated when the suite timeout occurred:&#xA;  VirtualMachineLabelAndAnnotation When virtual disks are applied checks VDs phases (Spec Runtime: 4m34.95s)&#xA;    /Users/antont/ansible_deckhouse/virtualization-full/tests/e2e/vm_label_annotation_test.go:85&#xA;    In [It] (Node Runtime: 4m34.95s)&#xA;      /Users/antont/ansible_deckhouse/virtualization-full/tests/e2e/vm_label_annotation_test.go:85&#xA;      At [By Step] VDs should be in Ready phases (Step Runtime: 4m34.95s)&#xA;        /Users/antont/ansible_deckhouse/virtualization-full/tests/e2e/vm_label_annotation_test.go:86&#xA;&#xA;      Spec Goroutine&#xA;      goroutine 184 [sync.WaitGroup.Wait, 4 minutes]&#xA;        sync.runtime_SemacquireWaitGroup(0x102f58b30?, 0xe0?)&#xA;          /opt/homebrew/Cellar/go/1.25.1/libexec/src/runtime/sema.go:114&#xA;        sync.(*WaitGroup).Wait(0x140008e4370)&#xA;          /opt/homebrew/Cellar/go/1.25.1/libexec/src/sync/waitgroup.go:206&#xA;      &gt; github.com/deckhouse/virtualization/tests/e2e.WaitResources({0x14000790c20, 0x1, 0x1049c8e70?}, {0x1046e28ae, 0x28}, {{0x0, 0x0, 0x0}, 0x140005420c0, {0x140009ab740, ...}, ...})&#xA;          /Users/antont/ansible_deckhouse/virtualization-full/tests/e2e/util_test.go:349&#xA;            | &#x9;&#x9;}()&#xA;            | &#x9;}&#xA;            &gt; &#x9;wg.Wait()&#xA;            | &#x9;Expect(waitErr).To(BeEmpty())&#xA;            | }&#xA;      &gt; github.com/deckhouse/virtualization/tests/e2e.WaitByLabel({0x1046e28ae, 0x28}, {{0x0, 0x0, 0x0}, 0x140005420c0, {0x140009ab740, 0x2c}, {0x14000792240, 0x20}, ...})&#xA;          /Users/antont/ansible_deckhouse/virtualization-full/tests/e2e/util_test.go:308&#xA;            | &#x9;&#x9;resources = strings.Split(res.StdOut(), &#34; &#34;)&#xA;            | &#x9;}&#xA;            &gt; &#x9;WaitResources(resources, resource, opts)&#xA;            | }&#xA;            | &#xA;      &gt; github.com/deckhouse/virtualization/tests/e2e.WaitPhaseByLabel({0x1046e28ae, 0x28}, {0x1046a1865, 0x5}, {{0x0, 0x0, 0x0}, 0x140005420c0, {0x140009ab740, 0x2c}, ...})&#xA;          /Users/antont/ansible_deckhouse/virtualization-full/tests/e2e/util_test.go:290&#xA;            | &#x9;GinkgoHelper()&#xA;            | &#x9;opts.For = fmt.Sprintf(&#34;&#39;jsonpath={.status.phase}=%s&#39;&#34;, phase)&#xA;            &gt; &#x9;WaitByLabel(resource, opts)&#xA;            | }&#xA;            | &#xA;      &gt; github.com/deckhouse/virtualization/tests/e2e.init.func18.6.1()&#xA;          /Users/antont/ansible_deckhouse/virtualization-full/tests/e2e/vm_label_annotation_test.go:87&#xA;            | It(&#34;checks VDs phases&#34;, func() {&#xA;            | &#x9;By(fmt.Sprintf(&#34;VDs should be in %s phases&#34;, PhaseReady))&#xA;            &gt; &#x9;WaitPhaseByLabel(kc.ResourceVD, PhaseReady, kc.WaitOptions{&#xA;            | &#x9;&#x9;Labels:    testCaseLabel,&#xA;            | &#x9;&#x9;Namespace: ns,&#xA;        github.com/onsi/ginkgo/v2/internal.extractBodyFunction.func3({0x0?, 0x0?})&#xA;          /Users/antont/go/pkg/mod/github.com/onsi/ginkgo/v2@v2.22.0/internal/node.go:475&#xA;        github.com/onsi/ginkgo/v2/internal.(*Suite).runNode.func3()&#xA;          /Users/antont/go/pkg/mod/github.com/onsi/ginkgo/v2@v2.22.0/internal/suite.go:894&#xA;        github.com/onsi/ginkgo/v2/internal.(*Suite).runNode in goroutine 8&#xA;          /Users/antont/go/pkg/mod/github.com/onsi/ginkgo/v2@v2.22.0/internal/suite.go:881&#xA;&#xA;      Goroutines of Interest&#xA;      goroutine 47 [syscall, 4 minutes]&#xA;        syscall.syscall6(0x1008e43b0?, 0x1072bd110?, 0x1072b0a78?, 0x90?, 0x140000a5808?, 0x1400022a510?, 0x14000622a68?)&#xA;          /opt/homebrew/Cellar/go/1.25.1/libexec/src/runtime/sys_darwin.go:60&#xA;        syscall.wait4(0x14000622a98?, 0x102fda6fc?, 0x90?, 0x104fc8660?)&#xA;          /opt/homebrew/Cellar/go/1.25.1/libexec/src/syscall/zsyscall_darwin_arm64.go:44&#xA;        syscall.Wait4(0x1400028a540?, 0x14000622ad4, 0x140008e43b0?, 0x1400028a3f0?)&#xA;          /opt/homebrew/Cellar/go/1.25.1/libexec/src/syscall/syscall_bsd.go:144&#xA;        os.(*Process).pidWait.func1(...)&#xA;          /opt/homebrew/Cellar/go/1.25.1/libexec/src/os/exec_unix.go:64&#xA;        os.ignoringEINTR2[...](...)&#xA;          /opt/homebrew/Cellar/go/1.25.1/libexec/src/os/file_posix.go:266&#xA;        os.(*Process).pidWait(0x1400044e580)&#xA;          /opt/homebrew/Cellar/go/1.25.1/libexec/src/os/exec_unix.go:63&#xA;        os.(*Process).wait(0x14000915408?)&#xA;          /opt/homebrew/Cellar/go/1.25.1/libexec/src/os/exec_unix.go:28&#xA;        os.(*Process).Wait(...)&#xA;          /opt/homebrew/Cellar/go/1.25.1/libexec/src/os/exec.go:340&#xA;        os/exec.(*Cmd).Wait(0x14000199800)&#xA;          /opt/homebrew/Cellar/go/1.25.1/libexec/src/os/exec/exec.go:922&#xA;        os/exec.(*Cmd).Run(0x14000199800)&#xA;          /opt/homebrew/Cellar/go/1.25.1/libexec/src/os/exec/exec.go:626&#xA;      &gt; github.com/deckhouse/virtualization/tests/e2e/executor.CMDExecutor.ExecuteContext({{0x140002b79a0?, 0x1050601e8?, 0x1400028a2a0?}}, {0x105080808?, 0x1400028a2a0?}, {0x14000938000?, 0xc231cfea54b27e10?}, {0x105059120, 0x1400044e500}, {0x105059120, ...})&#xA;          /Users/antont/ansible_deckhouse/virtualization-full/tests/e2e/executor/executor.go:76&#xA;            | &#x9;cmd.Stderr = stderr&#xA;            | &#x9;cmd.Stdout = stdout&#xA;            &gt; &#x9;return cmd.Run()&#xA;            | }&#xA;            | &#xA;      &gt; github.com/deckhouse/virtualization/tests/e2e/executor.CMDExecutor.ExecContext({{0x140002b79a0?, 0x106567668?, 0x10653dee0?}}, {0x105080808, 0x1400028a2a0}, {0x14000938000, 0xcd})&#xA;          /Users/antont/ansible_deckhouse/virtualization-full/tests/e2e/executor/executor.go:49&#xA;            | stdout := new(Buffer)&#xA;            | stderr := new(Buffer)&#xA;            &gt; err := e.ExecuteContext(ctx, command, stdout, stderr)&#xA;            | cmdResult := &amp;CMDResult{&#xA;            | &#x9;stdOut:  stdout,&#xA;      &gt; github.com/deckhouse/virtualization/tests/e2e/kubectl.KubectlCMD.WaitResource({{0x105084e48?, 0x14000427d58?}, {0x1046a4924?, 0x1400084e6d8?}}, {0x1046e28ae, 0x28}, {0x14000a94900, 0x26}, {{0x0, 0x0, ...}, ...})&#xA;          /Users/antont/ansible_deckhouse/virtualization-full/tests/e2e/kubectl/kubectl.go:259&#xA;            | &#x9;ctx, cancel := context.WithTimeout(context.Background(), timeout)&#xA;            | &#x9;defer cancel()&#xA;            &gt; &#x9;return k.ExecContext(ctx, cmd)&#xA;            | }&#xA;            | &#xA;      &gt; github.com/deckhouse/virtualization/tests/e2e.WaitResources.func1()&#xA;          /Users/antont/ansible_deckhouse/virtualization-full/tests/e2e/util_test.go:341&#xA;            | go func() {&#xA;            | &#x9;defer wg.Done()&#xA;            &gt; &#x9;res := kubectl.WaitResource(resource, name, waitOpts)&#xA;            | &#x9;if res.Error() != nil {&#xA;            | &#x9;&#x9;mu.Lock()&#xA;      &gt; github.com/deckhouse/virtualization/tests/e2e.WaitResources in goroutine 184&#xA;          /Users/antont/ansible_deckhouse/virtualization-full/tests/e2e/util_test.go:339&#xA;            | for _, name := range resources {&#xA;            | &#x9;wg.Add(1)&#xA;            &gt; &#x9;go func() {&#xA;            | &#x9;&#x9;defer wg.Done()&#xA;            | &#x9;&#x9;res := kubectl.WaitResource(resource, name, waitOpts)&#xA;&#xA;      goroutine 130 [sync.Cond.Wait, 4 minutes]&#xA;        sync.runtime_notifyListWait(0x14000778048, 0x2e)&#xA;          /opt/homebrew/Cellar/go/1.25.1/libexec/src/runtime/sema.go:606&#xA;        sync.(*Cond).Wait(0x14000778038)&#xA;          /opt/homebrew/Cellar/go/1.25.1/libexec/src/sync/cond.go:71&#xA;        golang.org/x/net/http2.(*pipe).Read(0x14000778030, {0x1400077d000, 0x1000, 0x1000})&#xA;          /Users/antont/go/pkg/mod/golang.org/x/net@v0.39.0/http2/pipe.go:76&#xA;        golang.org/x/net/http2.transportResponseBody.Read({0x14000542d80?}, {0x1400077d000?, 0x104b35640?, 0x14000afe000?})&#xA;          /Users/antont/go/pkg/mod/golang.org/x/net@v0.39.0/http2/transport.go:2560&#xA;        bufio.(*Reader).fill(0x14000844000)&#xA;          /opt/homebrew/Cellar/go/1.25.1/libexec/src/bufio/bufio.go:113&#xA;        bufio.(*Reader).ReadByte(0x14000844000)&#xA;          /opt/homebrew/Cellar/go/1.25.1/libexec/src/bufio/bufio.go:273&#xA;        compress/flate.(*decompressor).moreBits(0x14000992008)&#xA;          /opt/homebrew/Cellar/go/1.25.1/libexec/src/compress/flate/inflate.go:697&#xA;        compress/flate.(*decompressor).nextBlock(0x14000992008)&#xA;          /opt/homebrew/Cellar/go/1.25.1/libexec/src/compress/flate/inflate.go:304&#xA;        compress/flate.(*decompressor).Read(0x14000992008, {0x14000ba16a3, 0xf295d, 0x10309dc74?})&#xA;          /opt/homebrew/Cellar/go/1.25.1/libexec/src/compress/flate/inflate.go:348&#xA;        compress/gzip.(*Reader).Read(0x1400028c008, {0x14000ba16a3, 0xf295d, 0xf295d})&#xA;          /opt/homebrew/Cellar/go/1.25.1/libexec/src/compress/gzip/gunzip.go:252&#xA;        golang.org/x/net/http2.(*gzipReader).Read(0x0?, {0x14000ba16a3?, 0x14000af9228?, 0x14000ba154b?})&#xA;          /Users/antont/go/pkg/mod/golang.org/x/net@v0.39.0/http2/transport.go:3151&#xA;        bufio.(*Scanner).Scan(0x1400085bda0)&#xA;          /opt/homebrew/Cellar/go/1.25.1/libexec/src/bufio/scan.go:219&#xA;      &gt; github.com/deckhouse/virtualization/tests/e2e/errlogger.(*LogStreamer).Stream(0x140009801e0, {0x1129feb18, 0x140009802d0}, {0x105059920, 0x14000119380})&#xA;          /Users/antont/ansible_deckhouse/virtualization-full/tests/e2e/errlogger/errlogger.go:78&#xA;            | num := 0&#xA;            | &#xA;            &gt; for scanner.Scan() {&#xA;            | &#x9;rawEntry := scanner.Bytes()&#xA;            | &#xA;      &gt; github.com/deckhouse/virtualization/tests/e2e.(*logStreamer).Start.func1()&#xA;          /Users/antont/ansible_deckhouse/virtualization-full/tests/e2e/e2e_test.go:248&#xA;            | defer l.wg.Done()&#xA;            | &#xA;            &gt; n, err := logStreamer.Stream(readCloser, GinkgoWriter)&#xA;            | l.mu.Lock()&#xA;            | defer l.mu.Unlock()&#xA;      &gt; github.com/deckhouse/virtualization/tests/e2e.(*logStreamer).Start in goroutine 86&#xA;          /Users/antont/ansible_deckhouse/virtualization-full/tests/e2e/e2e_test.go:245&#xA;            | &#xA;            | l.wg.Add(1)&#xA;            &gt; go func() {&#xA;            | &#x9;defer l.wg.Done()&#xA;            | &#xA;</failure>
              <system-err>&gt; Enter [BeforeEach] VirtualMachineLabelAndAnnotation - /Users/antont/ansible_deckhouse/virtualization-full/tests/e2e/vm_label_annotation_test.go:51 @ 10/08/25 23:06:04.227&#xA;&lt; Exit [BeforeEach] VirtualMachineLabelAndAnnotation - /Users/antont/ansible_deckhouse/virtualization-full/tests/e2e/vm_label_annotation_test.go:51 @ 10/08/25 23:06:04.227 (0s)&#xA;&gt; Enter [It] checks VDs phases - /Users/antont/ansible_deckhouse/virtualization-full/tests/e2e/vm_label_annotation_test.go:85 @ 10/08/25 23:06:04.227&#xA;STEP: VDs should be in Ready phases - /Users/antont/ansible_deckhouse/virtualization-full/tests/e2e/vm_label_annotation_test.go:86 @ 10/08/25 23:06:04.227&#xA;[TIMEDOUT] A suite timeout occurred&#xA;In [It] at: /Users/antont/ansible_deckhouse/virtualization-full/tests/e2e/vm_label_annotation_test.go:85 @ 10/08/25 23:10:39.16&#xA;&#xA;This is the Progress Report generated when the suite timeout occurred:&#xA;  VirtualMachineLabelAndAnnotation When virtual disks are applied checks VDs phases (Spec Runtime: 4m34.95s)&#xA;    /Users/antont/ansible_deckhouse/virtualization-full/tests/e2e/vm_label_annotation_test.go:85&#xA;    In [It] (Node Runtime: 4m34.95s)&#xA;      /Users/antont/ansible_deckhouse/virtualization-full/tests/e2e/vm_label_annotation_test.go:85&#xA;      At [By Step] VDs should be in Ready phases (Step Runtime: 4m34.95s)&#xA;        /Users/antont/ansible_deckhouse/virtualization-full/tests/e2e/vm_label_annotation_test.go:86&#xA;&#xA;      Spec Goroutine&#xA;      goroutine 184 [sync.WaitGroup.Wait, 4 minutes]&#xA;        sync.runtime_SemacquireWaitGroup(0x102f58b30?, 0xe0?)&#xA;          /opt/homebrew/Cellar/go/1.25.1/libexec/src/runtime/sema.go:114&#xA;        sync.(*WaitGroup).Wait(0x140008e4370)&#xA;          /opt/homebrew/Cellar/go/1.25.1/libexec/src/sync/waitgroup.go:206&#xA;      &gt; github.com/deckhouse/virtualization/tests/e2e.WaitResources({0x14000790c20, 0x1, 0x1049c8e70?}, {0x1046e28ae, 0x28}, {{0x0, 0x0, 0x0}, 0x140005420c0, {0x140009ab740, ...}, ...})&#xA;          /Users/antont/ansible_deckhouse/virtualization-full/tests/e2e/util_test.go:349&#xA;            | &#x9;&#x9;}()&#xA;            | &#x9;}&#xA;            &gt; &#x9;wg.Wait()&#xA;            | &#x9;Expect(waitErr).To(BeEmpty())&#xA;            | }&#xA;      &gt; github.com/deckhouse/virtualization/tests/e2e.WaitByLabel({0x1046e28ae, 0x28}, {{0x0, 0x0, 0x0}, 0x140005420c0, {0x140009ab740, 0x2c}, {0x14000792240, 0x20}, ...})&#xA;          /Users/antont/ansible_deckhouse/virtualization-full/tests/e2e/util_test.go:308&#xA;            | &#x9;&#x9;resources = strings.Split(res.StdOut(), &#34; &#34;)&#xA;            | &#x9;}&#xA;            &gt; &#x9;WaitResources(resources, resource, opts)&#xA;            | }&#xA;            | &#xA;      &gt; github.com/deckhouse/virtualization/tests/e2e.WaitPhaseByLabel({0x1046e28ae, 0x28}, {0x1046a1865, 0x5}, {{0x0, 0x0, 0x0}, 0x140005420c0, {0x140009ab740, 0x2c}, ...})&#xA;          /Users/antont/ansible_deckhouse/virtualization-full/tests/e2e/util_test.go:290&#xA;            | &#x9;GinkgoHelper()&#xA;            | &#x9;opts.For = fmt.Sprintf(&#34;&#39;jsonpath={.status.phase}=%s&#39;&#34;, phase)&#xA;            &gt; &#x9;WaitByLabel(resource, opts)&#xA;            | }&#xA;            | &#xA;      &gt; github.com/deckhouse/virtualization/tests/e2e.init.func18.6.1()&#xA;          /Users/antont/ansible_deckhouse/virtualization-full/tests/e2e/vm_label_annotation_test.go:87&#xA;            | It(&#34;checks VDs phases&#34;, func() {&#xA;            | &#x9;By(fmt.Sprintf(&#34;VDs should be in %s phases&#34;, PhaseReady))&#xA;            &gt; &#x9;WaitPhaseByLabel(kc.ResourceVD, PhaseReady, kc.WaitOptions{&#xA;            | &#x9;&#x9;Labels:    testCaseLabel,&#xA;            | &#x9;&#x9;Namespace: ns,&#xA;        github.com/onsi/ginkgo/v2/internal.extractBodyFunction.func3({0x0?, 0x0?})&#xA;          /Users/antont/go/pkg/mod/github.com/onsi/ginkgo/v2@v2.22.0/internal/node.go:475&#xA;        github.com/onsi/ginkgo/v2/internal.(*Suite).runNode.func3()&#xA;          /Users/antont/go/pkg/mod/github.com/onsi/ginkgo/v2@v2.22.0/internal/suite.go:894&#xA;        github.com/onsi/ginkgo/v2/internal.(*Suite).runNode in goroutine 8&#xA;          /Users/antont/go/pkg/mod/github.com/onsi/ginkgo/v2@v2.22.0/internal/suite.go:881&#xA;&#xA;      Goroutines of Interest&#xA;      goroutine 47 [syscall, 4 minutes]&#xA;        syscall.syscall6(0x1008e43b0?, 0x1072bd110?, 0x1072b0a78?, 0x90?, 0x140000a5808?, 0x1400022a510?, 0x14000622a68?)&#xA;          /opt/homebrew/Cellar/go/1.25.1/libexec/src/runtime/sys_darwin.go:60&#xA;        syscall.wait4(0x14000622a98?, 0x102fda6fc?, 0x90?, 0x104fc8660?)&#xA;          /opt/homebrew/Cellar/go/1.25.1/libexec/src/syscall/zsyscall_darwin_arm64.go:44&#xA;        syscall.Wait4(0x1400028a540?, 0x14000622ad4, 0x140008e43b0?, 0x1400028a3f0?)&#xA;          /opt/homebrew/Cellar/go/1.25.1/libexec/src/syscall/syscall_bsd.go:144&#xA;        os.(*Process).pidWait.func1(...)&#xA;          /opt/homebrew/Cellar/go/1.25.1/libexec/src/os/exec_unix.go:64&#xA;        os.ignoringEINTR2[...](...)&#xA;          /opt/homebrew/Cellar/go/1.25.1/libexec/src/os/file_posix.go:266&#xA;        os.(*Process).pidWait(0x1400044e580)&#xA;          /opt/homebrew/Cellar/go/1.25.1/libexec/src/os/exec_unix.go:63&#xA;        os.(*Process).wait(0x14000915408?)&#xA;          /opt/homebrew/Cellar/go/1.25.1/libexec/src/os/exec_unix.go:28&#xA;        os.(*Process).Wait(...)&#xA;          /opt/homebrew/Cellar/go/1.25.1/libexec/src/os/exec.go:340&#xA;        os/exec.(*Cmd).Wait(0x14000199800)&#xA;          /opt/homebrew/Cellar/go/1.25.1/libexec/src/os/exec/exec.go:922&#xA;        os/exec.(*Cmd).Run(0x14000199800)&#xA;          /opt/homebrew/Cellar/go/1.25.1/libexec/src/os/exec/exec.go:626&#xA;      &gt; github.com/deckhouse/virtualization/tests/e2e/executor.CMDExecutor.ExecuteContext({{0x140002b79a0?, 0x1050601e8?, 0x1400028a2a0?}}, {0x105080808?, 0x1400028a2a0?}, {0x14000938000?, 0xc231cfea54b27e10?}, {0x105059120, 0x1400044e500}, {0x105059120, ...})&#xA;          /Users/antont/ansible_deckhouse/virtualization-full/tests/e2e/executor/executor.go:76&#xA;            | &#x9;cmd.Stderr = stderr&#xA;            | &#x9;cmd.Stdout = stdout&#xA;            &gt; &#x9;return cmd.Run()&#xA;            | }&#xA;            | &#xA;      &gt; github.com/deckhouse/virtualization/tests/e2e/executor.CMDExecutor.ExecContext({{0x140002b79a0?, 0x106567668?, 0x10653dee0?}}, {0x105080808, 0x1400028a2a0}, {0x14000938000, 0xcd})&#xA;          /Users/antont/ansible_deckhouse/virtualization-full/tests/e2e/executor/executor.go:49&#xA;            | stdout := new(Buffer)&#xA;            | stderr := new(Buffer)&#xA;            &gt; err := e.ExecuteContext(ctx, command, stdout, stderr)&#xA;            | cmdResult := &amp;CMDResult{&#xA;            | &#x9;stdOut:  stdout,&#xA;      &gt; github.com/deckhouse/virtualization/tests/e2e/kubectl.KubectlCMD.WaitResource({{0x105084e48?, 0x14000427d58?}, {0x1046a4924?, 0x1400084e6d8?}}, {0x1046e28ae, 0x28}, {0x14000a94900, 0x26}, {{0x0, 0x0, ...}, ...})&#xA;          /Users/antont/ansible_deckhouse/virtualization-full/tests/e2e/kubectl/kubectl.go:259&#xA;            | &#x9;ctx, cancel := context.WithTimeout(context.Background(), timeout)&#xA;            | &#x9;defer cancel()&#xA;            &gt; &#x9;return k.ExecContext(ctx, cmd)&#xA;            | }&#xA;            | &#xA;      &gt; github.com/deckhouse/virtualization/tests/e2e.WaitResources.func1()&#xA;          /Users/antont/ansible_deckhouse/virtualization-full/tests/e2e/util_test.go:341&#xA;            | go func() {&#xA;            | &#x9;defer wg.Done()&#xA;            &gt; &#x9;res := kubectl.WaitResource(resource, name, waitOpts)&#xA;            | &#x9;if res.Error() != nil {&#xA;            | &#x9;&#x9;mu.Lock()&#xA;      &gt; github.com/deckhouse/virtualization/tests/e2e.WaitResources in goroutine 184&#xA;          /Users/antont/ansible_deckhouse/virtualization-full/tests/e2e/util_test.go:339&#xA;            | for _, name := range resources {&#xA;            | &#x9;wg.Add(1)&#xA;            &gt; &#x9;go func() {&#xA;            | &#x9;&#x9;defer wg.Done()&#xA;            | &#x9;&#x9;res := kubectl.WaitResource(resource, name, waitOpts)&#xA;&#xA;      goroutine 130 [sync.Cond.Wait, 4 minutes]&#xA;        sync.runtime_notifyListWait(0x14000778048, 0x2e)&#xA;          /opt/homebrew/Cellar/go/1.25.1/libexec/src/runtime/sema.go:606&#xA;        sync.(*Cond).Wait(0x14000778038)&#xA;          /opt/homebrew/Cellar/go/1.25.1/libexec/src/sync/cond.go:71&#xA;        golang.org/x/net/http2.(*pipe).Read(0x14000778030, {0x1400077d000, 0x1000, 0x1000})&#xA;          /Users/antont/go/pkg/mod/golang.org/x/net@v0.39.0/http2/pipe.go:76&#xA;        golang.org/x/net/http2.transportResponseBody.Read({0x14000542d80?}, {0x1400077d000?, 0x104b35640?, 0x14000afe000?})&#xA;          /Users/antont/go/pkg/mod/golang.org/x/net@v0.39.0/http2/transport.go:2560&#xA;        bufio.(*Reader).fill(0x14000844000)&#xA;          /opt/homebrew/Cellar/go/1.25.1/libexec/src/bufio/bufio.go:113&#xA;        bufio.(*Reader).ReadByte(0x14000844000)&#xA;          /opt/homebrew/Cellar/go/1.25.1/libexec/src/bufio/bufio.go:273&#xA;        compress/flate.(*decompressor).moreBits(0x14000992008)&#xA;          /opt/homebrew/Cellar/go/1.25.1/libexec/src/compress/flate/inflate.go:697&#xA;        compress/flate.(*decompressor).nextBlock(0x14000992008)&#xA;          /opt/homebrew/Cellar/go/1.25.1/libexec/src/compress/flate/inflate.go:304&#xA;        compress/flate.(*decompressor).Read(0x14000992008, {0x14000ba16a3, 0xf295d, 0x10309dc74?})&#xA;          /opt/homebrew/Cellar/go/1.25.1/libexec/src/compress/flate/inflate.go:348&#xA;        compress/gzip.(*Reader).Read(0x1400028c008, {0x14000ba16a3, 0xf295d, 0xf295d})&#xA;          /opt/homebrew/Cellar/go/1.25.1/libexec/src/compress/gzip/gunzip.go:252&#xA;        golang.org/x/net/http2.(*gzipReader).Read(0x0?, {0x14000ba16a3?, 0x14000af9228?, 0x14000ba154b?})&#xA;          /Users/antont/go/pkg/mod/golang.org/x/net@v0.39.0/http2/transport.go:3151&#xA;        bufio.(*Scanner).Scan(0x1400085bda0)&#xA;          /opt/homebrew/Cellar/go/1.25.1/libexec/src/bufio/scan.go:219&#xA;      &gt; github.com/deckhouse/virtualization/tests/e2e/errlogger.(*LogStreamer).Stream(0x140009801e0, {0x1129feb18, 0x140009802d0}, {0x105059920, 0x14000119380})&#xA;          /Users/antont/ansible_deckhouse/virtualization-full/tests/e2e/errlogger/errlogger.go:78&#xA;            | num := 0&#xA;            | &#xA;            &gt; for scanner.Scan() {&#xA;            | &#x9;rawEntry := scanner.Bytes()&#xA;            | &#xA;      &gt; github.com/deckhouse/virtualization/tests/e2e.(*logStreamer).Start.func1()&#xA;          /Users/antont/ansible_deckhouse/virtualization-full/tests/e2e/e2e_test.go:248&#xA;            | defer l.wg.Done()&#xA;            | &#xA;            &gt; n, err := logStreamer.Stream(readCloser, GinkgoWriter)&#xA;            | l.mu.Lock()&#xA;            | defer l.mu.Unlock()&#xA;      &gt; github.com/deckhouse/virtualization/tests/e2e.(*logStreamer).Start in goroutine 86&#xA;          /Users/antont/ansible_deckhouse/virtualization-full/tests/e2e/e2e_test.go:245&#xA;            | &#xA;            | l.wg.Add(1)&#xA;            &gt; go func() {&#xA;            | &#x9;defer l.wg.Done()&#xA;            | &#xA;&lt; Exit [It] checks VDs phases - /Users/antont/ansible_deckhouse/virtualization-full/tests/e2e/vm_label_annotation_test.go:85 @ 10/08/25 23:10:39.165 (4m34.955s)&#xA;&gt; Enter [AfterEach] VirtualMachineLabelAndAnnotation - /Users/antont/ansible_deckhouse/virtualization-full/tests/e2e/vm_label_annotation_test.go:57 @ 10/08/25 23:10:39.165&#xA;&lt; Exit [AfterEach] VirtualMachineLabelAndAnnotation - /Users/antont/ansible_deckhouse/virtualization-full/tests/e2e/vm_label_annotation_test.go:57 @ 10/08/25 23:10:44.274 (5.11s)&#xA;</system-err>
          </testcase>
          <testcase name="[It] VirtualMachineLabelAndAnnotation When virtual machines are applied checks VMs phases" classname="Tests" status="skipped" time="0">
              <skipped message="skipped"></skipped>
          </testcase>
          <testcase name="[It] VirtualMachineLabelAndAnnotation When virtual machine is running marks VMs with label map[&#34;specialKey&#34;:&#34;specialValue&#34;]" classname="Tests" status="skipped" time="0">
              <skipped message="skipped"></skipped>
          </testcase>
          <testcase name="[It] VirtualMachineLabelAndAnnotation When virtual machine is running checks VMs and pods labels after VMs labeling" classname="Tests" status="skipped" time="0">
              <skipped message="skipped"></skipped>
          </testcase>
          <testcase name="[It] VirtualMachineLabelAndAnnotation When virtual machine is running removes label map[specialKey:specialValue] from VMs" classname="Tests" status="skipped" time="0">
              <skipped message="skipped"></skipped>
          </testcase>
          <testcase name="[It] VirtualMachineLabelAndAnnotation When virtual machine is running checks VMs and pods labels after VMs unlabeling" classname="Tests" status="skipped" time="0">
              <skipped message="skipped"></skipped>
          </testcase>
          <testcase name="[It] VirtualMachineLabelAndAnnotation Annotate `VirtualMachines` in Running phase marks VMs with annotation map[&#34;specialKey&#34;:&#34;specialValue&#34;]" classname="Tests" status="skipped" time="0">
              <skipped message="skipped"></skipped>
          </testcase>
          <testcase name="[It] VirtualMachineLabelAndAnnotation Annotate `VirtualMachines` in Running phase checks VMs and pods annotations after VMs annotating" classname="Tests" status="skipped" time="0">
              <skipped message="skipped"></skipped>
          </testcase>
          <testcase name="[It] VirtualMachineLabelAndAnnotation Annotate `VirtualMachines` in Running phase removes annotation map[specialKey:specialValue] from VMs" classname="Tests" status="skipped" time="0">
              <skipped message="skipped"></skipped>
          </testcase>
          <testcase name="[It] VirtualMachineLabelAndAnnotation Annotate `VirtualMachines` in Running phase checks VMs and pods annotations after VMs unannotating" classname="Tests" status="skipped" time="0">
              <skipped message="skipped"></skipped>
          </testcase>
          <testcase name="[It] VirtualMachineLabelAndAnnotation When test is completed deletes test case resources" classname="Tests" status="skipped" time="0">
              <skipped message="skipped"></skipped>
          </testcase>
          <testcase name="[It] VirtualMachineConfiguration 1 When resources are applied result should be succeeded" classname="Tests" status="skipped" time="0">
              <skipped message="skipped"></skipped>
          </testcase>
          <testcase name="[It] VirtualMachineConfiguration 1 When virtual images are applied checks VIs phases" classname="Tests" status="skipped" time="0">
              <skipped message="skipped"></skipped>
          </testcase>
          <testcase name="[It] VirtualMachineConfiguration 1 When virtual disks are applied should be in Ready phase" classname="Tests" status="skipped" time="0">
              <skipped message="skipped"></skipped>
          </testcase>
          <testcase name="[It] VirtualMachineConfiguration 1 When virtual machines are applied should be ready" classname="Tests" status="skipped" time="0">
              <skipped message="skipped"></skipped>
          </testcase>
          <testcase name="[It] VirtualMachineConfiguration 1 Manual restart approval mode 1 When virtual machine agents are ready changes the number of processor cores" classname="Tests" status="skipped" time="0">
              <skipped message="skipped"></skipped>
          </testcase>
          <testcase name="[It] VirtualMachineConfiguration 1 Manual restart approval mode 1 When virtual machine is patched checks the number of processor cores in specification" classname="Tests" status="skipped" time="0">
              <skipped message="skipped"></skipped>
          </testcase>
          <testcase name="[It] VirtualMachineConfiguration 1 Manual restart approval mode 1 When virtual machine is restarted should be ready" classname="Tests" status="skipped" time="0">
              <skipped message="skipped"></skipped>
          </testcase>
          <testcase name="[It] VirtualMachineConfiguration 1 Manual restart approval mode 1 When virtual machine agents are ready checks that the number of processor cores was changed" classname="Tests" status="skipped" time="0">
              <skipped message="skipped"></skipped>
          </testcase>
          <testcase name="[It] VirtualMachineConfiguration 1 Automatic restart approval mode 1 When virtual machine is in Running phase changes the number of processor cores" classname="Tests" status="skipped" time="0">
              <skipped message="skipped"></skipped>
          </testcase>
          <testcase name="[It] VirtualMachineConfiguration 1 Automatic restart approval mode 1 When virtual machine is patched checks the number of processor cores in specification" classname="Tests" status="skipped" time="0">
              <skipped message="skipped"></skipped>
          </testcase>
          <testcase name="[It] VirtualMachineConfiguration 1 Automatic restart approval mode 1 When virtual machine is restarted should be ready" classname="Tests" status="skipped" time="0">
              <skipped message="skipped"></skipped>
          </testcase>
          <testcase name="[It] VirtualMachineConfiguration 1 Automatic restart approval mode 1 When virtual machine agents are ready checks that the number of processor cores was changed" classname="Tests" status="skipped" time="0">
              <skipped message="skipped"></skipped>
          </testcase>
          <testcase name="[It] VirtualMachineConfiguration 1 When test is completed deletes test case resources" classname="Tests" status="skipped" time="0">
              <skipped message="skipped"></skipped>
          </testcase>
          <testcase name="[It] ImporterNetworkPolicy Project creates project" classname="Tests" status="skipped" time="0">
              <skipped message="skipped"></skipped>
          </testcase>
          <testcase name="[It] ImporterNetworkPolicy Project checks project readiness" classname="Tests" status="skipped" time="0">
              <skipped message="skipped"></skipped>
          </testcase>
          <testcase name="[It] ImporterNetworkPolicy When resources are applied result should be succeeded" classname="Tests" status="skipped" time="0">
              <skipped message="skipped"></skipped>
          </testcase>
          <testcase name="[It] ImporterNetworkPolicy When resources are applied When virtual images are applied" classname="Tests" status="skipped" time="0">
              <skipped message="skipped"></skipped>
          </testcase>
          <testcase name="[It] ImporterNetworkPolicy When resources are applied When virtual disks are applied" classname="Tests" status="skipped" time="0">
              <skipped message="skipped"></skipped>
          </testcase>
          <testcase name="[It] ImporterNetworkPolicy When resources are applied When virtual machines are applied" classname="Tests" status="skipped" time="0">
              <skipped message="skipped"></skipped>
          </testcase>
          <testcase name="[It] SizingPolicy When resources are applied result should be succeeded" classname="Tests" status="skipped" time="0">
              <skipped message="skipped"></skipped>
          </testcase>
          <testcase name="[It] SizingPolicy When virtual images are applied checks VIs phases" classname="Tests" status="skipped" time="0">
              <skipped message="skipped"></skipped>
          </testcase>
          <testcase name="[It] SizingPolicy When virtual disks are applied checks VDs phases with map[vm:not-existing-vmclass-with-changing] and map[vm:not-existing-vmclass-with-creating] label" classname="Tests" status="skipped" time="0">
              <skipped message="skipped"></skipped>
          </testcase>
          <testcase name="[It] SizingPolicy When virtual disks are applied checks VDs phases with map[vm:existing-vmclass] label" classname="Tests" status="skipped" time="0">
              <skipped message="skipped"></skipped>
          </testcase>
          <testcase name="[It] SizingPolicy When virtual machines are applied checks VMs phases with map[vm:not-existing-vmclass-with-changing] and map[vm:not-existing-vmclass-with-creating] label" classname="Tests" status="skipped" time="0">
              <skipped message="skipped"></skipped>
          </testcase>
          <testcase name="[It] SizingPolicy When virtual machines are applied checks VMs phases with map[vm:existing-vmclass] label" classname="Tests" status="skipped" time="0">
              <skipped message="skipped"></skipped>
          </testcase>
          <testcase name="[It] SizingPolicy Not existing virtual machine class When virtual machine with label map[vm:not-existing-vmclass-with-changing] in phase Pending checks condition status before changing &#39;virtulaMachineCLass` field with existing class" classname="Tests" status="skipped" time="0">
              <skipped message="skipped"></skipped>
          </testcase>
          <testcase name="[It] SizingPolicy Not existing virtual machine class When virtual machine with label map[vm:not-existing-vmclass-with-changing] in phase Pending changes VMClassName in VM specification with existing VMClass" classname="Tests" status="skipped" time="0">
              <skipped message="skipped"></skipped>
          </testcase>
          <testcase name="[It] SizingPolicy Not existing virtual machine class When virtual machine with label map[vm:not-existing-vmclass-with-changing] in phase Pending checks VM phase and condition status after changing" classname="Tests" status="skipped" time="0">
              <skipped message="skipped"></skipped>
          </testcase>
          <testcase name="[It] SizingPolicy Not existing virtual machine class When virtual machine with label map[vm:not-existing-vmclass-with-creating] in phase Pending checks condition status before creating `VirtualMachineClass`" classname="Tests" status="skipped" time="0">
              <skipped message="skipped"></skipped>
          </testcase>
          <testcase name="[It] SizingPolicy Not existing virtual machine class When virtual machine with label map[vm:not-existing-vmclass-with-creating] in phase Pending changes VMClassName in VM specification with not existing VMClass which have correct prefix for creating" classname="Tests" status="skipped" time="0">
              <skipped message="skipped"></skipped>
          </testcase>
          <testcase name="[It] SizingPolicy Not existing virtual machine class When virtual machine with label map[vm:not-existing-vmclass-with-creating] in phase Pending creates new `VirtualMachineClass`" classname="Tests" status="skipped" time="0">
              <skipped message="skipped"></skipped>
          </testcase>
          <testcase name="[It] SizingPolicy Not existing virtual machine class When virtual machine with label map[vm:not-existing-vmclass-with-creating] in phase Pending checks VM phase and condition after creating" classname="Tests" status="skipped" time="0">
              <skipped message="skipped"></skipped>
          </testcase>
          <testcase name="[It] SizingPolicy When virtual machines in phase Running checks sizing policy match" classname="Tests" status="skipped" time="0">
              <skipped message="skipped"></skipped>
          </testcase>
          <testcase name="[It] SizingPolicy When test is completed deletes test case resources" classname="Tests" status="skipped" time="0">
              <skipped message="skipped"></skipped>
          </testcase>
          <testcase name="[It] VirtualImageCreation When resources are applied result should be succeeded" classname="Tests" status="skipped" time="0">
              <skipped message="skipped"></skipped>
          </testcase>
          <testcase name="[It] VirtualImageCreation When base virtual resources are ready checks VD phase" classname="Tests" status="skipped" time="0">
              <skipped message="skipped"></skipped>
          </testcase>
          <testcase name="[It] VirtualImageCreation When base virtual resources are ready checks VDSnapshot phase" classname="Tests" status="skipped" time="0">
              <skipped message="skipped"></skipped>
          </testcase>
          <testcase name="[It] VirtualImageCreation When virtual images are applied checks VIs phases" classname="Tests" status="skipped" time="0">
              <skipped message="skipped"></skipped>
          </testcase>
          <testcase name="[It] VirtualImageCreation When virtual images are applied checks CVIs phases" classname="Tests" status="skipped" time="0">
              <skipped message="skipped"></skipped>
          </testcase>
          <testcase name="[It] VirtualImageCreation When test is completed deletes test case resources" classname="Tests" status="skipped" time="0">
              <skipped message="skipped"></skipped>
          </testcase>
          <testcase name="[It] VirtualMachineEvacuation Evacuation [SIG-Migration]" classname="Tests" status="skipped" time="0">
              <skipped message="skipped"></skipped>
          </testcase>
          <testcase name="[It] IPAM vmip with type Auto Creates vmip with type Auto" classname="Tests" status="skipped" time="0">
              <skipped message="skipped"></skipped>
          </testcase>
          <testcase name="[It] IPAM vmip with type Static Creates vmip with type Static" classname="Tests" status="skipped" time="0">
              <skipped message="skipped"></skipped>
          </testcase>
          <testcase name="[It] ImageHotplug When the virtualization resources are applied result should be succeeded" classname="Tests" status="skipped" time="0">
              <skipped message="skipped"></skipped>
          </testcase>
          <testcase name="[It] ImageHotplug When the virtualization resources are applied checks the resources phase" classname="Tests" status="skipped" time="0">
              <skipped message="skipped"></skipped>
          </testcase>
          <testcase name="[It] ImageHotplug When the resources are ready to use retrieves the test objects" classname="Tests" status="skipped" time="0">
              <skipped message="skipped"></skipped>
          </testcase>
          <testcase name="[It] ImageHotplug When the resources are ready to use retrieves the disk count before the images attachment" classname="Tests" status="skipped" time="0">
              <skipped message="skipped"></skipped>
          </testcase>
          <testcase name="[It] ImageHotplug When the resources are ready to use attaches the images into the `VirtualMachine`" classname="Tests" status="skipped" time="0">
              <skipped message="skipped"></skipped>
          </testcase>
          <testcase name="[It] ImageHotplug When the resources are ready to use checks the `VirtualMachine` and the `VirtualMachineBlockDeviceAttachments` phases" classname="Tests" status="skipped" time="0">
              <skipped message="skipped"></skipped>
          </testcase>
          <testcase name="[It] ImageHotplug When the resources are ready to use compares the disk count before and after attachment" classname="Tests" status="skipped" time="0">
              <skipped message="skipped"></skipped>
          </testcase>
          <testcase name="[It] ImageHotplug When the resources are ready to use checks that the `ISO` image is attached as `CD-ROM`" classname="Tests" status="skipped" time="0">
              <skipped message="skipped"></skipped>
          </testcase>
          <testcase name="[It] ImageHotplug When the resources are ready to use check that the images are attached as the `ReadOnly` devices" classname="Tests" status="skipped" time="0">
              <skipped message="skipped"></skipped>
          </testcase>
          <testcase name="[It] ImageHotplug When the resources are ready to use detaches the images" classname="Tests" status="skipped" time="0">
              <skipped message="skipped"></skipped>
          </testcase>
          <testcase name="[It] ImageHotplug When the resources are ready to use compares the disk count after detachment" classname="Tests" status="skipped" time="0">
              <skipped message="skipped"></skipped>
          </testcase>
          <testcase name="[It] ImageHotplug When test is completed deletes test case resources" classname="Tests" status="skipped" time="0">
              <skipped message="skipped"></skipped>
          </testcase>
          <testcase name="[It] VirtualDiskAttachment When resources are applied result should be succeeded" classname="Tests" status="skipped" time="0">
              <skipped message="skipped"></skipped>
          </testcase>
          <testcase name="[It] VirtualDiskAttachment When virtual images are applied checks VIs phases" classname="Tests" status="skipped" time="0">
              <skipped message="skipped"></skipped>
          </testcase>
          <testcase name="[It] VirtualDiskAttachment When virtual disks are applied checks VDs phases" classname="Tests" status="skipped" time="0">
              <skipped message="skipped"></skipped>
          </testcase>
          <testcase name="[It] VirtualDiskAttachment When virtual machines are applied checks VMs phases" classname="Tests" status="skipped" time="0">
              <skipped message="skipped"></skipped>
          </testcase>
          <testcase name="[It] VirtualDiskAttachment Attachment When virtual machine agents are ready get disk count before attachment" classname="Tests" status="skipped" time="0">
              <skipped message="skipped"></skipped>
          </testcase>
          <testcase name="[It] VirtualDiskAttachment Attachment When virtual machine agents are ready attaches virtual disk" classname="Tests" status="skipped" time="0">
              <skipped message="skipped"></skipped>
          </testcase>
          <testcase name="[It] VirtualDiskAttachment Attachment When virtual machine agents are ready checks VM and VMBDA phases" classname="Tests" status="skipped" time="0">
              <skipped message="skipped"></skipped>
          </testcase>
          <testcase name="[It] VirtualDiskAttachment Attachment When virtual machine agents are ready compares disk count before and after attachment" classname="Tests" status="skipped" time="0">
              <skipped message="skipped"></skipped>
          </testcase>
          <testcase name="[It] VirtualDiskAttachment Detachment When virtual machines are in Running phases get disk count before detachment" classname="Tests" status="skipped" time="0">
              <skipped message="skipped"></skipped>
          </testcase>
          <testcase name="[It] VirtualDiskAttachment Detachment When virtual machines are in Running phases detaches virtual disk" classname="Tests" status="skipped" time="0">
              <skipped message="skipped"></skipped>
          </testcase>
          <testcase name="[It] VirtualDiskAttachment Detachment When virtual machines are in Running phases checks VM phase" classname="Tests" status="skipped" time="0">
              <skipped message="skipped"></skipped>
          </testcase>
          <testcase name="[It] VirtualDiskAttachment Detachment When virtual machines are in Running phases compares disk count before and after detachment" classname="Tests" status="skipped" time="0">
              <skipped message="skipped"></skipped>
          </testcase>
          <testcase name="[It] VirtualDiskAttachment When test is completed deletes test case resources" classname="Tests" status="skipped" time="0">
              <skipped message="skipped"></skipped>
          </testcase>
          <testcase name="[It] VirtualMachineConnectivity When resources are applied result should be succeeded" classname="Tests" status="skipped" time="0">
              <skipped message="skipped"></skipped>
          </testcase>
          <testcase name="[It] VirtualMachineConnectivity When virtual images are applied checks VIs phases" classname="Tests" status="skipped" time="0">
              <skipped message="skipped"></skipped>
          </testcase>
          <testcase name="[It] VirtualMachineConnectivity When virtual disks are applied checks VDs phases" classname="Tests" status="skipped" time="0">
              <skipped message="skipped"></skipped>
          </testcase>
          <testcase name="[It] VirtualMachineConnectivity When virtual machines are applied checks VMs phases" classname="Tests" status="skipped" time="0">
              <skipped message="skipped"></skipped>
          </testcase>
          <testcase name="[It] VirtualMachineConnectivity When run curl-helper status should be in Running phase" classname="Tests" status="skipped" time="0">
              <skipped message="skipped"></skipped>
          </testcase>
          <testcase name="[It] VirtualMachineConnectivity When virtual machine agents are ready gets VMs and SVCs objects" classname="Tests" status="skipped" time="0">
              <skipped message="skipped"></skipped>
          </testcase>
          <testcase name="[It] VirtualMachineConnectivity When virtual machine agents are ready check ssh connection via `d8 v` to VMs" classname="Tests" status="skipped" time="0">
              <skipped message="skipped"></skipped>
          </testcase>
          <testcase name="[It] VirtualMachineConnectivity When virtual machine agents are ready checks VMs connection to external network" classname="Tests" status="skipped" time="0">
              <skipped message="skipped"></skipped>
          </testcase>
          <testcase name="[It] VirtualMachineConnectivity When virtual machine agents are ready check nginx status via `d8 v` on VMs" classname="Tests" status="skipped" time="0">
              <skipped message="skipped"></skipped>
          </testcase>
          <testcase name="[It] VirtualMachineConnectivity When virtual machine agents are ready gets page from service head-45bdb83d-vm-connectivity-a" classname="Tests" status="skipped" time="0">
              <skipped message="skipped"></skipped>
          </testcase>
          <testcase name="[It] VirtualMachineConnectivity When virtual machine agents are ready gets page from service head-45bdb83d-vm-connectivity-b" classname="Tests" status="skipped" time="0">
              <skipped message="skipped"></skipped>
          </testcase>
          <testcase name="[It] VirtualMachineConnectivity When virtual machine agents are ready changes selector in service head-45bdb83d-vm-connectivity-a with selector from service head-45bdb83d-vm-connectivity-b" classname="Tests" status="skipped" time="0">
              <skipped message="skipped"></skipped>
          </testcase>
          <testcase name="[It] VirtualMachineConnectivity When virtual machine agents are ready checks selector in service head-45bdb83d-vm-connectivity-a" classname="Tests" status="skipped" time="0">
              <skipped message="skipped"></skipped>
          </testcase>
          <testcase name="[It] VirtualMachineConnectivity When virtual machine agents are ready gets page from service head-45bdb83d-vm-connectivity-a" classname="Tests" status="skipped" time="0">
              <skipped message="skipped"></skipped>
          </testcase>
          <testcase name="[It] VirtualMachineConnectivity When virtual machine agents are ready changes back selector in service head-45bdb83d-vm-connectivity-a" classname="Tests" status="skipped" time="0">
              <skipped message="skipped"></skipped>
          </testcase>
          <testcase name="[It] VirtualMachineConnectivity When virtual machine agents are ready checks selector in service head-45bdb83d-vm-connectivity-a" classname="Tests" status="skipped" time="0">
              <skipped message="skipped"></skipped>
          </testcase>
          <testcase name="[It] VirtualMachineConnectivity When test is completed deletes test case resources" classname="Tests" status="skipped" time="0">
              <skipped message="skipped"></skipped>
          </testcase>
          <testcase name="[It] VirtualMachineRestoreSafe When the virtualization resources are applied result should be succeeded [SIG-Restoration]" classname="Tests" status="skipped" time="0">
              <skipped message="skipped"></skipped>
          </testcase>
          <testcase name="[It] VirtualMachineRestoreSafe When the virtualization resources are applied checks the resources phase [SIG-Restoration]" classname="Tests" status="skipped" time="0">
              <skipped message="skipped"></skipped>
          </testcase>
          <testcase name="[It] VirtualMachineRestoreSafe When the virtualization resources are applied add additional interface to virtual machines [SIG-Restoration]" classname="Tests" status="skipped" time="0">
              <skipped message="skipped"></skipped>
          </testcase>
          <testcase name="[It] VirtualMachineRestoreSafe When the resources are ready to use restore the `VirtualMachines` with `Safe` mode [SIG-Restoration]" classname="Tests" status="skipped" time="0">
              <skipped message="skipped"></skipped>
          </testcase>
          <testcase name="[It] VirtualMachineRestoreSafe When the resources are ready to use check the .status.networks of each VM after restore [SIG-Restoration]" classname="Tests" status="skipped" time="0">
              <skipped message="skipped"></skipped>
          </testcase>
          <testcase name="[It] VirtualMachineRestoreSafe When test is completed deletes test case resources [SIG-Restoration]" classname="Tests" status="skipped" time="0">
              <skipped message="skipped"></skipped>
          </testcase>
          <testcase name="[It] VirtualDiskSnapshots When virtualization resources are applied: result should be succeeded" classname="Tests" status="skipped" time="0">
              <skipped message="skipped"></skipped>
          </testcase>
          <testcase name="[It] VirtualDiskSnapshots When virtual images are applied: checks VIs phases" classname="Tests" status="skipped" time="0">
              <skipped message="skipped"></skipped>
          </testcase>
          <testcase name="[It] VirtualDiskSnapshots When virtual disks are applied: checks VDs phases" classname="Tests" status="skipped" time="0">
              <skipped message="skipped"></skipped>
          </testcase>
          <testcase name="[It] VirtualDiskSnapshots When virtual machines are applied: checks VMs phases" classname="Tests" status="skipped" time="0">
              <skipped message="skipped"></skipped>
          </testcase>
          <testcase name="[It] VirtualDiskSnapshots When virtual machine block device attachments are applied: checks VMBDAs phases" classname="Tests" status="skipped" time="0">
              <skipped message="skipped"></skipped>
          </testcase>
          <testcase name="[It] VirtualDiskSnapshots When unattached VDs in phase Ready: creates VDs snapshots with `requiredConsistency`" classname="Tests" status="skipped" time="0">
              <skipped message="skipped"></skipped>
          </testcase>
          <testcase name="[It] VirtualDiskSnapshots When unattached VDs in phase Ready: checks snapshots of unattached VDs" classname="Tests" status="skipped" time="0">
              <skipped message="skipped"></skipped>
          </testcase>
          <testcase name="[It] VirtualDiskSnapshots When virtual machines in Running phase creates snapshots with `requiredConsistency` of attached VDs" classname="Tests" status="skipped" time="0">
              <skipped message="skipped"></skipped>
          </testcase>
          <testcase name="[It] VirtualDiskSnapshots When virtual machines in Running phase creates `vdSnapshots` concurrently" classname="Tests" status="skipped" time="0">
              <skipped message="skipped"></skipped>
          </testcase>
          <testcase name="[It] VirtualDiskSnapshots When virtual machines in Running phase checks snapshots" classname="Tests" status="skipped" time="0">
              <skipped message="skipped"></skipped>
          </testcase>
          <testcase name="[It] VirtualDiskSnapshots When virtual machines in Running phase checks `FileSystemFrozen` status of VMs" classname="Tests" status="skipped" time="0">
              <skipped message="skipped"></skipped>
          </testcase>
          <testcase name="[It] VirtualDiskSnapshots When test is completed deletes test case resources" classname="Tests" status="skipped" time="0">
              <skipped message="skipped"></skipped>
          </testcase>
          <testcase name="[It] VirtualMachineMigration When resources are applied result should be succeeded [SIG-Migration]" classname="Tests" status="skipped" time="0">
              <skipped message="skipped"></skipped>
          </testcase>
          <testcase name="[It] VirtualMachineMigration When virtual machines are applied checks VMs phases [SIG-Migration]" classname="Tests" status="skipped" time="0">
              <skipped message="skipped"></skipped>
          </testcase>
          <testcase name="[It] VirtualMachineMigration When virtual machine agents are ready starts migrations [SIG-Migration]" classname="Tests" status="skipped" time="0">
              <skipped message="skipped"></skipped>
          </testcase>
          <testcase name="[It] VirtualMachineMigration When VMs migrations are applied checks VMs and VMOPs phases [SIG-Migration]" classname="Tests" status="skipped" time="0">
              <skipped message="skipped"></skipped>
          </testcase>
          <testcase name="[It] VirtualMachineMigration When VMs migrations are applied checks VMs external connection after migrations [SIG-Migration]" classname="Tests" status="skipped" time="0">
              <skipped message="skipped"></skipped>
          </testcase>
          <testcase name="[It] VirtualMachineMigration When test is completed deletes test case resources [SIG-Migration]" classname="Tests" status="skipped" time="0">
              <skipped message="skipped"></skipped>
          </testcase>
          <testcase name="[It] VirtualMachineCancelMigration Cancel migrate [SIG-Migration]" classname="Tests" status="skipped" time="0">
              <skipped message="skipped"></skipped>
          </testcase>
          <testcase name="[It] [sig-storage] Volume migration with local disks should be successful when only root disk on local storage [SIG-Storage]" classname="Tests" status="skipped" time="0">
              <skipped message="skipped"></skipped>
          </testcase>
          <testcase name="[It] [sig-storage] Volume migration with local disks should be successful when root disk on local storage and one additional disk [SIG-Storage]" classname="Tests" status="skipped" time="0">
              <skipped message="skipped"></skipped>
          </testcase>
          <testcase name="[It] [sig-storage] Volume migration with local disks should be successful when only additional disk on local storage [SIG-Storage]" classname="Tests" status="skipped" time="0">
              <skipped message="skipped"></skipped>
          </testcase>
          <testcase name="[It] [sig-storage] Volume migration with local disks should be reverted when only root disk on local storage [SIG-Storage]" classname="Tests" status="skipped" time="0">
              <skipped message="skipped"></skipped>
          </testcase>
          <testcase name="[It] [sig-storage] Volume migration with local disks should be reverted when root disk on local storage and one additional disk [SIG-Storage]" classname="Tests" status="skipped" time="0">
              <skipped message="skipped"></skipped>
          </testcase>
          <testcase name="[It] [sig-storage] Volume migration with local disks should be reverted when only additional disk on local storage [SIG-Storage]" classname="Tests" status="skipped" time="0">
              <skipped message="skipped"></skipped>
          </testcase>
          <testcase name="[It] [sig-storage] Volume migration with local disks should be successful two migrations in a row [SIG-Storage]" classname="Tests" status="skipped" time="0">
              <skipped message="skipped"></skipped>
          </testcase>
          <testcase name="[It] [sig-storage] Volume migration with local disks should be reverted first and completed second [SIG-Storage]" classname="Tests" status="skipped" time="0">
              <skipped message="skipped"></skipped>
          </testcase>
          <testcase name="[It] [sig-storage] Volume migration with local disks should be reverted because virtual machine stopped when virtual machine deleting [SIG-Storage]" classname="Tests" status="skipped" time="0">
              <skipped message="skipped"></skipped>
          </testcase>
          <testcase name="[It] [sig-storage] Volume migration with local disks should be reverted because virtual machine stopped when virtual machine stopped from OS [SIG-Storage]" classname="Tests" status="skipped" time="0">
              <skipped message="skipped"></skipped>
          </testcase>
          <testcase name="[It] [sig-storage] Volume migration with local disks Migrate to not matched node should reverted because migration canceled when pod pending [SIG-Storage]" classname="Tests" status="skipped" time="0">
              <skipped message="skipped"></skipped>
          </testcase>
          <testcase name="[It] [sig-storage] Volume migration with local disks should be failed with RWO VMBDA [SIG-Storage]" classname="Tests" status="skipped" time="0">
              <skipped message="skipped"></skipped>
          </testcase>
          <testcase name="[It] VirtualMachineRestoreForce When the virtualization resources are applied result should be succeeded [SIG-Restoration]" classname="Tests" status="skipped" time="0">
              <skipped message="skipped"></skipped>
          </testcase>
          <testcase name="[It] VirtualMachineRestoreForce When the virtualization resources are applied checks the resources phase [SIG-Restoration]" classname="Tests" status="skipped" time="0">
              <skipped message="skipped"></skipped>
          </testcase>
          <testcase name="[It] VirtualMachineRestoreForce When the virtualization resources are applied add additional interface to virtual machines [SIG-Restoration]" classname="Tests" status="skipped" time="0">
              <skipped message="skipped"></skipped>
          </testcase>
          <testcase name="[It] VirtualMachineRestoreForce When the resources are ready to use restore the `VirtualMachines` with `forced` mode [SIG-Restoration]" classname="Tests" status="skipped" time="0">
              <skipped message="skipped"></skipped>
          </testcase>
          <testcase name="[It] VirtualMachineRestoreForce When the resources are ready to use check the .status.networks of each VM after restore [SIG-Restoration]" classname="Tests" status="skipped" time="0">
              <skipped message="skipped"></skipped>
          </testcase>
          <testcase name="[It] VirtualMachineRestoreForce When test is completed deletes test case resources [SIG-Restoration]" classname="Tests" status="skipped" time="0">
              <skipped message="skipped"></skipped>
          </testcase>
          <testcase name="[It] VirtualMachineAffinityAndToleration When the virtualization resources are applied: result should be succeeded" classname="Tests" status="skipped" time="0">
              <skipped message="skipped"></skipped>
          </testcase>
          <testcase name="[It] VirtualMachineAffinityAndToleration When the virtualization resources are applied: checks the resources phase" classname="Tests" status="skipped" time="0">
              <skipped message="skipped"></skipped>
          </testcase>
          <testcase name="[It] VirtualMachineAffinityAndToleration When the virtual machines agents are ready checks the `status.nodeName` field of the `VirtualMachines`" classname="Tests" status="skipped" time="0">
              <skipped message="skipped"></skipped>
          </testcase>
          <testcase name="[It] VirtualMachineAffinityAndToleration When the virtual machine `node-selector` agent is ready sets the `spec.nodeSelector` field" classname="Tests" status="skipped" time="0">
              <skipped message="skipped"></skipped>
          </testcase>
          <testcase name="[It] VirtualMachineAffinityAndToleration When the virtual machine `node-affinity` agent is ready sets the `spec.affinity.nodeAffinity` field" classname="Tests" status="skipped" time="0">
              <skipped message="skipped"></skipped>
          </testcase>
          <testcase name="[It] VirtualMachineAffinityAndToleration When test is completed deletes test case resources" classname="Tests" status="skipped" time="0">
              <skipped message="skipped"></skipped>
          </testcase>
          <testcase name="[It] VirtualDiskResizing When the resources are applied result should be succeeded" classname="Tests" status="skipped" time="0">
              <skipped message="skipped"></skipped>
          </testcase>
          <testcase name="[It] VirtualDiskResizing When the virtual images are applied checks `VirtualImages` phase" classname="Tests" status="skipped" time="0">
              <skipped message="skipped"></skipped>
          </testcase>
          <testcase name="[It] VirtualDiskResizing When the virtual disks are applied checks `VirtualDisks` phase" classname="Tests" status="skipped" time="0">
              <skipped message="skipped"></skipped>
          </testcase>
          <testcase name="[It] VirtualDiskResizing When the virtual machine are applied checks `VirtualMachine` phase" classname="Tests" status="skipped" time="0">
              <skipped message="skipped"></skipped>
          </testcase>
          <testcase name="[It] VirtualDiskResizing When the virtual machine are applied retrieves the test objects" classname="Tests" status="skipped" time="0">
              <skipped message="skipped"></skipped>
          </testcase>
          <testcase name="[It] VirtualDiskResizing When the virtual machine block device attachment is applied checks `VirtualMachineBlockDeviceAttachment` phase" classname="Tests" status="skipped" time="0">
              <skipped message="skipped"></skipped>
          </testcase>
          <testcase name="[It] VirtualDiskResizing Resizing When the virtual machine is ready obtains the disks metadata before resizing" classname="Tests" status="skipped" time="0">
              <skipped message="skipped"></skipped>
          </testcase>
          <testcase name="[It] VirtualDiskResizing Resizing When the virtual machine is ready resizes the disks" classname="Tests" status="skipped" time="0">
              <skipped message="skipped"></skipped>
          </testcase>
          <testcase name="[It] VirtualDiskResizing Resizing When the virtual machine is ready checks `VirtualDisks`, `VirtualMachine` and `VirtualMachineBlockDeviceAttachment` phases" classname="Tests" status="skipped" time="0">
              <skipped message="skipped"></skipped>
          </testcase>
          <testcase name="[It] VirtualDiskResizing Resizing When the virtual machine is ready obtains and compares the disks metadata after resizing" classname="Tests" status="skipped" time="0">
              <skipped message="skipped"></skipped>
          </testcase>
          <testcase name="[It] VirtualDiskResizing When test is completed deletes test case resources" classname="Tests" status="skipped" time="0">
              <skipped message="skipped"></skipped>
          </testcase>
          <testcase name="[It] ComplexTest When virtualization resources are applied result should be succeeded [Serial]" classname="Tests" status="skipped" time="0">
              <skipped message="skipped"></skipped>
          </testcase>
          <testcase name="[It] ComplexTest When virtualization resources are applied should fill empty virtualMachineClassName with the default class name [Serial]" classname="Tests" status="skipped" time="0">
              <skipped message="skipped"></skipped>
          </testcase>
          <testcase name="[It] ComplexTest When virtual images are applied checks VIs phases [Serial]" classname="Tests" status="skipped" time="0">
              <skipped message="skipped"></skipped>
          </testcase>
          <testcase name="[It] ComplexTest When cluster virtual images are applied checks CVIs phases [Serial]" classname="Tests" status="skipped" time="0">
              <skipped message="skipped"></skipped>
          </testcase>
          <testcase name="[It] ComplexTest When virtual machine classes are applied checks VMClasses phases [Serial]" classname="Tests" status="skipped" time="0">
              <skipped message="skipped"></skipped>
          </testcase>
          <testcase name="[It] ComplexTest When virtual machines IP addresses are applied patches custom VMIP with unassigned address [Serial]" classname="Tests" status="skipped" time="0">
              <skipped message="skipped"></skipped>
          </testcase>
          <testcase name="[It] ComplexTest When virtual machines IP addresses are applied checks VMIPs phases [Serial]" classname="Tests" status="skipped" time="0">
              <skipped message="skipped"></skipped>
          </testcase>
          <testcase name="[It] ComplexTest When virtual disks are applied checks VDs phases with consumers [Serial]" classname="Tests" status="skipped" time="0">
              <skipped message="skipped"></skipped>
          </testcase>
          <testcase name="[It] ComplexTest When virtual disks are applied checks VDs phases with no consumers [Serial]" classname="Tests" status="skipped" time="0">
              <skipped message="skipped"></skipped>
          </testcase>
          <testcase name="[It] ComplexTest When virtual machines are applied checks VMs phases [Serial]" classname="Tests" status="skipped" time="0">
              <skipped message="skipped"></skipped>
          </testcase>
          <testcase name="[It] ComplexTest When virtual machine block device attachments are applied checks VMBDAs phases [Serial]" classname="Tests" status="skipped" time="0">
              <skipped message="skipped"></skipped>
          </testcase>
          <testcase name="[It] ComplexTest External connection When Virtual machine agents are ready checks VMs external connectivity [Serial]" classname="Tests" status="skipped" time="0">
              <skipped message="skipped"></skipped>
          </testcase>
          <testcase name="[It] ComplexTest Power state checks Verify that the virtual machines are stopping by VMOPs stops VMs by VMOPs [Serial]" classname="Tests" status="skipped" time="0">
              <skipped message="skipped"></skipped>
          </testcase>
          <testcase name="[It] ComplexTest Power state checks Verify that the virtual machines are stopping by VMOPs checks VMOPs and VMs phases [Serial]" classname="Tests" status="skipped" time="0">
              <skipped message="skipped"></skipped>
          </testcase>
          <testcase name="[It] ComplexTest Power state checks Verify that the virtual machines are stopping by VMOPs cleanup AlwaysOn VM VMOPs [Serial]" classname="Tests" status="skipped" time="0">
              <skipped message="skipped"></skipped>
          </testcase>
          <testcase name="[It] ComplexTest Power state checks Verify that the virtual machines are starting starts VMs by VMOP [Serial]" classname="Tests" status="skipped" time="0">
              <skipped message="skipped"></skipped>
          </testcase>
          <testcase name="[It] ComplexTest Power state checks Verify that the virtual machines are starting checks VMs and VMOPs phases [Serial]" classname="Tests" status="skipped" time="0">
              <skipped message="skipped"></skipped>
          </testcase>
          <testcase name="[It] ComplexTest Power state checks Verify that the virtual machines are stopping by ssh stops VMs by ssh [Serial]" classname="Tests" status="skipped" time="0">
              <skipped message="skipped"></skipped>
          </testcase>
          <testcase name="[It] ComplexTest Power state checks Verify that the virtual machines are stopping by ssh checks VMs phases [Serial]" classname="Tests" status="skipped" time="0">
              <skipped message="skipped"></skipped>
          </testcase>
          <testcase name="[It] ComplexTest Power state checks Verify that the virtual machines are stopping by ssh start not AlwaysOn VMs [Serial]" classname="Tests" status="skipped" time="0">
              <skipped message="skipped"></skipped>
          </testcase>
          <testcase name="[It] ComplexTest Power state checks Verify that the virtual machines are stopping by ssh checks VMs and VMOPs phases [Serial]" classname="Tests" status="skipped" time="0">
              <skipped message="skipped"></skipped>
          </testcase>
          <testcase name="[It] ComplexTest Power state checks Verify that the virtual machines are restarting by VMOP reboot VMs by VMOP [Serial]" classname="Tests" status="skipped" time="0">
              <skipped message="skipped"></skipped>
          </testcase>
          <testcase name="[It] ComplexTest Power state checks Verify that the virtual machines are restarting by VMOP checks VMs and VMOPs phases [Serial]" classname="Tests" status="skipped" time="0">
              <skipped message="skipped"></skipped>
          </testcase>
          <testcase name="[It] ComplexTest Power state checks Verify that the virtual machines are restarting by ssh reboot VMs by ssh [Serial]" classname="Tests" status="skipped" time="0">
              <skipped message="skipped"></skipped>
          </testcase>
          <testcase name="[It] ComplexTest Power state checks Verify that the virtual machines are restarting after deleting their pods reboots the VMs by deleting their pods [Serial]" classname="Tests" status="skipped" time="0">
              <skipped message="skipped"></skipped>
          </testcase>
          <testcase name="[It] ComplexTest Power state checks Verify that the virtual machines are restarting after deleting their pods checks VMs external connection after reboot [Serial]" classname="Tests" status="skipped" time="0">
              <skipped message="skipped"></skipped>
          </testcase>
          <testcase name="[It] ComplexTest Migrations When Virtual machine agents are ready starts migrations [Serial]" classname="Tests" status="skipped" time="0">
              <skipped message="skipped"></skipped>
          </testcase>
          <testcase name="[It] ComplexTest Migrations When VMs migrations are applied checks VMs and VMOPs phases [Serial]" classname="Tests" status="skipped" time="0">
              <skipped message="skipped"></skipped>
          </testcase>
          <testcase name="[It] ComplexTest Migrations When VMs migrations are applied checks VMs external connection after migrations [Serial]" classname="Tests" status="skipped" time="0">
              <skipped message="skipped"></skipped>
          </testcase>
          <testcase name="[It] ComplexTest When test is completed deletes test case resources [Serial]" classname="Tests" status="skipped" time="0">
              <skipped message="skipped"></skipped>
          </testcase>
          <testcase name="[It] VirtualMachineAdditionalNetworkInterfaces When resources are applied result should be succeeded [SIG-Migration]" classname="Tests" status="skipped" time="0">
              <skipped message="skipped"></skipped>
          </testcase>
          <testcase name="[It] VirtualMachineAdditionalNetworkInterfaces When virtual machines are applied checks VMs phases [SIG-Migration]" classname="Tests" status="skipped" time="0">
              <skipped message="skipped"></skipped>
          </testcase>
          <testcase name="[It] VirtualMachineAdditionalNetworkInterfaces When virtual machines are applied checks network availability [SIG-Migration]" classname="Tests" status="skipped" time="0">
              <skipped message="skipped"></skipped>
          </testcase>
          <testcase name="[It] VirtualMachineAdditionalNetworkInterfaces When virtual machine agents and network are ready starts migrations [SIG-Migration]" classname="Tests" status="skipped" time="0">
              <skipped message="skipped"></skipped>
          </testcase>
          <testcase name="[It] VirtualMachineAdditionalNetworkInterfaces When VMs migrations are applied checks VMs and VMOPs phases [SIG-Migration]" classname="Tests" status="skipped" time="0">
              <skipped message="skipped"></skipped>
          </testcase>
          <testcase name="[It] VirtualMachineAdditionalNetworkInterfaces When VMs migrations are applied checks VMs external connection after migrations [SIG-Migration]" classname="Tests" status="skipped" time="0">
              <skipped message="skipped"></skipped>
          </testcase>
          <testcase name="[It] VirtualMachineAdditionalNetworkInterfaces When VMs migrations are applied checks network availability after migrations [SIG-Migration]" classname="Tests" status="skipped" time="0">
              <skipped message="skipped"></skipped>
          </testcase>
          <testcase name="[It] VirtualMachineAdditionalNetworkInterfaces When test is completed deletes test case resources [SIG-Migration]" classname="Tests" status="skipped" time="0">
              <skipped message="skipped"></skipped>
          </testcase>
          <testcase name="[It] VirtualMachineVersions When virtualization resources are applied: result should be succeeded" classname="Tests" status="skipped" time="0">
              <skipped message="skipped"></skipped>
          </testcase>
          <testcase name="[It] VirtualMachineVersions When virtual disks are applied: checks VDs phases" classname="Tests" status="skipped" time="0">
              <skipped message="skipped"></skipped>
          </testcase>
          <testcase name="[It] VirtualMachineVersions When virtual machines are applied: checks VMs phases" classname="Tests" status="skipped" time="0">
              <skipped message="skipped"></skipped>
          </testcase>
          <testcase name="[It] VirtualMachineVersions When virtual machines are ready: has qemu version in the status" classname="Tests" status="skipped" time="0">
              <skipped message="skipped"></skipped>
          </testcase>
          <testcase name="[It] VirtualMachineVersions When virtual machines are ready: has libvirt version in the status" classname="Tests" status="skipped" time="0">
              <skipped message="skipped"></skipped>
          </testcase>
          <testcase name="[It] VirtualMachineVersions When test is completed deletes test case resources" classname="Tests" status="skipped" time="0">
              <skipped message="skipped"></skipped>
          </testcase>
          <testcase name="[SynchronizedAfterSuite]" classname="Tests" status="failed" time="0.276499541">
              <failure message="Expected success, but got an error:&#xA;    &lt;*errors.joinError | 0x140009ac300&gt;: &#xA;    the container &#34;virtualization-controller&#34; was restarted: virtualization-controller-5cc678446-bs2nn&#xA;    the container &#34;virtualization-controller&#34; was not found: virtualization-controller-77d6d5cf5d-2djfl&#xA;    {&#xA;        errs: [&#xA;            &lt;*errors.joinError | 0x140009ac2e8&gt;{&#xA;                errs: [&#xA;                    &lt;*errors.errorString | 0x14000886440&gt;{&#xA;                        s: &#34;the container \&#34;virtualization-controller\&#34; was restarted: virtualization-controller-5cc678446-bs2nn&#34;,&#xA;                    },&#xA;                ],&#xA;            },&#xA;            &lt;*errors.errorString | 0x14000886470&gt;{&#xA;                s: &#34;the container \&#34;virtualization-controller\&#34; was not found: virtualization-controller-77d6d5cf5d-2djfl&#34;,&#xA;            },&#xA;        ],&#xA;    }" type="failed">[FAILED] Expected success, but got an error:&#xA;    &lt;*errors.joinError | 0x140009ac300&gt;: &#xA;    the container &#34;virtualization-controller&#34; was restarted: virtualization-controller-5cc678446-bs2nn&#xA;    the container &#34;virtualization-controller&#34; was not found: virtualization-controller-77d6d5cf5d-2djfl&#xA;    {&#xA;        errs: [&#xA;            &lt;*errors.joinError | 0x140009ac2e8&gt;{&#xA;                errs: [&#xA;                    &lt;*errors.errorString | 0x14000886440&gt;{&#xA;                        s: &#34;the container \&#34;virtualization-controller\&#34; was restarted: virtualization-controller-5cc678446-bs2nn&#34;,&#xA;                    },&#xA;                ],&#xA;            },&#xA;            &lt;*errors.errorString | 0x14000886470&gt;{&#xA;                s: &#34;the container \&#34;virtualization-controller\&#34; was not found: virtualization-controller-77d6d5cf5d-2djfl&#34;,&#xA;            },&#xA;        ],&#xA;    }&#xA;In [SynchronizedAfterSuite] at: /Users/antont/ansible_deckhouse/virtualization-full/tests/e2e/e2e_test.go:183 @ 10/08/25 23:10:44.554&#xA;</failure>
              <system-err>&gt; Enter [SynchronizedAfterSuite] TOP-LEVEL - /Users/antont/ansible_deckhouse/virtualization-full/tests/e2e/e2e_test.go:182 @ 10/08/25 23:10:44.277&#xA;&lt; Exit [SynchronizedAfterSuite] TOP-LEVEL - /Users/antont/ansible_deckhouse/virtualization-full/tests/e2e/e2e_test.go:182 @ 10/08/25 23:10:44.277 (0s)&#xA;&gt; Enter [SynchronizedAfterSuite] TOP-LEVEL - /Users/antont/ansible_deckhouse/virtualization-full/tests/e2e/e2e_test.go:182 @ 10/08/25 23:10:44.277&#xA;[FAILED] Expected success, but got an error:&#xA;    &lt;*errors.joinError | 0x140009ac300&gt;: &#xA;    the container &#34;virtualization-controller&#34; was restarted: virtualization-controller-5cc678446-bs2nn&#xA;    the container &#34;virtualization-controller&#34; was not found: virtualization-controller-77d6d5cf5d-2djfl&#xA;    {&#xA;        errs: [&#xA;            &lt;*errors.joinError | 0x140009ac2e8&gt;{&#xA;                errs: [&#xA;                    &lt;*errors.errorString | 0x14000886440&gt;{&#xA;                        s: &#34;the container \&#34;virtualization-controller\&#34; was restarted: virtualization-controller-5cc678446-bs2nn&#34;,&#xA;                    },&#xA;                ],&#xA;            },&#xA;            &lt;*errors.errorString | 0x14000886470&gt;{&#xA;                s: &#34;the container \&#34;virtualization-controller\&#34; was not found: virtualization-controller-77d6d5cf5d-2djfl&#34;,&#xA;            },&#xA;        ],&#xA;    }&#xA;In [SynchronizedAfterSuite] at: /Users/antont/ansible_deckhouse/virtualization-full/tests/e2e/e2e_test.go:183 @ 10/08/25 23:10:44.554&#xA;&lt; Exit [SynchronizedAfterSuite] TOP-LEVEL - /Users/antont/ansible_deckhouse/virtualization-full/tests/e2e/e2e_test.go:182 @ 10/08/25 23:10:44.554 (276ms)&#xA;</system-err>
          </testcase>
          <testcase name="[DeferCleanup (Suite)]" classname="Tests" status="passed" time="3.6857577089999998">
              <system-err>&gt; Enter [DeferCleanup (Suite)] TOP-LEVEL - /Users/antont/ansible_deckhouse/virtualization-full/tests/e2e/e2e_test.go:175 @ 10/08/25 23:10:44.554&#xA;&lt; Exit [DeferCleanup (Suite)] TOP-LEVEL - /Users/antont/ansible_deckhouse/virtualization-full/tests/e2e/e2e_test.go:175 @ 10/08/25 23:10:48.24 (3.686s)&#xA;</system-err>
          </testcase>
      </testsuite>
  </testsuites>